2.063520252704620361e-02
9.092674851417541504e-01
8.131307363510131836e-02
7.858556509017944336e-01
1.449053585529327393e-01
3.186244517564773560e-02
5.075683593750000000e-01
2.650042176246643066e-01
8.824225664138793945e-01
8.011624962091445923e-02
2.982463538646697998e-01
1.920850723981857300e-01
7.654845118522644043e-01
4.548867642879486084e-01
1.167371720075607300e-01
3.666173517704010010e-01
2.881231009960174561e-01
7.441872358322143555e-01
9.595379829406738281e-01
2.448949515819549561e-01
6.386820077896118164e-01
7.400282621383666992e-01
3.308228403329849243e-02
3.368095681071281433e-02
2.524922192096710205e-01
2.656490541994571686e-02
7.458966970443725586e-01
1.430269181728363037e-01
3.485361933708190918e-01
4.185320734977722168e-01
2.026489526033401489e-01
1.405914500355720520e-02
8.786605000495910645e-01
5.379873141646385193e-02
6.529081612825393677e-02
1.437688320875167847e-01
2.642728686332702637e-01
1.421378999948501587e-01
2.519012987613677979e-01
9.130990505218505859e-01
1.709755361080169678e-01
1.185946837067604065e-01
3.873178362846374512e-02
3.569728881120681763e-02
3.689556568861007690e-02
2.099699378013610840e-01
3.222524523735046387e-01
5.845896601676940918e-01
1.473119482398033142e-02
8.060912489891052246e-01
7.648473978042602539e-02
2.343971841037273407e-02
1.740291863679885864e-01
3.201307058334350586e-01
1.106221154332160950e-01
5.470832064747810364e-02
7.454654574394226074e-01
4.009199142456054688e-02
2.455643936991691589e-02
9.919933974742889404e-02
2.992499470710754395e-01
1.553699970245361328e-01
6.339400261640548706e-02
6.512859463691711426e-02
5.283514037728309631e-02
1.728585362434387207e-01
4.675329849123954773e-02
5.987317860126495361e-02
3.207433521747589111e-01
2.666533291339874268e-01
2.086686156690120697e-02
5.799352526664733887e-01
4.184672534465789795e-01
3.648027777671813965e-02
2.765635848045349121e-01
6.018725037574768066e-02
1.781092770397663116e-02
1.389568671584129333e-02
1.328936517238616943e-01
4.972871392965316772e-02
9.296065568923950195e-01
3.896904587745666504e-01
8.018310666084289551e-01
4.846217036247253418e-01
9.148781895637512207e-01
7.176046371459960938e-01
6.814204156398773193e-02
7.259937375783920288e-02
3.650021553039550781e-01
3.311977535486221313e-02
4.328416585922241211e-01
5.225724354386329651e-02
7.487999647855758667e-02
5.218444466590881348e-01
6.326631307601928711e-01
5.026404857635498047e-01
5.151180624961853027e-01
9.302228093147277832e-01
4.630667716264724731e-02
1.481104195117950439e-01
4.169490635395050049e-01
1.083647832274436951e-01
4.027680754661560059e-01
1.889940053224563599e-01
2.614502608776092529e-01
1.100466847419738770e-01
8.695378899574279785e-02
5.566769838333129883e-01
4.541535675525665283e-01
2.066028565168380737e-01
2.369474321603775024e-01
2.309818752110004425e-02
4.291459172964096069e-02
9.175990819931030273e-01
2.253082394599914551e-01
6.826625764369964600e-02
8.666153550148010254e-01
5.064341798424720764e-02
6.301195174455642700e-02
5.509583353996276855e-01
1.041995082050561905e-02
8.460631966590881348e-02
1.715183258056640625e-01
6.431723833084106445e-01
7.961649894714355469e-01
7.748859375715255737e-02
3.730214387178421021e-02
2.289891690015792847e-01
2.267976477742195129e-02
5.285014957189559937e-02
9.039344191551208496e-01
1.338678449392318726e-01
9.119487404823303223e-01
1.888614743947982788e-01
3.838942945003509521e-01
3.504029214382171631e-01
9.350780844688415527e-01
2.426449358463287354e-01
4.725767076015472412e-01
3.194369003176689148e-02
5.429034829139709473e-01
7.051720023155212402e-01
5.594716072082519531e-01
3.070974051952362061e-01
2.099110931158065796e-01
2.765294723212718964e-02
5.223868489265441895e-01
4.034769535064697266e-01
5.271087288856506348e-01
1.266569346189498901e-01
2.845218032598495483e-02
1.198327913880348206e-01
7.708637416362762451e-02
2.081477195024490356e-01
6.329911947250366211e-02
1.106609106063842773e-01
2.253139019012451172e-01
2.297766804695129395e-01
2.007156014442443848e-01
6.257398128509521484e-01
3.384881019592285156e-01
6.134300231933593750e-01
2.995766326785087585e-02
2.145636975765228271e-01
9.056690335273742676e-01
5.702744126319885254e-01
1.586251258850097656e-01
3.248108029365539551e-01
1.668711304664611816e-01
2.856618165969848633e-01
7.090374827384948730e-02
3.810907527804374695e-02
5.562195777893066406e-01
4.046596884727478027e-01
5.964596197009086609e-02
7.728491425514221191e-01
1.688910722732543945e-01
2.975581213831901550e-02
6.409337520599365234e-01
7.649789750576019287e-02
1.132666915655136108e-01
3.799478337168693542e-02
1.152825281023979187e-01
1.847557574510574341e-01
2.174732983112335205e-01
1.028793975710868835e-01
1.881911754608154297e-01
5.485220551490783691e-01
3.074316382408142090e-01
5.307524204254150391e-01
2.435200475156307220e-02
5.650718212127685547e-01
1.142209023237228394e-01
7.667071223258972168e-01
1.812732964754104614e-01
5.293373465538024902e-01
2.120286785066127777e-02
3.089222013950347900e-01
3.222100138664245605e-01
1.982925273478031158e-02
2.300766669213771820e-02
1.564256846904754639e-01
8.261547088623046875e-01
1.151181384921073914e-01
7.079381346702575684e-01
8.336260318756103516e-01
3.672714531421661377e-01
1.096299588680267334e-01
9.681076407432556152e-01
9.165764600038528442e-02
2.861651480197906494e-01
2.147207967936992645e-02
3.161890804767608643e-01
6.311466097831726074e-01
3.369585871696472168e-01
1.707908138632774353e-02
5.168421268463134766e-01
4.212769269943237305e-01
7.237837910652160645e-01
6.257627159357070923e-02
9.227473139762878418e-01
9.263905286788940430e-01
4.851912856101989746e-01
4.570352286100387573e-02
9.615095704793930054e-02
7.251866161823272705e-02
6.293193101882934570e-01
5.932705998420715332e-01
8.970288187265396118e-02
2.862513065338134766e-01
5.659579038619995117e-01
8.641480803489685059e-01
8.715942502021789551e-02
8.651605844497680664e-01
8.577582240104675293e-01
3.388139605522155762e-01
5.747591853141784668e-01
9.278538823127746582e-01
1.240075975656509399e-01
2.885802984237670898e-01
8.382861614227294922e-01
2.847770452499389648e-01
6.141356825828552246e-01
3.782469779253005981e-02
1.468097716569900513e-01
2.513437271118164062e-01
4.748445749282836914e-02
9.379425048828125000e-01
7.720474153757095337e-02
5.316857099533081055e-01
1.341903358697891235e-01
3.383745625615119934e-02
7.030428200960159302e-02
3.778186440467834473e-02
5.623343586921691895e-02
1.811012029647827148e-01
5.258841514587402344e-01
7.574646472930908203e-01
7.927750051021575928e-02
7.306626439094543457e-01
6.888303160667419434e-02
5.924206972122192383e-01
3.840188682079315186e-01
2.313772030174732208e-02
1.883540600538253784e-01
3.410657644271850586e-01
8.926163613796234131e-02
1.292908787727355957e-01
3.815996274352073669e-02
7.761484980583190918e-01
9.033042192459106445e-01
6.496191024780273438e-01
2.333853989839553833e-01
1.475035250186920166e-01
8.017793297767639160e-01
1.263332515954971313e-01
6.859978437423706055e-01
4.698099941015243530e-02
7.598109245300292969e-01
1.427196711301803589e-01
2.049979567527770996e-01
9.095715284347534180e-01
3.988225162029266357e-01
1.988512575626373291e-01
3.827125430107116699e-01
2.074061036109924316e-01
4.982774704694747925e-02
1.536294668912887573e-01
3.866053521633148193e-01
2.243772149085998535e-01
1.378539800643920898e-01
3.415583670139312744e-01
7.430867552757263184e-01
2.151196748018264771e-01
1.049273014068603516e-01
1.817360147833824158e-02
1.119004786014556885e-01
7.798270583152770996e-01
2.105469852685928345e-01
5.102392286062240601e-02
8.958432674407958984e-01
3.532731533050537109e-01
1.477549225091934204e-01
7.580791413784027100e-02
8.062309026718139648e-02
3.806157410144805908e-02
1.288121491670608521e-01
5.066716074943542480e-01
8.533129096031188965e-01
5.276843905448913574e-01
4.730378985404968262e-01
1.251429468393325806e-01
7.715759426355361938e-02
1.691795289516448975e-01
4.824430644512176514e-01
1.691153049468994141e-01
9.128255248069763184e-01
7.627353072166442871e-01
1.851483732461929321e-01
2.035239636898040771e-01
4.821649789810180664e-01
1.624086350202560425e-01
4.231536090373992920e-01
9.487695693969726562e-01
6.603790521621704102e-01
4.496515691280364990e-01
1.882674992084503174e-01
2.557783946394920349e-02
2.625669352710247040e-02
3.370273858308792114e-02
4.942640289664268494e-02
3.625157102942466736e-02
3.334556519985198975e-01
5.972218140959739685e-02
1.618937849998474121e-01
8.935890197753906250e-01
1.808762401342391968e-01
2.215296961367130280e-02
2.100613415241241455e-01
1.850650757551193237e-01
4.189309850335121155e-02
2.767843306064605713e-01
7.324278950691223145e-01
3.762307763099670410e-01
8.258859515190124512e-01
2.100274898111820221e-02
3.485983014106750488e-01
3.787465691566467285e-01
1.403194516897201538e-01
6.777749061584472656e-01
5.866425111889839172e-02
2.092873863875865936e-02
2.523872442543506622e-02
9.371817111968994141e-02
4.411969482898712158e-01
8.266215771436691284e-02
5.348481535911560059e-01
4.247139766812324524e-02
1.210037469863891602e-01
1.564376503229141235e-01
5.154065042734146118e-02
4.520737528800964355e-01
1.880603730678558350e-01
7.578559219837188721e-02
4.340851008892059326e-01
2.052311897277832031e-01
2.423135936260223389e-01
9.692248106002807617e-01
1.578853726387023926e-01
4.030887037515640259e-02
3.748262822628021240e-01
5.052438378334045410e-02
1.941603124141693115e-01
1.704299449920654297e-01
5.746555700898170471e-02
6.829598546028137207e-02
1.137649863958358765e-01
7.834293693304061890e-02
8.533599972724914551e-01
1.099553033709526062e-01
4.910946637392044067e-02
2.206514403223991394e-02
9.111440181732177734e-01
5.369515419006347656e-01
2.149455547332763672e-01
7.227537781000137329e-02
4.298069775104522705e-01
1.623843759298324585e-01
1.751310378313064575e-01
3.546106815338134766e-01
1.459261961281299591e-02
4.357618838548660278e-02
9.651525318622589111e-02
5.938643217086791992e-02
1.193543002009391785e-01
7.221887260675430298e-02
7.432797551155090332e-01
2.640945613384246826e-01
6.076219081878662109e-01
1.754221320152282715e-01
2.138968408107757568e-01
5.106889083981513977e-02
8.398349881172180176e-01
6.771004199981689453e-01
6.650412082672119141e-01
7.652260065078735352e-01
3.957502245903015137e-01
3.700422346591949463e-01
2.550181448459625244e-01
1.199166327714920044e-01
3.381714597344398499e-02
1.833721995353698730e-02
4.296620190143585205e-01
3.953206539154052734e-01
8.863196969032287598e-01
2.682419680058956146e-02
3.961795866489410400e-01
1.481967866420745850e-01
3.055410645902156830e-02
3.052802570164203644e-02
4.027637094259262085e-02
4.081956744194030762e-01
5.750200748443603516e-01
1.589338667690753937e-02
4.990417882800102234e-02
2.461089491844177246e-01
2.276808768510818481e-02
1.138100549578666687e-01
1.493450701236724854e-01
1.085145398974418640e-01
9.947828948497772217e-02
1.376479268074035645e-01
7.566547989845275879e-01
3.199891448020935059e-01
1.583216190338134766e-01
3.395413979887962341e-02
2.018049359321594238e-01
6.061103567481040955e-02
5.962249040603637695e-01
3.235434591770172119e-01
7.852078229188919067e-02
5.813160538673400879e-01
5.265512317419052124e-02
5.374627113342285156e-01
5.537872388958930969e-02
2.949615418910980225e-01
2.624530717730522156e-02
6.247117519378662109e-01
4.224766418337821960e-02
2.695186249911785126e-02
3.674201667308807373e-01
6.008886694908142090e-01
3.912675380706787109e-01
3.178581222891807556e-02
3.683957457542419434e-02
4.345175325870513916e-01
2.081942558288574219e-01
1.117276921868324280e-01
4.328095540404319763e-02
2.316749244928359985e-01
2.350575476884841919e-01
1.468889117240905762e-01
7.103382050991058350e-02
9.044878929853439331e-02
2.634772472083568573e-02
7.108376175165176392e-02
9.194726347923278809e-01
4.266962707042694092e-01
7.152392715215682983e-02
9.611851572990417480e-01
1.302479952573776245e-01
3.773680031299591064e-01
3.546119853854179382e-02
6.671555042266845703e-01
6.249192953109741211e-01
1.643036492168903351e-02
6.791755557060241699e-01
8.341745734214782715e-01
4.369350671768188477e-01
8.079799823462963104e-03
2.688668370246887207e-01
2.318915128707885742e-01
9.901703149080276489e-02
3.826227784156799316e-01
3.560080379247665405e-02
1.272732317447662354e-01
1.933515071868896484e-01
5.883279815316200256e-02
5.779437720775604248e-02
3.425076901912689209e-01
1.889622397720813751e-02
1.473425775766372681e-01
5.219797417521476746e-02
6.918275952339172363e-01
3.965422213077545166e-01
3.871028125286102295e-01
2.638893127441406250e-01
2.662656307220458984e-01
1.333398222923278809e-01
7.730783522129058838e-02
9.268986582756042480e-01
1.493550986051559448e-01
3.196962773799896240e-01
9.319723844528198242e-01
2.685099244117736816e-01
2.598924748599529266e-02
6.076658964157104492e-01
5.034532397985458374e-02
8.115826249122619629e-01
2.763068303465843201e-02
8.767686039209365845e-02
2.075691074132919312e-01
6.698446273803710938e-01
2.250580787658691406e-01
8.326537013053894043e-01
3.107795715332031250e-01
2.783189713954925537e-01
3.634533882141113281e-01
1.728523075580596924e-01
8.109380304813385010e-02
8.424749225378036499e-02
4.037098586559295654e-01
1.038390621542930603e-01
3.215380609035491943e-01
6.583257317543029785e-01
5.246594175696372986e-02
2.750485241413116455e-01
7.695247530937194824e-01
5.434225499629974365e-02
6.385322213172912598e-01
8.224225044250488281e-02
1.193363443017005920e-01
1.465803235769271851e-01
1.037350296974182129e-01
6.150324344635009766e-01
4.949943125247955322e-01
9.630699455738067627e-02
6.351026296615600586e-01
8.020457625389099121e-01
9.418561458587646484e-01
9.040463566780090332e-01
1.744339987635612488e-02
2.035218477249145508e-01
1.449562609195709229e-01
2.700248062610626221e-01
9.210838079452514648e-01
1.987998187541961670e-01
2.174939066171646118e-01
2.292984873056411743e-01
3.327893838286399841e-02
6.910216808319091797e-01
1.145812030881643295e-02
1.729421131312847137e-02
8.910620808601379395e-01
2.260888181626796722e-02
1.150000020861625671e-01
3.690712749958038330e-01
4.245430827140808105e-01
9.273439645767211914e-01
1.282137725502252579e-02
3.628258779644966125e-02
1.385817676782608032e-01
7.035609483718872070e-01
7.999660372734069824e-01
1.678507216274738312e-02
6.837502717971801758e-01
3.767773881554603577e-02
4.297622144222259521e-01
1.639766395092010498e-01
7.246649265289306641e-01
1.735865324735641479e-01
5.374368280172348022e-02
1.711642444133758545e-01
7.684462070465087891e-01
7.295551151037216187e-02
2.169207856059074402e-02
5.084429383277893066e-01
1.873511075973510742e-02
9.398790448904037476e-02
3.957026302814483643e-01
3.859442472457885742e-01
2.532947994768619537e-02
4.563952088356018066e-01
2.904255390167236328e-01
3.190915882587432861e-01
2.236242592334747314e-02
1.589319407939910889e-01
8.814482092857360840e-01
6.811731457710266113e-01
7.286277413368225098e-01
2.369261234998703003e-01
4.791490435600280762e-01
1.435172855854034424e-01
2.073979228734970093e-01
1.055605411529541016e-01
5.443238094449043274e-02
5.216266587376594543e-02
4.423207640647888184e-01
8.317705988883972168e-01
6.853632926940917969e-01
4.355191066861152649e-02
3.565148711204528809e-01
1.020112782716751099e-01
1.535711735486984253e-01
8.854959607124328613e-01
3.595586419105529785e-01
8.387023210525512695e-02
4.893729090690612793e-02
4.373049363493919373e-02
1.900976896286010742e-02
1.004670038819313049e-01
9.080727696418762207e-01
1.922708749771118164e-01
1.615668460726737976e-02
9.277031570672988892e-02
4.180591702461242676e-01
6.742290854454040527e-01
4.325018450617790222e-02
2.033322304487228394e-01
5.099986791610717773e-01
8.107733130455017090e-01
9.078902006149291992e-02
6.048123538494110107e-02
2.582867443561553955e-01
5.175635814666748047e-01
4.732646346092224121e-01
1.110129058361053467e-02
3.421044647693634033e-01
8.974465727806091309e-01
6.302511096000671387e-01
5.229257941246032715e-01
2.182604968547821045e-01
4.537836462259292603e-02
5.590593218803405762e-01
3.631466627120971680e-01
1.736820936203002930e-01
3.091465532779693604e-01
6.984741091728210449e-01
7.788100838661193848e-02
2.590256370604038239e-02
1.892078854143619537e-02
3.520718514919281006e-01
2.040588110685348511e-01
1.564296707510948181e-02
2.691255509853363037e-01
8.129460811614990234e-01
5.249826312065124512e-01
5.575001835823059082e-01
1.654810905456542969e-01
2.052664756774902344e-01
5.843618512153625488e-02
6.537388265132904053e-02
7.187662124633789062e-01
9.181142449378967285e-01
1.895998232066631317e-02
9.507862329483032227e-01
9.742174148559570312e-01
5.725021362304687500e-01
3.892067074775695801e-01
5.521996021270751953e-01
4.462566226720809937e-02
5.666132569313049316e-01
7.660424113273620605e-01
8.076611757278442383e-01
8.055379986763000488e-01
4.340213909745216370e-02
1.505024880170822144e-01
2.445814013481140137e-01
2.146663516759872437e-01
3.356840312480926514e-01
5.731350928544998169e-02
4.574463963508605957e-01
5.740998387336730957e-01
1.565151214599609375e-01
2.165466248989105225e-01
3.527361750602722168e-01
1.388521492481231689e-01
3.802644312381744385e-01
5.780657529830932617e-01
3.976066410541534424e-01
1.940211839973926544e-02
3.518961668014526367e-01
2.852926775813102722e-02
3.658967614173889160e-01
8.004964590072631836e-01
2.538975328207015991e-02
4.449315369129180908e-02
4.355817660689353943e-02
1.808050423860549927e-01
9.373849034309387207e-01
3.882795870304107666e-01
9.448174238204956055e-01
2.337071299552917480e-02
1.686359383165836334e-02
1.966637745499610901e-02
8.596386313438415527e-01
2.519085407257080078e-01
5.855102539062500000e-01
2.704011499881744385e-01
2.208992838859558105e-01
6.605222076177597046e-02
9.921494126319885254e-02
5.797162652015686035e-01
8.027933835983276367e-01
2.371794544160366058e-02
5.001557990908622742e-02
8.000659346580505371e-01
8.663994818925857544e-02
2.961177937686443329e-02
1.875886172056198120e-01
8.140286803245544434e-02
9.707666188478469849e-02
1.696042716503143311e-01
2.545787096023559570e-01
2.140561118721961975e-02
5.377085134387016296e-02
4.195057973265647888e-02
6.941833347082138062e-02
6.629052758216857910e-01
4.002269506454467773e-01
1.248078942298889160e-01
3.258427232503890991e-02
2.269482053816318512e-02
5.234605073928833008e-02
3.494314551353454590e-01
1.503101736307144165e-01
2.687624394893646240e-01
4.159368574619293213e-02
2.864157259464263916e-01
9.639356136322021484e-01
8.533305674791336060e-02
2.114454507827758789e-01
1.025405749678611755e-01
5.467509627342224121e-01
3.003091216087341309e-01
2.692909352481365204e-02
3.479868173599243164e-01
9.065813422203063965e-01
7.596665620803833008e-02
1.991441547870635986e-01
8.012725412845611572e-02
1.359410285949707031e-01
6.621043384075164795e-02
6.387049555778503418e-01
6.212926506996154785e-01
1.763904988765716553e-01
9.374107122421264648e-01
3.716796934604644775e-01
4.638310968875885010e-01
2.094102501869201660e-01
8.111274242401123047e-02
6.516960859298706055e-01
1.391131132841110229e-01
1.260700449347496033e-02
9.362396597862243652e-01
5.982847809791564941e-01
7.653137445449829102e-01
6.883770227432250977e-01
4.164808616042137146e-02
2.121063768863677979e-01
1.244688332080841064e-01
1.224998831748962402e-01
3.718042671680450439e-01
3.439000248908996582e-02
9.826546907424926758e-02
4.176561534404754639e-01
8.537866175174713135e-02
8.768879175186157227e-01
4.582442343235015869e-01
5.896821022033691406e-01
2.948037534952163696e-02
6.231901645660400391e-01
7.009858489036560059e-01
1.268298327922821045e-01
8.687962293624877930e-01
4.246386885643005371e-01
5.390020012855529785e-01
3.995937108993530273e-02
8.012923598289489746e-01
4.064770042896270752e-01
3.669134527444839478e-02
8.321925401687622070e-01
3.528047204017639160e-01
7.893350124359130859e-01
4.461111873388290405e-02
2.550425231456756592e-01
3.876628279685974121e-01
3.296660184860229492e-01
4.454206526279449463e-01
9.331949353218078613e-01
1.675545126199722290e-01
2.369903773069381714e-01
1.813773065805435181e-02
9.055396914482116699e-01
6.049950793385505676e-02
1.773628219962120056e-02
6.757785677909851074e-01
4.931785464286804199e-01
3.973605930805206299e-01
3.684427216649055481e-02
4.628604054450988770e-01
3.943044543266296387e-01
9.273940920829772949e-01
2.144931405782699585e-01
9.310678243637084961e-01
1.626015268266201019e-02
3.351016640663146973e-01
1.964388415217399597e-02
4.906098544597625732e-01
5.618162080645561218e-02
3.585637211799621582e-01
3.578507304191589355e-01
2.713079750537872314e-01
2.254438251256942749e-01
8.488620072603225708e-02
4.333372712135314941e-01
8.109419941902160645e-01
1.747918128967285156e-01
4.624928236007690430e-01
2.730153873562812805e-02
3.985680043697357178e-01
8.815845251083374023e-01
7.477237582206726074e-01
1.338815093040466309e-01
1.526282131671905518e-01
6.948391348123550415e-02
9.533401578664779663e-02
3.539580851793289185e-02
2.352036237716674805e-01
9.585524797439575195e-01
1.675324290990829468e-01
6.830853819847106934e-01
1.353161185979843140e-01
7.030467987060546875e-01
9.541272372007369995e-02
1.403973996639251709e-01
7.353630661964416504e-02
3.793016076087951660e-02
1.162283718585968018e-01
8.434149622917175293e-01
6.542782783508300781e-01
2.248562574386596680e-01
6.098576262593269348e-02
5.744903087615966797e-01
9.330144524574279785e-01
6.310210227966308594e-01
1.565328985452651978e-01
2.643121778964996338e-01
4.446198344230651855e-01
6.765664219856262207e-01
7.877987027168273926e-01
4.227645322680473328e-02
7.262542247772216797e-01
8.357680439949035645e-01
2.666350305080413818e-01
8.623089790344238281e-01
5.377933979034423828e-01
1.882513612508773804e-02
6.152909994125366211e-01
1.547961384057998657e-01
6.587678790092468262e-01
1.476541012525558472e-01
3.650951385498046875e-01
5.784834623336791992e-01
9.559948742389678955e-02
7.290807962417602539e-01
6.480174660682678223e-01
8.289412856101989746e-01
2.172310091555118561e-02
2.166946232318878174e-01
7.097979187965393066e-01
2.002438306808471680e-01
4.424683153629302979e-01
1.697715222835540771e-01
3.611284494400024414e-01
6.942432522773742676e-01
6.953893303871154785e-01
3.663257509469985962e-02
2.054237574338912964e-02
6.160083040595054626e-02
1.402453240007162094e-02
1.631581783294677734e-01
1.121396347880363464e-01
5.876620411872863770e-01
8.923385292291641235e-02
1.099606044590473175e-02
4.987937211990356445e-01
3.752687275409698486e-01
5.403757467865943909e-02
3.076953291893005371e-01
4.597348719835281372e-02
6.983993649482727051e-01
4.760736525058746338e-01
4.304123297333717346e-02
1.782277375459671021e-01
1.696239598095417023e-02
4.155115485191345215e-01
1.797547340393066406e-01
1.318524479866027832e-01
4.298832267522811890e-02
4.411151632666587830e-02
1.629451513290405273e-01
1.561098992824554443e-01
1.840395294129848480e-02
1.266109943389892578e-01
1.416696459054946899e-01
4.605948626995086670e-01
4.390974044799804688e-01
2.870639413595199585e-02
2.924913913011550903e-02
4.945681691169738770e-01
4.920225143432617188e-01
3.569390252232551575e-02
9.603118300437927246e-01
4.677979946136474609e-01
2.130329757928848267e-01
1.068746447563171387e-01
2.141229808330535889e-01
3.595850989222526550e-02
7.469702512025833130e-02
3.697049915790557861e-01
5.203590914607048035e-02
4.537277817726135254e-01
5.655623674392700195e-01
3.634936809539794922e-01
3.104201704263687134e-02
2.271389812231063843e-01
1.484337300062179565e-01
2.736342549324035645e-01
4.575939178466796875e-01
8.584271371364593506e-02
4.185539782047271729e-01
2.128271609544754028e-01
9.644224047660827637e-01
2.821851521730422974e-02
2.286519706249237061e-01
8.713177442550659180e-01
4.220342338085174561e-01
4.115123152732849121e-01
7.439647912979125977e-01
2.733965516090393066e-01
7.928380370140075684e-02
8.461319208145141602e-01
2.845306694507598877e-01
4.241198897361755371e-01
9.050357341766357422e-01
6.078619882464408875e-02
6.661272048950195312e-01
5.746685266494750977e-01
3.413504362106323242e-02
1.161927916109561920e-02
4.145126342773437500e-01
1.050300300121307373e-01
2.600921317934989929e-02
9.021005779504776001e-02
9.558659791946411133e-01
6.313619017601013184e-02
2.465048059821128845e-02
1.991912424564361572e-01
2.333162538707256317e-02
1.309718489646911621e-01
5.651960894465446472e-02
1.229515001177787781e-01
2.416003309190273285e-02
1.214064806699752808e-01
2.303494364023208618e-01
7.655880451202392578e-01
4.702125489711761475e-01
9.101869463920593262e-01
6.134996935725212097e-02
8.371249586343765259e-02
6.467069387435913086e-01
7.207450866699218750e-01
3.447331860661506653e-02
1.636958122253417969e-01
3.453840613365173340e-01
2.647759579122066498e-02
9.414194226264953613e-01
1.700577139854431152e-01
8.873292803764343262e-02
2.703714929521083832e-02
2.852123379707336426e-01
1.536166816949844360e-01
6.774812936782836914e-01
1.136564761400222778e-01
2.766841053962707520e-01
6.357491016387939453e-02
3.296501636505126953e-01
1.802170872688293457e-01
7.725105434656143188e-02
2.406184524297714233e-01
1.295012682676315308e-01
2.387981303036212921e-02
9.999570995569229126e-02
1.205905061215162277e-02
2.872312366962432861e-01
9.870558977127075195e-02
9.283111691474914551e-01
9.006754159927368164e-01
5.962696671485900879e-02
