1.743184030055999756e-02
8.977171182632446289e-01
3.679698705673217773e-02
7.515732645988464355e-01
2.003207802772521973e-01
3.857980668544769287e-02
5.421724319458007812e-01
1.824167072772979736e-01
9.129592180252075195e-01
5.613646283745765686e-02
4.525470733642578125e-01
1.985107511281967163e-01
7.846824526786804199e-01
4.725805819034576416e-01
1.392422914505004883e-01
3.283393681049346924e-01
6.342909336090087891e-01
5.391710996627807617e-01
9.586339592933654785e-01
2.342118918895721436e-01
7.540324330329895020e-01
6.752555966377258301e-01
5.482307821512222290e-02
7.482886314392089844e-02
2.455633729696273804e-01
2.435269206762313843e-02
7.697870135307312012e-01
2.347635030746459961e-01
5.519763231277465820e-01
4.201374351978302002e-01
2.411815226078033447e-01
1.426703855395317078e-02
8.563495278358459473e-01
4.863737151026725769e-02
1.710045635700225830e-01
1.356179267168045044e-01
3.557629585266113281e-01
2.667360007762908936e-01
4.309546351432800293e-01
8.974176645278930664e-01
1.713282614946365356e-01
8.381690084934234619e-02
4.138505831360816956e-02
1.222056746482849121e-01
3.847299888730049133e-02
1.438831239938735962e-01
2.953071892261505127e-01
6.794364452362060547e-01
1.260781660676002502e-02
8.268023729324340820e-01
1.368750780820846558e-01
1.586723700165748596e-02
1.985633671283721924e-01
4.941913783550262451e-01
1.570586860179901123e-01
1.143992021679878235e-01
8.106091022491455078e-01
6.197572126984596252e-02
2.060822583734989166e-02
1.445629894733428955e-01
4.637091457843780518e-01
2.395113110542297363e-01
2.580790035426616669e-02
6.773272901773452759e-02
3.425602242350578308e-02
1.427672356367111206e-01
4.188385605812072754e-02
6.532730162143707275e-02
4.206845462322235107e-01
2.680078148841857910e-01
5.122664943337440491e-02
5.730003118515014648e-01
3.346451818943023682e-01
3.235640004277229309e-02
3.611209988594055176e-01
3.760164603590965271e-02
2.578129060566425323e-02
1.229324005544185638e-02
1.690019816160202026e-01
5.776949599385261536e-02
8.712077140808105469e-01
7.651039361953735352e-01
8.763836026191711426e-01
5.611888170242309570e-01
9.163657426834106445e-01
5.313959717750549316e-01
9.358934313058853149e-02
7.856371253728866577e-02
3.702216744422912598e-01
6.540605425834655762e-02
5.589670538902282715e-01
3.665827214717864990e-02
7.060392200946807861e-02
5.721915960311889648e-01
6.219909191131591797e-01
5.987779498100280762e-01
5.989173054695129395e-01
8.329477906227111816e-01
6.142326816916465759e-02
6.922046095132827759e-02
5.329863429069519043e-01
7.235132157802581787e-02
5.863850712776184082e-01
1.733402013778686523e-01
3.687835037708282471e-01
2.263604849576950073e-01
8.917933702468872070e-02
6.120704412460327148e-01
4.358875155448913574e-01
3.363712430000305176e-01
3.414396345615386963e-01
2.393272705376148224e-02
5.420558154582977295e-02
8.788890838623046875e-01
3.455620110034942627e-01
5.584872886538505554e-02
8.490822315216064453e-01
3.824853152036666870e-02
3.224451839923858643e-01
6.495570540428161621e-01
1.067410595715045929e-02
9.555515646934509277e-02
1.072005182504653931e-01
6.883886456489562988e-01
8.394747972488403320e-01
1.630011387169361115e-02
5.934619158506393433e-02
1.549925357103347778e-01
2.728904783725738525e-02
6.345998495817184448e-02
8.804189562797546387e-01
1.483044326305389404e-01
8.900727629661560059e-01
4.021318256855010986e-01
4.409511983394622803e-01
4.603283703327178955e-01
9.137258529663085938e-01
1.132990121841430664e-01
6.185992360115051270e-01
6.370681524276733398e-02
7.498244047164916992e-01
8.075897097587585449e-01
5.849911570549011230e-01
3.272711932659149170e-01
2.528847157955169678e-01
4.369265213608741760e-02
5.462707281112670898e-01
5.024139285087585449e-01
7.070556879043579102e-01
7.657564431428909302e-02
2.702487632632255554e-02
1.748001575469970703e-01
6.446093320846557617e-02
2.620795071125030518e-01
1.070244386792182922e-01
7.992972433567047119e-02
2.235221117734909058e-01
1.095788106322288513e-01
2.475926727056503296e-01
6.520830988883972168e-01
4.115647375583648682e-01
5.672549605369567871e-01
6.112004444003105164e-02
1.842523366212844849e-01
7.760029435157775879e-01
5.396512150764465332e-01
1.545257717370986938e-01
2.652161419391632080e-01
8.617655932903289795e-02
4.095334410667419434e-01
6.995806097984313965e-02
4.183429479598999023e-02
4.880876243114471436e-01
4.762773513793945312e-01
1.113285049796104431e-01
8.925628066062927246e-01
2.674657106399536133e-01
4.067292064428329468e-02
8.030077219009399414e-01
1.910297572612762451e-01
2.562611103057861328e-01
3.124073334038257599e-02
2.518735229969024658e-01
1.949840337038040161e-01
2.909774184226989746e-01
1.770346164703369141e-01
2.707818150520324707e-01
5.633443593978881836e-01
4.880888760089874268e-01
4.311708509922027588e-01
2.781008929014205933e-02
6.885045766830444336e-01
1.064855307340621948e-01
8.231687545776367188e-01
2.576381266117095947e-01
6.612317562103271484e-01
1.703954115509986877e-02
3.926258087158203125e-01
4.371053576469421387e-01
2.933349832892417908e-02
2.694993652403354645e-02
3.000725209712982178e-01
7.686443924903869629e-01
2.461751997470855713e-01
7.682357430458068848e-01
9.105429053306579590e-01
4.368912875652313232e-01
1.149169951677322388e-01
9.481303691864013672e-01
9.902769327163696289e-02
3.289113938808441162e-01
2.076662518084049225e-02
2.775208652019500732e-01
5.179159045219421387e-01
3.077077567577362061e-01
2.490062080323696136e-02
7.953367829322814941e-01
4.228285551071166992e-01
7.539706826210021973e-01
7.029415667057037354e-02
9.055746793746948242e-01
9.504190087318420410e-01
5.985277295112609863e-01
2.772285975515842438e-02
1.115769743919372559e-01
8.728227019309997559e-02
7.590551376342773438e-01
7.147131562232971191e-01
1.197506114840507507e-01
5.554686188697814941e-01
6.208227276802062988e-01
8.945749998092651367e-01
8.983038365840911865e-02
7.731591463088989258e-01
8.556586503982543945e-01
2.929376959800720215e-01
5.612459182739257812e-01
8.884564042091369629e-01
2.251371145248413086e-01
3.400514423847198486e-01
9.004169106483459473e-01
2.472419589757919312e-01
8.024928569793701172e-01
1.961953379213809967e-02
2.678623497486114502e-01
2.494634538888931274e-01
6.752248853445053101e-02
9.479698538780212402e-01
5.823113769292831421e-02
6.450374126434326172e-01
2.339676320552825928e-01
8.127445727586746216e-02
2.097317427396774292e-01
3.888167068362236023e-02
1.292360275983810425e-01
1.806844919919967651e-01
6.208636164665222168e-01
8.065679669380187988e-01
9.498327225446701050e-02
8.370481133460998535e-01
7.141458243131637573e-02
6.554132103919982910e-01
3.838163018226623535e-01
1.848621107637882233e-02
1.189115643501281738e-01
3.961977660655975342e-01
1.101756319403648376e-01
1.993345916271209717e-01
8.980265259742736816e-02
7.233303189277648926e-01
9.034736156463623047e-01
6.323656439781188965e-01
3.189814388751983643e-01
2.168680280447006226e-01
7.563772797584533691e-01
1.396475881338119507e-01
5.962265133857727051e-01
3.445791080594062805e-02
8.162810802459716797e-01
1.570317000150680542e-01
1.950102746486663818e-01
9.061340093612670898e-01
4.999384284019470215e-01
3.797011971473693848e-01
5.146120786666870117e-01
3.913596868515014648e-01
4.403798654675483704e-02
7.549649477005004883e-02
4.825958311557769775e-01
8.978454023599624634e-02
1.942972689867019653e-01
5.345050692558288574e-01
7.571451663970947266e-01
2.901797294616699219e-01
6.897643953561782837e-02
1.881154999136924744e-02
4.600414633750915527e-02
7.734355926513671875e-01
2.613800764083862305e-01
5.595695972442626953e-02
8.904446959495544434e-01
3.974730968475341797e-01
2.165501266717910767e-01
7.726899534463882446e-02
1.393157094717025757e-01
2.580059505999088287e-02
1.185485348105430603e-01
6.385384798049926758e-01
8.444238901138305664e-01
6.295183300971984863e-01
4.377990365028381348e-01
9.705558419227600098e-02
7.995247095823287964e-02
1.629787385463714600e-01
5.945511460304260254e-01
2.545237243175506592e-01
8.805050849914550781e-01
6.672230958938598633e-01
2.206698209047317505e-01
2.606329619884490967e-01
5.014376044273376465e-01
3.131673038005828857e-01
2.877793610095977783e-01
9.061297774314880371e-01
7.801682949066162109e-01
3.027429580688476562e-01
1.836868822574615479e-01
2.413417212665081024e-02
3.251661360263824463e-02
4.641477763652801514e-02
6.435056030750274658e-02
3.885731846094131470e-02
4.124710261821746826e-01
6.652563065290451050e-02
1.349519193172454834e-01
9.170479178428649902e-01
2.490788251161575317e-01
1.791278086602687836e-02
1.825384199619293213e-01
1.019383966922760010e-01
4.633842408657073975e-02
2.806790173053741455e-01
8.069348931312561035e-01
3.977188467979431152e-01
8.744231462478637695e-01
1.471461541950702667e-02
3.799093365669250488e-01
3.316974639892578125e-01
1.847737282514572144e-01
6.668643355369567871e-01
5.067612975835800171e-02
1.906559430062770844e-02
5.904972553253173828e-02
9.871990978717803955e-02
5.542853474617004395e-01
7.892323285341262817e-02
6.341782212257385254e-01
8.292049169540405273e-02
3.926363214850425720e-02
1.794196069240570068e-01
6.925965100526809692e-02
4.650408625602722168e-01
2.640087306499481201e-01
4.510474577546119690e-02
7.991914749145507812e-01
2.328986227512359619e-01
3.850492835044860840e-01
9.383759498596191406e-01
2.984990477561950684e-01
8.944786339998245239e-02
4.027393758296966553e-01
4.913779720664024353e-02
2.583932578563690186e-01
6.760236620903015137e-02
4.475888982415199280e-02
7.227837294340133667e-02
1.845872551202774048e-01
3.475421667098999023e-02
8.477107882499694824e-01
1.395171582698822021e-01
5.954633653163909912e-02
6.382907181978225708e-02
8.831393718719482422e-01
4.133030176162719727e-01
3.443804681301116943e-01
7.359353452920913696e-02
4.247597754001617432e-01
1.331718116998672485e-01
2.161149680614471436e-01
4.718067646026611328e-01
1.073352713137865067e-02
6.483508646488189697e-02
7.728090137243270874e-02
9.509332478046417236e-02
1.328622996807098389e-01
3.658028692007064819e-02
7.486380934715270996e-01
3.431645631790161133e-01
7.510208487510681152e-01
1.768621057271957397e-01
2.976304888725280762e-01
4.569491371512413025e-02
8.489898443222045898e-01
6.349324584007263184e-01
7.194855213165283203e-01
7.322959899902343750e-01
6.388685703277587891e-01
4.612781107425689697e-01
3.514614105224609375e-01
8.023250848054885864e-02
8.345483243465423584e-02
2.524059452116489410e-02
5.236392617225646973e-01
5.051738619804382324e-01
8.092963695526123047e-01
3.226021304726600647e-02
2.326053380966186523e-01
2.298642247915267944e-01
6.363400071859359741e-02
4.574232548475265503e-02
5.599649250507354736e-02
4.628069698810577393e-01
4.990001618862152100e-01
1.793188415467739105e-02
3.902222216129302979e-02
4.630272984504699707e-01
3.349389135837554932e-02
1.497768610715866089e-01
1.918439865112304688e-01
7.302292436361312866e-02
1.291403025388717651e-01
1.580165326595306396e-01
7.992463707923889160e-01
5.733976960182189941e-01
2.040785551071166992e-01
5.117428302764892578e-02
3.642452061176300049e-01
3.282666578888893127e-02
5.919843912124633789e-01
2.481053620576858521e-01
5.224777758121490479e-02
2.856418490409851074e-01
8.859442919492721558e-02
6.959449648857116699e-01
3.643977269530296326e-02
2.950718700885772705e-01
7.268612086772918701e-02
8.043216466903686523e-01
8.160587400197982788e-02
2.132302895188331604e-02
4.513151943683624268e-01
7.470637559890747070e-01
3.858562707901000977e-01
4.718635603785514832e-02
3.472206369042396545e-02
6.388174295425415039e-01
4.375225305557250977e-01
5.774765834212303162e-02
3.688503801822662354e-02
2.146767228841781616e-01
1.426872462034225464e-01
1.081505268812179565e-01
7.571354508399963379e-02
2.840413749217987061e-01
2.129610069096088409e-02
3.977584838867187500e-02
9.068754911422729492e-01
4.013463854789733887e-01
8.012071996927261353e-02
9.626336097717285156e-01
4.033883810043334961e-01
4.434671103954315186e-01
4.168590903282165527e-02
5.999979972839355469e-01
6.048693060874938965e-01
1.455205585807561874e-02
7.990323901176452637e-01
8.719692230224609375e-01
6.122656464576721191e-01
6.895286962389945984e-03
3.268860876560211182e-01
2.937229275703430176e-01
1.881552338600158691e-01
5.568660497665405273e-01
9.348019957542419434e-02
1.706293225288391113e-01
2.355489581823348999e-01
1.270021200180053711e-01
1.240413337945938110e-01
4.372811019420623779e-01
2.495754323899745941e-02
9.676832705736160278e-02
1.153361424803733826e-01
8.933409452438354492e-01
4.170293211936950684e-01
4.592070579528808594e-01
2.648736238479614258e-01
3.741229772567749023e-01
1.098883673548698425e-01
9.180293232202529907e-02
9.044188857078552246e-01
1.024443209171295166e-01
6.250714063644409180e-01
9.089788794517517090e-01
3.933921754360198975e-01
2.747654542326927185e-02
5.825428366661071777e-01
3.381367027759552002e-02
8.240118622779846191e-01
7.362588495016098022e-02
7.658448815345764160e-02
3.148050308227539062e-01
7.650727629661560059e-01
3.267779350280761719e-01
7.305676341056823730e-01
4.142901301383972168e-01
2.027678042650222778e-01
5.348693132400512695e-01
1.955204904079437256e-01
1.387100368738174438e-01
1.613734066486358643e-01
4.345871508121490479e-01
1.167533919215202332e-01
4.071072340011596680e-01
6.816306710243225098e-01
1.341338008642196655e-01
5.558383464813232422e-01
9.047589898109436035e-01
4.960097000002861023e-02
6.813008189201354980e-01
7.839877903461456299e-02
1.201989799737930298e-01
2.519716024398803711e-01
6.909620016813278198e-02
7.493067383766174316e-01
6.299017667770385742e-01
1.482933163642883301e-01
6.526323556900024414e-01
8.241024613380432129e-01
9.658933281898498535e-01
9.485570788383483887e-01
1.675139926373958588e-02
3.193516433238983154e-01
2.613848745822906494e-01
3.326687216758728027e-01
8.538472056388854980e-01
1.800400018692016602e-01
3.234272599220275879e-01
2.678370475769042969e-01
3.261588141322135925e-02
8.399351835250854492e-01
9.625348262488842010e-03
9.433837607502937317e-03
7.500104308128356934e-01
2.551079913973808289e-02
8.641539514064788818e-02
3.460959196090698242e-01
5.386767983436584473e-01
9.245206713676452637e-01
1.712325215339660645e-02
5.144839361310005188e-02
9.758949279785156250e-02
7.909509539604187012e-01
8.715925812721252441e-01
1.304895989596843719e-02
8.590964078903198242e-01
3.187141194939613342e-02
5.509641170501708984e-01
2.812682986259460449e-01
7.551305890083312988e-01
2.529307305812835693e-01
5.106426030397415161e-02
1.811939030885696411e-01
7.636220455169677734e-01
7.231786847114562988e-02
1.858597248792648315e-02
7.053923606872558594e-01
1.602420024573802948e-02
1.872262358665466309e-02
4.281023740768432617e-01
4.776020348072052002e-01
2.867667376995086670e-02
7.110517024993896484e-01
3.640987277030944824e-01
2.026225179433822632e-01
2.263774350285530090e-02
2.174095213413238525e-01
8.314287662506103516e-01
7.466270923614501953e-01
7.499992847442626953e-01
3.597980737686157227e-01
4.042582213878631592e-01
1.581918150186538696e-01
1.407633721828460693e-01
1.039065346121788025e-01
4.788078740239143372e-02
6.737865507602691650e-02
6.668286919593811035e-01
8.321305513381958008e-01
7.797842025756835938e-01
1.544329803436994553e-02
4.025823175907135010e-01
1.099111735820770264e-01
2.172303199768066406e-01
8.628142476081848145e-01
4.543249309062957764e-01
6.918098777532577515e-02
3.482224792242050171e-02
3.659336641430854797e-02
1.679651066660881042e-02
1.404380053281784058e-01
8.545200228691101074e-01
2.345822006464004517e-01
1.752528920769691467e-02
1.399553269147872925e-01
4.112456142902374268e-01
6.796752810478210449e-01
3.202723711729049683e-02
2.846783697605133057e-01
4.883318841457366943e-01
8.095620274543762207e-01
1.049701943993568420e-01
7.217816263437271118e-02
2.699464857578277588e-01
5.415285229682922363e-01
3.565848767757415771e-01
1.217933464795351028e-02
4.254180788993835449e-01
8.951517939567565918e-01
7.814444899559020996e-01
4.389084577560424805e-01
3.154918849468231201e-01
5.062220618128776550e-02
6.865660548210144043e-01
4.547998309135437012e-01
1.981955766677856445e-01
4.728072285652160645e-01
6.291599869728088379e-01
1.165920570492744446e-01
2.739281952381134033e-02
1.802005991339683533e-02
4.105428755283355713e-01
2.255339175462722778e-01
1.493325270712375641e-02
4.626857936382293701e-01
7.956295013427734375e-01
4.619032740592956543e-01
7.316060662269592285e-01
2.079703658819198608e-01
1.596900224685668945e-01
1.606141328811645508e-01
5.277485400438308716e-02
7.043890953063964844e-01
9.111679196357727051e-01
1.686242222785949707e-02
9.364664554595947266e-01
9.577372670173645020e-01
5.980879664421081543e-01
2.439701706171035767e-01
6.649366617202758789e-01
4.193616658449172974e-02
5.804278254508972168e-01
7.825037837028503418e-01
7.199981808662414551e-01
8.346824049949645996e-01
3.703163936734199524e-02
2.707629278302192688e-02
2.470687329769134521e-01
3.169512152671813965e-01
3.250300288200378418e-01
2.601552009582519531e-01
6.397997736930847168e-01
7.112788558006286621e-01
1.736585646867752075e-01
1.590776294469833374e-01
5.886993408203125000e-01
1.940596103668212891e-01
5.363146066665649414e-01
6.155455708503723145e-01
5.349400043487548828e-01
2.278622053563594818e-02
6.321066617965698242e-01
4.577990993857383728e-02
3.505450785160064697e-01
8.374128341674804688e-01
2.681828290224075317e-02
1.042994931340217590e-01
3.764548152685165405e-02
3.059110939502716064e-01
9.573196172714233398e-01
3.835884332656860352e-01
9.150931835174560547e-01
2.867095544934272766e-02
1.434822101145982742e-02
1.685135997831821442e-02
8.497176170349121094e-01
1.478181034326553345e-01
7.919600009918212891e-01
3.897916078567504883e-01
1.756740659475326538e-01
8.236517012119293213e-02
9.696909040212631226e-02
6.336463093757629395e-01
9.329284429550170898e-01
1.501481886953115463e-02
3.880176693201065063e-02
8.902157545089721680e-01
1.881061643362045288e-01
3.348333761096000671e-02
1.776886135339736938e-01
1.056780517101287842e-01
1.530128717422485352e-01
2.197304666042327881e-01
3.860318362712860107e-01
3.763679414987564087e-02
6.142970174551010132e-02
3.220861777663230896e-02
1.649201959371566772e-01
5.547293424606323242e-01
6.122363209724426270e-01
2.257411926984786987e-01
4.009357094764709473e-02
4.650120437145233154e-02
4.399569332599639893e-02
2.299465388059616089e-01
1.780740022659301758e-01
4.683183431625366211e-01
3.110360726714134216e-02
2.504821717739105225e-01
9.496592283248901367e-01
7.431339472532272339e-02
1.564506292343139648e-01
1.754287779331207275e-01
6.384364962577819824e-01
1.738311946392059326e-01
1.169881224632263184e-01
3.794458806514739990e-01
9.342585206031799316e-01
8.896899968385696411e-02
3.541602194309234619e-01
5.691985785961151123e-02
7.588303834199905396e-02
3.773384913802146912e-02
5.979774594306945801e-01
5.628620386123657227e-01
2.838960587978363037e-01
9.108021259307861328e-01
5.000506639480590820e-01
5.683531761169433594e-01
2.166343331336975098e-01
5.597678944468498230e-02
6.811935305595397949e-01
7.076762616634368896e-02
1.106136292219161987e-02
9.243150949478149414e-01
5.974127650260925293e-01
8.284108042716979980e-01
6.518391370773315430e-01
4.897267743945121765e-02
2.404417842626571655e-01
1.789895743131637573e-01
1.516588181257247925e-01
5.044888257980346680e-01
5.529267713427543640e-02
1.111395657062530518e-01
4.712179005146026611e-01
1.574664562940597534e-01
8.288019895553588867e-01
4.835126399993896484e-01
5.754601955413818359e-01
4.361393675208091736e-02
7.373566627502441406e-01
7.389435172080993652e-01
1.976014822721481323e-01
8.911513090133666992e-01
5.258496403694152832e-01
4.023851156234741211e-01
4.059031605720520020e-02
8.468429446220397949e-01
6.392849683761596680e-01
3.711466863751411438e-02
8.703826665878295898e-01
3.563095331192016602e-01
8.136726021766662598e-01
3.759535774588584900e-02
3.363870680332183838e-01
3.698567152023315430e-01
4.220593273639678955e-01
6.068632602691650391e-01
8.987578749656677246e-01
2.261247634887695312e-01
3.618275225162506104e-01
1.561845373362302780e-02
8.823488354682922363e-01
5.527781322598457336e-02
1.549444440752267838e-02
8.521366715431213379e-01
8.073270320892333984e-01
2.692256569862365723e-01
3.690138831734657288e-02
5.273299217224121094e-01
5.156702399253845215e-01
7.308910489082336426e-01
2.286165356636047363e-01
8.613768219947814941e-01
1.335664372891187668e-02
4.750107526779174805e-01
2.328537963330745697e-02
4.797527790069580078e-01
5.221026763319969177e-02
3.717380762100219727e-01
3.562420904636383057e-01
2.101021409034729004e-01
3.420360684394836426e-01
4.155511781573295593e-02
6.428205966949462891e-01
8.527173995971679688e-01
2.395102828741073608e-01
6.695674657821655273e-01
4.418566823005676270e-02
5.612053275108337402e-01
8.449910283088684082e-01
7.009257674217224121e-01
1.545086801052093506e-01
2.755499780178070068e-01
3.685079514980316162e-02
1.067065894603729248e-01
6.520039588212966919e-02
1.591759771108627319e-01
9.334568381309509277e-01
2.364690750837326050e-01
6.621797084808349609e-01
1.217528134584426880e-01
8.046765327453613281e-01
9.747034311294555664e-02
2.792985737323760986e-01
3.523015975952148438e-02
3.598458692431449890e-02
9.465596079826354980e-02
8.700714707374572754e-01
6.564583182334899902e-01
1.979961097240447998e-01
4.156551510095596313e-02
6.062189340591430664e-01
9.348863363265991211e-01
7.652121782302856445e-01
8.148066699504852295e-02
2.021389156579971313e-01
6.994610428810119629e-01
7.077594399452209473e-01
7.995074391365051270e-01
3.689628094434738159e-02
8.857035636901855469e-01
8.585774302482604980e-01
4.701417684555053711e-01
8.980973362922668457e-01
5.035313963890075684e-01
1.451173238456249237e-02
5.844214558601379395e-01
3.922896683216094971e-01
7.176955938339233398e-01
1.513534635305404663e-01
6.697241067886352539e-01
6.817355751991271973e-01
1.171191558241844177e-01
6.824631690979003906e-01
7.682670354843139648e-01
8.180750608444213867e-01
1.978484541177749634e-02
2.339565604925155640e-01
7.615547776222229004e-01
5.767276883125305176e-01
4.354037046432495117e-01
1.583703607320785522e-01
4.775286316871643066e-01
8.101176023483276367e-01
6.594743132591247559e-01
6.448938697576522827e-02
3.334888070821762085e-02
1.769113391637802124e-01
1.654935069382190704e-02
2.219868153333663940e-01
1.506794840097427368e-01
6.078659296035766602e-01
5.808892101049423218e-02
1.336904056370258331e-02
6.749203801155090332e-01
4.427765607833862305e-01
4.349047690629959106e-02
4.826792478561401367e-01
4.151181131601333618e-02
7.657282352447509766e-01
6.954337358474731445e-01
5.131877958774566650e-02
3.230155408382415771e-01
1.701311022043228149e-02
3.352626860141754150e-01
2.083219885826110840e-01
1.350690871477127075e-01
2.565543167293071747e-02
5.195608735084533691e-02
3.929562270641326904e-01
1.045559793710708618e-01
3.390748053789138794e-02
8.575614541769027710e-02
2.628700435161590576e-01
5.107079148292541504e-01
5.040367841720581055e-01
4.012163728475570679e-02
4.054081067442893982e-02
6.133182644844055176e-01
4.512811899185180664e-01
5.038700252771377563e-02
9.500820636749267578e-01
6.565216183662414551e-01
1.871846765279769897e-01
2.014641612768173218e-01
2.502574324607849121e-01
5.511454865336418152e-02
7.923866808414459229e-02
5.354623198509216309e-01
1.074006780982017517e-01
5.206423997879028320e-01
5.869991779327392578e-01
5.683791041374206543e-01
1.708991453051567078e-02
3.696222603321075439e-01
1.008604988455772400e-01
3.377259671688079834e-01
4.557836949825286865e-01
2.899776101112365723e-01
4.719844460487365723e-01
3.132822215557098389e-01
9.584760069847106934e-01
3.490326926112174988e-02
2.803516983985900879e-01
8.789392113685607910e-01
4.366117715835571289e-01
5.527496933937072754e-01
7.052363753318786621e-01
6.334234476089477539e-01
1.303712278604507446e-01
8.032876253128051758e-01
4.866681396961212158e-01
3.928839862346649170e-01
8.699555397033691406e-01
1.130740195512771606e-01
6.816537380218505859e-01
8.241420984268188477e-01
4.139985516667366028e-02
1.382064912468194962e-02
6.348415017127990723e-01
2.243360280990600586e-01
3.695046156644821167e-02
4.505673944950103760e-01
9.508478641510009766e-01
7.111150771379470825e-02
2.876554057002067566e-02
7.736455649137496948e-02
2.796654962003231049e-02
1.918366849422454834e-01
3.457488119602203369e-02
9.940360486507415771e-02
2.080332860350608826e-02
1.790797859430313110e-01
3.581343293190002441e-01
7.651672363281250000e-01
4.705271124839782715e-01
8.733481168746948242e-01
1.109345257282257080e-01
5.623985454440116882e-02
4.697851836681365967e-01
6.401435136795043945e-01
4.448673501610755920e-02
3.601981997489929199e-01
3.970581591129302979e-01
2.028341963887214661e-02
9.311363101005554199e-01
1.608608812093734741e-01
3.238608837127685547e-01
1.764944009482860565e-02
3.828651607036590576e-01
1.996165961027145386e-01
7.825374603271484375e-01
1.524998396635055542e-01
2.644145190715789795e-01
5.249901860952377319e-02
2.591660320758819580e-01
3.064495921134948730e-01
4.831053316593170166e-02
3.630139529705047607e-01
2.389101088047027588e-01
1.586819998919963837e-02
5.736543238162994385e-02
2.488483302295207977e-02
4.427480697631835938e-01
1.182481124997138977e-01
9.042821526527404785e-01
8.413419723510742188e-01
1.202869266271591187e-01
