3.323270753026008606e-02
8.945538401603698730e-01
1.009347289800643921e-01
9.068114757537841797e-01
7.202468812465667725e-02
6.535290926694869995e-02
5.287854671478271484e-01
2.766259610652923584e-01
9.188096523284912109e-01
6.922773271799087524e-02
3.112165629863739014e-01
2.093726247549057007e-01
7.997193932533264160e-01
3.387561142444610596e-01
1.070215329527854919e-01
2.707375586032867432e-01
2.160342037677764893e-01
6.641176342964172363e-01
9.501332044601440430e-01
1.897162199020385742e-01
5.728110671043395996e-01
7.976154685020446777e-01
5.748241394758224487e-02
4.580864310264587402e-02
1.550372242927551270e-01
5.685667693614959717e-02
9.086483716964721680e-01
1.848068535327911377e-01
2.725522518157958984e-01
2.160477340221405029e-01
2.707952260971069336e-01
1.948477327823638916e-02
9.281858801841735840e-01
8.440808951854705811e-02
1.440021544694900513e-01
1.408206820487976074e-01
3.622044920921325684e-01
2.136596143245697021e-01
4.576460421085357666e-01
9.364122748374938965e-01
1.597558706998825073e-01
1.357172876596450806e-01
6.738621741533279419e-02
9.013197571039199829e-02
6.657359004020690918e-02
1.732815653085708618e-01
1.725893020629882812e-01
5.179024338722229004e-01
2.171027287840843201e-02
9.181085228919982910e-01
1.274219751358032227e-01
4.531230777502059937e-02
2.077252566814422607e-01
3.616891503334045410e-01
1.907690465450286865e-01
4.805925861001014709e-02
8.657120466232299805e-01
7.759968191385269165e-02
3.815389052033424377e-02
1.833954006433486938e-01
3.702526390552520752e-01
1.601294577121734619e-01
5.472907423973083496e-02
9.740932285785675049e-02
5.344956740736961365e-02
1.645426899194717407e-01
6.917784363031387329e-02
1.139717400074005127e-01
4.916807115077972412e-01
3.188628852367401123e-01
3.141345456242561340e-02
7.278766036033630371e-01
3.915413320064544678e-01
8.747953176498413086e-02
3.232549130916595459e-01
7.564254850149154663e-02
3.419146686792373657e-02
3.164540976285934448e-02
1.145069673657417297e-01
7.663816958665847778e-02
9.084482192993164062e-01
4.284484982490539551e-01
8.907681107521057129e-01
5.611087083816528320e-01
9.251836538314819336e-01
4.731748402118682861e-01
9.494038671255111694e-02
1.677671521902084351e-01
3.329058289527893066e-01
4.205975309014320374e-02
6.943581104278564453e-01
6.113270297646522522e-02
7.486093789339065552e-02
5.455719232559204102e-01
3.893748521804809570e-01
7.171856760978698730e-01
4.588267803192138672e-01
7.842500209808349609e-01
9.534163028001785278e-02
1.178111210465431213e-01
5.734103322029113770e-01
1.228860095143318176e-01
4.722157120704650879e-01
1.498284488916397095e-01
2.928464114665985107e-01
7.188421487808227539e-02
1.118302643299102783e-01
6.144718527793884277e-01
3.862202465534210205e-01
2.296908348798751831e-01
3.499214351177215576e-01
4.684305191040039062e-02
1.076368913054466248e-01
9.450704455375671387e-01
2.402937263250350952e-01
6.113573908805847168e-02
8.541753888130187988e-01
5.764596909284591675e-02
1.199055016040802002e-01
7.589592933654785156e-01
1.824097335338592529e-02
1.072198227047920227e-01
1.654664129018783569e-01
7.074825167655944824e-01
7.772707939147949219e-01
4.956532642245292664e-02
6.178783997893333435e-02
2.298860996961593628e-01
3.981368243694305420e-02
9.680036455392837524e-02
9.365984797477722168e-01
1.020545586943626404e-01
9.000359773635864258e-01
3.477166295051574707e-01
3.739837408065795898e-01
3.782863914966583252e-01
9.419775009155273438e-01
3.193041384220123291e-01
5.414819717407226562e-01
6.811749935150146484e-02
8.354970812797546387e-01
8.262802958488464355e-01
5.210105776786804199e-01
3.319105505943298340e-01
2.804105877876281738e-01
7.071230560541152954e-02
5.822523832321166992e-01
6.319952011108398438e-01
7.375526428222656250e-01
1.566193550825119019e-01
6.281373649835586548e-02
2.381274253129959106e-01
1.007829904556274414e-01
2.390232831239700317e-01
7.986697554588317871e-02
1.676790118217468262e-01
2.435843348503112793e-01
2.305030226707458496e-01
2.663054168224334717e-01
7.185956835746765137e-01
3.326611518859863281e-01
7.083454728126525879e-01
5.821124836802482605e-02
2.725130617618560791e-01
8.462349772453308105e-01
6.671315431594848633e-01
2.500267028808593750e-01
1.980705708265304565e-01
8.117423206567764282e-02
2.793985307216644287e-01
8.947641402482986450e-02
6.470377743244171143e-02
4.864179193973541260e-01
7.806124091148376465e-01
1.254628300666809082e-01
8.993572592735290527e-01
1.782767772674560547e-01
6.815478950738906860e-02
8.864265084266662598e-01
1.800157576799392700e-01
2.092807590961456299e-01
7.652478665113449097e-02
1.969265937805175781e-01
1.378916054964065552e-01
3.381291925907135010e-01
1.311013102531433105e-01
2.863713800907135010e-01
5.159668326377868652e-01
3.866506516933441162e-01
3.310603797435760498e-01
5.164501816034317017e-02
6.408444643020629883e-01
1.797140836715698242e-01
8.563994169235229492e-01
2.042812407016754150e-01
4.889201819896697998e-01
4.045606404542922974e-02
3.153501152992248535e-01
4.346492886543273926e-01
4.997890815138816833e-02
3.937103971838951111e-02
2.058144211769104004e-01
9.006673097610473633e-01
1.515860706567764282e-01
7.622937560081481934e-01
9.114817380905151367e-01
3.412673473358154297e-01
1.316094845533370972e-01
9.627170562744140625e-01
1.048871353268623352e-01
2.733154594898223877e-01
4.705121740698814392e-02
2.722196280956268311e-01
5.702490210533142090e-01
2.756010591983795166e-01
3.547217696905136108e-02
7.081926465034484863e-01
4.605529010295867920e-01
8.178136348724365234e-01
7.318346202373504639e-02
9.161430597305297852e-01
9.486578106880187988e-01
3.318811953067779541e-01
7.945259660482406616e-02
9.031321853399276733e-02
1.111432760953903198e-01
8.505644202232360840e-01
7.948607206344604492e-01
8.690704405307769775e-02
3.378866016864776611e-01
6.814396381378173828e-01
8.808093667030334473e-01
1.223415285348892212e-01
9.193584322929382324e-01
8.699831366539001465e-01
2.873279452323913574e-01
6.256257891654968262e-01
9.216126799583435059e-01
1.412243098020553589e-01
3.080895245075225830e-01
9.396322369575500488e-01
4.270912110805511475e-01
9.023476243019104004e-01
5.961788818240165710e-02
2.776702344417572021e-01
2.740159928798675537e-01
8.261785656213760376e-02
9.468454122543334961e-01
7.526145130395889282e-02
6.473503708839416504e-01
1.818984746932983398e-01
1.002990603446960449e-01
1.174954697489738464e-01
8.360318094491958618e-02
1.043433547019958496e-01
1.884184628725051880e-01
3.630539774894714355e-01
9.003105759620666504e-01
1.083268895745277405e-01
9.137094020843505859e-01
6.889131665229797363e-02
4.029931128025054932e-01
3.386382162570953369e-01
3.652733936905860901e-02
1.882344931364059448e-01
4.128310084342956543e-01
1.150685027241706848e-01
1.504916250705718994e-01
7.304082810878753662e-02
8.260596990585327148e-01
9.091297984123229980e-01
7.498480081558227539e-01
2.784208953380584717e-01
1.463603973388671875e-01
8.998807072639465332e-01
1.359606534242630005e-01
7.781768441200256348e-01
8.718845248222351074e-02
7.274941205978393555e-01
1.232137680053710938e-01
2.098015099763870239e-01
9.251800179481506348e-01
5.260958671569824219e-01
5.751170516014099121e-01
6.776074171066284180e-01
3.266412019729614258e-01
6.989056617021560669e-02
1.634687185287475586e-01
1.992253512144088745e-01
2.009256333112716675e-01
1.894723474979400635e-01
3.988410234451293945e-01
8.336045742034912109e-01
2.617679536342620850e-01
1.395868360996246338e-01
3.786324337124824524e-02
8.731414377689361572e-02
9.041475057601928711e-01
2.703929543495178223e-01
5.751490592956542969e-02
9.274473190307617188e-01
3.948087096214294434e-01
1.570166945457458496e-01
1.442768126726150513e-01
8.351466804742813110e-02
4.577944800257682800e-02
1.867990940809249878e-01
8.233229517936706543e-01
8.895474672317504883e-01
6.353734135627746582e-01
3.781817257404327393e-01
1.055763438344001770e-01
1.046520918607711792e-01
1.495538055896759033e-01
4.378345906734466553e-01
3.050957918167114258e-01
9.131163358688354492e-01
8.050519227981567383e-01
2.203024476766586304e-01
2.337509393692016602e-01
5.346593260765075684e-01
2.264371514320373535e-01
3.436855971813201904e-01
9.298852086067199707e-01
4.592843353748321533e-01
3.989859521389007568e-01
1.598779261112213135e-01
3.482345491647720337e-02
6.079671531915664673e-02
6.455929577350616455e-02
4.694925248622894287e-02
6.432138383388519287e-02
3.500222563743591309e-01
1.189145371317863464e-01
2.001329511404037476e-01
9.329938292503356934e-01
2.655210494995117188e-01
3.104099258780479431e-02
2.615284621715545654e-01
1.932178139686584473e-01
4.537911713123321533e-02
2.936874926090240479e-01
8.699462413787841797e-01
3.879635930061340332e-01
7.918462157249450684e-01
2.463291212916374207e-02
1.922975778579711914e-01
3.408297300338745117e-01
1.916981488466262817e-01
7.649330496788024902e-01
8.022811263799667358e-02
3.639077767729759216e-02
6.042715534567832947e-02
1.320474594831466675e-01
4.394550621509552002e-01
7.700625807046890259e-02
6.891205310821533203e-01
1.117689535021781921e-01
1.040000990033149719e-01
2.504322826862335205e-01
1.492970883846282959e-01
4.986224174499511719e-01
2.464042454957962036e-01
1.126669272780418396e-01
7.281155586242675781e-01
2.994506955146789551e-01
3.283003270626068115e-01
9.515658617019653320e-01
2.165600955486297607e-01
1.926728188991546631e-01
3.682839274406433105e-01
8.819395303726196289e-02
1.372460871934890747e-01
1.205455660820007324e-01
8.041179180145263672e-02
9.725996106863021851e-02
2.133366316556930542e-01
1.235644146800041199e-01
8.849536776542663574e-01
1.247310787439346313e-01
5.870256572961807251e-02
5.778298154473304749e-02
9.102464318275451660e-01
4.491909742355346680e-01
2.795371413230895996e-01
1.374411582946777344e-01
3.785721063613891602e-01
2.351225465536117554e-01
1.445442438125610352e-01
3.661300539970397949e-01
2.337371557950973511e-02
5.836749449372291565e-02
1.227859035134315491e-01
7.842522859573364258e-02
1.461943835020065308e-01
6.241721287369728088e-02
8.090575337409973145e-01
3.726741075515747070e-01
8.270201086997985840e-01
2.210828363895416260e-01
2.882783710956573486e-01
6.906507164239883423e-02
8.086541891098022461e-01
7.098469138145446777e-01
8.469776511192321777e-01
8.599147200584411621e-01
4.551525115966796875e-01
4.279868006706237793e-01
2.723699510097503662e-01
1.772925108671188354e-01
5.854620039463043213e-02
3.062414191663265228e-02
5.011746287345886230e-01
3.195815682411193848e-01
8.124566674232482910e-01
5.109890550374984741e-02
3.403602838516235352e-01
1.947889029979705811e-01
5.233057960867881775e-02
4.428377375006675720e-02
8.498141169548034668e-02
4.129929244518280029e-01
4.193494617938995361e-01
3.503721952438354492e-02
7.317036390304565430e-02
3.333407640457153320e-01
5.438603833317756653e-02
2.477607727050781250e-01
2.350649833679199219e-01
1.129147559404373169e-01
1.657440066337585449e-01
2.096325606107711792e-01
8.924950957298278809e-01
4.926896691322326660e-01
1.710727661848068237e-01
5.369709432125091553e-02
2.347163408994674683e-01
5.345715954899787903e-02
6.272790431976318359e-01
3.262116014957427979e-01
1.476837396621704102e-01
2.550254166126251221e-01
1.086119115352630615e-01
7.544461488723754883e-01
7.127028703689575195e-02
2.911497652530670166e-01
4.825094714760780334e-02
8.890432119369506836e-01
7.969991862773895264e-02
5.295695737004280090e-02
4.991036057472229004e-01
6.981104016304016113e-01
6.477938890457153320e-01
4.148044064640998840e-02
5.820013955235481262e-02
5.058853030204772949e-01
2.928582131862640381e-01
4.405181854963302612e-02
5.630987510085105896e-02
1.221757456660270691e-01
1.844137161970138550e-01
1.573914587497711182e-01
7.431612163782119751e-02
1.406214386224746704e-01
6.694198399782180786e-02
1.042716577649116516e-01
9.522864222526550293e-01
3.351351916790008545e-01
8.704571425914764404e-02
9.687231779098510742e-01
1.561670005321502686e-01
4.715966880321502686e-01
5.985092371702194214e-02
7.373869419097900391e-01
6.064141392707824707e-01
3.514619544148445129e-02
8.500752449035644531e-01
8.777807950973510742e-01
2.137968391180038452e-01
1.583871617913246155e-02
3.008000254631042480e-01
3.047647178173065186e-01
1.518757194280624390e-01
4.365218877792358398e-01
8.075577020645141602e-02
1.886893957853317261e-01
2.089498639106750488e-01
9.390930831432342529e-02
8.450961112976074219e-02
4.299352765083312988e-01
3.561064973473548889e-02
2.341053187847137451e-01
7.968002557754516602e-02
8.739547133445739746e-01
3.956215679645538330e-01
3.483359515666961670e-01
1.842201501131057739e-01
3.171957433223724365e-01
1.492597907781600952e-01
8.215024322271347046e-02
9.117743968963623047e-01
1.239559352397918701e-01
3.709900677204132080e-01
9.337565898895263672e-01
3.973405659198760986e-01
4.591030254960060120e-02
6.344470381736755371e-01
6.951493769884109497e-02
8.665620088577270508e-01
1.168210804462432861e-01
8.130641281604766846e-02
1.836836785078048706e-01
8.993708491325378418e-01
1.895055472850799561e-01
8.496744632720947266e-01
4.223192632198333740e-01
2.148760557174682617e-01
4.140485227108001709e-01
1.304818391799926758e-01
1.610288918018341064e-01
1.268740445375442505e-01
3.319095373153686523e-01
1.421048343181610107e-01
3.124181628227233887e-01
7.002964019775390625e-01
6.991346925497055054e-02
2.645919919013977051e-01
8.460831642150878906e-01
9.222391992807388306e-02
7.053932547569274902e-01
1.227712780237197876e-01
2.233605831861495972e-01
2.007877677679061890e-01
6.277046352624893188e-02
8.826172351837158203e-01
4.753279089927673340e-01
8.611951768398284912e-02
6.422100663185119629e-01
9.332298636436462402e-01
9.633797407150268555e-01
9.343322515487670898e-01
3.313253074884414673e-02
2.444230765104293823e-01
1.769711226224899292e-01
3.287377059459686279e-01
9.345911741256713867e-01
1.764150261878967285e-01
2.461766153573989868e-01
2.702067196369171143e-01
6.574773043394088745e-02
8.482521176338195801e-01
2.470136433839797974e-02
2.415735088288784027e-02
8.520417213439941406e-01
4.419098049402236938e-02
1.422104984521865845e-01
2.867960035800933838e-01
3.911350965499877930e-01
9.206886887550354004e-01
2.489017695188522339e-02
6.133917346596717834e-02
1.101597920060157776e-01
8.680177927017211914e-01
8.792695403099060059e-01
2.312889322638511658e-02
8.585529327392578125e-01
5.443733558058738708e-02
7.606700062751770020e-01
2.137691974639892578e-01
8.177024126052856445e-01
1.675662547349929810e-01
6.872674822807312012e-02
1.761763393878936768e-01
7.665897607803344727e-01
7.039987295866012573e-02
3.009488619863986969e-02
7.603747248649597168e-01
4.476662352681159973e-02
7.172001153230667114e-02
5.090075135231018066e-01
3.489135503768920898e-01
4.663651064038276672e-02
7.845746874809265137e-01
3.433443307876586914e-01
2.252147495746612549e-01
4.751398041844367981e-02
1.466950327157974243e-01
8.916357159614562988e-01
7.934408187866210938e-01
8.775764703750610352e-01
2.516683638095855713e-01
4.622745513916015625e-01
1.813676059246063232e-01
2.261086106300354004e-01
1.263872087001800537e-01
8.293958753347396851e-02
6.818947196006774902e-02
6.902944445610046387e-01
9.076682329177856445e-01
8.422423005104064941e-01
6.630394607782363892e-02
3.651468455791473389e-01
1.131100133061408997e-01
1.209285184741020203e-01
8.574455976486206055e-01
4.817113280296325684e-01
9.417361021041870117e-02
7.186426222324371338e-02
5.232420936226844788e-02
3.398119285702705383e-02
1.770828664302825928e-01
8.591751456260681152e-01
1.647996306419372559e-01
2.695459127426147461e-02
1.371454745531082153e-01
3.894458115100860596e-01
7.629741430282592773e-01
7.543597370386123657e-02
3.588601946830749512e-01
4.706879258155822754e-01
9.163342714309692383e-01
1.032103002071380615e-01
6.378913670778274536e-02
3.041498959064483643e-01
3.647428154945373535e-01
4.119927883148193359e-01
2.590036392211914062e-02
5.648208260536193848e-01
8.746393322944641113e-01
8.875855207443237305e-01
4.952877759933471680e-01
2.417489737272262573e-01
7.752116769552230835e-02
5.850907564163208008e-01
4.469052851200103760e-01
2.469367086887359619e-01
4.362443089485168457e-01
4.916101694107055664e-01
1.320623159408569336e-01
6.363347172737121582e-02
3.245641291141510010e-02
2.577582597732543945e-01
1.018922030925750732e-01
2.562486380338668823e-02
4.970681071281433105e-01
9.041952490806579590e-01
5.999847054481506348e-01
6.180905699729919434e-01
2.387951463460922241e-01
1.364105641841888428e-01
9.437138587236404419e-02
1.033370643854141235e-01
8.156846165657043457e-01
9.504292011260986328e-01
3.488164022564888000e-02
9.489230513572692871e-01
9.612306356430053711e-01
6.786488890647888184e-01
2.616797089576721191e-01
7.747755050659179688e-01
6.880952417850494385e-02
5.249915719032287598e-01
8.691357374191284180e-01
7.833673954010009766e-01
8.422379493713378906e-01
8.628433197736740112e-02
1.303982436656951904e-01
3.941485583782196045e-01
4.312530159950256348e-01
2.673014402389526367e-01
2.635353505611419678e-01
4.854948520660400391e-01
6.718834042549133301e-01
1.929712295532226562e-01
1.866956502199172974e-01
5.232276916503906250e-01
2.018443644046783447e-01
3.411437571048736572e-01
9.550870656967163086e-01
3.160390853881835938e-01
4.776754230260848999e-02
2.631271481513977051e-01
5.734913796186447144e-02
2.743090093135833740e-01
9.152789711952209473e-01
5.477422103285789490e-02
6.755081564188003540e-02
7.998491823673248291e-02
2.184861004352569580e-01
9.645221233367919922e-01
5.063740015029907227e-01
9.368556141853332520e-01
5.115143954753875732e-02
2.550680004060268402e-02
3.844797983765602112e-02
9.069928526878356934e-01
2.529368996620178223e-01
7.097187638282775879e-01
2.552025616168975830e-01
2.077074944972991943e-01
5.691075697541236877e-02
1.458945721387863159e-01
4.799386560916900635e-01
9.348988533020019531e-01
2.992433495819568634e-02
6.868044286966323853e-02
8.754525184631347656e-01
1.318225413560867310e-01
5.179853737354278564e-02
1.433259099721908569e-01
1.140221506357192993e-01
1.571710407733917236e-01
2.162270694971084595e-01
3.536247313022613525e-01
5.041340738534927368e-02
1.287628412246704102e-01
5.943441763520240784e-02
2.266035974025726318e-01
5.534445047378540039e-01
5.308114290237426758e-01
2.174551635980606079e-01
5.066501721739768982e-02
5.364701151847839355e-02
4.839311912655830383e-02
2.443996071815490723e-01
2.624409794807434082e-01
1.654076576232910156e-01
6.478342413902282715e-02
2.930122911930084229e-01
9.605441689491271973e-01
7.196620106697082520e-02
9.710266441106796265e-02
1.980645358562469482e-01
6.347320675849914551e-01
2.010177671909332275e-01
8.102235198020935059e-02
3.415203690528869629e-01
9.225466847419738770e-01
1.180121973156929016e-01
2.406571656465530396e-01
3.590499237179756165e-02
1.271515339612960815e-01
6.961206346750259399e-02
6.296201348304748535e-01
4.107368588447570801e-01
2.739749848842620850e-01
9.147759675979614258e-01
1.731576323509216309e-01
5.965021848678588867e-01
2.543565332889556885e-01
7.105292379856109619e-02
7.387499809265136719e-01
1.348621249198913574e-01
2.503792755305767059e-02
9.115887284278869629e-01
7.081947922706604004e-01
8.976926803588867188e-01
8.048825263977050781e-01
6.933464109897613525e-02
2.921170592308044434e-01
2.177703976631164551e-01
1.695307493209838867e-01
5.391470193862915039e-01
3.763005882501602173e-02
9.511033445596694946e-02
2.287331521511077881e-01
7.086279988288879395e-02
8.306808471679687500e-01
4.901912808418273926e-01
6.422640085220336914e-01
6.056040152907371521e-02
7.593404054641723633e-01
7.379425168037414551e-01
1.639389395713806152e-01
9.057955741882324219e-01
4.404012560844421387e-01
4.777145385742187500e-01
8.212154358625411987e-02
8.864066600799560547e-01
5.333462357521057129e-01
3.748461231589317322e-02
9.074736833572387695e-01
3.437209129333496094e-01
8.533217906951904297e-01
5.354503914713859558e-02
3.021009266376495361e-01
3.652367293834686279e-01
3.176726698875427246e-01
6.090204715728759766e-01
9.228186607360839844e-01
2.590788602828979492e-01
3.051291406154632568e-01
2.689240872859954834e-02
8.900732994079589844e-01
9.432937204837799072e-02
3.433274477720260620e-02
8.566466569900512695e-01
7.999182343482971191e-01
3.338031470775604248e-01
4.655865207314491272e-02
7.213216423988342285e-01
4.922900795936584473e-01
7.313051223754882812e-01
1.796138137578964233e-01
7.831283807754516602e-01
2.925788797438144684e-02
3.966290652751922607e-01
3.309538215398788452e-02
6.328708529472351074e-01
1.002589911222457886e-01
3.109762370586395264e-01
3.529006540775299072e-01
2.336127609014511108e-01
1.924057751893997192e-01
1.489389985799789429e-01
5.403283238410949707e-01
8.257200717926025391e-01
2.542177140712738037e-01
3.869155645370483398e-01
5.937732383608818054e-02
3.823204040527343750e-01
8.536097407341003418e-01
8.812342286109924316e-01
8.971563726663589478e-02
2.375393211841583252e-01
8.246599882841110229e-02
1.478806138038635254e-01
4.940798506140708923e-02
1.902454197406768799e-01
9.257136583328247070e-01
1.582895815372467041e-01
7.469586133956909180e-01
1.059567108750343323e-01
9.421715140342712402e-01
1.512844115495681763e-01
2.962681353092193604e-01
3.898962959647178650e-02
7.072938233613967896e-02
8.896321803331375122e-02
8.483735918998718262e-01
7.738527655601501465e-01
2.687249481678009033e-01
1.067527160048484802e-01
7.226990461349487305e-01
9.497945308685302734e-01
8.120952248573303223e-01
1.040859296917915344e-01
2.253023833036422729e-01
6.187180876731872559e-01
8.057349324226379395e-01
9.270437955856323242e-01
5.453948304057121277e-02
8.623200654983520508e-01
9.232291579246520996e-01
3.376513123512268066e-01
9.282973408699035645e-01
5.499711632728576660e-01
2.687156572937965393e-02
4.413687288761138916e-01
2.565708458423614502e-01
7.701829671859741211e-01
2.247942835092544556e-01
4.149136543273925781e-01
7.460784316062927246e-01
1.446493864059448242e-01
4.750667512416839600e-01
9.085509181022644043e-01
6.902499198913574219e-01
3.956877812743186951e-02
2.839482724666595459e-01
8.207722306251525879e-01
5.635047554969787598e-01
3.777009546756744385e-01
2.225977331399917603e-01
2.595711946487426758e-01
8.385446667671203613e-01
8.511742353439331055e-01
7.401875406503677368e-02
3.974577412009239197e-02
2.196501344442367554e-01
2.366788126528263092e-02
1.004464924335479736e-01
1.212523728609085083e-01
7.218439579010009766e-01
5.210781097412109375e-02
3.053678758442401886e-02
6.421352028846740723e-01
3.299356102943420410e-01
3.560494631528854370e-02
4.141090214252471924e-01
8.324249833822250366e-02
6.272077560424804688e-01
6.670564413070678711e-01
6.300538033246994019e-02
1.998703330755233765e-01
2.907196804881095886e-02
3.248498439788818359e-01
2.405940443277359009e-01
1.683446466922760010e-01
6.712633371353149414e-02
7.511137425899505615e-02
2.089459449052810669e-01
1.621939092874526978e-01
2.630128711462020874e-02
1.918970197439193726e-01
2.254996150732040405e-01
3.727859854698181152e-01
4.548187553882598877e-01
4.421212524175643921e-02
7.922691851854324341e-02
6.738926768302917480e-01
3.564780652523040771e-01
7.586342841386795044e-02
9.558945298194885254e-01
5.016731619834899902e-01
1.446970701217651367e-01
2.562094032764434814e-01
2.669293880462646484e-01
6.361851841211318970e-02
7.996553927659988403e-02
3.763489723205566406e-01
1.354574710130691528e-01
5.291507840156555176e-01
7.473738193511962891e-01
8.009866476058959961e-01
1.845814473927021027e-02
2.522989213466644287e-01
1.249967217445373535e-01
2.813101410865783691e-01
4.156396687030792236e-01
1.176956295967102051e-01
3.756933808326721191e-01
1.464388370513916016e-01
9.647595882415771484e-01
6.136832386255264282e-02
2.827526926994323730e-01
9.254121780395507812e-01
3.230046927928924561e-01
8.213316798210144043e-01
8.325842618942260742e-01
3.064094483852386475e-01
1.124083101749420166e-01
9.157482981681823730e-01
3.445040285587310791e-01
4.436052441596984863e-01
9.412372708320617676e-01
1.039825230836868286e-01
6.903515458106994629e-01
6.259797215461730957e-01
5.837329104542732239e-02
1.935242861509323120e-02
5.365554094314575195e-01
1.959052681922912598e-01
5.287054926156997681e-02
2.490316182374954224e-01
9.567495584487915039e-01
8.625051379203796387e-02
4.114967957139015198e-02
1.081043332815170288e-01
3.046924062073230743e-02
1.555484533309936523e-01
5.906723067164421082e-02
1.000233218073844910e-01
3.905908390879631042e-02
1.533948481082916260e-01
1.954577118158340454e-01
8.596839904785156250e-01
7.121947407722473145e-01
9.015408754348754883e-01
1.477698981761932373e-01
1.228184178471565247e-01
4.123468995094299316e-01
7.835223674774169922e-01
4.821178689599037170e-02
2.695596516132354736e-01
3.991555273532867432e-01
4.885834455490112305e-02
9.301811456680297852e-01
2.748079895973205566e-01
1.328879445791244507e-01
4.793391749262809753e-02
2.520685493946075439e-01
2.107070833444595337e-01
8.877328038215637207e-01
2.256559878587722778e-01
2.285114824771881104e-01
6.602601706981658936e-02
4.025503098964691162e-01
2.315470725297927856e-01
1.083184182643890381e-01
2.362951189279556274e-01
2.447707206010818481e-01
3.429004177451133728e-02
6.488406658172607422e-02
3.902786970138549805e-02
3.422112464904785156e-01
9.794533252716064453e-02
9.240173101425170898e-01
7.615058422088623047e-01
4.786181077361106873e-02
