2.344785258173942566e-02
8.782808780670166016e-01
6.520278006792068481e-02
8.238831162452697754e-01
7.899139076471328735e-02
4.024472087621688843e-02
3.883736431598663330e-01
1.308806240558624268e-01
9.190278053283691406e-01
3.174221888184547424e-02
3.121487200260162354e-01
8.790230005979537964e-02
5.879178047180175781e-01
3.460854887962341309e-01
7.866867631673812866e-02
2.230504751205444336e-01
2.794147431850433350e-01
3.588746190071105957e-01
9.626721739768981934e-01
2.066939175128936768e-01
6.638873219490051270e-01
8.067084550857543945e-01
4.832049086689949036e-02
4.494341090321540833e-02
1.892448514699935913e-01
3.851396217942237854e-02
8.679269552230834961e-01
1.252735108137130737e-01
1.578065454959869385e-01
1.037419065833091736e-01
1.317134946584701538e-01
1.327022165060043335e-02
7.839604616165161133e-01
5.382244661450386047e-02
1.640472263097763062e-01
6.125709787011146545e-02
1.532801687717437744e-01
9.525788575410842896e-02
3.938119709491729736e-01
9.049030542373657227e-01
1.255325078964233398e-01
8.130590617656707764e-02
3.703846782445907593e-02
1.184530481696128845e-01
3.475612401962280273e-02
1.404483616352081299e-01
1.349850594997406006e-01
3.092563152313232422e-01
1.702239550650119781e-02
8.766952157020568848e-01
8.881290256977081299e-02
2.096514590084552765e-02
2.293495833873748779e-01
2.604080438613891602e-01
1.056071892380714417e-01
2.347225695848464966e-02
8.707491159439086914e-01
9.945010393857955933e-02
2.101571299135684967e-02
8.292414993047714233e-02
1.830499321222305298e-01
8.795132488012313843e-02
3.789833933115005493e-02
5.942314118146896362e-02
4.655389860272407532e-02
1.261469572782516479e-01
5.041432008147239685e-02
9.221184253692626953e-02
2.710340619087219238e-01
1.539788395166397095e-01
4.023214429616928101e-02
5.833592414855957031e-01
3.163545429706573486e-01
5.393488705158233643e-02
2.066732197999954224e-01
5.159449204802513123e-02
2.660392411053180695e-02
2.634544670581817627e-02
1.411629468202590942e-01
4.109068959951400757e-02
8.953956365585327148e-01
6.898638606071472168e-01
8.597565889358520508e-01
3.575999438762664795e-01
9.093169569969177246e-01
3.874720633029937744e-01
5.533973500132560730e-02
6.113240495324134827e-02
3.955623209476470947e-01
2.005950808525085449e-01
5.047041177749633789e-01
5.089807137846946716e-02
5.553215369582176208e-02
2.688218951225280762e-01
3.616093397140502930e-01
4.129314422607421875e-01
3.465497493743896484e-01
8.638992905616760254e-01
5.528102442622184753e-02
7.707731425762176514e-02
4.350292980670928955e-01
8.723437786102294922e-02
4.354383647441864014e-01
1.100091859698295593e-01
1.963703185319900513e-01
8.562908321619033813e-02
4.330360516905784607e-02
4.541078805923461914e-01
3.493591547012329102e-01
1.794986277818679810e-01
1.903125643730163574e-01
2.626154758036136627e-02
4.954301938414573669e-02
9.158954024314880371e-01
1.724320501089096069e-01
8.615421503782272339e-02
8.223832845687866211e-01
4.083009064197540283e-02
1.017861515283584595e-01
5.902475118637084961e-01
1.172001846134662628e-02
7.435073703527450562e-02
1.037473753094673157e-01
5.887504220008850098e-01
9.113039970397949219e-01
3.199431672692298889e-02
8.066062629222869873e-02
2.229247838258743286e-01
4.113989695906639099e-02
4.625400155782699585e-02
9.076988697052001953e-01
1.732613146305084229e-01
9.246444106101989746e-01
2.107513844966888428e-01
3.489166498184204102e-01
2.731055617332458496e-01
9.111892580986022949e-01
1.377398669719696045e-01
5.448419451713562012e-01
4.617765918374061584e-02
5.482682585716247559e-01
8.314982056617736816e-01
3.879657983779907227e-01
1.860012114048004150e-01
1.462088972330093384e-01
5.389836430549621582e-02
3.944894373416900635e-01
3.025076091289520264e-01
7.154946327209472656e-01
8.089568465948104858e-02
2.940577268600463867e-02
8.378931134939193726e-02
5.075684934854507446e-02
1.523103564977645874e-01
5.289943516254425049e-02
7.730095088481903076e-02
1.164046227931976318e-01
2.828741967678070068e-01
1.819197088479995728e-01
7.120820879936218262e-01
2.289419770240783691e-01
6.345304846763610840e-01
5.834322050213813782e-02
1.087804436683654785e-01
7.143660783767700195e-01
6.630982756614685059e-01
1.219461858272552490e-01
1.864030957221984863e-01
6.145605444908142090e-02
1.257204562425613403e-01
5.598618462681770325e-02
4.172856733202934265e-02
4.347977638244628906e-01
6.671186685562133789e-01
8.049447089433670044e-02
8.893309831619262695e-01
1.227533891797065735e-01
4.312626272439956665e-02
8.669518828392028809e-01
8.985089510679244995e-02
8.572669327259063721e-02
4.808702319860458374e-02
5.769075825810432434e-02
1.356232315301895142e-01
1.763409376144409180e-01
1.627825349569320679e-01
1.362327933311462402e-01
3.746748864650726318e-01
3.046356737613677979e-01
2.572068572044372559e-01
3.240852430462837219e-02
7.887935638427734375e-01
1.096741408109664917e-01
7.032035589218139648e-01
1.474813520908355713e-01
4.699084758758544922e-01
3.907651826739311218e-02
1.151069402694702148e-01
2.887335121631622314e-01
3.155272454023361206e-02
3.052551113069057465e-02
1.888701766729354858e-01
8.474652767181396484e-01
1.199215427041053772e-01
8.223939538002014160e-01
8.985087275505065918e-01
4.645306468009948730e-01
6.491539627313613892e-02
9.482089281082153320e-01
1.295337527990341187e-01
1.961300969123840332e-01
5.107187107205390930e-02
1.155370101332664490e-01
3.160220086574554443e-01
2.848512828350067139e-01
2.807004004716873169e-02
8.670207858085632324e-01
3.888794183731079102e-01
8.150615692138671875e-01
6.124178692698478699e-02
9.020792245864868164e-01
9.443134069442749023e-01
6.251540780067443848e-01
4.437423497438430786e-02
7.696995139122009277e-02
7.607070356607437134e-02
5.646710991859436035e-01
7.777156829833984375e-01
1.042411252856254578e-01
5.342933535575866699e-01
6.389726400375366211e-01
8.973494172096252441e-01
7.521539181470870972e-02
8.478958010673522949e-01
8.714683651924133301e-01
2.361131161451339722e-01
4.143877625465393066e-01
8.984322547912597656e-01
1.417077332735061646e-01
2.150865346193313599e-01
9.069356918334960938e-01
2.199249118566513062e-01
7.730137109756469727e-01
3.271058201789855957e-02
1.845712512731552124e-01
1.909178495407104492e-01
5.395240336656570435e-02
9.363054037094116211e-01
3.859056532382965088e-02
5.155445933341979980e-01
2.329143583774566650e-01
4.706468805670738220e-02
7.585015892982482910e-02
5.403660982847213745e-02
9.474892914295196533e-02
1.840505897998809814e-01
1.223951205611228943e-01
8.803263902664184570e-01
6.487865746021270752e-02
8.819934725761413574e-01
7.962764799594879150e-02
4.776668846607208252e-01
2.268622964620590210e-01
2.518069744110107422e-02
8.233413100242614746e-02
2.708756029605865479e-01
8.775579184293746948e-02
1.946360617876052856e-01
7.182155549526214600e-02
5.672708153724670410e-01
8.943193554878234863e-01
6.155046224594116211e-01
1.629208326339721680e-01
1.578361988067626953e-01
4.849571883678436279e-01
9.146900475025177002e-02
8.177694678306579590e-01
5.856369063258171082e-02
7.763848304748535156e-01
4.689526185393333435e-02
1.118096783757209778e-01
9.055132865905761719e-01
2.559276223182678223e-01
2.297758311033248901e-01
3.960691988468170166e-01
2.426036149263381958e-01
4.788785427808761597e-02
1.169754862785339355e-01
1.360931545495986938e-01
8.616333454847335815e-02
1.006083264946937561e-01
4.281955659389495850e-01
6.416154503822326660e-01
2.479669600725173950e-01
7.942941039800643921e-02
3.074384853243827820e-02
5.409800633788108826e-02
8.846577405929565430e-01
3.127096593379974365e-01
4.842543229460716248e-02
8.869754076004028320e-01
2.355262935161590576e-01
1.317383944988250732e-01
8.822538703680038452e-02
3.869131579995155334e-02
3.718487173318862915e-02
6.606864929199218750e-02
8.266991376876831055e-01
8.206878304481506348e-01
6.573023200035095215e-01
3.092305660247802734e-01
4.981285333633422852e-02
1.071252301335334778e-01
8.114715665578842163e-02
4.448495507240295410e-01
2.008243501186370850e-01
8.785804510116577148e-01
7.467160224914550781e-01
2.736293971538543701e-01
9.032231569290161133e-02
4.135617017745971680e-01
1.319701522588729858e-01
2.198654264211654663e-01
8.946175575256347656e-01
3.788950741291046143e-01
3.815997242927551270e-01
1.219505444169044495e-01
6.598474085330963135e-02
4.096860066056251526e-02
4.317600652575492859e-02
6.150543317198753357e-02
3.720943629741668701e-02
3.276830911636352539e-01
5.115620791912078857e-02
1.090202406048774719e-01
8.925408720970153809e-01
1.703043431043624878e-01
2.327262982726097107e-02
1.256292462348937988e-01
6.474354118108749390e-02
3.692509606480598450e-02
2.764568030834197998e-01
7.020931839942932129e-01
1.803817749023437500e-01
7.997136712074279785e-01
1.508367620408535004e-02
1.083604246377944946e-01
2.437830865383148193e-01
8.813973516225814819e-02
5.691595673561096191e-01
5.866854637861251831e-02
1.644128933548927307e-02
4.149898886680603027e-02
7.926857471466064453e-02
5.640459656715393066e-01
7.022272050380706787e-02
7.245821356773376465e-01
1.356702297925949097e-01
7.799503207206726074e-02
1.519206166267395020e-01
8.020023256540298462e-02
3.639470040798187256e-01
1.153913289308547974e-01
6.188809871673583984e-02
8.059149980545043945e-01
1.780244112014770508e-01
1.438052058219909668e-01
9.559636712074279785e-01
7.438968122005462646e-02
4.461305215954780579e-02
2.841811478137969971e-01
4.142656549811363220e-02
8.657222986221313477e-02
8.222166448831558228e-02
4.691429808735847473e-02
6.020403653383255005e-02
1.130416318774223328e-01
7.210108637809753418e-02
8.849409818649291992e-01
1.353256255388259888e-01
4.726303368806838989e-02
3.140695765614509583e-02
8.949830532073974609e-01
4.850000739097595215e-01
1.571701616048812866e-01
1.374835819005966187e-01
2.627725899219512939e-01
1.973354369401931763e-01
9.905011206865310669e-02
3.045820593833923340e-01
1.534486655145883560e-02
8.132921904325485229e-02
7.651995867490768433e-02
7.178904116153717041e-02
8.567129820585250854e-02
6.187557429075241089e-02
7.451309561729431152e-01
1.627440899610519409e-01
8.762748241424560547e-01
1.295928061008453369e-01
1.531267017126083374e-01
6.155871599912643433e-02
8.521822690963745117e-01
7.363571524620056152e-01
8.258818387985229492e-01
7.606881260871887207e-01
4.295925796031951904e-01
2.289481461048126221e-01
1.361317932605743408e-01
1.148150265216827393e-01
7.608764618635177612e-02
2.360199205577373505e-02
3.883777856826782227e-01
3.279616832733154297e-01
8.350111246109008789e-01
2.425246685743331909e-02
2.927959561347961426e-01
1.027963683009147644e-01
8.884109556674957275e-02
4.347237199544906616e-02
5.367613583803176880e-02
6.465615034103393555e-01
5.904648900032043457e-01
2.463462762534618378e-02
6.830196827650070190e-02
3.103719055652618408e-01
3.171006590127944946e-02
7.978924363851547241e-02
1.308720260858535767e-01
7.686619460582733154e-02
2.073475420475006104e-01
2.086659073829650879e-01
8.690832853317260742e-01
4.353511035442352295e-01
9.684166312217712402e-02
4.333504661917686462e-02
2.002115547657012939e-01
4.068262875080108643e-02
3.450793921947479248e-01
2.667843699455261230e-01
7.504031062126159668e-02
3.254235982894897461e-01
6.356403231620788574e-02
5.966808199882507324e-01
5.804204568266868591e-02
1.881009489297866821e-01
5.514726042747497559e-02
8.525881767272949219e-01
6.697541475296020508e-02
2.283329330384731293e-02
2.449023276567459106e-01
6.905823349952697754e-01
3.813577890396118164e-01
4.532260075211524963e-02
3.949498757719993591e-02
3.336858153343200684e-01
2.653788030147552490e-01
3.082068450748920441e-02
6.190114840865135193e-02
1.106983870267868042e-01
1.497313380241394043e-01
9.475491940975189209e-02
6.419105827808380127e-02
1.512451171875000000e-01
4.069838672876358032e-02
8.535892516374588013e-02
9.392227530479431152e-01
2.935871779918670654e-01
9.428266435861587524e-02
9.591001272201538086e-01
2.779245078563690186e-01
3.233376443386077881e-01
5.021617189049720764e-02
6.826524734497070312e-01
6.179499030113220215e-01
2.255921624600887299e-02
8.403805494308471680e-01
8.604660630226135254e-01
1.721985936164855957e-01
1.110702380537986755e-02
2.461409568786621094e-01
1.240461170673370361e-01
1.285657435655593872e-01
5.780553221702575684e-01
5.541548877954483032e-02
2.219368666410446167e-01
7.558994740247726440e-02
7.332479208707809448e-02
5.625176057219505310e-02
2.219097167253494263e-01
2.259971573948860168e-02
1.937669515609741211e-01
6.539434939622879028e-02
8.535066246986389160e-01
3.312523365020751953e-01
3.947804272174835205e-01
8.834476768970489502e-02
3.081377446651458740e-01
8.874915540218353271e-02
6.898892670869827271e-02
8.945631980895996094e-01
7.876996695995330811e-02
4.591748416423797607e-01
9.298688173294067383e-01
2.246912270784378052e-01
3.390017151832580566e-02
5.143361091613769531e-01
4.766572639346122742e-02
8.187831640243530273e-01
4.129654169082641602e-02
4.868989065289497375e-02
1.729766130447387695e-01
8.576184511184692383e-01
3.688536286354064941e-01
7.308741807937622070e-01
2.644912600517272949e-01
1.365152895450592041e-01
3.712656497955322266e-01
5.677341297268867493e-02
9.123771637678146362e-02
7.489719241857528687e-02
2.441932857036590576e-01
1.662571430206298828e-01
3.000681400299072266e-01
6.009427309036254883e-01
8.851633220911026001e-02
2.338258177042007446e-01
9.023747444152832031e-01
6.359769403934478760e-02
5.540837645530700684e-01
8.701957017183303833e-02
1.427318602800369263e-01
1.158713549375534058e-01
7.259622961282730103e-02
6.930611133575439453e-01
4.376302957534790039e-01
1.119587123394012451e-01
4.343412518501281738e-01
8.809003829956054688e-01
9.436479210853576660e-01
9.269406199455261230e-01
2.174945175647735596e-02
1.864553838968276978e-01
1.251853853464126587e-01
1.843245476484298706e-01
9.001238346099853516e-01
1.282562911510467529e-01
1.145718023180961609e-01
1.232564449310302734e-01
5.088754743337631226e-02
8.344023227691650391e-01
1.884141005575656891e-02
3.433051332831382751e-02
6.319605708122253418e-01
3.048649802803993225e-02
4.178167507052421570e-02
2.212187051773071289e-01
3.382752537727355957e-01
9.245848655700683594e-01
2.528073266148567200e-02
4.555601626634597778e-02
9.876104444265365601e-02
8.120140433311462402e-01
8.769077062606811523e-01
1.910181157290935516e-02
8.508693575859069824e-01
3.069580346345901489e-02
4.598511159420013428e-01
1.305969804525375366e-01
7.072302699089050293e-01
1.766774654388427734e-01
5.847317352890968323e-02
1.061757802963256836e-01
6.790182590484619141e-01
1.277596503496170044e-01
2.681407891213893890e-02
7.231761217117309570e-01
2.881250716745853424e-02
4.517922922968864441e-02
3.908192217350006104e-01
3.583668768405914307e-01
2.694033458828926086e-02
6.575927734375000000e-01
2.246190607547760010e-01
1.074431017041206360e-01
3.521045297384262085e-02
1.190588697791099548e-01
8.572959303855895996e-01
8.185539245605468750e-01
8.417905569076538086e-01
1.412575840950012207e-01
2.459588050842285156e-01
1.233345419168472290e-01
1.941912770271301270e-01
8.542942255735397339e-02
4.691487178206443787e-02
7.125429809093475342e-02
6.471489071846008301e-01
8.527764081954956055e-01
8.196960091590881348e-01
5.296771973371505737e-02
3.822866976261138916e-01
9.250397980213165283e-02
1.346814781427383423e-01
8.548384904861450195e-01
4.138579666614532471e-01
7.591687142848968506e-02
4.532198235392570496e-02
5.301007255911827087e-02
2.059599943459033966e-02
1.116459891200065613e-01
8.912495374679565430e-01
1.334201842546463013e-01
1.793147251009941101e-02
1.206215322017669678e-01
2.526814043521881104e-01
7.183031439781188965e-01
5.328712239861488342e-02
2.070119976997375488e-01
3.174570500850677490e-01
8.550277352333068848e-01
5.966392159461975098e-02
4.616929218173027039e-02
1.903907805681228638e-01
4.457290470600128174e-01
3.237892687320709229e-01
1.874314621090888977e-02
2.289914041757583618e-01
8.933686017990112305e-01
8.599913120269775391e-01
3.196952641010284424e-01
1.353093981742858887e-01
4.773308709263801575e-02
5.482990145683288574e-01
3.379118144512176514e-01
8.230780065059661865e-02
2.949779629707336426e-01
5.074098110198974609e-01
1.334617286920547485e-01
3.962359577417373657e-02
1.501945313066244125e-02
3.145334124565124512e-01
1.130944713950157166e-01
2.339846268296241760e-02
3.447732031345367432e-01
7.419151663780212402e-01
3.163129091262817383e-01
6.337100863456726074e-01
1.445836126804351807e-01
9.915257990360260010e-02
4.747474566102027893e-02
4.981521889567375183e-02
8.314483761787414551e-01
9.245156049728393555e-01
2.915531769394874573e-02
9.305466413497924805e-01
9.779034256935119629e-01
5.187143683433532715e-01
2.040653079748153687e-01
4.771801829338073730e-01
6.345541030168533325e-02
5.041151046752929688e-01
6.405013799667358398e-01
5.721116065979003906e-01
7.365628480911254883e-01
6.058281660079956055e-02
5.898182094097137451e-02
1.330936849117279053e-01
3.483782410621643066e-01
1.453915238380432129e-01
2.504110038280487061e-01
3.446933031082153320e-01
6.655083894729614258e-01
1.815605461597442627e-01
1.244848519563674927e-01
4.359470307826995850e-01
1.044803112745285034e-01
2.431083768606185913e-01
8.976628184318542480e-01
2.671256065368652344e-01
3.675343468785285950e-02
4.186157286167144775e-01
4.728364199399948120e-02
2.843830287456512451e-01
8.429401516914367676e-01
4.280865192413330078e-02
6.759118288755416870e-02
4.010457172989845276e-02
2.676125168800354004e-01
9.552355408668518066e-01
3.266974985599517822e-01
9.340975284576416016e-01
3.826776146888732910e-02
1.346827484667301178e-02
2.362247742712497711e-02
8.794868588447570801e-01
1.100027039647102356e-01
5.356376767158508301e-01
2.525175809860229492e-01
1.254331171512603760e-01
7.685113698244094849e-02
1.908515691757202148e-01
5.437600612640380859e-01
9.210852384567260742e-01
2.131120115518569946e-02
4.952314868569374084e-02
8.828174471855163574e-01
9.338788688182830811e-02
2.892727218568325043e-02
2.637784779071807861e-01
7.641878724098205566e-02
1.182160601019859314e-01
1.410369873046875000e-01
2.419909685850143433e-01
3.042296692728996277e-02
9.543696790933609009e-02
3.305365517735481262e-02
5.446771904826164246e-02
4.480499625205993652e-01
4.969231188297271729e-01
9.167296439409255981e-02
3.637917339801788330e-02
4.703986644744873047e-02
4.575523734092712402e-02
2.069673538208007812e-01
1.158348545432090759e-01
2.352943867444992065e-01
3.267793357372283936e-02
1.618824899196624756e-01
9.606941938400268555e-01
6.864795833826065063e-02
2.274368256330490112e-01
1.659224778413772583e-01
5.455100536346435547e-01
2.122020572423934937e-01
3.785378485918045044e-02
2.681420743465423584e-01
9.204363226890563965e-01
8.949496597051620483e-02
7.681594789028167725e-02
8.571269363164901733e-02
8.631437271833419800e-02
6.059608608484268188e-02
6.876013875007629395e-01
4.182876050472259521e-01
1.243611201643943787e-01
9.149199128150939941e-01
2.586773931980133057e-01
5.085729360580444336e-01
8.304262906312942505e-02
5.142840370535850525e-02
5.560103654861450195e-01
6.684268265962600708e-02
1.162454299628734589e-02
9.357336759567260742e-01
6.423901319503784180e-01
8.459594845771789551e-01
7.757496237754821777e-01
4.684905335307121277e-02
1.311312317848205566e-01
1.177409291267395020e-01
1.098878458142280579e-01
3.587681055068969727e-01
7.647376507520675659e-02
1.013667732477188110e-01
2.299916297197341919e-01
7.518088072538375854e-02
7.073524594306945801e-01
3.393563032150268555e-01
3.765898346900939941e-01
3.983695432543754578e-02
6.363593935966491699e-01
8.029097914695739746e-01
1.907731145620346069e-01
8.954271674156188965e-01
4.893179833889007568e-01
4.189627468585968018e-01
5.378339439630508423e-02
8.980404734611511230e-01
3.428617715835571289e-01
5.139532685279846191e-02
8.754711747169494629e-01
2.074727714061737061e-01
8.915229439735412598e-01
3.751808032393455505e-02
2.144405692815780640e-01
2.949206531047821045e-01
2.295995354652404785e-01
2.480868399143218994e-01
9.025499820709228516e-01
1.088324785232543945e-01
2.134544700384140015e-01
1.828864403069019318e-02
8.487729430198669434e-01
6.434868276119232178e-02
2.351185120642185211e-02
7.660013437271118164e-01
8.448043465614318848e-01
4.673285484313964844e-01
4.140462353825569153e-02
4.092874825000762939e-01
3.600741326808929443e-01
8.737675547599792480e-01
7.609581202268600464e-02
8.566537499427795410e-01
2.296734228730201721e-02
2.766813039779663086e-01
2.645463123917579651e-02
4.361089468002319336e-01
6.622087210416793823e-02
3.183005154132843018e-01
2.265093326568603516e-01
1.588020026683807373e-01
2.586948573589324951e-01
8.651898801326751709e-02
5.547234416007995605e-01
8.356685638427734375e-01
9.530675411224365234e-02
3.453154861927032471e-01
4.775786399841308594e-02
3.992957472801208496e-01
8.558055758476257324e-01
6.535421609878540039e-01
1.030411496758460999e-01
1.320417076349258423e-01
5.626453459262847900e-02
8.370485901832580566e-02
1.460172981023788452e-01
1.040681004524230957e-01
9.370324611663818359e-01
1.489434242248535156e-01
7.590160369873046875e-01
1.159364804625511169e-01
9.042104482650756836e-01
1.031809374690055847e-01
1.977829039096832275e-01
3.685174509882926941e-02
3.548214584589004517e-02
1.291062682867050171e-01
9.110524058341979980e-01
4.698388874530792236e-01
1.616220474243164062e-01
3.222894296050071716e-02
5.336599349975585938e-01
9.254986643791198730e-01
6.175877451896667480e-01
7.644902914762496948e-02
1.235451772809028625e-01
6.639310121536254883e-01
6.929202079772949219e-01
9.210898280143737793e-01
2.996189333498477936e-02
9.003139138221740723e-01
8.955612182617187500e-01
2.782158255577087402e-01
9.062157273292541504e-01
2.482704967260360718e-01
1.912302523851394653e-02
4.310850501060485840e-01
1.887921988964080811e-01
7.154474258422851562e-01
2.520973384380340576e-01
6.812407374382019043e-01
5.573486089706420898e-01
7.454419881105422974e-02
5.955321192741394043e-01
8.976982831954956055e-01
6.977556943893432617e-01
2.605675347149372101e-02
2.067279815673828125e-01
8.225519061088562012e-01
3.407112956047058105e-01
2.794177234172821045e-01
1.640578210353851318e-01
2.378438562154769897e-01
8.226673603057861328e-01
7.452865839004516602e-01
9.876163303852081299e-02
3.961195424199104309e-02
1.031956747174263000e-01
1.836292445659637451e-02
1.025797128677368164e-01
7.724996656179428101e-02
7.135268449783325195e-01
4.424976184964179993e-02
2.450480125844478607e-02
4.593326151371002197e-01
2.035007774829864502e-01
7.795794308185577393e-02
3.419573009014129639e-01
5.665846914052963257e-02
7.476627826690673828e-01
3.339330554008483887e-01
4.339380934834480286e-02
2.225587964057922363e-01
1.395529694855213165e-02
2.463044971227645874e-01
1.483485102653503418e-01
7.464317977428436279e-02
4.478350281715393066e-02
4.168248176574707031e-02
3.368972241878509521e-01
9.297983348369598389e-02
2.978387847542762756e-02
5.552583187818527222e-02
1.200775653123855591e-01
3.738954663276672363e-01
5.183110833168029785e-01
3.584138303995132446e-02
5.533622205257415771e-02
4.313349127769470215e-01
1.668060868978500366e-01
2.747124433517456055e-02
9.527434706687927246e-01
5.551955699920654297e-01
1.794264316558837891e-01
4.297447204589843750e-02
1.346095800399780273e-01
5.720469355583190918e-02
1.063631623983383179e-01
3.713189065456390381e-01
2.427244633436203003e-01
4.972048103809356689e-01
8.250000476837158203e-01
6.448047757148742676e-01
3.107865341007709503e-02
1.890678405761718750e-01
1.330600976943969727e-01
2.156157195568084717e-01
3.290088176727294922e-01
1.350842267274856567e-01
3.045243620872497559e-01
2.345694750547409058e-01
9.506950378417968750e-01
4.319305717945098877e-02
1.217543780803680420e-01
8.817824125289916992e-01
4.243236184120178223e-01
7.045153975486755371e-01
4.172076880931854248e-01
3.976723849773406982e-01
1.002774685621261597e-01
9.055954217910766602e-01
5.489301085472106934e-01
2.830527722835540771e-01
8.891309499740600586e-01
9.245306253433227539e-02
7.402626872062683105e-01
7.841730713844299316e-01
5.639245733618736267e-02
1.743740215897560120e-02
4.333523511886596680e-01
9.650494158267974854e-02
5.278724059462547302e-02
3.075694739818572998e-01
9.438959360122680664e-01
6.185103952884674072e-02
3.719267994165420532e-02
1.587020158767700195e-01
1.943183131515979767e-02
1.540982127189636230e-01
3.602819144725799561e-02
1.221763715147972107e-01
3.010343201458454132e-02
1.807311922311782837e-01
4.416754841804504395e-02
8.096435070037841797e-01
4.856995344161987305e-01
8.903782367706298828e-01
7.175733894109725952e-02
5.276295170187950134e-02
4.159358739852905273e-01
7.060716152191162109e-01
5.432558432221412659e-02
2.180954068899154663e-01
3.113636374473571777e-01
4.220924153923988342e-02
9.310219287872314453e-01
1.228362023830413818e-01
8.064952492713928223e-02
2.151866070926189423e-02
3.132540583610534668e-01
6.542929261922836304e-02
8.565381169319152832e-01
8.356364071369171143e-02
1.630024462938308716e-01
4.689547792077064514e-02
2.170085310935974121e-01
1.325410902500152588e-01
6.683759391307830811e-02
1.438792943954467773e-01
1.425468325614929199e-01
1.821023039519786835e-02
8.269137144088745117e-02
2.635786868631839752e-02
2.791980803012847900e-01
1.602836996316909790e-01
8.994251489639282227e-01
8.482925295829772949e-01
8.400867879390716553e-02
