1.590889878571033478e-02
8.348513245582580566e-01
5.027517676353454590e-02
8.222588896751403809e-01
1.768660247325897217e-01
4.513411968946456909e-02
5.528612732887268066e-01
1.573016196489334106e-01
9.019554853439331055e-01
3.945666551589965820e-02
4.609465301036834717e-01
1.239077746868133545e-01
4.386409819126129150e-01
3.656834959983825684e-01
4.101732745766639709e-02
2.244992405176162720e-01
4.615308642387390137e-01
5.106005668640136719e-01
9.429121017456054688e-01
1.658763587474822998e-01
6.473875045776367188e-01
6.500933170318603516e-01
3.842092677950859070e-02
1.799387186765670776e-01
1.501265913248062134e-01
2.888206578791141510e-02
8.767462372779846191e-01
1.575942635536193848e-01
1.502313911914825439e-01
3.145144283771514893e-01
1.330386996269226074e-01
1.557865925133228302e-02
8.300094008445739746e-01
5.132022127509117126e-02
1.310205757617950439e-01
5.203341320157051086e-02
1.224113330245018005e-01
1.133208572864532471e-01
4.915948510169982910e-01
9.019183516502380371e-01
1.426055431365966797e-01
8.939681947231292725e-02
4.748234152793884277e-02
1.830018460750579834e-01
4.523948580026626587e-02
2.884285449981689453e-01
1.302250176668167114e-01
3.502390086650848389e-01
1.155310031026601791e-02
8.001700043678283691e-01
9.982036799192428589e-02
1.815202273428440094e-02
3.813601434230804443e-01
2.731491327285766602e-01
1.266209930181503296e-01
2.492677047848701477e-02
7.567224502563476562e-01
7.975364476442337036e-02
1.853763870894908905e-02
1.648419648408889771e-01
2.018094956874847412e-01
1.080652326345443726e-01
6.086884438991546631e-02
8.508352190256118774e-02
2.790214493870735168e-02
1.716633886098861694e-01
3.347456455230712891e-02
8.104323595762252808e-02
2.107804566621780396e-01
1.612194180488586426e-01
4.993433505296707153e-02
7.056508064270019531e-01
2.218655794858932495e-01
4.608862847089767456e-02
2.409364432096481323e-01
4.592075198888778687e-02
2.278866246342658997e-02
1.361802406609058380e-02
1.765157729387283325e-01
4.757593944668769836e-02
8.242852687835693359e-01
5.841560363769531250e-01
8.673973679542541504e-01
4.153264760971069336e-01
9.133591055870056152e-01
5.473731756210327148e-01
5.562027916312217712e-02
8.836504817008972168e-02
3.232657611370086670e-01
6.258841603994369507e-02
5.780864357948303223e-01
4.663390666246414185e-02
8.028189837932586670e-02
3.416041135787963867e-01
4.877343177795410156e-01
4.390395283699035645e-01
3.668921887874603271e-01
8.127504587173461914e-01
7.844394445419311523e-02
8.324161916971206665e-02
3.850118219852447510e-01
1.226354464888572693e-01
3.596788346767425537e-01
8.955082297325134277e-02
2.057457268238067627e-01
3.030933737754821777e-01
6.186632066965103149e-02
4.329789280891418457e-01
4.602493047714233398e-01
1.990217417478561401e-01
1.608020067214965820e-01
2.074979804456233978e-02
6.361330300569534302e-02
9.271358847618103027e-01
2.154995799064636230e-01
3.854323551058769226e-02
8.023108243942260742e-01
7.640691101551055908e-02
1.537437438964843750e-01
5.659016370773315430e-01
8.640202693641185760e-03
8.492360264062881470e-02
9.236430376768112183e-02
5.923470258712768555e-01
8.686200976371765137e-01
2.555874735116958618e-02
6.417740136384963989e-02
1.604469716548919678e-01
3.588111698627471924e-02
5.272049829363822937e-02
8.508583903312683105e-01
5.445234850049018860e-02
8.998771309852600098e-01
1.835544407367706299e-01
4.658704102039337158e-01
3.267377316951751709e-01
9.042407274246215820e-01
1.475043594837188721e-01
5.040311813354492188e-01
6.444139778614044189e-02
2.522512376308441162e-01
8.494961261749267578e-01
5.058865547180175781e-01
2.054785788059234619e-01
1.764160692691802979e-01
3.653912991285324097e-02
4.718247056007385254e-01
3.400723338127136230e-01
7.847261428833007812e-01
1.205744817852973938e-01
2.123316749930381775e-02
1.295198053121566772e-01
7.686369121074676514e-02
1.470855623483657837e-01
4.630383476614952087e-02
8.225749433040618896e-02
1.313098222017288208e-01
2.064318209886550903e-01
1.549532562494277954e-01
5.014343261718750000e-01
3.731983006000518799e-01
5.067691802978515625e-01
7.344309240579605103e-02
1.223164051771163940e-01
7.901285290718078613e-01
4.482780396938323975e-01
1.751616150140762329e-01
2.319865077733993530e-01
9.764606505632400513e-02
4.035890698432922363e-01
5.760491266846656799e-02
3.893293067812919617e-02
5.735375285148620605e-01
2.638938128948211670e-01
1.510158777236938477e-01
8.893713355064392090e-01
2.298078238964080811e-01
5.317950248718261719e-02
7.262499928474426270e-01
1.048892885446548462e-01
1.591970324516296387e-01
5.603955313563346863e-02
1.312251836061477661e-01
1.426829993724822998e-01
1.627577692270278931e-01
2.185240089893341064e-01
1.659923642873764038e-01
6.047985553741455078e-01
2.932393848896026611e-01
4.326740801334381104e-01
2.406822703778743744e-02
5.792517662048339844e-01
4.258878529071807861e-02
7.287949323654174805e-01
1.881070584058761597e-01
4.806651771068572998e-01
1.633805967867374420e-02
1.497343480587005615e-01
2.757646739482879639e-01
2.510672435164451599e-02
1.821474544703960419e-02
1.277732104063034058e-01
8.128061890602111816e-01
1.585957258939743042e-01
8.738456368446350098e-01
8.682084083557128906e-01
2.905568182468414307e-01
8.664914220571517944e-02
9.440465569496154785e-01
2.651316225528717041e-01
1.896686106920242310e-01
1.992983929812908173e-02
1.629361808300018311e-01
4.425203204154968262e-01
3.918766379356384277e-01
1.352583523839712143e-02
7.237030863761901855e-01
3.326434493064880371e-01
7.522940039634704590e-01
5.256434157490730286e-02
8.829514980316162109e-01
9.370574951171875000e-01
6.772279143333435059e-01
8.696785569190979004e-02
5.872170627117156982e-02
1.330081522464752197e-01
5.419882535934448242e-01
5.958512425422668457e-01
1.560166627168655396e-01
4.539349973201751709e-01
3.920891582965850830e-01
8.451637625694274902e-01
8.786369115114212036e-02
8.626720905303955078e-01
8.818362951278686523e-01
2.527552545070648193e-01
6.033762693405151367e-01
8.514810204505920410e-01
1.331480890512466431e-01
3.002605140209197998e-01
9.055036902427673340e-01
2.111558914184570312e-01
6.896226406097412109e-01
3.245563060045242310e-02
1.648881435394287109e-01
2.587449550628662109e-01
3.627438470721244812e-02
9.423756599426269531e-01
6.261327862739562988e-02
5.469295382499694824e-01
2.439794540405273438e-01
4.114225134253501892e-02
1.109488829970359802e-01
3.753775730729103088e-02
1.160695701837539673e-01
1.508498191833496094e-01
1.785529255867004395e-01
7.898753881454467773e-01
9.113110601902008057e-02
7.886171936988830566e-01
7.041216641664505005e-02
5.298860073089599609e-01
2.997900843620300293e-01
1.514324080199003220e-02
1.216694340109825134e-01
2.418898642063140869e-01
1.831087023019790649e-01
3.072326481342315674e-01
1.099228113889694214e-01
6.715748310089111328e-01
8.896409869194030762e-01
5.973519682884216309e-01
1.698682159185409546e-01
1.382627934217453003e-01
7.712022066116333008e-01
1.592772603034973145e-01
7.365159392356872559e-01
6.301721930503845215e-02
8.074789643287658691e-01
3.435496240854263306e-02
1.942950338125228882e-01
8.805537819862365723e-01
1.496998965740203857e-01
1.774330884218215942e-01
4.817694425582885742e-01
2.540860474109649658e-01
3.361162915825843811e-02
6.145082414150238037e-02
1.148296818137168884e-01
1.172887235879898071e-01
1.100388243794441223e-01
5.426850318908691406e-01
7.684890031814575195e-01
1.935696154832839966e-01
4.236522689461708069e-02
2.415964566171169281e-02
5.498602986335754395e-02
7.531729340553283691e-01
3.100220263004302979e-01
2.751348726451396942e-02
8.292037248611450195e-01
4.071505069732666016e-01
1.076142713427543640e-01
1.216555535793304443e-01
2.935926429927349091e-02
2.390540763735771179e-02
1.210001856088638306e-01
5.279293060302734375e-01
8.080012798309326172e-01
5.542517304420471191e-01
5.065411329269409180e-01
3.165970742702484131e-02
6.216346099972724915e-02
1.118375137448310852e-01
4.676289558410644531e-01
1.512171924114227295e-01
8.958820104598999023e-01
7.338086366653442383e-01
3.385191261768341064e-01
1.256001144647598267e-01
3.255042731761932373e-01
1.570788621902465820e-01
2.174347043037414551e-01
8.901439309120178223e-01
6.015872955322265625e-01
3.735389709472656250e-01
9.901666641235351562e-02
1.985679008066654205e-02
3.091638721525669098e-02
6.881788372993469238e-02
6.153953075408935547e-02
3.975052386522293091e-02
4.393309354782104492e-01
1.134663820266723633e-01
8.928992599248886108e-02
9.043951630592346191e-01
1.576355546712875366e-01
1.840411685407161713e-02
1.572876274585723877e-01
4.750373214483261108e-02
3.517473861575126648e-02
1.744667589664459229e-01
7.301496267318725586e-01
2.187399268150329590e-01
8.531846404075622559e-01
1.153972372412681580e-02
1.766752004623413086e-01
3.531959950923919678e-01
7.844969630241394043e-02
6.322476863861083984e-01
3.424062579870223999e-02
1.716934517025947571e-02
5.207675695419311523e-02
4.297479614615440369e-02
5.364455580711364746e-01
1.789745539426803589e-01
6.842117309570312500e-01
7.437608391046524048e-02
1.096183434128761292e-01
1.202566847205162048e-01
8.037718385457992554e-02
3.107588291168212891e-01
1.988672465085983276e-01
8.227111399173736572e-02
8.597278594970703125e-01
2.101518958806991577e-01
2.339588105678558350e-01
9.403014779090881348e-01
1.634712219238281250e-01
5.167068168520927429e-02
3.251928985118865967e-01
5.105225741863250732e-02
1.461543887853622437e-01
1.100826263427734375e-01
5.120332911610603333e-02
7.501787692308425903e-02
1.077967286109924316e-01
7.679234445095062256e-02
8.883336782455444336e-01
1.938563138246536255e-01
4.173739999532699585e-02
4.679249599575996399e-02
9.099692702293395996e-01
7.042589187622070312e-01
2.336816340684890747e-01
1.520440280437469482e-01
2.442307472229003906e-01
2.439168244600296021e-01
1.138317808508872986e-01
2.736875116825103760e-01
1.132175140082836151e-02
6.937532871961593628e-02
1.167506650090217590e-01
6.605754047632217407e-02
1.673907637596130371e-01
1.275462061166763306e-01
6.130042672157287598e-01
1.485508382320404053e-01
8.117218613624572754e-01
1.772580444812774658e-01
1.923242658376693726e-01
3.511943668127059937e-02
8.666622042655944824e-01
4.496130943298339844e-01
6.498570442199707031e-01
8.102889657020568848e-01
4.061012268066406250e-01
2.935849130153656006e-01
1.856277137994766235e-01
1.219789013266563416e-01
1.049338355660438538e-01
1.504137832671403885e-02
5.723187327384948730e-01
3.829403519630432129e-01
7.577070593833923340e-01
2.001445181667804718e-02
1.886188089847564697e-01
8.453308045864105225e-02
2.363578081130981445e-01
6.232580170035362244e-02
7.835356891155242920e-02
5.203800201416015625e-01
4.539518952369689941e-01
1.841716282069683075e-02
4.648935794830322266e-02
2.484330385923385620e-01
2.029379829764366150e-02
9.995112568140029907e-02
1.551783531904220581e-01
7.230281829833984375e-02
1.971122026443481445e-01
3.647326231002807617e-01
8.535250425338745117e-01
4.732404947280883789e-01
9.146056324243545532e-02
5.820851027965545654e-02
2.720969319343566895e-01
3.382575884461402893e-02
3.591706156730651855e-01
3.138726949691772461e-01
5.215620994567871094e-02
6.019068956375122070e-01
5.969073995947837830e-02
5.613245964050292969e-01
5.500127002596855164e-02
1.651456505060195923e-01
2.797899022698402405e-02
8.230572938919067383e-01
1.250695735216140747e-01
1.789204776287078857e-02
3.081975877285003662e-01
7.105593681335449219e-01
2.975526452064514160e-01
2.885020710527896881e-02
3.233637660741806030e-02
4.039765298366546631e-01
2.577504813671112061e-01
3.567872196435928345e-02
4.273824021220207214e-02
1.647741198539733887e-01
1.250707656145095825e-01
1.367285549640655518e-01
4.958977550268173218e-02
1.165558323264122009e-01
2.977247163653373718e-02
6.706997752189636230e-02
9.295467138290405273e-01
3.297852277755737305e-01
5.445351079106330872e-02
9.576391577720642090e-01
1.842636018991470337e-01
3.584276139736175537e-01
2.948666177690029144e-02
5.394285321235656738e-01
4.496731758117675781e-01
1.554585341364145279e-02
7.428326606750488281e-01
8.247272968292236328e-01
3.544134497642517090e-01
6.456441711634397507e-03
2.403506785631179810e-01
1.660176068544387817e-01
3.348349034786224365e-01
4.572090208530426025e-01
1.031656935811042786e-01
1.256552189588546753e-01
1.797083318233489990e-01
8.588358759880065918e-02
1.298974007368087769e-01
5.347349047660827637e-01
1.698273047804832458e-02
7.419742643833160400e-02
5.330448970198631287e-02
8.099642992019653320e-01
1.836110949516296387e-01
5.163896083831787109e-01
7.747557014226913452e-02
4.515153467655181885e-01
1.889237612485885620e-01
4.614195972681045532e-02
8.884356021881103516e-01
9.225467592477798462e-02
5.330091714859008789e-01
8.782179355621337891e-01
1.173271536827087402e-01
2.597185969352722168e-02
5.020462274551391602e-01
3.733140975236892700e-02
6.863104701042175293e-01
4.207389801740646362e-02
5.722799524664878845e-02
2.276768982410430908e-01
7.173750400543212891e-01
3.179349303245544434e-01
5.931833386421203613e-01
2.205216884613037109e-01
2.185868918895721436e-01
4.045166075229644775e-01
5.373031646013259888e-02
1.264061182737350464e-01
2.962015569210052490e-02
1.759820431470870972e-01
1.985611468553543091e-01
3.397352397441864014e-01
6.221742630004882812e-01
1.867427527904510498e-01
1.919293850660324097e-01
9.091856479644775391e-01
6.486406177282333374e-02
6.542835235595703125e-01
1.312121599912643433e-01
1.594202816486358643e-01
1.378152519464492798e-01
5.014459416270256042e-02
7.913799881935119629e-01
5.760724544525146484e-01
1.358962059020996094e-01
5.873855948448181152e-01
8.507053256034851074e-01
9.489601254463195801e-01
9.317933917045593262e-01
1.456595119088888168e-02
1.114385351538658142e-01
1.493870764970779419e-01
1.731587201356887817e-01
8.767315745353698730e-01
1.884856522083282471e-01
1.448199599981307983e-01
2.057682722806930542e-01
3.700512275099754333e-02
8.426209092140197754e-01
1.125465333461761475e-02
1.366086956113576889e-02
6.430284976959228516e-01
2.651078253984451294e-02
7.394831627607345581e-02
2.622660696506500244e-01
4.478288292884826660e-01
9.031969904899597168e-01
1.284554041922092438e-02
4.030736535787582397e-02
1.242483556270599365e-01
8.232358694076538086e-01
8.748788833618164062e-01
1.096198521554470062e-02
8.084170818328857422e-01
1.979666203260421753e-02
3.800126314163208008e-01
1.341447085142135620e-01
6.225370168685913086e-01
2.245147228240966797e-01
6.377918273210525513e-02
1.589965522289276123e-01
7.006103992462158203e-01
5.768954381346702576e-02
1.543735992163419724e-02
6.559956073760986328e-01
1.974727399647235870e-02
5.494004860520362854e-02
4.621299207210540771e-01
3.268585205078125000e-01
2.551714330911636353e-02
6.269475221633911133e-01
3.217825591564178467e-01
1.167791411280632019e-01
1.661056093871593475e-02
3.246476948261260986e-01
8.246825337409973145e-01
7.797499299049377441e-01
8.479701876640319824e-01
2.279563546180725098e-01
2.697653472423553467e-01
1.112528592348098755e-01
3.101682066917419434e-01
1.001177281141281128e-01
8.061292767524719238e-02
8.770994096994400024e-02
6.022169589996337891e-01
8.291218280792236328e-01
7.007389664649963379e-01
5.653846636414527893e-02
3.277980685234069824e-01
7.428563386201858521e-02
1.605411618947982788e-01
8.772528171539306641e-01
3.897941112518310547e-01
5.485519394278526306e-02
2.993150614202022552e-02
3.986086323857307434e-02
1.644425094127655029e-02
1.862028688192367554e-01
8.251464366912841797e-01
1.729327738285064697e-01
1.360663399100303650e-02
4.231731593608856201e-02
3.188216686248779297e-01
6.527751088142395020e-01
3.070288524031639099e-02
1.486486643552780151e-01
4.636251032352447510e-01
7.970706224441528320e-01
2.354829944670200348e-02
3.763458505272865295e-02
2.509301006793975830e-01
7.058078050613403320e-01
2.419176250696182251e-01
1.452913880348205566e-02
3.854416310787200928e-01
8.619213104248046875e-01
8.240480422973632812e-01
3.198823034763336182e-01
2.228283286094665527e-01
5.773831903934478760e-02
7.032908201217651367e-01
2.122202962636947632e-01
1.122077852487564087e-01
2.782086133956909180e-01
5.810387730598449707e-01
1.376368105411529541e-01
3.138712421059608459e-02
1.553624495863914490e-02
4.992853999137878418e-01
3.437290787696838379e-01
1.413186453282833099e-02
2.848086953163146973e-01
6.878862380981445312e-01
2.522655129432678223e-01
4.556220471858978271e-01
2.736256122589111328e-01
9.105147421360015869e-02
4.033503308892250061e-02
6.502229720354080200e-02
7.079402208328247070e-01
9.108403921127319336e-01
1.606247574090957642e-02
9.187026023864746094e-01
9.455910921096801758e-01
4.460065364837646484e-01
3.607227504253387451e-01
5.705902576446533203e-01
3.715870901942253113e-02
5.135263204574584961e-01
5.971338748931884766e-01
7.221500277519226074e-01
7.611147761344909668e-01
7.773143053054809570e-02
1.913325488567352295e-01
9.484295547008514404e-02
4.398661553859710693e-01
1.898637562990188599e-01
2.393749803304672241e-01
2.279274761676788330e-01
7.334284782409667969e-01
6.420534104108810425e-02
1.865272074937820435e-01
3.787474930286407471e-01
1.703920215368270874e-01
3.956503570079803467e-01
4.313129782676696777e-01
3.007770180702209473e-01
1.670110225677490234e-02
6.190149188041687012e-01
4.494637250900268555e-02
3.134774267673492432e-01
7.219393253326416016e-01
2.639561332762241364e-02
6.758976727724075317e-02
2.856715954840183258e-02
1.704393923282623291e-01
9.571233391761779785e-01
3.155120611190795898e-01
9.142028093338012695e-01
3.330828621983528137e-02
1.024577766656875610e-02
1.353093888610601425e-02
8.058831095695495605e-01
1.558579951524734497e-01
6.508124470710754395e-01
3.397432863712310791e-01
1.391806900501251221e-01
5.548344179987907410e-02
1.603316366672515869e-01
5.644452571868896484e-01
9.038866758346557617e-01
1.143465284258127213e-02
4.096814244985580444e-02
8.357580304145812988e-01
8.833921700716018677e-02
3.163716197013854980e-02
3.060791790485382080e-01
1.142501756548881531e-01
1.449587196111679077e-01
1.463410556316375732e-01
2.662881314754486084e-01
2.823676168918609619e-02
7.601408660411834717e-02
8.580704778432846069e-02
7.071842998266220093e-02
5.902796387672424316e-01
4.682709574699401855e-01
1.103846132755279541e-01
4.744429141283035278e-02
6.660049408674240112e-02
8.121699094772338867e-02
2.308256924152374268e-01
1.225463747978210449e-01
3.601183891296386719e-01
2.577173709869384766e-02
1.948511302471160889e-01
9.418720006942749023e-01
5.601189658045768738e-02
1.160357892513275146e-01
1.794411987066268921e-01
5.062901973724365234e-01
2.033050656318664551e-01
8.404444903135299683e-02
2.403289228677749634e-01
9.190524220466613770e-01
6.615934520959854126e-02
1.049539297819137573e-01
6.239328160881996155e-02
4.284793511033058167e-02
4.480834677815437317e-02
6.286525130271911621e-01
3.476639389991760254e-01
1.568278521299362183e-01
9.004687070846557617e-01
2.558484375476837158e-01
4.193997383117675781e-01
9.976748377084732056e-02
3.310502320528030396e-02
6.094955801963806152e-01
7.572235912084579468e-02
9.009693749248981476e-03
9.261186718940734863e-01
6.202138662338256836e-01
7.518994212150573730e-01
5.189785957336425781e-01
4.684437438845634460e-02
1.515062451362609863e-01
1.575142592191696167e-01
1.168732196092605591e-01
2.685717046260833740e-01
4.353686422109603882e-02
1.140878051519393921e-01
4.341293275356292725e-01
8.064679056406021118e-02
7.799868583679199219e-01
3.957443833351135254e-01
2.928679883480072021e-01
2.905346639454364777e-02
7.466232776641845703e-01
6.309577226638793945e-01
2.780885696411132812e-01
8.358417153358459473e-01
2.728335261344909668e-01
4.194962680339813232e-01
4.602173715829849243e-02
8.172279000282287598e-01
3.581261634826660156e-01
3.467389196157455444e-02
8.324870467185974121e-01
1.844912618398666382e-01
8.698204159736633301e-01
4.274391755461692810e-02
1.825867742300033569e-01
2.306839823722839355e-01
2.847987413406372070e-01
2.113517373800277710e-01
9.065429568290710449e-01
1.688668429851531982e-01
2.353880852460861206e-01
1.275965012609958649e-02
8.726577758789062500e-01
6.156430765986442566e-02
1.382494717836380005e-02
7.840847969055175781e-01
7.173551321029663086e-01
3.156976699829101562e-01
3.789371252059936523e-02
3.011203706264495850e-01
2.854346930980682373e-01
8.502867817878723145e-01
1.036726310849189758e-01
8.592728972434997559e-01
1.356052327901124954e-02
2.156813293695449829e-01
2.350703440606594086e-02
3.928043246269226074e-01
3.314434736967086792e-02
4.244824647903442383e-01
1.987520903348922729e-01
2.523360252380371094e-01
3.642015755176544189e-01
4.129001125693321228e-02
6.119726896286010742e-01
6.859054565429687500e-01
1.359206438064575195e-01
6.674250364303588867e-01
7.254441082477569580e-02
3.287225365638732910e-01
8.275291323661804199e-01
7.390182018280029297e-01
1.145299300551414490e-01
1.612291485071182251e-01
3.483301773667335510e-02
1.373158395290374756e-01
3.739619255065917969e-01
9.096382558345794678e-02
8.949965834617614746e-01
2.850029468536376953e-01
6.080621480941772461e-01
9.453366696834564209e-02
7.352058887481689453e-01
1.754962056875228882e-01
2.270298600196838379e-01
3.265048190951347351e-02
3.576025366783142090e-02
1.561959832906723022e-01
8.197261095046997070e-01
4.092942774295806885e-01
1.613401770591735840e-01
3.726508095860481262e-02
6.807969212532043457e-01
9.396145343780517578e-01
6.987314224243164062e-01
1.187439709901809692e-01
2.046691626310348511e-01
5.146927237510681152e-01
5.395113229751586914e-01
8.699772953987121582e-01
3.530369326472282410e-02
8.728142976760864258e-01
9.046850800514221191e-01
2.654998898506164551e-01
9.068037271499633789e-01
2.884296178817749023e-01
1.397340558469295502e-02
4.942566454410552979e-01
1.935960054397583008e-01
5.977229475975036621e-01
1.867205649614334106e-01
6.838337182998657227e-01
5.329492092132568359e-01
1.132100969552993774e-01
6.213786602020263672e-01
7.424165606498718262e-01
7.894710302352905273e-01
2.322920970618724823e-02
1.434639245271682739e-01
5.844440460205078125e-01
2.015330344438552856e-01
2.449703514575958252e-01
3.641614019870758057e-01
3.842055201530456543e-01
8.887349963188171387e-01
6.731501817703247070e-01
5.795766040682792664e-02
2.919925563037395477e-02
1.093419864773750305e-01
1.111383456736803055e-02
2.414832860231399536e-01
8.755121380090713501e-02
4.831956624984741211e-01
5.777458474040031433e-02
1.013619080185890198e-02
4.435098469257354736e-01
2.646345794200897217e-01
3.316639736294746399e-02
5.880690813064575195e-01
4.972384124994277954e-02
6.171679496765136719e-01
5.325570106506347656e-01
5.110259726643562317e-02
1.843482851982116699e-01
1.035136822611093521e-02
2.224193960428237915e-01
1.197800636291503906e-01
6.772983819246292114e-02
3.439894318580627441e-02
3.636824339628219604e-02
2.776087224483489990e-01
7.858923822641372681e-02
3.403630107641220093e-02
1.049935594201087952e-01
1.635487824678421021e-01
4.773364067077636719e-01
5.610857605934143066e-01
2.185051888227462769e-02
3.447839617729187012e-02
4.525396525859832764e-01
1.999582052230834961e-01
3.197766467928886414e-02
9.416529536247253418e-01
6.803272962570190430e-01
1.455228924751281738e-01
1.269929558038711548e-01
2.212202996015548706e-01
5.778519809246063232e-02
1.129362210631370544e-01
6.412479281425476074e-01
1.454430073499679565e-01
4.560559689998626709e-01
5.232392549514770508e-01
3.118112087249755859e-01
1.606720127165317535e-02
1.518495678901672363e-01
8.134873956441879272e-02
1.908597648143768311e-01
3.169702887535095215e-01
3.399851918220520020e-01
2.916278243064880371e-01
1.501889973878860474e-01
9.417472481727600098e-01
2.816250734031200409e-02
1.538065075874328613e-01
8.675675988197326660e-01
4.770434200763702393e-01
4.640921056270599365e-01
5.487262606620788574e-01
2.675624489784240723e-01
1.261213421821594238e-01
7.481476068496704102e-01
2.154740691184997559e-01
1.685210913419723511e-01
8.804666996002197266e-01
1.845849454402923584e-01
7.329722642898559570e-01
7.247145771980285645e-01
4.516850411891937256e-02
8.223883807659149170e-03
4.035207033157348633e-01
1.570865660905838013e-01
3.102946840226650238e-02
4.490101039409637451e-01
9.399558901786804199e-01
6.971683353185653687e-02
1.928344368934631348e-02
7.999906688928604126e-02
1.561376173049211502e-02
1.042003259062767029e-01
3.178808093070983887e-02
9.171462804079055786e-02
1.686727628111839294e-02
1.411904841661453247e-01
1.168770194053649902e-01
8.616933226585388184e-01
3.128812909126281738e-01
8.362438678741455078e-01
9.394020587205886841e-02
9.193740040063858032e-02
4.773635268211364746e-01
6.099810600280761719e-01
3.245377913117408752e-02
3.484421968460083008e-01
3.330456912517547607e-01
2.624670788645744324e-02
9.095945954322814941e-01
2.405643016099929810e-01
1.703236848115921021e-01
2.164188027381896973e-02
1.206447333097457886e-01
1.239571571350097656e-01
6.773140430450439453e-01
1.168026700615882874e-01
1.078048646450042725e-01
3.878878429532051086e-02
2.839200198650360107e-01
1.312155723571777344e-01
8.412946015596389771e-02
1.561036407947540283e-01
2.373357117176055908e-01
1.304283272475004196e-02
6.245613098144531250e-02
1.630354858934879303e-02
3.084061145782470703e-01
1.730621010065078735e-01
8.811106681823730469e-01
8.212989568710327148e-01
2.922722995281219482e-01
