4.216201230883598328e-02
8.797007203102111816e-01
1.025377362966537476e-01
7.279759645462036133e-01
1.923233270645141602e-01
9.455667436122894287e-02
4.609757363796234131e-01
2.273279279470443726e-01
8.673982024192810059e-01
1.023903116583824158e-01
3.652432560920715332e-01
1.669940352439880371e-01
3.972145020961761475e-01
3.647200763225555420e-01
1.042500287294387817e-01
3.261123597621917725e-01
2.933190762996673584e-01
4.423758983612060547e-01
9.556432962417602539e-01
2.404674738645553589e-01
6.062261462211608887e-01
5.536959767341613770e-01
6.931147724390029907e-02
6.615246832370758057e-02
2.169655859470367432e-01
1.096716821193695068e-01
6.724858880043029785e-01
2.112841606140136719e-01
2.455076873302459717e-01
2.175695896148681641e-01
2.104419469833374023e-01
2.182646468281745911e-02
6.236814856529235840e-01
1.441320925951004028e-01
1.326202154159545898e-01
1.721417009830474854e-01
2.000096589326858521e-01
1.395339518785476685e-01
4.849531054496765137e-01
9.062132835388183594e-01
1.949675232172012329e-01
1.687084734439849854e-01
8.081610500812530518e-02
2.261963933706283569e-01
1.224351227283477783e-01
2.845755517482757568e-01
1.779830455780029297e-01
5.945438146591186523e-01
2.786345034837722778e-02
7.260730266571044922e-01
1.611281782388687134e-01
2.741648629307746887e-02
3.097081780433654785e-01
2.697241902351379395e-01
2.312331497669219971e-01
1.073574200272560120e-01
8.509756326675415039e-01
5.166798457503318787e-02
2.727594971656799316e-02
1.796787530183792114e-01
2.283395379781723022e-01
1.863313466310501099e-01
9.856458753347396851e-02
1.329955160617828369e-01
6.841426342725753784e-02
2.134965509176254272e-01
6.778939068317413330e-02
1.590262800455093384e-01
2.973541617393493652e-01
2.211764007806777954e-01
1.635805368423461914e-01
5.299756526947021484e-01
3.690762817859649658e-01
6.568016111850738525e-02
3.095556795597076416e-01
1.059413403272628784e-01
6.971731036901473999e-02
1.588051207363605499e-02
2.626410424709320068e-01
9.114478528499603271e-02
8.795540928840637207e-01
7.545990943908691406e-01
8.021115064620971680e-01
5.460289716720581055e-01
8.982909321784973145e-01
3.790940344333648682e-01
1.364782899618148804e-01
1.462498307228088379e-01
4.012001752853393555e-01
1.777529716491699219e-01
4.657458961009979248e-01
9.273765236139297485e-02
1.173995584249496460e-01
3.699938356876373291e-01
4.857940375804901123e-01
4.564072787761688232e-01
4.098775088787078857e-01
8.556506037712097168e-01
1.036188080906867981e-01
1.607632040977478027e-01
4.016671478748321533e-01
1.567637622356414795e-01
4.746516048908233643e-01
2.002941220998764038e-01
2.990504801273345947e-01
8.987972140312194824e-02
1.795370578765869141e-01
4.312564730644226074e-01
2.496114522218704224e-01
2.220361828804016113e-01
1.965613514184951782e-01
5.741645768284797668e-02
1.069961339235305786e-01
9.148870706558227539e-01
3.269064724445343018e-01
1.065861359238624573e-01
8.403128385543823242e-01
9.999534487724304199e-02
2.643552124500274658e-01
5.620836019515991211e-01
2.187337540090084076e-02
1.345199048519134521e-01
2.064779996871948242e-01
6.044694185256958008e-01
8.093803524971008301e-01
7.165718078613281250e-02
5.623605474829673767e-02
2.523283362388610840e-01
7.058043032884597778e-02
1.084590107202529907e-01
8.711478114128112793e-01
1.662053018808364868e-01
8.802075982093811035e-01
2.517294585704803467e-01
4.882725775241851807e-01
3.167808949947357178e-01
8.600325584411621094e-01
1.715295463800430298e-01
4.834410846233367920e-01
1.647240072488784790e-01
4.655511677265167236e-01
6.941512823104858398e-01
4.254180788993835449e-01
1.769976019859313965e-01
2.375029027462005615e-01
7.766860723495483398e-02
5.211675167083740234e-01
3.869279623031616211e-01
3.200775682926177979e-01
1.763094663619995117e-01
5.973984673619270325e-02
1.832394897937774658e-01
1.086944118142127991e-01
2.008488923311233521e-01
1.008687838912010193e-01
1.524898409843444824e-01
1.922173500061035156e-01
2.691493630409240723e-01
1.932135671377182007e-01
7.269775867462158203e-01
2.894085943698883057e-01
6.672487258911132812e-01
8.360162377357482910e-02
2.165633738040924072e-01
7.556810379028320312e-01
5.646177530288696289e-01
2.223034501075744629e-01
2.615181803703308105e-01
1.453514099121093750e-01
2.283484339714050293e-01
1.458214223384857178e-01
8.467788249254226685e-02
5.176537632942199707e-01
4.885782003402709961e-01
1.688017845153808594e-01
8.572884798049926758e-01
2.028694450855255127e-01
1.094648540019989014e-01
7.175753712654113770e-01
1.752173453569412231e-01
2.299468368291854858e-01
1.016201376914978027e-01
1.961313635110855103e-01
2.214105725288391113e-01
5.291361808776855469e-01
2.634668350219726562e-01
2.702324390411376953e-01
4.243748784065246582e-01
4.824830293655395508e-01
3.653705120086669922e-01
5.618467926979064941e-02
5.824751853942871094e-01
3.886644542217254639e-01
7.426692247390747070e-01
2.705629765987396240e-01
4.390627443790435791e-01
4.182116314768791199e-02
2.073598951101303101e-01
1.886845678091049194e-01
5.300375446677207947e-02
6.578204780817031860e-02
1.601838171482086182e-01
8.183233141899108887e-01
2.224549204111099243e-01
7.872282862663269043e-01
8.875997066497802734e-01
3.525374829769134521e-01
2.167795300483703613e-01
9.538735151290893555e-01
2.204219251871109009e-01
3.242783844470977783e-01
4.300416633486747742e-02
2.971999347209930420e-01
5.153171420097351074e-01
4.053985774517059326e-01
4.772067815065383911e-02
6.866970658302307129e-01
4.566277563571929932e-01
8.048652410507202148e-01
1.404795050621032715e-01
8.834883570671081543e-01
9.423282742500305176e-01
4.498374164104461670e-01
1.045332327485084534e-01
1.880644112825393677e-01
1.978480964899063110e-01
5.801466107368469238e-01
6.468831300735473633e-01
1.572707742452621460e-01
3.856220543384552002e-01
4.100848138332366943e-01
8.801879286766052246e-01
1.562748402357101440e-01
8.429498076438903809e-01
8.905519843101501465e-01
3.055975437164306641e-01
4.190081954002380371e-01
8.942469954490661621e-01
2.360197454690933228e-01
3.496134877204895020e-01
8.111578226089477539e-01
4.079147279262542725e-01
6.969301104545593262e-01
5.189904198050498962e-02
2.309197783470153809e-01
2.295869141817092896e-01
1.325336247682571411e-01
9.304612874984741211e-01
1.003955081105232239e-01
6.260109543800354004e-01
2.137489020824432373e-01
2.571501731872558594e-01
2.156956642866134644e-01
8.308393508195877075e-02
2.074982523918151855e-01
2.231447696685791016e-01
1.947243958711624146e-01
6.399064064025878906e-01
1.327998787164688110e-01
5.585823059082031250e-01
1.420720964670181274e-01
5.586110353469848633e-01
2.724212408065795898e-01
3.986595943570137024e-02
2.531441450119018555e-01
3.692189753055572510e-01
2.027819603681564331e-01
1.796886920928955078e-01
2.234112769365310669e-01
5.883026719093322754e-01
8.647131919860839844e-01
6.910113096237182617e-01
2.389394491910934448e-01
2.070865333080291748e-01
6.306506991386413574e-01
1.525194346904754639e-01
7.367099523544311523e-01
1.152973249554634094e-01
7.870598435401916504e-01
1.538157314062118530e-01
2.217672318220138550e-01
7.782334685325622559e-01
4.236287772655487061e-01
2.481695115566253662e-01
4.263966977596282959e-01
3.068832755088806152e-01
9.552665799856185913e-02
1.581481695175170898e-01
1.995314210653305054e-01
2.446541637182235718e-01
1.900936365127563477e-01
3.501018881797790527e-01
7.283307909965515137e-01
2.066485732793807983e-01
1.562958061695098877e-01
3.680643811821937561e-02
2.062102407217025757e-01
5.757343173027038574e-01
2.505937516689300537e-01
9.702987223863601685e-02
8.763711452484130859e-01
2.649244964122772217e-01
1.438611298799514771e-01
1.828284859657287598e-01
1.195013523101806641e-01
6.893260776996612549e-02
1.700042635202407837e-01
4.816966354846954346e-01
8.191892504692077637e-01
5.315290689468383789e-01
4.929723739624023438e-01
1.664959490299224854e-01
1.604260504245758057e-01
1.507266610860824585e-01
4.218142330646514893e-01
2.218582034111022949e-01
9.195584654808044434e-01
7.030805349349975586e-01
3.197422921657562256e-01
2.165492326021194458e-01
4.169389009475708008e-01
2.627144753932952881e-01
2.764712274074554443e-01
8.984946012496948242e-01
6.205472350120544434e-01
3.756276369094848633e-01
2.946094572544097900e-01
7.088281214237213135e-02
7.742298394441604614e-02
9.497913718223571777e-02
6.488630920648574829e-02
1.774228513240814209e-01
3.840088844299316406e-01
1.400669664144515991e-01
1.834795027971267700e-01
8.565235733985900879e-01
2.992013692855834961e-01
3.554761037230491638e-02
2.499875426292419434e-01
1.400499939918518066e-01
1.373102664947509766e-01
2.492941915988922119e-01
6.932164430618286133e-01
2.818842232227325439e-01
8.145676851272583008e-01
2.183719165623188019e-02
3.044860064983367920e-01
3.059194386005401611e-01
1.666070669889450073e-01
6.130748987197875977e-01
1.277151256799697876e-01
3.362834826111793518e-02
1.257241517305374146e-01
1.548356264829635620e-01
4.875659942626953125e-01
1.324328035116195679e-01
5.257521271705627441e-01
1.256472915410995483e-01
1.495878845453262329e-01
2.556028664112091064e-01
1.508845388889312744e-01
4.279323816299438477e-01
2.622200250625610352e-01
1.352970749139785767e-01
5.786161422729492188e-01
2.068808525800704956e-01
2.361238002777099609e-01
9.557847380638122559e-01
2.011768072843551636e-01
3.202643692493438721e-01
4.086751341819763184e-01
1.240689307451248169e-01
1.509647965431213379e-01
1.769037991762161255e-01
1.070033460855484009e-01
1.208039075136184692e-01
1.832445412874221802e-01
1.154314950108528137e-01
8.550471067428588867e-01
1.966501921415328979e-01
1.029010117053985596e-01
8.019655942916870117e-02
8.788682222366333008e-01
4.967458546161651611e-01
2.983905076980590820e-01
8.337122201919555664e-02
2.780767679214477539e-01
2.720382809638977051e-01
2.265389561653137207e-01
2.888958752155303955e-01
2.385529875755310059e-02
7.630541920661926270e-02
1.586647331714630127e-01
1.279404759407043457e-01
1.992577612400054932e-01
9.507711231708526611e-02
6.787173748016357422e-01
2.236333638429641724e-01
7.885538935661315918e-01
2.639607787132263184e-01
2.844244539737701416e-01
5.430426448583602905e-02
7.944231629371643066e-01
4.164719581604003906e-01
7.070335745811462402e-01
7.644516825675964355e-01
5.287232995033264160e-01
3.228525519371032715e-01
2.357721477746963501e-01
2.026658803224563599e-01
1.605030149221420288e-01
3.327515348792076111e-02
3.578052520751953125e-01
5.335434675216674805e-01
7.950511574745178223e-01
6.767349690198898315e-02
2.583655416965484619e-01
4.846551418304443359e-01
1.494352519512176514e-01
6.351476162672042847e-02
9.703832119703292847e-02
6.049667596817016602e-01
5.666554570198059082e-01
2.903840504586696625e-02
1.350135505199432373e-01
3.350947499275207520e-01
4.352571815252304077e-02
3.697885870933532715e-01
1.571339517831802368e-01
1.701032370328903198e-01
2.900447249412536621e-01
2.382644265890121460e-01
5.046443939208984375e-01
4.974226355552673340e-01
2.961911559104919434e-01
1.088102757930755615e-01
3.191046714782714844e-01
5.888491868972778320e-02
3.596912324428558350e-01
2.883722186088562012e-01
1.267920583486557007e-01
5.279225111007690430e-01
1.504237800836563110e-01
7.420228719711303711e-01
1.164241954684257507e-01
2.889192402362823486e-01
6.535103172063827515e-02
6.396712064743041992e-01
1.067530289292335510e-01
3.838117793202400208e-02
2.997778356075286865e-01
7.030084729194641113e-01
3.597779273986816406e-01
7.209388166666030884e-02
5.800430849194526672e-02
4.493669569492340088e-01
3.242186605930328369e-01
1.385955661535263062e-01
7.297258824110031128e-02
2.637829482555389404e-01
2.314463257789611816e-01
2.068051993846893311e-01
1.114912182092666626e-01
2.985188961029052734e-01
5.159202218055725098e-02
1.169561296701431274e-01
9.092434048652648926e-01
3.483246564865112305e-01
1.330207884311676025e-01
9.644923806190490723e-01
2.270676940679550171e-01
4.442823231220245361e-01
1.177784875035285950e-01
6.067249178886413574e-01
4.362776875495910645e-01
4.554316028952598572e-02
8.431489467620849609e-01
8.194293975830078125e-01
3.013038337230682373e-01
1.405704300850629807e-02
2.701395750045776367e-01
2.410735934972763062e-01
2.542940974235534668e-01
3.410346210002899170e-01
1.746406704187393188e-01
2.055097669363021851e-01
2.125771641731262207e-01
1.671457737684249878e-01
1.434117853641510010e-01
3.489685058593750000e-01
2.413720451295375824e-02
1.635988503694534302e-01
8.709921687841415405e-02
7.038244009017944336e-01
3.534768521785736084e-01
4.690097570419311523e-01
2.073560506105422974e-01
4.404537379741668701e-01
2.444165349006652832e-01
1.253833621740341187e-01
8.737697601318359375e-01
1.774247139692306519e-01
4.697010517120361328e-01
9.042210578918457031e-01
3.188280463218688965e-01
5.346028506755828857e-02
4.587396085262298584e-01
1.134450510144233704e-01
8.449410796165466309e-01
1.180844530463218689e-01
1.506531238555908203e-01
3.075973689556121826e-01
7.744088172912597656e-01
3.646609485149383545e-01
5.913095474243164062e-01
4.948553740978240967e-01
3.294165134429931641e-01
4.529262483119964600e-01
1.676335632801055908e-01
2.007950991392135620e-01
1.932816207408905029e-01
2.806276679039001465e-01
2.197463512420654297e-01
3.430992364883422852e-01
6.342076659202575684e-01
8.248059451580047607e-02
2.747045159339904785e-01
8.552966117858886719e-01
1.088906452059745789e-01
5.477215051651000977e-01
1.548544764518737793e-01
1.432160735130310059e-01
2.585109770298004150e-01
1.125187650322914124e-01
6.411547064781188965e-01
5.171881318092346191e-01
1.178297773003578186e-01
5.425069928169250488e-01
8.553094267845153809e-01
9.355057477951049805e-01
9.332987666130065918e-01
2.397317811846733093e-02
1.989155560731887817e-01
2.123844474554061890e-01
2.269126921892166138e-01
8.952825665473937988e-01
2.197297364473342896e-01
2.029924541711807251e-01
2.360585331916809082e-01
1.370841562747955322e-01
8.316920995712280273e-01
2.594476193189620972e-02
9.421835094690322876e-02
4.805493652820587158e-01
5.642347037792205811e-02
1.592278182506561279e-01
2.424527704715728760e-01
3.653141260147094727e-01
9.109459519386291504e-01
2.231864072382450104e-02
9.764111042022705078e-02
1.331224441528320312e-01
7.264755964279174805e-01
8.659147620201110840e-01
2.182100899517536163e-02
6.776485443115234375e-01
9.212734550237655640e-02
4.642825126647949219e-01
1.976839154958724976e-01
6.714082360267639160e-01
3.395134806632995605e-01
9.896861016750335693e-02
3.029530644416809082e-01
6.772354245185852051e-01
1.035778000950813293e-01
2.826658822596073151e-02
4.646075367927551270e-01
5.549681186676025391e-02
1.152377575635910034e-01
4.889658391475677490e-01
3.985292911529541016e-01
6.028703972697257996e-02
4.486098587512969971e-01
3.304790556430816650e-01
1.849910914897918701e-01
4.896344244480133057e-02
1.863951236009597778e-01
8.673511147499084473e-01
8.019739389419555664e-01
7.262791395187377930e-01
3.057344555854797363e-01
2.918482720851898193e-01
1.525163650512695312e-01
3.473937511444091797e-01
1.769842654466629028e-01
1.291776448488235474e-01
9.992294758558273315e-02
4.970209300518035889e-01
7.354308366775512695e-01
7.717582583427429199e-01
1.182817369699478149e-01
4.210337698459625244e-01
2.027626633644104004e-01
2.576155960559844971e-01
7.430516481399536133e-01
3.990667462348937988e-01
1.352796256542205811e-01
8.835544437170028687e-02
1.118350103497505188e-01
4.138796031475067139e-02
2.317959964275360107e-01
8.894525170326232910e-01
2.250945568084716797e-01
4.266734793782234192e-02
1.494718492031097412e-01
3.464317619800567627e-01
7.411155104637145996e-01
9.378345310688018799e-02
2.359749078750610352e-01
4.302216470241546631e-01
8.675113916397094727e-01
1.153431311249732971e-01
1.236768960952758789e-01
2.675035297870635986e-01
4.974140226840972900e-01
3.004459142684936523e-01
2.218376658856868744e-02
3.007749617099761963e-01
8.953984975814819336e-01
4.970212876796722412e-01
4.373280405998229980e-01
4.277498722076416016e-01
1.066364124417304993e-01
4.374716281890869141e-01
2.769057750701904297e-01
1.770282685756683350e-01
2.448098659515380859e-01
5.752366185188293457e-01
2.022203505039215088e-01
5.236349627375602722e-02
3.487420082092285156e-02
4.128555953502655029e-01
2.420144528150558472e-01
2.147470042109489441e-02
2.955073118209838867e-01
7.854924201965332031e-01
3.243437409400939941e-01
5.364469289779663086e-01
2.177144885063171387e-01
2.145192772150039673e-01
2.114458233118057251e-01
1.007778346538543701e-01
4.464383125305175781e-01
9.117962718009948730e-01
2.563150040805339813e-02
9.352445006370544434e-01
9.652137756347656250e-01
4.598762392997741699e-01
2.765346169471740723e-01
5.786612033843994141e-01
1.160371005535125732e-01
5.125626921653747559e-01
6.410193443298339844e-01
7.488471865653991699e-01
7.113929986953735352e-01
1.060185208916664124e-01
1.665484160184860229e-01
2.978428602218627930e-01
4.782891869544982910e-01
1.925228387117385864e-01
2.550295293331146240e-01
5.083521008491516113e-01
4.712705910205841064e-01
1.507891267538070679e-01
2.787546217441558838e-01
2.798326313495635986e-01
2.180605083703994751e-01
3.121897876262664795e-01
5.745244026184082031e-01
3.761340677738189697e-01
3.019200265407562256e-02
5.079213976860046387e-01
7.716225087642669678e-02
3.072523176670074463e-01
7.044910788536071777e-01
6.311666965484619141e-02
1.350656747817993164e-01
1.060809493064880371e-01
2.237509638071060181e-01
9.559984207153320312e-01
3.918069601058959961e-01
8.781683444976806641e-01
8.459534496068954468e-02
1.556016132235527039e-02
2.645269408822059631e-02
8.845795989036560059e-01
2.165942490100860596e-01
5.228927135467529297e-01
3.169147074222564697e-01
1.785539984703063965e-01
9.551399201154708862e-02
2.034497559070587158e-01
5.748919844627380371e-01
8.815180659294128418e-01
3.335547447204589844e-02
6.078136339783668518e-02
8.551965951919555664e-01
1.756134629249572754e-01
6.620654463768005371e-02
3.118186593055725098e-01
1.630008071660995483e-01
2.066760510206222534e-01
1.135478392243385315e-01
3.708297908306121826e-01
8.224095404148101807e-02
1.701444536447525024e-01
6.056955456733703613e-02
2.719641029834747314e-01
4.552361965179443359e-01
5.178362131118774414e-01
1.633074581623077393e-01
1.269905418157577515e-01
8.223637938499450684e-02
7.239897549152374268e-02
2.870382070541381836e-01
1.730158627033233643e-01
4.687738120555877686e-01
9.477485716342926025e-02
2.473094463348388672e-01
9.552760720252990723e-01
1.385054737329483032e-01
2.461100518703460693e-01
1.879543364048004150e-01
5.089991688728332520e-01
2.635495066642761230e-01
2.763124406337738037e-01
3.287383019924163818e-01
9.051196575164794922e-01
1.303112655878067017e-01
1.488387584686279297e-01
9.243176132440567017e-02
1.605453342199325562e-01
9.417613595724105835e-02
6.309366226196289062e-01
5.384059548377990723e-01
1.925066262483596802e-01
9.042354822158813477e-01
3.083534240722656250e-01
4.760167896747589111e-01
1.771058738231658936e-01
1.493543982505798340e-01
5.484808087348937988e-01
9.053693711757659912e-02
1.425999961793422699e-02
9.232928156852722168e-01
7.379125356674194336e-01
5.072402954101562500e-01
6.044737100601196289e-01
1.033395230770111084e-01
2.000484019517898560e-01
2.359808832406997681e-01
2.007699906826019287e-01
3.646102547645568848e-01
5.833532288670539856e-02
1.620017439126968384e-01
2.736597061157226562e-01
1.494349241256713867e-01
6.143144965171813965e-01
4.513050019741058350e-01
3.559882938861846924e-01
6.186376512050628662e-02
5.936442613601684570e-01
6.924345493316650391e-01
2.605916261672973633e-01
8.433141708374023438e-01
4.776558876037597656e-01
4.617965519428253174e-01
8.637408912181854248e-02
7.564436793327331543e-01
3.561359941959381104e-01
8.059728890657424927e-02
8.119746446609497070e-01
2.712520956993103027e-01
8.605941534042358398e-01
9.550066292285919189e-02
2.775152325630187988e-01
3.318352401256561279e-01
3.391576111316680908e-01
3.922572433948516846e-01
8.919358253479003906e-01
1.581969261169433594e-01
2.902160882949829102e-01
1.926508173346519470e-02
8.706042766571044922e-01
1.396969109773635864e-01
4.076920077204704285e-02
8.400925993919372559e-01
8.121377229690551758e-01
2.655178606510162354e-01
1.196527332067489624e-01
4.463026523590087891e-01
4.104160964488983154e-01
8.002777099609375000e-01
2.107691317796707153e-01
8.914880156517028809e-01
2.767337299883365631e-02
2.870605587959289551e-01
4.492942243814468384e-02
4.538430571556091309e-01
1.262909471988677979e-01
3.881182670593261719e-01
2.921039462089538574e-01
1.927571892738342285e-01
4.212682545185089111e-01
1.295970082283020020e-01
6.018179655075073242e-01
8.602082729339599609e-01
1.731229871511459351e-01
5.009014010429382324e-01
6.561720371246337891e-02
3.354754447937011719e-01
8.500627279281616211e-01
6.981425285339355469e-01
2.185382843017578125e-01
2.829025685787200928e-01
1.148628145456314087e-01
2.399744987487792969e-01
2.953432686626911163e-02
1.901123076677322388e-01
9.393308758735656738e-01
2.272899448871612549e-01
6.769717335700988770e-01
1.283580958843231201e-01
6.188330054283142090e-01
1.558046042919158936e-01
2.404344826936721802e-01
7.500045746564865112e-02
7.569379359483718872e-02
2.143204808235168457e-01
8.581669926643371582e-01
3.488309979438781738e-01
2.095938920974731445e-01
1.194293573498725891e-01
5.822235345840454102e-01
9.343360066413879395e-01
4.885408580303192139e-01
1.514746546745300293e-01
2.246854007244110107e-01
5.214088559150695801e-01
6.227651238441467285e-01
8.339814543724060059e-01
7.364416867494583130e-02
8.575038909912109375e-01
8.660132884979248047e-01
4.481840133666992188e-01
8.816163539886474609e-01
3.435417115688323975e-01
2.106184139847755432e-02
5.956743359565734863e-01
2.744108736515045166e-01
7.143412828445434570e-01
2.345822304487228394e-01
6.042495965957641602e-01
3.770102858543395996e-01
1.864774972200393677e-01
5.261092185974121094e-01
7.175059914588928223e-01
7.950545549392700195e-01
3.586988523602485657e-02
1.571048647165298462e-01
5.941060185432434082e-01
3.346859216690063477e-01
3.782459199428558350e-01
2.544205486774444580e-01
3.467844128608703613e-01
8.506042361259460449e-01
8.182292580604553223e-01
1.812521815299987793e-01
9.853688627481460571e-02
2.473777383565902710e-01
2.295944839715957642e-02
1.859268099069595337e-01
1.586750596761703491e-01
4.636856615543365479e-01
1.104413717985153198e-01
1.749061979353427887e-02
3.648320436477661133e-01
2.676984965801239014e-01
1.029825136065483093e-01
4.636398553848266602e-01
1.045512333512306213e-01
6.976984739303588867e-01
3.870489895343780518e-01
9.704342484474182129e-02
1.966926902532577515e-01
2.187687903642654419e-02
3.735237419605255127e-01
2.110249847173690796e-01
2.148725986480712891e-01
7.606945931911468506e-02
9.677837789058685303e-02
3.066513240337371826e-01
1.486785560846328735e-01
1.160506382584571838e-01
1.373312026262283325e-01
2.189720720052719116e-01
4.388142228126525879e-01
5.527662634849548340e-01
5.493216961622238159e-02
5.903575569391250610e-02
4.650213718414306641e-01
2.284292131662368774e-01
9.172490984201431274e-02
9.586131572723388672e-01
6.320993304252624512e-01
1.809498369693756104e-01
1.203984767198562622e-01
2.749776244163513184e-01
9.870293736457824707e-02
1.654980033636093140e-01
5.073831081390380859e-01
1.842228770256042480e-01
4.923024773597717285e-01
4.550135433673858643e-01
4.021665155887603760e-01
4.556214436888694763e-02
2.259226143360137939e-01
1.593624800443649292e-01
3.071408867835998535e-01
3.205143213272094727e-01
2.249093055725097656e-01
4.318176209926605225e-01
2.682878971099853516e-01
9.567425847053527832e-01
6.879306584596633911e-02
2.320792824029922485e-01
7.447452545166015625e-01
4.261068403720855713e-01
4.157195985317230225e-01
6.131971478462219238e-01
3.890466392040252686e-01
1.961255818605422974e-01
7.507688403129577637e-01
6.579366326332092285e-01
3.143284916877746582e-01
8.635532259941101074e-01
1.265210956335067749e-01
6.915476322174072266e-01
6.221514940261840820e-01
8.154366165399551392e-02
1.703595556318759918e-02
4.815480709075927734e-01
2.142724543809890747e-01
7.351765036582946777e-02
3.864827156066894531e-01
9.331940412521362305e-01
1.527666002511978149e-01
4.065137729048728943e-02
2.045980542898178101e-01
5.910902470350265503e-02
2.395737618207931519e-01
7.450623810291290283e-02
1.555025577545166016e-01
5.510992556810379028e-02
4.004604220390319824e-01
1.385734230279922485e-01
4.777109324932098389e-01
4.848386347293853760e-01
8.793553709983825684e-01
1.376565992832183838e-01
1.138649657368659973e-01
5.014487504959106445e-01
7.628048062324523926e-01
6.997793912887573242e-02
3.239844441413879395e-01
3.058170676231384277e-01
3.627359122037887573e-02
9.293738007545471191e-01
2.344245612621307373e-01
2.866561412811279297e-01
7.016041129827499390e-02
2.479205429553985596e-01
1.645539999008178711e-01
7.256549596786499023e-01
2.009022533893585205e-01
1.738685071468353271e-01
8.515571057796478271e-02
3.207514286041259766e-01
1.963019520044326782e-01
9.261151403188705444e-02
2.728264033794403076e-01
3.508130013942718506e-01
3.657441213726997375e-02
1.355833262205123901e-01
1.121610328555107117e-01
3.262456059455871582e-01
2.291988879442214966e-01
8.866661787033081055e-01
8.342182636260986328e-01
1.570296734571456909e-01
