3.428121283650398254e-02
9.253128767013549805e-01
1.120218783617019653e-01
8.763961195945739746e-01
1.816917657852172852e-01
9.587259590625762939e-02
7.652684450149536133e-01
2.358874231576919556e-01
9.263509511947631836e-01
8.393855392932891846e-02
4.034562706947326660e-01
2.140263319015502930e-01
8.863788843154907227e-01
4.918570518493652344e-01
1.790486723184585571e-01
3.528717756271362305e-01
4.173671007156372070e-01
6.147518157958984375e-01
9.706351161003112793e-01
3.019223511219024658e-01
7.845026850700378418e-01
8.400945663452148438e-01
9.768151491880416870e-02
6.225533038377761841e-02
2.656348645687103271e-01
8.704196661710739136e-02
8.568400740623474121e-01
3.162391483783721924e-01
3.560171723365783691e-01
3.751294910907745361e-01
2.365719676017761230e-01
1.602804288268089294e-02
8.761583566665649414e-01
1.145515218377113342e-01
2.695651650428771973e-01
1.552499830722808838e-01
4.190679788589477539e-01
1.274509429931640625e-01
5.784886479377746582e-01
9.350062608718872070e-01
3.978860378265380859e-01
1.081936061382293701e-01
7.105215638875961304e-02
1.902358084917068481e-01
7.574124634265899658e-02
1.408528387546539307e-01
4.532146453857421875e-01
6.598190069198608398e-01
2.851496450603008270e-02
8.557392358779907227e-01
2.033843994140625000e-01
3.467878326773643494e-02
3.001012206077575684e-01
4.210634529590606689e-01
1.695207357406616211e-01
7.022283971309661865e-02
8.000711202621459961e-01
1.563843190670013428e-01
7.441233843564987183e-02
2.368654012680053711e-01
4.187720119953155518e-01
1.332810074090957642e-01
9.851846098899841309e-02
9.260454773902893066e-02
8.575607091188430786e-02
2.365990579128265381e-01
7.108206301927566528e-02
1.952265799045562744e-01
4.051641523838043213e-01
3.451488316059112549e-01
8.709342777729034424e-02
7.899543046951293945e-01
5.455197691917419434e-01
7.333159446716308594e-02
6.203950643539428711e-01
1.253573447465896606e-01
3.582802042365074158e-02
2.600869536399841309e-02
2.077317386865615845e-01
8.145258575677871704e-02
9.405898451805114746e-01
8.605572581291198730e-01
9.206205606460571289e-01
5.647969841957092285e-01
9.379413723945617676e-01
7.493523955345153809e-01
1.002094447612762451e-01
1.104872226715087891e-01
4.501679539680480957e-01
1.308121085166931152e-01
7.611028552055358887e-01
1.197473406791687012e-01
9.037277847528457642e-02
5.848836302757263184e-01
5.124550461769104004e-01
8.013959527015686035e-01
5.903584957122802734e-01
9.022699594497680664e-01
1.059263125061988831e-01
1.133989915251731873e-01
7.441627383232116699e-01
2.096792608499526978e-01
6.056036949157714844e-01
2.409538030624389648e-01
2.983166575431823730e-01
1.153947785496711731e-01
7.636126130819320679e-02
7.524862885475158691e-01
5.356394648551940918e-01
3.360354304313659668e-01
2.558727860450744629e-01
4.195022955536842346e-02
7.746803760528564453e-02
9.509052038192749023e-01
3.217596709728240967e-01
1.153270453214645386e-01
9.135535955429077148e-01
4.936295002698898315e-02
2.589376866817474365e-01
6.601758599281311035e-01
2.359711937606334686e-02
9.762714058160781860e-02
2.589759826660156250e-01
7.282834649085998535e-01
9.275618791580200195e-01
7.833170890808105469e-02
1.326993852853775024e-01
2.739482522010803223e-01
8.251435309648513794e-02
8.128341287374496460e-02
9.507926702499389648e-01
6.045452952384948730e-01
9.348267316818237305e-01
3.209696412086486816e-01
4.846034049987792969e-01
3.673880696296691895e-01
9.218649864196777344e-01
3.297569751739501953e-01
6.664663553237915039e-01
8.284194767475128174e-02
8.704997301101684570e-01
8.275471329689025879e-01
7.707730531692504883e-01
3.901457786560058594e-01
3.003598153591156006e-01
6.782969832420349121e-02
5.577328205108642578e-01
6.307796239852905273e-01
7.045310735702514648e-01
1.691037863492965698e-01
4.811792820692062378e-02
1.291233748197555542e-01
1.011279523372650146e-01
2.365157455205917358e-01
1.331358850002288818e-01
1.238674670457839966e-01
2.117478996515274048e-01
2.305251210927963257e-01
1.761708557605743408e-01
7.978067994117736816e-01
4.738070666790008545e-01
6.985434889793395996e-01
1.543518304824829102e-01
2.137206643819808960e-01
9.078343510627746582e-01
5.877179503440856934e-01
1.932952702045440674e-01
3.498964607715606689e-01
1.073150634765625000e-01
3.075507879257202148e-01
1.099654287099838257e-01
5.012615397572517395e-02
6.043516993522644043e-01
5.784000754356384277e-01
1.059417948126792908e-01
9.424890875816345215e-01
2.182674854993820190e-01
5.638132989406585693e-02
8.635715842247009277e-01
1.455562710762023926e-01
2.256853282451629639e-01
9.462215751409530640e-02
8.638475835323333740e-02
2.902523577213287354e-01
3.258614540100097656e-01
1.923260986804962158e-01
1.858618855476379395e-01
5.591779351234436035e-01
5.234002470970153809e-01
3.391775488853454590e-01
6.169445440173149109e-02
8.324368596076965332e-01
9.896006435155868530e-02
7.880972027778625488e-01
3.309051692485809326e-01
5.255836248397827148e-01
9.326424449682235718e-02
2.732259631156921387e-01
5.647873282432556152e-01
3.276403248310089111e-02
4.955333843827247620e-02
1.668016761541366577e-01
8.271564245223999023e-01
2.350016832351684570e-01
8.887447118759155273e-01
9.053540825843811035e-01
5.943558812141418457e-01
9.287921339273452759e-02
9.668524265289306641e-01
2.120094150304794312e-01
2.677807211875915527e-01
4.528022184967994690e-02
2.951452732086181641e-01
6.026257872581481934e-01
4.142498373985290527e-01
3.228733316063880920e-02
9.103932976722717285e-01
5.088574290275573730e-01
8.593096137046813965e-01
9.025027602910995483e-02
9.237007498741149902e-01
9.487817287445068359e-01
6.892362236976623535e-01
1.207123175263404846e-01
1.417421400547027588e-01
1.744858026504516602e-01
6.934076547622680664e-01
8.121226429939270020e-01
1.339392364025115967e-01
6.631314754486083984e-01
5.689042210578918457e-01
9.229801893234252930e-01
1.552145332098007202e-01
8.429382443428039551e-01
8.903157114982604980e-01
5.155529379844665527e-01
5.678699612617492676e-01
9.470134377479553223e-01
1.558123081922531128e-01
3.460977673530578613e-01
8.907651305198669434e-01
1.930444240570068359e-01
6.974548697471618652e-01
1.109862402081489563e-01
2.621770203113555908e-01
2.755225896835327148e-01
7.307156920433044434e-02
9.674733281135559082e-01
8.090048283338546753e-02
7.166773080825805664e-01
1.706193387508392334e-01
5.683747678995132446e-02
1.816409975290298462e-01
1.054330095648765564e-01
1.387974917888641357e-01
2.516113817691802979e-01
4.216308891773223877e-01
7.997458577156066895e-01
1.135737150907516479e-01
7.960530519485473633e-01
2.313177287578582764e-01
7.205884456634521484e-01
4.897699952125549316e-01
4.390110820531845093e-02
1.712371706962585449e-01
4.848350286483764648e-01
2.101636081933975220e-01
4.743489027023315430e-01
1.646042913198471069e-01
7.551254630088806152e-01
8.981809020042419434e-01
7.934415340423583984e-01
4.448420107364654541e-01
2.323455065488815308e-01
8.409534096717834473e-01
9.185691922903060913e-02
7.706122398376464844e-01
1.735382974147796631e-01
9.023388028144836426e-01
1.108428090810775757e-01
3.115637898445129395e-01
9.028807282447814941e-01
2.447107136249542236e-01
4.476883113384246826e-01
5.813773870468139648e-01
3.008955121040344238e-01
5.081235244870185852e-02
3.230889439582824707e-01
3.919149935245513916e-01
2.213975936174392700e-01
2.225527614355087280e-01
6.184908747673034668e-01
8.244149684906005859e-01
4.212853312492370605e-01
1.970763057470321655e-01
4.264829307794570923e-02
1.584044843912124634e-01
7.667880654335021973e-01
7.407184243202209473e-01
1.277625858783721924e-01
9.224157333374023438e-01
5.581959486007690430e-01
2.517247200012207031e-01
1.584915965795516968e-01
9.150025248527526855e-02
5.639812350273132324e-02
1.419007033109664917e-01
6.595650315284729004e-01
9.274522662162780762e-01
8.271665573120117188e-01
5.528580546379089355e-01
1.049091741442680359e-01
1.732116788625717163e-01
1.577730625867843628e-01
4.921480417251586914e-01
4.497093260288238525e-01
9.317202568054199219e-01
8.579326272010803223e-01
2.731761038303375244e-01
2.490824908018112183e-01
6.000678539276123047e-01
2.676731944084167480e-01
2.225898355245590210e-01
9.327226281166076660e-01
2.812500000000000000e-01
5.278498530387878418e-01
2.520982921123504639e-01
5.814934149384498596e-02
6.322710216045379639e-02
7.508786767721176147e-02
6.520729511976242065e-02
4.268376901745796204e-02
4.388247430324554443e-01
1.005134284496307373e-01
3.361278772354125977e-01
9.290974140167236328e-01
2.274192869663238525e-01
4.239895939826965332e-02
2.581235170364379883e-01
2.003553956747055054e-01
5.677708983421325684e-02
3.605577945709228516e-01
9.158380031585693359e-01
3.640963733196258545e-01
9.244084954261779785e-01
3.068199940025806427e-02
2.963270246982574463e-01
7.501168847084045410e-01
1.776093840599060059e-01
7.902663946151733398e-01
8.954405039548873901e-02
3.672110289335250854e-02
5.468405783176422119e-02
1.456975936889648438e-01
7.358451485633850098e-01
7.272294163703918457e-02
6.381082534790039062e-01
2.691479623317718506e-01
1.788750886917114258e-01
2.619449198246002197e-01
1.636248975992202759e-01
4.963469505310058594e-01
2.915704250335693359e-01
1.268340796232223511e-01
8.718179464340209961e-01
2.892332673072814941e-01
3.865928649902343750e-01
9.643501639366149902e-01
2.940452396869659424e-01
3.931548818945884705e-02
4.766174852848052979e-01
1.105322018265724182e-01
2.218949645757675171e-01
2.124104350805282593e-01
9.081104397773742676e-02
1.106504350900650024e-01
1.459335684776306152e-01
9.832770377397537231e-02
8.808429837226867676e-01
1.839485466480255127e-01
7.747635245323181152e-02
5.135902762413024902e-02
9.120914340019226074e-01
6.673651933670043945e-01
3.771938979625701904e-01
3.229703903198242188e-01
4.583845734596252441e-01
3.730823695659637451e-01
1.771820038557052612e-01
4.748724102973937988e-01
2.481798455119132996e-02
1.192916482686996460e-01
1.365293562412261963e-01
1.055569574236869812e-01
2.425680011510848999e-01
4.651185125112533569e-02
8.443939685821533203e-01
3.430010080337524414e-01
8.830193877220153809e-01
2.489792257547378540e-01
2.781937718391418457e-01
1.056637316942214966e-01
8.129865527153015137e-01
4.607696235179901123e-01
7.693475484848022461e-01
7.907691597938537598e-01
5.690468549728393555e-01
4.835435450077056885e-01
3.962207436561584473e-01
2.137531638145446777e-01
9.688074886798858643e-02
3.458760306239128113e-02
4.016239941120147705e-01
5.520755648612976074e-01
8.848639130592346191e-01
3.798971325159072876e-02
4.293844699859619141e-01
1.901990771293640137e-01
1.507458835840225220e-01
9.249523282051086426e-02
6.883317977190017700e-02
7.818978428840637207e-01
5.868894457817077637e-01
3.671132773160934448e-02
8.696270734071731567e-02
5.963990688323974609e-01
5.557583644986152649e-02
8.848719298839569092e-02
1.322700083255767822e-01
1.294682621955871582e-01
1.842948645353317261e-01
1.972803473472595215e-01
7.800060510635375977e-01
5.300250053405761719e-01
1.976340413093566895e-01
6.789314746856689453e-02
4.350589215755462646e-01
3.743845596909523010e-02
5.429798960685729980e-01
5.511912107467651367e-01
1.454268395900726318e-01
3.031561672687530518e-01
1.398079842329025269e-01
7.448124289512634277e-01
8.039522916078567505e-02
3.669926524162292480e-01
1.096712723374366760e-01
6.884396076202392578e-01
9.516815096139907837e-02
3.296507149934768677e-02
5.057793259620666504e-01
8.902974724769592285e-01
3.504517972469329834e-01
7.128761708736419678e-02
7.294504344463348389e-02
4.471989572048187256e-01
3.786783814430236816e-01
9.528744965791702271e-02
1.213534399867057800e-01
2.989373803138732910e-01
2.548023164272308350e-01
1.497354209423065186e-01
1.161117777228355408e-01
2.854589223861694336e-01
5.843358859419822693e-02
1.906817704439163208e-01
9.353885054588317871e-01
5.870338678359985352e-01
1.380949914455413818e-01
9.758108854293823242e-01
2.694932520389556885e-01
6.811488866806030273e-01
1.114062368869781494e-01
7.457509636878967285e-01
6.841571927070617676e-01
5.266765877604484558e-02
9.126819968223571777e-01
9.178603887557983398e-01
4.098636806011199951e-01
1.441378053277730942e-02
3.455820977687835693e-01
2.563625574111938477e-01
2.059930711984634399e-01
7.131991386413574219e-01
8.489987254142761230e-02
1.997442692518234253e-01
2.386356443166732788e-01
1.175106018781661987e-01
3.105059266090393066e-01
3.959702849388122559e-01
3.993796184659004211e-02
3.139733672142028809e-01
1.249873191118240356e-01
9.069569706916809082e-01
5.509908795356750488e-01
6.561712026596069336e-01
1.765854954719543457e-01
5.054345726966857910e-01
2.052176147699356079e-01
1.336773186922073364e-01
9.272074699401855469e-01
1.610309928655624390e-01
7.133626341819763184e-01
9.383032917976379395e-01
3.332122266292572021e-01
5.339149758219718933e-02
6.373121142387390137e-01
9.176526963710784912e-02
8.441056609153747559e-01
8.193590492010116577e-02
8.527544140815734863e-02
3.031604886054992676e-01
8.679220676422119141e-01
4.920313954353332520e-01
7.963629961013793945e-01
2.649404704570770264e-01
2.625879943370819092e-01
6.611199975013732910e-01
1.652751713991165161e-01
2.234162390232086182e-01
1.793113946914672852e-01
6.598306894302368164e-01
2.222115844488143921e-01
5.428810715675354004e-01
7.322911024093627930e-01
2.835789620876312256e-01
5.307710170745849609e-01
9.108358621597290039e-01
1.262625008821487427e-01
6.648071408271789551e-01
1.675589680671691895e-01
3.875509202480316162e-01
2.045637518167495728e-01
7.040044665336608887e-02
8.526602387428283691e-01
5.076408982276916504e-01
2.401812821626663208e-01
7.422360777854919434e-01
8.908985257148742676e-01
9.657156467437744141e-01
9.506646394729614258e-01
3.914543986320495605e-02
2.902170717716217041e-01
2.528910040855407715e-01
3.595263361930847168e-01
9.167534112930297852e-01
2.368082404136657715e-01
2.934896051883697510e-01
2.094054073095321655e-01
1.092858612537384033e-01
9.400352835655212402e-01
2.026784792542457581e-02
4.193842783570289612e-02
8.655025959014892578e-01
6.045982241630554199e-02
7.971209287643432617e-02
5.195733308792114258e-01
3.553508818149566650e-01
9.397655129432678223e-01
3.501355275511741638e-02
7.020449638366699219e-02
1.694790720939636230e-01
8.153392672538757324e-01
9.311800599098205566e-01
2.472549490630626678e-02
9.231942296028137207e-01
6.826961040496826172e-02
6.084275841712951660e-01
2.462904602289199829e-01
7.967889904975891113e-01
2.552377283573150635e-01
9.438972175121307373e-02
2.127941995859146118e-01
8.112086653709411621e-01
8.734737336635589600e-02
3.897259384393692017e-02
8.006369471549987793e-01
3.958364948630332947e-02
1.628709137439727783e-01
4.016567170619964600e-01
5.561758875846862793e-01
3.929018229246139526e-02
7.949016094207763672e-01
3.378292322158813477e-01
2.874050140380859375e-01
4.480256885290145874e-02
2.088256031274795532e-01
9.147121906280517578e-01
8.699079751968383789e-01
8.593153357505798340e-01
2.544761300086975098e-01
6.897731423377990723e-01
1.676384210586547852e-01
3.333988487720489502e-01
1.066242977976799011e-01
1.027484238147735596e-01
8.246418833732604980e-02
7.963915467262268066e-01
8.502745628356933594e-01
8.338667750358581543e-01
1.727467924356460571e-01
5.194612145423889160e-01
1.548860967159271240e-01
2.611352801322937012e-01
9.283145070075988770e-01
5.693349838256835938e-01
1.216956228017807007e-01
8.802153170108795166e-02
5.087656155228614807e-02
3.706888854503631592e-02
2.662412822246551514e-01
9.254143238067626953e-01
3.555710017681121826e-01
3.302253037691116333e-02
1.212303638458251953e-01
5.773043632507324219e-01
7.573685646057128906e-01
8.397264033555984497e-02
3.515232503414154053e-01
3.827095329761505127e-01
8.479679822921752930e-01
1.296038031578063965e-01
9.226424247026443481e-02
2.112014740705490112e-01
6.200797557830810547e-01
5.368608236312866211e-01
5.923049896955490112e-02
5.507455468177795410e-01
9.269059300422668457e-01
8.402161598205566406e-01
5.826577544212341309e-01
1.241774037480354309e-01
7.316660135984420776e-02
8.508959412574768066e-01
5.227261781692504883e-01
1.660004854202270508e-01
4.406710565090179443e-01
7.299916148185729980e-01
1.222210153937339783e-01
6.214187294244766235e-02
3.846177458763122559e-02
4.559005796909332275e-01
2.339041084051132202e-01
2.454605698585510254e-02
3.725033104419708252e-01
8.555606603622436523e-01
5.060653686523437500e-01
7.602997422218322754e-01
5.420055985450744629e-01
2.197333723306655884e-01
9.869536757469177246e-02
7.654770463705062866e-02
5.875513553619384766e-01
9.185430407524108887e-01
2.727842517197132111e-02
9.453486800193786621e-01
9.799903631210327148e-01
8.173553347587585449e-01
4.689944982528686523e-01
7.451683878898620605e-01
9.633889049291610718e-02
5.785666108131408691e-01
8.200837373733520508e-01
8.487224578857421875e-01
8.395905494689941406e-01
9.016377478837966919e-02
1.649429202079772949e-01
2.533607482910156250e-01
4.429465532302856445e-01
2.720608711242675781e-01
3.787103891372680664e-01
4.895584881305694580e-01
6.942561864852905273e-01
1.656454354524612427e-01
2.965524792671203613e-01
5.362710356712341309e-01
1.779477298259735107e-01
3.173916339874267578e-01
6.574172377586364746e-01
5.869830846786499023e-01
3.734473511576652527e-02
6.143062710762023926e-01
6.265828013420104980e-02
4.021106958389282227e-01
8.173087239265441895e-01
1.692004352807998657e-01
1.209714412689208984e-01
4.667761921882629395e-02
3.585073947906494141e-01
9.651247859001159668e-01
5.595571398735046387e-01
9.415583610534667969e-01
6.692117452621459961e-02
2.698287181556224823e-02
5.757238715887069702e-02
9.299835562705993652e-01
3.243952095508575439e-01
4.735234379768371582e-01
5.441904664039611816e-01
3.112435042858123779e-01
1.067810654640197754e-01
2.116285711526870728e-01
7.218937873840332031e-01
9.027016758918762207e-01
4.044243693351745605e-02
6.820116937160491943e-02
9.366979598999023438e-01
2.302120923995971680e-01
4.499998688697814941e-02
4.142145216464996338e-01
1.143675073981285095e-01
2.129320949316024780e-01
2.304540127515792847e-01
4.035029411315917969e-01
4.355006664991378784e-02
2.618549168109893799e-01
8.124943077564239502e-02
1.046900302171707153e-01
8.238704800605773926e-01
7.288846373558044434e-01
1.787339448928833008e-01
5.528805404901504517e-02
6.131409481167793274e-02
7.196614146232604980e-02
2.434087991714477539e-01
1.590992063283920288e-01
3.872865438461303711e-01
5.791469290852546692e-02
2.308706939220428467e-01
9.674166440963745117e-01
8.376713097095489502e-02
1.860016435384750366e-01
2.111612260341644287e-01
7.430285215377807617e-01
4.793574512004852295e-01
9.739615768194198608e-02
4.861034750938415527e-01
9.255400300025939941e-01
1.286538094282150269e-01
1.557623744010925293e-01
5.083619430661201477e-02
1.441754847764968872e-01
1.450079232454299927e-01
6.201435327529907227e-01
4.469683766365051270e-01
2.315643131732940674e-01
9.438068270683288574e-01
4.328700304031372070e-01
7.436395287513732910e-01
2.522106170654296875e-01
8.755638450384140015e-02
8.386200070381164551e-01
2.010626643896102905e-01
2.289905026555061340e-02
9.564213156700134277e-01
7.888027429580688477e-01
7.926052808761596680e-01
7.460206747055053711e-01
7.397333532571792603e-02
2.822252213954925537e-01
2.312850803136825562e-01
2.235753536224365234e-01
5.855265259742736816e-01
5.744692683219909668e-02
1.053414866328239441e-01
3.203375339508056641e-01
1.229690462350845337e-01
8.342171907424926758e-01
5.709901452064514160e-01
6.050816178321838379e-01
5.494283512234687805e-02
7.631595134735107422e-01
7.763457298278808594e-01
2.041166871786117554e-01
9.256218075752258301e-01
6.627640724182128906e-01
4.723342955112457275e-01
7.586497068405151367e-02
8.985230922698974609e-01
7.625849246978759766e-01
9.657489508390426636e-02
8.945928812026977539e-01
4.113516211509704590e-01
8.577069640159606934e-01
9.048392623662948608e-02
3.314270079135894775e-01
3.673671185970306396e-01
4.484388232231140137e-01
5.831601023674011230e-01
9.425383210182189941e-01
2.244028151035308838e-01
4.350176453590393066e-01
2.498755045235157013e-02
9.059659838676452637e-01
1.121800914406776428e-01
3.565409034490585327e-02
9.087600708007812500e-01
8.944780230522155762e-01
5.686016678810119629e-01
7.878560572862625122e-02
6.108887195587158203e-01
5.299902558326721191e-01
9.051189422607421875e-01
1.911649256944656372e-01
9.461346864700317383e-01
2.633904106914997101e-02
3.427775800228118896e-01
6.121657416224479675e-02
5.553532838821411133e-01
1.188891232013702393e-01
5.277709364891052246e-01
3.595831990242004395e-01
1.565003991127014160e-01
4.061543941497802734e-01
1.113143712282180786e-01
7.995443344116210938e-01
9.268450736999511719e-01
1.281589120626449585e-01
5.722423195838928223e-01
7.022276520729064941e-02
6.010261774063110352e-01
9.347903728485107422e-01
8.500834107398986816e-01
1.662284731864929199e-01
2.517280876636505127e-01
1.197441965341567993e-01
1.790003925561904907e-01
1.551940292119979858e-01
3.515761494636535645e-01
9.576294422149658203e-01
2.056775093078613281e-01
7.649275660514831543e-01
2.857680618762969971e-01
8.873322010040283203e-01
1.684343516826629639e-01
1.831111162900924683e-01
3.630823642015457153e-02
6.517393141984939575e-02
1.275770366191864014e-01
9.172752499580383301e-01
8.524231910705566406e-01
2.976288199424743652e-01
8.489822596311569214e-02
6.497525572776794434e-01
9.493590593338012695e-01
8.311237692832946777e-01
1.098356023430824280e-01
3.080008029937744141e-01
8.659575581550598145e-01
7.701122760772705078e-01
8.718828558921813965e-01
4.452635720372200012e-02
9.282337427139282227e-01
8.912304639816284180e-01
6.825997829437255859e-01
9.256576895713806152e-01
5.433930754661560059e-01
2.375913411378860474e-02
5.974246263504028320e-01
3.244394659996032715e-01
8.189834356307983398e-01
3.090260624885559082e-01
8.353731036186218262e-01
6.398472785949707031e-01
1.031950339674949646e-01
7.116007208824157715e-01
8.246233463287353516e-01
8.566275835037231445e-01
4.988678544759750366e-02
2.985975742340087891e-01
7.738889455795288086e-01
4.405007362365722656e-01
4.707850515842437744e-01
2.041058838367462158e-01
4.053411483764648438e-01
8.807002305984497070e-01
7.238293290138244629e-01
6.810939311981201172e-02
3.824660181999206543e-02
1.429311633110046387e-01
2.690994925796985626e-02
1.409390121698379517e-01
1.706129163503646851e-01
6.904663443565368652e-01
5.878268554806709290e-02
3.094179183244705200e-02
8.493164181709289551e-01
5.700902342796325684e-01
7.867863029241561890e-02
5.387288928031921387e-01
8.646038174629211426e-02
8.011891841888427734e-01
6.142402887344360352e-01
6.158211827278137207e-02
3.122896850109100342e-01
3.271633014082908630e-02
5.678996443748474121e-01
1.877579391002655029e-01
1.227691695094108582e-01
1.297115981578826904e-01
7.213329523801803589e-02
6.462786197662353516e-01
1.517339050769805908e-01
3.943487256765365601e-02
1.313603073358535767e-01
2.331957519054412842e-01
5.516518354415893555e-01
5.810367465019226074e-01
6.077379733324050903e-02
8.008220791816711426e-02
6.421300172805786133e-01
3.945719301700592041e-01
7.181487977504730225e-02
9.682244062423706055e-01
8.387433886528015137e-01
2.508988976478576660e-01
1.949542909860610962e-01
2.538121640682220459e-01
7.324050366878509521e-02
1.325474977493286133e-01
8.048299551010131836e-01
5.307250022888183594e-01
6.529488563537597656e-01
4.555623233318328857e-01
7.211190462112426758e-01
2.345015108585357666e-02
4.145137965679168701e-01
2.380071580410003662e-01
4.295688569545745850e-01
3.627624809741973877e-01
2.736564874649047852e-01
4.695256948471069336e-01
4.464047551155090332e-01
9.708164930343627930e-01
7.750423997640609741e-02
2.345320731401443481e-01
8.956421017646789551e-01
3.968022763729095459e-01
6.028678417205810547e-01
7.323905229568481445e-01
4.905619919300079346e-01
2.765817344188690186e-01
8.221452832221984863e-01
8.453900814056396484e-01
3.625647425651550293e-01
8.770245909690856934e-01
1.305532008409500122e-01
8.471695184707641602e-01
8.270201086997985840e-01
5.440910533070564270e-02
2.293805219233036041e-02
5.847765803337097168e-01
1.922869235277175903e-01
6.460130214691162109e-02
3.820008635520935059e-01
9.555562734603881836e-01
8.777209371328353882e-02
5.149622261524200439e-02
2.655660808086395264e-01
4.796254262328147888e-02
2.340736538171768188e-01
8.313480764627456665e-02
1.347741782665252686e-01
6.017212197184562683e-02
4.401728510856628418e-01
2.146865278482437134e-01
6.986122727394104004e-01
5.925488471984863281e-01
9.239146113395690918e-01
1.612495929002761841e-01
1.143741086125373840e-01
5.736007690429687500e-01
7.577598094940185547e-01
8.002342283725738525e-02
4.588645696640014648e-01
4.968779683113098145e-01
6.351884454488754272e-02
9.526034593582153320e-01
1.850785166025161743e-01
1.368781179189682007e-01
4.804604128003120422e-02
3.395919203758239746e-01
2.003417313098907471e-01
8.285830616950988770e-01
2.219732701778411865e-01
2.559454739093780518e-01
9.378084540367126465e-02
5.668904781341552734e-01
2.313364148139953613e-01
3.225765526294708252e-01
3.559176623821258545e-01
2.790564298629760742e-01
3.533802554011344910e-02
1.164593994617462158e-01
1.875646226108074188e-02
5.512937903404235840e-01
1.282819360494613647e-01
9.164039492607116699e-01
9.075825214385986328e-01
1.426555067300796509e-01
