2.645642124116420746e-02
8.833471536636352539e-01
7.322215288877487183e-02
7.733451128005981445e-01
2.874431908130645752e-01
6.649445742368698120e-02
5.577186346054077148e-01
2.170870006084442139e-01
9.012778997421264648e-01
3.452180698513984680e-02
4.190092682838439941e-01
1.901331543922424316e-01
6.641345620155334473e-01
5.565037727355957031e-01
5.424271896481513977e-02
3.238855600357055664e-01
4.299471080303192139e-01
3.302718997001647949e-01
9.483852386474609375e-01
3.684322237968444824e-01
7.570593953132629395e-01
6.032992601394653320e-01
5.682780593633651733e-02
4.819669574499130249e-02
2.251549810171127319e-01
3.470465540885925293e-02
8.721392154693603516e-01
2.371814846992492676e-01
4.091476202011108398e-01
4.098415076732635498e-01
1.994661539793014526e-01
2.561492659151554108e-02
8.534020185470581055e-01
6.432808935642242432e-02
9.558058530092239380e-02
9.168051183223724365e-02
3.074964284896850586e-01
1.370365172624588013e-01
3.890969455242156982e-01
8.659516572952270508e-01
1.789469718933105469e-01
1.032744571566581726e-01
5.740684643387794495e-02
1.182009205222129822e-01
3.685943037271499634e-02
2.854555249214172363e-01
4.476743638515472412e-01
6.309444308280944824e-01
2.629202790558338165e-02
8.013660311698913574e-01
9.241308271884918213e-02
3.925629705190658569e-02
2.697610259056091309e-01
4.704601764678955078e-01
1.248625218868255615e-01
5.877259746193885803e-02
8.165996670722961426e-01
7.822483032941818237e-02
3.724198415875434875e-02
5.869626998901367188e-02
3.466641306877136230e-01
1.097610741853713989e-01
4.106400907039642334e-02
7.987248152494430542e-02
7.500397413969039917e-02
1.569368392229080200e-01
4.578963667154312134e-02
7.796235382556915283e-02
2.887473702430725098e-01
2.028635889291763306e-01
1.239654347300529480e-01
4.607895910739898682e-01
4.252917766571044922e-01
7.429132610559463501e-02
3.260451257228851318e-01
8.326358348131179810e-02
3.468856215476989746e-02
1.997083798050880432e-02
2.441876530647277832e-01
7.797022908926010132e-02
8.662069439888000488e-01
8.075695633888244629e-01
8.565160036087036133e-01
4.329939782619476318e-01
8.862533569335937500e-01
4.593103826045989990e-01
7.543772459030151367e-02
9.766585379838943481e-02
6.057971715927124023e-01
3.068694286048412323e-02
6.431201100349426270e-01
5.137632414698600769e-02
8.166509866714477539e-02
5.147966742515563965e-01
5.654414892196655273e-01
5.875172615051269531e-01
5.929579138755798340e-01
8.594281077384948730e-01
7.651229947805404663e-02
6.249462068080902100e-02
4.209876358509063721e-01
8.544614166021347046e-02
4.657862782478332520e-01
1.363399326801300049e-01
3.067026734352111816e-01
2.698394954204559326e-01
7.628092169761657715e-02
5.386316776275634766e-01
3.981778919696807861e-01
3.551237881183624268e-01
4.140841066837310791e-01
4.271737113595008850e-02
5.554670840501785278e-02
8.878682851791381836e-01
2.344061881303787231e-01
7.719735056161880493e-02
8.493601679801940918e-01
4.073148220777511597e-02
2.176616340875625610e-01
4.979077279567718506e-01
1.573546975851058960e-02
1.135730594396591187e-01
1.067109107971191406e-01
7.871997952461242676e-01
9.062910079956054688e-01
3.114716336131095886e-02
5.456343665719032288e-02
4.069301486015319824e-01
3.056610189378261566e-02
1.202170774340629578e-01
8.780596852302551270e-01
4.464347958564758301e-01
8.953086733818054199e-01
2.869247198104858398e-01
4.900203943252563477e-01
3.500170111656188965e-01
9.127568602561950684e-01
2.875115275382995605e-01
5.423006415367126465e-01
7.327672839164733887e-02
6.612254977226257324e-01
8.253112435340881348e-01
6.302508115768432617e-01
3.822330832481384277e-01
2.650764882564544678e-01
4.796464368700981140e-02
3.902314007282257080e-01
3.558777570724487305e-01
5.665242075920104980e-01
8.651835471391677856e-02
4.231607913970947266e-02
9.531185775995254517e-02
6.189123913645744324e-02
2.096147090196609497e-01
3.374976292252540588e-02
1.047455295920372009e-01
2.587029337882995605e-01
3.363961279392242432e-01
2.655866742134094238e-01
6.472399830818176270e-01
4.119926989078521729e-01
5.342932343482971191e-01
3.677985444664955139e-02
1.715858280658721924e-01
7.694440484046936035e-01
6.219499707221984863e-01
1.469666510820388794e-01
2.462864518165588379e-01
9.265211224555969238e-02
2.426354438066482544e-01
9.974550455808639526e-02
4.421111568808555603e-02
6.058272719383239746e-01
4.812244176864624023e-01
2.030503600835800171e-01
8.226131200790405273e-01
2.297992706298828125e-01
6.634763628244400024e-02
8.319241404533386230e-01
1.366834789514541626e-01
1.183189898729324341e-01
5.457909777760505676e-02
1.547532230615615845e-01
5.676454305648803711e-02
3.259598612785339355e-01
1.895375996828079224e-01
1.914851218461990356e-01
5.429530739784240723e-01
4.208097159862518311e-01
3.949727714061737061e-01
4.050927236676216125e-02
6.765787005424499512e-01
4.022045060992240906e-02
8.047272562980651855e-01
2.599548995494842529e-01
5.620261430740356445e-01
4.520909860730171204e-02
2.670119404792785645e-01
3.050806522369384766e-01
3.559914231300354004e-02
3.551312536001205444e-02
4.580395519733428955e-01
7.886049151420593262e-01
1.595663726329803467e-01
8.543750643730163574e-01
8.955414891242980957e-01
4.259014129638671875e-01
9.686232358217239380e-02
9.374939799308776855e-01
2.717483937740325928e-01
2.186191231012344360e-01
3.320419788360595703e-02
3.670975565910339355e-01
6.007034182548522949e-01
3.661290705204010010e-01
2.739727497100830078e-02
8.505405783653259277e-01
3.888971507549285889e-01
7.602456808090209961e-01
5.030226707458496094e-02
8.883596658706665039e-01
9.405868649482727051e-01
5.938253998756408691e-01
4.182566329836845398e-02
6.037865206599235535e-02
1.500143855810165405e-01
5.376383066177368164e-01
6.690068244934082031e-01
1.213870719075202942e-01
4.518033862113952637e-01
5.885812640190124512e-01
8.779937624931335449e-01
1.047049611806869507e-01
6.689212322235107422e-01
8.570558428764343262e-01
2.832188308238983154e-01
5.192973017692565918e-01
8.274567723274230957e-01
2.357257902622222900e-01
4.281538724899291992e-01
8.817890882492065430e-01
2.081530541181564331e-01
7.580294013023376465e-01
3.229464218020439148e-02
2.283757925033569336e-01
3.166601061820983887e-01
5.702332779765129089e-02
9.336791634559631348e-01
6.707482784986495972e-02
5.475220680236816406e-01
2.474536597728729248e-01
4.640601947903633118e-02
1.317366063594818115e-01
4.697757959365844727e-02
1.921677589416503906e-01
1.993286460638046265e-01
5.041339397430419922e-01
7.576775550842285156e-01
5.219798535108566284e-02
8.071746826171875000e-01
1.213945746421813965e-01
6.675564646720886230e-01
3.185056746006011963e-01
4.075915738940238953e-02
5.209544673562049866e-02
3.596513867378234863e-01
1.430990099906921387e-01
1.544222682714462280e-01
1.402665823698043823e-01
6.921109557151794434e-01
8.942184448242187500e-01
6.439199447631835938e-01
2.080179601907730103e-01
2.059123665094375610e-01
7.255520820617675781e-01
1.129789948463439941e-01
6.354832053184509277e-01
6.073125451803207397e-02
7.754346728324890137e-01
9.613751620054244995e-02
1.298790425062179565e-01
8.924260139465332031e-01
4.063432216644287109e-01
4.616962075233459473e-01
5.222408175468444824e-01
2.848053276538848877e-01
5.023993179202079773e-02
8.619868010282516479e-02
2.238681018352508545e-01
9.132782369852066040e-02
7.279045134782791138e-02
2.886006534099578857e-01
7.006877064704895020e-01
2.316127568483352661e-01
8.957841992378234863e-02
4.184030741453170776e-02
4.639960825443267822e-02
7.370771765708923340e-01
4.930133223533630371e-01
6.382891535758972168e-02
8.821886777877807617e-01
3.322724699974060059e-01
1.633678078651428223e-01
1.006896942853927612e-01
1.563506424427032471e-01
4.820919781923294067e-02
8.894933015108108521e-02
5.563710927963256836e-01
8.706377744674682617e-01
7.024921178817749023e-01
4.728745818138122559e-01
7.041355222463607788e-02
9.258090704679489136e-02
9.633135050535202026e-02
5.340393185615539551e-01
1.854044944047927856e-01
9.030322432518005371e-01
6.726323962211608887e-01
2.726914584636688232e-01
2.165627479553222656e-01
4.240109622478485107e-01
2.232016175985336304e-01
3.632299900054931641e-01
8.824918270111083984e-01
8.104405403137207031e-01
3.187859356403350830e-01
1.344958692789077759e-01
3.815301507711410522e-02
4.161525517702102661e-02
5.190664529800415039e-02
1.023697778582572937e-01
5.506806820631027222e-02
4.560551941394805908e-01
6.662135571241378784e-02
1.496170014142990112e-01
8.690297007560729980e-01
3.011507093906402588e-01
3.878551349043846130e-02
2.126158326864242554e-01
5.193740501999855042e-02
8.066729456186294556e-02
2.663587033748626709e-01
8.175671100616455078e-01
3.465890884399414062e-01
8.718913793563842773e-01
2.506194636225700378e-02
3.259490728378295898e-01
4.354198873043060303e-01
1.766040325164794922e-01
6.147636175155639648e-01
5.524546280503273010e-02
2.693678624927997589e-02
3.639074787497520447e-02
8.761383593082427979e-02
5.693508982658386230e-01
1.129443496465682983e-01
6.965041160583496094e-01
1.593308001756668091e-01
9.039647877216339111e-02
2.134488075971603394e-01
1.609324216842651367e-01
3.936864435672760010e-01
3.196948170661926270e-01
7.596066594123840332e-02
8.210602402687072754e-01
2.318159788846969604e-01
3.629110753536224365e-01
9.271818995475769043e-01
1.948382705450057983e-01
2.922117337584495544e-02
4.467870891094207764e-01
4.771656543016433716e-02
1.189678907394409180e-01
1.119722053408622742e-01
5.605936795473098755e-02
1.036196425557136536e-01
1.016687899827957153e-01
6.531022489070892334e-02
8.730368018150329590e-01
1.716579496860504150e-01
6.253522634506225586e-02
4.155318811535835266e-02
8.929591178894042969e-01
5.986757278442382812e-01
2.529855072498321533e-01
1.423393487930297852e-01
3.557692766189575195e-01
2.948967814445495605e-01
1.640942841768264771e-01
2.350014001131057739e-01
2.061394974589347839e-02
7.206193357706069946e-02
1.385122239589691162e-01
1.244735792279243469e-01
2.305858284235000610e-01
9.036145359277725220e-02
6.696621179580688477e-01
3.085198402404785156e-01
8.470680713653564453e-01
2.750860452651977539e-01
2.366254776716232300e-01
6.091973930597305298e-02
8.260796666145324707e-01
5.277611017227172852e-01
6.293208003044128418e-01
7.590324282646179199e-01
5.506737828254699707e-01
3.932845294475555420e-01
2.988689541816711426e-01
8.510241657495498657e-02
8.751851320266723633e-02
2.746844477951526642e-02
4.791164100170135498e-01
5.219606161117553711e-01
8.254420757293701172e-01
3.405172377824783325e-02
3.266847729682922363e-01
1.160002574324607849e-01
1.062516570091247559e-01
5.928591638803482056e-02
7.749878615140914917e-02
6.105330586433410645e-01
6.122604012489318848e-01
3.697956725955009460e-02
6.118823960423469543e-02
3.368230462074279785e-01
3.567185997962951660e-02
1.289101243019104004e-01
1.523759216070175171e-01
1.396640986204147339e-01
2.813847661018371582e-01
3.228389918804168701e-01
7.781615257263183594e-01
4.725137352943420410e-01
2.117139846086502075e-01
7.338336110115051270e-02
3.237738609313964844e-01
7.189123332500457764e-02
5.280549526214599609e-01
3.289260566234588623e-01
1.321028470993041992e-01
4.631482660770416260e-01
6.636564433574676514e-02
7.492765188217163086e-01
6.812062114477157593e-02
3.072164654731750488e-01
5.527781322598457336e-02
7.785407304763793945e-01
1.203281655907630920e-01
3.152313455939292908e-02
4.546872675418853760e-01
6.490030884742736816e-01
3.157781362533569336e-01
4.720137640833854675e-02
5.130327865481376648e-02
4.031326472759246826e-01
2.751561105251312256e-01
3.929779678583145142e-02
1.006346791982650757e-01
3.187764883041381836e-01
1.393469870090484619e-01
2.236644625663757324e-01
7.647273689508438110e-02
4.011018872261047363e-01
4.757943376898765564e-02
5.008918046951293945e-02
8.913071751594543457e-01
5.420873761177062988e-01
1.286702901124954224e-01
9.509650468826293945e-01
3.956248164176940918e-01
4.904419779777526855e-01
6.687662005424499512e-02
6.431894898414611816e-01
4.999693036079406738e-01
2.740021049976348877e-02
8.115059137344360352e-01
8.475784063339233398e-01
5.485131144523620605e-01
1.444052066653966904e-02
3.528688848018646240e-01
2.499571740627288818e-01
2.564263939857482910e-01
6.018583774566650391e-01
6.770418584346771240e-02
1.597984284162521362e-01
3.025264739990234375e-01
8.675010502338409424e-02
1.581365913152694702e-01
3.466971218585968018e-01
3.546188026666641235e-02
1.427279561758041382e-01
1.084328815340995789e-01
8.594808578491210938e-01
3.883324265480041504e-01
4.826069176197052002e-01
2.525185644626617432e-01
4.498571157455444336e-01
2.217509150505065918e-01
8.210157603025436401e-02
8.927104473114013672e-01
9.093713015317916870e-02
6.129860281944274902e-01
8.926677107810974121e-01
4.539588689804077148e-01
3.951917588710784912e-02
4.434243440628051758e-01
5.411369353532791138e-02
8.464927077293395996e-01
6.679516285657882690e-02
5.174797400832176208e-02
2.450028657913208008e-01
6.735970377922058105e-01
3.587898313999176025e-01
7.286566495895385742e-01
3.119136691093444824e-01
2.217973023653030396e-01
5.999118089675903320e-01
6.094459444284439087e-02
1.396187394857406616e-01
1.885846257209777832e-01
3.738461434841156006e-01
1.696362197399139404e-01
3.732974231243133545e-01
6.462088823318481445e-01
3.019130527973175049e-01
5.505003929138183594e-01
8.866308927536010742e-01
8.409471064805984497e-02
6.848622560501098633e-01
1.084000617265701294e-01
1.926097571849822998e-01
1.850420832633972168e-01
7.902473956346511841e-02
5.844911336898803711e-01
6.251584291458129883e-01
8.837079256772994995e-02
5.772427320480346680e-01
8.082725405693054199e-01
9.438622593879699707e-01
9.318219423294067383e-01
2.390341460704803467e-02
2.821285724639892578e-01
2.365951538085937500e-01
3.709996044635772705e-01
8.685722947120666504e-01
1.844848841428756714e-01
2.947152554988861084e-01
2.830479145050048828e-01
5.191228911280632019e-02
8.498311638832092285e-01
2.117881178855895996e-02
1.441994775086641312e-02
7.569034695625305176e-01
3.356928005814552307e-02
8.362635970115661621e-02
3.253520429134368896e-01
3.235436975955963135e-01
9.132487177848815918e-01
2.706912718713283539e-02
5.250285938382148743e-02
7.096461206674575806e-02
7.996370792388916016e-01
8.936142325401306152e-01
3.344927355647087097e-02
8.751443624496459961e-01
4.088974371552467346e-02
4.540305137634277344e-01
2.409216910600662231e-01
7.485269308090209961e-01
3.520893454551696777e-01
8.713525533676147461e-02
2.499331980943679810e-01
7.449958920478820801e-01
1.126492768526077271e-01
2.760796993970870972e-02
5.312486886978149414e-01
3.191428259015083313e-02
3.279724344611167908e-02
4.608219265937805176e-01
3.735357820987701416e-01
2.877770178020000458e-02
5.622795224189758301e-01
3.939276039600372314e-01
2.090068310499191284e-01
3.497797995805740356e-02
2.053850889205932617e-01
8.598390817642211914e-01
6.981524825096130371e-01
7.707883715629577637e-01
3.537662029266357422e-01
2.921523153781890869e-01
1.418445706367492676e-01
4.857047200202941895e-01
1.305094063282012939e-01
5.621721595525741577e-02
2.057197093963623047e-01
4.231209754943847656e-01
7.731245160102844238e-01
7.550398707389831543e-01
3.834889829158782959e-02
3.399054408073425293e-01
9.847342222929000854e-02
1.883921921253204346e-01
8.552101254463195801e-01
6.180038452148437500e-01
1.528338491916656494e-01
5.100513622164726257e-02
7.797981053590774536e-02
2.411866933107376099e-02
2.237347364425659180e-01
8.550015091896057129e-01
3.349200785160064697e-01
2.557126060128211975e-02
1.709113419055938721e-01
2.405976951122283936e-01
6.581687927246093750e-01
4.227714613080024719e-02
2.024830281734466553e-01
4.631847739219665527e-01
8.089455366134643555e-01
6.262374669313430786e-02
5.215242877602577209e-02
3.526362776756286621e-01
6.045053005218505859e-01
3.630890846252441406e-01
1.617888547480106354e-02
2.904159724712371826e-01
8.630330562591552734e-01
7.202613353729248047e-01
4.169933795928955078e-01
1.258605420589447021e-01
6.157263740897178650e-02
5.414808988571166992e-01
2.636813819408416748e-01
2.695401608943939209e-01
2.980138063430786133e-01
6.593946814537048340e-01
1.889817267656326294e-01
4.340698197484016418e-02
2.365759760141372681e-02
5.682352185249328613e-01
1.768654733896255493e-01
3.136749565601348877e-02
1.809145212173461914e-01
7.765910625457763672e-01
3.822945356369018555e-01
7.341961860656738281e-01
2.025002837181091309e-01
1.952150017023086548e-01
4.263505339622497559e-02
7.352376729249954224e-02
7.089033126831054688e-01
9.062518477439880371e-01
3.080971166491508484e-02
9.210153818130493164e-01
9.544289708137512207e-01
6.999412178993225098e-01
3.480721414089202881e-01
6.030141711235046387e-01
6.482309103012084961e-02
5.825892090797424316e-01
7.592074871063232422e-01
7.083284258842468262e-01
8.105905652046203613e-01
7.393926382064819336e-02
2.283219248056411743e-01
8.073506504297256470e-02
3.377563059329986572e-01
2.786595523357391357e-01
3.551339507102966309e-01
4.539453089237213135e-01
6.887900829315185547e-01
2.276320457458496094e-01
2.669095695018768311e-01
3.740352690219879150e-01
2.771174609661102295e-01
4.341996908187866211e-01
6.724441647529602051e-01
4.912745952606201172e-01
2.865582704544067383e-02
6.115214824676513672e-01
4.146338999271392822e-02
3.063666820526123047e-01
7.333680391311645508e-01
1.057016998529434204e-01
1.941768527030944824e-01
3.544988855719566345e-02
3.205483853816986084e-01
9.361201524734497070e-01
3.815664649009704590e-01
9.090533256530761719e-01
4.038346931338310242e-02
1.876999810338020325e-02
3.125474601984024048e-02
8.647047281265258789e-01
1.279884278774261475e-01
6.524324417114257812e-01
6.463893055915832520e-01
1.559607088565826416e-01
8.721259236335754395e-02
1.776244193315505981e-01
6.406612396240234375e-01
9.079031348228454590e-01
2.321244031190872192e-02
5.523217096924781799e-02
8.836115598678588867e-01
9.409772604703903198e-02
3.840483725070953369e-02
2.813853919506072998e-01
1.222155466675758362e-01
1.429574489593505859e-01
1.644925475120544434e-01
3.162098228931427002e-01
3.355145454406738281e-02
7.544425874948501587e-02
2.118381559848785400e-01
3.801846876740455627e-02
4.304229617118835449e-01
6.170772910118103027e-01
1.745646744966506958e-01
5.166301876306533813e-02
6.278226524591445923e-02
1.091557741165161133e-01
2.268364578485488892e-01
1.229933351278305054e-01
5.307583808898925781e-01
5.134915187954902649e-02
2.711474895477294922e-01
9.502767324447631836e-01
2.537476420402526855e-01
1.988699585199356079e-01
1.990881860256195068e-01
5.958546400070190430e-01
3.127756118774414062e-01
1.085995808243751526e-01
3.972974419593811035e-01
9.138582348823547363e-01
1.273750215768814087e-01
2.347935438156127930e-01
1.389670222997665405e-01
8.583622425794601440e-02
1.259212940931320190e-01
6.452571153640747070e-01
5.407135486602783203e-01
2.006904780864715576e-01
9.063965678215026855e-01
3.700577318668365479e-01
4.693123996257781982e-01
1.852450668811798096e-01
4.519231617450714111e-02
5.568221211433410645e-01
1.319522410631179810e-01
1.836707070469856262e-02
9.315255284309387207e-01
5.087955594062805176e-01
8.366186618804931641e-01
4.110276699066162109e-01
5.053830519318580627e-02
2.746445238590240479e-01
1.333976387977600098e-01
1.570161581039428711e-01
4.008163213729858398e-01
5.866832286119461060e-02
1.696249395608901978e-01
5.939049720764160156e-01
8.571525663137435913e-02
8.048931956291198730e-01
3.427791595458984375e-01
6.220816373825073242e-01
5.220252647995948792e-02
7.336058020591735840e-01
7.906219363212585449e-01
3.006855249404907227e-01
8.757578134536743164e-01
3.956283032894134521e-01
4.451972246170043945e-01
5.363508686423301697e-02
8.451161980628967285e-01
5.282800197601318359e-01
7.335853576660156250e-02
8.580026030540466309e-01
3.196846246719360352e-01
8.252343535423278809e-01
6.496108323335647583e-02
2.925194501876831055e-01
2.745189666748046875e-01
3.729551434516906738e-01
5.239617824554443359e-01
8.926854729652404785e-01
1.880747377872467041e-01
2.961120307445526123e-01
2.817911282181739807e-02
8.719518780708312988e-01
7.263402640819549561e-02
2.334927394986152649e-02
8.492738604545593262e-01
8.118689060211181641e-01
3.460138738155364990e-01
6.714396923780441284e-02
5.558982491493225098e-01
4.457670152187347412e-01
8.321066498756408691e-01
1.513856053352355957e-01
9.059515595436096191e-01
2.486062236130237579e-02
3.602295517921447754e-01
3.670101240277290344e-02
4.226022064685821533e-01
6.304177641868591309e-02
4.778025448322296143e-01
2.842777371406555176e-01
2.718876600265502930e-01
4.308970868587493896e-01
6.374623626470565796e-02
6.469014286994934082e-01
8.334009647369384766e-01
1.459337323904037476e-01
5.665173530578613281e-01
4.128784313797950745e-02
3.792206346988677979e-01
8.343811035156250000e-01
6.566381454467773438e-01
1.382673978805541992e-01
2.145777493715286255e-01
5.725325271487236023e-02
1.688721030950546265e-01
4.300181269645690918e-01
1.849927306175231934e-01
9.103491306304931641e-01
2.328455150127410889e-01
5.356520414352416992e-01
2.184183448553085327e-01
8.176621198654174805e-01
1.152465865015983582e-01
5.688195228576660156e-01
7.501001656055450439e-02
4.345169290900230408e-02
8.483141660690307617e-02
8.833407163619995117e-01
5.852662920951843262e-01
1.789542138576507568e-01
6.908854842185974121e-02
6.905674338340759277e-01
9.165666103363037109e-01
6.283359527587890625e-01
1.368717998266220093e-01
1.074966862797737122e-01
7.130794525146484375e-01
7.507215738296508789e-01
8.507755994796752930e-01
3.475280106067657471e-02
8.622116446495056152e-01
8.803063035011291504e-01
5.093435645103454590e-01
8.832328319549560547e-01
4.094685912132263184e-01
1.873107068240642548e-02
6.127823591232299805e-01
3.329618871212005615e-01
5.237207412719726562e-01
2.062560617923736572e-01
8.084471821784973145e-01
5.237098932266235352e-01
1.074035465717315674e-01
6.983878612518310547e-01
7.209640145301818848e-01
8.475871086120605469e-01
2.394417673349380493e-02
2.303058356046676636e-01
7.128514051437377930e-01
4.557728171348571777e-01
2.169077247381210327e-01
2.119500488042831421e-01
5.599364042282104492e-01
8.490485548973083496e-01
6.666221618652343750e-01
1.281102299690246582e-01
2.673424780368804932e-02
2.551673054695129395e-01
1.689544878900051117e-02
2.435147613286972046e-01
8.117715269327163696e-02
6.276053786277770996e-01
1.275417506694793701e-01
1.865410245954990387e-02
7.839828133583068848e-01
3.325417935848236084e-01
6.890187412500381470e-02
4.870099425315856934e-01
4.119581729173660278e-02
7.741475105285644531e-01
6.311289668083190918e-01
4.947205632925033569e-02
2.701056897640228271e-01
2.059530653059482574e-02
2.843707501888275146e-01
2.352491617202758789e-01
1.217839643359184265e-01
5.852345749735832214e-02
4.324373230338096619e-02
5.216618776321411133e-01
1.226597800850868225e-01
3.847195953130722046e-02
1.686026006937026978e-01
1.861264258623123169e-01
4.576168954372406006e-01
5.319575667381286621e-01
3.175117447972297668e-02
4.474533349275588989e-02
4.915099442005157471e-01
2.965166866779327393e-01
5.916068330407142639e-02
9.439173936843872070e-01
6.618658900260925293e-01
3.752837479114532471e-01
1.128601059317588806e-01
2.186069935560226440e-01
7.589666545391082764e-02
1.453165411949157715e-01
4.777978658676147461e-01
3.783906698226928711e-01
5.284321904182434082e-01
4.187260270118713379e-01
3.984948694705963135e-01
4.441637918353080750e-02
3.124111294746398926e-01
1.056471019983291626e-01
3.678525984287261963e-01
3.767435550689697266e-01
2.369554638862609863e-01
3.549696803092956543e-01
2.490359246730804443e-01
9.533743858337402344e-01
4.050528258085250854e-02
2.123110890388488770e-01
8.709180951118469238e-01
5.710276365280151367e-01
3.387322425842285156e-01
7.591015696525573730e-01
3.736793398857116699e-01
1.980283707380294800e-01
6.958554387092590332e-01
4.313022196292877197e-01
2.819225490093231201e-01
8.737212419509887695e-01
1.138864979147911072e-01
6.968625187873840332e-01
7.474521994590759277e-01
5.197786167263984680e-02
1.952026598155498505e-02
4.434149861335754395e-01
1.543625444173812866e-01
5.343612283468246460e-02
3.373440206050872803e-01
9.385970830917358398e-01
1.386998891830444336e-01
3.354626893997192383e-02
1.720628440380096436e-01
2.759295888245105743e-02
2.667213976383209229e-01
6.942059844732284546e-02
1.333255320787429810e-01
4.258579015731811523e-02
1.855715215206146240e-01
3.086619079113006592e-01
7.735143303871154785e-01
4.806139469146728516e-01
8.597431778907775879e-01
5.200303718447685242e-02
7.184417545795440674e-02
4.538671970367431641e-01
6.922248601913452148e-01
3.930366411805152893e-02
2.417922317981719971e-01
3.514357507228851318e-01
3.414785861968994141e-02
9.120188355445861816e-01
1.526693552732467651e-01
1.698914170265197754e-01
2.814830467104911804e-02
3.092760443687438965e-01
5.769148841500282288e-02
6.897265911102294922e-01
1.535182148218154907e-01
2.854981422424316406e-01
6.138802692294120789e-02
2.911265194416046143e-01
2.044777423143386841e-01
1.105792596936225891e-01
2.245725095272064209e-01
2.093659341335296631e-01
2.989236824214458466e-02
8.438069373369216919e-02
2.913486398756504059e-02
3.162275552749633789e-01
1.966097652912139893e-01
8.917368054389953613e-01
8.615543246269226074e-01
2.484352439641952515e-01
