2.520610764622688293e-02
8.595164418220520020e-01
2.103049010038375854e-01
7.526805400848388672e-01
3.366601467132568359e-01
1.690247356891632080e-01
5.477925539016723633e-01
3.482720851898193359e-01
8.846860527992248535e-01
1.298605203628540039e-01
3.040108978748321533e-01
3.282802999019622803e-01
6.353123188018798828e-01
3.516299426555633545e-01
1.440719813108444214e-01
3.526728153228759766e-01
3.872630298137664795e-01
5.856781005859375000e-01
9.485639333724975586e-01
4.164512753486633301e-01
7.459947466850280762e-01
6.936554312705993652e-01
9.306706488132476807e-02
1.712171584367752075e-01
2.556757330894470215e-01
1.633684337139129639e-01
7.689328193664550781e-01
2.562386393547058105e-01
3.309817612171173096e-01
3.811555802822113037e-01
3.298420906066894531e-01
2.207033336162567139e-02
8.572013974189758301e-01
9.308211505413055420e-02
3.704947531223297119e-01
2.142786681652069092e-01
3.135109245777130127e-01
2.764686644077301025e-01
4.912590086460113525e-01
8.849508166313171387e-01
3.931064307689666748e-01
1.928458362817764282e-01
6.864589452743530273e-02
2.312059104442596436e-01
1.756737679243087769e-01
2.332869619131088257e-01
3.297423422336578369e-01
5.965306758880615234e-01
2.559120580554008484e-02
7.739992737770080566e-01
2.402654588222503662e-01
3.071835637092590332e-02
3.394958972930908203e-01
5.163738131523132324e-01
2.737439274787902832e-01
2.031894624233245850e-01
7.584933638572692871e-01
2.004671245813369751e-01
7.575816661119461060e-02
3.282675743103027344e-01
4.900809526443481445e-01
2.151343971490859985e-01
1.607354879379272461e-01
1.196322590112686157e-01
5.682651326060295105e-02
2.356238365173339844e-01
8.718738704919815063e-02
1.633007824420928955e-01
4.055682718753814697e-01
4.322232604026794434e-01
1.614458411931991577e-01
6.804501414299011230e-01
5.299094915390014648e-01
1.646529287099838257e-01
2.932910919189453125e-01
9.423235058784484863e-02
8.701585978269577026e-02
4.016400128602981567e-02
1.613745391368865967e-01
7.901635020971298218e-02
8.592399954795837402e-01
7.862011194229125977e-01
8.520244956016540527e-01
5.283266305923461914e-01
8.948490619659423828e-01
4.923316240310668945e-01
1.447229385375976562e-01
2.099210321903228760e-01
3.066978752613067627e-01
2.497138679027557373e-01
5.470212697982788086e-01
1.620339900255203247e-01
1.120492368936538696e-01
4.778470993041992188e-01
5.466386079788208008e-01
6.437925696372985840e-01
5.661160349845886230e-01
8.491004705429077148e-01
9.544654935598373413e-02
2.255958318710327148e-01
5.883097648620605469e-01
2.859457433223724365e-01
5.949308872222900391e-01
3.347405493259429932e-01
4.034490585327148438e-01
2.159681320190429688e-01
1.665907353162765503e-01
6.209620833396911621e-01
4.346320033073425293e-01
2.956545948982238770e-01
3.477714061737060547e-01
3.655666485428810120e-02
9.099963307380676270e-02
8.847743272781372070e-01
3.666467070579528809e-01
1.013660952448844910e-01
8.452234864234924316e-01
1.135575398802757263e-01
2.157329916954040527e-01
6.405510306358337402e-01
1.526091340929269791e-02
1.522310525178909302e-01
1.572649180889129639e-01
7.000434994697570801e-01
8.497312664985656738e-01
1.850256323814392090e-01
1.555404514074325562e-01
2.754196226596832275e-01
1.943460106849670410e-01
1.401456296443939209e-01
8.905795812606811523e-01
3.360741734504699707e-01
8.634662032127380371e-01
3.316151201725006104e-01
5.195922851562500000e-01
3.938592076301574707e-01
8.995111584663391113e-01
4.075197279453277588e-01
5.930162668228149414e-01
9.637962281703948975e-02
5.807655453681945801e-01
7.616176009178161621e-01
5.669701695442199707e-01
4.220976233482360840e-01
2.984350919723510742e-01
1.001591235399246216e-01
5.288372635841369629e-01
5.659108757972717285e-01
5.800474286079406738e-01
2.394710034132003784e-01
3.055850602686405182e-02
2.713717520236968994e-01
2.117187380790710449e-01
2.833389639854431152e-01
1.766978651285171509e-01
2.053732126951217651e-01
2.397959232330322266e-01
2.345160245895385742e-01
2.778379619121551514e-01
7.354393601417541504e-01
3.883393406867980957e-01
6.520673036575317383e-01
2.174690663814544678e-01
2.726421058177947998e-01
7.593026161193847656e-01
6.942115426063537598e-01
3.184489309787750244e-01
2.481863945722579956e-01
1.212831437587738037e-01
3.568929135799407959e-01
1.160594001412391663e-01
6.282249093055725098e-02
5.563844442367553711e-01
5.175001025199890137e-01
1.901430189609527588e-01
8.459044098854064941e-01
2.782342135906219482e-01
1.149313077330589294e-01
6.734564900398254395e-01
2.505929768085479736e-01
2.704622149467468262e-01
1.943467110395431519e-01
2.714043557643890381e-01
2.979311048984527588e-01
2.957385182380676270e-01
1.679987311363220215e-01
3.245893716812133789e-01
4.674771428108215332e-01
5.164949893951416016e-01
6.679877042770385742e-01
4.131190851330757141e-02
8.602805733680725098e-01
1.561446338891983032e-01
7.792968153953552246e-01
2.763689458370208740e-01
4.515201151371002197e-01
8.839787542819976807e-02
4.332061707973480225e-01
5.217907428741455078e-01
7.775249332189559937e-02
4.470639303326606750e-02
2.435222715139389038e-01
7.275741696357727051e-01
2.917440831661224365e-01
8.367183208465576172e-01
8.787624239921569824e-01
5.012685060501098633e-01
1.403854638338088989e-01
9.422110915184020996e-01
2.046081423759460449e-01
3.378917276859283447e-01
9.761316329240798950e-02
2.762268781661987305e-01
6.333291530609130859e-01
3.567819893360137939e-01
4.773253574967384338e-02
7.899370789527893066e-01
4.044028818607330322e-01
6.888445615768432617e-01
1.809593141078948975e-01
8.892363309860229492e-01
9.119593501091003418e-01
4.844515621662139893e-01
2.007946521043777466e-01
2.500123977661132812e-01
1.616876572370529175e-01
3.987069427967071533e-01
6.374941468238830566e-01
1.703045815229415894e-01
5.108552575111389160e-01
4.964140951633453369e-01
8.644824028015136719e-01
1.218178793787956238e-01
7.860471606254577637e-01
8.311300277709960938e-01
3.416456878185272217e-01
4.572095870971679688e-01
8.658423423767089844e-01
2.327864319086074829e-01
4.546805024147033691e-01
8.876407146453857422e-01
2.990089058876037598e-01
7.722543478012084961e-01
1.449270397424697876e-01
2.971113920211791992e-01
3.679759800434112549e-01
1.399613916873931885e-01
9.256562590599060059e-01
1.108008921146392822e-01
5.912263393402099609e-01
3.287220001220703125e-01
8.173311501741409302e-02
2.270438671112060547e-01
1.148522719740867615e-01
2.144625484943389893e-01
3.163467943668365479e-01
5.114030838012695312e-01
6.912434101104736328e-01
2.305114865303039551e-01
7.359272241592407227e-01
2.426406592130661011e-01
6.593538522720336914e-01
4.142682552337646484e-01
5.299685150384902954e-02
2.230005413293838501e-01
4.880825281143188477e-01
1.956955492496490479e-01
3.723953068256378174e-01
1.978593170642852783e-01
5.582467317581176758e-01
8.512512445449829102e-01
6.322948932647705078e-01
3.377730250358581543e-01
3.884064853191375732e-01
7.467869520187377930e-01
1.545540094375610352e-01
6.627081036567687988e-01
2.191871553659439087e-01
8.051287531852722168e-01
2.761691212654113770e-01
2.686609029769897461e-01
8.317632675170898438e-01
7.107724547386169434e-01
4.780036211013793945e-01
5.460008978843688965e-01
4.710021615028381348e-01
5.565773323178291321e-02
3.128510415554046631e-01
3.199092149734497070e-01
3.152976334095001221e-01
3.105672001838684082e-01
3.709765672683715820e-01
6.568874716758728027e-01
4.043746888637542725e-01
2.798386812210083008e-01
6.211820244789123535e-02
3.299798965454101562e-01
8.223274350166320801e-01
4.132456779479980469e-01
6.557239592075347900e-02
8.773823380470275879e-01
4.026123285293579102e-01
2.431636750698089600e-01
2.465881705284118652e-01
1.856374442577362061e-01
7.065740972757339478e-02
2.481095045804977417e-01
5.388945937156677246e-01
8.423227667808532715e-01
7.673125863075256348e-01
4.729763269424438477e-01
1.618669331073760986e-01
2.338913083076477051e-01
1.712363660335540771e-01
5.087811946868896484e-01
3.718256354331970215e-01
8.880327939987182617e-01
6.819154024124145508e-01
2.653540670871734619e-01
3.116785585880279541e-01
4.750110507011413574e-01
4.155010879039764404e-01
3.642933666706085205e-01
8.951907753944396973e-01
7.138109803199768066e-01
4.489111006259918213e-01
1.902055442333221436e-01
1.211628094315528870e-01
1.212026476860046387e-01
1.504184752702713013e-01
4.067819193005561829e-02
7.183673977851867676e-02
4.363447427749633789e-01
2.244024276733398438e-01
2.640793919563293457e-01
8.785152435302734375e-01
2.490145862102508545e-01
5.457764863967895508e-02
3.938733041286468506e-01
2.838452756404876709e-01
1.311338096857070923e-01
3.918480873107910156e-01
7.464321851730346680e-01
4.137733876705169678e-01
8.037540316581726074e-01
2.787333168089389801e-02
2.361155152320861816e-01
4.090816974639892578e-01
2.719080150127410889e-01
6.844684481620788574e-01
1.872246563434600830e-01
2.497954666614532471e-02
6.832773983478546143e-02
2.001389563083648682e-01
6.173502802848815918e-01
9.993735700845718384e-02
6.404545307159423828e-01
3.430167734622955322e-01
2.901138663291931152e-01
3.435053527355194092e-01
2.126517146825790405e-01
4.819008409976959229e-01
3.519595265388488770e-01
2.342977225780487061e-01
8.130404353141784668e-01
4.128611683845520020e-01
3.888568878173828125e-01
9.478437900543212891e-01
4.077857434749603271e-01
1.359407603740692139e-01
3.992635905742645264e-01
1.196983829140663147e-01
2.251272350549697876e-01
2.819244563579559326e-01
1.043276786804199219e-01
8.931018412113189697e-02
2.503409087657928467e-01
2.159710377454757690e-01
8.506663441658020020e-01
1.854180395603179932e-01
8.388994634151458740e-02
7.841716706752777100e-02
8.584360480308532715e-01
5.466961860656738281e-01
4.210163652896881104e-01
2.831170558929443359e-01
4.360869228839874268e-01
2.665045261383056641e-01
2.977449893951416016e-01
4.957266449928283691e-01
1.674832217395305634e-02
1.222552582621574402e-01
1.416552662849426270e-01
2.131236940622329712e-01
2.318020910024642944e-01
7.361266762018203735e-02
6.997587084770202637e-01
3.416740596294403076e-01
7.820508480072021484e-01
3.385930955410003662e-01
3.951548039913177490e-01
8.842083811759948730e-02
8.298834562301635742e-01
5.113323330879211426e-01
6.438077092170715332e-01
6.503823399543762207e-01
5.718348026275634766e-01
4.259207844734191895e-01
4.252381622791290283e-01
3.003558516502380371e-01
1.651684045791625977e-01
2.849200926721096039e-02
4.166368544101715088e-01
5.895053744316101074e-01
7.869810461997985840e-01
3.034305945038795471e-02
5.051859617233276367e-01
2.659192979335784912e-01
1.920942962169647217e-01
2.266999632120132446e-01
9.352180361747741699e-02
5.639126896858215332e-01
5.200497508049011230e-01
1.332277357578277588e-01
1.362268030643463135e-01
5.401430130004882812e-01
3.794768452644348145e-02
2.183154374361038208e-01
1.866157054901123047e-01
2.543846964836120605e-01
2.307295948266983032e-01
2.429645061492919922e-01
7.174109220504760742e-01
5.169786810874938965e-01
2.405021935701370239e-01
1.503753811120986938e-01
3.687669038772583008e-01
4.386664927005767822e-02
5.733040571212768555e-01
5.455701351165771484e-01
2.584658563137054443e-01
4.057674407958984375e-01
1.610125005245208740e-01
6.525362730026245117e-01
1.189170405268669128e-01
3.488335907459259033e-01
1.486908495426177979e-01
7.025198340415954590e-01
1.364167034626007080e-01
2.610976994037628174e-02
4.496975541114807129e-01
7.549781799316406250e-01
5.177934169769287109e-01
9.369877725839614868e-02
9.809768944978713989e-02
4.781715869903564453e-01
4.218433797359466553e-01
1.923031657934188843e-01
1.492645889520645142e-01
3.009712398052215576e-01
2.281913012266159058e-01
2.191196382045745850e-01
1.069444268941879272e-01
3.874997198581695557e-01
1.015136167407035828e-01
2.704076766967773438e-01
9.040554165840148926e-01
4.088739156723022461e-01
1.332808732986450195e-01
9.594478607177734375e-01
3.552770912647247314e-01
5.373246669769287109e-01
1.597031950950622559e-01
6.166684627532958984e-01
5.960586667060852051e-01
7.326799631118774414e-02
8.340069055557250977e-01
8.535649776458740234e-01
3.474612236022949219e-01
1.333304308354854584e-02
3.332174420356750488e-01
3.979978263378143311e-01
2.423765808343887329e-01
5.367202758789062500e-01
9.570357203483581543e-02
1.918769031763076782e-01
2.886483967304229736e-01
1.049823537468910217e-01
2.527911067008972168e-01
4.524989426136016846e-01
2.158198505640029907e-02
2.074747979640960693e-01
1.069661080837249756e-01
8.229870200157165527e-01
4.918754994869232178e-01
4.879116714000701904e-01
1.965232640504837036e-01
4.073769748210906982e-01
2.767421007156372070e-01
1.419102847576141357e-01
9.032989144325256348e-01
1.900576502084732056e-01
5.745095610618591309e-01
9.117341637611389160e-01
4.627333581447601318e-01
9.207662194967269897e-02
6.539300084114074707e-01
1.876492798328399658e-01
7.977567315101623535e-01
1.387861967086791992e-01
1.950898915529251099e-01
3.659007847309112549e-01
7.124123573303222656e-01
4.210045337677001953e-01
7.339863777160644531e-01
5.160552263259887695e-01
2.122495919466018677e-01
5.692781805992126465e-01
2.388591468334197998e-01
2.030325531959533691e-01
2.521986663341522217e-01
4.535453617572784424e-01
2.915514707565307617e-01
4.592348635196685791e-01
6.926609873771667480e-01
3.063377439975738525e-01
3.787641227245330811e-01
8.662308454513549805e-01
9.415598213672637939e-02
6.497514247894287109e-01
2.121441215276718140e-01
3.094630837440490723e-01
2.685425579547882080e-01
1.018928661942481995e-01
7.617384195327758789e-01
5.629123449325561523e-01
2.441833168268203735e-01
6.305662393569946289e-01
8.461998105049133301e-01
9.264143705368041992e-01
9.197059869766235352e-01
9.077817946672439575e-02
2.813850641250610352e-01
3.221799731254577637e-01
3.645800054073333740e-01
8.799378871917724609e-01
2.734561860561370850e-01
3.622029721736907959e-01
3.554532825946807861e-01
1.237337514758110046e-01
8.127992153167724609e-01
2.349838800728321075e-02
1.118889003992080688e-01
7.704004049301147461e-01
6.615500152111053467e-02
1.872692108154296875e-01
4.571039080619812012e-01
4.552131593227386475e-01
9.026700854301452637e-01
1.319774538278579712e-01
7.007829099893569946e-02
1.705692857503890991e-01
7.663679122924804688e-01
8.635953664779663086e-01
2.166907675564289093e-02
8.591479659080505371e-01
3.773279488086700439e-02
5.850058197975158691e-01
2.959288358688354492e-01
7.203589081764221191e-01
2.075819671154022217e-01
1.003203615546226501e-01
2.690398991107940674e-01
7.237451672554016113e-01
7.800506800413131714e-02
2.943297475576400757e-02
7.524733543395996094e-01
7.405706495046615601e-02
2.458965331315994263e-01
3.853269219398498535e-01
4.609477818012237549e-01
3.837810829281806946e-02
6.253570318222045898e-01
4.025557339191436768e-01
2.079102247953414917e-01
6.852329522371292114e-02
2.218319028615951538e-01
8.653041720390319824e-01
7.316914796829223633e-01
7.507531642913818359e-01
4.725743234157562256e-01
4.046679139137268066e-01
2.576973140239715576e-01
2.507657408714294434e-01
1.353428512811660767e-01
2.316430211067199707e-01
1.203001588582992554e-01
6.885581612586975098e-01
8.163369297981262207e-01
7.360251545906066895e-01
2.057043612003326416e-01
5.274651050567626953e-01
1.420913189649581909e-01
2.465918809175491333e-01
8.681600689888000488e-01
3.134532272815704346e-01
1.456815600395202637e-01
1.385595798492431641e-01
7.036737352609634399e-02
2.945979125797748566e-02
2.816857993602752686e-01
8.546080589294433594e-01
4.540430009365081787e-01
4.357432201504707336e-02
1.301992535591125488e-01
4.383519887924194336e-01
6.631307601928710938e-01
5.069774389266967773e-02
3.813021779060363770e-01
4.301424026489257812e-01
7.772663831710815430e-01
1.966099143028259277e-01
1.284418851137161255e-01
2.653623223304748535e-01
4.309667646884918213e-01
4.634734392166137695e-01
1.389394700527191162e-01
4.456020295619964600e-01
8.518900275230407715e-01
8.140308260917663574e-01
5.581849217414855957e-01
3.701666295528411865e-01
8.739060908555984497e-02
7.944989800453186035e-01
4.011788070201873779e-01
3.581820428371429443e-01
4.594705104827880859e-01
6.884050965309143066e-01
1.964270621538162231e-01
9.834759682416915894e-02
2.895593643188476562e-02
3.787410259246826172e-01
1.694352775812149048e-01
6.054859608411788940e-02
3.135258555412292480e-01
7.914088964462280273e-01
6.302910447120666504e-01
5.794575214385986328e-01
3.505011200904846191e-01
2.948155999183654785e-01
2.376952022314071655e-01
9.088221192359924316e-02
7.908534407615661621e-01
9.050355553627014160e-01
6.218016892671585083e-02
9.208283424377441406e-01
9.566954374313354492e-01
5.899570584297180176e-01
4.642522931098937988e-01
6.216697096824645996e-01
2.014102339744567871e-01
5.477021336555480957e-01
6.920973658561706543e-01
6.283937096595764160e-01
7.670264244079589844e-01
2.873725891113281250e-01
2.720341682434082031e-01
4.480956196784973145e-01
1.960803568363189697e-01
3.512918055057525635e-01
4.688601791858673096e-01
5.812751054763793945e-01
5.597150921821594238e-01
2.854917943477630615e-01
2.757948637008666992e-01
4.197082817554473877e-01
2.231865078210830688e-01
3.232321143150329590e-01
5.393239259719848633e-01
4.342148005962371826e-01
5.736880004405975342e-02
5.529651641845703125e-01
1.252673119306564331e-01
2.572881877422332764e-01
8.069186210632324219e-01
1.159954592585563660e-01
1.868770867586135864e-01
9.184627234935760498e-02
3.475903570652008057e-01
9.326026439666748047e-01
5.313980579376220703e-01
8.956280350685119629e-01
8.732140064239501953e-02
1.835960708558559418e-02
3.645456209778785706e-02
8.173919320106506348e-01
2.234006524085998535e-01
4.665533602237701416e-01
4.079966247081756592e-01
3.438638448715209961e-01
7.511492818593978882e-02
2.609563171863555908e-01
5.724489092826843262e-01
9.194348454475402832e-01
2.175401151180267334e-02
1.203019097447395325e-01
8.689445257186889648e-01
3.166408240795135498e-01
5.829041451215744019e-02
3.545931577682495117e-01
1.474311202764511108e-01
2.930073440074920654e-01
3.539411723613739014e-01
4.788599908351898193e-01
6.043038889765739441e-02
3.213194310665130615e-01
4.744480550289154053e-02
2.512218058109283447e-01
6.093916893005371094e-01
5.172662138938903809e-01
3.610366284847259521e-01
1.709855943918228149e-01
1.255834102630615234e-01
1.431135386228561401e-01
2.356033921241760254e-01
2.502465248107910156e-01
4.897777736186981201e-01
1.760408729314804077e-01
3.210680186748504639e-01
9.399027824401855469e-01
2.203247696161270142e-01
2.015210390090942383e-01
2.156547605991363525e-01
6.845899820327758789e-01
2.927266061305999756e-01
2.743362188339233398e-01
5.055220723152160645e-01
8.937208652496337891e-01
1.170168146491050720e-01
1.656946092844009399e-01
6.746526807546615601e-02
1.260043978691101074e-01
2.044371664524078369e-01
6.480191946029663086e-01
7.337781190872192383e-01
3.845624923706054688e-01
8.977311253547668457e-01
3.220736682415008545e-01
6.361423134803771973e-01
2.485793679952621460e-01
1.687117666006088257e-01
6.699716448783874512e-01
2.968207001686096191e-01
2.205061167478561401e-02
9.094676971435546875e-01
6.662047505378723145e-01
7.721805572509765625e-01
6.305434703826904297e-01
1.177118420600891113e-01
3.076623678207397461e-01
2.716314792633056641e-01
2.110099941492080688e-01
4.789240658283233643e-01
3.318584337830543518e-02
1.057468056678771973e-01
3.088522851467132568e-01
2.577252984046936035e-01
7.987205386161804199e-01
4.854035377502441406e-01
5.234157443046569824e-01
6.485328823328018188e-02
6.613794565200805664e-01
7.338879108428955078e-01
2.548732459545135498e-01
8.425951004028320312e-01
5.698271393775939941e-01
4.345524311065673828e-01
1.328971534967422485e-01
7.965876460075378418e-01
5.616973042488098145e-01
1.018900200724601746e-01
8.571778535842895508e-01
3.728698194026947021e-01
8.721485137939453125e-01
9.189806878566741943e-02
3.957563340663909912e-01
3.710153996944427490e-01
3.252937793731689453e-01
4.899546802043914795e-01
8.714271783828735352e-01
2.806009948253631592e-01
4.554406404495239258e-01
1.928447186946868896e-02
8.685995936393737793e-01
1.961987912654876709e-01
3.421828150749206543e-02
7.721925377845764160e-01
8.240404129028320312e-01
4.267669022083282471e-01
1.583070456981658936e-01
4.811930656433105469e-01
5.699968934059143066e-01
8.555101156234741211e-01
2.930699586868286133e-01
8.912677168846130371e-01
3.444386273622512817e-02
4.027738571166992188e-01
4.367822781205177307e-02
5.106387138366699219e-01
6.302458792924880981e-02
4.371719658374786377e-01
3.692509531974792480e-01
2.783756554126739502e-01
3.991088271141052246e-01
2.075273245573043823e-01
5.541149973869323730e-01
8.112584352493286133e-01
2.358858436346054077e-01
5.289608240127563477e-01
1.026494279503822327e-01
3.948819041252136230e-01
8.593999147415161133e-01
6.308807730674743652e-01
2.143746763467788696e-01
3.293575942516326904e-01
1.961670219898223877e-01
2.019588649272918701e-01
2.459886968135833740e-01
2.501568496227264404e-01
9.212296009063720703e-01
2.596536278724670410e-01
6.243558526039123535e-01
1.386471390724182129e-01
8.955065011978149414e-01
2.756465077400207520e-01
3.857274651527404785e-01
2.979775890707969666e-02
5.168142914772033691e-02
2.898565232753753662e-01
8.167876601219177246e-01
7.201022505760192871e-01
4.382098913192749023e-01
2.248901575803756714e-01
5.410988330841064453e-01
9.136830568313598633e-01
5.605224370956420898e-01
1.923610121011734009e-01
3.837234675884246826e-01
5.933365821838378906e-01
6.595273613929748535e-01
8.941269516944885254e-01
1.138078719377517700e-01
8.056597113609313965e-01
7.963470220565795898e-01
4.093628525733947754e-01
8.354884386062622070e-01
5.549058914184570312e-01
7.043351978063583374e-02
6.050395965576171875e-01
3.479830622673034668e-01
6.390963196754455566e-01
1.645361781120300293e-01
8.334926962852478027e-01
4.480026662349700928e-01
2.177311033010482788e-01
5.918400883674621582e-01
6.989220976829528809e-01
8.020054697990417480e-01
4.978827759623527527e-02
2.981121838092803955e-01
7.224656939506530762e-01
4.600803256034851074e-01
4.385790228843688965e-01
2.630219161510467529e-01
4.409793317317962646e-01
8.132983446121215820e-01
5.301716923713684082e-01
4.092233777046203613e-01
3.997448086738586426e-02
3.550473451614379883e-01
2.442079037427902222e-02
2.182863205671310425e-01
2.824923396110534668e-01
5.759668946266174316e-01
1.322857737541198730e-01
6.194271147251129150e-02
6.224695444107055664e-01
4.718494713306427002e-01
1.662188321352005005e-01
4.584960937500000000e-01
1.519016623497009277e-01
7.246656417846679688e-01
4.638985097408294678e-01
1.058326661586761475e-01
3.430598974227905273e-01
2.160477265715599060e-02
5.253984332084655762e-01
3.074257075786590576e-01
1.452269703149795532e-01
1.293498873710632324e-01
9.270437806844711304e-02
3.630825877189636230e-01
1.524760276079177856e-01
3.975410014390945435e-02
2.389789968729019165e-01
3.828782439231872559e-01
4.607180058956146240e-01
5.399116873741149902e-01
4.590318351984024048e-02
7.600510865449905396e-02
5.280754566192626953e-01
3.546292185783386230e-01
7.443208247423171997e-02
9.200134277343750000e-01
6.270951032638549805e-01
2.540586292743682861e-01
1.977625340223312378e-01
3.465856611728668213e-01
1.094070151448249817e-01
1.075193285942077637e-01
5.988666415214538574e-01
2.765533626079559326e-01
5.761127471923828125e-01
4.819592237472534180e-01
5.881303548812866211e-01
5.859304592013359070e-02
3.231846392154693604e-01
1.520342975854873657e-01
4.140893816947937012e-01
4.146384298801422119e-01
2.579704523086547852e-01
5.471197366714477539e-01
3.252494633197784424e-01
9.350447654724121094e-01
8.652608096599578857e-02
2.954905331134796143e-01
8.678324222564697266e-01
4.112962782382965088e-01
6.361862421035766602e-01
5.738258957862854004e-01
3.109511733055114746e-01
2.967619597911834717e-01
8.350881934165954590e-01
5.076753497123718262e-01
4.861278235912322998e-01
8.600216507911682129e-01
1.716124266386032104e-01
6.805450320243835449e-01
7.539945840835571289e-01
8.286469429731369019e-02
1.131586544215679169e-02
5.826187133789062500e-01
3.129856884479522705e-01
2.114788889884948730e-01
4.247474670410156250e-01
9.374379515647888184e-01
8.856754004955291748e-02
4.790845885872840881e-02
2.200699746608734131e-01
5.033678933978080750e-02
2.749043405055999756e-01
1.621448546648025513e-01
1.347741335630416870e-01
6.934430450201034546e-02
5.935778021812438965e-01
2.903157174587249756e-01
7.095357179641723633e-01
5.771025419235229492e-01
8.818624615669250488e-01
2.727500498294830322e-01
1.515667885541915894e-01
5.003538131713867188e-01
6.539896726608276367e-01
1.233737543225288391e-01
5.027699470520019531e-01
4.121991395950317383e-01
8.593507111072540283e-02
8.992800116539001465e-01
1.973653733730316162e-01
2.314155995845794678e-01
5.810857564210891724e-02
3.573431670665740967e-01
3.351336717605590820e-01
7.110685706138610840e-01
2.403887063264846802e-01
3.032466173171997070e-01
8.299748599529266357e-02
3.430844545364379883e-01
3.097470402717590332e-01
4.028801620006561279e-01
3.829792141914367676e-01
2.929650247097015381e-01
4.253076389431953430e-02
2.216050624847412109e-01
4.658249393105506897e-02
4.538184106349945068e-01
2.419245243072509766e-01
8.934077024459838867e-01
8.762798905372619629e-01
1.848898380994796753e-01
