2.083923667669296265e-02
8.900725245475769043e-01
3.801291435956954956e-02
8.722886443138122559e-01
1.075927019119262695e-01
2.536985091865062714e-02
3.351858258247375488e-01
1.073168218135833740e-01
9.121477603912353516e-01
4.104144498705863953e-02
4.901672005653381348e-01
4.409794881939888000e-02
8.390756249427795410e-01
4.974909126758575439e-01
6.274695694446563721e-02
2.110399156808853149e-01
2.390563488006591797e-01
6.836148500442504883e-01
9.452700614929199219e-01
2.692490220069885254e-01
6.701127290725708008e-01
7.526217103004455566e-01
2.666652016341686249e-02
2.647157944738864899e-02
2.031194567680358887e-01
1.749340631067752838e-02
8.514400720596313477e-01
9.242057055234909058e-02
1.815085411071777344e-01
2.864410877227783203e-01
1.423525959253311157e-01
1.473437901586294174e-02
8.591796159744262695e-01
3.716963902115821838e-02
5.669683590531349182e-02
4.716584086418151855e-02
9.412322938442230225e-02
4.250812903046607971e-02
5.403825044631958008e-01
9.181435108184814453e-01
7.425119727849960327e-02
5.794190242886543274e-02
3.721606731414794922e-02
4.422511532902717590e-02
2.570386976003646851e-02
2.375067919492721558e-01
5.543133243918418884e-02
6.882961392402648926e-01
1.268612220883369446e-02
8.857883810997009277e-01
1.015046983957290649e-01
2.042678371071815491e-02
1.985593438148498535e-01
2.830125391483306885e-01
1.242544949054718018e-01
2.092111855745315552e-02
8.166133761405944824e-01
4.548664391040802002e-02
1.528920140117406845e-02
9.286502748727798462e-02
2.436075359582901001e-01
9.616818279027938843e-02
2.282773703336715698e-02
6.988111883401870728e-02
3.178016096353530884e-02
1.183692887425422668e-01
3.022554516792297363e-02
6.435831636190414429e-02
4.002577960491180420e-01
4.804658517241477966e-02
2.542356960475444794e-02
8.071939349174499512e-01
5.205899477005004883e-01
2.607152611017227173e-02
2.666116356849670410e-01
2.371894568204879761e-02
2.240332216024398804e-02
1.247917674481868744e-02
1.334838569164276123e-01
4.707746580243110657e-02
8.736497163772583008e-01
7.928869724273681641e-01
8.505378961563110352e-01
4.975632429122924805e-01
8.648284673690795898e-01
6.021828055381774902e-01
4.581124708056449890e-02
4.158579185605049133e-02
5.223842263221740723e-01
4.217529296875000000e-02
5.674945116043090820e-01
3.483441099524497986e-02
6.497007608413696289e-02
4.714981317520141602e-01
3.692477941513061523e-01
7.581669092178344727e-01
4.952266812324523926e-01
7.327598333358764648e-01
5.381258949637413025e-02
3.999095410108566284e-02
6.391927599906921387e-01
5.676873028278350830e-02
5.943450927734375000e-01
5.588448420166969299e-02
2.617095112800598145e-01
1.416376978158950806e-01
3.964896127581596375e-02
6.396597623825073242e-01
4.904879927635192871e-01
2.157850116491317749e-01
3.389131128787994385e-01
2.259868383407592773e-02
3.747453913092613220e-02
9.336856603622436523e-01
1.691208928823471069e-01
3.445347025990486145e-02
7.598644495010375977e-01
2.999408729374408722e-02
7.956242561340332031e-02
7.200984954833984375e-01
7.069168612360954285e-03
7.575264573097229004e-02
8.909222483634948730e-02
7.208563685417175293e-01
7.338320016860961914e-01
1.827579550445079803e-02
3.808308020234107971e-02
6.164725869894027710e-02
2.601499296724796295e-02
4.487225785851478577e-02
9.143711328506469727e-01
3.115705586969852448e-02
8.581241369247436523e-01
4.451040923595428467e-01
4.886024296283721924e-01
3.732391893863677979e-01
8.996881842613220215e-01
4.500513896346092224e-02
5.497169494628906250e-01
3.449133038520812988e-02
7.193513512611389160e-01
7.968474030494689941e-01
6.155047416687011719e-01
3.910429477691650391e-01
1.800419539213180542e-01
3.151095286011695862e-02
4.863237440586090088e-01
6.417824029922485352e-01
5.938917398452758789e-01
5.722347646951675415e-02
2.564550563693046570e-02
8.374098688364028931e-02
2.728136628866195679e-02
1.352118551731109619e-01
3.525823727250099182e-02
3.112219274044036865e-02
1.915946155786514282e-01
8.751304447650909424e-02
1.584974676370620728e-01
7.575196027755737305e-01
2.191500961780548096e-01
6.566478610038757324e-01
2.958615683019161224e-02
1.999543905258178711e-01
7.740897536277770996e-01
6.389908194541931152e-01
9.342633187770843506e-02
1.742559522390365601e-01
3.981512412428855896e-02
2.484139204025268555e-01
3.938456252217292786e-02
4.028957337141036987e-02
4.705857932567596436e-01
6.139039397239685059e-01
4.819459468126296997e-02
9.172881245613098145e-01
2.402123659849166870e-01
2.959661930799484253e-02
8.366534709930419922e-01
1.035427823662757874e-01
7.204735279083251953e-02
2.711588144302368164e-02
8.680225163698196411e-02
4.517430439591407776e-02
1.203206703066825867e-01
1.078945174813270569e-01
1.668705791234970093e-01
6.382507681846618652e-01
4.632557928562164307e-01
7.030379772186279297e-01
2.578391134738922119e-02
6.923428177833557129e-01
5.478379130363464355e-02
7.083657383918762207e-01
1.697255373001098633e-01
4.532400667667388916e-01
1.701602898538112640e-02
7.635890692472457886e-02
5.346224308013916016e-01
2.522226050496101379e-02
2.358330041170120239e-02
4.168496727943420410e-01
8.666191101074218750e-01
2.086343020200729370e-01
7.938441038131713867e-01
8.899412751197814941e-01
6.120681166648864746e-01
4.132426530122756958e-02
9.425280690193176270e-01
2.891713380813598633e-01
1.477146744728088379e-01
2.738067507743835449e-02
1.485890448093414307e-01
6.355497837066650391e-01
2.338347882032394409e-01
1.864685863256454468e-02
5.396964550018310547e-01
4.008234441280364990e-01
8.054352998733520508e-01
2.745287306606769562e-02
9.025768637657165527e-01
9.251763224601745605e-01
2.254751473665237427e-01
2.243482507765293121e-02
5.072944983839988708e-02
4.871969297528266907e-02
6.795979142189025879e-01
7.678118944168090820e-01
6.855469197034835815e-02
2.828879952430725098e-01
5.870363116264343262e-01
8.839989304542541504e-01
8.598487079143524170e-02
8.914281129837036133e-01
8.789283037185668945e-01
2.384034842252731323e-01
6.337921619415283203e-01
9.058890938758850098e-01
6.622935831546783447e-02
3.443492054939270020e-01
8.876006603240966797e-01
1.675825566053390503e-01
7.135297656059265137e-01
2.483531646430492401e-02
2.164743542671203613e-01
9.160852432250976562e-02
3.395697474479675293e-02
9.416868686676025391e-01
1.198369264602661133e-01
7.298547625541687012e-01
1.020906195044517517e-01
3.149399533867835999e-02
5.687965452671051025e-02
2.958466485142707825e-02
1.008967459201812744e-01
1.234640553593635559e-01
3.597730994224548340e-01
7.927881479263305664e-01
2.935967966914176941e-02
8.308234810829162598e-01
5.515560880303382874e-02
5.766828656196594238e-01
4.360151886940002441e-01
2.320731990039348602e-02
3.933515027165412903e-02
4.654912352561950684e-01
5.056850612163543701e-02
2.337791621685028076e-01
3.913174197077751160e-02
6.345458030700683594e-01
8.755421638488769531e-01
7.504925727844238281e-01
2.177220433950424194e-01
1.442410498857498169e-01
8.470058441162109375e-01
4.975419491529464722e-02
8.208995461463928223e-01
2.332935109734535217e-02
5.749735832214355469e-01
3.192922472953796387e-02
7.261390239000320435e-02
9.099751710891723633e-01
3.521215915679931641e-01
3.336438834667205811e-01
5.177430510520935059e-01
2.712388336658477783e-01
4.018447920680046082e-02
4.332349821925163269e-02
4.675600528717041016e-01
5.944612249732017517e-02
4.468495771288871765e-02
5.844753980636596680e-01
8.198856711387634277e-01
2.249508947134017944e-01
3.401021659374237061e-02
1.876621134579181671e-02
3.304412961006164551e-02
8.293336033821105957e-01
1.582904458045959473e-01
2.850608713924884796e-02
8.751378655433654785e-01
4.905962347984313965e-01
2.349732220172882080e-01
5.769040808081626892e-02
2.168624848127365112e-02
2.627887018024921417e-02
4.571934044361114502e-02
6.204124689102172852e-01
8.190072178840637207e-01
6.586385369300842285e-01
3.680573403835296631e-01
3.749954700469970703e-02
5.854833498597145081e-02
3.559117764234542847e-02
4.648577868938446045e-01
2.063447088003158569e-01
8.737741112709045410e-01
6.358809471130371094e-01
2.189249843358993530e-01
2.539033815264701843e-02
5.176193714141845703e-01
2.261665612459182739e-01
3.326110243797302246e-01
9.083680510520935059e-01
3.809558153152465820e-01
4.173719286918640137e-01
8.290468156337738037e-02
1.314921025186777115e-02
3.148546814918518066e-02
2.978962287306785583e-02
3.425807133316993713e-02
5.259207636117935181e-02
3.512344658374786377e-01
4.444975033402442932e-02
6.321007758378982544e-02
9.089714884757995605e-01
2.840264737606048584e-01
1.675737090408802032e-02
4.116919264197349548e-02
1.587131991982460022e-02
2.325154654681682587e-02
3.284028172492980957e-01
8.577271103858947754e-01
3.987525403499603271e-01
8.677509427070617676e-01
1.432559918612241745e-02
1.302970349788665771e-01
1.914010494947433472e-01
1.576884537935256958e-01
7.652754187583923340e-01
3.122957609593868256e-02
1.410706527531147003e-02
3.682246431708335876e-02
5.917998030781745911e-02
5.613462328910827637e-01
3.751551732420921326e-02
6.829069852828979492e-01
7.944605499505996704e-02
3.692561388015747070e-02
3.858664035797119141e-01
3.656718134880065918e-02
4.096559286117553711e-01
2.532983124256134033e-01
5.800607800483703613e-02
7.306262850761413574e-01
3.739298582077026367e-01
3.920625448226928711e-01
9.469718337059020996e-01
6.034162640571594238e-02
3.083366155624389648e-02
4.692961573600769043e-01
3.334023430943489075e-02
4.339700564742088318e-02
3.813719749450683594e-02
3.044961951673030853e-02
6.487961113452911377e-02
6.280852854251861572e-02
4.007284715771675110e-02
8.821366429328918457e-01
1.254176795482635498e-01
4.447501897811889648e-02
2.157266438007354736e-02
8.074688911437988281e-01
5.543611645698547363e-01
2.629398703575134277e-01
4.773692414164543152e-02
1.015964969992637634e-01
1.434907764196395874e-01
1.638239324092864990e-01
3.924151957035064697e-01
1.325257588177919388e-02
5.109179019927978516e-02
5.679632350802421570e-02
4.990283399820327759e-02
3.308191522955894470e-02
3.789214789867401123e-02
7.289898991584777832e-01
1.031810417771339417e-01
8.357987403869628906e-01
1.416484564542770386e-01
2.054435014724731445e-01
3.387551009654998779e-02
7.885915637016296387e-01
5.272580385208129883e-01
7.986767292022705078e-01
7.771368622779846191e-01
5.982102155685424805e-01
4.548210203647613525e-01
9.732078015804290771e-02
6.077371165156364441e-02
2.606515400111675262e-02
2.537098154425621033e-02
4.664779603481292725e-01
3.378144800662994385e-01
8.166830539703369141e-01
2.953119575977325439e-02
5.350188016891479492e-01
6.945678591728210449e-02
2.631335891783237457e-02
1.854785718023777008e-02
3.356867656111717224e-02
5.703045129776000977e-01
6.432396173477172852e-01
1.585731655359268188e-02
4.724343493580818176e-02
4.400801062583923340e-01
2.673273161053657532e-02
6.001841649413108826e-02
6.404317915439605713e-02
3.786524757742881775e-02
8.539026230573654175e-02
1.295718848705291748e-01
7.929286360740661621e-01
5.792526006698608398e-01
1.241379603743553162e-01
3.283519297838211060e-02
1.580810993909835815e-01
2.033393643796443939e-02
6.065075993537902832e-01
2.406838387250900269e-01
2.338410355150699615e-02
1.537856906652450562e-01
5.580007284879684448e-02
6.924021840095520020e-01
2.828690595924854279e-02
1.560599356889724731e-01
2.943522669374942780e-02
7.481414079666137695e-01
5.658537521958351135e-02
1.674383133649826050e-02
5.051789283752441406e-01
8.325196504592895508e-01
2.946267127990722656e-01
2.199448645114898682e-02
3.320672363042831421e-02
3.831768035888671875e-01
4.891548752784729004e-01
2.913535386323928833e-02
2.296012639999389648e-02
2.360140085220336914e-01
3.277706205844879150e-01
1.038312613964080811e-01
4.862551018595695496e-02
1.882112175226211548e-01
2.125213667750358582e-02
4.788687452673912048e-02
9.211318492889404297e-01
2.021874189376831055e-01
4.755323007702827454e-02
9.608356952667236328e-01
2.644629180431365967e-01
5.571245551109313965e-01
2.079730108380317688e-02
6.791448593139648438e-01
5.507885813713073730e-01
1.620103977620601654e-02
8.800848722457885742e-01
8.084955811500549316e-01
3.353064358234405518e-01
7.567229680716991425e-03
3.623759150505065918e-01
1.419061571359634399e-01
1.028986945748329163e-01
6.118463277816772461e-01
4.165931791067123413e-02
1.368066668510437012e-01
3.300068974494934082e-01
6.171648949384689331e-02
4.068042710423469543e-02
3.569903373718261719e-01
1.388961914926767349e-02
8.212052285671234131e-02
3.646937012672424316e-02
7.672584056854248047e-01
4.450708329677581787e-01
6.224355101585388184e-01
1.267976909875869751e-01
2.389347702264785767e-01
6.295636296272277832e-02
2.873796783387660980e-02
8.934097886085510254e-01
6.513825803995132446e-02
4.987951517105102539e-01
8.902894258499145508e-01
3.572064638137817383e-01
2.473327517509460449e-02
6.957754492759704590e-01
3.946409374475479126e-02
8.071383237838745117e-01
5.267766490578651428e-02
5.164851620793342590e-02
9.520683437585830688e-02
8.028575181961059570e-01
4.032638669013977051e-01
8.979196548461914062e-01
1.300900876522064209e-01
1.687216609716415405e-01
3.914182484149932861e-01
4.520462825894355774e-02
1.138668507337570190e-01
3.952062129974365234e-02
4.243474006652832031e-01
9.145042300224304199e-02
4.255270957946777344e-01
6.285020709037780762e-01
3.042453527450561523e-02
2.116727977991104126e-01
8.867048025131225586e-01
3.651215508580207825e-02
6.021371483802795410e-01
7.689469307661056519e-02
2.024920582771301270e-01
1.286844909191131592e-01
2.910727262496948242e-02
7.872953414916992188e-01
4.947484135627746582e-01
4.861747100949287415e-02
6.792207956314086914e-01
8.612375855445861816e-01
9.572898149490356445e-01
9.417827725410461426e-01
1.454008743166923523e-02
2.980976402759552002e-01
2.781808376312255859e-01
2.392113804817199707e-01
8.897044062614440918e-01
1.835594773292541504e-01
2.119281589984893799e-01
1.863268017768859863e-01
2.404604293406009674e-02
8.515361547470092773e-01
1.050846464931964874e-02
8.784982375800609589e-03
7.848519086837768555e-01
2.703105099499225616e-02
3.709636256098747253e-02
2.770036458969116211e-01
3.702167570590972900e-01
9.087862968444824219e-01
1.336506009101867676e-02
3.682835772633552551e-02
6.911889463663101196e-02
7.488150596618652344e-01
8.909251093864440918e-01
1.242490857839584351e-02
8.734824061393737793e-01
1.859680749475955963e-02
6.007053256034851074e-01
1.235289648175239563e-01
7.923482060432434082e-01
2.458511888980865479e-01
4.773532971739768982e-02
1.032699719071388245e-01
6.704874038696289062e-01
6.145396456122398376e-02
2.086925879120826721e-02
7.696650624275207520e-01
1.867696829140186310e-02
1.568062603473663330e-02
3.737708628177642822e-01
3.822807371616363525e-01
2.844940871000289917e-02
7.449911236763000488e-01
2.917668223381042480e-01
1.175122857093811035e-01
2.329655736684799194e-02
2.038008570671081543e-01
8.532034754753112793e-01
7.807254791259765625e-01
8.513709306716918945e-01
1.173621118068695068e-01
6.477390527725219727e-01
4.518809914588928223e-02
1.238120496273040771e-01
8.861406892538070679e-02
3.455152362585067749e-02
3.437244147062301636e-02
7.696614861488342285e-01
7.776175737380981445e-01
8.361886739730834961e-01
2.396300621330738068e-02
4.338403046131134033e-01
8.715286105871200562e-02
7.056982815265655518e-02
8.299168944358825684e-01
2.218408435583114624e-01
4.207534715533256531e-02
3.141076490283012390e-02
2.295407280325889587e-02
1.497017405927181244e-02
5.493208393454551697e-02
8.474797606468200684e-01
1.733737587928771973e-01
1.584139838814735413e-02
4.976376146078109741e-02
4.700208008289337158e-01
7.173373699188232422e-01
2.823903970420360565e-02
2.780205905437469482e-01
7.093814611434936523e-01
8.322628736495971680e-01
3.424732014536857605e-02
3.642415627837181091e-02
3.029207587242126465e-01
5.096877217292785645e-01
4.251226186752319336e-01
1.053607277572154999e-02
5.247842073440551758e-01
8.967365622520446777e-01
8.206182122230529785e-01
4.482447504997253418e-01
1.178439557552337646e-01
4.694700613617897034e-02
7.669912576675415039e-01
5.322898626327514648e-01
5.217414349317550659e-02
3.966604769229888916e-01
6.595902442932128906e-01
9.823898226022720337e-02
2.762488462030887604e-02
1.562393084168434143e-02
4.941987097263336182e-01
1.536185294389724731e-01
1.654456369578838348e-02
5.079158544540405273e-01
8.536689877510070801e-01
4.483159482479095459e-01
7.572729587554931641e-01
2.360871285200119019e-01
8.032382279634475708e-02
3.912514820694923401e-02
6.506071239709854126e-02
7.062739729881286621e-01
9.178732633590698242e-01
1.944094710052013397e-02
9.371894001960754395e-01
9.516768455505371094e-01
7.506988048553466797e-01
2.978968918323516846e-01
7.620803117752075195e-01
3.044370748102664948e-02
5.734036564826965332e-01
7.565628886222839355e-01
7.423157095909118652e-01
7.383136749267578125e-01
4.383505135774612427e-02
2.419109269976615906e-02
9.164395183324813843e-02
1.830365955829620361e-01
1.771225482225418091e-01
1.135871112346649170e-01
4.677673876285552979e-01
5.882360339164733887e-01
1.987929344177246094e-01
1.826452016830444336e-01
5.136178731918334961e-01
2.358733713626861572e-01
2.471833229064941406e-01
8.127617239952087402e-01
3.594645857810974121e-01
2.314739301800727844e-02
3.058042228221893311e-01
2.971123345196247101e-02
4.205956161022186279e-01
8.758210539817810059e-01
2.651301026344299316e-02
8.040349930524826050e-02
4.209199547767639160e-02
2.437956333160400391e-01
9.529699087142944336e-01
4.392126798629760742e-01
9.000692963600158691e-01
1.917018182575702667e-02
9.733051992952823639e-03
1.530472282320261002e-02
8.665346503257751465e-01
5.694921314716339111e-02
6.856676936149597168e-01
2.581962645053863525e-01
6.880079209804534912e-02
4.589627310633659363e-02
1.177488118410110474e-01
5.879983305931091309e-01
9.081279039382934570e-01
1.238063629716634750e-02
3.035590425133705139e-02
8.870870471000671387e-01
3.742878139019012451e-02
3.689670562744140625e-02
6.622462719678878784e-02
1.019941717386245728e-01
1.142207160592079163e-01
1.364659518003463745e-01
3.172628581523895264e-01
2.931518666446208954e-02
3.869443014264106750e-02
2.250673621892929077e-02
6.009509414434432983e-02
7.606425285339355469e-01
5.040513277053833008e-01
7.090770453214645386e-02
2.905388921499252319e-02
2.577778138220310211e-02
2.335626818239688873e-02
8.091067522764205933e-02
8.294878154993057251e-02
5.414491891860961914e-01
2.333947457373142242e-02
1.354173719882965088e-01
9.487309455871582031e-01
1.075370162725448608e-01
1.299253255128860474e-01
1.983600705862045288e-01
7.087069153785705566e-01
1.526071578264236450e-01
3.845909610390663147e-02
3.391979336738586426e-01
9.082800745964050293e-01
5.313261225819587708e-02
2.319288849830627441e-01
3.962569311261177063e-02
4.664102941751480103e-02
2.778989449143409729e-02
7.332034111022949219e-01
5.083212852478027344e-01
4.635850340127944946e-02
9.063613414764404297e-01
3.993641734123229980e-01
5.957553386688232422e-01
1.487551331520080566e-01
3.909115120768547058e-02
7.662389874458312988e-01
3.375720977783203125e-02
9.735906496644020081e-03
9.064208865165710449e-01
7.142696380615234375e-01
7.413309216499328613e-01
7.307776808738708496e-01
3.889803215861320496e-02
2.337765097618103027e-01
9.611311554908752441e-02
1.095077395439147949e-01
5.533641576766967773e-01
3.241422772407531738e-02
6.131297722458839417e-02
4.283747673034667969e-01
3.985093161463737488e-02
7.713078856468200684e-01
2.867733538150787354e-01
7.024939060211181641e-01
3.410094231367111206e-02
7.262649536132812500e-01
7.196804881095886230e-01
1.535627096891403198e-01
8.902490735054016113e-01
5.168861150741577148e-01
4.945159852504730225e-01
1.989044807851314545e-02
8.919562101364135742e-01
7.574498057365417480e-01
3.699667006731033325e-02
8.338393568992614746e-01
1.647071540355682373e-01
8.355591893196105957e-01
2.686722204089164734e-02
2.214277088642120361e-01
2.248523086309432983e-01
2.669471800327301025e-01
2.023146897554397583e-01
9.063965678215026855e-01
6.294275820255279541e-02
3.400509655475616455e-01
1.084234006702899933e-02
8.680456876754760742e-01
3.271754086017608643e-02
1.329618971794843674e-02
8.818633556365966797e-01
7.003949284553527832e-01
4.416931569576263428e-01
3.211823850870132446e-02
6.540024280548095703e-01
5.595217943191528320e-01
7.025946378707885742e-01
6.398727744817733765e-02
7.793119549751281738e-01
1.724226027727127075e-02
3.549705445766448975e-01
2.084513753652572632e-02
5.531555414199829102e-01
4.865883663296699524e-02
2.223103940486907959e-01
2.847857773303985596e-01
1.455845385789871216e-01
3.157199323177337646e-01
3.076943382620811462e-02
6.930814981460571289e-01
8.700586557388305664e-01
1.583025902509689331e-01
3.390520811080932617e-01
3.386522829532623291e-02
5.494912862777709961e-01
8.621599674224853516e-01
8.413074612617492676e-01
6.575789302587509155e-02
1.250355541706085205e-01
2.091696858406066895e-02
6.783485412597656250e-02
4.094404354691505432e-02
8.254466205835342407e-02
9.422184824943542480e-01
1.390108019113540649e-01
7.078764438629150391e-01
6.577777117490768433e-02
8.524548411369323730e-01
6.987183541059494019e-02
3.130456209182739258e-01
2.132533863186836243e-02
3.078971430659294128e-02
8.608296513557434082e-02
8.433387875556945801e-01
8.357653021812438965e-01
6.827585399150848389e-02
3.777376934885978699e-02
7.290552258491516113e-01
9.364489912986755371e-01
7.577896118164062500e-01
6.882467865943908691e-02
2.347971796989440918e-01
7.642734646797180176e-01
6.372153162956237793e-01
8.497266769409179688e-01
4.528015106916427612e-02
8.487585783004760742e-01
8.466640114784240723e-01
1.715335696935653687e-01
9.004011750221252441e-01
4.868410825729370117e-01
1.671730913221836090e-02
5.023955106735229492e-01
1.907095313072204590e-01
7.612667679786682129e-01
1.395747661590576172e-01
5.777030587196350098e-01
7.809694409370422363e-01
7.245110720396041870e-02
5.975579619407653809e-01
7.889371514320373535e-01
8.235712051391601562e-01
1.798164471983909607e-02
2.237699925899505615e-01
7.508706450462341309e-01
3.831301927566528320e-01
3.180459439754486084e-01
1.640972495079040527e-01
2.426246106624603271e-01
8.357879519462585449e-01
7.003751993179321289e-01
4.438463971018791199e-02
3.675933927297592163e-02
1.420286446809768677e-01
1.167119666934013367e-02
2.896600067615509033e-01
3.784292191267013550e-02
6.629377603530883789e-01
3.549980744719505310e-02
1.068185921758413315e-02
6.830080747604370117e-01
4.505125284194946289e-01
2.579631097614765167e-02
1.709104925394058228e-01
3.569715842604637146e-02
6.516920924186706543e-01
5.872421860694885254e-01
4.691061004996299744e-02
3.536141216754913330e-01
9.516200050711631775e-03
2.919773459434509277e-01
1.735883355140686035e-01
4.906089976429939270e-02
2.681458741426467896e-02
3.248503431677818298e-02
2.692276239395141602e-01
7.785607129335403442e-02
1.178715378046035767e-02
2.205627784132957458e-02
1.686014980077743530e-01
4.850665032863616943e-01
5.360619425773620605e-01
3.107003122568130493e-02
2.816413901746273041e-02
6.463375091552734375e-01
5.017179846763610840e-01
3.207049518823623657e-02
9.534942507743835449e-01
6.220091581344604492e-01
3.220351040363311768e-01
1.150201335549354553e-01
2.132584005594253540e-01
4.190023988485336304e-02
7.734092324972152710e-02
5.359225869178771973e-01
1.059987917542457581e-01
5.260519981384277344e-01
6.542461514472961426e-01
5.791637897491455078e-01
1.571886241436004639e-02
2.054798305034637451e-01
8.142879605293273926e-02
2.626030743122100830e-01
4.077681601047515869e-01
1.845514327287673950e-01
4.274904429912567139e-01
1.978576332330703735e-01
9.487632513046264648e-01
2.539043687283992767e-02
2.946429550647735596e-01
8.771172165870666504e-01
2.717154920101165771e-01
5.605601668357849121e-01
7.390533089637756348e-01
3.661877810955047607e-01
6.907141953706741333e-02
8.192303776741027832e-01
7.000718116760253906e-01
2.987604737281799316e-01
8.846154212951660156e-01
2.525039389729499817e-02
7.526611089706420898e-01
6.546716690063476562e-01
2.943899109959602356e-02
1.053369790315628052e-02
6.556596755981445312e-01
1.136526316404342651e-01
2.920942939817905426e-02
2.061279118061065674e-01
9.400152564048767090e-01
6.140428781509399414e-02
2.106510102748870850e-02
5.330723524093627930e-02
2.164892852306365967e-02
1.252310574054718018e-01
1.899748295545578003e-02
8.401059359312057495e-02
2.172044664621353149e-02
1.390669047832489014e-01
1.704755425453186035e-01
7.960565090179443359e-01
5.012948513031005859e-01
8.932466506958007812e-01
3.328724205493927002e-02
3.433675318956375122e-02
3.640569448471069336e-01
7.454929351806640625e-01
2.812324836850166321e-02
3.207309544086456299e-01
4.930955171585083008e-01
2.044322527945041656e-02
9.092792868614196777e-01
8.583816885948181152e-02
3.608908504247665405e-02
1.449534855782985687e-02
4.555839896202087402e-01
5.630413442850112915e-02
8.264444470405578613e-01
1.468685418367385864e-01
1.967053115367889404e-01
3.644322976469993591e-02
1.589830964803695679e-01
1.465725451707839966e-01
4.198685288429260254e-02
1.769796758890151978e-01
1.152158752083778381e-01
1.232994347810745239e-02
3.438197821378707886e-02
1.752439513802528381e-02
4.116798639297485352e-01
1.014504581689834595e-01
8.916599750518798828e-01
6.933385729789733887e-01
3.893156722187995911e-02
