1.326533965766429901e-02
9.527841806411743164e-01
6.817486882209777832e-02
8.352247476577758789e-01
2.754115164279937744e-01
6.608282774686813354e-02
6.337565779685974121e-01
1.243924647569656372e-01
9.236688613891601562e-01
3.398936241865158081e-02
2.996267080307006836e-01
1.506374776363372803e-01
6.937822699546813965e-01
3.569901287555694580e-01
3.770882263779640198e-02
1.733300238847732544e-01
5.303705930709838867e-01
4.609281718730926514e-01
9.365242719650268555e-01
1.727917343378067017e-01
7.568397521972656250e-01
5.083081722259521484e-01
2.203234098851680756e-02
3.646000474691390991e-02
1.013942435383796692e-01
3.988244011998176575e-02
8.376137018203735352e-01
1.473350077867507935e-01
9.545228630304336548e-02
1.379810124635696411e-01
1.210024356842041016e-01
1.060130447149276733e-02
8.928639888763427734e-01
4.728115722537040710e-02
1.461583077907562256e-01
5.921937897801399231e-02
2.304834127426147461e-01
7.386118173599243164e-02
4.662094414234161377e-01
9.003834724426269531e-01
1.852038949728012085e-01
1.529830247163772583e-01
2.170278877019882202e-02
1.041600927710533142e-01
4.921644181013107300e-02
1.901800185441970825e-01
9.610192477703094482e-02
2.991069555282592773e-01
1.225193496793508530e-02
8.067411780357360840e-01
7.947706431150436401e-02
2.227021194994449615e-02
1.640744358301162720e-01
1.495133936405181885e-01
1.089303568005561829e-01
3.039646707475185394e-02
8.514530062675476074e-01
6.255331635475158691e-02
2.245673350989818573e-02
8.430547267198562622e-02
2.915301918983459473e-01
1.279657334089279175e-01
3.813140839338302612e-02
5.952006950974464417e-02
2.044427022337913513e-02
1.190865933895111084e-01
4.854333028197288513e-02
1.283645927906036377e-01
3.712019026279449463e-01
2.111180573701858521e-01
3.577093034982681274e-02
5.514658689498901367e-01
3.131624460220336914e-01
1.017637848854064941e-01
1.994993388652801514e-01
3.516346961259841919e-02
4.048848152160644531e-02
1.931783184409141541e-02
1.457003653049468994e-01
3.097116202116012573e-02
8.750137686729431152e-01
5.649614930152893066e-01
9.044276475906372070e-01
3.642145991325378418e-01
9.124836325645446777e-01
3.762622177600860596e-01
5.636238306760787964e-02
7.658021897077560425e-02
6.276287436485290527e-01
2.317369580268859863e-01
5.739214420318603516e-01
5.509616434574127197e-02
7.564098387956619263e-02
3.674721717834472656e-01
4.846723377704620361e-01
2.126077711582183838e-01
4.403753578662872314e-01
8.034447431564331055e-01
4.626970365643501282e-02
8.454580605030059814e-02
3.952407538890838623e-01
1.209161356091499329e-01
3.650536835193634033e-01
9.068467468023300171e-02
1.324869841337203979e-01
1.977382898330688477e-01
4.077210649847984314e-02
5.063765048980712891e-01
4.031396210193634033e-01
1.760043799877166748e-01
2.065724432468414307e-01
2.569565176963806152e-02
8.278669416904449463e-02
8.943266868591308594e-01
2.279689460992813110e-01
6.975379586219787598e-02
8.723187446594238281e-01
4.757136479020118713e-02
8.517602086067199707e-02
4.952317476272583008e-01
1.238382607698440552e-02
1.207554787397384644e-01
3.794005885720252991e-02
7.289704084396362305e-01
8.907826542854309082e-01
2.466418966650962830e-02
8.098444342613220215e-02
2.098567336797714233e-01
4.236382618546485901e-02
6.368988752365112305e-02
9.001845121383666992e-01
2.719287574291229248e-01
8.692219257354736328e-01
1.452515274286270142e-01
5.374739170074462891e-01
2.769886851310729980e-01
9.218201041221618652e-01
2.376228719949722290e-01
4.024102687835693359e-01
6.178125366568565369e-02
7.225755453109741211e-01
8.523048162460327148e-01
6.263650655746459961e-01
1.356153935194015503e-01
1.638576835393905640e-01
4.643224179744720459e-02
1.705248057842254639e-01
7.174109816551208496e-01
6.674594283103942871e-01
1.266750544309616089e-01
1.538509223610162735e-02
9.508751332759857178e-02
4.540751129388809204e-02
8.946058154106140137e-02
6.177587434649467468e-02
7.280384749174118042e-02
8.310055732727050781e-02
1.758237928152084351e-01
2.459020465612411499e-01
6.667581200599670410e-01
2.621132433414459229e-01
4.927443563938140869e-01
5.150711163878440857e-02
1.471099853515625000e-01
7.692970633506774902e-01
3.512266576290130615e-01
2.901899814605712891e-01
1.886249333620071411e-01
8.457127958536148071e-02
1.717792749404907227e-01
7.663355767726898193e-02
3.363278880715370178e-02
3.148187994956970215e-01
7.304766774177551270e-01
1.095699742436408997e-01
8.653273582458496094e-01
9.961153566837310791e-02
3.975682333111763000e-02
8.498750329017639160e-01
6.906457990407943726e-02
1.001708209514617920e-01
4.219373315572738647e-02
4.641402885317802429e-02
5.761073529720306396e-02
3.870576247572898865e-02
1.387976109981536865e-01
1.241446956992149353e-01
4.351486563682556152e-01
3.468123972415924072e-01
1.311435252428054810e-01
1.526742056012153625e-02
3.841578066349029541e-01
2.280348725616931915e-02
8.385403752326965332e-01
1.125075519084930420e-01
7.043070793151855469e-01
1.939718611538410187e-02
8.964475244283676147e-02
3.499998748302459717e-01
2.519729360938072205e-02
1.875971071422100067e-02
1.441205292940139771e-01
8.503455519676208496e-01
9.737421572208404541e-02
8.078943490982055664e-01
8.988655805587768555e-01
4.972711801528930664e-01
3.836000338196754456e-02
9.444281458854675293e-01
1.563830524682998657e-01
2.038865685462951660e-01
2.516711130738258362e-02
1.426584720611572266e-01
5.439283847808837891e-01
2.005592435598373413e-01
2.716084383428096771e-02
8.380746841430664062e-01
4.701578021049499512e-01
6.794630885124206543e-01
6.423292309045791626e-02
8.884928226470947266e-01
9.498504400253295898e-01
5.905802845954895020e-01
5.913659930229187012e-02
1.199337542057037354e-01
7.764621824026107788e-02
4.277794659137725830e-01
7.202795743942260742e-01
6.579383462667465210e-02
5.939890742301940918e-01
3.783602416515350342e-01
8.900347948074340820e-01
6.950537115335464478e-02
7.669928073883056641e-01
8.648921251296997070e-01
2.435238361358642578e-01
4.029617309570312500e-01
8.744472265243530273e-01
1.007354259490966797e-01
2.476521432399749756e-01
8.981499075889587402e-01
4.434603452682495117e-02
6.744116544723510742e-01
8.738513290882110596e-02
2.017234861850738525e-01
1.750228852033615112e-01
6.207936629652976990e-02
9.147286415100097656e-01
5.840348824858665466e-02
4.945542812347412109e-01
1.414420306682586670e-01
4.801873862743377686e-02
1.455805152654647827e-01
6.694014370441436768e-02
1.175012290477752686e-01
1.761060357093811035e-01
3.534216806292533875e-02
8.131887316703796387e-01
6.868512928485870361e-02
8.766822814941406250e-01
8.913798630237579346e-02
5.666056275367736816e-01
2.523643076419830322e-01
1.644100248813629150e-02
2.264959663152694702e-01
2.775026857852935791e-01
1.628428101539611816e-01
3.220133483409881592e-01
1.156925261020660400e-01
7.024332284927368164e-01
9.021204710006713867e-01
6.658470630645751953e-01
1.980101466178894043e-01
9.273836016654968262e-02
8.068691492080688477e-01
1.285553127527236938e-01
7.027959227561950684e-01
7.291720807552337646e-02
8.551159501075744629e-01
3.185559064149856567e-02
1.113596782088279724e-01
8.912543654441833496e-01
3.490703925490379333e-02
4.582769870758056641e-01
3.877797424793243408e-01
1.425229310989379883e-01
4.365079104900360107e-02
5.733922868967056274e-02
1.383260339498519897e-01
9.074357151985168457e-02
5.969648435711860657e-02
4.698980152606964111e-01
7.965770363807678223e-01
2.469293326139450073e-01
7.234093546867370605e-02
2.291621454060077667e-02
9.332151710987091064e-02
8.137667775154113770e-01
3.969847559928894043e-01
3.373301774263381958e-02
8.752958774566650391e-01
4.483337104320526123e-01
1.243087500333786011e-01
8.854126930236816406e-02
3.899704292416572571e-02
2.333959937095642090e-02
9.125107526779174805e-02
6.083088517189025879e-01
8.813683986663818359e-01
6.478954553604125977e-01
2.578163146972656250e-01
3.464549407362937927e-02
7.174363732337951660e-02
4.595423117280006409e-02
6.091290712356567383e-01
3.974868655204772949e-01
9.048320055007934570e-01
4.701829850673675537e-01
2.910974323749542236e-01
2.733528614044189453e-02
4.461636245250701904e-01
2.846392989158630371e-01
1.744060218334197998e-01
9.052783846855163574e-01
6.314166784286499023e-01
3.982490599155426025e-01
1.349108964204788208e-01
3.956524655222892761e-02
5.244580656290054321e-02
8.887407928705215454e-02
5.338075011968612671e-02
4.117010906338691711e-02
4.709616005420684814e-01
6.446368992328643799e-02
5.730378627777099609e-02
9.115009307861328125e-01
9.351332485675811768e-02
1.699183136224746704e-02
8.865146338939666748e-02
1.502063721418380737e-01
3.019186668097972870e-02
3.279716968536376953e-01
5.393796563148498535e-01
2.342529147863388062e-01
8.615729808807373047e-01
1.515613123774528503e-02
2.603831887245178223e-01
2.062759399414062500e-01
9.011922776699066162e-02
7.269998192787170410e-01
4.628910124301910400e-02
1.177598908543586731e-02
3.368417173624038696e-02
7.725467532873153687e-02
4.247099757194519043e-01
8.604923635721206665e-02
6.384549736976623535e-01
2.291251271963119507e-01
1.018173247575759888e-01
1.791852712631225586e-01
5.921610817313194275e-02
3.396144807338714600e-01
3.330899477005004883e-01
7.984406501054763794e-02
7.683379650115966797e-01
2.197192311286926270e-01
1.113771274685859680e-01
9.319407343864440918e-01
9.538371115922927856e-02
9.799996763467788696e-02
2.475406229496002197e-01
5.606565997004508972e-02
6.624148786067962646e-02
1.023675724864006042e-01
6.081228330731391907e-02
4.247722402215003967e-02
1.127187907695770264e-01
6.274601817131042480e-02
8.581850528717041016e-01
1.247400119900703430e-01
8.451806008815765381e-02
3.678443282842636108e-02
8.496733903884887695e-01
4.856831133365631104e-01
1.844860017299652100e-01
1.537620276212692261e-01
3.045200407505035400e-01
2.001424431800842285e-01
9.858697652816772461e-02
3.486477434635162354e-01
1.135267037898302078e-02
8.964440226554870605e-02
5.562811717391014099e-02
9.895748645067214966e-02
5.118130147457122803e-02
2.274864166975021362e-02
6.348972320556640625e-01
6.853341311216354370e-02
8.758143186569213867e-01
1.708621233701705933e-01
1.281797885894775391e-01
3.672311082482337952e-02
8.549820780754089355e-01
5.518394112586975098e-01
6.810448169708251953e-01
6.812009215354919434e-01
3.330947458744049072e-01
2.924784719944000244e-01
1.115555763244628906e-01
1.292961388826370239e-01
5.982293188571929932e-02
1.874590106308460236e-02
1.052659675478935242e-01
3.371539115905761719e-01
7.312152981758117676e-01
1.023204904049634933e-02
3.477036058902740479e-01
2.842117100954055786e-02
6.324812024831771851e-02
5.858315899968147278e-02
6.961575150489807129e-02
4.886309504508972168e-01
6.619744896888732910e-01
4.290742427110671997e-02
7.464275509119033813e-02
2.822345495223999023e-01
2.118308097124099731e-02
2.308216691017150879e-02
1.529186666011810303e-01
7.636353373527526855e-02
1.780612617731094360e-01
9.766880422830581665e-02
7.784274220466613770e-01
4.813779592514038086e-01
1.189564615488052368e-01
4.819345474243164062e-02
1.593292951583862305e-01
4.719652608036994934e-02
4.234470129013061523e-01
3.945229947566986084e-01
8.797777444124221802e-02
8.909279108047485352e-02
6.468656659126281738e-02
7.856310009956359863e-01
5.445653200149536133e-02
1.549354791641235352e-01
3.167087212204933167e-02
7.866519689559936523e-01
7.432892918586730957e-02
2.313529327511787415e-02
2.447065711021423340e-01
7.771513462066650391e-01
2.161675244569778442e-01
2.477767877280712128e-02
4.136558622121810913e-02
3.591685891151428223e-01
2.098294943571090698e-01
2.216550335288047791e-02
6.057522073388099670e-02
1.086226031184196472e-01
1.638017594814300537e-01
1.526221334934234619e-01
6.698226183652877808e-02
1.273132264614105225e-01
3.147150576114654541e-02
6.609669327735900879e-02
8.811218738555908203e-01
1.131670475006103516e-01
4.962175711989402771e-02
9.509266614913940430e-01
1.641664355993270874e-01
3.084105849266052246e-01
6.172313168644905090e-02
6.133444905281066895e-01
4.741048216819763184e-01
1.725009083747863770e-02
8.800283670425415039e-01
8.942448496818542480e-01
6.111688017845153809e-01
6.046699825674295425e-03
3.654655516147613525e-01
2.278419584035873413e-01
1.622942239046096802e-01
3.164093494415283203e-01
4.703941941261291504e-02
1.608812212944030762e-01
1.170249953866004944e-01
6.535214930772781372e-02
5.497153475880622864e-02
3.747936785221099854e-01
7.852589711546897888e-03
3.824782371520996094e-01
4.915841668844223022e-02
8.884974122047424316e-01
5.168102979660034180e-01
3.658547103404998779e-01
5.203701183199882507e-02
2.771834433078765869e-01
1.235336661338806152e-01
9.241262078285217285e-02
9.059835672378540039e-01
1.082274019718170166e-01
7.849593758583068848e-01
9.086313247680664062e-01
1.012859940528869629e-01
4.377496242523193359e-02
2.802338600158691406e-01
7.850860059261322021e-02
8.241285681724548340e-01
4.580558836460113525e-02
4.109978303313255310e-02
1.813581287860870361e-01
7.404639124870300293e-01
2.793362438678741455e-01
3.696215450763702393e-01
9.799996763467788696e-02
8.286636322736740112e-02
3.369216322898864746e-01
5.580648034811019897e-02
1.138110458850860596e-01
8.517731726169586182e-02
2.419806569814682007e-01
1.606667786836624146e-01
1.797951608896255493e-01
5.853131413459777832e-01
6.756374984979629517e-02
3.731400668621063232e-01
9.065667390823364258e-01
2.932652831077575684e-02
6.780657768249511719e-01
1.327568888664245605e-01
2.058091312646865845e-01
1.875084787607192993e-01
7.230158895254135132e-02
6.456663012504577637e-01
5.342407226562500000e-01
1.982640773057937622e-01
5.663110613822937012e-01
8.907260894775390625e-01
9.497873187065124512e-01
9.398349523544311523e-01
2.343589998781681061e-02
8.087630569934844971e-02
1.915861964225769043e-01
4.115544855594635010e-01
8.953715562820434570e-01
1.404283046722412109e-01
6.538329273462295532e-02
1.285791993141174316e-01
4.468795284628868103e-02
8.727195262908935547e-01
1.420697756111621857e-02
3.126477822661399841e-02
7.780690193176269531e-01
2.781599573791027069e-02
7.418506592512130737e-02
2.714795768260955811e-01
5.463923215866088867e-01
9.285392165184020996e-01
1.240203436464071274e-02
5.019051209092140198e-02
8.378766477108001709e-02
7.736082673072814941e-01
8.518751263618469238e-01
1.643470488488674164e-02
8.907849192619323730e-01
3.474443405866622925e-02
3.844926357269287109e-01
9.481071680784225464e-02
7.585133314132690430e-01
2.424100041389465332e-01
3.464766219258308411e-02
1.635925471782684326e-01
7.100760340690612793e-01
1.111348047852516174e-01
1.531694456934928894e-02
7.166937589645385742e-01
3.838136419653892517e-02
3.752509504556655884e-02
2.260652780532836914e-01
4.068184196949005127e-01
2.081767097115516663e-02
4.844441711902618408e-01
2.651981413364410400e-01
7.914017140865325928e-02
2.399415895342826843e-02
1.631608158349990845e-01
8.594881892204284668e-01
8.035149574279785156e-01
8.676938414573669434e-01
1.788854151964187622e-01
3.494531214237213135e-01
1.529455482959747314e-01
1.426938474178314209e-01
9.076021611690521240e-02
5.935133248567581177e-02
1.604889035224914551e-01
4.965530931949615479e-01
8.215759992599487305e-01
8.396881222724914551e-01
3.241416811943054199e-02
3.319538533687591553e-01
1.139969676733016968e-01
1.418995708227157593e-01
9.110556840896606445e-01
3.748258948326110840e-01
5.857359245419502258e-02
4.542559385299682617e-02
5.168046057224273682e-02
9.938989765942096710e-03
1.789043694734573364e-01
8.610618114471435547e-01
2.776557505130767822e-01
2.698601409792900085e-02
1.409742385149002075e-01
3.286571204662322998e-01
6.284157633781433105e-01
2.903875522315502167e-02
2.133985906839370728e-01
2.880924344062805176e-01
8.313955068588256836e-01
7.349308580160140991e-02
4.875712096691131592e-02
1.114129871129989624e-01
3.805792629718780518e-01
3.403986692428588867e-01
1.468989346176385880e-02
3.422154188156127930e-01
9.064143300056457520e-01
8.290176391601562500e-01
3.738439977169036865e-01
2.126280218362808228e-02
3.480957075953483582e-02
7.180929183959960938e-01
4.120562076568603516e-01
2.854389250278472900e-01
3.638256788253784180e-01
6.316472887992858887e-01
1.452082544565200806e-01
3.788269311189651489e-02
1.180069148540496826e-02
2.943490147590637207e-01
1.453736424446105957e-01
3.190011531114578247e-02
1.547747105360031128e-01
7.834306359291076660e-01
2.284840643405914307e-01
6.854736208915710449e-01
3.117609620094299316e-01
1.151321530342102051e-01
4.315965622663497925e-02
7.500237226486206055e-02
8.088921308517456055e-01
9.211849570274353027e-01
2.294953912496566772e-02
9.310266971588134766e-01
9.509309530258178711e-01
6.780974268913269043e-01
3.694420158863067627e-01
5.487044453620910645e-01
9.177448600530624390e-02
4.747455716133117676e-01
6.483159065246582031e-01
6.534507274627685547e-01
8.301907181739807129e-01
6.362275034189224243e-02
1.379134804010391235e-01
6.908981502056121826e-02
6.726039648056030273e-01
6.175453215837478638e-02
4.508046805858612061e-01
5.026910305023193359e-01
5.283651351928710938e-01
1.354961395263671875e-01
2.943815290927886963e-01
4.062170386314392090e-01
1.440762728452682495e-01
3.708195090293884277e-01
7.085447907447814941e-01
2.440157085657119751e-01
2.404396049678325653e-02
3.358040452003479004e-01
4.321449622511863708e-02
3.147886395454406738e-01
8.582746386528015137e-01
2.724021486937999725e-02
8.195481449365615845e-02
3.595606610178947449e-02
3.234376311302185059e-01
9.557915925979614258e-01
5.033214092254638672e-01
9.051817655563354492e-01
4.909452050924301147e-02
1.049902848899364471e-02
1.553712598979473114e-02
8.829448223114013672e-01
1.052303984761238098e-01
6.799959540367126465e-01
2.401392906904220581e-01
6.996550410985946655e-02
7.205808162689208984e-02
1.434477269649505615e-01
5.238639712333679199e-01
8.836703300476074219e-01
9.559114463627338409e-03
4.227476567029953003e-02
8.996214270591735840e-01
9.951214492321014404e-02
2.523883059620857239e-02
1.623731255531311035e-01
1.325420141220092773e-01
2.752013802528381348e-01
3.411676883697509766e-01
2.586045563220977783e-01
2.295353822410106659e-02
8.515606820583343506e-02
3.462449461221694946e-02
2.489401586353778839e-02
4.033486545085906982e-01
2.396759688854217529e-01
8.228575438261032104e-02
4.278874769806861877e-02
3.273381665349006653e-02
4.812449589371681213e-02
1.479743123054504395e-01
1.158848553895950317e-01
2.509234249591827393e-01
2.996268123388290405e-02
1.754286885261535645e-01
9.356159567832946777e-01
3.471143543720245361e-02
1.110588684678077698e-01
2.224841266870498657e-01
7.813915610313415527e-01
2.110425382852554321e-01
1.889420300722122192e-02
2.666776180267333984e-01
9.254197478294372559e-01
1.066676676273345947e-01
4.193415492773056030e-02
6.073368713259696960e-02
4.930125176906585693e-02
7.221860438585281372e-02
7.368451356887817383e-01
6.540897488594055176e-02
7.555034756660461426e-02
8.962134122848510742e-01
2.177928835153579712e-01
7.074261307716369629e-01
7.041565328836441040e-02
6.286311894655227661e-02
4.158533811569213867e-01
6.518875062465667725e-02
1.080488320440053940e-02
9.408765435218811035e-01
5.043333768844604492e-01
8.763703107833862305e-01
5.961436629295349121e-01
9.001938253641128540e-02
4.048080742359161377e-01
1.263131499290466309e-01
1.072554215788841248e-01
2.683597207069396973e-01
5.113268271088600159e-02
9.962389618158340454e-02
3.149114847183227539e-01
8.688742667436599731e-02
8.160377144813537598e-01
5.802239775657653809e-01
6.501721143722534180e-01
5.351817235350608826e-02
7.610881924629211426e-01
8.173829317092895508e-01
1.956399232149124146e-01
8.994070887565612793e-01
3.283787369728088379e-01
3.880659639835357666e-01
3.891544789075851440e-02
8.399481773376464844e-01
3.333132266998291016e-01
7.902991771697998047e-02
8.892916440963745117e-01
1.244670301675796509e-01
8.310125470161437988e-01
4.276426136493682861e-02
2.059681266546249390e-01
2.292105108499526978e-01
2.771308124065399170e-01
3.733906447887420654e-01
8.772355318069458008e-01
1.340710222721099854e-01
2.454248368740081787e-01
1.435242965817451477e-02
8.745846748352050781e-01
6.357964128255844116e-02
1.147317048162221909e-02
7.953296899795532227e-01
8.044188022613525391e-01
3.422386944293975830e-01
3.877792507410049438e-02
4.680841863155364990e-01
1.825595051050186157e-01
8.340540528297424316e-01
8.179954439401626587e-02
9.189617037773132324e-01
1.725098118185997009e-02
3.045321702957153320e-01
2.634324133396148682e-02
1.766417026519775391e-01
4.009549692273139954e-02
3.807371556758880615e-01
2.722505331039428711e-01
2.593113183975219727e-01
3.698373734951019287e-01
9.116317331790924072e-02
4.630904793739318848e-01
8.570706248283386230e-01
8.614988625049591064e-02
4.618126451969146729e-01
4.766144976019859314e-02
3.878273665904998779e-01
8.583469986915588379e-01
7.665362358093261719e-01
9.454544633626937866e-02
1.192779317498207092e-01
6.263252347707748413e-02
1.793111562728881836e-01
5.717564001679420471e-02
1.648128926753997803e-01
9.326733946800231934e-01
2.139689922332763672e-01
6.237598061561584473e-01
8.169456571340560913e-02
6.997000575065612793e-01
1.149804070591926575e-01
1.998364776372909546e-01
8.551862090826034546e-02
4.897053539752960205e-02
1.163842976093292236e-01
8.867425918579101562e-01
5.485969185829162598e-01
1.939211040735244751e-01
3.198418766260147095e-02
5.786010026931762695e-01
9.352518916130065918e-01
7.760439515113830566e-01
7.978008687496185303e-02
9.007132053375244141e-02
5.418843626976013184e-01
6.920341849327087402e-01
8.289499282836914062e-01
4.165947064757347107e-02
8.362720608711242676e-01
8.564334511756896973e-01
4.636855721473693848e-01
8.766299486160278320e-01
3.746681809425354004e-01
1.357399486005306244e-02
4.696108698844909668e-01
2.316987216472625732e-01
6.230475902557373047e-01
1.334862858057022095e-01
7.566110491752624512e-01
2.746984362602233887e-01
8.301610499620437622e-02
4.491047859191894531e-01
6.743851304054260254e-01
7.866343855857849121e-01
2.832184918224811554e-02
1.987615823745727539e-01
7.099888920783996582e-01
2.755235135555267334e-01
3.527261018753051758e-01
1.313547194004058838e-01
1.922352313995361328e-01
7.655924558639526367e-01
8.082107305526733398e-01
6.346435099840164185e-02
3.416702523827552795e-02
9.799996763467788696e-02
1.477029360830783844e-02
1.611890196800231934e-01
5.550072714686393738e-02
5.695016384124755859e-01
1.070352718234062195e-01
2.173532173037528992e-02
7.537095546722412109e-01
4.168377518653869629e-01
6.700304150581359863e-02
3.437285423278808594e-01
6.779184192419052124e-02
7.948246598243713379e-01
5.521867275238037109e-01
4.313598573207855225e-02
1.176051273941993713e-01
1.088266633450984955e-02
3.230183422565460205e-01
1.103484481573104858e-01
4.877163842320442200e-02
5.148109048604965210e-02
4.773196205496788025e-02
4.349128603935241699e-01
8.161683380603790283e-02
1.518063992261886597e-01
8.322782814502716064e-02
1.950236111879348755e-01
2.467700093984603882e-01
4.710864424705505371e-01
2.511515282094478607e-02
3.146937862038612366e-02
4.378539919853210449e-01
1.744787096977233887e-01
3.285187482833862305e-02
9.435235857963562012e-01
6.566326618194580078e-01
8.563654124736785889e-02
5.665101110935211182e-02
1.264652609825134277e-01
7.224474102258682251e-02
7.912804186344146729e-02
3.798994421958923340e-01
2.033624351024627686e-01
4.532201290130615234e-01
4.344903528690338135e-01
3.998364806175231934e-01
4.759781062602996826e-02
2.485510259866714478e-01
9.134236723184585571e-02
1.571415960788726807e-01
3.897744715213775635e-01
1.118536293506622314e-01
3.505829572677612305e-01
8.693088591098785400e-02
9.459151029586791992e-01
4.019248485565185547e-02
9.379596263170242310e-02
9.027007222175598145e-01
2.668271660804748535e-01
2.599746882915496826e-01
5.047746300697326660e-01
2.714943289756774902e-01
1.366864740848541260e-01
9.530239105224609375e-01
6.225929260253906250e-01
2.580474317073822021e-01
8.901262879371643066e-01
7.645646482706069946e-02
6.511049866676330566e-01
6.236187219619750977e-01
4.895972087979316711e-02
9.990670718252658844e-03
4.112357199192047119e-01
1.153318136930465698e-01
1.528582274913787842e-01
4.587114155292510986e-01
9.336257576942443848e-01
6.947454065084457397e-02
2.522295713424682617e-02
1.185463070869445801e-01
2.602139860391616821e-02
1.105549111962318420e-01
5.753251537680625916e-02
1.158648505806922913e-01
3.092137165367603302e-02
3.075807392597198486e-01
3.152602538466453552e-02
6.219342947006225586e-01
7.307769656181335449e-01
8.542577028274536133e-01
9.525296837091445923e-02
7.545999437570571899e-02
2.308616191148757935e-01
6.295040845870971680e-01
3.951672092080116272e-02
2.604656517505645752e-01
2.543638348579406738e-01
4.401104524731636047e-02
9.286150932312011719e-01
1.160968542098999023e-01
4.964206367731094360e-02
2.706162445247173309e-02
7.845178246498107910e-02
1.784883439540863037e-01
7.458269000053405762e-01
5.855617672204971313e-02
1.712423115968704224e-01
4.054280743002891541e-02
3.132456541061401367e-01
1.442967206239700317e-01
3.172225877642631531e-02
1.228398829698562622e-01
1.702971160411834717e-01
2.147771976888179779e-02
1.796492934226989746e-01
2.057688497006893158e-02
2.232104092836380005e-01
1.659032702445983887e-01
8.919918537139892578e-01
8.016728758811950684e-01
1.195048689842224121e-01
