1.049957331269979477e-02
9.653688073158264160e-01
7.112254202365875244e-02
6.469541192054748535e-01
2.976100742816925049e-01
4.677034541964530945e-02
4.128352999687194824e-01
1.595289260149002075e-01
8.992889523506164551e-01
4.639447107911109924e-02
3.330405354499816895e-01
2.108253389596939087e-01
6.021541953086853027e-01
6.074123978614807129e-01
7.231687754392623901e-02
2.794194519519805908e-01
7.069431543350219727e-01
4.321680366992950439e-01
9.576517343521118164e-01
1.378878802061080933e-01
6.571441292762756348e-01
5.724881887435913086e-01
4.066208377480506897e-02
2.822988666594028473e-02
2.251974791288375854e-01
2.317730337381362915e-02
8.452970385551452637e-01
1.824349015951156616e-01
4.099716246128082275e-01
2.169508635997772217e-01
1.178087145090103149e-01
7.360680960118770599e-03
8.542951941490173340e-01
7.522720843553543091e-02
2.080623358488082886e-01
1.169323623180389404e-01
1.818038821220397949e-01
1.166102588176727295e-01
3.196690380573272705e-01
8.703026771545410156e-01
1.280322521924972534e-01
9.372471272945404053e-02
2.329367585480213165e-02
1.339468359947204590e-01
4.456263035535812378e-02
1.673884391784667969e-01
2.817774713039398193e-01
5.364924669265747070e-01
9.432933293282985687e-03
7.559750676155090332e-01
1.174561083316802979e-01
2.301146276295185089e-02
2.190279364585876465e-01
2.984113991260528564e-01
1.198471486568450928e-01
7.092509418725967407e-02
8.254197239875793457e-01
8.622008562088012695e-02
2.513361722230911255e-02
1.643604338169097900e-01
5.336068868637084961e-01
1.225341111421585083e-01
3.699627891182899475e-02
5.307801440358161926e-02
1.792888529598712921e-02
1.028722450137138367e-01
2.252370119094848633e-02
2.717419154942035675e-02
3.760918676853179932e-01
1.399005502462387085e-01
2.830163948237895966e-02
7.279012203216552734e-01
2.449410259723663330e-01
2.001841515302658081e-01
2.772677540779113770e-01
3.151671960949897766e-02
1.464168727397918701e-02
5.597373005002737045e-03
1.484588831663131714e-01
3.008920699357986450e-02
8.261228203773498535e-01
7.967676520347595215e-01
8.438257575035095215e-01
4.395879805088043213e-01
8.830395340919494629e-01
3.707014024257659912e-01
5.174318701028823853e-02
6.383033841848373413e-02
6.803216338157653809e-01
1.933361291885375977e-01
6.968231797218322754e-01
3.384663164615631104e-02
5.105778202414512634e-02
5.644050836563110352e-01
2.671848535537719727e-01
1.194327995181083679e-01
5.999222397804260254e-01
8.073893189430236816e-01
3.797038272023200989e-02
7.492757588624954224e-02
3.508800566196441650e-01
1.250600963830947876e-01
3.441651761531829834e-01
7.468176633119583130e-02
3.982095718383789062e-01
1.569151133298873901e-01
6.071618199348449707e-02
5.685621500015258789e-01
4.007632434368133545e-01
3.541683554649353027e-01
1.648441553115844727e-01
1.780593954026699066e-02
3.810798004269599915e-02
8.496987223625183105e-01
2.027792185544967651e-01
2.497028000652790070e-02
8.326470255851745605e-01
5.569121241569519043e-02
1.261165738105773926e-01
5.628269314765930176e-01
8.390695787966251373e-03
1.200620979070663452e-01
4.424777254462242126e-02
6.754195094108581543e-01
8.366365432739257812e-01
3.745724260807037354e-02
5.743887647986412048e-02
9.812834858894348145e-02
5.638027936220169067e-02
9.338900446891784668e-02
8.557824492454528809e-01
1.391443610191345215e-01
8.647079467773437500e-01
1.683563888072967529e-01
4.586861729621887207e-01
3.841229081153869629e-01
9.152715206146240234e-01
1.632508784532546997e-01
4.597912430763244629e-01
4.175014048814773560e-02
6.225961446762084961e-01
8.050425052642822266e-01
4.857930839061737061e-01
1.439581066370010376e-01
1.935768872499465942e-01
3.681197389960289001e-02
2.805154025554656982e-01
6.619517207145690918e-01
6.965233087539672852e-01
1.192646399140357971e-01
1.682176813483238220e-02
1.516530662775039673e-01
4.722610861063003540e-02
2.168369293212890625e-01
8.930216729640960693e-02
1.081207692623138428e-01
8.734460175037384033e-02
9.288174659013748169e-02
2.063499689102172852e-01
6.591328978538513184e-01
3.953766226768493652e-01
5.332297086715698242e-01
1.823094636201858521e-01
1.628022342920303345e-01
7.189689874649047852e-01
4.088138639926910400e-01
5.010749697685241699e-01
2.399240285158157349e-01
8.052867650985717773e-02
5.060889124870300293e-01
3.641393035650253296e-02
2.650477923452854156e-02
3.276866674423217773e-01
4.302415847778320312e-01
6.838354468345642090e-02
8.404964208602905273e-01
9.661076217889785767e-02
2.684223093092441559e-02
7.990629673004150391e-01
1.470308750867843628e-01
1.316380202770233154e-01
3.278103843331336975e-02
9.058198332786560059e-02
1.716315746307373047e-01
3.758278116583824158e-02
1.003670692443847656e-01
1.740703880786895752e-01
4.517965614795684814e-01
2.630401551723480225e-01
1.381427347660064697e-01
1.412357483059167862e-02
6.949647665023803711e-01
3.151234984397888184e-02
8.002523779869079590e-01
2.712108194828033447e-01
6.558699607849121094e-01
3.896342962980270386e-02
2.810579240322113037e-01
3.273842334747314453e-01
1.404367294162511826e-02
1.586447469890117645e-02
6.142292171716690063e-02
7.842781543731689453e-01
1.262802481651306152e-01
6.232514977455139160e-01
8.961278796195983887e-01
6.023185849189758301e-01
4.925453662872314453e-02
9.482324123382568359e-01
1.321227848529815674e-01
2.640023529529571533e-01
2.822159044444561005e-02
2.043368518352508545e-01
5.597689747810363770e-01
2.303043603897094727e-01
1.492661237716674805e-02
6.386265754699707031e-01
4.510956406593322754e-01
6.326044201850891113e-01
6.686823815107345581e-02
8.787796497344970703e-01
9.540802836418151855e-01
5.026979446411132812e-01
4.767046868801116943e-02
1.588733345270156860e-01
6.164777651429176331e-02
5.032836198806762695e-01
5.484237074851989746e-01
5.115512013435363770e-02
6.085858941078186035e-01
5.082420706748962402e-01
8.740504384040832520e-01
1.261859983205795288e-01
8.235083222389221191e-01
8.812680244445800781e-01
2.989332675933837891e-01
3.988744020462036133e-01
7.949081063270568848e-01
1.541934758424758911e-01
3.035828471183776855e-01
8.683554530143737793e-01
5.202714353799819946e-02
6.800575852394104004e-01
8.317037671804428101e-02
2.056548297405242920e-01
2.228005379438400269e-01
8.157718181610107422e-02
9.351748228073120117e-01
4.401637241244316101e-02
5.981237888336181641e-01
1.169340685009956360e-01
1.000363603234291077e-01
1.101169586181640625e-01
5.023919045925140381e-02
6.197788193821907043e-02
1.243997886776924133e-01
3.869882225990295410e-01
7.697086930274963379e-01
1.073883697390556335e-01
6.848672628402709961e-01
3.747798129916191101e-02
4.817292690277099609e-01
2.416592091321945190e-01
1.349361706525087357e-02
1.796340048313140869e-01
3.013646602630615234e-01
7.631354779005050659e-02
4.648021459579467773e-01
6.860961019992828369e-02
6.573033332824707031e-01
8.970344662666320801e-01
6.647490859031677246e-01
2.801887392997741699e-01
1.759311854839324951e-01
7.885855436325073242e-01
1.117719933390617371e-01
7.510353922843933105e-01
4.021963477134704590e-02
8.082097172737121582e-01
7.509896159172058105e-02
8.755458146333694458e-02
8.383775353431701660e-01
2.837612666189670563e-02
3.144703209400177002e-01
3.359673619270324707e-01
2.714296877384185791e-01
7.087762653827667236e-02
5.104617029428482056e-02
1.979786902666091919e-01
1.205425187945365906e-01
1.176777407526969910e-01
4.824058711528778076e-01
7.395668625831604004e-01
1.543889194726943970e-01
4.583370313048362732e-02
1.305368263274431229e-02
7.594836503267288208e-02
8.038442134857177734e-01
3.631980121135711670e-01
3.172188624739646912e-02
8.759852051734924316e-01
2.452481240034103394e-01
1.328425109386444092e-01
9.079419821500778198e-02
7.009134441614151001e-02
1.761867664754390717e-02
7.574056088924407959e-02
6.629720330238342285e-01
8.448067307472229004e-01
6.456549167633056641e-01
2.460853010416030884e-01
8.788824826478958130e-02
5.715454369783401489e-02
4.445789754390716553e-02
5.572313666343688965e-01
2.062636315822601318e-01
9.166969656944274902e-01
5.522715449333190918e-01
2.252830266952514648e-01
4.651025310158729553e-02
5.643975734710693359e-01
2.175296992063522339e-01
4.223902523517608643e-01
8.593735098838806152e-01
6.103391647338867188e-01
2.787826955318450928e-01
1.248358115553855896e-01
1.594584248960018158e-02
4.167722165584564209e-02
6.531239300966262817e-02
3.424361348152160645e-02
5.238958075642585754e-02
3.610372543334960938e-01
8.112312108278274536e-02
2.079525776207447052e-02
8.269481062889099121e-01
1.731629520654678345e-01
1.822935976088047028e-02
1.858730465173721313e-01
1.130644530057907104e-01
4.632681608200073242e-02
3.937132060527801514e-01
6.499351859092712402e-01
3.471541106700897217e-01
8.690792322158813477e-01
8.414926938712596893e-03
1.786409765481948853e-01
1.708179861307144165e-01
1.433721035718917847e-01
8.254944086074829102e-01
3.814014792442321777e-02
1.091923192143440247e-02
4.090338572859764099e-02
5.429483577609062195e-02
3.039863407611846924e-01
4.990209639072418213e-02
6.994052529335021973e-01
1.498552262783050537e-01
7.952171564102172852e-02
8.481477946043014526e-02
8.719700574874877930e-02
4.622570276260375977e-01
2.186052799224853516e-01
9.197345376014709473e-02
7.505510449409484863e-01
1.351603865623474121e-01
1.883808672428131104e-01
9.235641956329345703e-01
2.410410940647125244e-01
9.351863712072372437e-02
2.484362274408340454e-01
3.296655416488647461e-02
2.547046542167663574e-01
9.808862209320068359e-02
4.784733057022094727e-02
4.347620531916618347e-02
9.337232261896133423e-02
9.856759756803512573e-02
8.066025972366333008e-01
1.476093232631683350e-01
3.712396323680877686e-02
1.257650181651115417e-02
8.898099064826965332e-01
5.495139956474304199e-01
2.092859148979187012e-01
9.915558993816375732e-02
2.931139469146728516e-01
1.207190304994583130e-01
1.724743694067001343e-01
1.708534508943557739e-01
6.819095928221940994e-03
5.714550986886024475e-02
3.781606256961822510e-02
1.331334859132766724e-01
1.178675889968872070e-01
3.590114414691925049e-03
6.540111899375915527e-01
1.338746696710586548e-01
8.367217779159545898e-01
1.933386474847793579e-01
1.972678303718566895e-01
4.477236792445182800e-02
8.140667080879211426e-01
6.404199004173278809e-01
6.668196320533752441e-01
7.149332761764526367e-01
4.263124465942382812e-01
3.716197311878204346e-01
1.551263481378555298e-01
7.255683094263076782e-02
7.306367158889770508e-02
1.800471544265747070e-02
5.550029128789901733e-02
3.346952199935913086e-01
8.189249634742736816e-01
2.104352973401546478e-02
1.822193115949630737e-01
3.028858825564384460e-02
1.478276848793029785e-01
4.734478145837783813e-02
3.848874941468238831e-02
4.316460192203521729e-01
8.377003073692321777e-01
1.491640787571668625e-02
5.608076974749565125e-02
2.690124511718750000e-01
4.064453765749931335e-02
2.790984697639942169e-02
1.015078499913215637e-01
1.216382086277008057e-01
8.148410916328430176e-02
1.860251277685165405e-01
7.298356890678405762e-01
5.113668441772460938e-01
2.045487314462661743e-01
8.083112537860870361e-02
3.274360299110412598e-01
1.214901916682720184e-02
5.874263644218444824e-01
1.590955257415771484e-01
1.563195586204528809e-01
3.059719130396842957e-02
3.357048705220222473e-02
5.644773244857788086e-01
3.541581332683563232e-02
2.098438143730163574e-01
2.341854199767112732e-02
8.087546825408935547e-01
9.547165781259536743e-02
1.984081789851188660e-02
1.473540365695953369e-01
6.726328730583190918e-01
3.001240789890289307e-01
2.462582662701606750e-02
3.396457061171531677e-02
4.139719605445861816e-01
1.290874183177947998e-01
5.307190865278244019e-02
4.034888371825218201e-02
1.634148061275482178e-01
1.825716197490692139e-01
9.012014418840408325e-02
3.962430357933044434e-02
1.634307652711868286e-01
1.949095167219638824e-02
4.018142074346542358e-02
8.537998199462890625e-01
1.155032590031623840e-01
2.867952175438404083e-02
9.627235531806945801e-01
1.856120526790618896e-01
3.612202107906341553e-01
3.258896619081497192e-02
5.494954586029052734e-01
5.662420392036437988e-01
1.542398799210786819e-02
7.475885152816772461e-01
8.646736145019531250e-01
4.704425632953643799e-01
4.182482138276100159e-03
1.976878196001052856e-01
2.504005134105682373e-01
1.645935922861099243e-01
5.005606412887573242e-01
5.018914490938186646e-02
1.206437051296234131e-01
1.396861672401428223e-01
8.239278197288513184e-02
1.590006947517395020e-01
3.272913098335266113e-01
2.243483439087867737e-02
1.948591768741607666e-01
3.657073527574539185e-02
8.994441032409667969e-01
2.639801204204559326e-01
3.314194381237030029e-01
1.159780547022819519e-01
2.777476310729980469e-01
1.311437338590621948e-01
4.567974433302879333e-02
9.023256897926330566e-01
9.335225820541381836e-02
5.418465137481689453e-01
8.976657986640930176e-01
6.800207495689392090e-02
4.011101648211479187e-02
2.245317846536636353e-01
7.786857336759567261e-02
8.035157322883605957e-01
2.800097689032554626e-02
4.483366757631301880e-02
2.009392976760864258e-01
6.534339785575866699e-01
2.027791589498519897e-01
2.965118587017059326e-01
9.351863712072372437e-02
8.716469258069992065e-02
4.372951388359069824e-01
1.159520819783210754e-01
1.040483564138412476e-01
1.080291196703910828e-01
3.137632608413696289e-01
1.068480089306831360e-01
4.037830829620361328e-01
5.847779512405395508e-01
8.725795894861221313e-02
2.891953289508819580e-01
9.261126518249511719e-01
3.961169347167015076e-02
6.678103804588317871e-01
8.870423585176467896e-02
6.771135330200195312e-02
1.283598691225051880e-01
3.482741490006446838e-02
3.712643980979919434e-01
2.419716119766235352e-01
7.027709484100341797e-02
6.250864863395690918e-01
7.645366787910461426e-01
9.590560197830200195e-01
9.442361593246459961e-01
1.674737967550754547e-02
1.684055626392364502e-01
1.624019145965576172e-01
4.629942774772644043e-01
8.560310602188110352e-01
1.964025795459747314e-01
1.472895294427871704e-01
1.505465954542160034e-01
6.282315403223037720e-02
7.633374333381652832e-01
5.944477859884500504e-03
9.276427328586578369e-03
6.115109324455261230e-01
1.757923886179924011e-02
8.556185662746429443e-02
3.153514266014099121e-01
5.144390463829040527e-01
9.139580130577087402e-01
9.459727443754673004e-03
4.284802451729774475e-02
8.192666620016098022e-02
7.933496832847595215e-01
8.741993308067321777e-01
7.710288278758525848e-03
8.393375277519226074e-01
4.062431305646896362e-02
5.357527732849121094e-01
2.145245373249053955e-01
7.388107776641845703e-01
4.580185413360595703e-01
3.346908092498779297e-02
1.827888041734695435e-01
6.426436901092529297e-01
3.061837144196033478e-02
1.239660475403070450e-02
6.088459491729736328e-01
1.055121608078479767e-02
2.139357663691043854e-02
4.591230154037475586e-01
3.923094272613525391e-01
2.075886726379394531e-02
5.095645785331726074e-01
2.914447784423828125e-01
1.450277417898178101e-01
2.045944519340991974e-02
1.428979784250259399e-01
8.133013248443603516e-01
7.331185936927795410e-01
6.403870582580566406e-01
2.240447402000427246e-01
1.816368699073791504e-01
1.816875189542770386e-01
1.294663101434707642e-01
6.964191794395446777e-02
6.009835377335548401e-02
1.037633568048477173e-01
6.141907572746276855e-01
8.255823254585266113e-01
7.049071788787841797e-01
6.345394998788833618e-02
2.894835174083709717e-01
1.201369836926460266e-01
1.480307281017303467e-01
9.025651812553405762e-01
2.083165794610977173e-01
5.298025533556938171e-02
2.223968133330345154e-02
4.764731973409652710e-02
1.073967106640338898e-02
1.224428415298461914e-01
8.473271131515502930e-01
1.525223404169082642e-01
1.381015591323375702e-02
1.063246652483940125e-01
1.925929486751556396e-01
6.035320758819580078e-01
3.539020568132400513e-02
1.692280173301696777e-01
2.671096622943878174e-01
8.074741363525390625e-01
8.319011330604553223e-02
7.216670364141464233e-02
2.136122137308120728e-01
6.143767237663269043e-01
2.765195071697235107e-01
9.197947569191455841e-03
3.697673976421356201e-01
9.046822190284729004e-01
6.862924695014953613e-01
2.724396884441375732e-01
3.378517180681228638e-02
3.264733403921127319e-02
7.041484117507934570e-01
4.156908392906188965e-01
2.405312955379486084e-01
5.074579715728759766e-01
4.746546745300292969e-01
1.007559299468994141e-01
2.767661027610301971e-02
8.272286504507064819e-03
4.919779598712921143e-01
2.012014836072921753e-01
9.545589797198772430e-03
1.066260114312171936e-01
7.509402632713317871e-01
3.279861807823181152e-01
6.497046351432800293e-01
1.884446144104003906e-01
2.103972733020782471e-01
8.320908993482589722e-02
7.042364031076431274e-02
7.361335158348083496e-01
8.742870688438415527e-01
1.271605584770441055e-02
9.238451123237609863e-01
9.497374296188354492e-01
5.886860489845275879e-01
3.929457664489746094e-01
4.821219742298126221e-01
4.986293241381645203e-02
5.010241270065307617e-01
7.562579512596130371e-01
5.994247794151306152e-01
8.051595687866210938e-01
5.378686636686325073e-02
3.650218993425369263e-02
4.651648551225662231e-02
7.307468652725219727e-01
9.977832436561584473e-02
2.233527153730392456e-01
4.358949363231658936e-01
6.197374463081359863e-01
2.561771869659423828e-01
1.850455999374389648e-01
5.477573275566101074e-01
2.129852026700973511e-01
4.847823679447174072e-01
8.147737383842468262e-01
4.027583003044128418e-01
1.997915282845497131e-02
5.415745973587036133e-01
4.957227036356925964e-02
2.673772275447845459e-01
7.976697087287902832e-01
3.425506502389907837e-02
4.745035991072654724e-02
6.352744996547698975e-02
2.713980376720428467e-01
9.740346074104309082e-01
2.519567012786865234e-01
8.114534616470336914e-01
2.735953591763973236e-02
8.545655757188796997e-03
1.280503813177347183e-02
8.716985583305358887e-01
1.236337199807167053e-01
8.299082517623901367e-01
5.655162930488586426e-01
1.007181927561759949e-01
4.928334057331085205e-02
1.200852468609809875e-01
6.182561516761779785e-01
9.048208594322204590e-01
1.005851570516824722e-02
4.917106032371520996e-02
8.349419832229614258e-01
5.524689331650733948e-02
2.315595000982284546e-02
2.803022861480712891e-01
8.116971701383590698e-02
1.306057721376419067e-01
1.961977630853652954e-01
3.099350929260253906e-01
2.378424257040023804e-02
1.075867787003517151e-01
5.520050600171089172e-02
1.144174262881278992e-01
5.198145508766174316e-01
3.551736474037170410e-01
1.155409291386604309e-01
5.233692377805709839e-02
7.587658613920211792e-02
6.932804733514785767e-02
1.885669529438018799e-01
1.160623133182525635e-01
2.971776127815246582e-01
5.235528945922851562e-02
1.673973947763442993e-01
9.579792022705078125e-01
6.300226319581270218e-03
1.496552824974060059e-01
8.322846889495849609e-02
4.331102669239044189e-01
1.226478442549705505e-01
1.135645620524883270e-02
2.710745036602020264e-01
9.166012406349182129e-01
9.400754421949386597e-02
7.582589983940124512e-02
4.075726866722106934e-02
3.325085714459419250e-02
4.106207564473152161e-02
5.835499763488769531e-01
2.812801599502563477e-01
1.270796656608581543e-01
8.843313455581665039e-01
5.603767037391662598e-01
4.600789248943328857e-01
1.120138987898826599e-01
5.925593897700309753e-02
5.448686480522155762e-01
4.533566534519195557e-02
7.329449988901615143e-03
9.383630156517028809e-01
5.131307840347290039e-01
7.353027462959289551e-01
7.708334922790527344e-01
4.002654924988746643e-02
4.577417373657226562e-01
1.370854377746582031e-01
9.272108972072601318e-02
3.296978473663330078e-01
4.280728474259376526e-02
5.484823882579803467e-02
5.949772000312805176e-01
1.443262696266174316e-01
7.920966148376464844e-01
6.364881396293640137e-01
6.582932472229003906e-01
3.969755768775939941e-02
8.070785403251647949e-01
7.860099077224731445e-01
1.790969818830490112e-01
8.491315841674804688e-01
3.121204972267150879e-01
3.678426146507263184e-01
2.862431481480598450e-02
7.862374782562255859e-01
2.716287672519683838e-01
4.950253665447235107e-02
8.577373623847961426e-01
2.026413530111312866e-01
7.943390607833862305e-01
4.207335785031318665e-02
2.849749922752380371e-01
1.635231673717498779e-01
3.026400208473205566e-01
5.683757662773132324e-01
8.617925047874450684e-01
1.405683457851409912e-01
2.338241487741470337e-01
8.338632993400096893e-03
8.338459134101867676e-01
8.170913904905319214e-02
9.908564388751983643e-03
7.880539894104003906e-01
8.195651769638061523e-01
3.019250929355621338e-01
4.880110546946525574e-02
4.154720306396484375e-01
2.297454178333282471e-01
7.635095119476318359e-01
1.582302600145339966e-01
8.912801146507263184e-01
8.191264234483242035e-03
3.643044531345367432e-01
1.501170173287391663e-02
1.044708713889122009e-01
3.478920087218284607e-02
3.476249873638153076e-01
1.849405169486999512e-01
3.485125303268432617e-01
3.006920516490936279e-01
9.145246446132659912e-02
5.976640582084655762e-01
8.257517218589782715e-01
1.249242573976516724e-01
4.874564111232757568e-01
4.443125054240226746e-02
5.189549922943115234e-01
7.621062994003295898e-01
7.249097824096679688e-01
1.163505464792251587e-01
1.451232135295867920e-01
4.685199633240699768e-02
9.909012168645858765e-02
1.309151202440261841e-01
1.079989299178123474e-01
9.485366940498352051e-01
2.110072374343872070e-01
5.651038885116577148e-01
5.155928432941436768e-02
5.035443902015686035e-01
7.347095757722854614e-02
7.192383706569671631e-02
1.574464701116085052e-02
3.218656033277511597e-02
2.411725372076034546e-01
8.923286199569702148e-01
5.964496731758117676e-01
7.622229307889938354e-02
3.056871518492698669e-02
6.864656805992126465e-01
9.052915573120117188e-01
6.284505724906921387e-01
6.085859239101409912e-02
1.015738695859909058e-01
5.697459578514099121e-01
4.721636176109313965e-01
7.666550278663635254e-01
3.568250313401222229e-02
8.456532359123229980e-01
9.025771617889404297e-01
4.826108217239379883e-01
8.851942420005798340e-01
2.658095359802246094e-01
9.698849171400070190e-03
4.513986408710479736e-01
2.252592593431472778e-01
6.006811261177062988e-01
9.271080046892166138e-02
6.901503801345825195e-01
2.102385312318801880e-01
1.056134775280952454e-01
5.966191291809082031e-01
3.841198086738586426e-01
6.586945652961730957e-01
1.719537004828453064e-02
1.645573228597640991e-01
6.221560239791870117e-01
4.586315155029296875e-01
2.677251398563385010e-01
1.046060100197792053e-01
2.823314368724822998e-01
8.640374541282653809e-01
8.010159134864807129e-01
2.352564968168735504e-02
4.278042167425155640e-02
9.351863712072372437e-02
9.748290292918682098e-03
1.398971527814865112e-01
7.463804632425308228e-02
5.677619576454162598e-01
1.007779687643051147e-01
6.443846039474010468e-03
3.126972019672393799e-01
2.702029943466186523e-01
5.489172413945198059e-02
5.295566916465759277e-01
6.874760985374450684e-02
7.522969841957092285e-01
6.744574904441833496e-01
4.390332475304603577e-02
1.141821742057800293e-01
5.310119129717350006e-03
2.102399617433547974e-01
1.279664188623428345e-01
4.609545320272445679e-02
3.746061027050018311e-02
3.010002337396144867e-02
3.384791612625122070e-01
9.422726929187774658e-02
5.556757748126983643e-02
7.676392048597335815e-02
2.013729959726333618e-01
3.892954587936401367e-01
3.878335356712341309e-01
2.781941369175910950e-02
3.107739053666591644e-02
5.894066095352172852e-01
3.103339970111846924e-01
1.890472508966922760e-02
9.495108127593994141e-01
5.373475551605224609e-01
8.382724970579147339e-02
2.852341234683990479e-01
1.438798755407333374e-01
4.619541019201278687e-02
5.286882817745208740e-02
1.943050771951675415e-01
5.157530680298805237e-02
5.745360851287841797e-01
5.794519782066345215e-01
5.501468181610107422e-01
5.727843195199966431e-02
5.568505525588989258e-01
5.901467055082321167e-02
1.993322223424911499e-01
3.988628089427947998e-01
1.155484169721603394e-01
6.090797781944274902e-01
2.217391133308410645e-01
9.594653248786926270e-01
4.259902983903884888e-02
1.132014989852905273e-01
8.903205990791320801e-01
4.636662006378173828e-01
4.851765334606170654e-01
7.163536548614501953e-01
3.484635651111602783e-01
5.321265012025833130e-02
9.311116337776184082e-01
6.621656417846679688e-01
2.360558956861495972e-01
8.766954541206359863e-01
7.723531872034072876e-02
6.435050368309020996e-01
5.821722745895385742e-01
2.307893522083759308e-02
7.271387614309787750e-03
3.939984440803527832e-01
1.160760745406150818e-01
3.747509047389030457e-02
3.113918602466583252e-01
9.505323767662048340e-01
6.816590577363967896e-02
2.804224751889705658e-02
5.075490847229957581e-02
1.698097214102745056e-02
1.348891556262969971e-01
3.874481841921806335e-02
4.212883859872817993e-02
2.029149979352951050e-02
4.360584318637847900e-01
2.567029297351837158e-01
7.132564783096313477e-01
5.976788401603698730e-01
7.589521408081054688e-01
1.051898598670959473e-01
6.421853601932525635e-02
2.572717070579528809e-01
6.504534482955932617e-01
4.023426026105880737e-02
1.814344525337219238e-01
2.898242771625518799e-01
1.357142161577939987e-02
9.259694218635559082e-01
6.935741752386093140e-02
8.373661339282989502e-02
2.216714061796665192e-02
1.739578396081924438e-01
2.772088646888732910e-01
5.532734394073486328e-01
1.202216371893882751e-01
4.370855391025543213e-01
2.606385573744773865e-02
1.813261210918426514e-01
1.474056690931320190e-01
2.251322008669376373e-02
8.123990893363952637e-02
1.579262912273406982e-01
1.488112844526767731e-02
8.968059718608856201e-02
2.358322031795978546e-02
3.871446549892425537e-01
1.196749657392501831e-01
8.962332606315612793e-01
8.421590328216552734e-01
5.167681351304054260e-02
