1.995328254997730255e-02
9.897276759147644043e-01
1.776109188795089722e-01
8.050530552864074707e-01
1.265415251255035400e-01
5.019680783152580261e-02
4.489091038703918457e-01
2.223739176988601685e-01
9.400087594985961914e-01
9.842848032712936401e-02
5.234776139259338379e-01
2.720906138420104980e-01
8.610187768936157227e-01
5.721747279167175293e-01
6.017999723553657532e-02
1.839194744825363159e-01
6.794459819793701172e-01
5.696738362312316895e-01
9.657118916511535645e-01
1.497948765754699707e-01
6.882802844047546387e-01
6.652604937553405762e-01
2.649656683206558228e-02
4.416812956333160400e-02
2.327280938625335693e-01
5.973705649375915527e-02
9.209638237953186035e-01
1.897936463356018066e-01
4.159033596515655518e-01
2.629580497741699219e-01
1.823787838220596313e-01
1.342836767435073853e-02
9.226390123367309570e-01
1.115124747157096863e-01
1.693635433912277222e-01
1.164202466607093811e-01
1.842728704214096069e-01
1.547135263681411743e-01
3.496960401535034180e-01
9.306665062904357910e-01
2.009194344282150269e-01
1.346640437841415405e-01
2.712630480527877808e-02
1.392637789249420166e-01
5.220406129956245422e-02
2.865929603576660156e-01
2.235681563615798950e-01
5.961505770683288574e-01
1.125142909586429596e-02
9.044647216796875000e-01
1.015054434537887573e-01
2.621244639158248901e-02
2.139681875705718994e-01
3.045389354228973389e-01
1.761453896760940552e-01
4.456464201211929321e-02
8.814452886581420898e-01
4.343088716268539429e-02
2.835565805435180664e-02
1.492763608694076538e-01
6.995708942413330078e-01
2.104492634534835815e-01
7.675603032112121582e-02
5.306122452020645142e-02
2.794816158711910248e-02
1.161990314722061157e-01
4.419125244021415710e-02
5.119758471846580505e-02
6.496283411979675293e-01
2.924638986587524414e-01
3.010224364697933197e-02
7.458567619323730469e-01
4.251376986503601074e-01
1.651306748390197754e-01
2.450000941753387451e-01
5.507775396108627319e-02
4.119807854294776917e-02
1.534311566501855850e-02
1.491069346666336060e-01
3.932996466755867004e-02
9.287491440773010254e-01
8.522710204124450684e-01
9.305022358894348145e-01
5.556079149246215820e-01
9.328320622444152832e-01
4.991820156574249268e-01
8.191526681184768677e-02
1.053455471992492676e-01
2.774297595024108887e-01
3.313676118850708008e-01
8.339837193489074707e-01
6.154301390051841736e-02
7.587676495313644409e-02
5.626557469367980957e-01
7.045240402221679688e-01
5.237832665443420410e-01
5.898528099060058594e-01
9.020019173622131348e-01
7.096957415342330933e-02
1.734009236097335815e-01
6.465703845024108887e-01
1.701044887304306030e-01
4.732348322868347168e-01
1.358093172311782837e-01
3.634741604328155518e-01
2.097398191690444946e-01
8.969492465257644653e-02
6.077162623405456543e-01
5.378783941268920898e-01
1.787484437227249146e-01
4.465377330780029297e-01
2.337252348661422729e-02
6.580968946218490601e-02
9.395500421524047852e-01
2.855770289897918701e-01
5.026578158140182495e-02
9.075393080711364746e-01
4.668380320072174072e-02
1.274944245815277100e-01
5.957419872283935547e-01
1.349767297506332397e-02
8.157344907522201538e-02
1.071449071168899536e-01
8.357095122337341309e-01
8.894985318183898926e-01
1.381793469190597534e-01
6.118503212928771973e-02
2.603383660316467285e-01
5.147318914532661438e-02
6.523640453815460205e-02
9.345307946205139160e-01
5.387403368949890137e-01
9.330383539199829102e-01
1.781299561262130737e-01
5.551698207855224609e-01
4.155735969543457031e-01
9.474990367889404297e-01
4.348908066749572754e-01
5.119952559471130371e-01
5.789564922451972961e-02
8.424471020698547363e-01
8.537121415138244629e-01
7.539101839065551758e-01
4.740254282951354980e-01
2.829277217388153076e-01
5.236334726214408875e-02
3.755725622177124023e-01
8.296259641647338867e-01
5.596092939376831055e-01
1.410482972860336304e-01
1.860315352678298950e-02
1.648530513048171997e-01
8.762703835964202881e-02
1.954925507307052612e-01
1.152956113219261169e-01
1.678153127431869507e-01
1.477366089820861816e-01
9.037910401821136475e-02
2.320988625288009644e-01
7.622798681259155273e-01
4.000105261802673340e-01
6.651868820190429688e-01
1.025015935301780701e-01
2.061235755681991577e-01
8.078715801239013672e-01
4.096686244010925293e-01
4.258828163146972656e-01
1.663208603858947754e-01
9.566318243741989136e-02
4.335739314556121826e-01
5.602233484387397766e-02
3.984051570296287537e-02
5.530609488487243652e-01
6.909800171852111816e-01
5.172443762421607971e-02
9.175191521644592285e-01
1.608313173055648804e-01
4.563254117965698242e-02
9.138929843902587891e-01
1.539667546749114990e-01
2.392228096723556519e-01
5.440828204154968262e-02
1.507602930068969727e-01
1.651601493358612061e-01
1.168749406933784485e-01
1.390408724546432495e-01
2.034549117088317871e-01
6.162225604057312012e-01
4.100566208362579346e-01
3.317789435386657715e-01
2.984352223575115204e-02
6.493334770202636719e-01
1.111715659499168396e-01
7.733235359191894531e-01
1.470761448144912720e-01
5.649380683898925781e-01
3.499046340584754944e-02
2.789048552513122559e-01
4.018078446388244629e-01
2.486803755164146423e-02
2.701519802212715149e-02
3.010298311710357666e-01
8.973155021667480469e-01
1.698141694068908691e-01
6.526881456375122070e-01
9.243137836456298828e-01
5.693306922912597656e-01
7.311962544918060303e-02
9.641870856285095215e-01
2.307613790035247803e-01
1.814495027065277100e-01
2.813159860670566559e-02
2.615673840045928955e-01
6.528599262237548828e-01
2.503897249698638916e-01
2.825842425227165222e-02
8.490232825279235840e-01
4.690453112125396729e-01
8.794389963150024414e-01
8.702743053436279297e-02
9.305753111839294434e-01
9.642145633697509766e-01
7.138881087303161621e-01
7.891075313091278076e-02
1.302177459001541138e-01
9.055712074041366577e-02
6.952570080757141113e-01
7.106398344039916992e-01
6.550326198339462280e-02
6.782814860343933105e-01
5.605415105819702148e-01
9.159942269325256348e-01
1.276595145463943481e-01
8.890582919120788574e-01
9.105309844017028809e-01
2.604065239429473877e-01
4.995413422584533691e-01
9.383100271224975586e-01
2.055043280124664307e-01
4.974070191383361816e-01
9.296638369560241699e-01
1.397634893655776978e-01
5.052395462989807129e-01
2.523035407066345215e-01
2.559879422187805176e-01
1.558964103460311890e-01
1.097521930932998657e-01
9.582746624946594238e-01
9.248275309801101685e-02
6.449140906333923340e-01
1.621109545230865479e-01
7.529887557029724121e-02
1.611396521329879761e-01
6.911321729421615601e-02
1.073345020413398743e-01
2.749983966350555420e-01
3.127832412719726562e-01
8.222979307174682617e-01
1.347244530916213989e-01
8.969774842262268066e-01
6.723392009735107422e-02
5.745258927345275879e-01
4.912804663181304932e-01
2.082095667719841003e-02
1.069383397698402405e-01
3.010481894016265869e-01
9.239008277654647827e-02
3.507102131843566895e-01
5.420371145009994507e-02
7.480301260948181152e-01
9.285700321197509766e-01
7.632939219474792480e-01
2.995170950889587402e-01
1.355766654014587402e-01
9.447450041770935059e-01
1.390062421560287476e-01
7.173249721527099609e-01
8.886323869228363037e-02
8.867545723915100098e-01
6.241570040583610535e-02
1.910436153411865234e-01
9.387975931167602539e-01
8.139149844646453857e-02
3.741658926010131836e-01
3.754921555519104004e-01
3.320069313049316406e-01
5.052179843187332153e-02
8.776193857192993164e-02
4.170626401901245117e-01
1.765753775835037231e-01
1.647137403488159180e-01
5.463125705718994141e-01
8.746216297149658203e-01
3.324924409389495850e-01
1.146273836493492126e-01
1.981610991060733795e-02
1.562874317169189453e-01
8.585833907127380371e-01
2.275289893150329590e-01
5.314240604639053345e-02
9.290571808815002441e-01
4.305829703807830811e-01
1.978873014450073242e-01
1.058926805853843689e-01
9.096987545490264893e-02
2.366316132247447968e-02
1.356882005929946899e-01
6.470080614089965820e-01
9.395464658737182617e-01
6.497738957405090332e-01
4.940222799777984619e-01
1.288328468799591064e-01
1.112587153911590576e-01
1.222698241472244263e-01
5.587811470031738281e-01
3.066569566726684570e-01
9.222155213356018066e-01
8.085840344429016113e-01
1.789893954992294312e-01
9.080962836742401123e-02
6.199445128440856934e-01
4.001258909702301025e-01
3.630186915397644043e-01
9.429047703742980957e-01
7.851076126098632812e-01
4.287411272525787354e-01
2.182753235101699829e-01
6.694487482309341431e-02
5.874514207243919373e-02
4.931297525763511658e-02
5.932169780135154724e-02
1.126156449317932129e-01
5.485191345214843750e-01
1.262022107839584351e-01
9.976596385240554810e-02
9.365144371986389160e-01
1.839010119438171387e-01
1.581426523625850677e-02
2.869157195091247559e-01
1.951776891946792603e-01
1.050260514020919800e-01
6.697064638137817383e-01
8.439654111862182617e-01
3.335792422294616699e-01
9.152523279190063477e-01
1.027145143598318100e-02
1.958222538232803345e-01
4.460366666316986084e-01
2.200367748737335205e-01
8.389054536819458008e-01
6.339579075574874878e-02
1.241394225507974625e-02
4.917050153017044067e-02
7.609589397907257080e-02
3.966018855571746826e-01
1.187499687075614929e-01
8.079844117164611816e-01
1.588116884231567383e-01
1.444322764873504639e-01
3.577255904674530029e-01
1.109177693724632263e-01
5.916580557823181152e-01
2.595334351062774658e-01
1.526898741722106934e-01
8.425601720809936523e-01
3.267220556735992432e-01
2.835281789302825928e-01
9.508547782897949219e-01
3.149568140506744385e-01
2.426916509866714478e-01
3.311135470867156982e-01
1.023384779691696167e-01
1.612856984138488770e-01
1.946943402290344238e-01
6.518274545669555664e-02
4.495780915021896362e-02
1.526403129100799561e-01
9.750553965568542480e-02
9.094595313072204590e-01
1.351246535778045654e-01
4.566314071416854858e-02
3.939025104045867920e-02
9.333061575889587402e-01
4.613919556140899658e-01
2.541401088237762451e-01
1.580533683300018311e-01
3.930465877056121826e-01
2.177854627370834351e-01
2.009692639112472534e-01
5.279364585876464844e-01
1.154672075062990189e-02
6.916137039661407471e-02
4.481126740574836731e-02
8.534500747919082642e-02
1.894049197435379028e-01
6.281797774136066437e-03
6.929055452346801758e-01
2.316788136959075928e-01
8.801283240318298340e-01
1.881326884031295776e-01
2.244037687778472900e-01
6.375360488891601562e-02
7.559414505958557129e-01
6.615181565284729004e-01
7.894504666328430176e-01
6.385043859481811523e-01
5.352464914321899414e-01
4.048690497875213623e-01
2.249589860439300537e-01
8.482643961906433105e-02
4.633277654647827148e-02
1.956383697688579559e-02
2.003034800291061401e-01
4.230218529701232910e-01
8.483238816261291504e-01
5.987161397933959961e-02
5.510838627815246582e-01
1.824089437723159790e-01
5.253403633832931519e-02
5.110163614153862000e-02
5.342583358287811279e-02
6.351382136344909668e-01
9.057781696319580078e-01
4.438904672861099243e-02
8.003401011228561401e-02
4.015827476978302002e-01
2.862532436847686768e-02
3.083560988306999207e-02
1.859713196754455566e-01
1.099582910537719727e-01
1.123469620943069458e-01
2.151956707239151001e-01
8.288708329200744629e-01
6.320604681968688965e-01
1.717768758535385132e-01
4.820852726697921753e-02
3.080005347728729248e-01
9.294216334819793701e-02
6.108708381652832031e-01
4.762593209743499756e-01
3.629216253757476807e-01
1.258490681648254395e-01
8.751442283391952515e-02
5.786507129669189453e-01
4.831374436616897583e-02
2.428030371665954590e-01
4.016711190342903137e-02
8.467700481414794922e-01
6.212900206446647644e-02
1.894496567547321320e-02
1.436464637517929077e-01
8.467525243759155273e-01
8.350458741188049316e-01
4.161458089947700500e-02
3.197864443063735962e-02
6.882593631744384766e-01
3.651570975780487061e-01
6.545441597700119019e-02
3.884073346853256226e-02
2.703683972358703613e-01
1.334120780229568481e-01
1.001775488257408142e-01
9.072069078683853149e-02
2.300761044025421143e-01
3.155319765210151672e-02
1.208529621362686157e-01
9.333667159080505371e-01
1.559269875288009644e-01
4.093404859304428101e-02
9.657809138298034668e-01
2.929972708225250244e-01
4.469827711582183838e-01
9.974891692399978638e-02
6.507682204246520996e-01
5.084659457206726074e-01
4.476194828748703003e-02
8.773766756057739258e-01
9.315654635429382324e-01
6.608676314353942871e-01
8.907084353268146515e-03
2.842917442321777344e-01
3.689425885677337646e-01
1.302088797092437744e-01
4.503693282604217529e-01
5.218288674950599670e-02
2.060545235872268677e-01
2.315362840890884399e-01
8.137743175029754639e-02
1.358731538057327271e-01
5.775600671768188477e-01
1.209507416933774948e-02
2.877745628356933594e-01
4.903004318475723267e-02
9.349609613418579102e-01
6.385050415992736816e-01
4.945694506168365479e-01
1.901542544364929199e-01
4.373069405555725098e-01
1.703267246484756470e-01
8.121822029352188110e-02
9.422075152397155762e-01
7.595253735780715942e-02
5.522041320800781250e-01
9.443973898887634277e-01
2.228576242923736572e-01
4.022723436355590820e-02
3.882889151573181152e-01
1.197137162089347839e-01
8.569591045379638672e-01
5.387374386191368103e-02
1.245283484458923340e-01
2.764696776866912842e-01
8.312681913375854492e-01
1.748130172491073608e-01
7.234601974487304688e-01
2.426916509866714478e-01
1.504914462566375732e-01
4.129746854305267334e-01
1.265390813350677490e-01
1.399814933538436890e-01
2.469331026077270508e-01
5.101836919784545898e-01
1.545839458703994751e-01
3.078401684761047363e-01
6.445527672767639160e-01
5.095284059643745422e-02
2.489914000034332275e-01
8.635070323944091797e-01
5.455361306667327881e-02
7.350239753723144531e-01
1.219973191618919373e-01
1.869319528341293335e-01
1.884737908840179443e-01
9.107039868831634521e-02
6.824549436569213867e-01
5.178663134574890137e-01
3.685466945171356201e-01
6.825423836708068848e-01
9.149219393730163574e-01
9.631533026695251465e-01
9.445244669914245605e-01
2.382174693048000336e-02
2.322887927293777466e-01
1.402279138565063477e-01
4.311448633670806885e-01
9.444970488548278809e-01
1.912594437599182129e-01
2.660652399063110352e-01
2.289972007274627686e-01
8.707176893949508667e-02
9.058555960655212402e-01
1.218436006456613541e-02
6.686539947986602783e-02
9.066510200500488281e-01
3.291190043091773987e-02
1.115381047129631042e-01
3.748533725738525391e-01
3.284845650196075439e-01
9.459404945373535156e-01
1.388642378151416779e-02
5.220282077789306641e-02
7.727840542793273926e-02
8.629240393638610840e-01
9.177789688110351562e-01
1.424025278538465500e-02
9.057127237319946289e-01
7.846088707447052002e-02
6.676565408706665039e-01
1.692162007093429565e-01
8.126945495605468750e-01
1.844353675842285156e-01
3.529512509703636169e-02
1.992780119180679321e-01
7.331193685531616211e-01
1.167158111929893494e-01
2.304901368916034698e-02
6.500737667083740234e-01
4.523061215877532959e-02
5.606111884117126465e-02
5.162837505340576172e-01
4.036251008510589600e-01
2.703496441245079041e-02
5.546965003013610840e-01
2.908798158168792725e-01
1.443378031253814697e-01
3.501524403691291809e-02
2.562778294086456299e-01
9.306238293647766113e-01
8.627529144287109375e-01
7.879984974861145020e-01
2.838943004608154297e-01
6.047811508178710938e-01
2.725301980972290039e-01
2.522223591804504395e-01
7.032348960638046265e-02
6.691813468933105469e-02
1.107785329222679138e-01
5.416643619537353516e-01
8.354488015174865723e-01
8.789860010147094727e-01
1.051869615912437439e-01
4.041807353496551514e-01
1.224958822131156921e-01
1.153710409998893738e-01
9.334900975227355957e-01
4.083667695522308350e-01
7.313198596239089966e-02
5.269248783588409424e-02
6.910917162895202637e-02
1.604734361171722412e-02
1.882155090570449829e-01
9.292057156562805176e-01
2.106938660144805908e-01
3.156555444002151489e-02
1.291994154453277588e-01
4.095683991909027100e-01
7.208983302116394043e-01
4.492440447211265564e-02
3.425106704235076904e-01
3.393165469169616699e-01
8.725370764732360840e-01
8.989261090755462646e-02
7.715631276369094849e-02
4.064968228340148926e-01
3.992229700088500977e-01
2.856784760951995850e-01
2.129168808460235596e-02
3.755589127540588379e-01
9.336698651313781738e-01
7.953577637672424316e-01
6.385732889175415039e-01
6.325846165418624878e-02
3.713933005928993225e-02
6.114653944969177246e-01
5.439152717590332031e-01
3.512788712978363037e-01
4.072633385658264160e-01
7.061687111854553223e-01
1.458172202110290527e-01
4.428749531507492065e-02
1.346980873495340347e-02
4.181236326694488525e-01
1.003402918577194214e-01
1.910041458904743195e-02
2.329284548759460449e-01
8.869863748550415039e-01
2.531459927558898926e-01
7.735179066658020020e-01
3.286181986331939697e-01
1.278375536203384399e-01
1.063066348433494568e-01
6.067621335387229919e-02
7.111842036247253418e-01
9.487629532814025879e-01
2.538134343922138214e-02
9.500680565834045410e-01
9.733574986457824707e-01
8.643544316291809082e-01
2.223527580499649048e-01
6.289051175117492676e-01
1.198677644133567810e-01
4.630626738071441650e-01
7.883964776992797852e-01
7.644091844558715820e-01
8.882236480712890625e-01
1.410478800535202026e-01
2.832939028739929199e-01
2.232040017843246460e-01
5.854743719100952148e-01
1.837843954563140869e-01
3.687476813793182373e-01
5.517184138298034668e-01
5.789826512336730957e-01
2.328152507543563843e-01
1.826436966657638550e-01
3.861242830753326416e-01
1.305434554815292358e-01
2.694812119007110596e-01
6.202606558799743652e-01
3.542199730873107910e-01
2.860065922141075134e-02
1.944363862276077271e-01
4.127002507448196411e-02
4.340290427207946777e-01
8.994459509849548340e-01
3.142616897821426392e-02
5.444357171654701233e-02
5.359035357832908630e-02
3.064115643501281738e-01
9.643806219100952148e-01
4.794029295444488525e-01
9.438096880912780762e-01
3.684262186288833618e-02
1.203172840178012848e-02
1.753660663962364197e-02
9.241422414779663086e-01
1.676259487867355347e-01
8.225787878036499023e-01
4.917994141578674316e-01
1.944354623556137085e-01
8.117969334125518799e-02
1.801225841045379639e-01
5.021225810050964355e-01
9.346327185630798340e-01
1.433948334306478500e-02
3.922709822654724121e-02
9.191918373107910156e-01
1.826344877481460571e-01
3.284562006592750549e-02
1.292852461338043213e-01
9.212249517440795898e-02
1.807075440883636475e-01
5.183986425399780273e-01
2.550579011440277100e-01
3.350780531764030457e-02
1.506743282079696655e-01
7.783733308315277100e-02
2.226490080356597900e-01
5.421131253242492676e-01
5.278365015983581543e-01
3.464649319648742676e-01
1.164189949631690979e-01
3.433761373162269592e-02
4.422926902770996094e-02
1.698292046785354614e-01
1.759926825761795044e-01
3.778403103351593018e-01
6.171866878867149353e-02
1.936646550893783569e-01
9.603322744369506836e-01
6.427872180938720703e-02
1.573226451873779297e-01
1.734804213047027588e-01
7.602542638778686523e-01
2.820774316787719727e-01
3.578451275825500488e-02
3.216551244258880615e-01
9.263938069343566895e-01
8.293835073709487915e-02
1.236794888973236084e-01
1.004562899470329285e-01
6.685029715299606323e-02
8.872201293706893921e-02
6.046874523162841797e-01
9.630412608385086060e-02
2.142208665609359741e-01
9.435506463050842285e-01
6.364127993583679199e-01
7.423921823501586914e-01
1.793566644191741943e-01
1.620619446039199829e-01
7.513983249664306641e-01
9.558345377445220947e-02
9.740840643644332886e-03
9.620766639709472656e-01
5.895923376083374023e-01
9.146712422370910645e-01
7.834147214889526367e-01
5.145576223731040955e-02
6.630832552909851074e-01
1.698788404464721680e-01
9.425078332424163818e-02
3.530751764774322510e-01
3.141975402832031250e-02
6.408541649580001831e-02
4.937008917331695557e-01
1.086851283907890320e-01
8.564028143882751465e-01
5.698633193969726562e-01
7.537707090377807617e-01
3.625343739986419678e-02
8.192177414894104004e-01
7.269536852836608887e-01
1.885466873645782471e-01
9.237557053565979004e-01
3.545144200325012207e-01
3.842178285121917725e-01
4.219023883342742920e-02
9.107269048690795898e-01
4.841545522212982178e-01
4.843372479081153870e-02
9.280779361724853516e-01
2.586300075054168701e-01
8.788214921951293945e-01
6.016607210040092468e-02
2.296873927116394043e-01
2.860893607139587402e-01
3.457397222518920898e-01
5.599103569984436035e-01
9.481548070907592773e-01
2.096846699714660645e-01
2.691077888011932373e-01
1.375004649162292480e-02
9.201461672782897949e-01
1.202528774738311768e-01
1.631328649818897247e-02
9.187576174736022949e-01
8.742618560791015625e-01
6.108842492103576660e-01
4.486226290464401245e-02
5.329078435897827148e-01
4.821283519268035889e-01
9.011161327362060547e-01
1.646031886339187622e-01
9.515236616134643555e-01
1.912084221839904785e-02
5.004035830497741699e-01
2.271616272628307343e-02
2.726081907749176025e-01
6.529779732227325439e-02
3.517815470695495605e-01
2.181394845247268677e-01
1.491682678461074829e-01
2.969750463962554932e-01
1.607125401496887207e-01
4.676886796951293945e-01
9.077216386795043945e-01
1.538877487182617188e-01
3.648951053619384766e-01
5.714104324579238892e-02
5.130729675292968750e-01
9.131194949150085449e-01
8.186463713645935059e-01
1.612319052219390869e-01
1.821153014898300171e-01
8.881097286939620972e-02
2.076258361339569092e-01
4.877578094601631165e-02
1.641215831041336060e-01
9.608964920043945312e-01
1.181664913892745972e-01
6.531293392181396484e-01
1.280973404645919800e-01
7.372959256172180176e-01
1.050061956048011780e-01
9.325135499238967896e-02
2.043958455324172974e-01
4.694418236613273621e-02
3.383293449878692627e-01
9.336852431297302246e-01
7.584646344184875488e-01
9.853798151016235352e-02
1.150141581892967224e-01
5.183513164520263672e-01
9.523639082908630371e-01
7.154988646507263184e-01
6.180543825030326843e-02
2.493555843830108643e-01
7.516897916793823242e-01
8.486833572387695312e-01
8.843752741813659668e-01
4.602726548910140991e-02
8.835122585296630859e-01
9.400374293327331543e-01
6.377621293067932129e-01
9.319840669631958008e-01
5.265024900436401367e-01
1.703715510666370392e-02
5.195375680923461914e-01
1.633884161710739136e-01
7.653027772903442383e-01
3.028344810009002686e-01
6.414276957511901855e-01
3.908140659332275391e-01
1.116998866200447083e-01
6.218566298484802246e-01
3.951381742954254150e-01
9.081087112426757812e-01
2.666272036731243134e-02
2.754167020320892334e-01
6.455542445182800293e-01
5.015189647674560547e-01
3.361521959304809570e-01
1.949879229068756104e-01
3.100208342075347900e-01
9.235056042671203613e-01
8.470579385757446289e-01
1.109072342514991760e-01
1.229570209980010986e-01
2.426916509866714478e-01
2.032013237476348877e-02
2.389831244945526123e-01
1.078478991985321045e-01
6.464800238609313965e-01
2.527668178081512451e-01
1.391443144530057907e-02
7.075973749160766602e-01
4.758869707584381104e-01
8.616661280393600464e-02
5.572172403335571289e-01
9.044951945543289185e-02
8.415078520774841309e-01
6.036785244941711426e-01
5.656920000910758972e-02
1.719651371240615845e-01
9.660380892455577850e-03
4.782454967498779297e-01
1.729009598493576050e-01
6.964673101902008057e-02
5.402700603008270264e-02
4.462320357561111450e-02
5.851368904113769531e-01
1.385768204927444458e-01
8.875989168882369995e-02
7.449258118867874146e-02
2.140824347734451294e-01
4.922250807285308838e-01
4.672095775604248047e-01
2.676682919263839722e-02
4.553208500146865845e-02
5.951921343803405762e-01
3.586052060127258301e-01
4.100574925541877747e-02
9.592574834823608398e-01
8.178403377532958984e-01
2.987103164196014404e-01
1.143569350242614746e-01
2.114090919494628906e-01
7.475704699754714966e-02
7.184426486492156982e-02
5.480312108993530273e-01
4.820404052734375000e-01
5.902534723281860352e-01
6.038850545883178711e-01
6.085008978843688965e-01
1.551527827978134155e-01
4.433152377605438232e-01
9.661050885915756226e-02
2.876111865043640137e-01
4.554968178272247314e-01
1.421750038862228394e-01
4.850257635116577148e-01
1.875774562358856201e-01
9.649661183357238770e-01
5.302095413208007812e-02
2.718119323253631592e-01
9.198279380798339844e-01
4.760348498821258545e-01
4.988231956958770752e-01
8.679986596107482910e-01
3.607193827629089355e-01
1.572855561971664429e-01
8.803672790527343750e-01
3.531121909618377686e-01
5.104151368141174316e-01
9.245784878730773926e-01
1.302127838134765625e-01
7.880855798721313477e-01
6.250782012939453125e-01
3.953173756599426270e-02
1.188063062727451324e-02
6.076050996780395508e-01
1.398453712463378906e-01
6.527556478977203369e-02
4.797731935977935791e-01
9.675521850585937500e-01
6.585357338190078735e-02
2.412343025207519531e-02
7.607888430356979370e-02
2.983031049370765686e-02
1.641301065683364868e-01
4.862539097666740417e-02
8.314065635204315186e-02
2.893343381583690643e-02
5.321124196052551270e-01
4.027824401855468750e-01
8.338502049446105957e-01
4.915093779563903809e-01
9.416167140007019043e-01
1.494152843952178955e-01
1.073053777217864990e-01
3.649035692214965820e-01
7.784194946289062500e-01
3.002023696899414062e-02
2.592338323593139648e-01
1.534270644187927246e-01
2.977518178522586823e-02
9.437457919120788574e-01
9.086728841066360474e-02
9.727083146572113037e-02
5.787188932299613953e-02
3.185032606124877930e-01
2.840880155563354492e-01
7.979845404624938965e-01
1.471155732870101929e-01
2.998239994049072266e-01
4.987603798508644104e-02
4.277232587337493896e-01
2.849685847759246826e-01
1.219152510166168213e-01
9.134914726018905640e-02
1.573178023099899292e-01
2.051665633916854858e-02
1.379518359899520874e-01
2.568855509161949158e-02
3.675583600997924805e-01
2.036390155553817749e-01
9.410349130630493164e-01
9.123652577400207520e-01
9.667060524225234985e-02
