2.772067487239837646e-02
9.506100416183471680e-01
1.909446120262145996e-01
8.635752797126770020e-01
2.243174165487289429e-01
6.048074737191200256e-02
5.704464316368103027e-01
2.374026179313659668e-01
9.284164905548095703e-01
1.065214648842811584e-01
4.852933585643768311e-01
1.090335622429847717e-01
6.077387928962707520e-01
5.028977990150451660e-01
9.080144762992858887e-02
2.227829396724700928e-01
6.265703439712524414e-01
5.426406264305114746e-01
9.827991127967834473e-01
2.909761667251586914e-01
7.906205058097839355e-01
7.646908760070800781e-01
5.989746376872062683e-02
2.269796654582023621e-02
1.898425221443176270e-01
7.454523444175720215e-02
8.108382821083068848e-01
2.135385274887084961e-01
3.863333463668823242e-01
4.252041578292846680e-01
1.948465257883071899e-01
1.170070469379425049e-02
8.863679766654968262e-01
9.123197942972183228e-02
2.487625032663345337e-01
1.166413873434066772e-01
2.771524190902709961e-01
1.063715964555740356e-01
4.645819067955017090e-01
9.333148002624511719e-01
3.403327167034149170e-01
1.534463614225387573e-01
5.013165622949600220e-02
1.788564473390579224e-01
6.525645405054092407e-02
2.373699396848678589e-01
3.212465345859527588e-01
5.511819720268249512e-01
1.286191958934068680e-02
8.672249317169189453e-01
1.071361973881721497e-01
1.643622294068336487e-02
3.739707469940185547e-01
3.757337033748626709e-01
1.379142403602600098e-01
7.035890966653823853e-02
8.748949170112609863e-01
9.668532013893127441e-02
4.165421426296234131e-02
1.832980662584304810e-01
4.241759181022644043e-01
1.323101967573165894e-01
7.342743873596191406e-02
6.860054284334182739e-02
4.957774281501770020e-02
1.458645164966583252e-01
5.848941579461097717e-02
7.546910643577575684e-02
4.051249623298645020e-01
1.977784037590026855e-01
5.412499606609344482e-02
7.962622046470642090e-01
4.528346061706542969e-01
1.034450456500053406e-01
2.571110427379608154e-01
7.547439634799957275e-02
3.958447277545928955e-02
3.029517829418182373e-02
1.884584426879882812e-01
7.643869519233703613e-02
9.381946921348571777e-01
8.610389828681945801e-01
9.073901772499084473e-01
5.200314521789550781e-01
9.180167913436889648e-01
5.656929612159729004e-01
9.710507094860076904e-02
1.010342612862586975e-01
6.250686049461364746e-01
2.907651066780090332e-01
7.297484874725341797e-01
6.179866567254066467e-02
7.719425857067108154e-02
6.293522119522094727e-01
7.366873025894165039e-01
5.131809711456298828e-01
5.492374300956726074e-01
9.554597735404968262e-01
7.576478272676467896e-02
1.242152005434036255e-01
4.566293954849243164e-01
1.524684727191925049e-01
4.764399826526641846e-01
1.040749475359916687e-01
4.010048806667327881e-01
1.247888058423995972e-01
6.650626659393310547e-02
6.268758177757263184e-01
4.217604994773864746e-01
2.665286064147949219e-01
3.248036205768585205e-01
3.056212514638900757e-02
8.145813643932342529e-02
9.392578601837158203e-01
3.181150853633880615e-01
3.928805887699127197e-02
9.259193539619445801e-01
3.914709016680717468e-02
1.241748332977294922e-01
6.517913341522216797e-01
1.141209714114665985e-02
9.285015612840652466e-02
1.692554950714111328e-01
6.648447513580322266e-01
9.592018723487854004e-01
8.939162641763687134e-02
1.204455569386482239e-01
2.738539874553680420e-01
7.550699263811111450e-02
6.167274340987205505e-02
9.112939238548278809e-01
4.937130808830261230e-01
9.189565181732177734e-01
3.583487570285797119e-01
5.481365323066711426e-01
3.580088317394256592e-01
9.200935363769531250e-01
2.849627733230590820e-01
5.458620786666870117e-01
7.556300610303878784e-02
6.870149374008178711e-01
8.329573273658752441e-01
6.765961647033691406e-01
3.090403974056243896e-01
2.746566832065582275e-01
9.102281928062438965e-02
4.612183868885040283e-01
6.798359155654907227e-01
7.353812456130981445e-01
1.788441687822341919e-01
3.977480530738830566e-02
1.333541274070739746e-01
8.745472878217697144e-02
1.614825129508972168e-01
8.740774542093276978e-02
1.490539461374282837e-01
1.970469355583190918e-01
1.366595327854156494e-01
2.313787341117858887e-01
7.852582931518554688e-01
4.037635624408721924e-01
7.094269990921020508e-01
1.609738171100616455e-01
1.981279999017715454e-01
8.241569995880126953e-01
5.566866993904113770e-01
3.482217192649841309e-01
2.648887336254119873e-01
9.545058757066726685e-02
5.683084726333618164e-01
8.261232078075408936e-02
4.860584810376167297e-02
4.471698105335235596e-01
6.882725954055786133e-01
6.442503631114959717e-02
9.062724113464355469e-01
1.453566402196884155e-01
6.356588751077651978e-02
7.600074410438537598e-01
1.514112800359725952e-01
1.665763705968856812e-01
7.045011222362518311e-02
1.200384572148323059e-01
1.946340650320053101e-01
7.341966778039932251e-02
1.584134697914123535e-01
1.841770410537719727e-01
5.256290435791015625e-01
4.226873219013214111e-01
4.371957480907440186e-01
4.311937838792800903e-02
7.061223387718200684e-01
7.602717727422714233e-02
8.070851564407348633e-01
2.896969616413116455e-01
6.443564295768737793e-01
9.796083718538284302e-02
2.136546075344085693e-01
3.301135897636413574e-01
3.345203027129173279e-02
3.909765183925628662e-02
5.069416761398315430e-01
8.396490812301635742e-01
1.828712671995162964e-01
7.740410566329956055e-01
8.969963788986206055e-01
4.444781541824340820e-01
7.898052036762237549e-02
9.593836665153503418e-01
1.484128832817077637e-01
3.573705852031707764e-01
4.156005755066871643e-02
3.138085901737213135e-01
5.965782999992370605e-01
3.244695663452148438e-01
3.669924288988113403e-02
9.460342526435852051e-01
4.215682446956634521e-01
7.827152013778686523e-01
8.551198244094848633e-02
9.057420492172241211e-01
9.427993297576904297e-01
6.413795948028564453e-01
1.005692631006240845e-01
1.192674040794372559e-01
1.106098517775535583e-01
5.601782202720642090e-01
7.135526537895202637e-01
1.014222949743270874e-01
5.594294071197509766e-01
5.946127176284790039e-01
8.959848284721374512e-01
1.096715480089187622e-01
8.885102868080139160e-01
9.179636836051940918e-01
3.626441061496734619e-01
4.631282091140747070e-01
9.194744229316711426e-01
1.540246456861495972e-01
5.044651031494140625e-01
8.893525600433349609e-01
8.441691100597381592e-02
5.865756869316101074e-01
1.016721427440643311e-01
2.606359720230102539e-01
3.703141510486602783e-01
1.024401038885116577e-01
9.649437069892883301e-01
6.135220825672149658e-02
6.660221815109252930e-01
1.907475888729095459e-01
5.896447598934173584e-02
1.750818639993667603e-01
9.096170216798782349e-02
1.007024347782135010e-01
2.773422002792358398e-01
4.169162809848785400e-01
7.777386307716369629e-01
1.198615208268165588e-01
8.724458813667297363e-01
7.274109870195388794e-02
6.028088927268981934e-01
3.923810720443725586e-01
2.453314512968063354e-02
1.868604421615600586e-01
3.717155754566192627e-01
1.476898044347763062e-01
3.721447288990020752e-01
1.112909764051437378e-01
7.178280353546142578e-01
9.025149345397949219e-01
7.902213931083679199e-01
3.034048676490783691e-01
2.222609817981719971e-01
7.527324557304382324e-01
9.507502615451812744e-02
7.493743300437927246e-01
1.688369512557983398e-01
9.111387729644775391e-01
7.597120851278305054e-02
1.667192578315734863e-01
8.954947590827941895e-01
1.031114012002944946e-01
4.429979920387268066e-01
6.399239897727966309e-01
3.100604116916656494e-01
7.457301765680313110e-02
1.970002353191375732e-01
2.291512638330459595e-01
2.476225793361663818e-01
1.902180463075637817e-01
5.028576254844665527e-01
8.120730519294738770e-01
3.482371568679809570e-01
8.167257159948348999e-02
2.562389522790908813e-02
6.060238182544708252e-02
8.565974235534667969e-01
5.333301424980163574e-01
6.922450661659240723e-02
9.168691039085388184e-01
3.478090167045593262e-01
1.692794412374496460e-01
1.289830356836318970e-01
6.730014830827713013e-02
4.130936041474342346e-02
1.022021546959877014e-01
7.120114564895629883e-01
9.331617355346679688e-01
6.007351279258728027e-01
4.341464936733245850e-01
1.058699712157249451e-01
1.338888853788375854e-01
5.998412519693374634e-02
6.304063200950622559e-01
2.827675342559814453e-01
9.098182320594787598e-01
7.606394290924072266e-01
2.852665781974792480e-01
6.343156844377517700e-02
4.537343382835388184e-01
2.920437753200531006e-01
5.196689963340759277e-01
9.078637361526489258e-01
3.096031546592712402e-01
2.946873605251312256e-01
2.329526394605636597e-01
4.784388840198516846e-02
4.927454143762588501e-02
7.084435224533081055e-02
6.703342497348785400e-02
8.416819572448730469e-02
5.395454168319702148e-01
8.903872966766357422e-02
1.901621967554092407e-01
9.012402296066284180e-01
3.268344998359680176e-01
2.758939564228057861e-02
2.385092824697494507e-01
1.923309862613677979e-01
6.231966614723205566e-02
4.242236316204071045e-01
8.718364238739013672e-01
3.379493951797485352e-01
9.403794407844543457e-01
7.078938651829957962e-03
2.083890885114669800e-01
2.474223673343658447e-01
1.776510179042816162e-01
7.436474561691284180e-01
6.291782110929489136e-02
1.706455089151859283e-02
5.840861424803733826e-02
1.354915797710418701e-01
5.535312891006469727e-01
9.270355105400085449e-02
7.200972437858581543e-01
2.064799815416336060e-01
1.509811431169509888e-01
4.123766124248504639e-01
9.400161355733871460e-02
4.021072983741760254e-01
2.623696029186248779e-01
1.100204661488533020e-01
7.912728786468505859e-01
2.680652439594268799e-01
2.252049744129180908e-01
9.671130180358886719e-01
1.899595111608505249e-01
1.609852761030197144e-01
4.061993360519409180e-01
9.138612449169158936e-02
1.920696347951889038e-01
1.769058257341384888e-01
5.958304181694984436e-02
7.373917847871780396e-02
1.577197313308715820e-01
9.479005634784698486e-02
9.076197147369384766e-01
1.231174990534782410e-01
5.564843490719795227e-02
3.587917983531951904e-02
9.437482357025146484e-01
6.859071254730224609e-01
2.169222235679626465e-01
1.285150349140167236e-01
3.743427693843841553e-01
1.319847255945205688e-01
1.070180609822273254e-01
4.497556686401367188e-01
1.802044920623302460e-02
9.881316870450973511e-02
8.831880986690521240e-02
9.394037723541259766e-02
1.621179133653640747e-01
1.677054353058338165e-02
6.438387036323547363e-01
2.258031368255615234e-01
8.637490272521972656e-01
1.922884136438369751e-01
2.161942124366760254e-01
8.430907875299453735e-02
8.529249429702758789e-01
6.139439344406127930e-01
7.696982026100158691e-01
7.035161256790161133e-01
4.305867254734039307e-01
3.547571003437042236e-01
2.895348668098449707e-01
1.966219544410705566e-01
1.054826825857162476e-01
2.004435844719409943e-02
1.699976027011871338e-01
3.981832861900329590e-01
8.464333415031433105e-01
4.475265741348266602e-02
3.904988467693328857e-01
1.735632866621017456e-01
1.735680848360061646e-01
7.727047055959701538e-02
8.112189173698425293e-02
7.369312047958374023e-01
8.199847340583801270e-01
5.112677440047264099e-02
7.949167490005493164e-02
3.997767269611358643e-01
3.555532544851303101e-02
9.091610461473464966e-02
1.462241411209106445e-01
1.153158619999885559e-01
1.417793035507202148e-01
1.361666917800903320e-01
7.396959662437438965e-01
4.921268820762634277e-01
2.848518192768096924e-01
5.148856341838836670e-02
2.763170301914215088e-01
2.940661087632179260e-02
6.266248226165771484e-01
5.412887334823608398e-01
2.986886203289031982e-01
5.603671073913574219e-02
9.444601088762283325e-02
6.846058368682861328e-01
4.952788725495338440e-02
2.489542812108993530e-01
6.991735100746154785e-02
8.178504705429077148e-01
6.336919963359832764e-02
3.042002953588962555e-02
2.000283300876617432e-01
8.057857155799865723e-01
5.286769866943359375e-01
5.486117303371429443e-02
5.454840883612632751e-02
5.063250660896301270e-01
2.679143249988555908e-01
5.647509545087814331e-02
7.811176031827926636e-02
3.168186843395233154e-01
1.792827248573303223e-01
1.859621107578277588e-01
8.958688378334045410e-02
3.198395073413848877e-01
3.274989500641822815e-02
1.079507544636726379e-01
9.097356796264648438e-01
2.278331518173217773e-01
5.806444957852363586e-02
9.620440006256103516e-01
3.256650865077972412e-01
4.944163560867309570e-01
9.718856960535049438e-02
6.657710075378417969e-01
4.174684584140777588e-01
3.589234501123428345e-02
8.263725042343139648e-01
9.105350971221923828e-01
5.088738799095153809e-01
8.349941112101078033e-03
2.622487545013427734e-01
3.066689968109130859e-01
1.994247287511825562e-01
4.406855404376983643e-01
6.615405529737472534e-02
2.381321489810943604e-01
1.753700375556945801e-01
1.234675720334053040e-01
1.943671703338623047e-01
4.257887899875640869e-01
4.830350726842880249e-02
2.954652905464172363e-01
8.359896391630172729e-02
9.032025933265686035e-01
5.972863435745239258e-01
4.683124721050262451e-01
1.816754192113876343e-01
3.853813111782073975e-01
1.136521771550178528e-01
9.939760714769363403e-02
9.213783144950866699e-01
1.377843022346496582e-01
6.060374379158020020e-01
9.063575267791748047e-01
1.752190142869949341e-01
4.684843868017196655e-02
6.032611131668090820e-01
9.567939490079879761e-02
8.097422122955322266e-01
5.217272415757179260e-02
9.248707443475723267e-02
1.641063541173934937e-01
8.318480849266052246e-01
3.978097438812255859e-01
3.594145774841308594e-01
1.609852761030197144e-01
2.233331650495529175e-01
6.551537513732910156e-01
1.556918025016784668e-01
1.084656342864036560e-01
7.753359526395797729e-02
5.806477069854736328e-01
2.619256079196929932e-01
3.545257449150085449e-01
5.855618119239807129e-01
1.017460227012634277e-01
2.995720803737640381e-01
9.230856299400329590e-01
9.451849013566970825e-02
7.810286283493041992e-01
1.257088780403137207e-01
1.989139914512634277e-01
2.713242769241333008e-01
6.829705089330673218e-02
5.435022711753845215e-01
6.080081462860107422e-01
1.072960942983627319e-01
6.205976009368896484e-01
8.582912087440490723e-01
9.469190239906311035e-01
9.388083815574645996e-01
5.660373345017433167e-02
1.902064830064773560e-01
2.296131998300552368e-01
4.029672443866729736e-01
9.109558463096618652e-01
2.600921392440795898e-01
3.091294765472412109e-01
2.354289889335632324e-01
9.912924468517303467e-02
9.173769950866699219e-01
1.260791905224323273e-02
8.948305994272232056e-02
7.560731768608093262e-01
4.557655751705169678e-02
9.392221271991729736e-02
3.375325798988342285e-01
3.764797151088714600e-01
9.395406842231750488e-01
4.189315438270568848e-02
6.028051674365997314e-02
1.144660115242004395e-01
7.644371390342712402e-01
8.998710513114929199e-01
1.118469517678022385e-02
8.924764990806579590e-01
5.044344067573547363e-02
6.217110753059387207e-01
2.974123954772949219e-01
7.050000429153442383e-01
4.994238018989562988e-01
6.532687693834304810e-02
2.759894132614135742e-01
8.364646434783935547e-01
9.689738601446151733e-02
3.138476237654685974e-02
6.801115274429321289e-01
3.616062924265861511e-02
9.483865648508071899e-02
2.404565066099166870e-01
4.553589522838592529e-01
3.720262274146080017e-02
6.275718808174133301e-01
2.870638370513916016e-01
1.423147469758987427e-01
5.063590034842491150e-02
1.239962354302406311e-01
8.916215300559997559e-01
8.456349372863769531e-01
7.685712575912475586e-01
4.735680222511291504e-01
4.195483028888702393e-01
2.486885190010070801e-01
1.993479430675506592e-01
9.854075312614440918e-02
7.822904735803604126e-02
1.006549596786499023e-01
5.492473244667053223e-01
8.248577117919921875e-01
8.042778372764587402e-01
1.218355298042297363e-01
4.439444243907928467e-01
1.732233911752700806e-01
1.672872304916381836e-01
9.530925750732421875e-01
5.493112802505493164e-01
2.297661751508712769e-01
6.830161809921264648e-02
8.387898653745651245e-02
2.777593769133090973e-02
1.619910746812820435e-01
9.113438725471496582e-01
2.079908251762390137e-01
2.907614037394523621e-02
9.529126435518264771e-02
3.753988444805145264e-01
6.239917874336242676e-01
9.231735765933990479e-02
2.725679576396942139e-01
3.387960493564605713e-01
8.355993032455444336e-01
1.071674004197120667e-01
6.421525776386260986e-02
1.740468293428421021e-01
6.734564304351806641e-01
2.536329925060272217e-01
4.352780058979988098e-02
3.026235997676849365e-01
9.300068616867065430e-01
8.426471352577209473e-01
4.755358695983886719e-01
7.931196689605712891e-02
6.044228747487068176e-02
5.549921989440917969e-01
4.771133065223693848e-01
1.746371537446975708e-01
3.347863554954528809e-01
6.909194588661193848e-01
1.106884777545928955e-01
5.716320499777793884e-02
1.788430847227573395e-02
3.771521151065826416e-01
1.148746982216835022e-01
3.090770356357097626e-02
1.225390508770942688e-01
8.446418642997741699e-01
1.711466908454895020e-01
7.678362727165222168e-01
2.403557002544403076e-01
1.857445836067199707e-01
9.882633388042449951e-02
4.643979296088218689e-02
8.578489422798156738e-01
9.056923985481262207e-01
2.179734781384468079e-02
9.259929656982421875e-01
9.872428178787231445e-01
8.239120841026306152e-01
3.477305173873901367e-01
6.223539710044860840e-01
1.045068204402923584e-01
5.553444623947143555e-01
6.692690849304199219e-01
8.510564565658569336e-01
8.765138983726501465e-01
9.061893075704574585e-02
1.264960914850234985e-01
1.467106789350509644e-01
7.349993586540222168e-01
9.642421454191207886e-02
2.279351502656936646e-01
5.416810512542724609e-01
6.385483145713806152e-01
2.665297091007232666e-01
2.291684448719024658e-01
4.573864340782165527e-01
1.731168329715728760e-01
4.591628611087799072e-01
7.273786664009094238e-01
4.930304288864135742e-01
3.818633779883384705e-02
4.747460484504699707e-01
5.477014556527137756e-02
4.948968291282653809e-01
8.538899421691894531e-01
4.363736137747764587e-02
5.730422586202621460e-02
9.814546257257461548e-02
3.432333469390869141e-01
9.690005779266357422e-01
3.410827517509460449e-01
9.326889514923095703e-01
3.661678731441497803e-02
1.462865434587001801e-02
2.869855612516403198e-02
9.337391853332519531e-01
1.787075400352478027e-01
7.522892355918884277e-01
3.572966456413269043e-01
2.613801062107086182e-01
5.456390604376792908e-02
2.039386779069900513e-01
6.239292621612548828e-01
9.077033996582031250e-01
2.125390805304050446e-02
3.754425048828125000e-02
9.246066808700561523e-01
1.577610969543457031e-01
3.449549153447151184e-02
2.654641568660736084e-01
9.449779987335205078e-02
1.630205959081649780e-01
2.601907849311828613e-01
4.327686727046966553e-01
3.886120021343231201e-02
1.162899509072303772e-01
1.126859858632087708e-01
1.354307383298873901e-01
6.224101185798645020e-01
5.761045217514038086e-01
1.868040859699249268e-01
9.071147441864013672e-02
7.117222249507904053e-02
7.471816986799240112e-02
2.202408164739608765e-01
1.422624140977859497e-01
2.398618757724761963e-01
5.957441031932830811e-02
1.845847964286804199e-01
9.773016571998596191e-01
2.527105621993541718e-02
1.274666935205459595e-01
2.043206691741943359e-01
7.263204455375671387e-01
3.245273828506469727e-01
4.832087457180023193e-02
3.980090618133544922e-01
9.197349548339843750e-01
1.838362962007522583e-01
2.645370364189147949e-01
6.868352741003036499e-02
1.180051043629646301e-01
2.211859673261642456e-01
5.324018597602844238e-01
3.137564361095428467e-01
1.542244404554367065e-01
9.339585900306701660e-01
5.633728504180908203e-01
7.016447186470031738e-01
1.603919565677642822e-01
8.561483025550842285e-02
6.385343074798583984e-01
9.045830368995666504e-02
1.058548036962747574e-02
9.733707308769226074e-01
7.517337799072265625e-01
8.287709951400756836e-01
7.455848455429077148e-01
6.867878139019012451e-02
5.354199409484863281e-01
1.503149718046188354e-01
1.712501645088195801e-01
3.813484609127044678e-01
4.761070013046264648e-02
7.382616400718688965e-02
5.059020519256591797e-01
8.777121454477310181e-02
8.197888135910034180e-01
4.887755811214447021e-01
6.383100152015686035e-01
5.558063834905624390e-02
8.648862838745117188e-01
8.320628404617309570e-01
1.866831034421920776e-01
9.112203717231750488e-01
4.151593148708343506e-01
4.861074090003967285e-01
8.992042392492294312e-02
8.814833164215087891e-01
5.908038020133972168e-01
3.434298560023307800e-02
8.466053605079650879e-01
3.395024538040161133e-01
8.496754765510559082e-01
6.138543784618377686e-02
3.499057292938232422e-01
3.083187937736511230e-01
3.376254439353942871e-01
4.791180789470672607e-01
9.272351264953613281e-01
2.024348676204681396e-01
3.983584344387054443e-01
1.095625851303339005e-02
9.087540507316589355e-01
1.173862442374229431e-01
3.330083936452865601e-02
8.645523786544799805e-01
8.131262660026550293e-01
4.948823451995849609e-01
3.323694691061973572e-02
4.499909877777099609e-01
3.535130321979522705e-01
9.525932073593139648e-01
1.477076858282089233e-01
9.751776456832885742e-01
2.512999065220355988e-02
4.100160896778106689e-01
3.278670087456703186e-02
3.073449432849884033e-01
9.958212077617645264e-02
5.456975102424621582e-01
3.190327286720275879e-01
1.485007703304290771e-01
3.561109006404876709e-01
1.363325566053390503e-01
6.658776402473449707e-01
9.242637157440185547e-01
2.191619127988815308e-01
6.693380475044250488e-01
5.723714455962181091e-02
4.403127729892730713e-01
9.104261398315429688e-01
7.168187499046325684e-01
2.379408329725265503e-01
1.861820220947265625e-01
1.554588675498962402e-01
9.591937065124511719e-02
9.174931049346923828e-02
2.508065402507781982e-01
9.708403348922729492e-01
1.725177019834518433e-01
6.950144767761230469e-01
2.858192920684814453e-01
7.052745819091796875e-01
9.442399442195892334e-02
2.399242520332336426e-01
5.202317610383033752e-02
4.390615969896316528e-02
1.868653446435928345e-01
9.172425866127014160e-01
6.504154205322265625e-01
3.327518105506896973e-01
5.203373357653617859e-02
7.859547138214111328e-01
9.309340715408325195e-01
7.575014829635620117e-01
1.021757125854492188e-01
2.517581582069396973e-01
8.572433590888977051e-01
5.905817747116088867e-01
8.547259569168090820e-01
3.278270736336708069e-02
8.997217416763305664e-01
9.419448971748352051e-01
8.137542009353637695e-01
9.149343967437744141e-01
5.173276662826538086e-01
3.176530823111534119e-02
5.325555801391601562e-01
2.928113043308258057e-01
7.364181876182556152e-01
3.651191592216491699e-01
6.925371289253234863e-01
4.418403804302215576e-01
1.394268572330474854e-01
5.197811126708984375e-01
7.703940272331237793e-01
8.576955199241638184e-01
4.111463204026222229e-02
3.217443525791168213e-01
5.926414728164672852e-01
4.074461758136749268e-01
3.467926681041717529e-01
1.728364080190658569e-01
5.665316581726074219e-01
8.898215889930725098e-01
8.258915543556213379e-01
9.056442230939865112e-02
7.383178174495697021e-02
1.609852761030197144e-01
2.021821588277816772e-02
1.531114727258682251e-01
1.387515813112258911e-01
6.343162655830383301e-01
6.285715103149414062e-02
2.701460756361484528e-02
6.247469782829284668e-01
3.554489612579345703e-01
8.991521596908569336e-02
5.431593656539916992e-01
9.912918508052825928e-02
8.279403448104858398e-01
7.335119843482971191e-01
6.351696699857711792e-02
3.609132766723632812e-01
7.708408869802951813e-03
2.773105800151824951e-01
1.385422199964523315e-01
7.951807975769042969e-02
6.606554239988327026e-02
5.697828158736228943e-02
5.693435668945312500e-01
1.187235116958618164e-01
6.669235974550247192e-02
1.175395548343658447e-01
2.922265529632568359e-01
4.683754444122314453e-01
5.589923262596130371e-01
4.752041026949882507e-02
7.965952157974243164e-02
5.219036340713500977e-01
2.748994827270507812e-01
4.466776549816131592e-02
9.639533162117004395e-01
7.410868406295776367e-01
2.177613973617553711e-01
8.688879013061523438e-02
2.238789051771163940e-01
6.492843478918075562e-02
8.856274187564849854e-02
3.560880422592163086e-01
1.902731508016586304e-01
5.407383441925048828e-01
7.536028623580932617e-01
6.299996376037597656e-01
5.950385704636573792e-02
5.476613640785217285e-01
1.172598749399185181e-01
3.733610212802886963e-01
4.014653861522674561e-01
1.338481307029724121e-01
4.589832723140716553e-01
2.324082404375076294e-01
9.611387848854064941e-01
5.299778282642364502e-02
2.092629373073577881e-01
8.605509996414184570e-01
5.464451909065246582e-01
5.747182965278625488e-01
6.893727183341979980e-01
4.583556950092315674e-01
1.098774150013923645e-01
8.969958424568176270e-01
4.806475937366485596e-01
2.649377584457397461e-01
8.934428095817565918e-01
7.110659033060073853e-02
7.422879338264465332e-01
7.840363979339599609e-01
6.476259976625442505e-02
1.553973741829395294e-02
5.571070313453674316e-01
1.498123407363891602e-01
1.087685152888298035e-01
2.587915658950805664e-01
9.573304653167724609e-01
1.299730986356735229e-01
5.100842937827110291e-02
1.734478175640106201e-01
2.461657486855983734e-02
2.031491398811340332e-01
3.381887823343276978e-02
7.595942169427871704e-02
3.728695958852767944e-02
4.178716838359832764e-01
2.283248603343963623e-01
4.813019037246704102e-01
5.534287691116333008e-01
9.254561066627502441e-01
1.451056897640228271e-01
1.010562181472778320e-01
5.466917157173156738e-01
7.234998345375061035e-01
5.163181573152542114e-02
3.476644754409790039e-01
2.940205633640289307e-01
5.614851415157318115e-02
9.492167234420776367e-01
8.017172664403915405e-02
9.771841019392013550e-02
3.851452842354774475e-02
3.088321983814239502e-01
2.362933903932571411e-01
7.845956683158874512e-01
1.338390260934829712e-01
3.509311079978942871e-01
6.406571716070175171e-02
3.114499449729919434e-01
2.947206795215606689e-01
1.224386766552925110e-01
2.365884333848953247e-01
1.649334877729415894e-01
8.691004477441310883e-03
1.352146714925765991e-01
6.519180536270141602e-02
4.475052654743194580e-01
1.442675143480300903e-01
9.126566648483276367e-01
9.496653676033020020e-01
1.038739234209060669e-01
