1.742583699524402618e-02
9.873752593994140625e-01
1.243549063801765442e-01
7.816597223281860352e-01
3.858361244201660156e-01
8.910672366619110107e-02
5.355722904205322266e-01
2.715283632278442383e-01
9.297515153884887695e-01
1.837141960859298706e-01
3.069704473018646240e-01
2.415201216936111450e-01
7.668249011039733887e-01
6.594962477684020996e-01
2.044488489627838135e-01
3.354001045227050781e-01
7.279911041259765625e-01
3.647567927837371826e-01
9.711948633193969727e-01
4.183517992496490479e-01
8.627147674560546875e-01
5.659826993942260742e-01
5.495713651180267334e-02
6.664043664932250977e-02
3.385931849479675293e-01
9.080475568771362305e-02
8.876749277114868164e-01
2.427538782358169556e-01
5.718531012535095215e-01
3.164832293987274170e-01
2.410292029380798340e-01
1.167059876024723053e-02
8.986517786979675293e-01
1.563915759325027466e-01
3.231641948223114014e-01
1.746917068958282471e-01
4.393880963325500488e-01
1.838250905275344849e-01
2.336073517799377441e-01
9.193294048309326172e-01
3.012871742248535156e-01
1.648094207048416138e-01
3.255236893892288208e-02
2.227359861135482788e-01
7.463642209768295288e-02
2.758036553859710693e-01
2.382884621620178223e-01
7.279031872749328613e-01
1.322103571146726608e-02
8.929305076599121094e-01
1.514285355806350708e-01
2.727673575282096863e-02
2.590295672416687012e-01
4.384355247020721436e-01
2.145749181509017944e-01
1.183004081249237061e-01
8.642643094062805176e-01
1.645344048738479614e-01
3.975312039256095886e-02
2.575702071189880371e-01
4.147734940052032471e-01
1.577584892511367798e-01
9.098856896162033081e-02
5.774485319852828979e-02
6.742479652166366577e-02
2.324777692556381226e-01
6.147347018122673035e-02
2.010413110256195068e-01
4.536434710025787354e-01
2.248251587152481079e-01
2.893409505486488342e-02
2.949939072132110596e-01
4.256922602653503418e-01
1.971864104270935059e-01
2.189703583717346191e-01
1.118662059307098389e-01
3.877060115337371826e-02
1.646690070629119873e-02
1.166222169995307922e-01
5.878691002726554871e-02
9.264537692070007324e-01
8.492325544357299805e-01
9.274123311042785645e-01
5.608033537864685059e-01
9.462595582008361816e-01
5.432516336441040039e-01
7.135678827762603760e-02
1.516560167074203491e-01
6.257730722427368164e-01
2.742178440093994141e-01
8.138325810432434082e-01
1.237902417778968811e-01
9.174215793609619141e-02
6.081001758575439453e-01
5.704460144042968750e-01
5.132310390472412109e-01
5.971314907073974609e-01
8.620424270629882812e-01
7.575637102127075195e-02
2.029430717229843140e-01
3.752862513065338135e-01
2.173766195774078369e-01
5.784556865692138672e-01
1.612932533025741577e-01
3.274498283863067627e-01
2.597931325435638428e-01
6.407362222671508789e-02
5.454401969909667969e-01
3.841010928153991699e-01
2.952441573143005371e-01
3.301295936107635498e-01
2.503385767340660095e-02
9.032053500413894653e-02
9.116376638412475586e-01
3.924097418785095215e-01
5.596248805522918701e-02
9.243355989456176758e-01
7.006220519542694092e-02
1.321303248405456543e-01
6.044985651969909668e-01
1.023349817842245102e-02
1.170194000005722046e-01
2.251651138067245483e-01
7.913778424263000488e-01
9.163037538528442383e-01
1.556937992572784424e-01
1.597897559404373169e-01
1.911516934633255005e-01
1.124872490763664246e-01
1.645999997854232788e-01
9.258990883827209473e-01
4.751628041267395020e-01
9.218386411666870117e-01
2.024272084236145020e-01
5.175131559371948242e-01
3.196953833103179932e-01
9.389721155166625977e-01
4.161189198493957520e-01
6.851354241371154785e-01
8.272957801818847656e-02
7.883710265159606934e-01
8.474289178848266602e-01
6.501518487930297852e-01
4.187951683998107910e-01
3.103665113449096680e-01
1.052011772990226746e-01
1.600399762392044067e-01
7.182303071022033691e-01
7.275046706199645996e-01
1.835692822933197021e-01
2.996372058987617493e-02
1.586370766162872314e-01
9.888625144958496094e-02
2.293137460947036743e-01
1.149677261710166931e-01
1.752592027187347412e-01
1.809209287166595459e-01
1.477920413017272949e-01
8.186029642820358276e-02
7.212119102478027344e-01
4.054386317729949951e-01
5.715023279190063477e-01
1.867970526218414307e-01
2.278863042593002319e-01
8.595649003982543945e-01
4.755848944187164307e-01
5.702977180480957031e-01
2.862499952316284180e-01
1.564363390207290649e-01
5.534650683403015137e-01
8.659788966178894043e-02
3.512842208147048950e-02
4.284150898456573486e-01
5.258395671844482422e-01
8.846575021743774414e-02
9.348243474960327148e-01
9.215370565652847290e-02
6.977807730436325073e-02
8.333276510238647461e-01
2.376670241355895996e-01
3.066636025905609131e-01
1.052449941635131836e-01
1.692451387643814087e-01
2.538873851299285889e-01
2.711090072989463806e-02
9.546973556280136108e-02
2.496521323919296265e-01
4.589703381061553955e-01
4.165734648704528809e-01
1.628340631723403931e-01
4.032414034008979797e-02
6.233499646186828613e-01
4.240540415048599243e-02
8.861199021339416504e-01
2.675114274024963379e-01
5.394748449325561523e-01
6.901673972606658936e-02
3.852793276309967041e-01
3.540666997432708740e-01
2.387573011219501495e-02
2.651755884289741516e-02
3.280864059925079346e-01
7.333813905715942383e-01
1.881627291440963745e-01
8.495608568191528320e-01
9.312602281570434570e-01
6.304838061332702637e-01
5.664364993572235107e-02
9.598858952522277832e-01
6.635279208421707153e-02
2.146133035421371460e-01
7.490044832229614258e-02
2.544262409210205078e-01
7.597552537918090820e-01
2.678015828132629395e-01
4.129272699356079102e-02
8.406149744987487793e-01
4.812927842140197754e-01
6.789069175720214844e-01
1.280879527330398560e-01
9.187557101249694824e-01
9.568063020706176758e-01
7.050542235374450684e-01
9.417533874511718750e-02
2.258402556180953979e-01
1.369747370481491089e-01
5.749716162681579590e-01
7.420580387115478516e-01
6.420180201530456543e-02
6.509651541709899902e-01
6.828064322471618652e-01
9.255886673927307129e-01
1.350420117378234863e-01
6.634987592697143555e-01
8.719477057456970215e-01
4.063199162483215332e-01
3.745232522487640381e-01
9.310146570205688477e-01
2.180191576480865479e-01
3.886257410049438477e-01
9.238719940185546875e-01
9.296230971813201904e-02
7.751545906066894531e-01
2.095361351966857910e-01
3.062153756618499756e-01
1.347396969795227051e-01
1.603426188230514526e-01
9.539715051651000977e-01
7.135897874832153320e-02
6.860034465789794922e-01
1.766447871923446655e-01
6.411457061767578125e-02
2.185695320367813110e-01
1.214781031012535095e-01
9.223743528127670288e-02
2.439884543418884277e-01
4.441248476505279541e-01
8.388363122940063477e-01
1.478343307971954346e-01
7.894337177276611328e-01
8.520219475030899048e-02
5.991421341896057129e-01
4.993524551391601562e-01
2.405344694852828979e-02
2.392321676015853882e-01
3.954313695430755615e-01
2.178864628076553345e-01
5.678671598434448242e-01
1.116920858621597290e-01
7.728044390678405762e-01
9.264386296272277832e-01
7.054445743560791016e-01
2.312700748443603516e-01
2.071604728698730469e-01
8.400270342826843262e-01
1.260395646095275879e-01
8.599451780319213867e-01
1.214506104588508606e-01
9.124692082405090332e-01
1.241322755813598633e-01
2.216499000787734985e-01
9.142096638679504395e-01
1.019872799515724182e-01
4.254022836685180664e-01
5.213516354560852051e-01
2.960242033004760742e-01
8.175733685493469238e-02
2.090553939342498779e-01
3.259148001670837402e-01
2.519617378711700439e-01
2.227400541305541992e-01
6.452860832214355469e-01
8.071255087852478027e-01
2.039095610380172729e-01
1.243316382169723511e-01
3.405947238206863403e-02
3.079252839088439941e-01
8.588112592697143555e-01
5.803768634796142578e-01
7.999011129140853882e-02
9.295261502265930176e-01
4.277808070182800293e-01
1.977398246526718140e-01
2.267916798591613770e-01
1.106578260660171509e-01
3.339706361293792725e-02
1.259154379367828369e-01
7.221043109893798828e-01
9.034652709960937500e-01
7.387191653251647949e-01
4.320077896118164062e-01
1.755691170692443848e-01
1.539507508277893066e-01
1.495141237974166870e-01
5.766061544418334961e-01
2.053432017564773560e-01
9.218755960464477539e-01
8.151275515556335449e-01
1.071313321590423584e-01
2.019753456115722656e-01
4.223664402961730957e-01
3.107623159885406494e-01
4.006702601909637451e-01
9.274091720581054688e-01
5.624437928199768066e-01
2.135015875101089478e-01
3.434798121452331543e-01
1.888507455587387085e-01
1.036608070135116577e-01
1.083163097500801086e-01
4.526255279779434204e-02
6.329765170812606812e-02
5.871711969375610352e-01
1.420510113239288330e-01
6.179049983620643616e-02
9.271888732910156250e-01
2.947967052459716797e-01
2.776414714753627777e-02
3.345824778079986572e-01
2.061099708080291748e-01
7.382074743509292603e-02
4.180096387863159180e-01
8.181045055389404297e-01
4.995093941688537598e-01
9.164069890975952148e-01
1.327168289572000504e-02
4.905179142951965332e-01
4.365378022193908691e-01
1.824284791946411133e-01
8.755107522010803223e-01
1.232678219676017761e-01
1.773174665868282318e-02
4.431149363517761230e-02
1.025703549385070801e-01
5.730322003364562988e-01
6.008876487612724304e-02
4.438818991184234619e-01
1.793511658906936646e-01
1.386180371046066284e-01
3.343593776226043701e-01
1.455381065607070923e-01
3.690912425518035889e-01
2.284860908985137939e-01
1.600882560014724731e-01
8.428481221199035645e-01
2.625700235366821289e-01
2.731862664222717285e-01
9.565638899803161621e-01
3.741905391216278076e-01
1.766898632049560547e-01
2.989280819892883301e-01
1.237418428063392639e-01
2.881510853767395020e-01
2.297839373350143433e-01
1.194872781634330750e-01
6.863516569137573242e-02
1.650509536266326904e-01
1.534880548715591431e-01
9.132748842239379883e-01
7.775327563285827637e-02
8.425103873014450073e-02
4.368682950735092163e-02
9.023315310478210449e-01
4.541968405246734619e-01
3.346326351165771484e-01
2.225197404623031616e-01
3.519720733165740967e-01
2.034735679626464844e-01
2.614235877990722656e-01
2.343348860740661621e-01
1.492609363049268723e-02
1.552558839321136475e-01
6.135077401995658875e-02
1.648223996162414551e-01
2.053040415048599243e-01
4.512293264269828796e-03
5.966181159019470215e-01
3.809693157672882080e-01
6.098549365997314453e-01
2.449773997068405151e-01
3.405998647212982178e-01
9.637463837862014771e-02
9.059857130050659180e-01
6.283448338508605957e-01
7.429749965667724609e-01
7.669086456298828125e-01
4.589765667915344238e-01
3.454227149486541748e-01
3.698244392871856689e-01
1.172598972916603088e-01
1.459391415119171143e-01
1.087181083858013153e-02
7.827664166688919067e-02
4.380963742733001709e-01
7.798677086830139160e-01
8.958349376916885376e-02
4.134756028652191162e-01
4.211526364088058472e-02
1.792296022176742554e-01
1.305171251296997070e-01
4.967587813735008240e-02
5.868480801582336426e-01
6.928551793098449707e-01
3.491377457976341248e-02
1.043235436081886292e-01
3.113825619220733643e-01
3.183848410844802856e-02
1.623624376952648163e-02
1.126279458403587341e-01
1.157699897885322571e-01
8.249019086360931396e-02
1.071590855717658997e-01
8.269549608230590820e-01
5.366904139518737793e-01
2.532240748405456543e-01
8.209249377250671387e-02
2.126964330673217773e-01
2.628957293927669525e-02
4.306867420673370361e-01
4.984650313854217529e-01
1.974458992481231689e-01
5.258476734161376953e-02
1.087003946304321289e-01
6.455999612808227539e-01
5.354292690753936768e-02
3.651716113090515137e-01
7.215136289596557617e-02
8.415247201919555664e-01
7.647601515054702759e-02
2.776521444320678711e-02
3.066797554492950439e-01
8.100304603576660156e-01
5.411622524261474609e-01
4.433916509151458740e-02
6.222323328256607056e-02
3.860505521297454834e-01
1.247598081827163696e-01
8.401824533939361572e-02
1.276777088642120361e-01
2.645898759365081787e-01
1.652242541313171387e-01
1.670563369989395142e-01
1.067670732736587524e-01
1.873516589403152466e-01
6.790170073509216309e-02
1.363485306501388550e-01
9.028423428535461426e-01
3.822089135646820068e-01
4.311773553490638733e-02
9.658709764480590820e-01
3.787811100482940674e-01
3.633282482624053955e-01
1.174329817295074463e-01
5.686837434768676758e-01
5.909068584442138672e-01
7.430109381675720215e-02
8.694725632667541504e-01
9.160280823707580566e-01
5.940663814544677734e-01
6.666148547083139420e-03
3.060487210750579834e-01
3.657911419868469238e-01
2.138888835906982422e-01
6.982896924018859863e-01
6.066072732210159302e-02
2.042867094278335571e-01
1.840971261262893677e-01
1.543255001306533813e-01
2.468575388193130493e-01
4.180465936660766602e-01
3.347155451774597168e-02
2.529492378234863281e-01
9.238640218973159790e-02
9.308504462242126465e-01
6.580074429512023926e-01
5.933712720870971680e-01
2.070830166339874268e-01
3.576919734477996826e-01
1.829717755317687988e-01
1.430552750825881958e-01
9.404023289680480957e-01
1.787055879831314087e-01
5.912351012229919434e-01
9.394814968109130859e-01
9.423258900642395020e-02
4.921134561300277710e-02
2.755202054977416992e-01
2.054416090250015259e-01
8.710976839065551758e-01
6.685601174831390381e-02
2.126113027334213257e-01
2.517908811569213867e-01
7.569724321365356445e-01
1.178824976086616516e-01
4.618584215641021729e-01
1.766898632049560547e-01
2.851473391056060791e-01
6.856771707534790039e-01
2.657712996006011963e-01
1.699085086584091187e-01
6.306132674217224121e-01
5.063504576683044434e-01
3.110305368900299072e-01
4.104230105876922607e-01
6.883318424224853516e-01
4.496079981327056885e-01
4.480120837688446045e-01
9.021785855293273926e-01
1.144224107265472412e-01
8.335981965065002441e-01
1.470593065023422241e-01
2.090479880571365356e-01
2.953285276889801025e-01
6.707844883203506470e-02
3.696142435073852539e-01
7.377626299858093262e-01
3.032786846160888672e-01
7.317368388175964355e-01
8.659623265266418457e-01
9.671975970268249512e-01
9.516934752464294434e-01
3.913484141230583191e-02
2.351714968681335449e-01
3.201549947261810303e-01
4.091380536556243896e-01
9.240190386772155762e-01
2.897463738918304443e-01
2.918438315391540527e-01
2.530335187911987305e-01
8.002955466508865356e-02
8.826878666877746582e-01
1.865073293447494507e-02
3.707972168922424316e-02
8.843823671340942383e-01
3.233679011464118958e-02
1.342765390872955322e-01
3.769929707050323486e-01
5.265963077545166016e-01
9.399650096893310547e-01
7.112111151218414307e-02
5.500867217779159546e-02
1.401008516550064087e-01
8.894482851028442383e-01
8.816193342208862305e-01
1.819085143506526947e-02
8.965805172920227051e-01
6.474743783473968506e-02
7.192791700363159180e-01
2.434590607881546021e-01
8.008110523223876953e-01
3.752789795398712158e-01
5.250554159283638000e-02
2.924387156963348389e-01
8.171330690383911133e-01
8.102631568908691406e-02
1.967236399650573730e-02
7.518813014030456543e-01
4.620721936225891113e-02
4.322502017021179199e-02
1.504157036542892456e-01
3.673904240131378174e-01
2.300024591386318207e-02
5.708720684051513672e-01
2.983193099498748779e-01
3.145478367805480957e-01
3.185915201902389526e-02
8.469595015048980713e-02
9.203941226005554199e-01
8.549582362174987793e-01
7.349826693534851074e-01
2.476741969585418701e-01
5.903263092041015625e-01
2.189755886793136597e-01
1.735463887453079224e-01
1.098312214016914368e-01
1.250258386135101318e-01
2.553208768367767334e-01
6.910811066627502441e-01
8.418241739273071289e-01
7.495043873786926270e-01
1.710038930177688599e-01
4.290388226509094238e-01
1.484446227550506592e-01
2.445602416992187500e-01
9.372349381446838379e-01
6.611559391021728516e-01
1.856373399496078491e-01
8.419196307659149170e-02
7.246568799018859863e-02
2.432703040540218353e-02
3.547325730323791504e-01
9.126474261283874512e-01
2.800827324390411377e-01
3.273853659629821777e-02
1.084341406822204590e-01
3.227876424789428711e-01
6.977403163909912109e-01
5.039964616298675537e-02
2.287553846836090088e-01
2.590190470218658447e-01
8.716313242912292480e-01
1.359535306692123413e-01
9.355331212282180786e-02
1.016030535101890564e-01
5.240432620048522949e-01
3.575648069381713867e-01
4.035389423370361328e-02
4.836477935314178467e-01
9.202008247375488281e-01
7.549600005149841309e-01
2.829592227935791016e-01
2.569623105227947235e-02
4.543229937553405762e-02
3.938317298889160156e-01
4.577079713344573975e-01
4.943428039550781250e-01
2.917004227638244629e-01
6.923949718475341797e-01
1.227444484829902649e-01
5.743513256311416626e-02
1.497278362512588501e-02
3.345620334148406982e-01
1.041588112711906433e-01
2.057557553052902222e-02
2.638697922229766846e-01
7.754331827163696289e-01
4.043382704257965088e-01
8.494749665260314941e-01
2.406264543533325195e-01
1.978080272674560547e-01
1.351472586393356323e-01
8.030088990926742554e-02
8.034507036209106445e-01
9.361168742179870605e-01
2.219679392874240875e-02
9.446656107902526855e-01
9.764587879180908203e-01
8.445940017700195312e-01
5.385350584983825684e-01
6.579970121383666992e-01
1.215214207768440247e-01
4.598250687122344971e-01
8.302030563354492188e-01
7.772915959358215332e-01
8.609583973884582520e-01
1.365014761686325073e-01
3.726427555084228516e-01
6.369039416313171387e-02
7.587341070175170898e-01
1.946234852075576782e-01
5.659249424934387207e-01
6.916785240173339844e-01
7.684045433998107910e-01
9.263038635253906250e-02
2.869042158126831055e-01
3.710156679153442383e-01
2.037737667560577393e-01
3.319830596446990967e-01
7.617804408073425293e-01
4.446281790733337402e-01
3.222731500864028931e-02
6.947337985038757324e-01
6.172074005007743835e-02
4.121430516242980957e-01
8.128429055213928223e-01
9.160569310188293457e-02
9.214577078819274902e-02
5.784013867378234863e-02
4.248983860015869141e-01
9.572175741195678711e-01
4.396111965179443359e-01
9.430545568466186523e-01
6.325893849134445190e-02
7.666378747671842575e-03
2.435572631657123566e-02
9.103059768676757812e-01
1.859370768070220947e-01
7.223716378211975098e-01
6.253204345703125000e-01
2.963809370994567871e-01
7.185459136962890625e-02
2.343919128179550171e-01
7.057363390922546387e-01
9.262438416481018066e-01
2.201892249286174774e-02
4.790559783577919006e-02
9.327967762947082520e-01
2.492975145578384399e-01
2.564608305692672729e-02
2.707422077655792236e-01
1.055149286985397339e-01
2.439488917589187622e-01
1.449655592441558838e-01
3.592083454132080078e-01
3.585131093859672546e-02
2.960358560085296631e-01
1.427392810583114624e-01
5.347958952188491821e-02
3.557116091251373291e-01
5.752672553062438965e-01
2.087588310241699219e-01
1.384732574224472046e-01
4.779163002967834473e-02
1.681082844734191895e-01
3.602957129478454590e-01
1.683092415332794189e-01
1.167275309562683105e-01
1.484346240758895874e-01
2.410661429166793823e-01
9.580188989639282227e-01
3.854426369071006775e-02
2.333618551492691040e-01
1.102256923913955688e-01
6.052228808403015137e-01
4.107328951358795166e-01
2.319691330194473267e-02
4.935123324394226074e-01
9.348262548446655273e-01
1.314964443445205688e-01
2.055406421422958374e-01
2.743428759276866913e-02
1.279749870300292969e-01
1.864922791719436646e-01
4.187282025814056396e-01
9.072875231504440308e-02
2.454121708869934082e-01
9.313595890998840332e-01
7.437289357185363770e-01
6.126078963279724121e-01
2.307420223951339722e-01
1.204237416386604309e-01
5.263065695762634277e-01
1.106249541044235229e-01
7.705356460064649582e-03
9.428496956825256348e-01
4.902398586273193359e-01
9.010303616523742676e-01
7.165607213973999023e-01
1.207774430513381958e-01
5.017324686050415039e-01
2.031126618385314941e-01
1.689333021640777588e-01
1.970748007297515869e-01
4.159300401806831360e-02
8.129218965768814087e-02
6.279991269111633301e-01
2.027649879455566406e-01
8.982553482055664062e-01
7.178638577461242676e-01
5.873799920082092285e-01
4.724095389246940613e-02
8.537272810935974121e-01
8.467518687248229980e-01
1.285114139318466187e-01
9.298238158226013184e-01
3.761177957057952881e-01
4.888116419315338135e-01
7.292982935905456543e-02
9.115874171257019043e-01
6.357673406600952148e-01
5.402113124728202820e-02
9.281789064407348633e-01
3.204404115676879883e-01
8.936405181884765625e-01
1.005139425396919250e-01
2.948657870292663574e-01
1.867293566465377808e-01
2.830547094345092773e-01
5.534922480583190918e-01
9.270156025886535645e-01
1.940317153930664062e-01
3.320415914058685303e-01
1.678387634456157684e-02
9.029310941696166992e-01
1.192210391163825989e-01
2.399045228958129883e-02
8.558139801025390625e-01
8.466511964797973633e-01
3.638035356998443604e-01
7.485256344079971313e-02
4.191344082355499268e-01
3.743191957473754883e-01
7.842730283737182617e-01
2.592271864414215088e-01
9.411265254020690918e-01
1.945625245571136475e-02
3.097667396068572998e-01
1.861729286611080170e-02
1.138159111142158508e-01
1.137563958764076233e-01
5.896179676055908203e-01
2.314639687538146973e-01
2.847636938095092773e-01
4.142964482307434082e-01
1.334477365016937256e-01
4.621461927890777588e-01
8.968550562858581543e-01
1.716592311859130859e-01
5.466398000717163086e-01
5.523308366537094116e-02
3.502190709114074707e-01
8.736793398857116699e-01
6.384085416793823242e-01
1.991517841815948486e-01
2.497659176588058472e-01
1.189236491918563843e-01
2.033996880054473877e-01
1.114005073904991150e-01
3.150658607482910156e-01
9.589099884033203125e-01
1.765594333410263062e-01
6.792211532592773438e-01
1.539960801601409912e-01
6.139411330223083496e-01
1.301775574684143066e-01
9.649531543254852295e-02
1.356405671685934067e-02
4.345776885747909546e-02
3.736391961574554443e-01
9.043051004409790039e-01
6.155359148979187012e-01
1.239964216947555542e-01
1.297597438097000122e-01
5.731415748596191406e-01
9.487082958221435547e-01
7.443740367889404297e-01
1.244430467486381531e-01
2.650915384292602539e-01
8.417994976043701172e-01
6.087605357170104980e-01
8.656771183013916016e-01
1.072576940059661865e-01
9.091813564300537109e-01
8.635544776916503906e-01
6.827487945556640625e-01
9.272849559783935547e-01
4.805127978324890137e-01
2.147634699940681458e-02
5.632069110870361328e-01
2.434061169624328613e-01
7.130039334297180176e-01
1.394087821245193481e-01
8.138833045959472656e-01
3.143963515758514404e-01
1.293380260467529297e-01
6.774782538414001465e-01
3.097833693027496338e-01
8.742701411247253418e-01
5.658659711480140686e-02
2.035075128078460693e-01
7.956142425537109375e-01
3.857756555080413818e-01
2.631655335426330566e-01
1.378499716520309448e-01
5.925775766372680664e-01
7.140309810638427734e-01
4.934536814689636230e-01
7.693321257829666138e-02
5.633501335978507996e-02
1.766898632049560547e-01
2.348595671355724335e-02
5.228867009282112122e-02
1.860244125127792358e-01
7.023658752441406250e-01
8.096638321876525879e-02
2.215704694390296936e-02
6.919280290603637695e-01
5.384178757667541504e-01
7.570834457874298096e-02
5.450078845024108887e-01
1.114559397101402283e-01
8.406324982643127441e-01
5.239447355270385742e-01
5.002350360155105591e-02
3.030368387699127197e-01
1.377754937857389450e-02
3.692368566989898682e-01
2.048550099134445190e-01
8.546691387891769409e-02
9.501135349273681641e-02
6.215324625372886658e-02
4.779527485370635986e-01
2.010681778192520142e-01
3.374690562486648560e-02
1.522543728351593018e-01
2.389527708292007446e-01
4.945720136165618896e-01
3.934682607650756836e-01
5.466328188776969910e-02
5.808243900537490845e-02
6.153729557991027832e-01
2.504102587699890137e-01
5.381336808204650879e-02
9.623736739158630371e-01
7.002038359642028809e-01
2.058760821819305420e-01
2.283570319414138794e-01
3.057544827461242676e-01
5.523485690355300903e-02
5.835370719432830811e-02
8.015670776367187500e-01
4.535001516342163086e-01
5.219947099685668945e-01
5.219284892082214355e-01
4.875111281871795654e-01
4.995083808898925781e-02
5.765246152877807617e-01
1.422804445028305054e-01
3.529919385910034180e-01
2.694283127784729004e-01
1.134834438562393188e-01
2.861505746841430664e-01
3.636551499366760254e-01
9.619740247726440430e-01
7.180944085121154785e-02
3.379214704036712646e-01
9.233277440071105957e-01
4.929637312889099121e-01
5.555654168128967285e-01
8.157730102539062500e-01
5.069522857666015625e-01
9.842022508382797241e-02
9.271271228790283203e-01
6.687570810317993164e-01
4.236639142036437988e-01
8.734787702560424805e-01
8.697397261857986450e-02
7.427882552146911621e-01
7.634042501449584961e-01
3.771737962961196899e-02
1.318520214408636093e-02
4.537556469440460205e-01
1.742047816514968872e-01
1.617196202278137207e-01
3.539197146892547607e-01
9.570308327674865723e-01
9.471085667610168457e-02
4.252650216221809387e-02
1.927190274000167847e-01
4.761763662099838257e-02
2.135406136512756348e-01
8.324161916971206665e-02
5.119054019451141357e-02
3.712005168199539185e-02
7.678484320640563965e-01
3.532812297344207764e-01
8.238578438758850098e-01
6.669490933418273926e-01
9.210898280143737793e-01
1.790713667869567871e-01
1.128699406981468201e-01
4.025719463825225830e-01
6.739516258239746094e-01
5.284999310970306396e-02
2.558063268661499023e-01
3.606418073177337646e-01
3.747811913490295410e-02
9.474757313728332520e-01
7.135744392871856689e-02
1.711548864841461182e-01
7.172753661870956421e-02
3.311479389667510986e-01
2.391736954450607300e-01
7.081822156906127930e-01
2.216696888208389282e-01
2.162052094936370850e-01
7.720218598842620850e-02
5.714820623397827148e-01
3.123609721660614014e-01
1.246542409062385559e-01
2.842427194118499756e-01
1.870238780975341797e-01
1.573758944869041443e-02
1.590110659599304199e-01
2.020978927612304688e-02
2.236791849136352539e-01
1.101713851094245911e-01
9.311802387237548828e-01
8.750803470611572266e-01
6.160654872655868530e-02
