2.152256108820438385e-02
9.479088187217712402e-01
1.565006673336029053e-01
8.368074297904968262e-01
2.548119723796844482e-01
5.764241889119148254e-02
3.808917105197906494e-01
2.212425619363784790e-01
9.124563336372375488e-01
2.424991875886917114e-02
3.887753784656524658e-01
2.660824954509735107e-01
7.731718420982360840e-01
3.611831068992614746e-01
9.295746684074401855e-02
3.390936255455017090e-01
6.530195474624633789e-01
5.473607778549194336e-01
9.573547840118408203e-01
2.395288199186325073e-01
7.952927350997924805e-01
7.686159014701843262e-01
6.179506704211235046e-02
8.143378421664237976e-03
2.071288675069808960e-01
1.610690914094448090e-02
8.626540303230285645e-01
2.547174692153930664e-01
4.365982413291931152e-01
4.091552793979644775e-01
2.661440670490264893e-01
8.439498953521251678e-03
8.906106948852539062e-01
1.150355562567710876e-01
1.793838143348693848e-01
1.628633737564086914e-01
6.162567734718322754e-01
1.276301443576812744e-01
5.131814479827880859e-01
9.151808619499206543e-01
2.787707448005676270e-01
1.642233580350875854e-01
4.747173562645912170e-02
1.578442305326461792e-01
7.158861309289932251e-02
2.259586751461029053e-01
3.706696331501007080e-01
6.805279850959777832e-01
9.656175971031188965e-03
8.962365984916687012e-01
1.244420111179351807e-01
9.745492599904537201e-03
2.723260521888732910e-01
5.034812092781066895e-01
2.168462127447128296e-01
4.617119953036308289e-02
8.787261247634887695e-01
6.128324940800666809e-02
1.855679601430892944e-02
2.736688852310180664e-01
5.015914440155029297e-01
1.011975705623626709e-01
9.168120473623275757e-02
9.830670058727264404e-02
9.574551135301589966e-02
2.249753922224044800e-01
4.489484801888465881e-02
1.801911741495132446e-01
4.450503885746002197e-01
3.741118907928466797e-01
4.079506173729896545e-02
4.418273270130157471e-01
3.423983156681060791e-01
8.547925204038619995e-02
3.417394161224365234e-01
8.287008106708526611e-02
1.163025852292776108e-02
8.279409259557723999e-03
8.333782106637954712e-02
6.751630455255508423e-02
9.015049338340759277e-01
7.588464617729187012e-01
9.066788554191589355e-01
5.104765892028808594e-01
9.147024154663085938e-01
7.445476651191711426e-01
9.338496625423431396e-02
1.262125223875045776e-01
3.149839341640472412e-01
1.819406747817993164e-01
6.029366254806518555e-01
9.354695677757263184e-02
7.510408014059066772e-02
7.139472961425781250e-01
4.984868764877319336e-01
3.240139484405517578e-01
6.536943912506103516e-01
8.557162880897521973e-01
8.730252087116241455e-02
1.261432170867919922e-01
5.634254217147827148e-01
1.376690268516540527e-01
5.019044280052185059e-01
1.723683476448059082e-01
3.360770642757415771e-01
1.254230737686157227e-01
5.563439428806304932e-02
6.990089416503906250e-01
6.504719257354736328e-01
2.604667842388153076e-01
1.999256461858749390e-01
2.289586141705513000e-02
4.853732138872146606e-02
9.256168007850646973e-01
2.369443774223327637e-01
4.785742610692977905e-02
8.696196079254150391e-01
5.434373766183853149e-02
1.439249515533447266e-01
6.324056982994079590e-01
1.218238193541765213e-02
6.075839325785636902e-02
1.580248326063156128e-01
6.553947925567626953e-01
8.768795728683471680e-01
1.129681468009948730e-01
3.235312551259994507e-02
1.579457074403762817e-01
6.922183930873870850e-02
4.965743049979209900e-02
9.223085045814514160e-01
3.338541388511657715e-01
8.866936564445495605e-01
1.482489854097366333e-01
4.878832399845123291e-01
4.294394254684448242e-01
9.227992892265319824e-01
3.168503642082214355e-01
5.930351614952087402e-01
8.431825041770935059e-02
8.640171885490417480e-01
7.727800607681274414e-01
6.964405775070190430e-01
3.490571975708007812e-01
2.358191609382629395e-01
3.841945901513099670e-02
2.511168420314788818e-01
5.829014182090759277e-01
7.337059378623962402e-01
1.919990926980972290e-01
4.117818176746368408e-02
2.096902281045913696e-01
8.051601052284240723e-02
2.180786877870559692e-01
8.186719566583633423e-02
1.428686529397964478e-01
2.189820855855941772e-01
3.107543289661407471e-01
2.558721601963043213e-01
7.370100021362304688e-01
2.872182726860046387e-01
7.203947305679321289e-01
7.876223325729370117e-02
2.879683375358581543e-01
8.674015998840332031e-01
6.109934449195861816e-01
5.653352737426757812e-01
2.051845192909240723e-01
2.056774199008941650e-01
2.787124514579772949e-01
1.194830834865570068e-01
5.919553712010383606e-02
4.209490716457366943e-01
4.992729425430297852e-01
9.725471585988998413e-02
8.961321711540222168e-01
1.254927515983581543e-01
6.368815153837203979e-02
7.918756604194641113e-01
1.453738659620285034e-01
2.163229137659072876e-01
6.589164584875106812e-02
2.131831347942352295e-01
2.225312143564224243e-01
2.276576757431030273e-01
4.677692800760269165e-02
2.891803383827209473e-01
4.589216113090515137e-01
4.314475953578948975e-01
1.508207470178604126e-01
3.459532558917999268e-02
7.924049496650695801e-01
1.280139386653900146e-01
8.821042180061340332e-01
2.468339353799819946e-01
5.186861753463745117e-01
4.283085465431213379e-02
3.005619645118713379e-01
4.342340826988220215e-01
1.761437021195888519e-02
2.997954003512859344e-02
1.095115318894386292e-01
7.829607129096984863e-01
1.634064167737960815e-01
7.708091735839843750e-01
8.827210068702697754e-01
4.913406074047088623e-01
1.828795969486236572e-01
9.598405361175537109e-01
1.034779921174049377e-01
4.609364271163940430e-01
2.395053952932357788e-02
2.949026823043823242e-01
7.246624827384948730e-01
2.083452939987182617e-01
1.021542586386203766e-02
8.598496317863464355e-01
3.577310740947723389e-01
7.679117918014526367e-01
8.737511187791824341e-02
9.042423963546752930e-01
9.468069076538085938e-01
4.698345363140106201e-01
6.730344891548156738e-02
1.862797439098358154e-01
1.879069060087203979e-01
4.919423460960388184e-01
7.321562170982360840e-01
1.442378945648670197e-02
5.866711735725402832e-01
6.888321638107299805e-01
8.721750974655151367e-01
8.696877956390380859e-02
6.011235117912292480e-01
8.424113392829895020e-01
3.428892791271209717e-01
4.464508593082427979e-01
9.195063710212707520e-01
1.559967398643493652e-01
4.394689500331878662e-01
9.074081182479858398e-01
2.012996822595596313e-01
7.581020593643188477e-01
6.932007521390914917e-02
2.461235672235488892e-01
2.776965796947479248e-01
8.572256565093994141e-02
9.430809617042541504e-01
5.650651827454566956e-02
5.809739828109741211e-01
5.318583175539970398e-02
1.765429079532623291e-01
7.366076111793518066e-02
9.852976351976394653e-02
1.056153401732444763e-01
1.659287512302398682e-01
3.452279269695281982e-01
8.635356426239013672e-01
1.533300280570983887e-01
7.635722756385803223e-01
7.518722116947174072e-02
6.370331048965454102e-01
4.182055294513702393e-01
3.593629598617553711e-02
2.017321288585662842e-01
4.517961740493774414e-01
1.355633884668350220e-01
3.582754433155059814e-01
1.431452482938766479e-01
8.117854595184326172e-01
9.072325825691223145e-01
7.965050339698791504e-01
2.653442621231079102e-01
2.380814701318740845e-01
8.977053761482238770e-01
1.500477790832519531e-01
7.583726048469543457e-01
1.098424270749092102e-01
8.059504628181457520e-01
1.888171136379241943e-01
2.705150246620178223e-01
9.077326655387878418e-01
7.970457524061203003e-02
3.460537195205688477e-01
3.605618476867675781e-01
4.368858635425567627e-01
6.407189369201660156e-02
1.911576837301254272e-01
1.775912046432495117e-01
3.133322894573211670e-01
1.728073209524154663e-01
5.126837491989135742e-01
8.082331418991088867e-01
3.030515313148498535e-01
1.667254567146301270e-01
1.748877391219139099e-02
2.793301455676555634e-02
8.364951014518737793e-01
3.981415331363677979e-01
7.572217285633087158e-02
9.167285561561584473e-01
4.932682216167449951e-01
1.801628619432449341e-01
1.104004383087158203e-01
6.996603310108184814e-02
3.586160764098167419e-02
1.662125587463378906e-01
7.741318941116333008e-01
9.084833264350891113e-01
6.742016673088073730e-01
5.693145990371704102e-01
1.229700967669487000e-01
2.022071331739425659e-01
1.228098422288894653e-01
5.409811735153198242e-01
2.133588641881942749e-01
8.760933876037597656e-01
8.338007926940917969e-01
4.120328649878501892e-02
2.345048487186431885e-01
5.807639956474304199e-01
3.296827077865600586e-01
4.567660987377166748e-01
9.309279918670654297e-01
6.421692371368408203e-01
3.221763074398040771e-01
2.588629126548767090e-01
6.990830413997173309e-03
1.177412550896406174e-02
6.338247656822204590e-02
1.103285998106002808e-01
1.517477035522460938e-01
4.312574565410614014e-01
1.158799603581428528e-01
9.786925464868545532e-02
9.120648503303527832e-01
2.604395747184753418e-01
2.407287433743476868e-02
2.640221416950225830e-01
2.262864708900451660e-01
7.445617765188217163e-02
2.809574604034423828e-01
8.313986063003540039e-01
4.550907313823699951e-01
8.885366916656494141e-01
5.837549921125173569e-03
2.932517528533935547e-01
7.110760807991027832e-01
1.297758370637893677e-01
8.406031727790832520e-01
5.243341252207756042e-02
1.835124753415584564e-02
6.589387357234954834e-02
1.169342398643493652e-01
5.511427521705627441e-01
1.640269905328750610e-01
4.090680480003356934e-01
3.983224555850028992e-02
1.339731663465499878e-01
2.381616234779357910e-01
1.528812944889068604e-01
5.080167055130004883e-01
3.376385867595672607e-01
7.368987053632736206e-02
6.638012528419494629e-01
3.583644032478332520e-01
4.907159209251403809e-01
9.497343897819519043e-01
2.494436651468276978e-01
3.982649147510528564e-01
2.258350104093551636e-01
2.930271625518798828e-02
1.708473265171051025e-01
1.407822817564010620e-01
5.820320919156074524e-02
7.659576088190078735e-02
1.283034235239028931e-01
1.293528079986572266e-01
8.074312210083007812e-01
9.287054091691970825e-02
5.342726036906242371e-02
3.446857258677482605e-02
8.831427097320556641e-01
4.960964620113372803e-01
2.815572023391723633e-01
1.097932010889053345e-01
3.795818388462066650e-01
5.687883496284484863e-02
8.768197149038314819e-02
1.938645243644714355e-01
1.007889024913311005e-02
9.385182708501815796e-02
1.124869361519813538e-01
1.318193227052688599e-01
1.435633003711700439e-01
2.529681660234928131e-03
7.962277531623840332e-01
2.456721216440200806e-01
7.403104901313781738e-01
1.393885165452957153e-01
3.796836435794830322e-01
1.021692305803298950e-01
8.633063435554504395e-01
6.600506901741027832e-01
8.144751191139221191e-01
7.832700610160827637e-01
4.854185879230499268e-01
4.475164413452148438e-01
2.392251193523406982e-01
1.433178037405014038e-01
8.378010988235473633e-02
1.143032684922218323e-02
1.210331767797470093e-01
2.772707641124725342e-01
8.071514368057250977e-01
4.863256216049194336e-02
3.716454207897186279e-01
6.429075002670288086e-01
1.084059327840805054e-01
5.889261886477470398e-02
4.381277412176132202e-02
5.756432414054870605e-01
6.396501660346984863e-01
7.698698900640010834e-03
5.701027065515518188e-02
2.685781717300415039e-01
2.626478672027587891e-02
7.400383800268173218e-02
1.713049113750457764e-01
1.001920402050018311e-01
5.989732593297958374e-02
1.158679500222206116e-01
7.872112393379211426e-01
6.408008337020874023e-01
2.410704642534255981e-01
6.003057956695556641e-02
2.473901808261871338e-01
2.635439671576023102e-02
6.105056405067443848e-01
4.792503416538238525e-01
1.098795458674430847e-01
3.367699310183525085e-02
8.387860655784606934e-02
7.256771922111511230e-01
5.283709242939949036e-02
3.329774737358093262e-01
2.813482657074928284e-02
8.199390769004821777e-01
5.624682456254959106e-02
2.553552016615867615e-02
1.614458709955215454e-01
8.183731436729431152e-01
4.298956990242004395e-01
3.685278072953224182e-02
4.074941202998161316e-02
2.693735361099243164e-01
6.161795929074287415e-02
4.547459259629249573e-02
8.390554040670394897e-02
2.948060035705566406e-01
1.740291863679885864e-01
1.921667903661727905e-01
1.045988947153091431e-01
1.069094240665435791e-01
3.884780779480934143e-02
1.251491159200668335e-01
8.408085107803344727e-01
3.307701051235198975e-01
2.454723604023456573e-02
9.661496877670288086e-01
4.183926284313201904e-01
5.063154101371765137e-01
8.222792297601699829e-02
7.648439407348632812e-01
7.338013052940368652e-01
8.177055045962333679e-03
8.539627194404602051e-01
8.711371421813964844e-01
4.302881062030792236e-01
3.612091764807701111e-03
3.623475432395935059e-01
3.354760110378265381e-01
1.837899386882781982e-01
3.350816965103149414e-01
7.859738916158676147e-02
1.196868792176246643e-01
3.097822070121765137e-01
9.090429544448852539e-02
1.687833815813064575e-01
3.355540335178375244e-01
2.366444841027259827e-02
2.030230462551116943e-01
7.258837670087814331e-02
8.883710503578186035e-01
4.043301939964294434e-01
4.485593140125274658e-01
1.309373974800109863e-01
2.852332293987274170e-01
2.110096365213394165e-01
8.575078099966049194e-02
9.216716885566711426e-01
1.529121398925781250e-01
6.178252696990966797e-01
9.198836684226989746e-01
8.599303662776947021e-02
4.717475920915603638e-02
2.300670146942138672e-01
7.422275096178054810e-02
8.244912624359130859e-01
4.263766109943389893e-02
6.172282621264457703e-02
2.753796279430389404e-01
7.894378900527954102e-01
2.638708651065826416e-01
5.402992367744445801e-01
3.982649147510528564e-01
2.216192632913589478e-01
6.410896182060241699e-01
1.889902800321578979e-01
1.909723579883575439e-01
9.911838918924331665e-02
5.548208355903625488e-01
1.617045253515243530e-01
3.749679625034332275e-01
6.301355957984924316e-01
7.796982675790786743e-02
4.484768211841583252e-01
8.025960326194763184e-01
1.008525937795639038e-01
7.269672155380249023e-01
1.247426494956016541e-01
1.604741364717483521e-01
1.890465617179870605e-01
1.148317232728004456e-01
7.565987110137939453e-01
5.367807745933532715e-01
4.494677856564521790e-02
7.312970757484436035e-01
8.885893821716308594e-01
9.589104652404785156e-01
9.250466823577880859e-01
1.140396017581224442e-02
3.072389960289001465e-01
1.411921828985214233e-01
2.322766035795211792e-01
9.353153109550476074e-01
2.398527115583419800e-01
2.656305134296417236e-01
3.409170508384704590e-01
1.010283902287483215e-01
8.646743297576904297e-01
8.927561342716217041e-03
1.834081672132015228e-02
8.526006340980529785e-01
3.498898819088935852e-02
2.079678773880004883e-01
2.906230688095092773e-01
3.041085898876190186e-01
9.278085231781005859e-01
7.791245821863412857e-03
5.976269766688346863e-02
6.850633770227432251e-02
7.936632037162780762e-01
8.976657390594482422e-01
6.920305080711841583e-03
8.477005958557128906e-01
1.527061872184276581e-02
5.479186177253723145e-01
2.040719538927078247e-01
8.311543464660644531e-01
2.874840199947357178e-01
6.374674290418624878e-02
2.157417237758636475e-01
8.273358345031738281e-01
1.797671988606452942e-02
2.610598132014274597e-02
7.650824189186096191e-01
8.575112558901309967e-03
3.875665366649627686e-02
3.771929144859313965e-01
3.493981957435607910e-01
3.950013592839241028e-02
7.343608736991882324e-01
4.697091877460479736e-01
2.350778132677078247e-01
2.729022689163684845e-02
2.364234924316406250e-01
9.111390113830566406e-01
8.285674452781677246e-01
7.496843338012695312e-01
2.397072762250900269e-01
3.747439384460449219e-01
1.609108746051788330e-01
1.543436050415039062e-01
1.537530273199081421e-01
1.218217685818672180e-01
8.998174220323562622e-02
6.704093813896179199e-01
8.330261111259460449e-01
8.227459788322448730e-01
5.817530304193496704e-02
4.509609639644622803e-01
1.273915171623229980e-01
2.067857831716537476e-01
8.983976840972900391e-01
5.573993921279907227e-01
1.532136052846908569e-01
6.464041024446487427e-02
9.712145477533340454e-02
2.582787536084651947e-02
2.448902577161788940e-01
9.003074169158935547e-01
1.402687579393386841e-01
1.021323818713426590e-02
6.833949685096740723e-02
4.756050705909729004e-01
7.499319314956665039e-01
5.589707195758819580e-02
2.862151563167572021e-01
4.788058698177337646e-01
8.979938626289367676e-01
1.054984256625175476e-01
6.979523599147796631e-02
2.960896193981170654e-01
5.674045681953430176e-01
5.047055482864379883e-01
2.527590282261371613e-02
4.204689860343933105e-01
8.862310647964477539e-01
6.295008063316345215e-01
6.047388911247253418e-01
9.085013717412948608e-02
6.437524408102035522e-02
5.945695638656616211e-01
4.761429131031036377e-01
3.865203559398651123e-01
4.473133683204650879e-01
6.963863968849182129e-01
2.333486638963222504e-02
7.302263379096984863e-02
1.745098643004894257e-02
3.245905637741088867e-01
8.313331753015518188e-02
5.997387226670980453e-03
1.472787410020828247e-01
7.883925437927246094e-01
3.193213045597076416e-01
4.540660083293914795e-01
3.182263970375061035e-01
2.011568993330001831e-01
1.523848026990890503e-01
4.899935796856880188e-02
7.183665037155151367e-01
9.384261369705200195e-01
6.250448990613222122e-03
9.397690892219543457e-01
9.662670493125915527e-01
6.033382415771484375e-01
3.129662573337554932e-01
7.333179712295532227e-01
7.942730188369750977e-02
5.806005001068115234e-01
8.523914813995361328e-01
7.882707715034484863e-01
8.199134469032287598e-01
2.883889153599739075e-02
6.589201092720031738e-02
5.263413116335868835e-02
6.323981285095214844e-01
2.784301042556762695e-01
3.239264190196990967e-01
4.548630416393280029e-01
7.188873291015625000e-01
2.857432365417480469e-01
2.094764858484268188e-01
3.877276778221130371e-01
1.591738611459732056e-01
3.823452889919281006e-01
5.648421645164489746e-01
5.422615408897399902e-01
1.889043487608432770e-02
4.392352998256683350e-01
3.963125869631767273e-02
3.416165709495544434e-01
7.638038396835327148e-01
3.519007936120033264e-02
1.188246011734008789e-01
5.564328655600547791e-02
2.751218974590301514e-01
9.584325551986694336e-01
5.014560818672180176e-01
9.240477681159973145e-01
4.693327099084854126e-02
1.110870018601417542e-02
3.033331967890262604e-02
8.993168473243713379e-01
4.362650811672210693e-01
7.155134677886962891e-01
2.863862812519073486e-01
2.594808042049407959e-01
8.243756741285324097e-02
1.497119367122650146e-01
6.846615076065063477e-01
8.962711691856384277e-01
2.454443834722042084e-02
3.282923623919487000e-02
9.090335369110107422e-01
1.648752242326736450e-01
4.004636034369468689e-02
2.165469974279403687e-01
1.038753241300582886e-01
1.547687202692031860e-01
1.715013235807418823e-01
4.741667807102203369e-01
4.726396873593330383e-02
1.025626882910728455e-01
3.681198880076408386e-02
1.484556049108505249e-01
6.410461664199829102e-01
5.469176173210144043e-01
1.302026361227035522e-01
5.188637599349021912e-02
4.641896858811378479e-02
7.758406549692153931e-02
2.858182489871978760e-01
1.794491261243820190e-01
6.305398792028427124e-02
1.376972440630197525e-02
3.301660418510437012e-01
9.541516304016113281e-01
6.055994890630245209e-03
1.328827738761901855e-01
5.582411959767341614e-02
6.616312265396118164e-01
4.008285999298095703e-01
1.121795736253261566e-02
4.440377354621887207e-01
9.219062924385070801e-01
1.001647040247917175e-01
2.722590267658233643e-01
2.493052743375301361e-02
1.529299318790435791e-01
8.120968192815780640e-02
3.976894319057464600e-01
1.178027316927909851e-01
2.812769412994384766e-01
9.241639971733093262e-01
3.505616486072540283e-01
6.307247877120971680e-01
2.637799680233001709e-01
7.276427745819091797e-02
5.734209418296813965e-01
1.047917827963829041e-01
1.041762996464967728e-02
9.280840158462524414e-01
6.943529248237609863e-01
8.729776144027709961e-01
8.217750191688537598e-01
6.695898622274398804e-02
4.907925724983215332e-01
2.142779529094696045e-01
2.087942063808441162e-01
4.379167854785919189e-01
1.222866028547286987e-02
2.169525623321533203e-02
4.951322674751281738e-01
1.147728711366653442e-01
8.261675834655761719e-01
6.919299960136413574e-01
5.461511611938476562e-01
6.674891710281372070e-02
7.431198954582214355e-01
7.919027805328369141e-01
6.448112428188323975e-02
8.780159950256347656e-01
3.785202503204345703e-01
6.480836272239685059e-01
9.182024747133255005e-02
8.905529379844665527e-01
3.319201767444610596e-01
4.162019491195678711e-02
8.957454562187194824e-01
3.631743788719177246e-01
7.676364779472351074e-01
4.428472369909286499e-02
3.571179509162902832e-01
1.716019064188003540e-01
3.388437628746032715e-01
5.120969414710998535e-01
9.312261343002319336e-01
1.556166857481002808e-01
2.973435819149017334e-01
7.958089932799339294e-03
9.187731146812438965e-01
8.418052643537521362e-02
2.615655958652496338e-02
9.018120765686035156e-01
7.766041755676269531e-01
3.914197385311126709e-01
8.173455297946929932e-02
6.723677515983581543e-01
2.031246125698089600e-01
7.613457441329956055e-01
1.675495952367782593e-01
9.308347105979919434e-01
9.313781745731830597e-03
3.650921881198883057e-01
1.983243413269519806e-02
1.347189247608184814e-01
1.037105172872543335e-01
4.594971239566802979e-01
3.073947429656982422e-01
1.655211746692657471e-01
3.113005757331848145e-01
9.167437255382537842e-02
4.931982755661010742e-01
8.443736433982849121e-01
2.793214619159698486e-01
3.721844851970672607e-01
4.208995774388313293e-02
4.254706799983978271e-01
8.728901743888854980e-01
6.901296377182006836e-01
4.630717635154724121e-02
2.967844903469085693e-01
1.200450509786605835e-01
1.181819513440132141e-01
5.775552988052368164e-02
3.675954639911651611e-01
9.187164902687072754e-01
1.443828791379928589e-01
7.527963519096374512e-01
1.049693152308464050e-01
5.629761815071105957e-01
1.065027266740798950e-01
1.125277876853942871e-01
7.293100655078887939e-02
6.677744537591934204e-02
1.672995984554290771e-01
8.971065282821655273e-01
6.961624026298522949e-01
1.530046314001083374e-01
4.588727653026580811e-02
7.438278794288635254e-01
9.347375631332397461e-01
7.100927829742431641e-01
1.031354367733001709e-01
2.492739260196685791e-01
6.649436354637145996e-01
6.821026802062988281e-01
8.933421373367309570e-01
4.364801570773124695e-03
8.215510249137878418e-01
8.946184515953063965e-01
5.731722712516784668e-01
9.023931622505187988e-01
5.579423308372497559e-01
8.576475083827972412e-03
6.509661078453063965e-01
2.371769696474075317e-01
7.310507297515869141e-01
1.041593030095100403e-01
6.599283814430236816e-01
4.215309023857116699e-01
8.112605661153793335e-02
6.711019873619079590e-01
4.075105190277099609e-01
8.471820950508117676e-01
2.260092087090015411e-02
2.436026185750961304e-01
6.726712584495544434e-01
2.385693490505218506e-01
1.965833604335784912e-01
7.133387774229049683e-02
3.052819967269897461e-01
8.674640655517578125e-01
6.291441917419433594e-01
1.561675313860177994e-02
1.356574743986129761e-01
3.982649147510528564e-01
1.476108841598033905e-02
2.355538308620452881e-01
1.197561547160148621e-01
5.551963448524475098e-01
1.249975562095642090e-01
6.016999017447233200e-03
2.979299128055572510e-01
6.438739299774169922e-01
4.077002033591270447e-02
5.324898958206176758e-01
8.724121749401092529e-02
7.785828113555908203e-01
6.206952333450317383e-01
5.190977826714515686e-02
1.847158521413803101e-01
7.033655419945716858e-03
4.803411066532135010e-01
2.011456936597824097e-01
2.016895264387130737e-01
5.813906341791152954e-02
4.721531271934509277e-02
3.385563790798187256e-01
1.927157193422317505e-01
5.798292160034179688e-02
2.492604106664657593e-01
1.887387931346893311e-01
4.135046005249023438e-01
3.246933519840240479e-01
3.088201209902763367e-02
9.482000768184661865e-02
5.299611091613769531e-01
4.483452737331390381e-01
7.260301709175109863e-02
9.599511623382568359e-01
7.834328413009643555e-01
1.318257600069046021e-01
1.177159473299980164e-01
2.573985159397125244e-01
3.631719201803207397e-02
2.280729822814464569e-02
5.573453903198242188e-01
1.731531769037246704e-01
5.588747262954711914e-01
8.297959566116333008e-01
4.528564512729644775e-01
2.590340189635753632e-02
3.480699360370635986e-01
1.822583973407745361e-01
3.227967321872711182e-01
3.817735314369201660e-01
7.105314731597900391e-02
4.336528182029724121e-01
2.431989014148712158e-01
9.608321189880371094e-01
5.341673642396926880e-02
3.254482150077819824e-01
8.688943982124328613e-01
3.517517447471618652e-01
3.471976518630981445e-01
8.612694740295410156e-01
5.152028203010559082e-01
2.476302683353424072e-01
8.670060038566589355e-01
4.827071726322174072e-01
2.784261405467987061e-01
8.731237649917602539e-01
1.347812265157699585e-01
7.053328752517700195e-01
5.742329955101013184e-01
5.347406119108200073e-02
5.728217773139476776e-03
5.671014785766601562e-01
2.032248526811599731e-01
2.213398739695549011e-02
2.021726667881011963e-01
9.538535475730895996e-01
8.017878979444503784e-02
2.044009789824485779e-02
1.630119383335113525e-01
1.829160377383232117e-02
1.828518211841583252e-01
7.950763404369354248e-02
1.084950752556324005e-02
6.077625975012779236e-02
4.050360023975372314e-01
3.225261867046356201e-01
7.113345861434936523e-01
3.421989083290100098e-01
9.170950651168823242e-01
1.619800180196762085e-01
9.377882629632949829e-02
5.559571385383605957e-01
8.020175099372863770e-01
6.094429641962051392e-02
3.943412303924560547e-01
3.044515550136566162e-01
1.975909620523452759e-02
9.335619807243347168e-01
3.068777322769165039e-01
1.220268383622169495e-01
1.098566316068172455e-02
2.005481421947479248e-01
2.513745129108428955e-01
6.953046917915344238e-01
2.288606762886047363e-01
2.224172204732894897e-01
3.761450573801994324e-02
5.339951515197753906e-01
1.753230541944503784e-01
6.796901673078536987e-02
2.747459113597869873e-01
2.655845582485198975e-01
1.266204100102186203e-02
1.095096841454505920e-01
3.352826461195945740e-02
4.252021014690399170e-01
2.696651965379714966e-02
9.090872406959533691e-01
8.738932609558105469e-01
7.561930269002914429e-02
