1.404600404202938080e-02
9.790812730789184570e-01
7.994587719440460205e-02
6.899758577346801758e-01
3.212748467922210693e-01
4.012495279312133789e-02
6.101033687591552734e-01
1.310913860797882080e-01
8.594791889190673828e-01
4.539148882031440735e-02
4.069873392581939697e-01
7.593150436878204346e-02
4.179047048091888428e-01
5.485044121742248535e-01
4.514266178011894226e-02
1.441020518541336060e-01
3.362860977649688721e-01
6.349563002586364746e-01
9.436160326004028320e-01
7.807229459285736084e-02
6.261153221130371094e-01
6.929576992988586426e-01
3.146971017122268677e-02
1.585300080478191376e-02
2.023013979196548462e-01
2.608390152454376221e-02
7.990596294403076172e-01
1.306456327438354492e-01
2.003746479749679565e-01
1.209135949611663818e-01
1.109597682952880859e-01
1.043342240154743195e-02
7.646177411079406738e-01
6.361729651689529419e-02
1.421100348234176636e-01
8.655679970979690552e-02
2.182316482067108154e-01
5.937385559082031250e-02
5.181602239608764648e-01
8.671083450317382812e-01
1.326724886894226074e-01
7.429689913988113403e-02
4.084842279553413391e-02
2.227727770805358887e-01
3.480167314410209656e-02
9.100598096847534180e-02
2.627283036708831787e-01
9.381837397813796997e-02
6.495817098766565323e-03
7.867729663848876953e-01
6.934961676597595215e-02
1.801182888448238373e-02
2.016288936138153076e-01
2.141414135694503784e-01
1.039089709520339966e-01
3.926886990666389465e-02
7.666562199592590332e-01
1.560285538434982300e-01
1.831609569489955902e-02
2.658673822879791260e-01
4.765083789825439453e-01
8.861812949180603027e-02
5.435640737414360046e-02
7.018757611513137817e-02
3.721012920141220093e-02
1.486085355281829834e-01
2.653448283672332764e-02
3.098785579204559326e-01
3.111918568611145020e-01
1.090288385748863220e-01
4.170427471399307251e-02
6.803255081176757812e-01
2.462500333786010742e-01
5.658626556396484375e-02
1.322711408138275146e-01
8.888330310583114624e-02
1.534101273864507675e-02
8.310168981552124023e-03
1.279096156358718872e-01
5.344389006495475769e-02
8.651775121688842773e-01
7.672880291938781738e-01
9.173802733421325684e-01
4.107452034950256348e-01
9.281758069992065430e-01
3.822850883007049561e-01
7.294969260692596436e-02
9.781171381473541260e-02
3.729353845119476318e-01
3.566201627254486084e-01
7.552705407142639160e-01
9.052986651659011841e-02
8.129830658435821533e-02
4.278596639633178711e-01
4.650097191333770752e-01
1.823140829801559448e-01
4.641402959823608398e-01
8.702523708343505859e-01
7.599373906850814819e-02
7.290130108594894409e-02
4.646248817443847656e-01
1.217074617743492126e-01
4.456914365291595459e-01
8.710821717977523804e-02
2.370441108942031860e-01
4.805119708180427551e-02
3.221161663532257080e-02
5.777908563613891602e-01
4.802748262882232666e-01
1.528681069612503052e-01
1.076266840100288391e-01
3.265146538615226746e-02
4.269865527749061584e-02
9.158436059951782227e-01
2.516486048698425293e-01
2.366117201745510101e-02
9.020575284957885742e-01
3.145273029804229736e-02
1.250359714031219482e-01
5.391545295715332031e-01
4.694119561463594437e-03
1.036285012960433960e-01
1.138982474803924561e-01
7.923697829246520996e-01
9.043534398078918457e-01
4.548237845301628113e-02
5.938015505671501160e-02
1.135823130607604980e-01
3.966123610734939575e-02
9.489132463932037354e-02
9.289792180061340332e-01
7.243549823760986328e-01
8.956292867660522461e-01
2.171803414821624756e-01
3.145622313022613525e-01
3.868960738182067871e-01
9.100613594055175781e-01
2.509569227695465088e-01
4.514175653457641602e-01
5.381610244512557983e-02
7.307839989662170410e-01
7.609663605690002441e-01
5.992689132690429688e-01
2.488124072551727295e-01
2.441575229167938232e-01
2.871342003345489502e-02
2.414811253547668457e-01
7.348943948745727539e-01
6.766610145568847656e-01
1.125868931412696838e-01
3.154037147760391235e-02
9.551707655191421509e-02
4.187654331326484680e-02
1.210934594273567200e-01
8.667152374982833862e-02
6.601139903068542480e-02
1.172705739736557007e-01
2.704256474971771240e-01
7.767518609762191772e-02
7.313542366027832031e-01
3.672509193420410156e-01
6.405685544013977051e-01
1.026023477315902710e-01
1.182653158903121948e-01
8.246225118637084961e-01
3.716977536678314209e-01
3.485916554927825928e-01
9.912557154893875122e-02
6.541207432746887207e-02
2.154259234666824341e-01
4.890396818518638611e-02
3.728881850838661194e-02
5.586722493171691895e-01
3.716661036014556885e-01
9.048675000667572021e-02
8.512575626373291016e-01
3.833564743399620056e-02
4.504428058862686157e-02
6.830435395240783691e-01
8.721078187227249146e-02
1.040737926959991455e-01
5.080450698733329773e-02
7.400050014257431030e-02
1.898509562015533447e-01
1.612938195466995239e-02
1.053599789738655090e-01
1.203615963459014893e-01
4.272633194923400879e-01
2.027219086885452271e-01
5.841981619596481323e-02
2.184831164777278900e-02
5.899406671524047852e-01
2.094494923949241638e-02
7.683516144752502441e-01
1.946495771408081055e-01
4.831087887287139893e-01
3.000876121222972870e-02
1.385301649570465088e-01
4.413645267486572266e-01
1.698511093854904175e-02
2.227493748068809509e-02
8.173936605453491211e-02
7.691116333007812500e-01
1.378444433212280273e-01
8.352882862091064453e-01
8.358866572380065918e-01
6.063104271888732910e-01
3.996552526950836182e-02
9.537310004234313965e-01
9.688546508550643921e-02
2.972600460052490234e-01
3.163947537541389465e-02
1.657354980707168579e-01
5.325500369071960449e-01
2.763513326644897461e-01
1.573502831161022186e-02
8.269673585891723633e-01
4.961739182472229004e-01
6.278336048126220703e-01
4.332739114761352539e-02
8.839510679244995117e-01
9.318292140960693359e-01
7.352367043495178223e-01
4.574507102370262146e-02
7.719977945089340210e-02
1.133848652243614197e-01
6.390301585197448730e-01
6.245507001876831055e-01
4.519054293632507324e-02
5.148884057998657227e-01
4.904638230800628662e-01
8.196124434471130371e-01
8.969353884458541870e-02
6.637551784515380859e-01
8.245870471000671387e-01
3.449348807334899902e-01
4.363811910152435303e-01
9.073563814163208008e-01
1.081761196255683899e-01
3.981631398200988770e-01
8.033843636512756348e-01
3.189290687441825867e-02
6.918713450431823730e-01
8.264698833227157593e-02
1.601640284061431885e-01
2.644689381122589111e-01
7.942581176757812500e-02
9.062802791595458984e-01
4.317447915673255920e-02
6.071283817291259766e-01
1.596003621816635132e-01
1.902042515575885773e-02
9.094680845737457275e-02
6.224479153752326965e-02
1.810304969549179077e-01
1.801958829164505005e-01
1.026420742273330688e-01
6.768155694007873535e-01
5.258568376302719116e-02
7.023251652717590332e-01
8.014080673456192017e-02
5.537875890731811523e-01
2.959920465946197510e-01
1.870680786669254303e-02
2.566419541835784912e-01
2.280549705028533936e-01
1.631574481725692749e-01
3.811143040657043457e-01
7.705404609441757202e-02
6.031057834625244141e-01
8.435211777687072754e-01
6.524905562400817871e-01
3.601448237895965576e-01
9.280175715684890747e-02
8.823357820510864258e-01
3.589231893420219421e-02
8.224875926971435547e-01
1.079996228218078613e-01
8.676200509071350098e-01
4.489104449748992920e-02
1.093902289867401123e-01
8.576033115386962891e-01
1.911277696490287781e-02
3.552291989326477051e-01
2.163083851337432861e-01
1.405359953641891479e-01
6.482809036970138550e-02
4.239431396126747131e-02
1.006529927253723145e-01
1.118564456701278687e-01
1.130756437778472900e-01
2.690486609935760498e-01
6.672331690788269043e-01
1.955682784318923950e-01
4.119796678423881531e-02
1.436820253729820251e-02
2.993617206811904907e-02
6.360675692558288574e-01
5.223109126091003418e-01
5.766311660408973694e-02
8.843490481376647949e-01
5.876736044883728027e-01
1.345878690481185913e-01
1.109476163983345032e-01
2.920565567910671234e-02
3.321090340614318848e-02
8.577284216880798340e-02
6.069166064262390137e-01
9.043709635734558105e-01
4.785063564777374268e-01
4.322105944156646729e-01
7.486845552921295166e-02
7.826140522956848145e-02
8.286252617835998535e-02
4.751283824443817139e-01
4.612292945384979248e-01
8.904207944869995117e-01
5.583817958831787109e-01
1.838090419769287109e-01
2.073008380830287933e-02
5.013379454612731934e-01
1.996169835329055786e-01
1.981211751699447632e-01
8.831270337104797363e-01
4.811747968196868896e-01
4.649937450885772705e-01
1.278768181800842285e-01
1.532128825783729553e-02
2.150006406009197235e-02
9.805628657341003418e-02
2.053169906139373779e-02
3.244393691420555115e-02
5.721026062965393066e-01
7.005307823419570923e-02
2.407953701913356781e-02
8.527486920356750488e-01
7.524558901786804199e-02
1.475489046424627304e-02
1.272281259298324585e-01
1.678413748741149902e-01
3.508938103914260864e-02
2.944764792919158936e-01
4.351230561733245850e-01
1.908840984106063843e-01
9.149780869483947754e-01
1.075614150613546371e-02
2.300788611173629761e-01
3.446848690509796143e-01
5.108154565095901489e-02
8.200070261955261230e-01
2.552185766398906708e-02
1.533331349492073059e-02
2.398265711963176727e-02
6.038683652877807617e-02
3.800031840801239014e-01
1.852454803884029388e-02
4.344584941864013672e-01
1.349439173936843872e-01
5.863603577017784119e-02
2.221219241619110107e-01
8.299297094345092773e-02
5.172843933105468750e-01
2.261040806770324707e-01
8.065569400787353516e-02
7.999220490455627441e-01
1.687430590391159058e-01
1.134037151932716370e-01
9.495842456817626953e-01
1.662552803754806519e-01
6.795832514762878418e-02
1.592018455266952515e-01
3.756175190210342407e-02
1.883354336023330688e-01
1.015526503324508667e-01
5.397767201066017151e-02
7.643499225378036499e-02
7.974610477685928345e-02
1.300839036703109741e-01
8.207720518112182617e-01
1.600518673658370972e-01
6.144944205880165100e-02
1.778328791260719299e-02
9.310542345046997070e-01
5.602256059646606445e-01
2.034215480089187622e-01
3.039067387580871582e-01
4.577867090702056885e-01
1.248156949877738953e-01
5.820775777101516724e-02
2.384826689958572388e-01
1.008658111095428467e-02
1.416851878166198730e-01
4.685810580849647522e-02
1.099744439125061035e-01
2.331417948007583618e-01
2.857817569747567177e-03
7.151092290878295898e-01
1.301130354404449463e-01
7.997292280197143555e-01
1.759836822748184204e-01
9.372339397668838501e-02
8.149786293506622314e-02
7.783957719802856445e-01
5.608387589454650879e-01
7.139936089515686035e-01
6.946544051170349121e-01
2.829746603965759277e-01
2.853761017322540283e-01
1.672148555517196655e-01
1.147038191556930542e-01
5.166464298963546753e-02
2.097423188388347626e-02
2.090176381170749664e-02
9.958771616220474243e-02
6.999716162681579590e-01
2.259352430701255798e-02
1.928491592407226562e-01
3.931548073887825012e-02
1.144355088472366333e-01
4.180561378598213196e-02
6.673996150493621826e-02
6.524338126182556152e-01
8.993928432464599609e-01
2.053555101156234741e-02
3.944500535726547241e-02
2.396710962057113647e-01
2.342688292264938354e-02
2.457241155207157135e-02
6.112161278724670410e-02
1.133043244481086731e-01
1.420564204454421997e-01
1.610674411058425903e-01
7.372219562530517578e-01
5.092296600341796875e-01
1.822052597999572754e-01
5.030370131134986877e-02
9.174865484237670898e-02
1.049823127686977386e-02
5.273557305335998535e-01
4.829023182392120361e-01
1.336373686790466309e-01
4.452187567949295044e-02
4.275769367814064026e-02
6.707818508148193359e-01
7.509344816207885742e-02
1.811032891273498535e-01
1.697700843214988708e-02
7.447978258132934570e-01
1.021313592791557312e-01
1.499987486749887466e-02
1.181405931711196899e-01
8.055965900421142578e-01
5.445176362991333008e-01
3.047915920615196228e-02
4.814724996685981750e-02
2.052789330482482910e-01
2.203654199838638306e-01
1.807079091668128967e-02
7.579105347394943237e-02
1.177071332931518555e-01
1.832701116800308228e-01
1.324061006307601929e-01
4.666460305452346802e-02
9.235014766454696655e-02
3.472859039902687073e-02
9.577973932027816772e-02
8.602770566940307617e-01
3.808160424232482910e-01
3.461339697241783142e-02
9.700180292129516602e-01
1.121616959571838379e-01
3.704545199871063232e-01
3.782202303409576416e-02
6.703161001205444336e-01
6.381207704544067383e-01
1.707023009657859802e-02
8.079757094383239746e-01
8.977944254875183105e-01
4.691187441349029541e-01
2.466869074851274490e-03
2.792524397373199463e-01
2.677331566810607910e-01
1.774017810821533203e-01
6.063368916511535645e-01
5.476300045847892761e-02
1.598672419786453247e-01
2.773338854312896729e-01
6.885913014411926270e-02
3.976817429065704346e-01
4.136007428169250488e-01
1.744706928730010986e-02
4.827593564987182617e-01
4.455704241991043091e-02
9.170998930931091309e-01
5.567127466201782227e-01
6.140796542167663574e-01
7.850349694490432739e-02
2.804803550243377686e-01
7.896398752927780151e-02
7.394335418939590454e-02
8.998802304267883301e-01
1.063427925109863281e-01
7.472961544990539551e-01
9.071884155273437500e-01
7.193096727132797241e-02
3.655235841870307922e-02
1.912088245153427124e-01
4.892100393772125244e-02
8.529253005981445312e-01
4.927342012524604797e-02
6.154856830835342407e-02
2.013802379369735718e-01
7.365244030952453613e-01
1.520353406667709351e-01
3.062483370304107666e-01
6.795832514762878418e-02
1.333196014165878296e-01
4.688518345355987549e-01
3.001106344163417816e-02
1.745412498712539673e-01
1.325126439332962036e-01
2.543556094169616699e-01
1.394535005092620850e-01
2.818032205104827881e-01
5.130624175071716309e-01
3.514300584793090820e-01
3.261662125587463379e-01
8.340414762496948242e-01
3.839504718780517578e-02
6.093825697898864746e-01
1.356524229049682617e-01
1.842661052942276001e-01
1.277751326560974121e-01
2.597316354513168335e-02
5.280834436416625977e-01
3.317734599113464355e-01
4.486245512962341309e-01
5.904265046119689941e-01
8.379451632499694824e-01
9.145200252532958984e-01
9.038960337638854980e-01
2.135503105819225311e-02
1.445313841104507446e-01
2.073018401861190796e-01
2.440835237503051758e-01
8.657585978507995605e-01
1.733226329088211060e-01
9.632257372140884399e-02
9.897904843091964722e-02
3.722760081291198730e-02
9.290061593055725098e-01
5.546031519770622253e-03
7.040459197014570236e-03
7.853188514709472656e-01
2.547113783657550812e-02
5.343629419803619385e-02
2.643781304359436035e-01
4.265631437301635742e-01
9.196257591247558594e-01
8.395821787416934967e-03
5.220360308885574341e-02
6.630732119083404541e-02
8.199068307876586914e-01
8.789990544319152832e-01
9.979894384741783142e-03
8.264812827110290527e-01
3.971916809678077698e-02
4.914861023426055908e-01
9.764497727155685425e-02
7.623829841613769531e-01
3.043248057365417480e-01
4.894424974918365479e-02
2.076742202043533325e-01
7.175098061561584473e-01
3.467051684856414795e-02
2.852782793343067169e-02
6.339690685272216797e-01
1.315726246684789658e-02
1.084223762154579163e-02
1.895948946475982666e-01
5.290939211845397949e-01
2.603725343942642212e-02
5.478909611701965332e-01
2.649284601211547852e-01
1.359042227268218994e-01
2.635947801172733307e-02
4.662036150693893433e-02
8.463191390037536621e-01
7.416297197341918945e-01
7.438752055168151855e-01
1.937513500452041626e-01
1.897800862789154053e-01
9.571232646703720093e-02
2.054525911808013916e-01
6.574100255966186523e-02
4.233231395483016968e-02
2.143334001302719116e-01
5.830469131469726562e-01
6.955617070198059082e-01
7.103973627090454102e-01
5.269973352551460266e-02
1.786376982927322388e-01
1.306783854961395264e-01
1.173158138990402222e-01
8.966785669326782227e-01
3.679886460304260254e-01
1.637247949838638306e-01
5.292187258601188660e-02
2.566954307258129120e-02
1.202186383306980133e-02
3.269040584564208984e-01
8.653668165206909180e-01
1.709715127944946289e-01
1.596063375473022461e-02
6.044068560004234314e-02
3.282371163368225098e-01
6.883298754692077637e-01
5.465144664049148560e-02
2.086421549320220947e-01
1.098221465945243835e-01
7.711849212646484375e-01
6.882547587156295776e-02
3.928371891379356384e-02
1.572703272104263306e-01
4.804623723030090332e-01
1.964596062898635864e-01
1.196903456002473831e-02
3.175072073936462402e-01
8.618649244308471680e-01
8.194150328636169434e-01
2.765506207942962646e-01
1.292741298675537109e-02
5.419455468654632568e-02
7.180138826370239258e-01
2.331351637840270996e-01
4.534193575382232666e-01
4.871639311313629150e-01
6.173280477523803711e-01
7.622801512479782104e-02
2.469910308718681335e-02
1.053801737725734711e-02
4.036426842212677002e-01
2.093507647514343262e-01
1.261312048882246017e-02
1.794577836990356445e-01
6.279984712600708008e-01
2.603423595428466797e-01
4.535377919673919678e-01
3.125950694084167480e-01
9.475108981132507324e-02
3.575942292809486389e-02
8.187826722860336304e-02
5.907801389694213867e-01
8.685628771781921387e-01
1.155981142073869705e-02
9.173315167427062988e-01
9.566067457199096680e-01
7.105910181999206543e-01
3.794074356555938721e-01
5.334123373031616211e-01
6.309887021780014038e-02
5.015427470207214355e-01
6.538105607032775879e-01
7.246760129928588867e-01
7.478138804435729980e-01
6.724753230810165405e-02
2.561674080789089203e-02
4.747677594423294067e-02
5.879629254341125488e-01
5.950737372040748596e-02
4.452984929084777832e-01
3.958784043788909912e-01
5.463470220565795898e-01
2.082147449254989624e-01
3.116276860237121582e-01
4.090559184551239014e-01
1.146837249398231506e-01
2.190763503313064575e-01
7.897219061851501465e-01
4.755137264728546143e-01
2.261761389672756195e-02
5.339133739471435547e-01
2.605903893709182739e-02
1.079039424657821655e-01
7.740414738655090332e-01
1.008847579360008240e-01
8.805130422115325928e-02
3.712782636284828186e-02
1.939510107040405273e-01
9.554828405380249023e-01
3.939407169818878174e-01
8.719298839569091797e-01
1.826313696801662445e-02
1.040333975106477737e-02
3.839081525802612305e-02
8.742849826812744141e-01
2.076880782842636108e-01
4.418722987174987793e-01
1.729430258274078369e-01
2.300688922405242920e-01
1.647295616567134857e-02
8.608131855726242065e-02
5.126327872276306152e-01
8.498787879943847656e-01
1.507169287651777267e-02
5.795311555266380310e-02
9.182223081588745117e-01
1.094269528985023499e-01
3.348346799612045288e-02
3.085785806179046631e-01
1.246297657489776611e-01
1.084872558712959290e-01
2.816774547100067139e-01
2.129498720169067383e-01
2.005942352116107941e-02
1.536188572645187378e-01
5.303923413157463074e-02
1.782895624637603760e-02
5.718855857849121094e-01
4.842962622642517090e-01
6.401864439249038696e-02
5.467412248253822327e-02
5.564559251070022583e-02
7.843187451362609863e-02
1.517361253499984741e-01
8.190537244081497192e-02
7.148350030183792114e-02
2.209688909351825714e-02
1.638551056385040283e-01
9.499140381813049316e-01
1.757325045764446259e-02
8.801548182964324951e-02
1.255186200141906738e-01
4.305848181247711182e-01
3.298215866088867188e-01
8.110208436846733093e-03
2.523734569549560547e-01
9.112464785575866699e-01
1.157141849398612976e-01
4.466731846332550049e-02
1.861490495502948761e-02
5.086326599121093750e-02
2.232521325349807739e-01
5.866025090217590332e-01
2.030686736106872559e-01
7.197299599647521973e-02
9.248942732810974121e-01
5.053151845932006836e-01
6.296821236610412598e-01
1.994758099317550659e-01
8.832959830760955811e-02
6.839820742607116699e-01
9.938915073871612549e-02
9.069635532796382904e-03
9.501878619194030762e-01
7.558730244636535645e-01
6.948680281639099121e-01
6.511815786361694336e-01
4.456564784049987793e-02
5.791485905647277832e-01
1.528562456369400024e-01
1.038033515214920044e-01
3.469458818435668945e-01
2.646434307098388672e-02
1.274611651897430420e-01
4.328354895114898682e-01
4.612650349736213684e-02
7.920003533363342285e-01
4.403901100158691406e-01
2.160244286060333252e-01
5.279819667339324951e-02
7.291593551635742188e-01
6.941839456558227539e-01
1.286129355430603027e-01
8.843389749526977539e-01
4.110738933086395264e-01
2.930735051631927490e-01
3.005653619766235352e-02
7.953832149505615234e-01
4.697295725345611572e-01
9.231094270944595337e-02
8.818958997726440430e-01
1.750548332929611206e-01
8.128159046173095703e-01
5.068628489971160889e-02
1.247494667768478394e-01
2.243604212999343872e-01
3.011625409126281738e-01
5.618568658828735352e-01
8.830300569534301758e-01
1.211392208933830261e-01
1.657673716545104980e-01
1.095172762870788574e-02
8.712734580039978027e-01
7.943026721477508545e-02
1.398924086242914200e-02
7.139903306961059570e-01
8.354475498199462891e-01
5.765383839607238770e-01
7.918561249971389771e-02
2.955034673213958740e-01
1.278214901685714722e-01
9.145959019660949707e-01
8.462598174810409546e-02
9.323108792304992676e-01
1.114050392061471939e-02
2.200664728879928589e-01
2.865120209753513336e-02
1.148221194744110107e-01
7.621226459741592407e-02
4.260717630386352539e-01
2.162705361843109131e-01
2.521807551383972168e-01
3.363373875617980957e-01
1.831204295158386230e-01
4.556410014629364014e-01
8.649805188179016113e-01
5.352617800235748291e-02
4.654150903224945068e-01
1.589263975620269775e-01
4.377941489219665527e-01
8.663400411605834961e-01
8.132258653640747070e-01
1.113766506314277649e-01
1.407548189163208008e-01
4.068460315465927124e-02
1.829580217599868774e-01
1.909096688032150269e-01
1.414995938539505005e-01
8.973455429077148438e-01
1.648989319801330566e-01
6.882143616676330566e-01
1.881932914257049561e-01
5.006492733955383301e-01
1.600278913974761963e-01
1.104239970445632935e-01
1.403949409723281860e-02
4.205263406038284302e-02
1.512916237115859985e-01
8.259294033050537109e-01
7.476482987403869629e-01
8.602193742990493774e-02
2.752097696065902710e-02
5.855960249900817871e-01
9.211608171463012695e-01
7.762407064437866211e-01
7.683160156011581421e-02
1.486149579286575317e-01
5.524968504905700684e-01
7.328120470046997070e-01
7.455170154571533203e-01
3.968006372451782227e-02
7.958955168724060059e-01
8.550707101821899414e-01
6.110147237777709961e-01
8.353415727615356445e-01
4.333100020885467529e-01
1.225183065980672836e-02
4.696714282035827637e-01
2.099035680294036865e-01
6.510888338088989258e-01
1.705592274665832520e-01
7.755957841873168945e-01
2.414772361516952515e-01
6.605408340692520142e-02
5.531886219978332520e-01
3.433437347412109375e-01
7.816739082336425781e-01
2.068765275180339813e-02
1.330070346593856812e-01
6.464582681655883789e-01
2.751692235469818115e-01
4.173474311828613281e-01
1.227248236536979675e-01
3.094179034233093262e-01
8.585828542709350586e-01
7.870839238166809082e-01
2.134746499359607697e-02
2.897072955965995789e-02
6.795832514762878418e-02
8.334860205650329590e-03
6.489393115043640137e-02
7.707932591438293457e-02
6.907973885536193848e-01
2.093119174242019653e-02
1.188639178872108459e-02
5.472053289413452148e-01
3.835935592651367188e-01
2.057420462369918823e-02
5.072765350341796875e-01
6.942883878946304321e-02
7.048454880714416504e-01
4.847572445869445801e-01
5.655489861965179443e-02
1.688100397586822510e-01
1.000984199345111847e-02
3.416274189949035645e-01
9.302889555692672729e-02
4.780315235257148743e-02
9.309839457273483276e-02
4.254096746444702148e-02
6.353329420089721680e-01
9.180263429880142212e-02
4.895673319697380066e-02
1.047694385051727295e-01
1.666958481073379517e-01
4.640527963638305664e-01
4.881252348423004150e-01
2.987905777990818024e-02
6.131146475672721863e-02
5.598769187927246094e-01
2.303319424390792847e-01
3.623908758163452148e-02
9.302051067352294922e-01
7.358029484748840332e-01
9.552867710590362549e-02
8.669811487197875977e-02
1.488393545150756836e-01
6.132393330335617065e-02
5.334575101733207703e-02
4.984197020530700684e-01
2.996118068695068359e-01
3.688547313213348389e-01
4.950143992900848389e-01
7.001746892929077148e-01
7.646153680980205536e-03
1.817731708288192749e-01
1.335126310586929321e-01
1.211673840880393982e-01
2.822800278663635254e-01
6.548793613910675049e-02
3.568746447563171387e-01
1.453854888677597046e-01
9.417641758918762207e-01
5.480493977665901184e-02
1.357333362102508545e-01
8.937433362007141113e-01
2.978571057319641113e-01
3.407635390758514404e-01
5.241148471832275391e-01
3.814854919910430908e-01
1.196602433919906616e-01
9.272990822792053223e-01
5.989705920219421387e-01
1.562050879001617432e-01
8.542789816856384277e-01
1.753542385995388031e-02
7.542777657508850098e-01
4.425796568393707275e-01
2.209075354039669037e-02
5.122120026499032974e-03
4.827629029750823975e-01
7.202457636594772339e-02
6.516242027282714844e-02
3.222887217998504639e-02
9.201575517654418945e-01
7.179306447505950928e-02
2.088496088981628418e-02
2.125008702278137207e-01
1.751203462481498718e-02
1.970268040895462036e-01
2.960651926696300507e-02
4.963250458240509033e-02
3.055761568248271942e-02
4.535566866397857666e-01
7.063272595405578613e-02
6.687296032905578613e-01
5.704905986785888672e-01
8.929642438888549805e-01
1.080627739429473877e-01
8.542870730161666870e-02
4.396227002143859863e-01
6.869573593139648438e-01
4.527781158685684204e-02
7.340071350336074829e-02
4.728271961212158203e-01
2.904023602604866028e-02
9.233266115188598633e-01
4.286249354481697083e-02
1.512056738138198853e-01
1.618723757565021515e-02
1.384082436561584473e-01
1.335541605949401855e-01
7.787519693374633789e-01
9.747908264398574829e-02
1.972956061363220215e-01
3.639604151248931885e-02
5.116385221481323242e-01
1.070393919944763184e-01
6.535835564136505127e-02
6.543371826410293579e-02
1.706315875053405762e-01
1.042867265641689301e-02
9.984367340803146362e-02
1.420296449214220047e-02
4.123764932155609131e-01
8.194226026535034180e-02
8.664841651916503906e-01
8.824358582496643066e-01
1.244797743856906891e-02
