1.444417890161275864e-02
9.674507975578308105e-01
6.186885386705398560e-02
5.358892679214477539e-01
1.381707340478897095e-01
4.293535649776458740e-02
3.295090496540069580e-01
1.905329674482345581e-01
7.497498393058776855e-01
8.359455317258834839e-02
4.156080484390258789e-01
1.707721650600433350e-01
3.792399168014526367e-01
3.527188003063201904e-01
5.196166411042213440e-02
1.929593831300735474e-01
3.016613721847534180e-01
4.886194467544555664e-01
9.305465221405029297e-01
1.869051903486251831e-01
6.222760081291198730e-01
5.002704858779907227e-01
3.483055531978607178e-02
3.505725041031837463e-02
2.529878914356231689e-01
8.376859873533248901e-02
6.434407830238342285e-01
1.024149432778358459e-01
2.317591011524200439e-01
2.423594444990158081e-01
1.816115379333496094e-01
1.347524020820856094e-02
6.477812528610229492e-01
1.092928126454353333e-01
1.477256715297698975e-01
7.477819174528121948e-02
1.354325711727142334e-01
1.427604556083679199e-01
2.416006922721862793e-01
8.072413802146911621e-01
2.428186386823654175e-01
6.344871968030929565e-02
3.168580681085586548e-02
8.600184321403503418e-02
9.817320853471755981e-02
2.740118503570556641e-01
2.764027714729309082e-01
2.963121235370635986e-01
1.018224656581878662e-02
6.264601945877075195e-01
9.587251394987106323e-02
2.656941302120685577e-02
2.810558080673217773e-01
2.547091543674468994e-01
1.022233515977859497e-01
6.600525975227355957e-02
6.715500354766845703e-01
9.505395591259002686e-02
3.826350718736648560e-02
1.455093175172805786e-01
5.507687330245971680e-01
1.872762143611907959e-01
4.120272397994995117e-02
5.673144757747650146e-02
2.661184035241603851e-02
1.136271134018898010e-01
3.562727570533752441e-02
7.880566269159317017e-02
4.806181788444519043e-01
2.849996089935302734e-01
5.609127879142761230e-02
4.065586626529693604e-01
3.944666087627410889e-01
7.146323472261428833e-02
1.708638221025466919e-01
5.991470441222190857e-02
1.416163705289363861e-02
1.098026614636182785e-02
1.082873642444610596e-01
4.800108447670936584e-02
8.186479210853576660e-01
2.383998483419418335e-01
7.929171323776245117e-01
3.752603828907012939e-01
8.874696493148803711e-01
3.394113183021545410e-01
5.559934303164482117e-02
9.525087475776672363e-02
3.904959857463836670e-01
1.366062015295028687e-01
5.959288477897644043e-01
7.246752083301544189e-02
5.363871902227401733e-02
3.692147135734558105e-01
3.359816372394561768e-01
1.517657935619354248e-01
3.720249831676483154e-01
8.987792730331420898e-01
4.376848787069320679e-02
7.486780732870101929e-02
3.240502476692199707e-01
1.345310658216476440e-01
4.347297251224517822e-01
8.626245707273483276e-02
2.042116373777389526e-01
6.907150894403457642e-02
5.707789584994316101e-02
3.393753170967102051e-01
2.944240868091583252e-01
1.759433746337890625e-01
2.047956734895706177e-01
3.866171091794967651e-02
4.272794350981712341e-02
8.302760720252990723e-01
2.635312676429748535e-01
4.634266346693038940e-02
7.637093663215637207e-01
5.010359361767768860e-02
1.116664186120033264e-01
5.051401853561401367e-01
8.501566015183925629e-03
9.320948272943496704e-02
1.091772392392158508e-01
5.765335559844970703e-01
8.661324381828308105e-01
5.761332437396049500e-02
3.883282840251922607e-02
2.251691967248916626e-01
3.777054697275161743e-02
5.302371457219123840e-02
7.244758605957031250e-01
6.181465089321136475e-02
8.366908431053161621e-01
2.477539032697677612e-01
5.181965827941894531e-01
2.574121356010437012e-01
8.579728603363037109e-01
2.619587779045104980e-01
5.064751505851745605e-01
5.591430142521858215e-02
5.089085102081298828e-01
5.603021383285522461e-01
3.647384643554687500e-01
1.847492456436157227e-01
2.579039633274078369e-01
4.235494509339332581e-02
2.210233211517333984e-01
6.479926705360412598e-01
3.809199333190917969e-01
1.537803262472152710e-01
2.658703550696372986e-02
1.246567890048027039e-01
4.842086508870124817e-02
1.286522597074508667e-01
7.447066903114318848e-02
1.394454687833786011e-01
1.441258639097213745e-01
1.131635829806327820e-01
2.665862739086151123e-01
5.486324429512023926e-01
2.483893781900405884e-01
5.661817789077758789e-01
9.152891486883163452e-02
1.367991864681243896e-01
6.491210460662841797e-01
4.302586317062377930e-01
3.452682793140411377e-01
1.650843471288681030e-01
1.153645887970924377e-01
2.325569391250610352e-01
4.884555935859680176e-02
2.880957163870334625e-02
4.647375643253326416e-01
3.977317512035369873e-01
7.391130179166793823e-02
7.389938831329345703e-01
1.053273081779479980e-01
5.995268002152442932e-02
5.939450860023498535e-01
1.634474694728851318e-01
1.910455375909805298e-01
6.305833905935287476e-02
1.403219550848007202e-01
1.598570197820663452e-01
1.557919476181268692e-02
1.213965713977813721e-01
2.330891489982604980e-01
4.790010154247283936e-01
3.481814563274383545e-01
7.298057526350021362e-02
2.398066222667694092e-02
3.926761150360107422e-01
1.514715887606143951e-02
6.700668334960937500e-01
2.324259579181671143e-01
4.290046691894531250e-01
2.848579175770282745e-02
2.218481898307800293e-01
3.382259309291839600e-01
2.992851659655570984e-02
2.164427377283573151e-02
1.198866888880729675e-01
6.696554422378540039e-01
1.513146907091140747e-01
6.909128427505493164e-01
8.536142706871032715e-01
3.172758221626281738e-01
6.357616186141967773e-02
9.350042939186096191e-01
1.468990892171859741e-01
2.397802323102951050e-01
2.500210143625736237e-02
2.785725295543670654e-01
5.170138478279113770e-01
2.668619155883789062e-01
2.443026006221771240e-02
7.708203792572021484e-01
2.913500964641571045e-01
6.364249587059020996e-01
9.271392971277236938e-02
8.402749896049499512e-01
9.114778041839599609e-01
3.525115847587585449e-01
7.243811339139938354e-02
8.360206335783004761e-02
8.278153836727142334e-02
3.694457113742828369e-01
4.597501158714294434e-01
4.136112704873085022e-02
4.394971430301666260e-01
5.299335122108459473e-01
7.981008291244506836e-01
5.883479118347167969e-02
5.445730686187744141e-01
8.263088464736938477e-01
2.705480456352233887e-01
3.890573680400848389e-01
8.251905441284179688e-01
1.819499284029006958e-01
3.508874475955963135e-01
7.579616308212280273e-01
3.583242371678352356e-02
5.222836732864379883e-01
6.502976268529891968e-02
2.163470983505249023e-01
2.927688956260681152e-01
1.176110580563545227e-01
8.609662652015686035e-01
5.853562429547309875e-02
5.225182771682739258e-01
2.198516875505447388e-01
4.734562337398529053e-02
1.089051216840744019e-01
7.040169090032577515e-02
6.131941452622413635e-02
1.765864789485931396e-01
2.503491938114166260e-01
5.796323418617248535e-01
8.308576792478561401e-02
4.169749319553375244e-01
7.221697270870208740e-02
5.056317448616027832e-01
2.485409229993820190e-01
2.010672725737094879e-02
2.503269016742706299e-01
3.173843622207641602e-01
8.056307584047317505e-02
1.672114580869674683e-01
1.108470410108566284e-01
5.260741114616394043e-01
8.357051610946655273e-01
4.965375065803527832e-01
2.367174625396728516e-01
1.655595749616622925e-01
6.259813308715820312e-01
1.049402803182601929e-01
6.777904033660888672e-01
7.720771431922912598e-02
7.767827510833740234e-01
6.904908269643783569e-02
1.194597482681274414e-01
7.621515393257141113e-01
6.407973170280456543e-02
3.134435415267944336e-01
2.819931805133819580e-01
2.368570864200592041e-01
3.534622490406036377e-02
1.236006766557693481e-01
1.347970068454742432e-01
1.559237688779830933e-01
1.625370532274246216e-01
2.988573014736175537e-01
6.249399781227111816e-01
3.121391832828521729e-01
7.892797887325286865e-02
2.204157412052154541e-02
5.577247217297554016e-02
6.086843609809875488e-01
2.555228769779205322e-01
3.191188722848892212e-02
8.507957458496093750e-01
2.814292609691619873e-01
1.105703413486480713e-01
7.894654572010040283e-02
7.573308795690536499e-02
2.291561104357242584e-02
1.110448911786079407e-01
5.037305951118469238e-01
7.790149450302124023e-01
4.275363981723785400e-01
3.372954428195953369e-01
1.199205145239830017e-01
7.687406241893768311e-02
1.010074317455291748e-01
5.128617882728576660e-01
2.960994541645050049e-01
8.436193466186523438e-01
5.216676592826843262e-01
2.576830387115478516e-01
7.061920315027236938e-02
4.820971488952636719e-01
4.010523855686187744e-01
2.116322219371795654e-01
8.581666946411132812e-01
6.867905259132385254e-01
1.976581364870071411e-01
1.743763387203216553e-01
2.116678282618522644e-02
7.682593911886215210e-02
9.647090733051300049e-02
2.650600299239158630e-02
3.246448561549186707e-02
3.260149061679840088e-01
9.213048964738845825e-02
3.948278352618217468e-02
7.688759565353393555e-01
1.899203211069107056e-01
1.408491376787424088e-02
2.347508072853088379e-01
8.429624140262603760e-02
5.846513807773590088e-02
4.622942209243774414e-01
5.485960245132446289e-01
3.820487558841705322e-01
7.771603465080261230e-01
1.385415345430374146e-02
2.881539762020111084e-01
3.116984069347381592e-01
9.910409897565841675e-02
8.070967197418212891e-01
4.836788401007652283e-02
9.768200106918811798e-03
3.113602846860885620e-02
6.327082216739654541e-02
4.117951393127441406e-01
7.531259953975677490e-02
3.243972659111022949e-01
8.588686585426330566e-02
1.718706637620925903e-01
1.433675736188888550e-01
1.316032260656356812e-01
4.176993370056152344e-01
1.620915085077285767e-01
1.059104353189468384e-01
6.833051443099975586e-01
2.457738071680068970e-01
1.750926375389099121e-01
9.356871247291564941e-01
1.080358177423477173e-01
1.054117605090141296e-01
5.124756097793579102e-01
6.856659799814224243e-02
1.442754715681076050e-01
1.159948483109474182e-01
6.752275675535202026e-02
6.469023227691650391e-02
1.054621189832687378e-01
6.244387477636337280e-02
8.332023620605468750e-01
1.382623165845870972e-01
6.295394152402877808e-02
3.380142524838447571e-02
9.075309634208679199e-01
4.299279153347015381e-01
2.057738453149795532e-01
1.588769853115081787e-01
2.726025879383087158e-01
1.264950335025787354e-01
7.987999916076660156e-02
2.619639039039611816e-01
1.283530239015817642e-02
4.219143837690353394e-02
7.067263126373291016e-02
8.610910922288894653e-02
1.798807978630065918e-01
1.460102270357310772e-03
4.611530303955078125e-01
9.564910084009170532e-02
4.362798333168029785e-01
1.568350493907928467e-01
1.944065541028976440e-01
7.045429944992065430e-02
7.342368960380554199e-01
5.260059833526611328e-01
5.382260084152221680e-01
7.779707908630371094e-01
3.393925428390502930e-01
1.739479005336761475e-01
1.922837197780609131e-01
7.386364787817001343e-02
6.990292668342590332e-02
2.372658811509609222e-02
1.061500087380409241e-01
2.289230823516845703e-01
7.056300044059753418e-01
2.477934584021568298e-02
2.864242792129516602e-01
2.026385813951492310e-02
1.729080229997634888e-01
6.627757847309112549e-02
9.548837691545486450e-02
3.794133067131042480e-01
8.722964525222778320e-01
3.171981871128082275e-02
6.354146450757980347e-02
3.034461140632629395e-01
2.453453652560710907e-02
2.239621989428997040e-02
2.567969560623168945e-01
9.942294657230377197e-02
2.328825891017913818e-01
1.978112757205963135e-01
4.683903157711029053e-01
4.721906781196594238e-01
2.075246125459671021e-01
5.834684520959854126e-02
1.440424323081970215e-01
2.585549466311931610e-02
3.786963820457458496e-01
2.662885189056396484e-01
2.029681652784347534e-01
3.856215998530387878e-02
5.868092551827430725e-02
4.599759578704833984e-01
7.689709216356277466e-02
2.306218594312667847e-01
3.434189781546592712e-02
6.613815426826477051e-01
6.721838563680648804e-02
2.243951521813869476e-02
1.775416433811187744e-01
5.957343578338623047e-01
6.256234049797058105e-01
3.457162901759147644e-02
2.617159672081470490e-02
3.613723218441009521e-01
1.816650629043579102e-01
3.031766228377819061e-02
6.498646736145019531e-02
1.430047452449798584e-01
1.163416355848312378e-01
1.280515938997268677e-01
6.490520387887954712e-02
1.639261394739151001e-01
2.210542745888233185e-02
6.573975831270217896e-02
6.686195731163024902e-01
1.897349655628204346e-01
4.601960256695747375e-02
9.218344688415527344e-01
1.358660608530044556e-01
2.985157668590545654e-01
6.629023700952529907e-02
5.737328529357910156e-01
5.148158669471740723e-01
3.406772762537002563e-02
6.178057193756103516e-01
8.350991010665893555e-01
1.921902596950531006e-01
6.846066098660230637e-03
2.911005616188049316e-01
3.631792366504669189e-01
1.911209523677825928e-01
3.666215837001800537e-01
4.087397828698158264e-02
1.240910887718200684e-01
2.033811807632446289e-01
7.469181716442108154e-02
5.004296079277992249e-02
3.255084156990051270e-01
2.397601306438446045e-02
9.611159563064575195e-02
4.932736977934837341e-02
7.843607664108276367e-01
3.598269820213317871e-01
3.807526230812072754e-01
1.050095036625862122e-01
2.376853972673416138e-01
9.188605844974517822e-02
6.947407871484756470e-02
8.323156237602233887e-01
8.908365666866302490e-02
2.402117401361465454e-01
8.734562397003173828e-01
8.157714456319808960e-02
4.072631523013114929e-02
2.195832729339599609e-01
1.010416671633720398e-01
7.376617193222045898e-01
5.878380686044692993e-02
4.518551379442214966e-02
1.421172618865966797e-01
5.766201615333557129e-01
1.572054773569107056e-01
2.715271711349487305e-01
1.054117605090141296e-01
2.080134451389312744e-01
3.580321967601776123e-01
1.414070278406143188e-01
1.091527193784713745e-01
9.131842106580734253e-02
2.296729534864425659e-01
8.481298387050628662e-02
2.371992915868759155e-01
4.064159095287322998e-01
6.343360245227813721e-02
2.468067854642868042e-01
7.914155125617980957e-01
4.959153011441230774e-02
5.556836128234863281e-01
1.084853708744049072e-01
1.257341951131820679e-01
1.979609727859497070e-01
5.589530244469642639e-02
4.301764965057373047e-01
4.493011534214019775e-01
1.217022761702537537e-01
2.631789147853851318e-01
7.317839860916137695e-01
9.049611687660217285e-01
8.879414796829223633e-01
2.990941517055034637e-02
1.274645328521728516e-01
1.490285247564315796e-01
4.969923794269561768e-01
8.621808886528015137e-01
1.856841892004013062e-01
2.069951742887496948e-01
1.738646775484085083e-01
7.784492522478103638e-02
8.414045572280883789e-01
9.174700826406478882e-03
5.157974734902381897e-02
6.181603074073791504e-01
2.596132829785346985e-02
5.503235757350921631e-02
1.936739087104797363e-01
3.209007680416107178e-01
8.968502283096313477e-01
1.210022065788507462e-02
6.892450898885726929e-02
5.838885903358459473e-02
6.977356672286987305e-01
6.848021745681762695e-01
1.235235482454299927e-02
6.759999990463256836e-01
5.931149423122406006e-02
3.910526335239410400e-01
2.242411822080612183e-01
6.063992977142333984e-01
1.649994403123855591e-01
3.696936368942260742e-02
1.487856954336166382e-01
6.878660917282104492e-01
3.833704441785812378e-02
1.853559538722038269e-02
4.150587618350982666e-01
5.842170491814613342e-02
2.700392529368400574e-02
3.084147572517395020e-01
3.843536674976348877e-01
2.573713846504688263e-02
4.067467451095581055e-01
2.748802006244659424e-01
1.020692437887191772e-01
2.042098902165889740e-02
1.228285878896713257e-01
8.270147442817687988e-01
6.467466950416564941e-01
5.389634370803833008e-01
1.477803736925125122e-01
2.416764795780181885e-01
2.125043123960494995e-01
2.095687538385391235e-01
7.984113693237304688e-02
7.260743528604507446e-02
6.334088742733001709e-02
4.262955784797668457e-01
6.092007756233215332e-01
5.053464770317077637e-01
5.657317116856575012e-02
2.925155758857727051e-01
1.135147958993911743e-01
1.241014674305915833e-01
7.721576690673828125e-01
3.533757627010345459e-01
8.979514986276626587e-02
5.161805078387260437e-02
4.661672562360763550e-02
1.013067457824945450e-02
2.228932082653045654e-01
8.568821549415588379e-01
1.168021634221076965e-01
2.113868482410907745e-02
1.236007064580917358e-01
2.108349502086639404e-01
6.073802709579467773e-01
5.277785658836364746e-02
2.621392905712127686e-01
2.695277929306030273e-01
6.315968036651611328e-01
6.251866370439529419e-02
4.768928885459899902e-02
2.414230257272720337e-01
3.784948885440826416e-01
1.951682269573211670e-01
1.697157323360443115e-02
3.970208466053009033e-01
8.459216952323913574e-01
6.148271560668945312e-01
2.455456107854843140e-01
1.824910007417201996e-02
4.607305303215980530e-02
3.737184405326843262e-01
2.905178964138031006e-01
3.816327452659606934e-01
4.121569693088531494e-01
5.320661664009094238e-01
9.577467292547225952e-02
4.911664873361587524e-02
1.248874142765998840e-02
3.020014166831970215e-01
1.469060033559799194e-01
2.296139858663082123e-02
1.852930337190628052e-01
5.950844287872314453e-01
2.407858967781066895e-01
5.496339797973632812e-01
1.807470470666885376e-01
1.048331409692764282e-01
5.814690887928009033e-02
7.732405513525009155e-02
6.285965442657470703e-01
8.550767302513122559e-01
1.858432777225971222e-02
8.928427696228027344e-01
9.640476107597351074e-01
3.365878462791442871e-01
3.451909422874450684e-01
4.328214526176452637e-01
6.066089496016502380e-02
4.807398915290832520e-01
5.680561065673828125e-01
6.956663727760314941e-01
7.439016103744506836e-01
8.456256985664367676e-02
1.857300400733947754e-01
7.904005795717239380e-02
5.797476172447204590e-01
6.486925482749938965e-02
2.849220931529998779e-01
4.420242905616760254e-01
5.123429894447326660e-01
1.051623299717903137e-01
1.778353899717330933e-01
2.293604761362075806e-01
1.376769244670867920e-01
1.827112287282943726e-01
5.198944807052612305e-01
3.717989325523376465e-01
2.563810721039772034e-02
2.435579150915145874e-01
4.470452666282653809e-02
2.400304228067398071e-01
5.251426100730895996e-01
2.346259728074073792e-02
3.413193300366401672e-02
8.287631720304489136e-02
2.457660585641860962e-01
9.354019761085510254e-01
3.020587265491485596e-01
8.397226929664611816e-01
3.359103202819824219e-02
7.295839954167604446e-03
1.496229413896799088e-02
8.113390207290649414e-01
1.260358691215515137e-01
6.428306102752685547e-01
3.268676102161407471e-01
1.823074072599411011e-01
4.178752005100250244e-02
1.296123713254928589e-01
4.631874859333038330e-01
8.277571797370910645e-01
1.490062940865755081e-02
6.042142584919929504e-02
7.790148258209228516e-01
1.109110265970230103e-01
2.346080727875232697e-02
1.696602851152420044e-01
8.396738767623901367e-02
1.520967036485671997e-01
2.693392038345336914e-01
2.387294769287109375e-01
3.798888623714447021e-02
9.562799334526062012e-02
1.053839847445487976e-01
5.649415776133537292e-02
3.349185287952423096e-01
3.301232159137725830e-01
1.563724279403686523e-01
5.076802894473075867e-02
8.522738516330718994e-02
4.875388368964195251e-02
2.196942418813705444e-01
1.306104809045791626e-01
3.363128304481506348e-01
5.380422249436378479e-02
2.368532866239547729e-01
9.375217556953430176e-01
2.125409618020057678e-02
8.864200860261917114e-02
1.043629646301269531e-01
2.531074583530426025e-01
1.552516371011734009e-01
5.096574127674102783e-02
3.543720841407775879e-01
8.940707445144653320e-01
1.149523630738258362e-01
1.032742112874984741e-01
8.869998157024383545e-02
4.624494537711143494e-02
1.201371476054191589e-01
3.651716113090515137e-01
1.535301208496093750e-01
1.495277136564254761e-01
8.564647436141967773e-01
1.888327747583389282e-01
3.554545044898986816e-01
1.100179925560951233e-01
7.275192439556121826e-02
2.519547343254089355e-01
7.850144058465957642e-02
9.300312027335166931e-03
8.831112980842590332e-01
4.509344995021820068e-01
6.713582873344421387e-01
6.399965882301330566e-01
4.239420592784881592e-02
6.582294106483459473e-01
1.405670344829559326e-01
9.449465572834014893e-02
3.317562937736511230e-01
3.231829777359962463e-02
1.131876707077026367e-01
3.062568306922912598e-01
8.551006764173507690e-02
7.043901681900024414e-01
7.451188564300537109e-01
4.972950816154479980e-01
3.130472078919410706e-02
6.260805726051330566e-01
6.770874261856079102e-01
1.521001756191253662e-01
8.152858614921569824e-01
2.524494826793670654e-01
2.965991199016571045e-01
3.877928480505943298e-02
6.162302494049072266e-01
1.878708899021148682e-01
5.269035324454307556e-02
6.642366647720336914e-01
2.169806659221649170e-01
7.610533833503723145e-01
6.039153039455413818e-02
2.972116172313690186e-01
2.990072071552276611e-01
2.666873037815093994e-01
2.077330350875854492e-01
8.384724259376525879e-01
1.296410709619522095e-01
3.598870933055877686e-01
1.049950439482927322e-02
8.459014892578125000e-01
9.200395643711090088e-02
1.307575497776269913e-02
6.730764508247375488e-01
7.248066067695617676e-01
1.936245560646057129e-01
3.082535602152347565e-02
4.111325144767761230e-01
3.329315781593322754e-01
9.281618595123291016e-01
1.513905227184295654e-01
8.780499100685119629e-01
1.539133395999670029e-02
2.586894035339355469e-01
1.928184740245342255e-02
1.057285591959953308e-01
6.267630308866500854e-02
4.879338741302490234e-01
2.205585688352584839e-01
2.392124384641647339e-01
2.979160547256469727e-01
1.076096221804618835e-01
2.902894318103790283e-01
6.994884014129638672e-01
1.265982985496520996e-01
4.176729023456573486e-01
3.182843327522277832e-02
3.735240101814270020e-01
7.698323726654052734e-01
5.670318007469177246e-01
7.218775153160095215e-02
1.633843928575515747e-01
6.501445174217224121e-02
1.559430807828903198e-01
4.128282144665718079e-02
1.165076643228530884e-01
8.804436922073364258e-01
1.150571033358573914e-01
5.136358141899108887e-01
6.979035586118698120e-02
3.317983150482177734e-01
1.061882153153419495e-01
1.902271956205368042e-01
2.640692703425884247e-02
2.595212496817111969e-02
2.285376489162445068e-01
7.664973139762878418e-01
4.086835682392120361e-01
2.607663571834564209e-01
6.040657684206962585e-02
5.192824006080627441e-01
8.940072655677795410e-01
4.508107900619506836e-01
9.611511975526809692e-02
2.188938856124877930e-01
4.152390658855438232e-01
4.313735961914062500e-01
6.497907042503356934e-01
5.678859725594520569e-02
8.296468853950500488e-01
8.621943593025207520e-01
3.242269456386566162e-01
7.869481444358825684e-01
3.133639991283416748e-01
1.918730698525905609e-02
5.122554898262023926e-01
2.107655256986618042e-01
5.404911637306213379e-01
1.304022073745727539e-01
3.383690714836120605e-01
1.956077367067337036e-01
1.172732710838317871e-01
3.419014513492584229e-01
2.302968204021453857e-01
7.559758424758911133e-01
2.641008608043193817e-02
1.252964735031127930e-01
4.949352443218231201e-01
2.104272842407226562e-01
3.109025955200195312e-01
1.041511520743370056e-01
4.753827750682830811e-01
7.458501458168029785e-01
7.261292934417724609e-01
1.212359741330146790e-01
2.990696765482425690e-02
1.054117605090141296e-01
1.289073843508958817e-02
7.486481964588165283e-02
1.178486719727516174e-01
5.184623599052429199e-01
7.728550583124160767e-02
1.578808017075061798e-02
3.537706434726715088e-01
2.472946643829345703e-01
1.510437279939651489e-01
3.129830360412597656e-01
6.674933433532714844e-02
6.957724690437316895e-01
3.271504044532775879e-01
4.189290106296539307e-02
1.934900283813476562e-01
1.094330754131078720e-02
2.497455030679702759e-01
1.145005151629447937e-01
6.014205515384674072e-02
6.693945825099945068e-02
4.084690287709236145e-02
2.741701900959014893e-01
9.037272632122039795e-02
9.549951553344726562e-02
1.400142610073089600e-01
2.307477146387100220e-01
3.860891759395599365e-01
4.650918245315551758e-01
2.543229423463344574e-02
8.524550497531890869e-02
4.920015037059783936e-01
1.806611418724060059e-01
2.777798660099506378e-02
9.253470897674560547e-01
3.265234231948852539e-01
1.197975799441337585e-01
1.196496635675430298e-01
1.813592761754989624e-01
4.189509898424148560e-02
6.241719052195549011e-02
1.765948235988616943e-01
8.668101578950881958e-02
3.667118847370147705e-01
4.197781383991241455e-01
4.097670316696166992e-01
4.335928335785865784e-02
1.642366349697113037e-01
6.406281888484954834e-02
2.090498358011245728e-01
2.848311066627502441e-01
1.064557433128356934e-01
3.607503771781921387e-01
9.935819357633590698e-02
9.480512738227844238e-01
4.777683317661285400e-02
2.152879685163497925e-01
7.660150527954101562e-01
4.475775659084320068e-01
2.771688103675842285e-01
5.334365963935852051e-01
5.050235986709594727e-01
9.410564601421356201e-02
8.777541518211364746e-01
2.917957901954650879e-01
4.767363071441650391e-01
7.903817892074584961e-01
6.752422451972961426e-02
4.999945163726806641e-01
3.251707851886749268e-01
4.775741323828697205e-02
9.520722553133964539e-03
4.473526775836944580e-01
1.023372560739517212e-01
5.779945477843284607e-02
3.101873397827148438e-01
9.240866303443908691e-01
7.718194276094436646e-02
2.638652175664901733e-02
7.585007697343826294e-02
2.645249664783477783e-02
1.946462988853454590e-01
5.857896432280540466e-02
1.119297444820404053e-01
3.126306086778640747e-02
5.907140970230102539e-01
5.777106434106826782e-02
3.929679691791534424e-01
4.013585150241851807e-01
8.040621280670166016e-01
1.195862218737602234e-01
6.730346381664276123e-02
2.814563512802124023e-01
6.195295453071594238e-01
4.612364992499351501e-02
3.655637800693511963e-01
3.469046056270599365e-01
2.254304103553295135e-02
9.000151157379150391e-01
8.198014646768569946e-02
1.743767410516738892e-01
3.126760572195053101e-02
2.523930370807647705e-01
3.339973986148834229e-01
3.668821752071380615e-01
6.756888329982757568e-02
2.095023840665817261e-01
3.116028942167758942e-02
2.211420983076095581e-01
2.678105533123016357e-01
4.166777059435844421e-02
8.598653227090835571e-02
1.478474736213684082e-01
1.285236328840255737e-02
1.181801408529281616e-01
1.931574568152427673e-02
2.498567998409271240e-01
1.464213430881500244e-01
8.464937806129455566e-01
8.802089691162109375e-01
8.619959652423858643e-02
