2.313728816807270050e-02
8.883091211318969727e-01
4.039406478404998779e-01
7.798944115638732910e-01
7.862106710672378540e-02
9.301725029945373535e-02
5.456838607788085938e-01
3.377008736133575439e-01
8.588814735412597656e-01
4.078484699130058289e-02
3.824042677879333496e-01
2.559900283813476562e-01
7.491606473922729492e-01
4.486824274063110352e-01
5.893885716795921326e-02
3.507222831249237061e-01
1.482459753751754761e-01
6.673289537429809570e-01
9.093167781829833984e-01
3.805339336395263672e-01
2.546360790729522705e-01
7.137149572372436523e-01
5.725033581256866455e-02
5.232692882418632507e-02
1.326083987951278687e-01
4.165712371468544006e-02
8.603181838989257812e-01
2.167023718357086182e-01
4.641937017440795898e-01
3.852881789207458496e-01
2.675426304340362549e-01
1.047678012400865555e-02
8.296948075294494629e-01
6.888928264379501343e-02
3.378883004188537598e-01
8.098755776882171631e-02
1.028537228703498840e-01
1.925005018711090088e-01
4.647932052612304688e-01
8.879624605178833008e-01
3.270845413208007812e-01
1.093835756182670593e-01
3.862591832876205444e-02
2.341597229242324829e-01
6.777708977460861206e-02
3.166366219520568848e-01
1.270028501749038696e-01
5.785346031188964844e-01
2.448706701397895813e-02
8.194635510444641113e-01
2.625257670879364014e-01
3.176635876297950745e-02
2.941568791866302490e-01
4.558419585227966309e-01
1.914999783039093018e-01
2.039474844932556152e-01
7.344651818275451660e-01
1.785465627908706665e-01
3.831771388649940491e-02
2.428901046514511108e-01
4.281906783580780029e-01
1.588071584701538086e-01
1.361632049083709717e-01
5.936096236109733582e-02
4.700874537229537964e-02
1.392976045608520508e-01
5.341332033276557922e-02
8.656358718872070312e-02
4.650422930717468262e-01
4.572187960147857666e-01
7.981737703084945679e-02
6.311361193656921387e-01
4.372515380382537842e-01
1.121485307812690735e-01
2.312766611576080322e-01
5.421087518334388733e-02
1.210600137710571289e-02
1.589526608586311340e-02
8.445274084806442261e-02
5.351554974913597107e-02
8.174906969070434570e-01
7.666016221046447754e-01
8.590278625488281250e-01
5.970535874366760254e-01
7.744323611259460449e-01
6.136675477027893066e-01
5.182640999555587769e-02
1.076720058917999268e-01
1.790263950824737549e-01
3.833304047584533691e-01
5.764422416687011719e-01
5.256617069244384766e-02
6.885065138339996338e-02
6.474395990371704102e-01
2.095025926828384399e-01
5.729901790618896484e-01
4.565211832523345947e-01
8.642998337745666504e-01
7.746364176273345947e-02
1.758552193641662598e-01
5.650799274444580078e-01
2.193787395954132080e-01
5.270221233367919922e-01
2.207536250352859497e-01
4.172799885272979736e-01
2.848772108554840088e-01
1.033864691853523254e-01
6.513804197311401367e-01
4.670763313770294189e-01
3.206812441349029541e-01
4.360336363315582275e-01
2.134245820343494415e-02
6.088168546557426453e-02
8.967536091804504395e-01
2.926592230796813965e-01
6.573975831270217896e-02
7.689718008041381836e-01
5.493304505944252014e-02
2.486586570739746094e-01
7.131145000457763672e-01
6.556448992341756821e-03
1.262069642543792725e-01
6.641730666160583496e-02
6.322351098060607910e-01
9.003993868827819824e-01
1.961425095796585083e-01
1.154491826891899109e-01
3.304799497127532959e-01
5.270556733012199402e-02
5.641827732324600220e-02
8.942546844482421875e-01
6.003692746162414551e-01
8.347699046134948730e-01
3.519460260868072510e-01
3.314340114593505859e-01
4.259994924068450928e-01
7.755074501037597656e-01
3.254498839378356934e-01
3.675077557563781738e-01
3.704622387886047363e-02
8.032338619232177734e-01
7.921469211578369141e-01
7.861832976341247559e-01
2.910056412220001221e-01
3.763964176177978516e-01
5.609583109617233276e-02
5.056872367858886719e-01
7.822814583778381348e-01
5.933554172515869141e-01
2.436540722846984863e-01
3.316033259034156799e-02
2.666324675083160400e-01
1.312015205621719360e-01
2.384990751743316650e-01
1.878138333559036255e-01
1.821563541889190674e-01
2.294273674488067627e-01
1.558006703853607178e-01
3.155876994132995605e-01
6.810215115547180176e-01
4.419055283069610596e-01
6.249241232872009277e-01
2.200404703617095947e-01
2.121584564447402954e-01
5.587784647941589355e-01
5.833299756050109863e-01
4.674424827098846436e-01
2.860842049121856689e-01
7.137639075517654419e-02
3.029471039772033691e-01
9.598033875226974487e-02
5.192270874977111816e-02
2.978681623935699463e-01
7.190425395965576172e-01
3.823153302073478699e-02
8.760491609573364258e-01
2.448389083147048950e-01
5.659241601824760437e-02
7.709687352180480957e-01
2.149745523929595947e-01
2.320929020643234253e-01
1.229389607906341553e-01
2.205177992582321167e-01
2.527670264244079590e-01
2.638229429721832275e-01
7.684667408466339111e-02
2.512648701667785645e-01
5.430046319961547852e-01
3.934404253959655762e-01
5.548648238182067871e-01
4.765556007623672485e-02
4.690510332584381104e-01
1.190124526619911194e-01
6.458691358566284180e-01
2.509414553642272949e-01
4.702956974506378174e-01
6.922089308500289917e-02
2.636865675449371338e-01
5.046747326850891113e-01
3.423289582133293152e-02
2.703760378062725067e-02
3.908205330371856689e-01
8.198416829109191895e-01
2.649839520454406738e-01
6.595577597618103027e-01
7.482956051826477051e-01
4.844956994056701660e-01
8.719149976968765259e-02
9.180790185928344727e-01
3.100425899028778076e-01
2.060005515813827515e-01
1.470922231674194336e-01
2.899301946163177490e-01
3.630236387252807617e-01
1.860995143651962280e-01
2.321029454469680786e-02
8.827890157699584961e-01
5.913852453231811523e-01
6.514093279838562012e-01
9.667878597974777222e-02
7.723790407180786133e-01
9.300736784934997559e-01
2.813257873058319092e-01
1.962918937206268311e-01
2.478629946708679199e-01
1.042072325944900513e-01
6.545989513397216797e-01
7.020311355590820312e-01
8.565755933523178101e-02
6.923627257347106934e-01
5.493454933166503906e-01
8.699405789375305176e-01
8.152879029512405396e-02
8.226187825202941895e-01
7.436767220497131348e-01
2.479716688394546509e-01
4.631634950637817383e-01
7.814456224441528320e-01
2.372462004423141479e-01
3.864083290100097656e-01
7.264320254325866699e-01
1.383978426456451416e-01
7.661068439483642578e-01
7.888085395097732544e-02
3.032389283180236816e-01
4.474657475948333740e-01
6.897675246000289917e-02
9.406118392944335938e-01
5.139710754156112671e-02
6.068999171257019043e-01
2.269465774297714233e-01
1.291025876998901367e-01
1.086152195930480957e-01
6.320743262767791748e-02
9.175051003694534302e-02
1.573448181152343750e-01
3.915966749191284180e-01
7.453500032424926758e-01
2.453341335058212280e-01
7.892345190048217773e-01
7.187357544898986816e-02
2.668397128582000732e-01
4.770745635032653809e-01
2.454944886267185211e-02
2.997699677944183350e-01
4.000960886478424072e-01
1.302011460065841675e-01
4.690991938114166260e-01
1.851515322923660278e-01
3.135173320770263672e-01
5.775955319404602051e-01
6.954015493392944336e-01
3.868866562843322754e-01
3.687571287155151367e-01
8.076781034469604492e-01
2.999929189682006836e-01
7.538674473762512207e-01
1.430568248033523560e-01
3.969624042510986328e-01
7.195484638214111328e-02
2.133670002222061157e-01
6.515884995460510254e-01
2.189141511917114258e-01
3.921542763710021973e-01
5.517666935920715332e-01
4.503906965255737305e-01
7.857054471969604492e-02
7.268872857093811035e-02
2.111509144306182861e-01
2.423083335161209106e-01
2.203309237957000732e-01
5.391646027565002441e-01
7.673450112342834473e-01
3.531464040279388428e-01
2.459018677473068237e-01
3.300379216670989990e-02
7.571529597043991089e-02
7.586745023727416992e-01
5.021948218345642090e-01
5.113530531525611877e-02
7.028843760490417480e-01
5.439996719360351562e-01
1.608651429414749146e-01
2.022558003664016724e-01
1.160507425665855408e-01
3.832070901989936829e-02
1.958351433277130127e-01
6.218097805976867676e-01
8.637155890464782715e-01
6.531753540039062500e-01
3.901554346084594727e-01
8.511605113744735718e-02
1.012764647603034973e-01
7.727728039026260376e-02
2.295519113540649414e-01
4.908930361270904541e-01
4.429261386394500732e-01
7.134131193161010742e-01
7.364200800657272339e-02
1.383737176656723022e-01
6.669801473617553711e-01
3.902663290500640869e-01
4.342113137245178223e-01
8.232829570770263672e-01
6.513501405715942383e-01
4.067172706127166748e-01
1.317669898271560669e-01
1.168115586042404175e-01
4.236909747123718262e-02
4.342366382479667664e-02
3.919346258044242859e-02
1.068309396505355835e-01
4.530748426914215088e-01
1.205186918377876282e-01
2.810815274715423584e-01
8.795302510261535645e-01
2.185119688510894775e-01
4.004121571779251099e-02
2.699767947196960449e-01
3.682077527046203613e-01
3.395732864737510681e-02
3.988107740879058838e-01
7.308325767517089844e-01
2.790835499763488770e-01
8.595311641693115234e-01
2.763350494205951691e-02
1.120156198740005493e-01
3.985662460327148438e-01
2.686882615089416504e-01
7.056056261062622070e-01
6.430774182081222534e-02
2.680626325309276581e-02
5.749344825744628906e-02
7.926607131958007812e-02
2.160034924745559692e-01
9.545382112264633179e-02
6.475921273231506348e-01
2.234764099121093750e-01
2.431249469518661499e-01
4.300195574760437012e-01
2.089037746191024780e-01
3.400906324386596680e-01
3.942654728889465332e-01
1.174120903015136719e-01
7.512733936309814453e-01
4.352769255638122559e-01
3.784525394439697266e-01
9.003881812095642090e-01
2.703291475772857666e-01
2.281475067138671875e-01
4.038674831390380859e-01
3.258876129984855652e-02
2.150596529245376587e-01
2.919968664646148682e-01
3.750401362776756287e-02
5.665691196918487549e-02
2.419039309024810791e-01
2.263153940439224243e-01
6.621959209442138672e-01
1.156618222594261169e-01
6.017365306615829468e-02
6.055396050214767456e-02
8.377287983894348145e-01
6.557015776634216309e-01
3.100402951240539551e-01
3.262477815151214600e-01
4.458162188529968262e-01
6.983985751867294312e-02
2.254035025835037231e-01
4.822891652584075928e-01
1.158062089234590530e-02
1.042452007532119751e-01
5.621453374624252319e-02
1.188978925347328186e-01
2.267009019851684570e-01
3.217133879661560059e-02
6.110051274299621582e-01
9.675012528896331787e-02
8.213723897933959961e-01
3.466152250766754150e-01
3.485102057456970215e-01
5.796341225504875183e-02
4.432549178600311279e-01
2.738783359527587891e-01
6.660122275352478027e-01
6.789066195487976074e-01
2.929123044013977051e-01
4.389439523220062256e-01
2.507087886333465576e-01
2.978172898292541504e-01
9.786760807037353516e-02
1.552998647093772888e-02
3.393357992172241211e-01
4.531367123126983643e-01
3.526436984539031982e-01
7.465936243534088135e-02
4.382990002632141113e-01
4.338622987270355225e-01
1.802439689636230469e-01
7.157657295465469360e-02
3.417860344052314758e-02
2.485402971506118774e-01
6.052370071411132812e-01
4.321477934718132019e-02
6.450383365154266357e-02
4.409311413764953613e-01
4.700206965208053589e-02
1.183136999607086182e-01
2.681119441986083984e-01
1.584288775920867920e-01
8.066228032112121582e-02
1.181747093796730042e-01
7.496206164360046387e-01
5.402619838714599609e-01
1.421000212430953979e-01
9.537445008754730225e-02
4.408343136310577393e-01
4.119392856955528259e-02
6.579982638359069824e-01
3.566425740718841553e-01
2.121984362602233887e-01
5.214982107281684875e-02
7.398075610399246216e-02
7.125294804573059082e-01
4.951199889183044434e-02
3.256944417953491211e-01
3.935346379876136780e-02
7.612743377685546875e-01
4.281786829233169556e-02
2.468242309987545013e-02
3.211446702480316162e-01
7.861164212226867676e-01
6.215026974678039551e-01
3.740615397691726685e-02
4.944047331809997559e-02
4.641892015933990479e-01
5.305353999137878418e-01
1.919435560703277588e-01
1.080897524952888489e-01
2.881214022636413574e-01
4.991520047187805176e-01
6.828838586807250977e-02
5.443026497960090637e-02
3.375504910945892334e-01
7.433824986219406128e-02
1.873772740364074707e-01
8.728578090667724609e-01
1.807460486888885498e-01
3.776623308658599854e-02
9.361955523490905762e-01
5.351765751838684082e-01
4.798351824283599854e-01
2.593163587152957916e-02
6.465290188789367676e-01
4.181397557258605957e-01
2.477274090051651001e-02
8.582965731620788574e-01
8.041083812713623047e-01
6.081146001815795898e-01
8.830202743411064148e-03
2.603648304939270020e-01
3.541778028011322021e-01
1.167252138257026672e-01
3.746491968631744385e-01
7.197635620832443237e-02
1.166178956627845764e-01
3.070612251758575439e-01
9.574429690837860107e-02
1.739142388105392456e-01
4.540099799633026123e-01
5.498985946178436279e-02
5.726748704910278320e-01
4.919695854187011719e-02
8.512871861457824707e-01
4.614163339138031006e-01
3.322910070419311523e-01
7.855410128831863403e-02
5.656006932258605957e-01
2.659815549850463867e-01
5.775864794850349426e-02
7.997925281524658203e-01
1.264197826385498047e-01
4.599043726921081543e-01
8.526849746704101562e-01
2.899726927280426025e-01
3.036744520068168640e-02
6.346822381019592285e-01
9.633671492338180542e-02
7.791273593902587891e-01
1.061407327651977539e-01
1.348354518413543701e-01
3.768153488636016846e-01
8.110206723213195801e-01
3.656072318553924561e-01
6.003068685531616211e-01
2.281475067138671875e-01
8.742493391036987305e-02
3.351103961467742920e-01
2.291390895843505859e-01
2.829041182994842529e-01
3.525509834289550781e-01
5.327523946762084961e-01
1.057227104902267456e-01
2.618236541748046875e-01
7.281892299652099609e-01
1.803928017616271973e-01
3.650146126747131348e-01
7.865339517593383789e-01
5.765054374933242798e-02
4.133411347866058350e-01
1.486373096704483032e-01
2.676867842674255371e-01
2.151554673910140991e-01
5.443456023931503296e-02
6.685375571250915527e-01
1.198404729366302490e-01
3.822421133518218994e-01
6.700875759124755859e-01
8.388142585754394531e-01
8.945012688636779785e-01
8.862975835800170898e-01
2.345743961632251740e-02
3.105027675628662109e-01
3.441727757453918457e-01
3.567851781845092773e-01
8.145312666893005371e-01
2.464327365159988403e-01
3.707183003425598145e-01
2.838359177112579346e-01
4.944010078907012939e-02
9.122143983840942383e-01
1.381352730095386505e-02
1.635164916515350342e-01
3.432970941066741943e-01
3.380896151065826416e-02
1.397997438907623291e-01
4.014700055122375488e-01
2.649526894092559814e-01
7.743668556213378906e-01
3.206519037485122681e-02
5.943059176206588745e-02
9.499830007553100586e-02
6.462931632995605469e-01
8.858539462089538574e-01
2.059770189225673676e-02
8.615023493766784668e-01
2.647519856691360474e-02
5.673502683639526367e-01
3.005744218826293945e-01
7.101700901985168457e-01
8.212641626596450806e-02
5.494149401783943176e-02
2.665008902549743652e-01
6.477332711219787598e-01
2.641285583376884460e-02
2.697863988578319550e-02
7.097357511520385742e-01
1.669879071414470673e-02
1.643138378858566284e-01
2.100388705730438232e-01
4.555378854274749756e-01
3.023955784738063812e-02
6.693833470344543457e-01
1.245137378573417664e-01
9.580879658460617065e-02
4.042828455567359924e-02
2.739493250846862793e-01
7.513493895530700684e-01
7.723450660705566406e-01
8.021085262298583984e-01
4.277615845203399658e-01
6.788548231124877930e-01
2.676997780799865723e-01
1.556883454322814941e-01
5.952360853552818298e-02
1.480158716440200806e-01
1.577758193016052246e-01
3.690543472766876221e-01
7.932816147804260254e-01
7.469962239265441895e-01
1.300241202116012573e-01
3.030658662319183350e-01
8.956918865442276001e-02
2.581684589385986328e-01
9.422030448913574219e-01
8.454144001007080078e-02
7.120642811059951782e-02
5.431238189339637756e-02
5.975414440035820007e-02
3.147988766431808472e-02
3.072289824485778809e-01
6.908476352691650391e-01
3.537128865718841553e-01
1.348841935396194458e-02
6.566751003265380859e-02
4.964913129806518555e-01
7.184110283851623535e-01
3.647528588771820068e-02
3.585942685604095459e-01
3.332730531692504883e-01
8.319644927978515625e-01
1.270325928926467896e-01
6.387071311473846436e-02
2.605695426464080811e-01
3.112122118473052979e-01
4.551368355751037598e-01
3.949726372957229614e-02
3.883087635040283203e-01
9.053838849067687988e-01
8.656288385391235352e-01
5.098598599433898926e-01
1.148788407444953918e-01
4.992991313338279724e-02
6.160346269607543945e-01
5.383616089820861816e-01
3.634592592716217041e-01
3.796026408672332764e-01
3.045064806938171387e-01
8.631619811058044434e-02
5.643643066287040710e-02
2.463514357805252075e-02
5.970944762229919434e-01
1.243416219949722290e-01
1.303928531706333160e-02
3.431029915809631348e-01
7.994874119758605957e-01
4.247860908508300781e-01
2.884361147880554199e-01
2.390801459550857544e-01
3.965966999530792236e-01
1.414470970630645752e-01
6.101517379283905029e-02
7.220426797866821289e-01
8.639574050903320312e-01
1.316915452480316162e-02
8.474585413932800293e-01
8.756625056266784668e-01
7.459539771080017090e-01
8.954261243343353271e-02
7.352588772773742676e-01
2.090657651424407959e-01
4.079402685165405273e-01
5.978246927261352539e-01
7.434444427490234375e-01
6.648368239402770996e-01
1.644206196069717407e-01
1.799486279487609863e-01
3.153200745582580566e-01
7.464839816093444824e-01
2.451897114515304565e-01
4.978904128074645996e-01
5.395615100860595703e-01
4.441036581993103027e-01
2.392741739749908447e-01
2.844502925872802734e-01
5.515504479408264160e-01
1.545533984899520874e-01
1.514705121517181396e-01
7.623420357704162598e-01
2.256448268890380859e-01
3.875516355037689209e-02
3.311821222305297852e-01
8.838491886854171753e-02
2.048275172710418701e-01
8.067889213562011719e-01
1.138953566551208496e-01
4.285891354084014893e-02
5.494643002748489380e-02
4.329977035522460938e-01
9.024761915206909180e-01
6.133010387420654297e-01
8.275282979011535645e-01
6.974498182535171509e-02
1.061144098639488220e-02
2.115738205611705780e-02
7.929045557975769043e-01
3.049424290657043457e-01
8.141752481460571289e-01
5.887798666954040527e-01
9.758325666189193726e-02
7.416892051696777344e-02
6.401378661394119263e-02
2.392500489950180054e-01
8.793821930885314941e-01
1.718968339264392853e-02
6.914471089839935303e-02
8.709962964057922363e-01
1.390134543180465698e-01
3.644827380776405334e-02
3.905098736286163330e-01
9.229096770286560059e-02
2.513834834098815918e-01
3.390450477600097656e-01
3.781151771545410156e-01
3.846756741404533386e-02
2.940487563610076904e-01
1.865909621119499207e-02
1.997161507606506348e-01
6.048932075500488281e-01
4.917203783988952637e-01
2.656619250774383545e-01
3.469907119870185852e-02
1.280171275138854980e-01
7.000806182622909546e-02
1.631207168102264404e-01
1.958236843347549438e-01
3.034655451774597168e-01
1.238834038376808167e-01
7.851593196392059326e-02
9.563980102539062500e-01
1.493781432509422302e-02
2.262598127126693726e-01
1.112659424543380737e-01
8.359615206718444824e-01
3.084818124771118164e-01
7.796016335487365723e-02
4.456054270267486572e-01
7.086005806922912598e-01
9.558115154504776001e-02
1.463491767644882202e-01
4.527516290545463562e-02
7.227809727191925049e-02
7.239326834678649902e-02
5.841462016105651855e-01
2.691397070884704590e-01
3.245371878147125244e-01
8.605207800865173340e-01
6.533756256103515625e-01
6.614578962326049805e-01
2.245419323444366455e-01
6.365785747766494751e-02
7.019528150558471680e-01
1.672404855489730835e-01
1.879696175456047058e-02
9.465330243110656738e-01
6.550450921058654785e-01
5.529022216796875000e-01
7.616632580757141113e-01
1.168304681777954102e-01
3.736084401607513428e-01
2.506867349147796631e-01
1.049862727522850037e-01
4.263948798179626465e-01
4.286651685833930969e-02
2.663926221430301666e-02
1.260308176279067993e-01
1.475101709365844727e-01
2.728888690471649170e-01
5.973106026649475098e-01
5.758606791496276855e-01
6.360547989606857300e-02
4.076167643070220947e-01
3.744028508663177490e-01
1.230883970856666565e-01
8.819356560707092285e-01
4.824276268482208252e-01
4.690557420253753662e-01
6.167139485478401184e-02
8.423077464103698730e-01
5.464568734169006348e-01
4.867449775338172913e-02
8.494446277618408203e-01
3.470158278942108154e-01
7.976156473159790039e-01
4.296651110053062439e-02
3.441746830940246582e-01
4.169474840164184570e-01
3.695768415927886963e-01
6.151571273803710938e-01
8.822293281555175781e-01
2.566208839416503906e-01
3.840421736240386963e-01
3.216312080621719360e-02
7.023221254348754883e-01
1.735518276691436768e-01
3.086312860250473022e-02
7.345253825187683105e-01
8.378673195838928223e-01
7.262954115867614746e-01
6.626818329095840454e-02
5.922777652740478516e-01
3.991929292678833008e-01
6.513418555259704590e-01
1.920126229524612427e-01
8.211007714271545410e-01
2.081424929201602936e-02
3.936688005924224854e-01
1.373984385281801224e-02
4.266580641269683838e-01
3.260860219597816467e-02
1.863624602556228638e-01
3.594919443130493164e-01
1.638771295547485352e-01
2.624915242195129395e-01
3.098307847976684570e-01
4.828153550624847412e-01
8.219074606895446777e-01
2.664642930030822754e-01
2.155645489692687988e-01
1.001272499561309814e-01
5.059051513671875000e-01
8.409044742584228516e-01
7.514212131500244141e-01
1.592222601175308228e-01
2.413216829299926758e-01
1.555448621511459351e-01
1.183731257915496826e-01
2.668679058551788330e-01
2.663630843162536621e-01
9.407334923744201660e-01
1.058796867728233337e-01
6.577573418617248535e-01
2.081763595342636108e-01
7.383618354797363281e-01
2.555001378059387207e-01
3.247230648994445801e-01
2.187779732048511505e-02
5.365660786628723145e-02
2.475008517503738403e-01
3.808490931987762451e-01
7.290244102478027344e-01
3.180935978889465332e-01
2.724181488156318665e-02
6.515610218048095703e-01
8.896285295486450195e-01
7.341094613075256348e-01
7.020881772041320801e-02
1.508806645870208740e-01
7.085629701614379883e-01
7.300289869308471680e-01
8.257295489311218262e-01
2.903462015092372894e-02
9.098685979843139648e-01
8.925226330757141113e-01
6.067945361137390137e-01
8.660882115364074707e-01
6.010292172431945801e-01
3.375863283872604370e-02
2.675933837890625000e-01
3.484806716442108154e-01
7.647541165351867676e-01
1.021481528878211975e-01
7.352911829948425293e-01
4.329839646816253662e-01
3.318108022212982178e-01
5.818785429000854492e-01
6.127038598060607910e-01
4.161162078380584717e-01
2.408810891211032867e-02
3.194428682327270508e-01
6.426325440406799316e-01
5.478074550628662109e-01
4.467872679233551025e-01
1.587008088827133179e-01
1.289189755916595459e-01
9.015326499938964844e-01
7.331235408782958984e-01
4.960773512721061707e-02
1.131480485200881958e-01
2.281475067138671875e-01
1.300062611699104309e-02
3.432045876979827881e-01
1.669248640537261963e-01
5.362836122512817383e-01
1.873172521591186523e-01
3.169471770524978638e-02
7.174959778785705566e-01
4.223582744598388672e-01
1.778735220432281494e-01
4.864790737628936768e-01
9.727661311626434326e-02
4.244318604469299316e-01
4.611885249614715576e-01
7.815570384263992310e-02
2.222926914691925049e-01
1.084491889923810959e-02
4.427212476730346680e-01
2.470561563968658447e-01
9.807860106229782104e-02
4.328440874814987183e-02
4.692056402564048767e-02
4.179922640323638916e-01
7.089763134717941284e-02
3.789655119180679321e-02
1.407324224710464478e-01
3.380855023860931396e-01
4.215129315853118896e-01
4.788341820240020752e-01
4.257311671972274780e-02
3.748565167188644409e-02
5.140866637229919434e-01
4.273866415023803711e-01
2.771813049912452698e-02
8.999924063682556152e-01
6.939744949340820312e-01
2.164629548788070679e-01
2.185712754726409912e-01
1.849601566791534424e-01
6.375643610954284668e-02
4.690685123205184937e-02
5.940576195716857910e-01
1.144493743777275085e-01
5.925430059432983398e-01
6.313527226448059082e-01
7.121647000312805176e-01
7.071252167224884033e-02
4.242488145828247070e-01
8.833628147840499878e-02
2.055446505546569824e-01
3.177507221698760986e-01
3.314614593982696533e-01
5.564345717430114746e-01
3.064203262329101562e-01
8.209522962570190430e-01
1.113529056310653687e-01
2.891022562980651855e-01
7.957581877708435059e-01
2.634150981903076172e-01
6.928105354309082031e-01
7.063688039779663086e-01
5.549501180648803711e-01
2.422475218772888184e-01
9.104998111724853516e-01
7.518004179000854492e-01
4.244754314422607422e-01
8.551436066627502441e-01
3.845387399196624756e-01
7.292562723159790039e-01
6.647622585296630859e-01
3.845643252134323120e-02
1.862957701086997986e-02
5.461056828498840332e-01
2.708754241466522217e-01
1.144881844520568848e-01
4.103414118289947510e-01
9.121099710464477539e-01
3.881892934441566467e-02
3.744352236390113831e-02
1.070238053798675537e-01
1.597625575959682465e-02
2.143516242504119873e-01
4.950264841318130493e-02
4.743297025561332703e-02
4.109768196940422058e-02
5.163611173629760742e-01
2.635473608970642090e-01
3.282931149005889893e-01
5.255323052406311035e-01
7.983586788177490234e-01
2.594905495643615723e-01
1.337872445583343506e-01
2.009310722351074219e-01
7.411586046218872070e-01
7.994631677865982056e-02
4.754551947116851807e-01
2.318419665098190308e-01
2.878316491842269897e-02
7.615609169006347656e-01
3.341365158557891846e-01
2.549837231636047363e-01
2.549075148999691010e-02
3.490362167358398438e-01
3.218371868133544922e-01
7.316814661026000977e-01
7.659949362277984619e-02
2.340437173843383789e-01
4.773278161883354187e-02
3.736947774887084961e-01
3.586813211441040039e-01
3.240005075931549072e-01
3.541911542415618896e-01
2.390147000551223755e-01
2.352884784340858459e-02
2.926074564456939697e-01
8.802133798599243164e-02
4.348987936973571777e-01
1.824404299259185791e-01
7.355436682701110840e-01
7.654789686203002930e-01
2.035337984561920166e-01
