1.460746582597494125e-02
9.413412213325500488e-01
1.400871574878692627e-01
8.723387122154235840e-01
2.755841314792633057e-01
7.428038865327835083e-02
5.325071811676025391e-01
2.826381325721740723e-01
9.531325101852416992e-01
7.054357230663299561e-02
4.346559643745422363e-01
2.994362413883209229e-01
8.418670892715454102e-01
4.051421582698822021e-01
1.792335957288742065e-01
3.092580735683441162e-01
5.589824914932250977e-01
4.932952523231506348e-01
9.755995869636535645e-01
4.181998968124389648e-01
8.432756066322326660e-01
7.869308590888977051e-01
5.627960339188575745e-02
3.744308650493621826e-02
4.379506409168243408e-01
3.025819547474384308e-02
9.346604347229003906e-01
1.772459149360656738e-01
3.722314238548278809e-01
3.132226467132568359e-01
1.779799610376358032e-01
1.064346358180046082e-02
9.495992660522460938e-01
6.485728919506072998e-02
1.536707580089569092e-01
1.577426344156265259e-01
3.006798028945922852e-01
1.649555563926696777e-01
3.545707166194915771e-01
9.287017583847045898e-01
2.229139059782028198e-01
1.509796231985092163e-01
2.351505309343338013e-02
2.588565051555633545e-01
6.401801109313964844e-02
2.551264762878417969e-01
3.051295578479766846e-01
6.038123369216918945e-01
1.431742124259471893e-02
8.786711096763610840e-01
1.158356815576553345e-01
1.351684797555208206e-02
2.402526289224624634e-01
4.187940359115600586e-01
2.082885950803756714e-01
1.349650323390960693e-01
8.498578071594238281e-01
2.005687803030014038e-01
3.174061328172683716e-02
1.290537565946578979e-01
4.918842613697052002e-01
1.257305145263671875e-01
7.771608233451843262e-02
6.738618761301040649e-02
9.563919901847839355e-02
1.045502424240112305e-01
3.477450460195541382e-02
1.031438410282135010e-01
5.441076755523681641e-01
3.882072865962982178e-01
5.314373224973678589e-02
8.022357821464538574e-01
4.272595942020416260e-01
1.018344834446907043e-01
2.757553160190582275e-01
6.480052322149276733e-02
3.017626330256462097e-02
1.137173920869827271e-02
1.555335372686386108e-01
3.676559031009674072e-02
9.180686473846435547e-01
8.419864773750305176e-01
9.223992824554443359e-01
5.006039738655090332e-01
9.398404359817504883e-01
5.741515755653381348e-01
8.422622084617614746e-02
1.223934441804885864e-01
5.356921553611755371e-01
3.674089014530181885e-01
6.740788817405700684e-01
9.683516621589660645e-02
9.606279432773590088e-02
5.496618151664733887e-01
7.259453535079956055e-01
5.083097815513610840e-01
5.998010039329528809e-01
9.001581668853759766e-01
1.146671697497367859e-01
1.372828930616378784e-01
4.417907595634460449e-01
1.424100399017333984e-01
6.234940886497497559e-01
2.001753002405166626e-01
4.072374701499938965e-01
3.684219121932983398e-01
9.717365354299545288e-02
5.766018629074096680e-01
5.191364884376525879e-01
2.118560522794723511e-01
1.812244802713394165e-01
3.457617014646530151e-02
5.533405393362045288e-02
9.577865600585937500e-01
2.850891649723052979e-01
5.179810151457786560e-02
9.171678423881530762e-01
5.350950360298156738e-02
2.096751779317855835e-01
6.896861195564270020e-01
6.340657826513051987e-03
1.648630648851394653e-01
6.721689552068710327e-02
7.495504617691040039e-01
9.342234134674072266e-01
1.163109764456748962e-01
1.431833356618881226e-01
2.016237974166870117e-01
5.037806928157806396e-02
3.178838193416595459e-01
9.591298103332519531e-01
3.411982655525207520e-01
9.423332214355468750e-01
3.501810133457183838e-01
5.818607211112976074e-01
4.390894472599029541e-01
9.516886472702026367e-01
2.700284421443939209e-01
6.070187091827392578e-01
8.951936662197113037e-02
9.156934022903442383e-01
8.882200121879577637e-01
6.668245792388916016e-01
2.663167119026184082e-01
4.062881171703338623e-01
4.267998784780502319e-02
3.555746674537658691e-01
7.129017710685729980e-01
7.355787754058837891e-01
1.607489138841629028e-01
1.750434190034866333e-02
1.296268254518508911e-01
8.107282221317291260e-02
2.699743807315826416e-01
1.800698190927505493e-01
1.468396782875061035e-01
1.577539891004562378e-01
2.843475341796875000e-01
2.301622629165649414e-01
7.276203036308288574e-01
3.717766106128692627e-01
5.968959927558898926e-01
1.040787473320960999e-01
1.920013278722763062e-01
8.584875464439392090e-01
4.285428524017333984e-01
2.750853300094604492e-01
2.817341089248657227e-01
1.255227625370025635e-01
3.395586311817169189e-01
8.068007975816726685e-02
3.196323662996292114e-02
5.319470167160034180e-01
6.819454431533813477e-01
1.625202149152755737e-01
9.547817111015319824e-01
9.061934053897857666e-02
7.539330422878265381e-02
9.053368568420410156e-01
1.620098799467086792e-01
1.820608228445053101e-01
7.643132656812667847e-02
1.052705273032188416e-01
1.239883303642272949e-01
7.283428311347961426e-02
1.330471783876419067e-01
1.795973032712936401e-01
4.984816014766693115e-01
3.597355186939239502e-01
3.495145142078399658e-01
3.956197202205657959e-02
6.628662943840026855e-01
6.066514924168586731e-02
8.132934570312500000e-01
2.293285280466079712e-01
5.272284746170043945e-01
6.231552734971046448e-02
1.981431990861892700e-01
5.126672387123107910e-01
1.870296336710453033e-02
2.166132442653179169e-02
3.262636959552764893e-01
8.510588407516479492e-01
1.843790709972381592e-01
7.676339745521545410e-01
9.405907988548278809e-01
6.161362528800964355e-01
5.788356065750122070e-02
9.727645516395568848e-01
2.309435755014419556e-01
3.238310813903808594e-01
5.381926894187927246e-02
2.721010744571685791e-01
6.932284832000732422e-01
3.168130218982696533e-01
2.354950085282325745e-02
9.153334498405456543e-01
4.636572897434234619e-01
7.912027239799499512e-01
1.283033192157745361e-01
9.459602236747741699e-01
9.639826416969299316e-01
6.593635678291320801e-01
5.414048954844474792e-02
1.388886719942092896e-01
8.913464844226837158e-02
6.445686817169189453e-01
7.749364376068115234e-01
1.737952232360839844e-01
7.984907627105712891e-01
7.465065717697143555e-01
9.255028367042541504e-01
1.165062338113784790e-01
8.015275001525878906e-01
9.003050923347473145e-01
3.907610476016998291e-01
4.749467968940734863e-01
9.440853595733642578e-01
1.154845356941223145e-01
4.823722541332244873e-01
9.581559300422668457e-01
7.921180129051208496e-02
7.847365140914916992e-01
6.731780618429183960e-02
2.200743705034255981e-01
2.808524668216705322e-01
1.185363680124282837e-01
9.672411680221557617e-01
6.370390951633453369e-02
7.175869941711425781e-01
2.730803787708282471e-01
5.298831313848495483e-02
1.125549674034118652e-01
7.340843230485916138e-02
1.071473583579063416e-01
2.873781621456146240e-01
3.573856055736541748e-01
8.067758679389953613e-01
1.130064502358436584e-01
9.075657725334167480e-01
1.024357602000236511e-01
5.907485485076904297e-01
4.396958053112030029e-01
2.128156833350658417e-02
9.231442213058471680e-02
4.033688902854919434e-01
1.407474875450134277e-01
3.765197396278381348e-01
1.299900263547897339e-01
7.258914709091186523e-01
9.517957568168640137e-01
7.256908416748046875e-01
2.465156465768814087e-01
2.109764963388442993e-01
8.489256501197814941e-01
1.481030881404876709e-01
7.866114974021911621e-01
8.967962116003036499e-02
8.950160741806030273e-01
9.139633923768997192e-02
1.102145016193389893e-01
9.529983401298522949e-01
1.146735623478889465e-01
3.984829485416412354e-01
5.575476884841918945e-01
3.635082542896270752e-01
5.800281092524528503e-02
1.733223050832748413e-01
3.607493340969085693e-01
1.544502526521682739e-01
1.480843275785446167e-01
4.882246851921081543e-01
8.581315875053405762e-01
1.716848015785217285e-01
1.308529078960418701e-01
2.306456118822097778e-02
1.134621500968933105e-01
9.099590182304382324e-01
5.627808570861816406e-01
6.994003057479858398e-02
9.416050910949707031e-01
5.015594363212585449e-01
1.129372790455818176e-01
1.180329024791717529e-01
9.856113046407699585e-02
3.069759346544742584e-02
1.111616417765617371e-01
7.273458242416381836e-01
9.304423928260803223e-01
7.404234409332275391e-01
4.347265958786010742e-01
1.203197464346885681e-01
1.198840886354446411e-01
1.304790079593658447e-01
6.680887937545776367e-01
2.253354340791702271e-01
9.372804760932922363e-01
6.148017644882202148e-01
1.675542443990707397e-01
2.064861953258514404e-01
5.305222868919372559e-01
2.333556413650512695e-01
5.651742815971374512e-01
9.533307552337646484e-01
5.663892626762390137e-01
3.090171813964843750e-01
1.976875364780426025e-01
2.539981529116630554e-02
8.826264739036560059e-02
1.065397560596466064e-01
4.681877419352531433e-02
6.931878626346588135e-02
5.036058425903320312e-01
1.066620126366615295e-01
9.247828274965286255e-02
9.482206106185913086e-01
2.611489892005920410e-01
2.141458541154861450e-02
2.021641284227371216e-01
1.670525521039962769e-01
2.544998750090599060e-02
4.148507416248321533e-01
7.098302841186523438e-01
4.933438599109649658e-01
9.196724295616149902e-01
1.204593386501073837e-02
3.997870385646820068e-01
3.374717533588409424e-01
1.953195035457611084e-01
8.074210882186889648e-01
4.279387369751930237e-02
1.215912867337465286e-02
3.341422602534294128e-02
9.968030452728271484e-02
5.619806051254272461e-01
8.008708804845809937e-02
6.718208789825439453e-01
2.217885702848434448e-01
1.463799476623535156e-01
2.486640810966491699e-01
1.892905384302139282e-01
5.592997074127197266e-01
2.346382886171340942e-01
1.325049698352813721e-01
7.708979845046997070e-01
2.633881568908691406e-01
3.188493847846984863e-01
9.665021896362304688e-01
2.530099153518676758e-01
1.051850393414497375e-01
4.022367894649505615e-01
3.922135010361671448e-02
2.147421389818191528e-01
1.532623469829559326e-01
4.112520068883895874e-02
4.105714336037635803e-02
1.517324447631835938e-01
1.515700519084930420e-01
9.201447367668151855e-01
1.799927651882171631e-01
7.535488903522491455e-02
2.377947047352790833e-02
9.339732527732849121e-01
6.881316304206848145e-01
2.293200492858886719e-01
1.677895933389663696e-01
4.115696549415588379e-01
2.977629303932189941e-01
1.493575274944305420e-01
4.167323112487792969e-01
9.956412948668003082e-03
1.330238282680511475e-01
6.396309286355972290e-02
1.811263710260391235e-01
2.609827518463134766e-01
1.649360358715057373e-02
7.412665486335754395e-01
3.207462728023529053e-01
7.942689657211303711e-01
2.766092419624328613e-01
2.409552335739135742e-01
1.253713965415954590e-01
9.020490646362304688e-01
6.938479542732238770e-01
8.152092695236206055e-01
6.781806945800781250e-01
5.460197925567626953e-01
4.062018692493438721e-01
2.287292331457138062e-01
1.590322405099868774e-01
6.481362879276275635e-02
1.077246200293302536e-02
1.894993484020233154e-01
4.149619340896606445e-01
8.577368259429931641e-01
3.783667460083961487e-02
3.973119556903839111e-01
1.074134036898612976e-01
2.112993896007537842e-01
1.002383679151535034e-01
5.948883295059204102e-02
6.090509295463562012e-01
8.003451228141784668e-01
4.634808003902435303e-02
1.055090427398681641e-01
3.758698105812072754e-01
2.568611875176429749e-02
5.920514836907386780e-02
1.165027767419815063e-01
1.984794735908508301e-01
1.140930429100990295e-01
1.171540021896362305e-01
8.808752894401550293e-01
6.059859991073608398e-01
1.986850351095199585e-01
7.806074619293212891e-02
2.856583893299102783e-01
2.087035030126571655e-02
6.646853089332580566e-01
4.232215285301208496e-01
1.425798982381820679e-01
6.249529868364334106e-02
6.933695077896118164e-02
7.958822250366210938e-01
8.878196030855178833e-02
2.207970470190048218e-01
4.789016768336296082e-02
9.102996587753295898e-01
1.517036706209182739e-01
9.089163504540920258e-03
1.862039715051651001e-01
8.644406199455261230e-01
5.530816316604614258e-01
3.540860489010810852e-02
5.697197839617729187e-02
4.772827923297882080e-01
2.754752039909362793e-01
8.197810500860214233e-02
1.193226054310798645e-01
2.530709803104400635e-01
8.049014210700988770e-01
1.885603219270706177e-01
4.981771484017372131e-02
2.341730296611785889e-01
5.185435339808464050e-02
1.281319260597229004e-01
9.657859206199645996e-01
2.373489886522293091e-01
1.067351549863815308e-01
9.794504046440124512e-01
1.477620005607604980e-01
4.826922416687011719e-01
1.100706458091735840e-01
7.393338680267333984e-01
6.273959875106811523e-01
2.503899671137332916e-02
8.965634703636169434e-01
8.966346383094787598e-01
4.571205377578735352e-01
5.609201267361640930e-03
4.538275301456451416e-01
2.738416194915771484e-01
2.248519957065582275e-01
5.113870501518249512e-01
4.855646193027496338e-02
1.170384213328361511e-01
2.817339599132537842e-01
8.906108140945434570e-02
1.263859570026397705e-01
5.815871953964233398e-01
2.613464184105396271e-02
4.555336833000183105e-01
6.755281239748001099e-02
9.448193907737731934e-01
6.315914988517761230e-01
5.952591300010681152e-01
3.053850233554840088e-01
2.664948403835296631e-01
1.583236753940582275e-01
9.471175819635391235e-02
9.556257724761962891e-01
9.021142870187759399e-02
7.224293947219848633e-01
9.563178420066833496e-01
1.600670814514160156e-01
5.094524472951889038e-02
4.678824245929718018e-01
5.977380648255348206e-02
8.601484298706054688e-01
5.276431888341903687e-02
7.788758724927902222e-02
2.484299838542938232e-01
7.962410449981689453e-01
2.428470104932785034e-01
6.054495573043823242e-01
1.051850393414497375e-01
2.188326269388198853e-01
5.054271221160888672e-01
1.346201002597808838e-01
1.456639766693115234e-01
2.005833238363265991e-01
5.469430088996887207e-01
2.933505475521087646e-01
3.978551030158996582e-01
6.858727335929870605e-01
1.772655546665191650e-01
4.076386392116546631e-01
9.461039304733276367e-01
6.567423045635223389e-02
7.693433761596679688e-01
1.070160567760467529e-01
1.382846385240554810e-01
2.328332364559173584e-01
8.718057721853256226e-02
7.448135614395141602e-01
7.813118696212768555e-01
4.244697988033294678e-01
7.025024890899658203e-01
8.994584083557128906e-01
9.757949709892272949e-01
9.639906287193298340e-01
2.441588975489139557e-02
2.529585063457489014e-01
2.045737653970718384e-01
1.968158334493637085e-01
9.469675421714782715e-01
2.208442538976669312e-01
2.974727451801300049e-01
2.332356572151184082e-01
5.239051952958106995e-02
9.240679740905761719e-01
7.632011547684669495e-03
8.842120319604873657e-02
8.670760393142700195e-01
2.504384145140647888e-02
1.189810186624526978e-01
3.464417159557342529e-01
6.055673360824584961e-01
9.560456871986389160e-01
3.024398535490036011e-02
4.043104127049446106e-02
2.339016050100326538e-01
8.734232783317565918e-01
8.819406032562255859e-01
1.491102762520313263e-02
9.291912913322448730e-01
5.623725429177284241e-02
5.962215065956115723e-01
2.092516869306564331e-01
7.917416691780090332e-01
2.873733639717102051e-01
4.758340865373611450e-02
2.671911120414733887e-01
7.905622124671936035e-01
5.520468577742576599e-02
3.388956189155578613e-02
7.391045093536376953e-01
2.219820208847522736e-02
7.048767805099487305e-02
3.597213923931121826e-01
5.096557140350341797e-01
2.377001382410526276e-02
6.634293198585510254e-01
4.789389371871948242e-01
2.010204643011093140e-01
1.800330355763435364e-02
1.123267412185668945e-01
9.162527322769165039e-01
8.215754032135009766e-01
8.737773895263671875e-01
2.317666411399841309e-01
2.819724977016448975e-01
1.879316866397857666e-01
2.391004860401153564e-01
8.537776768207550049e-02
7.298068702220916748e-02
8.570759743452072144e-02
6.108047366142272949e-01
7.959072589874267578e-01
7.635703682899475098e-01
1.051141023635864258e-01
3.624831438064575195e-01
1.739378422498703003e-01
2.593499720096588135e-01
9.448505640029907227e-01
3.382681906223297119e-01
1.400364488363265991e-01
4.403271898627281189e-02
7.828761637210845947e-02
2.039414457976818085e-02
3.153653144836425781e-01
9.121199250221252441e-01
2.140148878097534180e-01
1.271580345928668976e-02
1.770568341016769409e-01
4.130347371101379395e-01
7.027577161788940430e-01
5.602719262242317200e-02
2.440290004014968872e-01
3.103010952472686768e-01
8.605176806449890137e-01
1.227375417947769165e-01
9.282824397087097168e-02
3.439222276210784912e-01
6.150507330894470215e-01
2.979258000850677490e-01
4.929288104176521301e-02
3.458361625671386719e-01
9.360854625701904297e-01
8.869150280952453613e-01
4.368578791618347168e-01
4.808680713176727295e-02
3.486566990613937378e-02
7.656707167625427246e-01
5.298514962196350098e-01
1.910196691751480103e-01
4.405549168586730957e-01
7.616875767707824707e-01
5.666109919548034668e-02
6.968542933464050293e-02
1.402271352708339691e-02
5.171331167221069336e-01
2.200449854135513306e-01
1.658732816576957703e-02
1.225696355104446411e-01
8.492242097854614258e-01
2.850551605224609375e-01
8.144446611404418945e-01
2.079341262578964233e-01
2.030605226755142212e-01
9.670298546552658081e-02
5.856358632445335388e-02
8.994413018226623535e-01
9.564319252967834473e-01
1.887890882790088654e-02
9.640883803367614746e-01
9.758508205413818359e-01
8.091283440589904785e-01
4.628248214721679688e-01
6.676229238510131836e-01
3.908120840787887573e-02
5.610052943229675293e-01
8.165256381034851074e-01
7.738988995552062988e-01
8.969853520393371582e-01
1.556756943464279175e-01
1.259895414113998413e-01
1.209439411759376526e-01
5.627802610397338867e-01
2.440951168537139893e-01
4.887048006057739258e-01
5.698773264884948730e-01
6.517378687858581543e-01
1.437061131000518799e-01
2.028693705797195435e-01
5.436334013938903809e-01
1.928409188985824585e-01
5.773489475250244141e-01
8.101816773414611816e-01
4.929583966732025146e-01
4.702728986740112305e-02
4.085533916950225830e-01
4.753021150827407837e-02
3.187517821788787842e-01
8.817503452301025391e-01
9.265666455030441284e-02
6.165735051035881042e-02
6.181230396032333374e-02
2.663165926933288574e-01
9.777519106864929199e-01
4.797738492488861084e-01
9.503611922264099121e-01
3.311231732368469238e-02
1.601878739893436432e-02
1.700607128441333771e-02
9.182304143905639648e-01
1.774567812681198120e-01
7.022789716720581055e-01
4.207746386528015137e-01
1.819546371698379517e-01
9.613747149705886841e-02
1.763558238744735718e-01
6.341248750686645508e-01
9.659784436225891113e-01
1.542240194976329803e-02
1.964281946420669556e-01
9.364340305328369141e-01
1.812946796417236328e-01
2.897567115724086761e-02
3.238197863101959229e-01
1.188365295529365540e-01
1.874607354402542114e-01
1.882930994033813477e-01
2.739450037479400635e-01
2.337585948407649994e-02
1.580996960401535034e-01
9.930863976478576660e-02
1.298571974039077759e-01
7.474348545074462891e-01
4.355521500110626221e-01
2.188797891139984131e-01
1.099478006362915039e-01
3.762559220194816589e-02
8.551890403032302856e-02
3.384142220020294189e-01
1.239144206047058105e-01
2.985635995864868164e-01
7.305295020341873169e-02
3.522489368915557861e-01
9.740867614746093750e-01
3.510929644107818604e-02
1.461962312459945679e-01
1.475211977958679199e-01
8.433145880699157715e-01
2.999880015850067139e-01
4.140915721654891968e-02
3.488212227821350098e-01
9.614514112472534180e-01
1.043022498488426208e-01
4.017423987388610840e-01
1.229002699255943298e-01
7.140025496482849121e-02
1.967118382453918457e-01
5.768549442291259766e-01
2.431714087724685669e-01
2.090397775173187256e-01
9.564118385314941406e-01
6.363470554351806641e-01
5.437085032463073730e-01
2.070462703704833984e-01
1.131448000669479370e-01
6.934496164321899414e-01
1.685998886823654175e-01
1.255772821605205536e-02
9.694945812225341797e-01
6.122294068336486816e-01
9.274591207504272461e-01
7.868825197219848633e-01
4.086515679955482483e-02
2.954822778701782227e-01
1.615194082260131836e-01
1.057652980089187622e-01
3.998252153396606445e-01
4.694596678018569946e-02
1.484474688768386841e-01
6.436999440193176270e-01
2.929283082485198975e-01
8.993961811065673828e-01
5.352180004119873047e-01
6.941002011299133301e-01
2.982848137617111206e-02
8.903568983078002930e-01
8.833479881286621094e-01
2.201008796691894531e-01
9.121181368827819824e-01
5.099499821662902832e-01
4.235088229179382324e-01
2.707744762301445007e-02
9.011634588241577148e-01
3.304372429847717285e-01
9.855847805738449097e-02
9.015665650367736816e-01
2.337171882390975952e-01
8.525662422180175781e-01
9.300910681486129761e-02
2.246951758861541748e-01
2.128296196460723877e-01
3.775133490562438965e-01
4.399560093879699707e-01
9.411485791206359863e-01
1.808210760354995728e-01
2.332265377044677734e-01
1.008466817438602448e-02
9.226880073547363281e-01
1.167497262358665466e-01
2.037278376519680023e-02
9.258618950843811035e-01
7.412624359130859375e-01
5.074024200439453125e-01
5.845827981829643250e-02
6.272876262664794922e-01
3.533443212509155273e-01
9.234721660614013672e-01
1.907244771718978882e-01
9.372088909149169922e-01
1.278652809560298920e-02
3.098526895046234131e-01
3.660656139254570007e-02
2.346768826246261597e-01
3.433737531304359436e-02
2.789611518383026123e-01
3.771006166934967041e-01
3.684908151626586914e-01
3.950654566287994385e-01
1.534351259469985962e-01
5.887398719787597656e-01
9.067020416259765625e-01
1.578695476055145264e-01
6.011680960655212402e-01
1.371223926544189453e-01
3.980599939823150635e-01
9.175678491592407227e-01
8.062762022018432617e-01
2.334867715835571289e-01
1.707876175642013550e-01
1.058316752314567566e-01
1.837414205074310303e-01
2.134061902761459351e-01
2.662582993507385254e-01
9.611076116561889648e-01
2.179347872734069824e-01
7.446599006652832031e-01
9.051532298326492310e-02
7.310984730720520020e-01
1.288317143917083740e-01
1.606770455837249756e-01
2.467992156744003296e-02
3.291593864560127258e-02
2.273314744234085083e-01
9.157480001449584961e-01
8.290442824363708496e-01
1.683635413646697998e-01
8.453501760959625244e-02
5.657852888107299805e-01
9.669904112815856934e-01
8.286918401718139648e-01
9.375197440385818481e-02
2.362695634365081787e-01
7.776337265968322754e-01
6.358341574668884277e-01
9.199982881546020508e-01
3.950751945376396179e-02
8.547723293304443359e-01
9.169896841049194336e-01
5.019550919532775879e-01
9.214404821395874023e-01
5.561810731887817383e-01
4.357506707310676575e-02
6.429498791694641113e-01
1.727799773216247559e-01
6.463890075683593750e-01
1.304184943437576294e-01
7.416844367980957031e-01
5.465014576911926270e-01
1.134755685925483704e-01
6.339305043220520020e-01
8.719297051429748535e-01
8.308001160621643066e-01
1.775608956813812256e-02
2.582643926143646240e-01
7.195695042610168457e-01
2.814682722091674805e-01
4.534330666065216064e-01
1.708873659372329712e-01
3.605757653713226318e-01
9.276280403137207031e-01
6.742552518844604492e-01
5.764187499880790710e-02
6.250744313001632690e-02
1.051850393414497375e-01
2.326946519315242767e-02
1.950822919607162476e-01
1.584987789392471313e-01
6.805789470672607422e-01
1.240010410547256470e-01
1.629399135708808899e-02
7.459053397178649902e-01
4.873262643814086914e-01
1.209842711687088013e-01
5.283145904541015625e-01
6.548886746168136597e-02
8.308130502700805664e-01
6.224440932273864746e-01
4.425999522209167480e-02
2.359531223773956299e-01
8.313486352562904358e-03
3.296733796596527100e-01
1.624843031167984009e-01
8.384807407855987549e-02
7.041046768426895142e-02
3.383496776223182678e-02
4.196209907531738281e-01
1.189490929245948792e-01
5.364955216646194458e-02
1.336613446474075317e-01
2.072957754135131836e-01
3.801429271697998047e-01
5.224594473838806152e-01
4.404171183705329895e-02
4.009142518043518066e-02
7.193899154663085938e-01
3.014822006225585938e-01
2.271034754812717438e-02
9.725871682167053223e-01
7.776532173156738281e-01
2.080173045396804810e-01
1.300037801265716553e-01
2.247593253850936890e-01
8.887533843517303467e-02
1.041913405060768127e-01
4.358000159263610840e-01
1.155788823962211609e-01
4.893252253532409668e-01
6.577391624450683594e-01
5.492941141128540039e-01
2.647601999342441559e-02
2.201042473316192627e-01
1.213120967149734497e-01
2.235996872186660767e-01
3.794656693935394287e-01
2.156258076429367065e-01
6.362265944480895996e-01
2.681357860565185547e-01
9.748427867889404297e-01
6.715179234743118286e-02
1.674671769142150879e-01
9.502202272415161133e-01
4.501503705978393555e-01
4.004706442356109619e-01
8.060692548751831055e-01
4.234173297882080078e-01
1.089581623673439026e-01
8.451277613639831543e-01
8.037741184234619141e-01
2.117154002189636230e-01
9.128466844558715820e-01
1.324995458126068115e-01
7.184523344039916992e-01
7.163112163543701172e-01
4.003480076789855957e-02
9.817531332373619080e-03
5.592637062072753906e-01
1.344783157110214233e-01
1.809443086385726929e-01
2.548424601554870605e-01
9.771159887313842773e-01
6.804471462965011597e-02
2.700441330671310425e-02
2.598938047885894775e-01
5.604333803057670593e-02
2.887147068977355957e-01
5.086215585470199585e-02
1.106590703129768372e-01
6.656284630298614502e-02
3.680638372898101807e-01
2.917317748069763184e-01
7.861659526824951172e-01
5.541517734527587891e-01
9.182781577110290527e-01
1.563586592674255371e-01
2.448012121021747589e-02
4.371645450592041016e-01
7.326841950416564941e-01
8.399195224046707153e-02
2.573850154876708984e-01
4.400118589401245117e-01
1.716653816401958466e-02
9.570482373237609863e-01
1.283736824989318848e-01
1.090712621808052063e-01
3.092323616147041321e-02
3.808571696281433105e-01
1.748168319463729858e-01
7.506491541862487793e-01
2.412064969539642334e-01
1.976797431707382202e-01
7.626152783632278442e-02
3.127508163452148438e-01
1.563259363174438477e-01
7.290440052747726440e-02
1.804954856634140015e-01
2.073114216327667236e-01
1.586350053548812866e-02
9.121415764093399048e-02
4.754871502518653870e-02
5.096589922904968262e-01
1.385380327701568604e-01
9.526745676994323730e-01
8.975231647491455078e-01
8.223433047533035278e-02
