5.029135569930076599e-02
7.633767127990722656e-01
8.495204895734786987e-02
8.962482810020446777e-01
2.146680355072021484e-01
8.820343762636184692e-02
3.381644189357757568e-01
2.567627131938934326e-01
8.522089719772338867e-01
1.186208948493003845e-01
4.352910220623016357e-01
3.045817911624908447e-01
7.510998845100402832e-01
5.046439766883850098e-01
2.039151787757873535e-01
3.763073086738586426e-01
8.042160421609878540e-02
5.850228667259216309e-01
9.101353883743286133e-01
2.767268419265747070e-01
6.062334179878234863e-01
7.968966960906982422e-01
5.732842534780502319e-02
7.594984024763107300e-02
1.450849324464797974e-01
6.326338648796081543e-02
7.939218282699584961e-01
2.311665564775466919e-01
4.209447801113128662e-01
4.407300949096679688e-01
2.561474442481994629e-01
3.841014951467514038e-02
8.849623203277587891e-01
6.431978940963745117e-02
1.541843712329864502e-01
1.158812195062637329e-01
2.784900963306427002e-01
1.229911595582962036e-01
5.285255312919616699e-01
8.384755849838256836e-01
1.544390469789505005e-01
1.126499697566032410e-01
6.217206269502639771e-02
4.978528246283531189e-02
7.743965834379196167e-02
1.429426074028015137e-01
2.767180204391479492e-01
7.626925110816955566e-01
4.822389781475067139e-02
7.150830626487731934e-01
1.127807125449180603e-01
4.995318129658699036e-02
2.955379784107208252e-01
4.076587557792663574e-01
1.389446109533309937e-01
6.490471214056015015e-02
7.973579764366149902e-01
1.188809648156166077e-01
5.336644873023033142e-02
1.584087312221527100e-01
4.682954251766204834e-01
2.132319658994674683e-01
2.168628722429275513e-01
5.993627384305000305e-02
4.842742159962654114e-02
8.166464418172836304e-02
6.796611845493316650e-02
8.029215782880783081e-02
4.383212924003601074e-01
3.769696652889251709e-01
4.013276472687721252e-02
6.145491600036621094e-01
3.530175089836120605e-01
1.055422872304916382e-01
2.747069001197814941e-01
6.967461854219436646e-02
4.453073814511299133e-02
4.433703422546386719e-02
8.357927203178405762e-02
5.710979923605918884e-02
8.615248203277587891e-01
7.225797772407531738e-01
7.067969441413879395e-01
5.533438324928283691e-01
6.565049886703491211e-01
4.226773977279663086e-01
8.031677454710006714e-02
1.353270858526229858e-01
7.595719099044799805e-01
1.301124244928359985e-01
5.311838388442993164e-01
6.062667071819305420e-02
5.785262212157249451e-02
4.467525780200958252e-01
2.778445184230804443e-01
4.448844790458679199e-01
3.749144673347473145e-01
8.266912698745727539e-01
6.381154060363769531e-02
1.084500998258590698e-01
4.809858202934265137e-01
1.598452478647232056e-01
4.919447898864746094e-01
2.703662216663360596e-01
3.373864591121673584e-01
1.941965073347091675e-01
7.067877054214477539e-02
5.449336767196655273e-01
3.155852258205413818e-01
3.512214422225952148e-01
4.280477762222290039e-01
5.387042090296745300e-02
6.520378589630126953e-02
9.029226303100585938e-01
1.572902798652648926e-01
1.386875063180923462e-01
8.498020172119140625e-01
5.266157910227775574e-02
6.298044323921203613e-02
7.417785525321960449e-01
4.734256491065025330e-02
8.236419409513473511e-02
8.449268341064453125e-02
5.678632259368896484e-01
8.802420496940612793e-01
4.499134048819541931e-02
4.730755463242530823e-02
3.272160291671752930e-01
5.688553676009178162e-02
8.369643986225128174e-02
8.935500979423522949e-01
1.006990000605583191e-01
8.731094598770141602e-01
3.691047430038452148e-01
2.569616734981536865e-01
2.970681488513946533e-01
8.420858383178710938e-01
2.870987355709075928e-01
4.382847845554351807e-01
6.034272536635398865e-02
6.785759329795837402e-01
5.639302730560302734e-01
5.228120684623718262e-01
2.331135272979736328e-01
3.394980430603027344e-01
5.896576866507530212e-02
4.739739894866943359e-01
7.017698884010314941e-01
4.789772331714630127e-01
1.004164069890975952e-01
5.178496241569519043e-02
6.648451089859008789e-02
5.708252266049385071e-02
1.466440111398696899e-01
1.149061694741249084e-01
1.106816902756690979e-01
2.656861543655395508e-01
3.308264911174774170e-01
3.245581090450286865e-01
7.195287942886352539e-01
2.893257737159729004e-01
5.650483369827270508e-01
8.281019330024719238e-02
1.851415336132049561e-01
7.513800859451293945e-01
4.342644512653350830e-01
2.049689590930938721e-01
2.536159455776214600e-01
7.631356269121170044e-02
2.731484770774841309e-01
6.182604283094406128e-02
5.404159054160118103e-02
3.191268444061279297e-01
5.501474142074584961e-01
6.995423883199691772e-02
7.098975181579589844e-01
3.340886533260345459e-01
5.124606192111968994e-02
7.740513682365417480e-01
1.611939072608947754e-01
1.325204372406005859e-01
7.173048704862594604e-02
6.504208594560623169e-02
1.785984784364700317e-01
1.294852197170257568e-01
9.918602555990219116e-02
1.218608990311622620e-01
5.384757518768310547e-01
3.186489939689636230e-01
4.567068219184875488e-01
6.075730174779891968e-02
6.526373624801635742e-01
1.601179242134094238e-01
6.792728304862976074e-01
3.202684521675109863e-01
5.273178815841674805e-01
5.146717652678489685e-02
1.792763024568557739e-01
5.196817517280578613e-01
4.448574781417846680e-02
4.398752003908157349e-02
1.890249401330947876e-01
8.946615457534790039e-01
3.649857044219970703e-01
6.709967255592346191e-01
8.763698935508728027e-01
6.050669550895690918e-01
6.396409124135971069e-02
9.266180396080017090e-01
1.902862042188644409e-01
2.657223939895629883e-01
4.590930417180061340e-02
2.473371326923370361e-01
4.609105885028839111e-01
2.107950150966644287e-01
5.630192905664443970e-02
5.533362627029418945e-01
4.767538011074066162e-01
7.107650041580200195e-01
8.489092439413070679e-02
8.731960654258728027e-01
9.229027032852172852e-01
5.288648009300231934e-01
1.184735521674156189e-01
1.349525749683380127e-01
7.477937638759613037e-02
5.329496264457702637e-01
6.785099506378173828e-01
1.059360206127166748e-01
5.360019803047180176e-01
6.161329150199890137e-01
8.875492811203002930e-01
7.182087004184722900e-02
7.951865792274475098e-01
8.959974050521850586e-01
1.689504384994506836e-01
5.957937836647033691e-01
8.807713985443115234e-01
2.122804969549179077e-01
3.049700856208801270e-01
8.442926406860351562e-01
1.281372755765914917e-01
5.876608490943908691e-01
4.460563138127326965e-02
2.408263236284255981e-01
3.413380980491638184e-01
6.082077696919441223e-02
9.056859016418457031e-01
7.094562798738479614e-02
7.946925759315490723e-01
4.099397659301757812e-01
1.307090669870376587e-01
7.770029455423355103e-02
6.844058632850646973e-02
8.673842996358871460e-02
1.458604782819747925e-01
3.321528732776641846e-01
6.692544817924499512e-01
2.187205851078033447e-01
7.674388289451599121e-01
5.341703817248344421e-02
5.320194363594055176e-01
3.442703485488891602e-01
5.508401617407798767e-02
9.516518563032150269e-02
4.240582883358001709e-01
1.132281720638275146e-01
3.369267284870147705e-01
4.936495050787925720e-02
6.986356973648071289e-01
7.842257618904113770e-01
7.593234777450561523e-01
2.538134455680847168e-01
2.665961682796478271e-01
6.127713918685913086e-01
1.470654159784317017e-01
7.105883955955505371e-01
1.217132955789566040e-01
8.111561536788940430e-01
1.087654307484626770e-01
1.247640550136566162e-01
8.671291470527648926e-01
6.428881883621215820e-01
4.237446784973144531e-01
4.808818101882934570e-01
2.169057577848434448e-01
5.765573680400848389e-02
1.478351801633834839e-01
3.974306583404541016e-01
1.303035318851470947e-01
9.761905670166015625e-02
4.905415475368499756e-01
6.098065972328186035e-01
5.204188823699951172e-01
2.189416140317916870e-01
5.063219740986824036e-02
1.580477058887481689e-01
8.024309277534484863e-01
3.296229541301727295e-01
6.557456403970718384e-02
7.343699932098388672e-01
5.358735322952270508e-01
2.105427235364913940e-01
7.603470236063003540e-02
1.292578727006912231e-01
5.789181217551231384e-02
1.256347596645355225e-01
5.315328836441040039e-01
8.597190380096435547e-01
6.273842453956604004e-01
2.990117073059082031e-01
1.327127963304519653e-01
1.144956871867179871e-01
2.745126187801361084e-01
5.383700728416442871e-01
2.898272871971130371e-01
8.915691375732421875e-01
7.648050189018249512e-01
3.973136842250823975e-01
1.893339157104492188e-01
5.636236667633056641e-01
3.022955060005187988e-01
5.116212368011474609e-01
9.072147011756896973e-01
3.384289443492889404e-01
4.265818893909454346e-01
8.624035865068435669e-02
1.002327129244804382e-01
6.260000914335250854e-02
5.223265662789344788e-02
4.703383892774581909e-02
7.100824266672134399e-02
1.819214373826980591e-01
1.026427745819091797e-01
2.572041749954223633e-01
8.075866103172302246e-01
2.026557028293609619e-01
4.469909891486167908e-02
1.224922165274620056e-01
1.467937976121902466e-01
6.809896975755691528e-02
3.111621439456939697e-01
6.468805670738220215e-01
2.875398397445678711e-01
6.374489665031433105e-01
6.232087314128875732e-02
2.356778979301452637e-01
4.973515570163726807e-01
2.152983993291854858e-01
7.077084779739379883e-01
1.139596477150917053e-01
4.779393225908279419e-02
4.479220509529113770e-02
1.282520592212677002e-01
3.889074027538299561e-01
7.301592826843261719e-02
7.163283228874206543e-01
1.060986369848251343e-01
9.496634453535079956e-02
3.877139985561370850e-01
1.069598197937011719e-01
4.415153563022613525e-01
1.673398911952972412e-01
1.192077547311782837e-01
7.088427543640136719e-01
3.939316868782043457e-01
3.945232033729553223e-01
9.179183244705200195e-01
2.419964373111724854e-01
7.924298942089080811e-02
4.809829294681549072e-01
1.061178967356681824e-01
8.832167088985443115e-02
9.287151694297790527e-02
6.860820949077606201e-02
6.284812837839126587e-02
1.484121382236480713e-01
1.050947979092597961e-01
8.388573527336120605e-01
6.829009950160980225e-02
6.137428805232048035e-02
5.474732816219329834e-02
8.133727908134460449e-01
6.461604833602905273e-01
1.352495104074478149e-01
1.440738886594772339e-01
3.597078025341033936e-01
2.990435361862182617e-01
2.055070996284484863e-01
4.718370139598846436e-01
4.449132457375526428e-02
6.208675354719161987e-02
6.447595357894897461e-02
5.827759206295013428e-02
9.601160138845443726e-02
6.375565379858016968e-02
5.277556180953979492e-01
1.413665711879730225e-01
5.435866713523864746e-01
1.771067976951599121e-01
2.756160199642181396e-01
6.714435666799545288e-02
7.618770003318786621e-01
5.459865927696228027e-01
6.116166710853576660e-01
8.265575766563415527e-01
3.444726765155792236e-01
3.739827573299407959e-01
2.484478801488876343e-01
1.167133674025535583e-01
6.210589781403541565e-02
4.918204993009567261e-02
6.175284981727600098e-01
4.706280529499053955e-01
8.154545426368713379e-01
5.262731015682220459e-02
4.836637079715728760e-01
7.970151305198669434e-02
4.910876229405403137e-02
8.218708634376525879e-02
6.134634464979171753e-02
4.022873342037200928e-01
7.265033125877380371e-01
4.032171517610549927e-02
7.427828758955001831e-02
3.889853060245513916e-01
5.754934996366500854e-02
1.554917991161346436e-01
2.631736397743225098e-01
1.305700540542602539e-01
1.585039943456649780e-01
9.636248648166656494e-02
6.211607456207275391e-01
5.899325013160705566e-01
1.965709924697875977e-01
8.298771083354949951e-02
1.088265329599380493e-01
1.106506511569023132e-01
5.427718162536621094e-01
2.872678041458129883e-01
1.786960661411285400e-01
3.300701677799224854e-01
7.796531170606613159e-02
7.460344433784484863e-01
6.804589182138442993e-02
2.555167973041534424e-01
5.834358558058738708e-02
7.971004843711853027e-01
8.561447262763977051e-02
4.563047364354133606e-02
4.493237137794494629e-01
6.770633459091186523e-01
4.893406331539154053e-01
4.867265373468399048e-02
5.205955356359481812e-02
5.281236171722412109e-01
3.103861212730407715e-01
1.964989155530929565e-01
5.619537457823753357e-02
2.878043651580810547e-01
4.975362122058868408e-01
1.096129864454269409e-01
7.711525261402130127e-02
1.562375873327255249e-01
6.969258934259414673e-02
9.443868696689605713e-02
9.082786440849304199e-01
1.994217485189437866e-01
1.240543946623802185e-01
9.259878396987915039e-01
1.629638820886611938e-01
4.453467726707458496e-01
9.668748825788497925e-02
8.328843712806701660e-01
2.854410409927368164e-01
8.659869432449340820e-02
6.879183650016784668e-01
8.218058347702026367e-01
2.788058817386627197e-01
3.806213662028312683e-02
3.829365372657775879e-01
3.019510209560394287e-01
6.769400089979171753e-02
6.430726051330566406e-01
5.071917176246643066e-02
1.846687346696853638e-01
2.617283761501312256e-01
8.748978376388549805e-02
1.086424514651298523e-01
3.204755485057830811e-01
4.523264616727828979e-02
5.770848989486694336e-01
7.582960277795791626e-02
7.697027325630187988e-01
6.148211359977722168e-01
1.716931015253067017e-01
2.217442542314529419e-01
1.724044680595397949e-01
6.834251433610916138e-02
7.949827611446380615e-02
8.134338855743408203e-01
1.112483292818069458e-01
7.245532274246215820e-01
9.006361365318298340e-01
2.932536602020263672e-01
6.081631034612655640e-02
5.295506119728088379e-01
1.374984234571456909e-01
7.631267309188842773e-01
8.200775831937789917e-02
1.282935440540313721e-01
2.980179786682128906e-01
7.401120662689208984e-01
3.884904682636260986e-01
6.575614809989929199e-01
2.131557315587997437e-01
8.047241717576980591e-02
4.242796599864959717e-01
1.780055910348892212e-01
1.767850816249847412e-01
3.337851464748382568e-01
5.127013921737670898e-01
9.294727444648742676e-02
4.044798612594604492e-01
5.545339584350585938e-01
2.464878857135772705e-01
3.310252428054809570e-01
8.727485537528991699e-01
6.971896439790725708e-02
4.124526381492614746e-01
1.062796413898468018e-01
1.160365492105484009e-01
9.470484405755996704e-02
1.332760006189346313e-01
5.250120162963867188e-01
1.443387866020202637e-01
5.835124850273132324e-01
5.033447742462158203e-01
8.736001849174499512e-01
8.960946202278137207e-01
9.177393913269042969e-01
4.370405152440071106e-02
3.443988561630249023e-01
2.938350737094879150e-01
3.633945882320404053e-01
9.022405147552490234e-01
1.576820760965347290e-01
2.271038591861724854e-01
2.050087302923202515e-01
1.042740195989608765e-01
8.338612318038940430e-01
4.811888188123703003e-02
3.344866260886192322e-02
6.128394007682800293e-01
5.638579651713371277e-02
7.750807702541351318e-02
3.218459486961364746e-01
4.021495580673217773e-01
9.035686850547790527e-01
4.264613986015319824e-02
6.526672095060348511e-02
8.190567791461944580e-02
8.174501657485961914e-01
9.029558300971984863e-01
4.434427991509437561e-02
6.979170441627502441e-01
7.237100601196289062e-02
7.507382631301879883e-01
2.094775289297103882e-01
5.334497094154357910e-01
5.359957814216613770e-01
6.271441280841827393e-02
3.182042837142944336e-01
7.073890566825866699e-01
6.374970823526382446e-02
4.281645268201828003e-02
5.916613340377807617e-01
6.412664800882339478e-02
7.175557315349578857e-02
4.633246064186096191e-01
3.788197934627532959e-01
5.011421442031860352e-02
6.245883703231811523e-01
2.546455562114715576e-01
1.998037099838256836e-01
6.450901180505752563e-02
4.653092324733734131e-01
8.456171154975891113e-01
7.131541371345520020e-01
8.295938372611999512e-01
3.030518889427185059e-01
4.774478077888488770e-01
3.052623867988586426e-01
3.257484138011932373e-01
6.135570630431175232e-02
7.504439353942871094e-02
6.545749306678771973e-02
6.474395990371704102e-01
7.505744695663452148e-01
6.740630269050598145e-01
6.767702847719192505e-02
4.738666415214538574e-01
7.049647718667984009e-02
9.931179881095886230e-02
8.820701241493225098e-01
5.267130136489868164e-01
9.198507666587829590e-02
7.774508744478225708e-02
5.293046310544013977e-02
4.753756523132324219e-02
1.439325958490371704e-01
8.675051927566528320e-01
4.028463959693908691e-01
5.342541262507438660e-02
1.228040903806686401e-01
4.023638069629669189e-01
5.709083080291748047e-01
7.752802222967147827e-02
4.893988668918609619e-01
5.384506583213806152e-01
8.861666917800903320e-01
9.440994262695312500e-02
7.004182785749435425e-02
4.443762600421905518e-01
2.831709384918212891e-01
4.510180354118347168e-01
4.363169893622398376e-02
4.905600249767303467e-01
8.856278061866760254e-01
8.564256429672241211e-01
5.707941055297851562e-01
9.805106371641159058e-02
5.842537432909011841e-02
4.420854747295379639e-01
5.277072787284851074e-01
2.057341486215591431e-01
4.776760637760162354e-01
4.716710746288299561e-01
1.080770641565322876e-01
5.109998583793640137e-02
5.455349013209342957e-02
3.195639848709106445e-01
1.369713693857192993e-01
6.681916117668151855e-02
5.554193854331970215e-01
7.739901542663574219e-01
6.318452358245849609e-01
3.329690396785736084e-01
4.609322845935821533e-01
1.661875396966934204e-01
7.202945649623870850e-02
6.196776404976844788e-02
7.318741679191589355e-01
9.202005267143249512e-01
5.919151380658149719e-02
9.196772575378417969e-01
9.067931175231933594e-01
7.097142338752746582e-01
2.924087345600128174e-01
7.208243608474731445e-01
5.146586522459983826e-02
3.045078217983245850e-01
5.473820567131042480e-01
7.497291564941406250e-01
7.263264060020446777e-01
5.202101916074752808e-02
1.418737918138504028e-01
3.614132106304168701e-01
6.914482116699218750e-01
3.905358910560607910e-01
1.015137881040573120e-01
4.745592474937438965e-01
4.263639450073242188e-01
4.175918698310852051e-01
1.161533743143081665e-01
5.166993141174316406e-01
1.648288965225219727e-01
2.769185304641723633e-01
6.943686008453369141e-01
4.933522939682006836e-01
4.159228876233100891e-02
3.025247156620025635e-01
4.554314538836479187e-02
2.847279906272888184e-01
7.039409875869750977e-01
5.181589722633361816e-02
9.312098473310470581e-02
6.324148178100585938e-02
4.282187223434448242e-01
9.175817966461181641e-01
5.718301534652709961e-01
7.634677290916442871e-01
5.340795591473579407e-02
4.098762944340705872e-02
5.599089711904525757e-02
8.895906209945678711e-01
2.195175290107727051e-01
7.511236667633056641e-01
6.163845658302307129e-01
1.412251293659210205e-01
7.158055901527404785e-02
4.799716547131538391e-02
5.874858498573303223e-01
8.682108521461486816e-01
5.807710811495780945e-02
6.222280487418174744e-02
7.852072715759277344e-01
1.691322922706604004e-01
4.976524785161018372e-02
1.160625591874122620e-01
6.131201609969139099e-02
1.533558815717697144e-01
2.925107181072235107e-01
3.091928958892822266e-01
4.085495322942733765e-02
2.549088299274444580e-01
1.373943984508514404e-01
8.371315151453018188e-02
5.912328362464904785e-01
5.605275630950927734e-01
3.779096007347106934e-01
5.500452965497970581e-02
4.650173708796501160e-02
1.057935208082199097e-01
2.692966759204864502e-01
1.635532230138778687e-01
4.196978211402893066e-01
9.659108519554138184e-02
1.798520088195800781e-01
9.207851886749267578e-01
1.280820667743682861e-01
2.813743650913238525e-01
1.487127989530563354e-01
4.833158552646636963e-01
1.757326424121856689e-01
9.453415870666503906e-02
3.332377076148986816e-01
9.032075405120849609e-01
8.840759843587875366e-02
2.049775868654251099e-01
6.112534925341606140e-02
8.782610297203063965e-02
1.132194921374320984e-01
5.940112471580505371e-01
6.269309520721435547e-01
2.826192677021026611e-01
8.698056936264038086e-01
2.850601673126220703e-01
5.453384518623352051e-01
2.268871515989303589e-01
7.449389249086380005e-02
7.772558331489562988e-01
2.242639660835266113e-01
4.078622907400131226e-02
8.586633205413818359e-01
5.890544652938842773e-01
5.921741127967834473e-01
6.760403513908386230e-01
5.750958248972892761e-02
4.388269782066345215e-01
1.023197695612907410e-01
1.223946735262870789e-01
5.576641559600830078e-01
6.712137162685394287e-02
8.140850812196731567e-02
3.325191438198089600e-01
1.342197358608245850e-01
7.385160923004150391e-01
5.351890325546264648e-01
4.778805375099182129e-01
5.110754072666168213e-02
7.160776853561401367e-01
6.811484098434448242e-01
1.961032301187515259e-01
8.354855775833129883e-01
6.576147675514221191e-01
4.518270194530487061e-01
6.463704258203506470e-02
8.243755102157592773e-01
5.117115378379821777e-01
5.585881695151329041e-02
6.508881449699401855e-01
3.058319091796875000e-01
8.654057383537292480e-01
6.239396333694458008e-02
3.370688855648040771e-01
3.678987622261047363e-01
2.309036403894424438e-01
6.195352673530578613e-01
8.953214883804321289e-01
1.619170010089874268e-01
3.603943288326263428e-01
3.974607586860656738e-02
7.086623311042785645e-01
7.953456044197082520e-02
4.693305492401123047e-02
8.193814158439636230e-01
8.376521468162536621e-01
4.331439137458801270e-01
9.168948978185653687e-02
7.012276649475097656e-01
5.174111723899841309e-01
8.506081104278564453e-01
1.648855656385421753e-01
8.591325283050537109e-01
4.593037441372871399e-02
4.832125306129455566e-01
4.820827767252922058e-02
5.432964563369750977e-01
6.539403647184371948e-02
4.954817891120910645e-01
5.354964137077331543e-01
1.034357845783233643e-01
1.280912160873413086e-01
2.291728407144546509e-01
5.746082663536071777e-01
8.244892954826354980e-01
3.106489479541778564e-01
2.328800261020660400e-01
4.399469867348670959e-02
3.445825278759002686e-01
7.267175316810607910e-01
7.732212543487548828e-01
1.597852557897567749e-01
2.022457420825958252e-01
6.295261532068252563e-02
1.458330154418945312e-01
6.202478334307670593e-02
1.423364430665969849e-01
9.188587665557861328e-01
2.212209403514862061e-01
5.084262490272521973e-01
8.616767823696136475e-02
6.673294901847839355e-01
2.244215011596679688e-01
3.194094002246856689e-01
7.150132209062576294e-02
5.376940593123435974e-02
1.860848963260650635e-01
8.187547922134399414e-01
6.334431171417236328e-01
4.305224716663360596e-01
8.054058253765106201e-02
6.230245828628540039e-01
9.190443754196166992e-01
5.387821793556213379e-01
8.218306303024291992e-02
2.315101623535156250e-01
7.699126005172729492e-01
6.379309296607971191e-01
7.220833301544189453e-01
1.422332078218460083e-01
8.911361694335937500e-01
9.105876088142395020e-01
4.066521823406219482e-01
8.397021889686584473e-01
3.867806196212768555e-01
5.482337996363639832e-02
4.677000343799591064e-01
2.283549904823303223e-01
6.561837792396545410e-01
2.202770411968231201e-01
5.383304953575134277e-01
6.206914186477661133e-01
9.878651052713394165e-02
7.167035341262817383e-01
6.523231267929077148e-01
7.709957361221313477e-01
5.608079209923744202e-02
4.956965446472167969e-01
6.818435788154602051e-01
5.843660831451416016e-01
4.064794778823852539e-01
2.333125472068786621e-01
3.260264694690704346e-01
7.508613467216491699e-01
4.853711724281311035e-01
1.429350227117538452e-01
5.005478486418724060e-02
5.941261723637580872e-02
5.209408327937126160e-02
2.948207855224609375e-01
1.155560091137886047e-01
6.344629526138305664e-01
2.227506041526794434e-01
6.571508944034576416e-02
4.032982289791107178e-01
4.288744628429412842e-01
1.251233071088790894e-01
4.039719402790069580e-01
1.036544963717460632e-01
7.639152407646179199e-01
5.502531528472900391e-01
5.999900028109550476e-02
6.477246433496475220e-02
4.974579438567161560e-02
3.422475159168243408e-01
1.781667172908782959e-01
8.318321406841278076e-02
5.426279455423355103e-02
6.116668879985809326e-02
2.262104451656341553e-01
1.445534974336624146e-01
4.386490955948829651e-02
1.819827258586883545e-01
2.152072489261627197e-01
3.675532042980194092e-01
6.825324892997741699e-01
6.956414878368377686e-02
6.369451433420181274e-02
5.982850790023803711e-01
4.829185009002685547e-01
6.846156716346740723e-02
9.260660409927368164e-01
6.456142067909240723e-01
3.414575457572937012e-01
2.123458236455917358e-01
1.545190215110778809e-01
5.481065809726715088e-02
8.765451610088348389e-02
2.072010636329650879e-01
2.097741514444351196e-01
5.879263877868652344e-01
7.380909919738769531e-01
6.822553277015686035e-01
5.496833100914955139e-02
4.743263721466064453e-01
9.296002238988876343e-02
3.123119473457336426e-01
4.875145256519317627e-01
2.427915185689926147e-01
4.528085589408874512e-01
2.543456256389617920e-01
9.072723984718322754e-01
6.490708887577056885e-02
1.769601404666900635e-01
7.349330186843872070e-01
4.207319617271423340e-01
7.681218385696411133e-01
6.328178644180297852e-01
5.214014053344726562e-01
2.334191501140594482e-01
7.988546490669250488e-01
8.328499794006347656e-01
4.942086040973663330e-01
8.720012903213500977e-01
8.518166840076446533e-02
6.951949596405029297e-01
5.390744209289550781e-01
5.330429598689079285e-02
4.603109881281852722e-02
5.302974581718444824e-01
2.976715266704559326e-01
4.535479098558425903e-02
2.476219683885574341e-01
8.952567577362060547e-01
7.848863303661346436e-02
6.222304329276084900e-02
1.310838907957077026e-01
1.266125440597534180e-01
1.483259201049804688e-01
1.158717274665832520e-01
1.767311692237854004e-01
4.631943255662918091e-02
2.834526002407073975e-01
3.291137814521789551e-01
5.373932719230651855e-01
7.156301736831665039e-01
8.057499527931213379e-01
8.039349317550659180e-02
6.138016283512115479e-02
3.125368058681488037e-01
7.729442119598388672e-01
5.156524106860160828e-02
2.486050575971603394e-01
5.267241597175598145e-01
4.552195593714714050e-02
9.005560278892517090e-01
1.833637654781341553e-01
8.247026801109313965e-02
9.424001723527908325e-02
4.048118293285369873e-01
2.969234883785247803e-01
6.301341652870178223e-01
1.761781126260757446e-01
2.915449142456054688e-01
7.509879767894744873e-02
3.671698570251464844e-01
4.251065850257873535e-01
2.907269001007080078e-01
2.196409553289413452e-01
2.055496871471405029e-01
5.863272771239280701e-02
7.546225935220718384e-02
3.128948435187339783e-02
4.801101684570312500e-01
9.052754938602447510e-02
8.661770820617675781e-01
8.145506978034973145e-01
8.951061218976974487e-02
