2.954776026308536530e-02
8.592852354049682617e-01
8.327753841876983643e-02
9.097350835800170898e-01
2.811072766780853271e-01
7.087317109107971191e-02
3.732131719589233398e-01
2.108510583639144897e-01
8.981545567512512207e-01
1.285231262445449829e-01
3.824116885662078857e-01
2.685155570507049561e-01
7.542330026626586914e-01
3.928408622741699219e-01
2.028558254241943359e-01
2.871635258197784424e-01
4.632128775119781494e-01
5.244706273078918457e-01
9.196721911430358887e-01
3.158213198184967041e-01
7.457994818687438965e-01
8.580223321914672852e-01
5.649936571717262268e-02
6.778125464916229248e-02
1.171381548047065735e-01
3.047726117074489594e-02
7.991382479667663574e-01
2.118326425552368164e-01
3.004036247730255127e-01
3.640370666980743408e-01
2.598074972629547119e-01
3.231505677103996277e-02
8.628380298614501953e-01
4.387525469064712524e-02
4.196613729000091553e-01
1.649043262004852295e-01
4.944758117198944092e-01
1.673470586538314819e-01
4.685395359992980957e-01
9.201849102973937988e-01
1.132768914103507996e-01
1.345042437314987183e-01
7.452493906021118164e-02
4.058273136615753174e-02
3.574781492352485657e-02
2.264822721481323242e-01
4.086486101150512695e-01
7.222522497177124023e-01
2.939506433904170990e-02
6.873202323913574219e-01
1.341951191425323486e-01
2.928430959582328796e-02
1.598577499389648438e-01
4.089340567588806152e-01
9.552425146102905273e-02
1.003864184021949768e-01
9.022414684295654297e-01
8.763732016086578369e-02
1.525409072637557983e-01
1.043775901198387146e-01
3.804894387722015381e-01
1.997070759534835815e-01
1.025939881801605225e-01
5.297096446156501770e-02
6.258896738290786743e-02
7.806463539600372314e-02
4.367703571915626526e-02
1.160426735877990723e-01
4.727767407894134521e-01
4.120751917362213135e-01
3.751460090279579163e-02
8.029875755310058594e-01
3.655781149864196777e-01
4.169686511158943176e-02
2.568940520286560059e-01
6.888031959533691406e-02
3.562735766172409058e-02
3.040409646928310394e-02
7.820406556129455566e-02
4.350737854838371277e-02
8.833300471305847168e-01
8.359193801879882812e-01
8.565124869346618652e-01
3.973696231842041016e-01
8.199451565742492676e-01
4.627068042755126953e-01
8.905728906393051147e-02
1.374580413103103638e-01
7.347083091735839844e-01
9.323890507221221924e-02
3.747803568840026855e-01
6.692648679018020630e-02
5.435897409915924072e-02
5.558614730834960938e-01
6.179393529891967773e-01
3.625212609767913818e-01
4.682810008525848389e-01
8.392917513847351074e-01
5.392355099320411682e-02
7.440914213657379150e-02
5.614812374114990234e-01
2.327804416418075562e-01
5.649048686027526855e-01
2.609500586986541748e-01
2.325788587331771851e-01
2.526951134204864502e-01
7.607743889093399048e-02
5.087191462516784668e-01
2.868157923221588135e-01
4.811056554317474365e-01
2.586794793605804443e-01
5.030192062258720398e-02
7.742984592914581299e-02
9.332728385925292969e-01
2.477585226297378540e-01
8.603604882955551147e-02
8.702976107597351074e-01
4.897027835249900818e-02
1.156973317265510559e-01
8.153793215751647949e-01
2.938861772418022156e-02
9.937116503715515137e-02
9.444966167211532593e-02
7.339712977409362793e-01
8.838995695114135742e-01
6.797045469284057617e-02
5.942116677761077881e-02
1.708498746156692505e-01
3.165927156805992126e-02
2.421030104160308838e-01
9.100652933120727539e-01
2.645988762378692627e-01
9.034836292266845703e-01
1.916950792074203491e-01
3.551507890224456787e-01
4.252260625362396240e-01
8.078818321228027344e-01
3.121877908706665039e-01
5.462658405303955078e-01
3.228631988167762756e-02
8.546422719955444336e-01
7.140952348709106445e-01
5.297129154205322266e-01
3.345467150211334229e-01
1.841022372245788574e-01
4.633532837033271790e-02
6.808099746704101562e-01
5.815238952636718750e-01
6.095460057258605957e-01
8.559646457433700562e-02
4.651741310954093933e-02
1.382792741060256958e-01
5.556774511933326721e-02
8.675578981637954712e-02
1.555591076612472534e-01
5.773690715432167053e-02
1.908407956361770630e-01
3.629504740238189697e-01
1.705540567636489868e-01
6.565864086151123047e-01
3.502549529075622559e-01
7.031283378601074219e-01
3.649318963289260864e-02
2.994920313358306885e-01
7.647570371627807617e-01
2.281517088413238525e-01
1.615015864372253418e-01
2.440131008625030518e-01
6.812234967947006226e-02
1.309963762760162354e-01
8.614819496870040894e-02
3.130669146776199341e-02
3.974789977073669434e-01
4.746021926403045654e-01
1.001272276043891907e-01
9.212384223937988281e-01
2.271389812231063843e-01
4.155152663588523865e-02
8.388855457305908203e-01
6.680435687303543091e-02
1.677143424749374390e-01
5.462980270385742188e-02
1.138201355934143066e-01
7.592900842428207397e-02
2.468350976705551147e-01
8.682191371917724609e-02
1.007005274295806885e-01
4.609086811542510986e-01
3.332527279853820801e-01
3.369471728801727295e-01
5.646352097392082214e-02
7.843378782272338867e-01
2.671535611152648926e-01
8.087394833564758301e-01
1.399578452110290527e-01
5.503609776496887207e-01
3.446632996201515198e-02
1.518580317497253418e-01
5.203353762626647949e-01
3.441719338297843933e-02
2.971525490283966064e-02
2.598184049129486084e-01
8.531137108802795410e-01
2.548890411853790283e-01
6.916229724884033203e-01
9.022628068923950195e-01
6.138139367103576660e-01
8.271306008100509644e-02
9.340473413467407227e-01
1.422918587923049927e-01
2.984900176525115967e-01
3.102818690240383148e-02
1.671646386384963989e-01
4.782534241676330566e-01
2.614746987819671631e-01
3.295679390430450439e-02
6.017398834228515625e-01
5.952838063240051270e-01
7.772276997566223145e-01
7.463575899600982666e-02
8.556249737739562988e-01
9.365091323852539062e-01
5.588237047195434570e-01
4.637166112661361694e-02
5.421722680330276489e-02
7.322977483272552490e-02
5.119976997375488281e-01
8.263977169990539551e-01
1.265839338302612305e-01
6.551770567893981934e-01
6.348482370376586914e-01
8.897290825843811035e-01
6.168355420231819153e-02
8.142848610877990723e-01
9.007968902587890625e-01
2.739786803722381592e-01
6.755654215812683105e-01
8.870143294334411621e-01
1.212488561868667603e-01
3.660707473754882812e-01
8.975211977958679199e-01
3.143743872642517090e-01
8.246928453445434570e-01
5.324152484536170959e-02
1.704496443271636963e-01
2.862822413444519043e-01
4.242942482233047485e-02
9.285560846328735352e-01
9.575150161981582642e-02
8.109130263328552246e-01
5.712270140647888184e-01
2.306432574987411499e-01
9.721192717552185059e-02
6.575363874435424805e-02
6.954052299261093140e-02
8.701875805854797363e-02
3.042432069778442383e-01
6.658941507339477539e-01
1.528518050909042358e-01
7.884417772293090820e-01
6.174118444323539734e-02
5.721823573112487793e-01
3.498271107673645020e-01
3.402849286794662476e-02
2.245739847421646118e-01
2.839795053005218506e-01
1.435238867998123169e-01
1.845827996730804443e-01
6.541772931814193726e-02
6.774953603744506836e-01
7.897766828536987305e-01
8.020528554916381836e-01
2.254236191511154175e-01
1.808196306228637695e-01
7.697418332099914551e-01
9.772402048110961914e-02
8.516660928726196289e-01
2.174710035324096680e-01
7.790315151214599609e-01
9.169545769691467285e-02
1.705005913972854614e-01
8.976239562034606934e-01
4.736546277999877930e-01
4.712155759334564209e-01
4.237798154354095459e-01
1.714700311422348022e-01
5.349830165505409241e-02
1.616999357938766479e-01
4.808683097362518311e-01
1.075623556971549988e-01
6.786386668682098389e-02
6.666432619094848633e-01
7.774468064308166504e-01
3.486194908618927002e-01
2.276582717895507812e-01
2.960418537259101868e-02
1.597634404897689819e-01
8.246535658836364746e-01
3.418494462966918945e-01
1.386984139680862427e-01
7.895307540893554688e-01
5.616413354873657227e-01
4.643469452857971191e-01
5.244995281100273132e-02
5.152224376797676086e-02
4.402707889676094055e-02
1.099046170711517334e-01
6.171463131904602051e-01
8.732954263687133789e-01
5.821247100830078125e-01
4.267977476119995117e-01
7.241339981555938721e-02
9.074778109788894653e-02
1.877772212028503418e-01
6.019616127014160156e-01
2.589280307292938232e-01
8.803931474685668945e-01
6.139940619468688965e-01
1.616775393486022949e-01
2.060729563236236572e-01
4.758177101612091064e-01
2.061665356159210205e-01
6.351212859153747559e-01
9.042530059814453125e-01
4.270086884498596191e-01
6.483959555625915527e-01
1.600798964500427246e-01
5.397338420152664185e-02
8.160697668790817261e-02
9.485796093940734863e-02
3.627100959420204163e-02
7.689961791038513184e-02
3.714854419231414795e-01
6.914252787828445435e-02
2.242653071880340576e-01
8.706304430961608887e-01
2.176127582788467407e-01
2.958135865628719330e-02
1.693243086338043213e-01
9.572862088680267334e-02
5.700004845857620239e-02
2.567274868488311768e-01
6.709293127059936523e-01
1.673675179481506348e-01
6.542110443115234375e-01
3.188444301486015320e-02
2.549203038215637207e-01
4.445053935050964355e-01
1.070245802402496338e-01
8.611761927604675293e-01
5.906252562999725342e-02
4.638575762510299683e-02
3.159346058964729309e-02
5.150046199560165405e-02
4.817249476909637451e-01
8.026307821273803711e-02
7.531614303588867188e-01
5.348913744091987610e-02
1.389268338680267334e-01
5.987670421600341797e-01
7.894074916839599609e-02
3.282796442508697510e-01
1.628918796777725220e-01
4.277926683425903320e-02
6.949015259742736816e-01
4.281677305698394775e-01
5.044381022453308105e-01
9.009063243865966797e-01
1.485336124897003174e-01
2.178338617086410522e-01
4.257325232028961182e-01
7.943984866142272949e-02
1.532445251941680908e-01
3.071351647377014160e-01
6.674344092607498169e-02
8.371408283710479736e-02
6.622705608606338501e-02
1.156097427010536194e-01
9.101489186286926270e-01
7.313042134046554565e-02
4.707582294940948486e-02
3.116242587566375732e-02
8.664138913154602051e-01
7.357416749000549316e-01
1.267184615135192871e-01
1.286951750516891479e-01
4.090531170368194580e-01
2.918713390827178955e-01
1.528608798980712891e-01
3.441367149353027344e-01
2.913715131580829620e-02
4.295190423727035522e-02
8.054661750793457031e-02
5.142895504832267761e-02
1.569931656122207642e-01
5.742390453815460205e-02
6.619689464569091797e-01
1.696996837854385376e-01
8.047532439231872559e-01
8.153834193944931030e-02
2.674971818923950195e-01
6.889321655035018921e-02
7.198961973190307617e-01
2.173716425895690918e-01
6.646044254302978516e-01
8.740023374557495117e-01
3.323709666728973389e-01
2.983431518077850342e-01
2.398181855678558350e-01
6.447728723287582397e-02
3.921049088239669800e-02
4.464787989854812622e-02
7.372548580169677734e-01
4.351027905941009521e-01
7.588027119636535645e-01
2.961386367678642273e-02
4.119312763214111328e-01
1.750970482826232910e-01
5.323300883173942566e-02
8.531522750854492188e-02
4.933799058198928833e-02
5.592369437217712402e-01
5.797413587570190430e-01
3.020764142274856567e-02
4.811758175492286682e-02
4.139464497566223145e-01
5.003448575735092163e-02
2.144155353307723999e-01
1.883770078420639038e-01
1.060339510440826416e-01
8.298633247613906860e-02
7.873564958572387695e-02
8.612114787101745605e-01
5.340282320976257324e-01
7.796031236648559570e-02
1.270805150270462036e-01
1.558371335268020630e-01
8.612734079360961914e-02
7.540927529335021973e-01
2.897794246673583984e-01
1.977879554033279419e-01
3.218898177146911621e-01
8.002249151468276978e-02
8.148648738861083984e-01
5.401698499917984009e-02
2.840342819690704346e-01
5.003632232546806335e-02
8.740069866180419922e-01
8.535375446081161499e-02
3.838610649108886719e-02
2.345325350761413574e-01
6.756801009178161621e-01
5.022773742675781250e-01
3.235214576125144958e-02
5.635377392172813416e-02
4.576988816261291504e-01
2.576254904270172119e-01
1.130758374929428101e-01
4.848998412489891052e-02
9.233863651752471924e-02
5.891197323799133301e-01
1.390447616577148438e-01
4.838917776942253113e-02
2.471202611923217773e-01
4.134605824947357178e-02
6.734610348939895630e-02
9.266614317893981934e-01
9.734804183244705200e-02
8.319594711065292358e-02
9.371156692504882812e-01
1.338288784027099609e-01
4.867780506610870361e-01
5.542918294668197632e-02
8.140560388565063477e-01
4.493358433246612549e-01
4.816359654068946838e-02
8.145211338996887207e-01
8.507046699523925781e-01
4.928438365459442139e-01
3.145066276192665100e-02
4.932530224323272705e-01
1.731806099414825439e-01
7.749786227941513062e-02
6.968532204627990723e-01
3.120001591742038727e-02
7.012796401977539062e-02
1.561549752950668335e-01
8.579093962907791138e-02
1.874633580446243286e-01
3.398706912994384766e-01
4.080866649746894836e-02
6.784927248954772949e-01
6.972038745880126953e-02
8.391891121864318848e-01
5.217019319534301758e-01
2.603343129158020020e-01
4.431361556053161621e-01
1.463052630424499512e-01
9.749251604080200195e-02
1.277723610401153564e-01
8.559514284133911133e-01
1.606656759977340698e-01
6.672964096069335938e-01
8.932338356971740723e-01
3.647284209728240967e-01
6.388118118047714233e-02
6.201987266540527344e-01
3.871815651655197144e-02
7.924857139587402344e-01
4.200021922588348389e-02
1.810524612665176392e-01
3.101309537887573242e-01
8.966258168220520020e-01
3.835053741931915283e-01
7.787539362907409668e-01
3.776370584964752197e-01
1.663853377103805542e-01
4.256044626235961914e-01
1.621759533882141113e-01
1.647469997406005859e-01
5.446510910987854004e-01
5.208328962326049805e-01
9.627029299736022949e-02
7.078486084938049316e-01
6.617623567581176758e-01
5.817148834466934204e-02
2.872240245342254639e-01
8.679568171501159668e-01
4.753470420837402344e-02
3.923873901367187500e-01
1.492027789354324341e-01
2.436266690492630005e-01
1.099710091948509216e-01
9.902730584144592285e-02
6.647341847419738770e-01
4.963410198688507080e-01
4.562947154045104980e-01
5.505384802818298340e-01
8.765326142311096191e-01
9.303582906723022461e-01
9.306091070175170898e-01
2.973287180066108704e-02
4.381259679794311523e-01
1.875427663326263428e-01
2.139584869146347046e-01
9.240494966506958008e-01
2.044842839241027832e-01
1.312624216079711914e-01
2.286201715469360352e-01
3.645306080579757690e-02
8.711076378822326660e-01
2.970483340322971344e-02
8.020677417516708374e-02
7.709606885910034180e-01
3.020283952355384827e-02
5.776548758149147034e-02
4.497835934162139893e-01
3.732677102088928223e-01
9.157052040100097656e-01
8.809727430343627930e-02
5.045646801590919495e-02
6.849427521228790283e-02
8.899491429328918457e-01
9.092639088630676270e-01
2.972315624356269836e-02
7.685164809226989746e-01
3.980580717325210571e-02
8.782128095626831055e-01
3.411574661731719971e-01
6.626963019371032715e-01
4.607232809066772461e-01
7.359241694211959839e-02
1.923201531171798706e-01
6.881650090217590332e-01
3.028328716754913330e-02
3.006644360721111298e-02
7.413796782493591309e-01
3.216874971985816956e-02
1.866597235202789307e-01
2.695480585098266602e-01
4.131673574447631836e-01
2.981646731495857239e-02
7.910829782485961914e-01
2.255801111459732056e-01
3.735724389553070068e-01
3.264926373958587646e-02
2.008768171072006226e-01
8.185998797416687012e-01
6.030405163764953613e-01
9.075432419776916504e-01
1.936971247196197510e-01
4.335174560546875000e-01
1.733908057212829590e-01
3.708237707614898682e-01
1.371646672487258911e-01
8.279170840978622437e-02
4.009145125746726990e-02
7.745866775512695312e-01
7.886570692062377930e-01
6.757795810699462891e-01
9.876261651515960693e-02
4.276882410049438477e-01
6.470818072557449341e-02
1.548935621976852417e-01
9.000387787818908691e-01
8.068642616271972656e-01
1.418669372797012329e-01
8.423467725515365601e-02
4.777007922530174255e-02
2.983888797461986542e-02
1.859866529703140259e-01
7.951651811599731445e-01
2.676581442356109619e-01
3.023229725658893585e-02
1.618238240480422974e-01
5.282073616981506348e-01
8.158333301544189453e-01
6.360241025686264038e-02
4.966779351234436035e-01
4.150792062282562256e-01
9.162782430648803711e-01
1.911519020795822144e-01
5.132548138499259949e-02
4.510292410850524902e-01
3.582139611244201660e-01
4.099123179912567139e-01
3.132446482777595520e-02
3.459404110908508301e-01
8.888624906539916992e-01
8.830109238624572754e-01
7.582758069038391113e-01
5.018289685249328613e-01
5.634973198175430298e-02
4.907344579696655273e-01
6.637388467788696289e-01
1.728983521461486816e-01
2.600063383579254150e-01
5.654945373535156250e-01
6.863918900489807129e-02
3.304096311330795288e-02
4.401855915784835815e-02
4.317939579486846924e-01
2.424794584512710571e-01
3.041470795869827271e-02
3.968153297901153564e-01
6.809383630752563477e-01
5.065757632255554199e-01
5.513172745704650879e-01
4.248427152633666992e-01
2.623896896839141846e-01
8.530812710523605347e-02
6.468606740236282349e-02
6.047917604446411133e-01
9.354007840156555176e-01
3.039207682013511658e-02
9.253332018852233887e-01
9.210827350616455078e-01
6.961168646812438965e-01
1.779745668172836304e-01
8.048182725906372070e-01
4.503826424479484558e-02
3.179969489574432373e-01
5.838760733604431152e-01
7.339175343513488770e-01
8.117797374725341797e-01
5.720932409167289734e-02
4.477293789386749268e-02
2.623017728328704834e-01
8.080620765686035156e-01
2.893078923225402832e-01
1.831458061933517456e-01
4.632624387741088867e-01
4.002436101436614990e-01
3.918226659297943115e-01
1.504915207624435425e-01
5.095141530036926270e-01
1.231889575719833374e-01
3.317804336547851562e-01
7.927236557006835938e-01
6.556538343429565430e-01
3.089264594018459320e-02
7.511443495750427246e-01
3.076398745179176331e-02
4.881010949611663818e-01
8.661811947822570801e-01
3.139928355813026428e-02
7.896192371845245361e-02
4.237192124128341675e-02
2.782221436500549316e-01
9.328851699829101562e-01
5.273622870445251465e-01
7.675538063049316406e-01
4.955837875604629517e-02
4.287467151880264282e-02
4.233279079198837280e-02
8.856160044670104980e-01
2.459709197282791138e-01
5.085964798927307129e-01
7.287740707397460938e-01
2.471867352724075317e-01
7.067164033651351929e-02
3.057336062192916870e-02
6.242249011993408203e-01
9.238379001617431641e-01
5.601914599537849426e-02
5.299228802323341370e-02
8.018634319305419922e-01
1.621800214052200317e-01
3.052521310746669769e-02
3.778822422027587891e-01
6.070583313703536987e-02
1.102924719452857971e-01
2.653094232082366943e-01
2.871504724025726318e-01
3.116231784224510193e-02
6.090754270553588867e-02
9.650012105703353882e-02
1.979189366102218628e-01
5.167128443717956543e-01
6.922020912170410156e-01
2.168265283107757568e-01
6.650341302156448364e-02
7.264240831136703491e-02
1.065519005060195923e-01
1.547512412071228027e-01
8.449618518352508545e-02
6.458863615989685059e-02
5.018909275531768799e-02
3.420610427856445312e-01
9.240916967391967773e-01
1.256026774644851685e-01
4.006486237049102783e-01
1.150589808821678162e-01
6.875537633895874023e-01
3.967118859291076660e-01
2.520545721054077148e-01
3.746068179607391357e-01
9.126974940299987793e-01
4.378774017095565796e-02
1.038342341780662537e-01
5.052542686462402344e-02
9.936869144439697266e-02
1.105617359280586243e-01
5.683080554008483887e-01
5.162234306335449219e-01
3.049260675907135010e-01
8.597568273544311523e-01
3.529997467994689941e-01
4.557978808879852295e-01
3.301193118095397949e-01
1.271502524614334106e-01
7.800183296203613281e-01
2.198828458786010742e-01
3.130919858813285828e-02
9.018266201019287109e-01
7.053266167640686035e-01
6.182960867881774902e-01
6.262233853340148926e-01
4.827022552490234375e-02
2.054249048233032227e-01
1.209457963705062866e-01
1.234497204422950745e-01
5.550552010536193848e-01
4.910185188055038452e-02
7.196022570133209229e-02
4.677283465862274170e-01
5.396503955125808716e-02
7.962819933891296387e-01
5.152401328086853027e-01
5.974338650703430176e-01
4.267072677612304688e-02
6.602530479431152344e-01
7.752014994621276855e-01
1.793442368507385254e-01
8.609355092048645020e-01
6.551650166511535645e-01
4.770997762680053711e-01
3.286446258425712585e-02
6.903516054153442383e-01
3.791210353374481201e-01
5.386918038129806519e-02
8.129505515098571777e-01
3.210991621017456055e-01
8.553956747055053711e-01
7.549541443586349487e-02
3.286007046699523926e-01
3.434473574161529541e-01
4.430033266544342041e-01
5.739358663558959961e-01
8.891792893409729004e-01
1.757063120603561401e-01
2.295135110616683960e-01
2.963454276323318481e-02
8.327311277389526367e-01
4.896605014801025391e-02
2.960703521966934204e-02
8.780619502067565918e-01
7.617732882499694824e-01
5.283250212669372559e-01
9.404547512531280518e-02
6.397015452384948730e-01
6.196651458740234375e-01
8.098946213722229004e-01
2.322153300046920776e-01
7.905606031417846680e-01
2.984259650111198425e-02
5.864811539649963379e-01
4.766207933425903320e-02
6.580917835235595703e-01
5.770622566342353821e-02
2.490367591381072998e-01
5.328764915466308594e-01
2.117921561002731323e-01
2.105393409729003906e-01
3.106456398963928223e-01
4.922858476638793945e-01
8.235399127006530762e-01
4.252069294452667236e-01
4.965483844280242920e-01
7.420730590820312500e-02
4.773332178592681885e-01
7.284812331199645996e-01
8.720383048057556152e-01
1.178492307662963867e-01
1.833964139223098755e-01
5.107762664556503296e-02
9.712019562721252441e-02
1.091673895716667175e-01
2.983465790748596191e-01
9.238052368164062500e-01
2.772675454616546631e-01
6.017287373542785645e-01
1.094584092497825623e-01
7.066167593002319336e-01
2.660824954509735107e-01
2.275308221578598022e-01
3.816900402307510376e-02
4.705017060041427612e-02
7.447883486747741699e-02
9.104471802711486816e-01
8.408327102661132812e-01
3.876684606075286865e-01
1.185075044631958008e-01
8.713188171386718750e-01
9.278374314308166504e-01
5.855658650398254395e-01
1.533087044954299927e-01
1.503902077674865723e-01
8.037987947463989258e-01
6.485086679458618164e-01
8.890793919563293457e-01
1.033214703202247620e-01
9.160382151603698730e-01
9.121708869934082031e-01
3.330764174461364746e-01
8.823454976081848145e-01
4.257385730743408203e-01
3.071778826415538788e-02
6.185175776481628418e-01
1.939433217048645020e-01
8.657214641571044922e-01
1.156494542956352234e-01
7.200148701667785645e-01
8.553913831710815430e-01
7.534636557102203369e-02
7.745993137359619141e-01
7.531607747077941895e-01
6.172914505004882812e-01
3.615136444568634033e-02
5.729352235794067383e-01
7.024640440940856934e-01
5.159105062484741211e-01
2.227765917778015137e-01
2.240858674049377441e-01
3.693973720073699951e-01
7.966378927230834961e-01
7.345833182334899902e-01
8.606817573308944702e-02
7.471501827239990234e-02
2.571476697921752930e-01
2.970831096172332764e-02
9.783925861120223999e-02
1.317193210124969482e-01
7.870648503303527832e-01
1.234294325113296509e-01
3.133878484368324280e-02
4.142449200153350830e-01
4.873294830322265625e-01
5.854342505335807800e-02
4.970890283584594727e-01
4.924554005265235901e-02
8.368059396743774414e-01
7.324094772338867188e-01
3.241899982094764709e-02
2.466225326061248779e-01
3.766679763793945312e-02
5.044312477111816406e-01
2.117626965045928955e-01
1.030465289950370789e-01
5.285275354981422424e-02
6.574928760528564453e-02
1.881956309080123901e-01
1.940694749355316162e-01
5.785525962710380554e-02
2.064020782709121704e-01
2.108202725648880005e-01
4.698552787303924561e-01
5.547228455543518066e-01
5.521292984485626221e-02
8.083812147378921509e-02
7.421427965164184570e-01
5.076593160629272461e-01
4.513853043317794800e-02
9.366993308067321777e-01
6.921927332878112793e-01
3.631746470928192139e-01
6.928740441799163818e-02
2.372724562883377075e-01
4.117097705602645874e-02
5.241585895419120789e-02
3.996894061565399170e-01
2.918899804353713989e-02
7.051357626914978027e-01
8.686028718948364258e-01
8.838350176811218262e-01
5.850053578615188599e-02
4.557404220104217529e-01
9.273912012577056885e-02
5.198054313659667969e-01
6.172674894332885742e-01
1.621374040842056274e-01
5.312080383300781250e-01
3.615978956222534180e-01
9.258289337158203125e-01
9.116183221340179443e-02
1.306705176830291748e-01
7.955800294876098633e-01
3.643059730529785156e-01
7.792078256607055664e-01
6.298279762268066406e-01
5.153256058692932129e-01
3.106014728546142578e-01
8.338060975074768066e-01
8.697816133499145508e-01
2.469328790903091431e-01
9.083794355392456055e-01
9.845071285963058472e-02
8.191986680030822754e-01
6.317678093910217285e-01
4.721574112772941589e-02
2.978821471333503723e-02
6.005968451499938965e-01
1.477618962526321411e-01
4.316425696015357971e-02
3.121978789567947388e-02
9.112098813056945801e-01
1.190198659896850586e-01
3.027046658098697662e-02
1.188562810420989990e-01
1.359558552503585815e-01
1.346759647130966187e-01
2.983991056680679321e-02
1.015636548399925232e-01
3.391997888684272766e-02
2.419857978820800781e-01
2.825606763362884521e-01
6.807057261466979980e-01
6.051794886589050293e-01
7.747304439544677734e-01
2.010622024536132812e-01
1.836020946502685547e-01
2.701687216758728027e-01
8.037890195846557617e-01
5.990887805819511414e-02
2.058037370443344116e-01
6.287041902542114258e-01
2.984929084777832031e-02
8.948937654495239258e-01
3.749083280563354492e-01
3.290063515305519104e-02
6.177406758069992065e-02
4.292748272418975830e-01
1.849726438522338867e-01
8.267130851745605469e-01
1.939286738634109497e-01
1.696658581495285034e-01
6.332658231258392334e-02
3.075664043426513672e-01
5.732698440551757812e-01
1.370655447244644165e-01
2.578846514225006104e-01
1.139303743839263916e-01
4.011612012982368469e-02
9.143127501010894775e-02
1.273096352815628052e-01
4.557968974113464355e-01
3.039152733981609344e-02
8.422838449478149414e-01
7.884413003921508789e-01
6.414654105901718140e-02
