4.363161697983741760e-02
8.896284103393554688e-01
2.216625511646270752e-01
8.880901932716369629e-01
2.322946041822433472e-01
7.055836170911788940e-02
2.586674988269805908e-01
1.681149899959564209e-01
8.802921772003173828e-01
1.014957353472709656e-01
3.910004198551177979e-01
3.611729145050048828e-01
8.405812978744506836e-01
5.290331244468688965e-01
1.937162578105926514e-01
2.159676849842071533e-01
1.045628339052200317e-01
7.008314728736877441e-01
8.956905603408813477e-01
4.548384845256805420e-01
6.706827282905578613e-01
8.243542909622192383e-01
6.920850276947021484e-02
1.624709516763687134e-01
3.000014722347259521e-01
6.992927938699722290e-02
8.637917041778564453e-01
2.566328942775726318e-01
3.910559415817260742e-01
5.661312937736511230e-01
2.822867035865783691e-01
3.352326527237892151e-02
8.634551167488098145e-01
5.736515298485755920e-02
5.359504222869873047e-01
9.615771472454071045e-02
3.450933396816253662e-01
1.600205153226852417e-01
3.716216385364532471e-01
8.805049061775207520e-01
8.740339428186416626e-02
7.234703004360198975e-02
5.344100296497344971e-02
5.017081648111343384e-02
7.299626618623733521e-02
2.705270051956176758e-01
3.473100662231445312e-01
8.327270746231079102e-01
4.167088866233825684e-02
8.716241121292114258e-01
8.942907303571701050e-02
4.291820526123046875e-02
2.147586792707443237e-01
4.756668210029602051e-01
1.092147678136825562e-01
1.020270064473152161e-01
8.683769106864929199e-01
8.342273533344268799e-02
6.689856201410293579e-02
1.451831609010696411e-01
4.577679038047790527e-01
1.255746036767959595e-01
1.864551454782485962e-01
5.077243968844413757e-02
5.387204885482788086e-02
6.673778593540191650e-02
6.122185662388801575e-02
4.957324564456939697e-01
5.096855759620666504e-01
2.429589927196502686e-01
4.026227816939353943e-02
7.299111485481262207e-01
3.292803466320037842e-01
6.413819640874862671e-02
3.031053841114044189e-01
6.425112485885620117e-02
3.543788194656372070e-02
4.172609001398086548e-02
7.551869750022888184e-02
5.175228044390678406e-02
8.826527595520019531e-01
8.524423241615295410e-01
8.703339695930480957e-01
6.428618431091308594e-01
8.827806115150451660e-01
5.905610322952270508e-01
5.493788421154022217e-02
1.014518514275550842e-01
8.704196214675903320e-01
1.617269068956375122e-01
5.818570256233215332e-01
5.310416966676712036e-02
5.058298632502555847e-02
5.694284439086914062e-01
5.640830397605895996e-01
2.860197424888610840e-01
4.586763978004455566e-01
8.835186958312988281e-01
6.871584057807922363e-02
7.918889820575714111e-02
6.373074054718017578e-01
1.842752248048782349e-01
5.623898506164550781e-01
2.253597676753997803e-01
2.624577283859252930e-01
1.329231858253479004e-01
6.551378965377807617e-02
4.947096705436706543e-01
4.682202041149139404e-01
3.934134840965270996e-01
3.695309460163116455e-01
4.595735669136047363e-02
5.102517083287239075e-02
8.920586109161376953e-01
1.485064178705215454e-01
5.783019959926605225e-02
8.739476799964904785e-01
4.704195261001586914e-02
1.220295205712318420e-01
7.882699370384216309e-01
4.715768992900848389e-02
6.019420176744461060e-02
1.179690435528755188e-01
6.130082011222839355e-01
8.863635063171386719e-01
1.576743125915527344e-01
5.261020362377166748e-02
3.580387830734252930e-01
6.704468280076980591e-02
6.567066907882690430e-02
8.832299709320068359e-01
4.555265903472900391e-01
8.850968480110168457e-01
1.643796861171722412e-01
5.969843268394470215e-01
5.168450474739074707e-01
8.767031431198120117e-01
2.248587459325790405e-01
4.446222484111785889e-01
4.822957888245582581e-02
6.862717866897583008e-01
8.661404252052307129e-01
5.353522300720214844e-01
3.746378123760223389e-01
2.718044817447662354e-01
8.357001096010208130e-02
4.341797828674316406e-01
6.427271962165832520e-01
8.021046519279479980e-01
1.520002186298370361e-01
5.145166069269180298e-02
1.532450765371322632e-01
7.656632363796234131e-02
1.081643700599670410e-01
1.503391116857528687e-01
1.186193972826004028e-01
3.400886356830596924e-01
3.764284253120422363e-01
3.190371990203857422e-01
8.668819069862365723e-01
2.564146220684051514e-01
7.450612783432006836e-01
1.352555155754089355e-01
3.030375540256500244e-01
8.079953193664550781e-01
2.081147134304046631e-01
1.850085109472274780e-01
3.996575176715850830e-01
5.635974556207656860e-02
2.113042324781417847e-01
5.741428956389427185e-02
4.835237190127372742e-02
3.794226646423339844e-01
7.155402898788452148e-01
6.232307478785514832e-02
8.723826408386230469e-01
2.499089539051055908e-01
4.022978618741035461e-02
8.666868805885314941e-01
1.255191564559936523e-01
1.979595273733139038e-01
1.132446601986885071e-01
5.105864629149436951e-02
2.884362339973449707e-01
3.310402035713195801e-01
6.969572603702545166e-02
9.249059110879898071e-02
8.148273825645446777e-01
2.456774115562438965e-01
5.175826549530029297e-01
5.684066563844680786e-02
7.038211226463317871e-01
1.670705229043960571e-01
8.301485776901245117e-01
2.189808934926986694e-01
5.648052096366882324e-01
5.369492620229721069e-02
1.786283254623413086e-01
4.976418912410736084e-01
4.015284031629562378e-02
3.697779402136802673e-02
3.969510495662689209e-01
8.753885030746459961e-01
2.837217152118682861e-01
6.656380295753479004e-01
8.788003325462341309e-01
6.743953824043273926e-01
9.562622755765914917e-02
8.923820257186889648e-01
1.047959998250007629e-01
2.443725615739822388e-01
4.346761107444763184e-02
1.513348221778869629e-01
5.793502330780029297e-01
1.831516921520233154e-01
5.440136045217514038e-02
8.797813653945922852e-01
5.494956374168395996e-01
8.600805997848510742e-01
1.183467879891395569e-01
8.563274145126342773e-01
8.886145949363708496e-01
7.928941249847412109e-01
1.203328073024749756e-01
1.677578687667846680e-01
9.152703732252120972e-02
5.687218308448791504e-01
5.844311714172363281e-01
8.941762149333953857e-02
5.459070205688476562e-01
7.868378162384033203e-01
8.821088075637817383e-01
8.484265208244323730e-02
7.863871455192565918e-01
8.838333487510681152e-01
1.396564245223999023e-01
6.428481936454772949e-01
8.799160122871398926e-01
1.475477516651153564e-01
2.955584228038787842e-01
8.800939917564392090e-01
3.403543233871459961e-01
6.027430891990661621e-01
5.502749979496002197e-02
1.552069783210754395e-01
3.134447634220123291e-01
5.694349855184555054e-02
8.978786468505859375e-01
9.851834923028945923e-02
6.556568145751953125e-01
4.554394483566284180e-01
1.138115301728248596e-01
7.890850305557250977e-02
1.083260178565979004e-01
1.277507245540618896e-01
1.382906287908554077e-01
1.994061022996902466e-01
8.693260550498962402e-01
1.614705026149749756e-01
8.680222034454345703e-01
8.827228844165802002e-02
6.383239030838012695e-01
4.953425824642181396e-01
4.879169911146163940e-02
2.081928551197052002e-01
3.747430443763732910e-01
2.081015408039093018e-01
4.015040099620819092e-01
5.302701517939567566e-02
6.720742583274841309e-01
8.657468557357788086e-01
7.887134552001953125e-01
2.420124411582946777e-01
1.955620199441909790e-01
7.530660033226013184e-01
1.414793282747268677e-01
8.668289780616760254e-01
1.686306595802307129e-01
8.753384351730346680e-01
1.137779876589775085e-01
1.464485675096511841e-01
8.465709686279296875e-01
4.190993010997772217e-01
4.233397245407104492e-01
5.465691089630126953e-01
2.870582342147827148e-01
6.515821069478988647e-02
1.214659288525581360e-01
4.171984791755676270e-01
1.497316658496856689e-01
1.450624465942382812e-01
6.021082401275634766e-01
8.075076937675476074e-01
4.629198312759399414e-01
1.535787731409072876e-01
4.044381529092788696e-02
1.332754045724868774e-01
8.689201474189758301e-01
3.453716039657592773e-01
6.637453287839889526e-02
8.766932487487792969e-01
3.012056350708007812e-01
2.698138356208801270e-01
7.940831780433654785e-02
1.065732911229133606e-01
5.240601301193237305e-02
1.468349546194076538e-01
7.330938577651977539e-01
8.830063343048095703e-01
6.024941802024841309e-01
3.319503962993621826e-01
1.266131401062011719e-01
1.371757686138153076e-01
1.862717270851135254e-01
5.967683792114257812e-01
2.064514905214309692e-01
8.821303248405456543e-01
8.504126071929931641e-01
2.348842173814773560e-01
1.379453390836715698e-01
6.060170531272888184e-01
2.057361453771591187e-01
5.670067667961120605e-01
8.858535885810852051e-01
4.933121800422668457e-01
4.342243671417236328e-01
7.535292208194732666e-02
6.390720605850219727e-02
5.898746103048324585e-02
6.352712213993072510e-02
4.491815343499183655e-02
4.417141154408454895e-02
5.381945371627807617e-01
1.485794037580490112e-01
2.751968204975128174e-01
8.805121779441833496e-01
2.018190622329711914e-01
4.040906950831413269e-02
1.275565624237060547e-01
1.082931607961654663e-01
6.046706810593605042e-02
2.762581408023834229e-01
7.103084325790405273e-01
2.243515849113464355e-01
8.754048347473144531e-01
4.761461168527603149e-02
2.743398249149322510e-01
5.396122336387634277e-01
1.285997033119201660e-01
8.639963269233703613e-01
1.224936023354530334e-01
4.720135405659675598e-02
3.797177970409393311e-02
9.243097901344299316e-02
3.142044246196746826e-01
6.534513086080551147e-02
8.502820730209350586e-01
1.594571918249130249e-01
1.416159570217132568e-01
4.484038949012756348e-01
1.678254008293151855e-01
4.975366890430450439e-01
1.807022690773010254e-01
1.419276148080825806e-01
5.634926557540893555e-01
3.864752650260925293e-01
4.342702329158782959e-01
8.834688067436218262e-01
2.435714900493621826e-01
4.701476916670799255e-02
3.576491475105285645e-01
8.414757996797561646e-02
9.059203416109085083e-02
1.906371563673019409e-01
7.070196419954299927e-02
5.616702884435653687e-02
1.422147899866104126e-01
1.143815070390701294e-01
8.421762585639953613e-01
7.606849074363708496e-02
4.672848433256149292e-02
4.068236052989959717e-02
8.583455085754394531e-01
6.089342832565307617e-01
2.002430558204650879e-01
2.155134975910186768e-01
3.428647816181182861e-01
3.427743911743164062e-01
2.591947019100189209e-01
4.846797883510589600e-01
3.903597593307495117e-02
6.525492668151855469e-02
6.356675177812576294e-02
6.443634629249572754e-02
1.427704542875289917e-01
5.783943459391593933e-02
6.286083459854125977e-01
3.179602324962615967e-01
8.626874685287475586e-01
1.697682589292526245e-01
2.643724381923675537e-01
5.311592295765876770e-02
8.497161865234375000e-01
5.566793680191040039e-01
8.346381187438964844e-01
8.127337694168090820e-01
1.904048025608062744e-01
4.682619869709014893e-01
2.080034911632537842e-01
1.211241334676742554e-01
5.695166811347007751e-02
4.034550115466117859e-02
8.216227293014526367e-01
3.765400648117065430e-01
8.251377940177917480e-01
4.845450073480606079e-02
4.005348384380340576e-01
1.885837465524673462e-01
4.359583929181098938e-02
6.440673023462295532e-02
5.052184313535690308e-02
6.091058254241943359e-01
7.162347435951232910e-01
4.196733608841896057e-02
4.369203746318817139e-02
4.453219175338745117e-01
4.773712903261184692e-02
1.170721352100372314e-01
2.127606123685836792e-01
1.126113161444664001e-01
9.170723706483840942e-02
1.122310683131217957e-01
8.667126893997192383e-01
6.050459146499633789e-01
1.209178343415260315e-01
1.890160888433456421e-01
1.598985493183135986e-01
1.281584352254867554e-01
6.469851732254028320e-01
4.261526167392730713e-01
1.813912838697433472e-01
3.472937047481536865e-01
5.764852091670036316e-02
8.166145682334899902e-01
6.200444325804710388e-02
1.864235401153564453e-01
4.766799509525299072e-02
8.850702047348022461e-01
7.178401947021484375e-02
5.348646640777587891e-02
4.123572707176208496e-01
8.596524596214294434e-01
4.474250674247741699e-01
4.502932727336883545e-02
5.603845044970512390e-02
5.298615694046020508e-01
4.915259480476379395e-01
1.514943391084671021e-01
6.237862631678581238e-02
2.213936299085617065e-01
4.121234118938446045e-01
2.013762891292572021e-01
6.130982190370559692e-02
1.218150630593299866e-01
5.786730721592903137e-02
7.300406694412231445e-02
8.965417742729187012e-01
2.040297538042068481e-01
1.130129992961883545e-01
8.987320065498352051e-01
3.303307592868804932e-01
5.181209444999694824e-01
8.227590471506118774e-02
8.404954075813293457e-01
5.187413692474365234e-01
8.703058958053588867e-02
8.756483793258666992e-01
8.800828456878662109e-01
3.329398930072784424e-01
3.398359194397926331e-02
3.338093161582946777e-01
2.672528028488159180e-01
6.825649738311767578e-02
5.455805063247680664e-01
4.665433615446090698e-02
1.282857805490493774e-01
3.357344269752502441e-01
6.615061312913894653e-02
2.057329565286636353e-01
4.976969361305236816e-01
6.235099583864212036e-02
5.179461240768432617e-01
6.136149913072586060e-02
8.714687228202819824e-01
5.835351943969726562e-01
2.518453598022460938e-01
1.749080270528793335e-01
1.414201855659484863e-01
6.683947145938873291e-02
6.852995604276657104e-02
8.790943026542663574e-01
1.014481112360954285e-01
8.277972340583801270e-01
8.838266134262084961e-01
4.305540323257446289e-01
5.464592576026916504e-02
7.871538996696472168e-01
1.290475726127624512e-01
8.681184649467468262e-01
6.192906573414802551e-02
1.137984246015548706e-01
3.052510023117065430e-01
8.040908575057983398e-01
2.880944013595581055e-01
7.252123355865478516e-01
2.026517391204833984e-01
1.558678895235061646e-01
5.736140012741088867e-01
1.349578350782394409e-01
1.665714830160140991e-01
1.557875871658325195e-01
5.568048357963562012e-01
5.171607434749603271e-02
4.666035473346710205e-01
5.288303494453430176e-01
2.764507830142974854e-01
2.508664429187774658e-01
8.779088854789733887e-01
6.289484351873397827e-02
5.294253826141357422e-01
1.323604732751846313e-01
2.647540271282196045e-01
6.687956303358078003e-02
1.364625394344329834e-01
5.490031838417053223e-01
2.975988388061523438e-01
6.459742188453674316e-01
4.884923696517944336e-01
8.853433728218078613e-01
8.974106311798095703e-01
8.884114027023315430e-01
4.020108655095100403e-02
3.151359260082244873e-01
1.864386200904846191e-01
3.154411911964416504e-01
8.743917346000671387e-01
1.672108620405197144e-01
2.117763757705688477e-01
1.852649301290512085e-01
1.010426506400108337e-01
8.813748955726623535e-01
4.250305518507957458e-02
2.049822732806205750e-02
8.708547949790954590e-01
4.951226338744163513e-02
6.769976764917373657e-02
2.208880782127380371e-01
3.416088521480560303e-01
8.916043639183044434e-01
1.421175301074981689e-01
5.428052693605422974e-02
7.250757515430450439e-02
8.732086420059204102e-01
8.829293847084045410e-01
3.748426958918571472e-02
8.736506104469299316e-01
5.953380092978477478e-02
6.465700864791870117e-01
3.067786097526550293e-01
8.431397080421447754e-01
4.851370751857757568e-01
5.387993901968002319e-02
3.544644117355346680e-01
8.353139758110046387e-01
5.686628073453903198e-02
4.626891762018203735e-02
5.992651581764221191e-01
4.021573066711425781e-02
1.671049892902374268e-01
4.515482485294342041e-01
5.046001076698303223e-01
4.578718915581703186e-02
7.696015834808349609e-01
1.667238473892211914e-01
1.503010690212249756e-01
4.364534094929695129e-02
3.989141881465911865e-01
8.785536885261535645e-01
7.248529791831970215e-01
8.522586226463317871e-01
3.566684126853942871e-01
5.031867623329162598e-01
2.481716871261596680e-01
3.362272083759307861e-01
5.660575628280639648e-02
7.433837652206420898e-02
7.590462267398834229e-02
8.164118528366088867e-01
8.001290559768676758e-01
8.128486871719360352e-01
9.711094200611114502e-02
4.828331470489501953e-01
6.483884900808334351e-02
8.769193291664123535e-02
8.851873278617858887e-01
8.560383915901184082e-01
1.431801021099090576e-01
7.972162961959838867e-02
4.417530819773674011e-02
4.669219627976417542e-02
1.963685750961303711e-01
8.775913715362548828e-01
4.313505887985229492e-01
4.192564636468887329e-02
8.767661452293395996e-02
5.670040249824523926e-01
6.774414777755737305e-01
5.946157127618789673e-02
4.408867657184600830e-01
4.915440976619720459e-01
8.740929365158081055e-01
1.844676285982131958e-01
5.377138406038284302e-02
3.413733839988708496e-01
3.474805951118469238e-01
3.204962313175201416e-01
4.554541409015655518e-02
3.445522785186767578e-01
8.826706409454345703e-01
8.785484433174133301e-01
7.891748547554016113e-01
1.329127699136734009e-01
5.245275050401687622e-02
5.438148975372314453e-01
4.410682320594787598e-01
1.960008293390274048e-01
4.528852999210357666e-01
6.416541934013366699e-01
8.025088161230087280e-02
5.213359370827674866e-02
4.783572256565093994e-02
4.034410119056701660e-01
2.266037762165069580e-01
4.339002817869186401e-02
5.063343048095703125e-01
8.641483783721923828e-01
5.508434772491455078e-01
6.405167579650878906e-01
3.416089415550231934e-01
1.625212728977203369e-01
8.537253737449645996e-02
5.076774209737777710e-02
6.385985016822814941e-01
8.825664520263671875e-01
3.923192620277404785e-02
8.819399476051330566e-01
8.968721032142639160e-01
8.558850288391113281e-01
2.928740382194519043e-01
8.251966238021850586e-01
5.836188793182373047e-02
2.912731468677520752e-01
5.944276452064514160e-01
8.244120478630065918e-01
6.881309747695922852e-01
5.932768434286117554e-02
7.855304330587387085e-02
4.141145646572113037e-01
6.083605289459228516e-01
3.642357289791107178e-01
2.212153971195220947e-01
6.392187476158142090e-01
5.051733851432800293e-01
5.248885750770568848e-01
2.786072790622711182e-01
3.989058434963226318e-01
1.142860502004623413e-01
3.173787891864776611e-01
8.353159427642822266e-01
4.997026324272155762e-01
4.747599363327026367e-02
8.641111850738525391e-01
4.608951881527900696e-02
3.823539316654205322e-01
8.616828918457031250e-01
6.302601844072341919e-02
2.916522920131683350e-01
4.745717346668243408e-02
4.648081362247467041e-01
8.968099951744079590e-01
4.779193699359893799e-01
8.270509243011474609e-01
4.849936813116073608e-02
4.753073677420616150e-02
5.331118032336235046e-02
8.740689158439636230e-01
2.068581730127334595e-01
7.856112718582153320e-01
4.818260967731475830e-01
1.673359870910644531e-01
7.886213809251785278e-02
9.112726897001266479e-02
5.129163265228271484e-01
8.690187931060791016e-01
4.743166640400886536e-02
6.171171739697456360e-02
8.772180080413818359e-01
1.442718803882598877e-01
4.769127443432807922e-02
2.470724880695343018e-01
5.189906805753707886e-02
8.076928555965423584e-02
3.642789721488952637e-01
2.641843557357788086e-01
4.378561303019523621e-02
2.121414840221405029e-01
2.465270608663558960e-01
1.047559976577758789e-01
6.528763771057128906e-01
6.041287779808044434e-01
3.017278015613555908e-01
5.156557634472846985e-02
7.058564573526382446e-02
6.933342665433883667e-02
1.916600614786148071e-01
1.714714020490646362e-01
2.627792656421661377e-01
5.144935846328735352e-02
3.811872601509094238e-01
8.956212401390075684e-01
5.553806573152542114e-02
3.277127742767333984e-01
2.240128964185714722e-01
7.326251864433288574e-01
2.040156126022338867e-01
1.038241982460021973e-01
3.316812813282012939e-01
8.751989006996154785e-01
5.307657271623611450e-02
1.726377308368682861e-01
5.404121056199073792e-02
1.205672174692153931e-01
2.653698921203613281e-01
6.939437389373779297e-01
5.883039832115173340e-01
2.301838397979736328e-01
8.817674517631530762e-01
2.372040450572967529e-01
6.374464035034179688e-01
2.956254780292510986e-01
8.313627541065216064e-02
7.154573202133178711e-01
8.793111145496368408e-02
4.883585870265960693e-02
8.859812021255493164e-01
7.396988868713378906e-01
8.568338155746459961e-01
8.122822046279907227e-01
9.434117376804351807e-02
3.469228148460388184e-01
1.201392114162445068e-01
1.561899781227111816e-01
5.060428977012634277e-01
6.030635535717010498e-02
5.467793345451354980e-02
5.308811068534851074e-01
6.691761314868927002e-02
8.275136947631835938e-01
5.409012436866760254e-01
6.383286714553833008e-01
5.176168680191040039e-02
6.638364791870117188e-01
7.803192138671875000e-01
7.635772973299026489e-02
8.775615096092224121e-01
4.899068772792816162e-01
5.478961467742919922e-01
6.981139630079269409e-02
8.804281949996948242e-01
3.963944017887115479e-01
5.384912341833114624e-02
8.742416501045227051e-01
3.041509389877319336e-01
6.886114478111267090e-01
6.518926471471786499e-02
3.378245532512664795e-01
3.530822098255157471e-01
3.528618812561035156e-01
4.471403658390045166e-01
8.811585903167724609e-01
1.714894324541091919e-01
2.113079279661178589e-01
3.924166783690452576e-02
8.781541585922241211e-01
4.866003617644309998e-02
5.005339160561561584e-02
8.633084893226623535e-01
8.799944519996643066e-01
5.775339007377624512e-01
1.048018112778663635e-01
7.291244268417358398e-01
5.246005058288574219e-01
8.804626464843750000e-01
1.405466049909591675e-01
8.790674805641174316e-01
3.664950281381607056e-02
4.721246063709259033e-01
4.610934481024742126e-02
7.662703990936279297e-01
6.048920378088951111e-02
2.873727679252624512e-01
5.393673181533813477e-01
1.594987958669662476e-01
2.286639660596847534e-01
3.810732066631317139e-01
4.394493997097015381e-01
8.799014091491699219e-01
3.104282617568969727e-01
4.245239198207855225e-01
6.957554072141647339e-02
4.995158910751342773e-01
8.684191703796386719e-01
7.515232563018798828e-01
1.416171640157699585e-01
1.981298923492431641e-01
6.444435566663742065e-02
2.188515365123748779e-01
2.202177345752716064e-01
2.097984105348587036e-01
8.913283944129943848e-01
8.188496530055999756e-02
6.734595894813537598e-01
3.129620552062988281e-01
6.940563917160034180e-01
2.610164284706115723e-01
8.610805124044418335e-02
5.584654584527015686e-02
4.860961809754371643e-02
7.436374574899673462e-02
8.619321584701538086e-01
8.557189702987670898e-01
4.143111407756805420e-01
8.717569708824157715e-02
8.581058979034423828e-01
8.921102285385131836e-01
6.239154338836669922e-01
8.316583931446075439e-02
2.736475765705108643e-01
8.723823428153991699e-01
8.680850863456726074e-01
8.235056400299072266e-01
7.725617289543151855e-02
8.978965282440185547e-01
8.563930392265319824e-01
6.157280802726745605e-01
8.785540461540222168e-01
4.456522166728973389e-01
4.461475834250450134e-02
4.934787154197692871e-01
1.516927778720855713e-01
8.523350954055786133e-01
1.163241639733314514e-01
4.406126737594604492e-01
8.687537312507629395e-01
5.963043868541717529e-02
7.711198925971984863e-01
5.002793669700622559e-01
8.637670278549194336e-01
5.769607052206993103e-02
4.979222714900970459e-01
7.912662625312805176e-01
5.604933500289916992e-01
3.976787328720092773e-01
1.093970090150833130e-01
5.139382481575012207e-01
6.915934681892395020e-01
4.926582276821136475e-01
1.039107218384742737e-01
3.356541320681571960e-02
6.897602975368499756e-02
4.009826853871345520e-02
1.203261390328407288e-01
1.350689679384231567e-01
8.124665021896362305e-01
1.106856912374496460e-01
4.938198626041412354e-02
2.720689773559570312e-01
6.330447793006896973e-01
1.096718534827232361e-01
3.779874145984649658e-01
9.985224902629852295e-02
8.501212596893310547e-01
7.875413894653320312e-01
4.798801243305206299e-02
1.866133511066436768e-01
4.821824282407760620e-02
4.359731078147888184e-01
2.286246716976165771e-01
9.141556173563003540e-02
6.817008554935455322e-02
5.727896466851234436e-02
5.932945609092712402e-01
1.380460560321807861e-01
2.720444276928901672e-02
2.246470153331756592e-01
2.176244109869003296e-01
4.484806358814239502e-01
5.963763594627380371e-01
5.450897663831710815e-02
6.032132729887962341e-02
6.533545851707458496e-01
5.520017147064208984e-01
5.215795338153839111e-02
8.954802155494689941e-01
8.411893248558044434e-01
3.635196387767791748e-01
4.730741679668426514e-02
1.609348654747009277e-01
4.906750842928886414e-02
5.376122519373893738e-02
2.676752507686614990e-01
4.071712493896484375e-01
5.926964282989501953e-01
8.370375037193298340e-01
8.595874905586242676e-01
3.872115164995193481e-02
3.912083208560943604e-01
7.282771915197372437e-02
2.062899172306060791e-01
5.876616239547729492e-01
3.275894522666931152e-01
3.959985971450805664e-01
1.957904100418090820e-01
8.911494612693786621e-01
7.796645164489746094e-02
2.731364071369171143e-01
8.782424926757812500e-01
4.787535071372985840e-01
6.051955819129943848e-01
7.939646244049072266e-01
5.877079963684082031e-01
4.256412684917449951e-01
8.284673690795898438e-01
8.737198710441589355e-01
4.360882639884948730e-01
8.767536282539367676e-01
7.927075028419494629e-02
8.397279977798461914e-01
8.473899364471435547e-01
5.161390081048011780e-02
4.623353853821754456e-02
5.336166024208068848e-01
2.068554610013961792e-01
5.020587146282196045e-02
2.577822506427764893e-01
8.817561268806457520e-01
6.530537456274032593e-02
4.972954466938972473e-02
1.977646350860595703e-01
6.636285036802291870e-02
1.341115385293960571e-01
9.974720329046249390e-02
2.764216065406799316e-01
5.341251567006111145e-02
3.828648626804351807e-01
2.798616886138916016e-01
5.754409432411193848e-01
7.796766161918640137e-01
8.760789036750793457e-01
2.684380412101745605e-01
1.411023437976837158e-01
4.995087385177612305e-01
7.934734225273132324e-01
6.016780063509941101e-02
3.082052171230316162e-01
4.447279572486877441e-01
4.325541108846664429e-02
8.857591748237609863e-01
2.113215327262878418e-01
1.230988129973411560e-01
8.247806131839752197e-02
5.607867240905761719e-01
2.315967082977294922e-01
8.061946034431457520e-01
1.258435100317001343e-01
1.802379339933395386e-01
5.811877921223640442e-02
6.228852868080139160e-01
4.789248406887054443e-01
2.135169953107833862e-01
2.343676239252090454e-01
1.057042479515075684e-01
4.133598506450653076e-02
1.894376277923583984e-01
5.122045427560806274e-02
5.334416627883911133e-01
1.541744321584701538e-01
8.648896813392639160e-01
8.721310496330261230e-01
1.302911639213562012e-01
