1.896144822239875793e-02
8.043552637100219727e-01
7.086111605167388916e-02
8.027684092521667480e-01
1.580635607242584229e-01
6.166921555995941162e-02
2.278521955013275146e-01
1.151045635342597961e-01
8.751088380813598633e-01
1.163024976849555969e-01
3.807421922683715820e-01
4.496837854385375977e-01
8.755543828010559082e-01
5.081516504287719727e-01
2.497016191482543945e-01
3.468968868255615234e-01
2.738398313522338867e-01
6.663597822189331055e-01
9.035543203353881836e-01
4.831341505050659180e-01
7.294639348983764648e-01
6.862887740135192871e-01
9.509892016649246216e-02
2.346469089388847351e-02
1.587776094675064087e-01
3.689625486731529236e-02
7.376366257667541504e-01
3.233393430709838867e-01
3.951270580291748047e-01
5.084278583526611328e-01
2.035859525203704834e-01
1.584224589169025421e-02
8.032675981521606445e-01
3.518785163760185242e-02
4.400595128536224365e-01
1.352301985025405884e-01
3.556814193725585938e-01
5.761427432298660278e-02
5.377605557441711426e-01
8.751216530799865723e-01
2.379421889781951904e-01
1.332967877388000488e-01
5.824648216366767883e-02
2.382792346179485321e-02
1.957126520574092865e-02
4.939039796590805054e-02
4.734593033790588379e-01
7.491231560707092285e-01
1.659209653735160828e-02
7.728037834167480469e-01
1.093303039669990540e-01
2.546249330043792725e-02
1.607476174831390381e-01
5.134570002555847168e-01
6.882473081350326538e-02
2.401099354028701782e-02
8.126428127288818359e-01
1.464008092880249023e-01
7.039294391870498657e-02
2.867388129234313965e-01
5.611260533332824707e-01
1.744214445352554321e-01
2.613816559314727783e-01
4.791980236768722534e-02
3.051739558577537537e-02
8.114205300807952881e-02
4.499510675668716431e-02
5.463258549571037292e-02
5.993713736534118652e-01
2.952003479003906250e-01
2.128077484667301178e-02
4.191714823246002197e-01
5.107960104942321777e-01
6.296051293611526489e-02
2.851988375186920166e-01
4.327956587076187134e-02
2.202108502388000488e-02
1.579795405268669128e-02
8.333567529916763306e-02
6.375572830438613892e-02
8.863518238067626953e-01
8.331723809242248535e-01
7.999434471130371094e-01
5.720370411872863770e-01
8.994097113609313965e-01
6.690679788589477539e-01
7.636611908674240112e-02
6.084003299474716187e-02
8.339167833328247070e-01
3.485573083162307739e-02
3.914419114589691162e-01
3.807868808507919312e-02
4.094325006008148193e-02
5.391423702239990234e-01
5.508796572685241699e-01
6.187375187873840332e-01
3.627993166446685791e-01
8.765808343887329102e-01
6.541535258293151855e-02
7.384030520915985107e-02
6.895859241485595703e-01
1.945559233427047729e-01
5.908849239349365234e-01
2.191242128610610962e-01
3.101751804351806641e-01
3.740866854786872864e-02
4.413700848817825317e-02
6.001892685890197754e-01
1.629989892244338989e-01
4.189144372940063477e-01
3.413824439048767090e-01
2.136493474245071411e-02
6.501591950654983521e-02
8.984750509262084961e-01
1.739113330841064453e-01
7.513234764337539673e-02
8.806572556495666504e-01
2.854641713201999664e-02
1.017612591385841370e-01
7.127689123153686523e-01
1.620763167738914490e-02
6.862047314643859863e-02
1.561001837253570557e-01
6.045221090316772461e-01
8.985927700996398926e-01
2.636398747563362122e-02
3.781432285904884338e-02
1.380795836448669434e-01
3.445095568895339966e-02
1.847908832132816315e-02
8.981083035469055176e-01
5.234511941671371460e-02
8.770424723625183105e-01
1.918121874332427979e-01
1.547532230615615845e-01
5.059555172920227051e-01
8.843058347702026367e-01
7.571304589509963989e-02
4.805063009262084961e-01
4.503129795193672180e-02
8.083010315895080566e-01
7.694392800331115723e-01
7.190434336662292480e-01
2.468741834163665771e-01
1.316875219345092773e-01
5.712096765637397766e-02
6.322538256645202637e-01
6.263300180435180664e-01
7.097100615501403809e-01
1.441134959459304810e-01
4.138118028640747070e-02
1.439733952283859253e-01
4.962564632296562195e-02
1.653424352407455444e-01
1.109669134020805359e-01
7.038863748311996460e-02
2.640122473239898682e-01
1.046882867813110352e-01
4.674270153045654297e-01
8.524424433708190918e-01
3.357189595699310303e-01
7.175418138504028320e-01
3.863343596458435059e-02
2.779202163219451904e-01
8.114448189735412598e-01
2.137104719877243042e-01
2.874052226543426514e-01
3.554515838623046875e-01
9.639166295528411865e-02
1.066881641745567322e-01
5.062532424926757812e-02
3.740946575999259949e-02
5.592820048332214355e-01
7.369970679283142090e-01
3.458902612328529358e-02
9.010378122329711914e-01
2.322264462709426880e-01
3.415588662028312683e-02
8.409910202026367188e-01
1.274685412645339966e-01
1.637813746929168701e-01
3.511629998683929443e-02
9.569802880287170410e-02
1.630218178033828735e-01
3.181389570236206055e-01
1.105903387069702148e-01
1.507991552352905273e-01
4.880082607269287109e-01
5.118914246559143066e-01
3.563922047615051270e-01
3.206470981240272522e-02
7.899281978607177734e-01
1.860298216342926025e-01
7.096402645111083984e-01
3.188309073448181152e-01
4.466131627559661865e-01
2.007225900888442993e-02
1.485017985105514526e-01
6.394525766372680664e-01
1.913535408675670624e-02
1.874546520411968231e-02
6.757174432277679443e-02
8.525366783142089844e-01
6.127535104751586914e-01
8.408135175704956055e-01
8.759069442749023438e-01
6.749060153961181641e-01
1.067626327276229858e-01
9.037228822708129883e-01
1.155091971158981323e-01
3.787468671798706055e-01
1.976873725652694702e-02
4.238200187683105469e-01
6.204150915145874023e-01
3.403564691543579102e-01
1.790514029562473297e-02
5.990195870399475098e-01
7.600877285003662109e-01
7.767052650451660156e-01
5.084545165300369263e-02
8.798778653144836426e-01
9.026193022727966309e-01
6.152233481407165527e-02
3.252523764967918396e-02
1.061371490359306335e-01
1.195993945002555847e-01
6.285880804061889648e-01
6.623903512954711914e-01
8.181355148553848267e-02
7.542021870613098145e-01
7.242670059204101562e-01
8.821750879287719727e-01
1.037437990307807922e-01
8.393965959548950195e-01
8.838191628456115723e-01
3.082862496376037598e-01
6.444291472434997559e-01
8.951281905174255371e-01
8.348853886127471924e-02
4.578654468059539795e-01
8.404548764228820801e-01
4.912788569927215576e-01
7.707901597023010254e-01
1.983713731169700623e-02
1.943926662206649780e-01
3.309656679630279541e-01
2.231185883283615112e-02
8.985300064086914062e-01
5.206473171710968018e-02
7.570621967315673828e-01
5.870965123176574707e-01
1.600720584392547607e-01
4.481115192174911499e-02
5.520907416939735413e-02
3.648508340120315552e-02
1.250595748424530029e-01
2.817125320434570312e-01
6.635790467262268066e-01
1.682764440774917603e-01
7.271180152893066406e-01
2.019179612398147583e-02
6.853719353675842285e-01
4.740137457847595215e-01
3.465614095330238342e-02
1.427645832300186157e-01
3.657898306846618652e-01
4.079459607601165771e-02
3.684950470924377441e-01
2.524135075509548187e-02
8.319284915924072266e-01
8.362472653388977051e-01
7.856803536415100098e-01
3.501949012279510498e-01
4.942469298839569092e-01
8.649410009384155273e-01
9.620980173349380493e-02
8.583514690399169922e-01
9.766166657209396362e-02
7.724844813346862793e-01
1.651202738285064697e-01
1.639598011970520020e-01
8.147988915443420410e-01
4.216035008430480957e-01
5.236614346504211426e-01
6.412657499313354492e-01
2.380384951829910278e-01
3.862989321351051331e-02
6.573000550270080566e-02
5.430210232734680176e-01
9.815371036529541016e-02
9.224984794855117798e-02
6.645981073379516602e-01
7.542034387588500977e-01
4.691564738750457764e-01
2.166028022766113281e-01
1.987190730869770050e-02
1.682409793138504028e-01
8.308563828468322754e-01
6.981577277183532715e-01
2.485132962465286255e-02
8.755644559860229492e-01
6.732053160667419434e-01
3.063668012619018555e-01
5.675241351127624512e-02
5.863654613494873047e-02
2.944863773882389069e-02
1.073149964213371277e-01
5.563175678253173828e-01
8.734192848205566406e-01
6.120093464851379395e-01
3.737665116786956787e-01
1.129937097430229187e-01
1.526163220405578613e-01
4.500998556613922119e-01
6.007022857666015625e-01
1.556056886911392212e-01
9.035778641700744629e-01
7.476288676261901855e-01
3.751423656940460205e-01
2.480138987302780151e-01
5.518642663955688477e-01
2.678588628768920898e-01
7.653939127922058105e-01
8.773902654647827148e-01
1.643925756216049194e-01
5.108627304434776306e-02
1.185877919197082520e-01
5.680265650153160095e-02
4.311518743634223938e-02
3.271957859396934509e-02
2.068924531340599060e-02
4.952731356024742126e-02
2.306666076183319092e-01
1.514573991298675537e-01
3.549088835716247559e-01
7.775170207023620605e-01
4.102210700511932373e-01
1.619242317974567413e-02
1.606355905532836914e-01
1.283726692199707031e-01
3.047543577849864960e-02
2.133987247943878174e-01
7.255426645278930664e-01
3.942440450191497803e-01
8.840166330337524414e-01
2.074044570326805115e-02
2.049934566020965576e-01
7.047255039215087891e-01
2.158455997705459595e-01
7.524530887603759766e-01
1.106271371245384216e-01
2.530145086348056793e-02
3.554507344961166382e-02
1.268197596073150635e-01
4.648056626319885254e-01
6.774004548788070679e-02
7.555759549140930176e-01
2.605901658535003662e-01
6.132486835122108459e-02
5.816310644149780273e-01
9.152501076459884644e-02
3.736248612403869629e-01
1.908089220523834229e-01
4.722379893064498901e-02
7.637193202972412109e-01
1.036237925291061401e-01
5.565006136894226074e-01
9.034478068351745605e-01
2.035442739725112915e-01
1.420182585716247559e-01
4.990470707416534424e-01
1.892148852348327637e-01
7.723570615053176880e-02
3.057419061660766602e-01
1.002483218908309937e-01
6.617040932178497314e-02
1.203371733427047729e-01
7.374034076929092407e-02
8.507197499275207520e-01
4.049183800816535950e-02
6.097553297877311707e-02
3.071400895714759827e-02
8.836241364479064941e-01
6.297609806060791016e-01
3.111506104469299316e-01
1.707927286624908447e-01
4.167492389678955078e-01
2.315185070037841797e-01
2.398433387279510498e-01
5.122640132904052734e-01
2.015079930424690247e-02
3.028545528650283813e-02
4.639118537306785583e-02
2.328197285532951355e-02
1.160740926861763000e-01
3.114575706422328949e-02
7.007526159286499023e-01
1.851303875446319580e-01
8.588634133338928223e-01
2.654355466365814209e-01
4.005357027053833008e-01
3.647747263312339783e-02
8.564637899398803711e-01
4.476082921028137207e-01
5.974993109703063965e-01
8.259248137474060059e-01
2.944558858871459961e-01
5.037698149681091309e-01
1.311859488487243652e-01
4.594122245907783508e-02
2.125950902700424194e-02
2.705033309757709503e-02
7.476168274879455566e-01
7.311140894889831543e-01
8.728293180465698242e-01
3.014618530869483948e-02
2.519611120223999023e-01
1.149545684456825256e-01
2.317507751286029816e-02
4.698276519775390625e-02
4.076626151800155640e-02
6.844947934150695801e-01
6.033563613891601562e-01
1.693663746118545532e-02
6.176754832267761230e-02
4.371728897094726562e-01
3.519731387495994568e-02
1.711420416831970215e-01
2.789838016033172607e-01
1.185426488518714905e-01
2.684574387967586517e-02
1.487221270799636841e-01
7.484262585639953613e-01
4.370367825031280518e-01
1.340207755565643311e-01
2.072464115917682648e-02
1.370334625244140625e-01
8.334062993526458740e-02
6.800525784492492676e-01
4.250156283378601074e-01
4.432454332709312439e-02
2.188371121883392334e-01
1.535463780164718628e-01
7.370945811271667480e-01
1.809699274599552155e-02
3.102882504463195801e-01
1.957897096872329712e-02
8.205353021621704102e-01
3.545068949460983276e-02
3.319881856441497803e-02
3.596782088279724121e-01
5.505580902099609375e-01
4.873186647891998291e-01
1.821808889508247375e-02
2.044469676911830902e-02
5.957987308502197266e-01
4.376829266548156738e-01
2.785253822803497314e-01
2.726313844323158264e-02
5.444591641426086426e-01
4.308211505413055420e-01
4.692507907748222351e-02
5.545509979128837585e-02
1.975518167018890381e-01
2.655286714434623718e-02
2.179951779544353485e-02
8.232718706130981445e-01
1.350676417350769043e-01
4.406264796853065491e-02
9.062566757202148438e-01
2.159696370363235474e-01
3.456433117389678955e-01
6.943560391664505005e-02
7.885011434555053711e-01
3.464706838130950928e-01
3.072568029165267944e-02
8.599441647529602051e-01
8.701570630073547363e-01
4.171538352966308594e-01
1.535543147474527359e-02
1.223875656723976135e-01
3.441617786884307861e-01
5.376521125435829163e-02
6.572212576866149902e-01
3.093034774065017700e-02
2.072734013199806213e-02
3.555440902709960938e-01
6.635227054357528687e-02
6.843867152929306030e-02
2.241245210170745850e-01
1.626349426805973053e-02
5.943254232406616211e-01
9.125469624996185303e-02
7.754290699958801270e-01
5.606048703193664551e-01
1.507642567157745361e-01
4.834879040718078613e-01
1.971293836832046509e-01
7.271092385053634644e-02
8.842530846595764160e-02
8.614284396171569824e-01
1.272993683815002441e-01
4.686052799224853516e-01
9.003565907478332520e-01
2.518795430660247803e-01
3.977007791399955750e-02
7.833308577537536621e-01
1.639690250158309937e-02
8.798632025718688965e-01
1.572982966899871826e-01
1.679996848106384277e-01
3.337126970291137695e-01
7.420930266380310059e-01
2.387596666812896729e-01
7.253738641738891602e-01
2.182825058698654175e-01
1.059974655508995056e-01
4.526721537113189697e-01
2.010830640792846680e-01
1.714471429586410522e-01
2.519061267375946045e-01
4.475471377372741699e-01
3.370871022343635559e-02
6.579129099845886230e-01
5.839592218399047852e-01
3.175467252731323242e-02
2.454397082328796387e-01
8.953223228454589844e-01
7.236628979444503784e-02
3.782309889793395996e-01
1.860706061124801636e-01
2.711296677589416504e-01
9.809440374374389648e-02
7.923617213964462280e-02
6.581253409385681152e-01
5.088521838188171387e-01
6.549476981163024902e-01
5.192731618881225586e-01
8.414951562881469727e-01
9.018956422805786133e-01
8.975216746330261230e-01
1.745199970901012421e-02
4.730036556720733643e-01
2.386123985052108765e-01
4.472733438014984131e-01
8.889544606208801270e-01
2.070939689874649048e-01
4.483366906642913818e-01
1.626885086297988892e-01
3.456274047493934631e-02
8.681538701057434082e-01
2.791528403759002686e-02
2.192840538918972015e-02
8.332718610763549805e-01
3.454295918345451355e-02
9.456514567136764526e-02
3.603020310401916504e-01
2.480665892362594604e-01
9.039405584335327148e-01
1.593258231878280640e-02
6.412160396575927734e-02
8.497559279203414917e-02
8.798406124114990234e-01
8.925221562385559082e-01
1.597150415182113647e-02
8.607841730117797852e-01
4.466019570827484131e-02
8.061214685440063477e-01
2.034783512353897095e-01
6.308051943778991699e-01
7.077001929283142090e-01
4.615224897861480713e-02
3.060047924518585205e-01
7.098472714424133301e-01
1.994144916534423828e-02
1.884221099317073822e-02
6.103646755218505859e-01
2.513958886265754700e-02
7.258963584899902344e-02
1.692792475223541260e-01
3.597213327884674072e-01
2.471393160521984100e-02
7.482486367225646973e-01
1.722401529550552368e-01
3.975341916084289551e-01
3.469058871269226074e-02
2.115920186042785645e-01
8.328340649604797363e-01
8.736595511436462402e-01
8.361876606941223145e-01
3.910715281963348389e-01
4.853943288326263428e-01
1.518988907337188721e-01
5.135837197303771973e-01
6.852208822965621948e-02
9.787016361951828003e-02
2.259827777743339539e-02
7.675627470016479492e-01
7.991986274719238281e-01
7.351822257041931152e-01
5.338704958558082581e-02
7.203055024147033691e-01
8.340355008840560913e-02
1.793098598718643188e-01
8.039210438728332520e-01
6.520746350288391113e-01
1.261824816465377808e-01
7.387783378362655640e-02
3.473496809601783752e-02
1.934368349611759186e-02
1.889070868492126465e-01
9.026836156845092773e-01
3.740406632423400879e-01
1.824398897588253021e-02
1.193857192993164062e-01
4.812573492527008057e-01
6.785076856613159180e-01
5.788460373878479004e-02
4.654576480388641357e-01
5.006812810897827148e-01
7.597905993461608887e-01
1.278291344642639160e-01
2.214322239160537720e-02
5.643696188926696777e-01
1.544023752212524414e-01
5.167848467826843262e-01
1.998045481741428375e-02
5.133137106895446777e-01
8.990172147750854492e-01
7.644736766815185547e-01
6.851986050605773926e-01
2.648141384124755859e-01
4.783810302615165710e-02
7.319002747535705566e-01
5.453210473060607910e-01
9.613150358200073242e-02
4.887806475162506104e-01
6.452134847640991211e-01
7.407046854496002197e-02
3.391509503126144409e-02
2.934421226382255554e-02
2.569079101085662842e-01
1.304186582565307617e-01
1.648924313485622406e-02
5.066125392913818359e-01
7.411329150199890137e-01
7.112323045730590820e-01
5.578193664550781250e-01
4.699592888355255127e-01
8.630461990833282471e-02
1.310331225395202637e-01
4.788442701101303101e-02
6.974252462387084961e-01
8.874037265777587891e-01
1.746248453855514526e-02
8.916509151458740234e-01
9.028264880180358887e-01
8.265489935874938965e-01
2.336228489875793457e-01
6.839903593063354492e-01
3.244350105524063110e-02
3.830862641334533691e-01
6.880481243133544922e-01
7.285009026527404785e-01
8.058472275733947754e-01
1.896093226969242096e-02
1.616271212697029114e-02
2.290738224983215332e-01
7.124234437942504883e-01
1.982762217521667480e-01
6.501878798007965088e-02
4.234931766986846924e-01
5.296927094459533691e-01
2.166634947061538696e-01
1.641833186149597168e-01
3.492604792118072510e-01
3.249760866165161133e-01
5.302811861038208008e-01
6.413957476615905762e-01
6.693311333656311035e-01
1.896744407713413239e-02
2.237785607576370239e-01
1.803727447986602783e-02
2.253764271736145020e-01
8.365408778190612793e-01
2.472737431526184082e-02
1.461720019578933716e-01
4.735133796930313110e-02
5.125067830085754395e-01
8.952074646949768066e-01
5.995162129402160645e-01
8.190422654151916504e-01
3.144620358943939209e-02
2.351751737296581268e-02
3.517647087574005127e-02
9.043603539466857910e-01
3.833210170269012451e-01
6.389112472534179688e-01
5.332513451576232910e-01
3.223473727703094482e-01
5.189966037869453430e-02
2.942434884607791901e-02
7.110726237297058105e-01
8.494137525558471680e-01
3.171741217374801636e-02
4.168910905718803406e-02
8.421472907066345215e-01
1.228856965899467468e-01
2.947837300598621368e-02
4.813227355480194092e-01
6.201064214110374451e-02
5.355623736977577209e-02
2.591489814221858978e-02
2.796418070793151855e-01
2.540294826030731201e-02
1.057893186807632446e-01
1.921042613685131073e-02
2.694674432277679443e-01
6.574432849884033203e-01
6.469770073890686035e-01
3.271611034870147705e-01
6.881234049797058105e-02
5.050677433609962463e-02
7.564164698123931885e-02
2.123008072376251221e-01
1.221004277467727661e-01
9.981057792901992798e-02
7.624272257089614868e-02
3.462214469909667969e-01
9.054000973701477051e-01
5.989958345890045166e-02
4.004929959774017334e-01
2.519173920154571533e-02
7.330223321914672852e-01
3.785431981086730957e-01
1.045267656445503235e-01
3.429402112960815430e-01
8.993669748306274414e-01
5.732192099094390869e-02
2.245801836252212524e-01
2.938002720475196838e-02
1.052852496504783630e-01
3.201419487595558167e-02
6.082872748374938965e-01
5.965151190757751465e-01
2.920421361923217773e-01
8.781892657279968262e-01
2.411350458860397339e-01
6.909341812133789062e-01
3.224886655807495117e-01
4.175448045134544373e-02
5.322961807250976562e-01
1.766276508569717407e-01
1.746406406164169312e-02
9.039482474327087402e-01
7.469091415405273438e-01
7.587800025939941406e-01
6.584284305572509766e-01
2.786402590572834015e-02
3.084354102611541748e-01
1.500178873538970947e-01
1.482366919517517090e-01
5.546745061874389648e-01
1.802723854780197144e-02
1.877419464290142059e-02
2.529911696910858154e-01
6.740864366292953491e-02
8.469808697700500488e-01
6.135107874870300293e-01
5.235355496406555176e-01
3.215824812650680542e-02
7.453188300132751465e-01
8.576298356056213379e-01
1.555280536413192749e-01
8.839875459671020508e-01
8.201461434364318848e-01
5.341774225234985352e-01
4.611703380942344666e-02
8.764558434486389160e-01
6.485611796379089355e-01
2.295972593128681183e-02
7.175607085227966309e-01
3.822328150272369385e-01
8.704061508178710938e-01
2.907722443342208862e-02
3.425275087356567383e-01
2.907505035400390625e-01
4.408511221408843994e-01
5.530740022659301758e-01
8.885932564735412598e-01
2.735109031200408936e-01
3.722925782203674316e-01
1.571610383689403534e-02
8.723788857460021973e-01
6.767261028289794922e-02
2.392653562128543854e-02
8.451452851295471191e-01
8.022629022598266602e-01
6.227484717965126038e-02
1.701192371547222137e-02
6.039395332336425781e-01
5.036352276802062988e-01
8.948093652725219727e-01
8.913952857255935669e-02
8.973563909530639648e-01
1.680763252079486847e-02
6.549348831176757812e-01
5.416743829846382141e-02
6.953226327896118164e-01
6.220472604036331177e-02
1.226636916399002075e-01
6.676414608955383301e-01
4.444661736488342285e-02
3.120536804199218750e-01
1.340878754854202271e-01
6.777449846267700195e-01
8.796679973602294922e-01
6.650633215904235840e-01
5.662546753883361816e-01
2.404546178877353668e-02
4.857362210750579834e-01
6.799554824829101562e-01
6.815288662910461426e-01
5.005870386958122253e-02
3.432955443859100342e-01
4.131757840514183044e-02
1.610908508300781250e-01
2.340959571301937103e-02
2.684933245182037354e-01
9.024600386619567871e-01
5.387801676988601685e-02
6.226518750190734863e-01
1.942364871501922607e-02
7.601051926612854004e-01
1.359097212553024292e-01
2.186467647552490234e-01
4.530068859457969666e-02
4.888821393251419067e-02
1.193113327026367188e-01
8.840149641036987305e-01
7.397644519805908203e-01
3.503403365612030029e-01
8.979066461324691772e-02
7.522289752960205078e-01
8.767871260643005371e-01
7.224252820014953613e-01
7.364151626825332642e-02
2.584452331066131592e-01
8.320136666297912598e-01
6.989350318908691406e-01
7.533970475196838379e-01
2.410729601979255676e-02
8.880448341369628906e-01
8.630598783493041992e-01
1.602539867162704468e-01
8.317133188247680664e-01
5.114009380340576172e-01
1.954136416316032410e-02
7.185187339782714844e-01
2.055176049470901489e-01
6.142191886901855469e-01
2.606860995292663574e-01
6.942333579063415527e-01
7.243691086769104004e-01
1.407199501991271973e-01
7.615016102790832520e-01
7.194607853889465332e-01
8.015227317810058594e-01
3.561897203326225281e-02
6.412392258644104004e-01
7.026652693748474121e-01
6.226890683174133301e-01
5.149725675582885742e-01
2.051296085119247437e-01
6.887082457542419434e-01
8.069225549697875977e-01
5.454008579254150391e-01
9.487967193126678467e-02
4.387107118964195251e-02
1.663615107536315918e-01
1.994989812374114990e-02
2.536251842975616455e-01
9.154695272445678711e-02
7.164552807807922363e-01
1.352698057889938354e-01
2.985352277755737305e-02
4.961799085140228271e-01
6.943940520286560059e-01
1.947810128331184387e-02
7.942356914281845093e-02
6.121323630213737488e-02
8.923606872558593750e-01
4.883488118648529053e-01
4.020045697689056396e-02
2.486296147108078003e-01
3.373005613684654236e-02
2.116658687591552734e-01
1.523613035678863525e-01
1.650371849536895752e-01
2.943120338022708893e-02
3.872013092041015625e-02
1.602540165185928345e-01
2.365471124649047852e-01
1.672442071139812469e-02
1.094296723604202271e-01
1.824496835470199585e-01
6.361722350120544434e-01
5.116253495216369629e-01
2.116844989359378815e-02
7.250026613473892212e-02
6.081610321998596191e-01
4.119469821453094482e-01
4.056091606616973877e-02
9.051610231399536133e-01
7.677300572395324707e-01
4.368083477020263672e-01
3.500106185674667358e-02
3.001612424850463867e-01
3.403241559863090515e-02
2.897806093096733093e-02
3.677312433719635010e-01
1.964313387870788574e-01
6.262763142585754395e-01
6.987581253051757812e-01
8.018494844436645508e-01
1.910649612545967102e-02
3.307499289512634277e-01
1.659072339534759521e-01
3.030882179737091064e-01
5.142527222633361816e-01
4.995974525809288025e-02
4.913570582866668701e-01
3.606296181678771973e-01
9.058834910392761230e-01
1.051101163029670715e-01
1.532410234212875366e-01
8.716272711753845215e-01
5.738512873649597168e-01
6.971863508224487305e-01
5.546171665191650391e-01
4.038133919239044189e-01
4.161486625671386719e-01
8.687431216239929199e-01
8.458672165870666504e-01
5.099822878837585449e-01
8.762004375457763672e-01
4.642323032021522522e-02
8.686160445213317871e-01
6.784826517105102539e-01
3.170649334788322449e-02
1.704079657793045044e-02
7.066816687583923340e-01
3.768483996391296387e-01
2.027690224349498749e-02
7.493679970502853394e-02
9.040408730506896973e-01
4.175315797328948975e-02
2.248963154852390289e-02
5.894330888986587524e-02
2.360818386077880859e-01
1.152895390987396240e-01
2.246271073818206787e-02
3.102672994136810303e-01
1.701660454273223877e-02
2.985120713710784912e-01
3.768402636051177979e-01
6.230321526527404785e-01
7.321473956108093262e-01
8.619770407676696777e-01
1.435571610927581787e-01
7.249322533607482910e-02
1.173591911792755127e-01
8.890448212623596191e-01
3.501357138156890869e-02
4.520490765571594238e-01
6.877842545509338379e-01
1.571999117732048035e-02
9.026380181312561035e-01
1.397641003131866455e-01
8.106404542922973633e-02
5.965819209814071655e-02
5.273648500442504883e-01
1.965745389461517334e-01
6.648839712142944336e-01
2.166871130466461182e-01
1.826041638851165771e-01
1.104996427893638611e-01
3.173461556434631348e-01
4.290487170219421387e-01
2.095015943050384521e-01
2.342129647731781006e-01
3.736599087715148926e-01
4.198735952377319336e-02
1.695335954427719116e-01
2.093978226184844971e-02
5.295999050140380859e-01
6.858232617378234863e-02
8.404154777526855469e-01
7.975127696990966797e-01
3.878787159919738770e-02
