6.193516775965690613e-02
8.702555298805236816e-01
1.386390924453735352e-01
7.818036079406738281e-01
1.892707645893096924e-01
1.003497466444969177e-01
3.356777727603912354e-01
1.460936665534973145e-01
8.880855441093444824e-01
1.150066629052162170e-01
4.231216311454772949e-01
2.638658583164215088e-01
8.674818277359008789e-01
4.673819243907928467e-01
3.151604831218719482e-01
2.855353355407714844e-01
9.584416449069976807e-02
7.151058316230773926e-01
8.920382261276245117e-01
2.599571049213409424e-01
7.856887578964233398e-01
7.562060952186584473e-01
8.600821346044540405e-02
1.294970661401748657e-01
1.673613339662551880e-01
6.540307402610778809e-02
8.095213174819946289e-01
3.105372786521911621e-01
2.714346051216125488e-01
4.082173109054565430e-01
2.546472251415252686e-01
4.265692457556724548e-02
8.783917427062988281e-01
8.819814771413803101e-02
3.249638080596923828e-01
1.281363517045974731e-01
2.502257525920867920e-01
9.775958955287933350e-02
4.509024918079376221e-01
8.847865462303161621e-01
1.339492350816726685e-01
1.221279129385948181e-01
8.654861897230148315e-02
1.196820959448814392e-01
6.197046861052513123e-02
2.707137763500213623e-01
5.923320055007934570e-01
6.645090579986572266e-01
6.469972431659698486e-02
8.009108901023864746e-01
1.013365015387535095e-01
6.844432651996612549e-02
2.749979794025421143e-01
3.506857156753540039e-01
1.747598499059677124e-01
8.836316317319869995e-02
8.627999424934387207e-01
1.716525703668594360e-01
8.078985661268234253e-02
1.679148226976394653e-01
3.942355811595916748e-01
2.008425742387771606e-01
1.831252872943878174e-01
7.863754779100418091e-02
8.919797092676162720e-02
1.630011647939682007e-01
8.669874072074890137e-02
1.424377262592315674e-01
5.796973705291748047e-01
2.219561785459518433e-01
6.695418804883956909e-02
7.366366982460021973e-01
4.169153273105621338e-01
8.561784774065017700e-02
3.023354411125183105e-01
8.900827169418334961e-02
6.680762767791748047e-02
6.333489716053009033e-02
1.506792008876800537e-01
7.731617242097854614e-02
8.886784315109252930e-01
7.893787026405334473e-01
8.126351833343505859e-01
4.810819625854492188e-01
8.755676746368408203e-01
5.488642454147338867e-01
7.876592129468917847e-02
9.838997572660446167e-02
8.481532335281372070e-01
8.181492984294891357e-02
5.157533884048461914e-01
7.570056617259979248e-02
8.572015166282653809e-02
4.350049793720245361e-01
3.586995005607604980e-01
4.918238222599029541e-01
3.510155975818634033e-01
8.909665942192077637e-01
1.030207127332687378e-01
1.270983666181564331e-01
4.964451789855957031e-01
1.586109846830368042e-01
3.865296244621276855e-01
3.229339718818664551e-01
1.921353340148925781e-01
9.827177226543426514e-02
6.678369641304016113e-02
5.608732104301452637e-01
3.092841506004333496e-01
4.266726672649383545e-01
3.316686153411865234e-01
6.416912376880645752e-02
9.334076941013336182e-02
8.412402272224426270e-01
2.015394717454910278e-01
1.189480274915695190e-01
8.786508440971374512e-01
6.958457082509994507e-02
1.370757222175598145e-01
7.531428933143615723e-01
5.780194699764251709e-02
1.019669398665428162e-01
1.245702728629112244e-01
6.335846781730651855e-01
8.913100957870483398e-01
6.937271356582641602e-02
7.380571961402893066e-02
1.470017880201339722e-01
6.050266325473785400e-02
1.000024229288101196e-01
8.884232044219970703e-01
1.608591824769973755e-01
8.800551295280456543e-01
1.981812715530395508e-01
4.801850318908691406e-01
3.409190177917480469e-01
8.719974160194396973e-01
1.956435889005661011e-01
3.419933319091796875e-01
8.452481031417846680e-02
8.723055124282836914e-01
7.910925149917602539e-01
5.445817708969116211e-01
1.675377339124679565e-01
1.918017119169235229e-01
9.126956760883331299e-02
4.595873951911926270e-01
6.181198358535766602e-01
6.935357451438903809e-01
1.195304244756698608e-01
7.783258706331253052e-02
1.087029799818992615e-01
6.351232528686523438e-02
1.026420518755912781e-01
1.044419705867767334e-01
1.036603152751922607e-01
3.197402358055114746e-01
5.096792578697204590e-01
2.973991632461547852e-01
8.663778305053710938e-01
2.835190296173095703e-01
7.054600119590759277e-01
6.199631839990615845e-02
1.572681814432144165e-01
8.511444926261901855e-01
5.008442401885986328e-01
1.223094016313552856e-01
3.446288406848907471e-01
1.014927923679351807e-01
1.840970665216445923e-01
9.598408639430999756e-02
6.880497932434082031e-02
3.611706793308258057e-01
6.962102651596069336e-01
7.962225377559661865e-02
8.344553112983703613e-01
2.562951445579528809e-01
7.343216240406036377e-02
8.619400858879089355e-01
1.199569553136825562e-01
1.725265681743621826e-01
8.450502157211303711e-02
7.922409474849700928e-02
9.624094516038894653e-02
5.929087847471237183e-02
1.919394284486770630e-01
8.628649264574050903e-02
4.702031314373016357e-01
3.400032520294189453e-01
3.536451160907745361e-01
9.172736108303070068e-02
8.542678356170654297e-01
9.724553674459457397e-02
8.187667131423950195e-01
2.405985295772552490e-01
4.439882934093475342e-01
5.911776050925254822e-02
1.376577466726303101e-01
6.082673668861389160e-01
5.571965873241424561e-02
5.925678089261054993e-02
1.594161689281463623e-01
8.567949533462524414e-01
3.056851327419281006e-01
8.119550347328186035e-01
8.876134157180786133e-01
6.671372652053833008e-01
5.865125730633735657e-02
8.922288417816162109e-01
1.888351291418075562e-01
3.729687929153442383e-01
7.564375549554824829e-02
2.634627521038055420e-01
4.797026813030242920e-01
2.226587980985641479e-01
7.663725316524505615e-02
8.545144796371459961e-01
4.864807724952697754e-01
7.786219120025634766e-01
9.401599317789077759e-02
8.704135417938232422e-01
8.928277492523193359e-01
7.888102531433105469e-01
9.791502356529235840e-02
1.030934378504753113e-01
1.234451830387115479e-01
6.178131103515625000e-01
6.282678246498107910e-01
2.517827749252319336e-01
5.499473810195922852e-01
7.517657279968261719e-01
8.884981870651245117e-01
9.654580056667327881e-02
8.008743524551391602e-01
8.900834321975708008e-01
2.711517214775085449e-01
6.134527325630187988e-01
8.907873630523681641e-01
2.269183844327926636e-01
3.880674839019775391e-01
8.791544437408447266e-01
6.407173722982406616e-02
7.874872088432312012e-01
6.424178928136825562e-02
1.710901856422424316e-01
3.263892531394958496e-01
9.338409453630447388e-02
8.912296295166015625e-01
9.882185608148574829e-02
8.266472816467285156e-01
5.234110355377197266e-01
7.613715529441833496e-02
1.288080960512161255e-01
1.061875000596046448e-01
8.723207563161849976e-02
7.792495936155319214e-02
2.750880122184753418e-01
7.632696032524108887e-01
1.936359405517578125e-01
7.191718220710754395e-01
9.225772321224212646e-02
6.077324151992797852e-01
5.612900257110595703e-01
7.860854268074035645e-02
2.762799263000488281e-01
2.905396223068237305e-01
1.341649442911148071e-01
1.816101521253585815e-01
8.083041757345199585e-02
6.418597102165222168e-01
8.523721694946289062e-01
8.705804944038391113e-01
1.929053664207458496e-01
2.322393506765365601e-01
7.276917099952697754e-01
1.304945498704910278e-01
7.604480981826782227e-01
1.453928053379058838e-01
8.618676662445068359e-01
7.724748551845550537e-02
1.350461095571517944e-01
8.871585130691528320e-01
4.182016849517822266e-01
4.856385886669158936e-01
4.810704886913299561e-01
2.315832078456878662e-01
6.694003939628601074e-02
1.469432264566421509e-01
2.299679666757583618e-01
1.336323767900466919e-01
1.436790972948074341e-01
7.977536916732788086e-01
7.557426095008850098e-01
3.215834200382232666e-01
2.678177952766418457e-01
7.135868072509765625e-02
1.177107691764831543e-01
8.344159722328186035e-01
3.578005433082580566e-01
1.068330183625221252e-01
8.756317496299743652e-01
5.137462615966796875e-01
2.564195394515991211e-01
8.768194913864135742e-02
7.960614562034606934e-02
7.501286268234252930e-02
1.209722533822059631e-01
6.575005054473876953e-01
8.901780247688293457e-01
6.989989280700683594e-01
2.144470214843750000e-01
1.126233488321304321e-01
1.019569784402847290e-01
3.304267525672912598e-01
5.918036103248596191e-01
2.033878117799758911e-01
8.864105939865112305e-01
8.228229880332946777e-01
3.772214651107788086e-01
8.949891477823257446e-02
6.009999513626098633e-01
1.817702203989028931e-01
4.192732870578765869e-01
8.901556730270385742e-01
3.119619488716125488e-01
3.665747940540313721e-01
1.310927420854568481e-01
7.357645779848098755e-02
1.040769517421722412e-01
8.696437627077102661e-02
8.284366130828857422e-02
4.746737703680992126e-02
3.652040362358093262e-01
1.044315397739410400e-01
2.767099142074584961e-01
8.011518716812133789e-01
1.922026723623275757e-01
6.066892668604850769e-02
1.447814851999282837e-01
1.094572097063064575e-01
6.923657655715942383e-02
2.678697407245635986e-01
6.638858914375305176e-01
2.646825909614562988e-01
8.651968836784362793e-01
8.186649531126022339e-02
1.640435755252838135e-01
4.114170968532562256e-01
1.270883381366729736e-01
8.120176196098327637e-01
1.310424953699111938e-01
7.745560258626937866e-02
4.998319596052169800e-02
1.194830834865570068e-01
3.944238424301147461e-01
1.062671393156051636e-01
7.437156438827514648e-01
3.946180045604705811e-01
1.078346595168113708e-01
3.395273089408874512e-01
1.030087694525718689e-01
4.455869793891906738e-01
1.542534679174423218e-01
8.861096203327178955e-02
8.117870688438415527e-01
3.993068039417266846e-01
3.379881680011749268e-01
8.927636146545410156e-01
2.039010375738143921e-01
4.581744596362113953e-02
4.395102262496948242e-01
1.065212562680244446e-01
1.107620224356651306e-01
1.014518141746520996e-01
9.280973672866821289e-02
9.129054844379425049e-02
1.316826045513153076e-01
1.038062572479248047e-01
8.583470582962036133e-01
1.092430204153060913e-01
8.530077338218688965e-02
5.823356285691261292e-02
8.915437459945678711e-01
7.174872756004333496e-01
1.545320600271224976e-01
1.448943167924880981e-01
3.044474422931671143e-01
4.493174850940704346e-01
1.991571485996246338e-01
4.649082422256469727e-01
5.526406690478324890e-02
6.151781603693962097e-02
1.056002750992774963e-01
8.211561292409896851e-02
9.291180223226547241e-02
6.577242165803909302e-02
7.314099669456481934e-01
1.949074417352676392e-01
8.169181942939758301e-01
1.187638491392135620e-01
2.142383307218551636e-01
1.089580506086349487e-01
8.746336698532104492e-01
3.148535490036010742e-01
8.269616365432739258e-01
7.474347949028015137e-01
3.564600348472595215e-01
3.863749504089355469e-01
1.412962377071380615e-01
1.235262751579284668e-01
7.665360718965530396e-02
5.785165727138519287e-02
7.497181892395019531e-01
5.609939694404602051e-01
8.762797117233276367e-01
7.561474293470382690e-02
3.188010752201080322e-01
4.841137304902076721e-02
1.052864864468574524e-01
8.930240571498870850e-02
8.679573237895965576e-02
7.758823037147521973e-01
5.571785569190979004e-01
6.100159883499145508e-02
1.041234657168388367e-01
3.335692584514617920e-01
7.609342783689498901e-02
9.163495898246765137e-02
2.347685247659683228e-01
1.124170720577239990e-01
1.449953615665435791e-01
6.389048695564270020e-02
7.431967854499816895e-01
5.539869070053100586e-01
1.207850947976112366e-01
9.395337849855422974e-02
1.118477508425712585e-01
1.618198007345199585e-01
5.895689725875854492e-01
4.309465885162353516e-01
1.088803932070732117e-01
3.265947401523590088e-01
9.236617386341094971e-02
7.270141243934631348e-01
9.111060947179794312e-02
3.111026287078857422e-01
6.027484312653541565e-02
8.242881298065185547e-01
9.170977026224136353e-02
6.704350560903549194e-02
3.371831774711608887e-01
8.002817034721374512e-01
3.699058592319488525e-01
7.720039039850234985e-02
5.812104791402816772e-02
6.243110299110412598e-01
3.861358463764190674e-01
1.364604830741882324e-01
7.428634911775588989e-02
3.224109709262847900e-01
3.152689337730407715e-01
2.096146196126937866e-01
1.153076812624931335e-01
1.618447005748748779e-01
8.165056258440017700e-02
6.316680461168289185e-02
8.349214196205139160e-01
4.078929126262664795e-01
1.917812228202819824e-01
8.726062178611755371e-01
2.745061516761779785e-01
6.100658178329467773e-01
1.164300516247749329e-01
8.190366625785827637e-01
3.467128574848175049e-01
9.228968620300292969e-02
8.849250674247741699e-01
8.825083374977111816e-01
5.721253156661987305e-01
4.277601465582847595e-02
3.116165697574615479e-01
3.084391653537750244e-01
8.832587301731109619e-02
5.242930054664611816e-01
6.663937121629714966e-02
3.315065503120422363e-01
1.736791431903839111e-01
1.004375219345092773e-01
3.241554796695709229e-01
1.968887448310852051e-01
8.004229515790939331e-02
4.588781297206878662e-01
9.924462437629699707e-02
8.549964427947998047e-01
3.931179940700531006e-01
1.724522709846496582e-01
1.449914723634719849e-01
1.019272059202194214e-01
1.031176149845123291e-01
1.139669194817543030e-01
8.759390115737915039e-01
1.498763114213943481e-01
7.921438217163085938e-01
8.904160857200622559e-01
1.365056037902832031e-01
7.902070879936218262e-02
6.890410780906677246e-01
8.229809999465942383e-02
8.244865536689758301e-01
9.210266172885894775e-02
1.485541760921478271e-01
2.764202952384948730e-01
8.131321668624877930e-01
4.080883860588073730e-01
7.456927299499511719e-01
6.283623725175857544e-02
1.069048568606376648e-01
3.927327394485473633e-01
2.057808786630630493e-01
2.601127326488494873e-01
1.842697113752365112e-01
5.583871603012084961e-01
1.311333924531936646e-01
4.453381299972534180e-01
4.230554699897766113e-01
1.762234717607498169e-01
1.653087735176086426e-01
8.868152499198913574e-01
8.821037411689758301e-02
5.009549856185913086e-01
1.399273574352264404e-01
4.065476357936859131e-01
1.160380244255065918e-01
1.177016347646713257e-01
6.187484860420227051e-01
1.857689321041107178e-01
6.921189427375793457e-01
5.199332833290100098e-01
8.792740702629089355e-01
8.924409747123718262e-01
8.924987316131591797e-01
5.753277242183685303e-02
2.933911085128784180e-01
2.032706290483474731e-01
3.385721445083618164e-01
8.901012539863586426e-01
1.825591176748275757e-01
1.588029265403747559e-01
1.352148056030273438e-01
7.580432295799255371e-02
8.873926401138305664e-01
5.644620582461357117e-02
3.623006120324134827e-02
7.229575514793395996e-01
7.348366826772689819e-02
7.521776854991912842e-02
2.642513811588287354e-01
1.456772834062576294e-01
8.919824361801147461e-01
5.888640135526657104e-02
9.842059016227722168e-02
1.736336648464202881e-01
8.651751875877380371e-01
8.874556422233581543e-01
6.200654059648513794e-02
8.820111751556396484e-01
8.524756878614425659e-02
7.701498270034790039e-01
1.521516442298889160e-01
6.618154644966125488e-01
4.162122011184692383e-01
8.775642514228820801e-02
3.049724996089935303e-01
8.425311446189880371e-01
9.798596799373626709e-02
6.155050545930862427e-02
7.783679366111755371e-01
8.236593008041381836e-02
8.299015462398529053e-02
6.076736450195312500e-01
1.960683912038803101e-01
5.995611101388931274e-02
7.749249339103698730e-01
1.209365203976631165e-01
2.685486376285552979e-01
7.269855588674545288e-02
2.383862435817718506e-01
8.861284852027893066e-01
8.347694873809814453e-01
7.417433857917785645e-01
3.019323945045471191e-01
5.483103990554809570e-01
1.993399113416671753e-01
4.909926950931549072e-01
9.257648140192031860e-02
7.768307626247406006e-02
1.215903833508491516e-01
7.581014037132263184e-01
8.515971899032592773e-01
6.749328374862670898e-01
7.787401229143142700e-02
4.105734229087829590e-01
1.050016433000564575e-01
9.946437925100326538e-02
8.838037252426147461e-01
6.167036890983581543e-01
1.941929906606674194e-01
8.091801404953002930e-02
7.153198868036270142e-02
6.364296376705169678e-02
1.354812979698181152e-01
8.916729092597961426e-01
5.459814071655273438e-01
5.591090396046638489e-02
1.133908256888389587e-01
4.336049854755401611e-01
6.692515015602111816e-01
8.283685147762298584e-02
3.794301152229309082e-01
3.626794219017028809e-01
8.575607538223266602e-01
9.095004200935363770e-02
9.193211793899536133e-02
4.267076551914215088e-01
3.194661140441894531e-01
3.638145029544830322e-01
5.072540417313575745e-02
5.256673097610473633e-01
8.907532095909118652e-01
7.739768624305725098e-01
5.706059932708740234e-01
3.639153391122817993e-02
7.452975213527679443e-02
7.344723939895629883e-01
6.389221549034118652e-01
1.553275585174560547e-01
4.982343316078186035e-01
6.142073869705200195e-01
2.814045846462249756e-01
6.835176050662994385e-02
8.221491426229476929e-02
4.029972851276397705e-01
2.529198527336120605e-01
7.193801552057266235e-02
4.584438204765319824e-01
7.988215684890747070e-01
7.675941586494445801e-01
7.844490408897399902e-01
1.710372716188430786e-01
2.270446568727493286e-01
7.442770898342132568e-02
9.070447087287902832e-02
8.037812113761901855e-01
8.814002871513366699e-01
6.524988263845443726e-02
8.918291330337524414e-01
8.929263949394226074e-01
8.535438776016235352e-01
2.416366934776306152e-01
7.055374979972839355e-01
6.946630775928497314e-02
4.120741486549377441e-01
6.127104163169860840e-01
8.259575366973876953e-01
7.896538376808166504e-01
1.030313298106193542e-01
1.169629618525505066e-01
3.230482935905456543e-01
6.905680894851684570e-01
1.547202467918395996e-01
9.199181199073791504e-02
6.430012583732604980e-01
3.371134996414184570e-01
5.358812808990478516e-01
1.802837550640106201e-01
3.024042844772338867e-01
2.242123186588287354e-01
3.422864973545074463e-01
6.314005255699157715e-01
3.998458683490753174e-01
6.236808374524116516e-02
5.304916501045227051e-01
5.879915133118629456e-02
2.850656211376190186e-01
8.385741114616394043e-01
7.702920585870742798e-02
1.191712021827697754e-01
8.711529523134231567e-02
2.314221262931823730e-01
8.911099433898925781e-01
4.875743091106414795e-01
8.417491912841796875e-01
7.283418625593185425e-02
6.615784019231796265e-02
7.578667253255844116e-02
8.918449282646179199e-01
2.772653400897979736e-01
7.390874624252319336e-01
6.439310312271118164e-01
1.653424650430679321e-01
1.116136908531188965e-01
9.717459976673126221e-02
6.224741339683532715e-01
8.883627653121948242e-01
8.202365040779113770e-02
7.222377508878707886e-02
8.766860961914062500e-01
1.444573551416397095e-01
6.362615525722503662e-02
2.542864680290222168e-01
8.550727367401123047e-02
1.668678969144821167e-01
1.707883030176162720e-01
2.863671481609344482e-01
4.738998413085937500e-02
2.045219391584396362e-01
9.269922226667404175e-02
4.627645388245582581e-02
7.208987474441528320e-01
6.548984050750732422e-01
3.990692496299743652e-01
7.240611314773559570e-02
5.673154070973396301e-02
1.141339018940925598e-01
9.163106977939605713e-02
1.184355765581130981e-01
1.171162799000740051e-01
1.123997345566749573e-01
1.225032657384872437e-01
8.928024172782897949e-01
1.872527301311492920e-01
2.907249331474304199e-01
1.211105063557624817e-01
6.862640976905822754e-01
4.444405734539031982e-01
6.006929650902748108e-02
3.492479026317596436e-01
8.899875879287719727e-01
1.268586665391921997e-01
1.384839862585067749e-01
9.351821988821029663e-02
1.630953103303909302e-01
1.945669054985046387e-01
5.461122989654541016e-01
4.821517467498779297e-01
2.177634984254837036e-01
8.911214470863342285e-01
1.169099286198616028e-01
5.727480053901672363e-01
2.595215439796447754e-01
5.946559086441993713e-02
5.344237685203552246e-01
9.760081022977828979e-02
5.445728078484535217e-02
8.905343413352966309e-01
6.952702403068542480e-01
8.277949094772338867e-01
6.948839426040649414e-01
1.061926633119583130e-01
3.198784887790679932e-01
1.058700978755950928e-01
2.206105440855026245e-01
4.872883260250091553e-01
7.499144226312637329e-02
1.139893531799316406e-01
4.864634573459625244e-01
1.199544444680213928e-01
8.196083903312683105e-01
4.898496270179748535e-01
5.237852931022644043e-01
6.017694249749183655e-02
7.928943634033203125e-01
8.250072598457336426e-01
1.992454826831817627e-01
8.858465552330017090e-01
6.824763417243957520e-01
6.833494901657104492e-01
1.149165406823158264e-01
8.885369300842285156e-01
6.444798707962036133e-01
6.516271829605102539e-02
8.243750333786010742e-01
2.023184746503829956e-01
8.827667236328125000e-01
1.056740731000900269e-01
2.742602527141571045e-01
3.430907726287841797e-01
2.454453706741333008e-01
4.997371733188629150e-01
8.903317451477050781e-01
1.536813676357269287e-01
2.890193164348602295e-01
4.827697947621345520e-02
8.780571818351745605e-01
7.853518426418304443e-02
6.371382623910903931e-02
8.817387223243713379e-01
8.802566528320312500e-01
6.081608533859252930e-01
1.158006414771080017e-01
5.813342332839965820e-01
4.225125014781951904e-01
8.904590606689453125e-01
1.395426541566848755e-01
8.910485506057739258e-01
5.706210061907768250e-02
6.101229786872863770e-01
8.407732844352722168e-02
5.616464018821716309e-01
9.437252581119537354e-02
4.421654939651489258e-01
4.283615648746490479e-01
1.120143756270408630e-01
2.941471040248870850e-01
1.693617254495620728e-01
5.584467053413391113e-01
8.833482265472412109e-01
1.347615569829940796e-01
2.090446501970291138e-01
1.016724631190299988e-01
3.053365349769592285e-01
8.781295418739318848e-01
7.539470791816711426e-01
2.028264403343200684e-01
1.488178372383117676e-01
8.811865001916885376e-02
1.039145216345787048e-01
8.391842246055603027e-02
2.922672033309936523e-01
8.924965262413024902e-01
2.311593890190124512e-01
6.788637042045593262e-01
4.906353950500488281e-01
7.586971521377563477e-01
1.162862330675125122e-01
2.287302762269973755e-01
8.746568858623504639e-02
6.253680586814880371e-02
1.038921102881431580e-01
8.590134978294372559e-01
6.934769749641418457e-01
3.199155032634735107e-01
9.744469076395034790e-02
8.156493902206420898e-01
8.816133141517639160e-01
7.114624381065368652e-01
8.493082970380783081e-02
1.579867303371429443e-01
8.703494071960449219e-01
8.605640530586242676e-01
8.017979264259338379e-01
1.285792291164398193e-01
8.914214372634887695e-01
8.431558609008789062e-01
8.092028498649597168e-01
8.782256841659545898e-01
3.633710443973541260e-01
7.632761448621749878e-02
4.055564105510711670e-01
1.868302673101425171e-01
7.096519470214843750e-01
2.846241295337677002e-01
6.734925508499145508e-01
6.340949535369873047e-01
8.974558115005493164e-02
6.880071163177490234e-01
7.210282683372497559e-01
5.006754994392395020e-01
7.822179049253463745e-02
4.356733560562133789e-01
6.326828002929687500e-01
7.573940753936767578e-01
3.810218572616577148e-01
3.835555911064147949e-01
4.462035000324249268e-01
8.326661586761474609e-01
6.499113440513610840e-01
1.855458170175552368e-01
4.082356393337249756e-02
5.752881616353988647e-02
5.773821100592613220e-02
2.223201245069503784e-01
1.319194734096527100e-01
7.205166816711425781e-01
1.255613714456558228e-01
8.787001669406890869e-02
5.685054063796997070e-01
4.637220799922943115e-01
1.007573306560516357e-01
4.270513057708740234e-01
7.841274887323379517e-02
8.564378023147583008e-01
6.071600317955017090e-01
7.559000700712203979e-02
1.311748772859573364e-01
8.075224608182907104e-02
2.782923579216003418e-01
1.116420328617095947e-01
7.790312170982360840e-02
8.363551646471023560e-02
6.924767792224884033e-02
3.107613027095794678e-01
1.858903318643569946e-01
8.596888929605484009e-02
1.168750971555709839e-01
1.596473902463912964e-01
4.701609611511230469e-01
6.923302412033081055e-01
1.612326353788375854e-01
9.196943044662475586e-02
7.159932851791381836e-01
4.220694601535797119e-01
7.145275920629501343e-02
8.926951289176940918e-01
7.809706926345825195e-01
2.701234221458435059e-01
9.256733953952789307e-02
2.098151594400405884e-01
8.503367751836776733e-02
1.045399531722068787e-01
1.584276854991912842e-01
3.177971243858337402e-01
5.708971619606018066e-01
8.195255398750305176e-01
6.829555034637451172e-01
6.693778932094573975e-02
3.982927501201629639e-01
2.065758705139160156e-01
2.879966199398040771e-01
5.312677025794982910e-01
2.420061826705932617e-01
4.342887103557586670e-01
2.175431847572326660e-01
8.927170038223266602e-01
9.272033721208572388e-02
1.098894476890563965e-01
8.706670403480529785e-01
6.128655076026916504e-01
7.861217260360717773e-01
4.910104870796203613e-01
2.797880768775939941e-01
2.812642753124237061e-01
7.977856993675231934e-01
8.753439188003540039e-01
3.608693778514862061e-01
8.668367266654968262e-01
9.731126576662063599e-02
8.693237900733947754e-01
5.317189097404479980e-01
6.674914807081222534e-02
5.641209706664085388e-02
4.785926342010498047e-01
2.897718548774719238e-01
8.540139347314834595e-02
1.224749311804771423e-01
8.925592303276062012e-01
1.059781685471534729e-01
7.657618820667266846e-02
2.596750259399414062e-01
1.136894971132278442e-01
2.099806219339370728e-01
7.840965688228607178e-02
4.627571403980255127e-01
5.654315277934074402e-02
2.496006935834884644e-01
1.666193604469299316e-01
6.122536063194274902e-01
7.691507935523986816e-01
8.883044719696044922e-01
7.863947749137878418e-02
1.545057892799377441e-01
6.717327833175659180e-01
8.314901590347290039e-01
8.326058089733123779e-02
2.486511319875717163e-01
3.913707733154296875e-01
5.501275882124900818e-02
8.926623463630676270e-01
1.182341128587722778e-01
8.470468968152999878e-02
1.221226975321769714e-01
2.777478694915771484e-01
1.805825531482696533e-01
7.666173577308654785e-01
9.496665000915527344e-02
3.646775782108306885e-01
9.436678141355514526e-02
5.757824778556823730e-01
4.092722535133361816e-01
2.320851981639862061e-01
1.952735334634780884e-01
1.876484155654907227e-01
8.396189659833908081e-02
9.897266328334808350e-02
2.471825852990150452e-02
3.461795747280120850e-01
1.085961386561393738e-01
8.506241440773010254e-01
8.848532438278198242e-01
8.577201515436172485e-02
