7.385944575071334839e-02
7.566192150115966797e-01
2.975569069385528564e-01
7.760229706764221191e-01
2.891482710838317871e-01
2.182605862617492676e-01
5.464408397674560547e-01
2.750083208084106445e-01
7.262558341026306152e-01
2.161997705698013306e-01
2.050165683031082153e-01
3.568221628665924072e-01
7.275446057319641113e-01
6.378545761108398438e-01
3.229066431522369385e-01
3.212133347988128662e-01
3.774169385433197021e-01
7.300655841827392578e-01
7.980600595474243164e-01
5.152407884597778320e-01
6.996338963508605957e-01
7.586347460746765137e-01
1.296631991863250732e-01
7.194104045629501343e-02
2.503444850444793701e-01
1.923012584447860718e-01
6.789050698280334473e-01
3.303601443767547607e-01
3.995752930641174316e-01
3.177490234375000000e-01
3.627236187458038330e-01
7.439848035573959351e-02
7.052354812622070312e-01
2.097161412239074707e-01
5.458252429962158203e-01
2.633103132247924805e-01
5.157095789909362793e-01
2.356117814779281616e-01
5.836743712425231934e-01
7.890833616256713867e-01
2.577520310878753662e-01
1.585667729377746582e-01
8.285795897245407104e-02
2.357868552207946777e-01
1.896849572658538818e-01
1.080336123704910278e-01
2.638439238071441650e-01
7.665749192237854004e-01
7.231977581977844238e-02
7.496911287307739258e-01
2.011553943157196045e-01
7.294812798500061035e-02
3.199908137321472168e-01
3.857449889183044434e-01
2.537579238414764404e-01
2.293856590986251831e-01
7.740274667739868164e-01
2.878065705299377441e-01
4.742077589035034180e-01
3.741585910320281982e-01
3.865000307559967041e-01
3.059176206588745117e-01
1.963252723217010498e-01
7.449787855148315430e-02
2.386879026889801025e-01
2.013209611177444458e-01
1.184715479612350464e-01
1.319448202848434448e-01
5.947287678718566895e-01
2.998721599578857422e-01
8.006828278303146362e-02
7.146751880645751953e-01
6.269021630287170410e-01
2.589240372180938721e-01
4.903322458267211914e-01
1.874981373548507690e-01
7.202854007482528687e-02
1.542093455791473389e-01
1.627119034528732300e-01
2.010503262281417847e-01
7.461705207824707031e-01
7.296603918075561523e-01
7.417379021644592285e-01
4.803388118743896484e-01
7.355864644050598145e-01
6.695322990417480469e-01
1.009356603026390076e-01
2.242813855409622192e-01
6.631484627723693848e-01
1.975077241659164429e-01
5.720942616462707520e-01
2.379444539546966553e-01
7.439239323139190674e-02
5.766074657440185547e-01
6.525419354438781738e-01
4.515520036220550537e-01
5.111213326454162598e-01
7.198593020439147949e-01
1.427953988313674927e-01
1.804333180189132690e-01
4.816786050796508789e-01
3.021031618118286133e-01
4.588671922683715820e-01
2.765715122222900391e-01
5.249810814857482910e-01
2.462412714958190918e-01
2.026347368955612183e-01
3.935614526271820068e-01
4.232205152511596680e-01
4.413523674011230469e-01
3.530999422073364258e-01
7.414287328720092773e-02
1.441607922315597534e-01
8.004267215728759766e-01
3.654884994029998779e-01
2.552189826965332031e-01
7.629874944686889648e-01
7.226873189210891724e-02
1.807806491851806641e-01
6.287242770195007324e-01
1.367564499378204346e-01
1.473852694034576416e-01
2.686496675014495850e-01
5.758191347122192383e-01
7.671048641204833984e-01
2.072571367025375366e-01
1.895473450422286987e-01
2.429392039775848389e-01
1.530757993459701538e-01
2.747196257114410400e-01
7.905947566032409668e-01
5.888521671295166016e-01
7.663243412971496582e-01
2.829980552196502686e-01
5.389729142189025879e-01
4.023654460906982422e-01
7.296237349510192871e-01
3.060880601406097412e-01
4.222442209720611572e-01
7.285130023956298828e-02
6.578232049942016602e-01
5.982114672660827637e-01
6.692154407501220703e-01
3.147719502449035645e-01
2.789281308650970459e-01
2.249462604522705078e-01
6.714982390403747559e-01
5.695405006408691406e-01
4.944317340850830078e-01
2.006029635667800903e-01
7.756662368774414062e-02
1.866751760244369507e-01
2.323576062917709351e-01
2.327920943498611450e-01
2.272636890411376953e-01
2.147854715585708618e-01
3.178463578224182129e-01
3.490113317966461182e-01
3.918778002262115479e-01
6.284507513046264648e-01
4.268255829811096191e-01
6.366641521453857422e-01
2.186411768198013306e-01
2.694371938705444336e-01
6.884436011314392090e-01
3.365093767642974854e-01
2.501468956470489502e-01
4.538596570491790771e-01
2.330296337604522705e-01
3.372918665409088135e-01
1.370875686407089233e-01
7.392506301403045654e-02
3.441771864891052246e-01
5.162238478660583496e-01
2.521320581436157227e-01
7.499303221702575684e-01
3.960357606410980225e-01
1.111496239900588989e-01
6.908769607543945312e-01
1.474714875221252441e-01
3.160195350646972656e-01
2.307790964841842651e-01
8.225959539413452148e-02
2.509991526603698730e-01
3.473861217498779297e-01
1.770562380552291870e-01
1.969863027334213257e-01
6.984524726867675781e-01
3.799107670783996582e-01
5.866747498512268066e-01
1.144736111164093018e-01
4.936840236186981201e-01
3.300144076347351074e-01
5.699799656867980957e-01
3.073747754096984863e-01
6.681759953498840332e-01
2.580519914627075195e-01
2.726888358592987061e-01
5.219972133636474609e-01
7.839184999465942383e-02
7.515614479780197144e-02
2.750443220138549805e-01
7.800570130348205566e-01
1.731387674808502197e-01
3.718653321266174316e-01
7.576484680175781250e-01
6.685979962348937988e-01
1.314688473939895630e-01
7.974097132682800293e-01
2.032694518566131592e-01
3.892900049686431885e-01
1.527256369590759277e-01
1.668900400400161743e-01
3.931995034217834473e-01
1.905369609594345093e-01
1.144016832113265991e-01
7.524783611297607422e-01
3.277126550674438477e-01
7.530428171157836914e-01
2.333364039659500122e-01
7.395431995391845703e-01
7.990607023239135742e-01
6.713940501213073730e-01
2.230467498302459717e-01
2.432506382465362549e-01
2.579815983772277832e-01
5.519800186157226562e-01
6.697556376457214355e-01
2.380828112363815308e-01
6.744008064270019531e-01
4.363561868667602539e-01
7.577057480812072754e-01
9.335091710090637207e-02
7.489219903945922852e-01
7.646491527557373047e-01
3.666078448295593262e-01
5.846010446548461914e-01
7.727192640304565430e-01
2.700767815113067627e-01
1.848689913749694824e-01
7.469394207000732422e-01
3.394881784915924072e-01
5.510110855102539062e-01
2.118052691221237183e-01
2.521836757659912109e-01
3.747037947177886963e-01
1.399749815464019775e-01
7.838350534439086914e-01
2.929400801658630371e-01
6.838175058364868164e-01
8.355367928743362427e-02
2.620472908020019531e-01
1.471157521009445190e-01
2.793756127357482910e-01
2.697570025920867920e-01
2.149160355329513550e-01
3.759045004844665527e-01
7.170522212982177734e-01
2.588528394699096680e-01
6.975729465484619141e-01
7.542639970779418945e-02
6.651809215545654297e-01
4.919293224811553955e-01
7.572510838508605957e-02
1.542597264051437378e-01
3.044570088386535645e-01
3.859479427337646484e-01
3.121460080146789551e-01
1.794128417968750000e-01
5.482368469238281250e-01
6.862242221832275391e-01
7.428703904151916504e-01
3.820624649524688721e-01
2.561011314392089844e-01
6.472349762916564941e-01
2.203994542360305786e-01
6.684389710426330566e-01
3.504028618335723877e-01
7.328937649726867676e-01
1.856614202260971069e-01
2.950205802917480469e-01
7.677388787269592285e-01
5.142247676849365234e-01
4.624722898006439209e-01
6.133756637573242188e-01
4.836210310459136963e-01
1.090883985161781311e-01
4.087463319301605225e-01
4.180305898189544678e-01
2.214530706405639648e-01
2.290482968091964722e-01
5.712028741836547852e-01
7.612514495849609375e-01
6.069613099098205566e-01
2.528631687164306641e-01
1.249405294656753540e-01
3.318302929401397705e-01
7.446045875549316406e-01
3.011431694030761719e-01
1.975030303001403809e-01
7.400412559509277344e-01
3.907971680164337158e-01
4.276766180992126465e-01
1.682763397693634033e-01
2.115784436464309692e-01
8.942802250385284424e-02
2.499308139085769653e-01
6.807467341423034668e-01
7.184125781059265137e-01
5.724913477897644043e-01
6.085293889045715332e-01
2.743887305259704590e-01
2.652141451835632324e-01
2.155357450246810913e-01
5.524820685386657715e-01
3.154103755950927734e-01
7.585068345069885254e-01
5.935155749320983887e-01
1.970775574445724487e-01
2.974060773849487305e-01
6.140409708023071289e-01
3.236210644245147705e-01
2.492664903402328491e-01
7.790536284446716309e-01
3.730643391609191895e-01
5.886686444282531738e-01
3.000769019126892090e-01
1.949210762977600098e-01
2.305887341499328613e-01
2.253072261810302734e-01
7.190838456153869629e-02
1.373278349637985229e-01
4.902157485485076904e-01
2.090322524309158325e-01
6.168655157089233398e-01
7.179405689239501953e-01
3.650680482387542725e-01
7.363586127758026123e-02
2.053301036357879639e-01
2.511733174324035645e-01
1.042460724711418152e-01
4.276336133480072021e-01
7.512601017951965332e-01
4.045280814170837402e-01
7.257982492446899414e-01
7.243244349956512451e-02
2.166568189859390259e-01
4.983919262886047363e-01
4.142958223819732666e-01
7.380987405776977539e-01
1.747200638055801392e-01
7.364072650671005249e-02
7.449962943792343140e-02
1.600286215543746948e-01
4.174087345600128174e-01
2.269659787416458130e-01
4.830572605133056641e-01
2.633254826068878174e-01
2.053995281457901001e-01
5.570827722549438477e-01
2.319362759590148926e-01
4.101262688636779785e-01
1.730413138866424561e-01
2.176491171121597290e-01
5.333785414695739746e-01
4.548492431640625000e-01
3.970025479793548584e-01
7.724328637123107910e-01
2.608036994934082031e-01
2.472828030586242676e-01
6.445060372352600098e-01
1.628136783838272095e-01
3.306632041931152344e-01
2.153901457786560059e-01
1.246212199330329895e-01
9.078826010227203369e-02
2.873117029666900635e-01
2.180476784706115723e-01
6.261258125305175781e-01
7.349231839179992676e-02
7.296708971261978149e-02
7.346576452255249023e-02
7.148936986923217773e-01
6.974779367446899414e-01
2.542472779750823975e-01
3.156047761440277100e-01
3.079375922679901123e-01
2.054480463266372681e-01
2.195946574211120605e-01
4.283385872840881348e-01
1.130191907286643982e-01
3.473982214927673340e-01
1.544203162193298340e-01
1.147129833698272705e-01
2.540438175201416016e-01
7.812678068876266479e-02
6.156919598579406738e-01
3.188180029392242432e-01
7.544062733650207520e-01
1.667797863483428955e-01
2.901385128498077393e-01
1.398130506277084351e-01
5.531137585639953613e-01
3.489124178886413574e-01
7.161538600921630859e-01
7.447988390922546387e-01
3.630435764789581299e-01
3.526882529258728027e-01
2.944627404212951660e-01
2.225795388221740723e-01
1.126409769058227539e-01
7.372120767831802368e-02
6.716037392616271973e-01
4.364899694919586182e-01
5.427845120429992676e-01
7.259006053209304810e-02
3.827915787696838379e-01
2.825655937194824219e-01
2.116918265819549561e-01
2.407811135053634644e-01
1.455057710409164429e-01
3.455618619918823242e-01
6.614828705787658691e-01
1.186178624629974365e-01
7.374241948127746582e-02
5.037680864334106445e-01
7.345711439847946167e-02
2.311810553073883057e-01
2.848869264125823975e-01
1.938553452491760254e-01
8.826908469200134277e-02
7.213369756937026978e-02
7.556249499320983887e-01
7.155864238739013672e-01
1.315255910158157349e-01
1.911863237619400024e-01
2.534177601337432861e-01
1.021914035081863403e-01
6.739920973777770996e-01
4.201613068580627441e-01
2.552863061428070068e-01
3.122369945049285889e-01
1.551113873720169067e-01
6.987547874450683594e-01
1.803899854421615601e-01
2.855384945869445801e-01
1.384798735380172729e-01
7.701490521430969238e-01
1.168620288372039795e-01
7.228755205869674683e-02
5.724483132362365723e-01
7.262138724327087402e-01
4.110474586486816406e-01
7.432930916547775269e-02
7.970415055751800537e-02
3.928144276142120361e-01
4.971446394920349121e-01
3.065313994884490967e-01
2.282098829746246338e-01
2.151499092578887939e-01
2.203525602817535400e-01
1.628795266151428223e-01
1.309805214405059814e-01
3.436345458030700684e-01
7.932246476411819458e-02
2.184292674064636230e-01
7.818272113800048828e-01
6.024239063262939453e-01
3.544404804706573486e-01
7.912277579307556152e-01
5.226107835769653320e-01
6.387023329734802246e-01
2.495856285095214844e-01
7.699061036109924316e-01
3.418259620666503906e-01
2.183242887258529663e-01
7.667047381401062012e-01
7.178176641464233398e-01
4.682072997093200684e-01
7.139516621828079224e-02
3.707664310932159424e-01
3.672948777675628662e-01
7.970833033323287964e-02
4.684782922267913818e-01
7.366445660591125488e-02
2.800611257553100586e-01
2.322064340114593506e-01
1.267224401235580444e-01
1.364442557096481323e-01
6.716848015785217285e-01
3.785588741302490234e-01
3.735390305519104004e-01
1.434661448001861572e-01
7.200157046318054199e-01
4.804906845092773438e-01
3.689822554588317871e-01
4.258795678615570068e-01
4.371697008609771729e-01
1.426001936197280884e-01
2.500678002834320068e-01
7.069040536880493164e-01
2.113643437623977661e-01
6.247150897979736328e-01
7.668825984001159668e-01
3.884306550025939941e-01
2.529472112655639648e-01
6.969001293182373047e-01
1.340335011482238770e-01
6.845058202743530273e-01
7.410300523042678833e-02
2.375527173280715942e-01
3.371053934097290039e-01
6.951576471328735352e-01
5.989264845848083496e-01
7.254904508590698242e-01
3.654589056968688965e-01
2.472285181283950806e-01
6.139205694198608398e-01
2.809853255748748779e-01
1.442291438579559326e-01
3.555305302143096924e-01
5.180148482322692871e-01
2.215859144926071167e-01
4.738680720329284668e-01
5.595539212226867676e-01
3.947217166423797607e-01
3.436082899570465088e-01
7.417660951614379883e-01
1.349603086709976196e-01
5.255288481712341309e-01
2.748411297798156738e-01
4.163039028644561768e-01
1.513516008853912354e-01
1.778434067964553833e-01
7.019342780113220215e-01
4.841435849666595459e-01
3.221738338470458984e-01
5.255133509635925293e-01
7.632501721382141113e-01
7.886627912521362305e-01
7.966344952583312988e-01
1.610948592424392700e-01
3.557374477386474609e-01
4.153846502304077148e-01
3.502517342567443848e-01
7.930481433868408203e-01
4.060513377189636230e-01
3.384443223476409912e-01
2.632888257503509521e-01
2.399047613143920898e-01
7.470641136169433594e-01
1.096574589610099792e-01
8.784534782171249390e-02
6.941990256309509277e-01
1.006178632378578186e-01
2.261510491371154785e-01
3.307610750198364258e-01
6.678991913795471191e-01
7.715150713920593262e-01
3.317696154117584229e-01
7.416725903749465942e-02
2.873636782169342041e-01
6.838434934616088867e-01
7.883257865905761719e-01
7.243721932172775269e-02
6.163538694381713867e-01
1.437520384788513184e-01
6.753020882606506348e-01
2.560022175312042236e-01
7.166901230812072754e-01
5.948942899703979492e-01
1.163171306252479553e-01
2.509696185588836670e-01
6.736729145050048828e-01
7.263486087322235107e-02
1.332943886518478394e-01
5.857525467872619629e-01
7.702767848968505859e-02
2.761135101318359375e-01
5.692107677459716797e-01
3.912759721279144287e-01
7.385247945785522461e-02
6.985268592834472656e-01
5.103204250335693359e-01
3.952744007110595703e-01
9.916751831769943237e-02
5.014217495918273926e-01
7.554467320442199707e-01
6.350653171539306641e-01
7.628141641616821289e-01
2.241581082344055176e-01
5.388041138648986816e-01
2.745005786418914795e-01
3.423727750778198242e-01
7.585134357213973999e-02
2.192308455705642700e-01
7.247334718704223633e-02
7.143943309783935547e-01
7.275794744491577148e-01
7.578458189964294434e-01
2.469294965267181396e-01
5.274831652641296387e-01
1.371669620275497437e-01
2.722707688808441162e-01
7.814313173294067383e-01
7.264598608016967773e-01
2.970023751258850098e-01
1.600283235311508179e-01
7.392946630716323853e-02
7.611619681119918823e-02
2.829262018203735352e-01
7.440106272697448730e-01
4.512488245964050293e-01
1.183954849839210510e-01
2.983068525791168213e-01
4.538927376270294189e-01
7.026874423027038574e-01
1.829561889171600342e-01
4.060036838054656982e-01
4.753355681896209717e-01
7.917308211326599121e-01
3.079686462879180908e-01
7.605359703302383423e-02
3.245213031768798828e-01
3.883704245090484619e-01
3.273963034152984619e-01
2.143802493810653687e-01
3.432280421257019043e-01
7.363197207450866699e-01
7.360051870346069336e-01
7.236749529838562012e-01
3.385349214076995850e-01
7.464289665222167969e-02
3.674511015415191650e-01
4.657065272331237793e-01
2.959579229354858398e-01
4.232804179191589355e-01
6.800416111946105957e-01
2.243502438068389893e-01
1.338159590959548950e-01
7.517595589160919189e-02
2.478236407041549683e-01
1.729454994201660156e-01
7.313755154609680176e-02
3.850340247154235840e-01
7.320953011512756348e-01
5.106862783432006836e-01
6.866232156753540039e-01
4.443783462047576904e-01
2.451026290655136108e-01
2.046901732683181763e-01
7.439445704221725464e-02
5.890625715255737305e-01
7.696971893310546875e-01
1.178424507379531860e-01
7.796772122383117676e-01
7.920840978622436523e-01
7.307564616203308105e-01
2.890781164169311523e-01
6.995506882667541504e-01
1.200044527649879456e-01
4.382902979850769043e-01
7.052649855613708496e-01
7.407193183898925781e-01
6.782657504081726074e-01
1.787638366222381592e-01
1.106380075216293335e-01
3.955853879451751709e-01
6.234077215194702148e-01
2.715767920017242432e-01
2.048277109861373901e-01
3.959059119224548340e-01
4.999664425849914551e-01
2.381327748298645020e-01
3.835543990135192871e-01
3.123629987239837646e-01
3.083368837833404541e-01
2.483762502670288086e-01
6.780440807342529297e-01
5.945135951042175293e-01
1.425191015005111694e-01
6.272984147071838379e-01
1.117267161607742310e-01
7.215318083763122559e-01
6.830277442932128906e-01
2.171086370944976807e-01
1.263285279273986816e-01
1.118081882596015930e-01
4.754883944988250732e-01
7.989996075630187988e-01
2.762361168861389160e-01
7.205316424369812012e-01
8.935265988111495972e-02
1.696428209543228149e-01
1.611455529928207397e-01
7.740852236747741699e-01
3.377011716365814209e-01
7.696296572685241699e-01
4.234119951725006104e-01
2.668040394783020020e-01
1.539624482393264771e-01
2.011917084455490112e-01
4.532247483730316162e-01
7.228946685791015625e-01
8.857219666242599487e-02
2.682846784591674805e-01
7.327381968498229980e-01
2.783355116844177246e-01
7.382653653621673584e-02
4.111342132091522217e-01
7.457928359508514404e-02
2.997201681137084961e-01
2.887454926967620850e-01
4.967002868652343750e-01
1.405477821826934814e-01
2.776296436786651611e-01
1.844058334827423096e-01
3.728691935539245605e-01
7.104712724685668945e-01
5.019083023071289062e-01
2.657788693904876709e-01
7.530663907527923584e-02
1.748009920120239258e-01
1.813349574804306030e-01
1.843994259834289551e-01
2.056135386228561401e-01
1.182964146137237549e-01
1.695410162210464478e-01
2.364177256822586060e-01
7.838440537452697754e-01
1.115591377019882202e-01
3.094296753406524658e-01
2.267034947872161865e-01
6.253816485404968262e-01
4.079886972904205322e-01
1.304978728294372559e-01
3.834441900253295898e-01
7.753020524978637695e-01
2.834099233150482178e-01
2.341042011976242065e-01
7.210303097963333130e-02
2.204544693231582642e-01
2.908695340156555176e-01
5.847436189651489258e-01
4.997023940086364746e-01
2.608764171600341797e-01
7.470262050628662109e-01
3.673006296157836914e-01
5.623809695243835449e-01
2.685954272747039795e-01
3.298451304435729980e-01
7.459634542465209961e-01
2.713754773139953613e-01
7.252061367034912109e-02
7.543404698371887207e-01
6.660552024841308594e-01
5.276116132736206055e-01
6.422432065010070801e-01
1.755116879940032959e-01
2.751526832580566406e-01
2.192792892456054688e-01
1.662313789129257202e-01
3.849450349807739258e-01
7.228039950132369995e-02
1.949539184570312500e-01
2.638731300830841064e-01
1.382809132337570190e-01
5.184599161148071289e-01
4.818233847618103027e-01
4.733359813690185547e-01
7.387279719114303589e-02
6.389046311378479004e-01
7.029806375503540039e-01
8.045774698257446289e-02
7.545867562294006348e-01
6.211230158805847168e-01
5.432658195495605469e-01
1.834716200828552246e-01
7.602085471153259277e-01
3.685142695903778076e-01
1.018749624490737915e-01
7.410525083541870117e-01
3.705888688564300537e-01
6.775960922241210938e-01
1.473367661237716675e-01
2.796126008033752441e-01
4.126610755920410156e-01
3.507757782936096191e-01
5.719878673553466797e-01
7.571373581886291504e-01
2.571817040443420410e-01
2.842016816139221191e-01
7.235242426395416260e-02
7.277297973632812500e-01
1.175547838211059570e-01
1.326563358306884766e-01
7.526026964187622070e-01
7.546383738517761230e-01
4.159937500953674316e-01
1.336507797241210938e-01
6.211587786674499512e-01
5.718469619750976562e-01
7.079976201057434082e-01
2.835384905338287354e-01
7.133403420448303223e-01
9.787754714488983154e-02
4.980010092258453369e-01
7.842677831649780273e-02
7.119514942169189453e-01
1.211465001106262207e-01
5.797054767608642578e-01
5.725629329681396484e-01
3.176837861537933350e-01
3.024925589561462402e-01
2.085793614387512207e-01
7.041561603546142578e-01
7.529413104057312012e-01
4.128910005092620850e-01
5.448243618011474609e-01
3.587484955787658691e-01
5.105494260787963867e-01
7.416900992393493652e-01
7.585837244987487793e-01
2.019994258880615234e-01
1.753811240196228027e-01
1.990565210580825806e-01
8.793769776821136475e-02
4.273544847965240479e-01
3.230921030044555664e-01
7.857987284660339355e-01
2.084257304668426514e-01
6.254429221153259277e-01
4.029738306999206543e-01
5.719538331031799316e-01
2.558168470859527588e-01
1.409195810556411743e-01
7.919064164161682129e-02
7.318112999200820923e-02
2.359063178300857544e-01
7.850559949874877930e-01
7.214496731758117676e-01
4.016879498958587646e-01
1.371822357177734375e-01
7.688292860984802246e-01
7.845362424850463867e-01
5.546252131462097168e-01
1.297201812267303467e-01
2.705150842666625977e-01
7.385154366493225098e-01
5.411121845245361328e-01
6.777489781379699707e-01
1.011263057589530945e-01
7.869204878807067871e-01
7.836615443229675293e-01
6.903576850891113281e-01
7.737763524055480957e-01
3.876659572124481201e-01
1.145738288760185242e-01
4.564574062824249268e-01
2.503589093685150146e-01
7.566062808036804199e-01
3.701162338256835938e-01
3.945638835430145264e-01
6.900110244750976562e-01
8.093181252479553223e-02
6.766319274902343750e-01
6.833500862121582031e-01
7.148188352584838867e-01
1.556672453880310059e-01
4.028845727443695068e-01
5.233339071273803711e-01
5.342775583267211914e-01
5.025706887245178223e-01
3.186323046684265137e-01
4.032168090343475342e-01
7.408654093742370605e-01
6.345994472503662109e-01
2.469011247158050537e-01
1.102360934019088745e-01
2.557329237461090088e-01
1.024034023284912109e-01
4.224708378314971924e-01
2.580764889717102051e-01
6.358010768890380859e-01
2.134562730789184570e-01
7.549922168254852295e-02
5.217458605766296387e-01
4.126853942871093750e-01
2.014527767896652222e-01
3.371269106864929199e-01
1.335340738296508789e-01
6.609302163124084473e-01
6.855575442314147949e-01
7.373711466789245605e-02
4.592498540878295898e-01
1.012779995799064636e-01
4.028253853321075439e-01
3.267858028411865234e-01
1.665529459714889526e-01
1.741139441728591919e-01
1.497385948896408081e-01
6.189329028129577637e-01
2.880184948444366455e-01
6.283556669950485229e-02
3.034894168376922607e-01
2.369093596935272217e-01
3.809491991996765137e-01
6.365430951118469238e-01
7.936708629131317139e-02
1.684173494577407837e-01
7.048382759094238281e-01
4.524141550064086914e-01
7.518949359655380249e-02
7.976077198982238770e-01
5.977998375892639160e-01
6.029973030090332031e-01
1.852111965417861938e-01
3.003702163696289062e-01
7.331643253564834595e-02
7.442892342805862427e-02
3.500636816024780273e-01
5.994733572006225586e-01
4.824174344539642334e-01
7.605465054512023926e-01
7.218379974365234375e-01
1.815490126609802246e-01
4.350924193859100342e-01
1.893368214368820190e-01
3.422747850418090820e-01
3.856208026409149170e-01
2.878676056861877441e-01
5.100159645080566406e-01
3.466739654541015625e-01
7.841305732727050781e-01
3.453041613101959229e-01
1.969000995159149170e-01
7.116047739982604980e-01
4.453798830509185791e-01
5.527018308639526367e-01
7.222582101821899414e-01
5.986434221267700195e-01
4.329634606838226318e-01
7.731957435607910156e-01
7.298834919929504395e-01
3.377687931060791016e-01
7.634685635566711426e-01
7.286527007818222046e-02
7.549092769622802734e-01
5.892430543899536133e-01
9.622678160667419434e-02
7.276279479265213013e-02
6.242359876632690430e-01
2.759720087051391602e-01
1.861270219087600708e-01
3.254522681236267090e-01
7.840296626091003418e-01
1.617079675197601318e-01
7.301014661788940430e-02
2.293983846902847290e-01
2.667121887207031250e-01
2.677925229072570801e-01
1.179691776633262634e-01
7.299764454364776611e-02
1.586860269308090210e-01
3.877412974834442139e-01
4.593808352947235107e-01
5.012469291687011719e-01
6.863184571266174316e-01
7.497901320457458496e-01
2.226355373859405518e-01
1.211427077651023865e-01
3.864516913890838623e-01
7.145480513572692871e-01
2.168280780315399170e-01
4.498793184757232666e-01
4.322116672992706299e-01
1.483293324708938599e-01
7.801725268363952637e-01
4.228399693965911865e-01
1.774286925792694092e-01
2.242036908864974976e-01
3.857363462448120117e-01
2.328422516584396362e-01
6.729977726936340332e-01
2.177087515592575073e-01
2.236506938934326172e-01
1.419749259948730469e-01
4.237220287322998047e-01
3.391889035701751709e-01
1.970472335815429688e-01
3.713789284229278564e-01
2.529434561729431152e-01
7.197062671184539795e-02
2.127903997898101807e-01
9.019602835178375244e-02
3.858808875083923340e-01
7.412240654230117798e-02
7.690597772598266602e-01
7.170716524124145508e-01
9.458614885807037354e-02
