3.069023229181766510e-02
8.183673024177551270e-01
8.680134266614913940e-02
9.288703799247741699e-01
1.152269691228866577e-01
3.997115045785903931e-02
2.077907621860504150e-01
1.972945481538772583e-01
9.010146856307983398e-01
7.095751166343688965e-02
3.244584202766418457e-01
1.943836063146591187e-01
9.076558351516723633e-01
4.476246535778045654e-01
1.012524813413619995e-01
3.817329704761505127e-01
1.596904247999191284e-01
5.375244021415710449e-01
9.441531300544738770e-01
2.524229884147644043e-01
7.879271507263183594e-01
7.292306423187255859e-01
6.612800806760787964e-02
2.892261184751987457e-02
2.314178496599197388e-01
4.477670043706893921e-02
8.238876461982727051e-01
2.299556732177734375e-01
1.308340728282928467e-01
4.085982143878936768e-01
1.525419056415557861e-01
2.789730764925479889e-02
8.252892494201660156e-01
6.750264018774032593e-02
1.606451272964477539e-01
8.238606154918670654e-02
3.077860474586486816e-01
9.428522735834121704e-02
3.266868889331817627e-01
9.420960545539855957e-01
1.767361313104629517e-01
1.320007145404815674e-01
4.846316948533058167e-02
6.739102303981781006e-02
4.904625192284584045e-02
1.022370904684066772e-01
2.928574085235595703e-01
7.175750732421875000e-01
2.952398918569087982e-02
8.876750469207763672e-01
1.733320802450180054e-01
3.522079437971115112e-02
1.119112223386764526e-01
3.738996684551239014e-01
1.004610359668731689e-01
7.190798968076705933e-02
8.561371564865112305e-01
5.292022228240966797e-02
4.238894209265708923e-02
2.257568538188934326e-01
4.342647492885589600e-01
1.669543981552124023e-01
8.255372941493988037e-02
5.207353457808494568e-02
6.209069490432739258e-02
8.152451366186141968e-02
4.891855269670486450e-02
1.869088262319564819e-01
4.353875219821929932e-01
2.292464971542358398e-01
4.568101465702056885e-02
5.858231782913208008e-01
3.439700007438659668e-01
7.872432470321655273e-02
2.000108957290649414e-01
5.674415826797485352e-02
3.768557310104370117e-02
2.913068048655986786e-02
1.242321208119392395e-01
4.923679679632186890e-02
7.894017696380615234e-01
8.056300878524780273e-01
8.618577718734741211e-01
5.367097258567810059e-01
8.186467885971069336e-01
5.122744441032409668e-01
8.107809722423553467e-02
6.911821663379669189e-02
7.649249434471130371e-01
8.947365731000900269e-02
5.785596966743469238e-01
5.404711142182350159e-02
3.563917428255081177e-02
3.213287591934204102e-01
3.593296408653259277e-01
4.511907100677490234e-01
4.658463597297668457e-01
9.064338803291320801e-01
6.964800506830215454e-02
6.673297286033630371e-02
5.467962622642517090e-01
1.410043984651565552e-01
4.761504828929901123e-01
1.506526917219161987e-01
1.897496581077575684e-01
6.437708437442779541e-02
5.805851519107818604e-02
4.748272597789764404e-01
3.845288753509521484e-01
2.697721123695373535e-01
2.313882708549499512e-01
4.099898785352706909e-02
4.165994375944137573e-02
9.515098333358764648e-01
1.691877394914627075e-01
7.077159732580184937e-02
9.081816673278808594e-01
4.643616080284118652e-02
1.104446873068809509e-01
7.583478689193725586e-01
2.855858020484447479e-02
1.005350276827812195e-01
1.060907319188117981e-01
5.982802510261535645e-01
9.045315980911254883e-01
1.355348378419876099e-01
5.139968916773796082e-02
2.164913415908813477e-01
5.280525237321853638e-02
4.779107868671417236e-02
9.511979222297668457e-01
9.434697777032852173e-02
9.215798974037170410e-01
2.048886120319366455e-01
2.319594919681549072e-01
4.387729167938232422e-01
8.634586930274963379e-01
1.283290386199951172e-01
3.707162439823150635e-01
4.256170615553855896e-02
6.810789108276367188e-01
7.896319627761840820e-01
5.782808661460876465e-01
2.539033889770507812e-01
1.482739299535751343e-01
8.130826801061630249e-02
3.056849837303161621e-01
5.021744966506958008e-01
6.807212233543395996e-01
1.094283908605575562e-01
3.618905693292617798e-02
1.430070698261260986e-01
6.458280235528945923e-02
1.547287106513977051e-01
9.064006805419921875e-02
8.786901831626892090e-02
2.613581717014312744e-01
2.805970311164855957e-01
2.224994897842407227e-01
5.755398869514465332e-01
3.439542055130004883e-01
6.417367458343505859e-01
8.703002333641052246e-02
1.889111399650573730e-01
8.945565223693847656e-01
3.213627338409423828e-01
1.381064653396606445e-01
2.057063281536102295e-01
8.462221175432205200e-02
1.507295817136764526e-01
4.991756379604339600e-02
4.601523652672767639e-02
3.956809043884277344e-01
3.973897397518157959e-01
5.522039532661437988e-02
9.307823777198791504e-01
2.204200029373168945e-01
4.832993820309638977e-02
7.827374935150146484e-01
1.011664867401123047e-01
1.245100423693656921e-01
5.983947589993476868e-02
6.650479882955551147e-02
1.093589887022972107e-01
2.322426885366439819e-01
7.988411933183670044e-02
1.284634321928024292e-01
4.730137884616851807e-01
3.843773305416107178e-01
3.329115211963653564e-01
3.827666118741035461e-02
7.409703731536865234e-01
1.609721332788467407e-01
7.722823619842529297e-01
2.003162354230880737e-01
3.932671844959259033e-01
3.915715962648391724e-02
9.388494491577148438e-02
6.308523416519165039e-01
3.858889266848564148e-02
3.157358989119529724e-02
9.000401198863983154e-02
8.986883759498596191e-01
2.508005797863006592e-01
7.964329719543457031e-01
9.329029321670532227e-01
4.037640988826751709e-01
7.610529661178588867e-02
9.592202901840209961e-01
2.592189013957977295e-01
3.113727271556854248e-01
4.767336696386337280e-02
3.708735704421997070e-01
4.106838107109069824e-01
3.028652071952819824e-01
2.981649897992610931e-02
6.958927512168884277e-01
3.693606257438659668e-01
8.242413401603698730e-01
5.086901038885116577e-02
8.588050007820129395e-01
9.528964161872863770e-01
5.594750642776489258e-01
8.626755326986312866e-02
1.170086935162544250e-01
1.157263144850730896e-01
7.886410951614379883e-01
6.661972403526306152e-01
1.176676675677299500e-01
5.752652883529663086e-01
6.714992523193359375e-01
9.086488485336303711e-01
7.068687677383422852e-02
8.540148735046386719e-01
8.289750218391418457e-01
1.937823742628097534e-01
4.738759100437164307e-01
9.117246270179748535e-01
9.135823696851730347e-02
1.585805416107177734e-01
8.822689652442932129e-01
3.261131644248962402e-01
7.452335357666015625e-01
3.017727658152580261e-02
2.731676697731018066e-01
1.564567834138870239e-01
3.891893848776817322e-02
9.576391577720642090e-01
7.669367641210556030e-02
8.347230553627014160e-01
3.095235824584960938e-01
1.544363051652908325e-01
8.378779143095016479e-02
5.083231627941131592e-02
6.259430944919586182e-02
5.104827135801315308e-02
1.069808155298233032e-01
8.070409297943115234e-01
1.269239932298660278e-01
8.536822795867919922e-01
6.229293718934059143e-02
5.396593809127807617e-01
3.627100288867950439e-01
4.311852902173995972e-02
1.296427100896835327e-01
3.131078481674194336e-01
1.482267081737518311e-01
2.340687662363052368e-01
6.675839424133300781e-02
7.301119565963745117e-01
8.390561342239379883e-01
7.902942895889282227e-01
2.312736511230468750e-01
2.554486691951751709e-01
5.792508721351623535e-01
8.877563476562500000e-02
7.375126481056213379e-01
7.727760821580886841e-02
8.475682735443115234e-01
7.493489980697631836e-02
1.552345156669616699e-01
8.555142283439636230e-01
2.629673182964324951e-01
3.369033038616180420e-01
4.419530332088470459e-01
2.583278715610504150e-01
4.431519657373428345e-02
6.261976808309555054e-02
2.877691686153411865e-01
7.156146317720413208e-02
8.833730965852737427e-02
6.412315368652343750e-01
7.601770758628845215e-01
4.023984670639038086e-01
1.690024733543395996e-01
3.269850090146064758e-02
1.139913126826286316e-01
8.451132774353027344e-01
5.802413225173950195e-01
9.320474416017532349e-02
8.816758394241333008e-01
5.265778899192810059e-01
3.525416254997253418e-01
7.197027653455734253e-02
5.144094675779342651e-02
3.567505627870559692e-02
1.132631525397300720e-01
6.036654114723205566e-01
8.726534247398376465e-01
5.661757588386535645e-01
2.491734623908996582e-01
6.552703678607940674e-02
7.579078525304794312e-02
2.363863140344619751e-01
6.435974240303039551e-01
1.942082047462463379e-01
9.186639189720153809e-01
6.153855919837951660e-01
4.009007215499877930e-01
1.305979192256927490e-01
3.386245071887969971e-01
2.380643337965011597e-01
5.397319793701171875e-01
9.280236363410949707e-01
2.144079953432083130e-01
4.518384635448455811e-01
1.046606525778770447e-01
1.266688108444213867e-01
3.944510594010353088e-02
4.375920817255973816e-02
3.202747181057929993e-02
5.517728626728057861e-02
4.083330035209655762e-01
7.776708900928497314e-02
1.879800260066986084e-01
9.080370664596557617e-01
2.637975215911865234e-01
3.166780993342399597e-02
1.693056076765060425e-01
1.101208850741386414e-01
4.553385823965072632e-02
2.043723315000534058e-01
6.904274225234985352e-01
2.422432601451873779e-01
8.816602826118469238e-01
3.171304613351821899e-02
2.003261893987655640e-01
4.816414713859558105e-01
8.280920237302780151e-02
7.002433538436889648e-01
6.664175540208816528e-02
2.972166612744331360e-02
5.532146617770195007e-02
1.245753318071365356e-01
4.636955261230468750e-01
8.510416746139526367e-02
8.609741330146789551e-01
2.988112270832061768e-01
1.067045703530311584e-01
4.679869413375854492e-01
5.598076805472373962e-02
3.604679703712463379e-01
1.828951090574264526e-01
5.246719717979431152e-02
8.339623808860778809e-01
4.185016751289367676e-01
3.526018559932708740e-01
9.292678833007812500e-01
2.320915907621383667e-01
1.634261906147003174e-01
4.909125268459320068e-01
6.541923433542251587e-02
9.414637833833694458e-02
1.413577795028686523e-01
6.040640920400619507e-02
5.107915773987770081e-02
1.460062563419342041e-01
6.605552881956100464e-02
9.382336139678955078e-01
5.510105192661285400e-02
5.144558846950531006e-02
4.181894659996032715e-02
7.956232428550720215e-01
6.451031565666198730e-01
2.112923711538314819e-01
2.530397772789001465e-01
3.286718428134918213e-01
2.257674038410186768e-01
1.178197488188743591e-01
4.444736540317535400e-01
3.338214382529258728e-02
4.702328145503997803e-02
4.943193495273590088e-02
3.984564542770385742e-02
5.148726701736450195e-02
9.479846805334091187e-02
6.305612325668334961e-01
1.955364346504211426e-01
8.815645575523376465e-01
2.152862995862960815e-01
1.913452148437500000e-01
4.886665567755699158e-02
8.332113027572631836e-01
5.303040742874145508e-01
5.694477558135986328e-01
7.970092296600341797e-01
1.493699848651885986e-01
4.723880290985107422e-01
1.525751054286956787e-01
6.626305729150772095e-02
5.279095470905303955e-02
3.365237265825271606e-02
7.127180695533752441e-01
5.974166393280029297e-01
8.818328976631164551e-01
2.805110812187194824e-02
4.084104895591735840e-01
1.809961050748825073e-01
5.137398093938827515e-02
7.925723493099212646e-02
3.854263946413993835e-02
5.320228338241577148e-01
6.652911901473999023e-01
3.047688491642475128e-02
5.795869231224060059e-02
3.457512855529785156e-01
3.744870051741600037e-02
2.090009003877639771e-01
2.418806850910186768e-01
1.191904246807098389e-01
1.352123618125915527e-01
2.295468747615814209e-01
7.090969681739807129e-01
3.806607723236083984e-01
1.096668988466262817e-01
3.524945303797721863e-02
1.811774224042892456e-01
7.237683236598968506e-02
5.200648903846740723e-01
1.156441718339920044e-01
7.177051901817321777e-02
1.468447744846343994e-01
1.279062479734420776e-01
5.614477396011352539e-01
4.372978582978248596e-02
3.253945112228393555e-01
6.067910790443420410e-02
7.000889182090759277e-01
5.294667184352874756e-02
3.029916435480117798e-02
3.613935708999633789e-01
7.868356704711914062e-01
3.636355996131896973e-01
3.251507133245468140e-02
3.319732472300529480e-02
4.783003330230712891e-01
2.498813569545745850e-01
8.735832571983337402e-02
5.332444235682487488e-02
1.945738643407821655e-01
2.739863991737365723e-01
1.171318367123603821e-01
6.832098960876464844e-02
1.743584722280502319e-01
7.099563628435134888e-02
1.022891625761985779e-01
9.473807215690612793e-01
2.680896222591400146e-01
1.523001194000244141e-01
9.579972624778747559e-01
8.820273727178573608e-02
4.306356608867645264e-01
6.907830387353897095e-02
8.400401473045349121e-01
2.672441601753234863e-01
4.238308966159820557e-02
7.635106444358825684e-01
8.919868469238281250e-01
3.808775842189788818e-01
2.331825532019138336e-02
2.594734728336334229e-01
2.358633428812026978e-01
1.005189418792724609e-01
6.390177011489868164e-01
6.764534115791320801e-02
1.836024075746536255e-01
2.448451370000839233e-01
7.307651638984680176e-02
4.853275045752525330e-02
2.419419735670089722e-01
3.168873488903045654e-02
2.933699786663055420e-01
6.748132407665252686e-02
6.865362524986267090e-01
2.937775850296020508e-01
1.770611554384231567e-01
1.579459607601165771e-01
1.173040270805358887e-01
8.829943090677261353e-02
8.913976699113845825e-02
8.557063937187194824e-01
7.844916731119155884e-02
3.495832979679107666e-01
9.349445104598999023e-01
3.201438486576080322e-01
4.743102937936782837e-02
6.773647069931030273e-01
3.744605928659439087e-02
8.186592459678649902e-01
7.382033765316009521e-02
1.733709722757339478e-01
3.156607151031494141e-01
6.723597049713134766e-01
4.279169440269470215e-01
8.015985488891601562e-01
3.153055012226104736e-01
1.241814792156219482e-01
2.804515659809112549e-01
1.692016124725341797e-01
1.591153442859649658e-01
2.578889727592468262e-01
3.584327995777130127e-01
9.572385996580123901e-02
5.522083640098571777e-01
5.954260826110839844e-01
1.116267070174217224e-01
3.744810521602630615e-01
8.115106225013732910e-01
6.090467050671577454e-02
4.807629585266113281e-01
1.893410831689834595e-01
1.983140856027603149e-01
9.488252550363540649e-02
1.239565834403038025e-01
5.572623014450073242e-01
2.438323646783828735e-01
3.678258359432220459e-01
5.795394182205200195e-01
9.002081155776977539e-01
9.604089260101318359e-01
9.485808610916137695e-01
3.082524985074996948e-02
3.297868371009826660e-01
2.236352860927581787e-01
2.883228957653045654e-01
9.402488470077514648e-01
1.468362957239151001e-01
2.879072129726409912e-01
1.560006439685821533e-01
4.650283232331275940e-02
9.125840663909912109e-01
3.107508458197116852e-02
4.167421534657478333e-02
7.699312567710876465e-01
5.436840280890464783e-02
7.898719608783721924e-02
3.468793928623199463e-01
1.589446216821670532e-01
9.456390738487243652e-01
7.402206957340240479e-02
4.398519545793533325e-02
1.124897450208663940e-01
8.317170143127441406e-01
9.425665140151977539e-01
2.631822228431701660e-02
7.677829861640930176e-01
5.120449140667915344e-02
6.903989315032958984e-01
1.701364368200302124e-01
7.550243735313415527e-01
3.005760312080383301e-01
5.199127644300460815e-02
3.104748129844665527e-01
7.511842846870422363e-01
3.282953426241874695e-02
3.998884931206703186e-02
6.636985540390014648e-01
3.271108120679855347e-02
5.451934039592742920e-02
3.904864490032196045e-01
4.667385518550872803e-01
4.473674297332763672e-02
7.788499593734741211e-01
1.210623234510421753e-01
1.938691884279251099e-01
3.979852795600891113e-02
2.074618488550186157e-01
9.105595350265502930e-01
7.254517078399658203e-01
9.010732173919677734e-01
3.370914459228515625e-01
3.938199579715728760e-01
1.489518433809280396e-01
4.242900609970092773e-01
5.990697070956230164e-02
7.312928885221481323e-02
2.908767759799957275e-02
7.034471631050109863e-01
7.973095178604125977e-01
6.683208346366882324e-01
5.954544618725776672e-02
5.078699588775634766e-01
7.323662191629409790e-02
1.045845821499824524e-01
9.143409132957458496e-01
8.196009397506713867e-01
6.450032442808151245e-02
5.592867732048034668e-02
4.028018936514854431e-02
2.919361181557178497e-02
2.035209536552429199e-01
9.135720729827880859e-01
4.390116333961486816e-01
3.319386765360832214e-02
7.825110852718353271e-02
3.131370246410369873e-01
7.489907741546630859e-01
6.744046509265899658e-02
3.234437704086303711e-01
4.648051559925079346e-01
8.624815940856933594e-01
6.714268028736114502e-02
4.691594094038009644e-02
3.811061978340148926e-01
2.305206060409545898e-01
2.528379857540130615e-01
3.059384040534496307e-02
2.433265298604965210e-01
9.220085740089416504e-01
7.788785099983215332e-01
5.105897784233093262e-01
1.348322629928588867e-01
5.055223032832145691e-02
5.371444821357727051e-01
5.164324045181274414e-01
9.810834378004074097e-02
3.016694188117980957e-01
5.278443098068237305e-01
5.544116348028182983e-02
4.265232011675834656e-02
3.964748978614807129e-02
3.868385255336761475e-01
2.323180437088012695e-01
2.877085097134113312e-02
4.775265157222747803e-01
8.528229594230651855e-01
4.648799598217010498e-01
4.854606091976165771e-01
2.577361762523651123e-01
1.139811128377914429e-01
6.318962574005126953e-02
5.687657743692398071e-02
6.403030753135681152e-01
9.493382573127746582e-01
3.923433646559715271e-02
9.505658745765686035e-01
9.516836404800415039e-01
8.259288072586059570e-01
2.131026387214660645e-01
6.588363647460937500e-01
4.677424579858779907e-02
3.360121548175811768e-01
5.208880305290222168e-01
5.943074226379394531e-01
6.658511161804199219e-01
4.528218135237693787e-02
4.700243100523948669e-02
3.109434247016906738e-01
7.743668556213378906e-01
2.285437732934951782e-01
7.596932351589202881e-02
2.762547731399536133e-01
5.365546941757202148e-01
1.580561250448226929e-01
3.451093435287475586e-01
2.790485024452209473e-01
2.463250607252120972e-01
2.078474014997482300e-01
7.624165415763854980e-01
5.610159039497375488e-01
3.569226339459419250e-02
4.677559137344360352e-01
3.638288378715515137e-02
2.724752426147460938e-01
9.207898378372192383e-01
6.290498375892639160e-02
8.647032082080841064e-02
4.170064628124237061e-02
3.649042546749114990e-01
9.176541566848754883e-01
5.167623758316040039e-01
7.895882725715637207e-01
4.673275351524353027e-02
3.453906252980232239e-02
4.501449689269065857e-02
9.028690457344055176e-01
4.488409757614135742e-01
3.601685464382171631e-01
5.512685775756835938e-01
1.735226809978485107e-01
4.323981702327728271e-02
4.034965857863426208e-02
5.764759778976440430e-01
9.309458732604980469e-01
3.152690827846527100e-02
3.521854057908058167e-02
9.058324098587036133e-01
1.809604316949844360e-01
3.940269351005554199e-02
3.665375709533691406e-01
4.829185828566551208e-02
7.762321829795837402e-02
9.755899012088775635e-02
3.225861787796020508e-01
4.555642232298851013e-02
1.347742974758148193e-01
1.070475429296493530e-01
1.122924387454986572e-01
5.830254554748535156e-01
4.953472018241882324e-01
2.756310701370239258e-01
5.498027428984642029e-02
7.199674099683761597e-02
6.289602071046829224e-02
1.397085338830947876e-01
1.183913126587867737e-01
1.153919622302055359e-01
3.661058098077774048e-02
2.058682292699813843e-01
9.574648141860961914e-01
8.328814804553985596e-02
4.897490739822387695e-01
6.136707216501235962e-02
6.980683803558349609e-01
4.010530412197113037e-01
1.540955454111099243e-01
2.566643953323364258e-01
8.818716406822204590e-01
4.170361906290054321e-02
7.488267123699188232e-02
3.344536945223808289e-02
7.566332072019577026e-02
1.071843504905700684e-01
5.236521959304809570e-01
3.827728629112243652e-01
2.055908441543579102e-01
8.990944623947143555e-01
2.363555729389190674e-01
5.265811085700988770e-01
2.601369917392730713e-01
7.315159589052200317e-02
4.024156928062438965e-01
6.354326754808425903e-02
3.779850900173187256e-02
9.329017996788024902e-01
6.088598370552062988e-01
6.214577555656433105e-01
7.878401875495910645e-01
5.068034306168556213e-02
1.940102279186248779e-01
1.670438200235366821e-01
1.448987871408462524e-01
3.955766558647155762e-01
4.869048669934272766e-02
3.244919702410697937e-02
3.425540626049041748e-01
9.044896811246871948e-02
6.413058638572692871e-01
5.225875377655029297e-01
5.972360372543334961e-01
3.659529238939285278e-02
7.717434763908386230e-01
5.184571146965026855e-01
2.230044156312942505e-01
8.949252963066101074e-01
7.061599493026733398e-01
5.021612644195556641e-01
5.242210626602172852e-02
9.009159803390502930e-01
6.946631669998168945e-01
4.178982228040695190e-02
8.769670128822326660e-01
2.341956496238708496e-01
9.130030274391174316e-01
4.234390333294868469e-02
2.699970901012420654e-01
2.881790697574615479e-01
3.030558824539184570e-01
3.614037632942199707e-01
9.221589565277099609e-01
1.982523053884506226e-01
2.809901833534240723e-01
2.567218057811260223e-02
8.265862464904785156e-01
6.530570238828659058e-02
3.049100004136562347e-02
8.557556271553039551e-01
9.069878458976745605e-01
2.892784476280212402e-01
4.068356007337570190e-02
5.032963156700134277e-01
4.866357147693634033e-01
9.043061733245849609e-01
1.234560310840606689e-01
8.977067470550537109e-01
2.900728769600391388e-02
4.042695164680480957e-01
4.842354357242584229e-02
4.624281227588653564e-01
4.979175329208374023e-02
2.272175401449203491e-01
3.966557383537292480e-01
1.473537385463714600e-01
2.472878992557525635e-01
8.060442656278610229e-02
5.803555846214294434e-01
7.420708537101745605e-01
2.016386389732360840e-01
4.241849184036254883e-01
7.359659671783447266e-02
3.555676043033599854e-01
8.820906281471252441e-01
8.398091793060302734e-01
1.146675571799278259e-01
2.713977992534637451e-01
5.825060606002807617e-02
1.270764470100402832e-01
7.201123982667922974e-02
1.395386755466461182e-01
9.458491206169128418e-01
7.446645200252532959e-02
5.685501098632812500e-01
7.776333391666412354e-02
7.550008893013000488e-01
7.475105673074722290e-02
2.002659589052200317e-01
3.790003433823585510e-02
5.072470754384994507e-02
2.407869249582290649e-01
9.177988171577453613e-01
5.223629474639892578e-01
3.600184917449951172e-01
7.832504808902740479e-02
6.507232785224914551e-01
9.475790262222290039e-01
3.821591734886169434e-01
5.557093024253845215e-02
1.900244504213333130e-01
8.363902568817138672e-01
8.237208724021911621e-01
7.946206927299499512e-01
6.631131470203399658e-02
9.436384439468383789e-01
9.037449955940246582e-01
4.554914832115173340e-01
9.227784872055053711e-01
4.712999761104583740e-01
3.169158846139907837e-02
6.440054178237915039e-01
2.664513885974884033e-01
8.257610797882080078e-01
1.814895272254943848e-01
6.802888512611389160e-01
7.469476461410522461e-01
1.114563643932342529e-01
5.989122390747070312e-01
6.671150326728820801e-01
5.618931651115417480e-01
3.116453438997268677e-02
4.251995086669921875e-01
6.966858506202697754e-01
3.896223902702331543e-01
2.925806641578674316e-01
3.111497759819030762e-01
5.036648511886596680e-01
8.297561407089233398e-01
4.851697385311126709e-01
1.398492306470870972e-01
5.514691397547721863e-02
1.737299263477325439e-01
3.058028593659400940e-02
1.735302060842514038e-01
8.437526226043701172e-02
6.556607484817504883e-01
6.999340653419494629e-02
2.972454763948917389e-02
4.006297290325164795e-01
5.745326876640319824e-01
4.559778422117233276e-02
3.845832347869873047e-01
6.984209269285202026e-02
8.411782383918762207e-01
4.491102695465087891e-01
3.705240041017532349e-02
1.345756649971008301e-01
3.767580166459083557e-02
2.262264192104339600e-01
1.782271414995193481e-01
8.572338521480560303e-02
5.126631632447242737e-02
5.007750540971755981e-02
5.217025279998779297e-01
9.505698084831237793e-02
3.244286403059959412e-02
8.355159312486648560e-02
1.542373001575469971e-01
4.711460769176483154e-01
7.080649137496948242e-01
4.116648435592651367e-02
5.966802313923835754e-02
4.254690110683441162e-01
3.720952570438385010e-01
3.341761231422424316e-02
9.613764882087707520e-01
8.020861744880676270e-01
2.548001110553741455e-01
4.023755341768264771e-02
2.885338366031646729e-01
5.462310463190078735e-02
8.876641839742660522e-02
3.276298344135284424e-01
6.215584278106689453e-02
5.853689312934875488e-01
6.513335704803466797e-01
8.298728466033935547e-01
4.252289980649948120e-02
3.696684241294860840e-01
1.145449057221412659e-01
2.906898856163024902e-01
4.083478450775146484e-01
1.775594949722290039e-01
4.429557025432586670e-01
2.795712351799011230e-01
9.571793675422668457e-01
6.689745932817459106e-02
1.818999648094177246e-01
8.302727341651916504e-01
3.505705595016479492e-01
7.190425395965576172e-01
4.772466421127319336e-01
4.544503390789031982e-01
3.407752513885498047e-01
8.929929733276367188e-01
8.203902244567871094e-01
4.496080875396728516e-01
9.233251810073852539e-01
5.307888239622116089e-02
8.976018428802490234e-01
5.229933857917785645e-01
3.411795943975448608e-02
2.530276589095592499e-02
4.324441254138946533e-01
3.327660560607910156e-01
4.033949226140975952e-02
7.854618877172470093e-02
9.351590871810913086e-01
6.736416369676589966e-02
2.897755801677703857e-02
1.297509968280792236e-01
9.655954688787460327e-02
1.483247727155685425e-01
3.724885731935501099e-02
3.091505765914916992e-01
3.459962457418441772e-02
2.239727675914764404e-01
1.460584402084350586e-01
6.308642029762268066e-01
7.413425445556640625e-01
8.544541597366333008e-01
1.661748737096786499e-01
6.492277234792709351e-02
2.170964777469635010e-01
7.974326014518737793e-01
4.647015407681465149e-02
3.654654026031494141e-01
1.581713706254959106e-01
2.530701272189617157e-02
9.365885853767395020e-01
2.791133224964141846e-01
1.129649356007575989e-01
6.735976040363311768e-02
2.725004553794860840e-01
1.653629839420318604e-01
7.555208206176757812e-01
1.657251864671707153e-01
1.981586515903472900e-01
8.628502488136291504e-02
2.009506225585937500e-01
4.286918938159942627e-01
7.639801502227783203e-02
1.632892638444900513e-01
1.989375948905944824e-01
3.475193306803703308e-02
1.145632341504096985e-01
5.306432023644447327e-02
2.920180559158325195e-01
7.594238966703414917e-02
8.274028301239013672e-01
8.919668793678283691e-01
9.163317084312438965e-02
