3.490284457802772522e-02
8.079200983047485352e-01
9.833812713623046875e-02
8.134396672248840332e-01
2.308620661497116089e-01
5.438646674156188965e-02
2.883794307708740234e-01
2.380307763814926147e-01
8.529441952705383301e-01
1.237183064222335815e-01
3.526540696620941162e-01
2.651688158512115479e-01
8.249516487121582031e-01
4.371874630451202393e-01
4.414983391761779785e-01
3.267665207386016846e-01
5.519331619143486023e-02
6.183345913887023926e-01
8.614147901535034180e-01
2.994503378868103027e-01
5.939746499061584473e-01
8.025356531143188477e-01
5.045613646507263184e-02
8.926390111446380615e-02
2.370373606681823730e-01
4.097622632980346680e-02
8.169294595718383789e-01
3.225153088569641113e-01
5.974307656288146973e-01
3.405637443065643311e-01
2.612677216529846191e-01
2.724492363631725311e-02
8.529432415962219238e-01
4.491700604557991028e-02
6.129146218299865723e-01
1.590552479028701782e-01
4.563938379287719727e-01
1.171199902892112732e-01
3.965235650539398193e-01
8.275080323219299316e-01
1.656368076801300049e-01
1.144306510686874390e-01
4.941941797733306885e-02
4.665047302842140198e-02
3.661926835775375366e-02
1.304542571306228638e-01
3.974297642707824707e-01
5.964282155036926270e-01
3.135566785931587219e-02
8.526263833045959473e-01
3.814035654067993164e-02
3.227702528238296509e-02
2.142855226993560791e-01
5.259041190147399902e-01
1.099815443158149719e-01
4.317658394575119019e-02
8.450417518615722656e-01
1.004923731088638306e-01
6.558808684349060059e-02
1.850811094045639038e-01
5.085115432739257812e-01
1.877533495426177979e-01
1.814933717250823975e-01
4.745014384388923645e-02
4.230732470750808716e-02
6.824629008769989014e-02
5.115408450365066528e-02
1.585300862789154053e-01
4.524127244949340820e-01
2.492957115173339844e-01
3.231199458241462708e-02
6.616517901420593262e-01
2.739994823932647705e-01
4.117171093821525574e-02
1.258561015129089355e-01
6.172347068786621094e-02
2.769522182643413544e-02
3.266898170113563538e-02
5.521454662084579468e-02
4.390246421098709106e-02
8.582210540771484375e-01
8.084496855735778809e-01
8.497323393821716309e-01
5.669787526130676270e-01
8.555073738098144531e-01
6.007773280143737793e-01
9.738513082265853882e-02
8.058419823646545410e-02
7.404021024703979492e-01
4.647886380553245544e-02
3.404563665390014648e-01
4.543907195329666138e-02
4.722632095217704773e-02
5.536062121391296387e-01
6.061347723007202148e-01
3.896767199039459229e-01
4.982109069824218750e-01
8.582283258438110352e-01
5.358375981450080872e-02
7.144339382648468018e-02
6.271806955337524414e-01
1.770035177469253540e-01
5.283235907554626465e-01
3.146228492259979248e-01
2.439383864402770996e-01
5.498852208256721497e-02
8.144202083349227905e-02
6.487350463867187500e-01
3.986314833164215088e-01
3.421127796173095703e-01
3.213274180889129639e-01
4.001174494624137878e-02
5.057042837142944336e-02
8.088977932929992676e-01
1.330269873142242432e-01
5.278754979372024536e-02
8.470798730850219727e-01
3.317455947399139404e-02
1.362030506134033203e-01
7.573605775833129883e-01
3.209115192294120789e-02
1.000130847096443176e-01
1.123450100421905518e-01
7.306417226791381836e-01
8.533194661140441895e-01
7.088048756122589111e-02
3.915845230221748352e-02
2.136408090591430664e-01
3.704675287008285522e-02
4.077229276299476624e-02
8.502358794212341309e-01
2.227208465337753296e-01
8.432409167289733887e-01
1.938278526067733765e-01
4.884870946407318115e-01
4.268844127655029297e-01
8.569226861000061035e-01
1.464603543281555176e-01
4.931561648845672607e-01
3.331121802330017090e-02
7.187078595161437988e-01
8.269323706626892090e-01
5.389240384101867676e-01
4.169028103351593018e-01
2.823446989059448242e-01
5.344819650053977966e-02
5.538862347602844238e-01
6.441364288330078125e-01
7.838372588157653809e-01
1.249695047736167908e-01
3.563066199421882629e-02
1.084720194339752197e-01
7.635769248008728027e-02
1.572750061750411987e-01
1.115244925022125244e-01
6.708081066608428955e-02
3.711794614791870117e-01
5.177590847015380859e-01
2.792898416519165039e-01
8.377581238746643066e-01
3.196021616458892822e-01
7.040434479713439941e-01
5.889976397156715393e-02
1.788046509027481079e-01
8.271884918212890625e-01
4.610952436923980713e-01
1.602459400892257690e-01
3.766383230686187744e-01
7.672834396362304688e-02
1.124804466962814331e-01
4.423454776406288147e-02
4.276055470108985901e-02
4.252741634845733643e-01
7.566825747489929199e-01
9.053149819374084473e-02
8.134685158729553223e-01
2.260716110467910767e-01
4.967869073152542114e-02
8.202742934226989746e-01
1.581001430749893188e-01
1.434289515018463135e-01
5.274170637130737305e-02
1.309520751237869263e-01
2.403343468904495239e-01
2.337376773357391357e-01
8.064813166856765747e-02
1.255225092172622681e-01
4.322289526462554932e-01
3.697682917118072510e-01
3.637495338916778564e-01
5.668501555919647217e-02
8.196282386779785156e-01
1.626780033111572266e-01
8.098335862159729004e-01
2.236192673444747925e-01
5.480661392211914062e-01
3.538976609706878662e-02
1.973126381635665894e-01
6.686896085739135742e-01
3.244932368397712708e-02
3.196839615702629089e-02
8.395090699195861816e-02
8.442413806915283203e-01
2.741183042526245117e-01
7.553365230560302734e-01
8.579396605491638184e-01
6.417891383171081543e-01
1.085032224655151367e-01
8.614253997802734375e-01
6.292882561683654785e-02
4.270283579826354980e-01
3.280894458293914795e-02
2.897808253765106201e-01
6.135901212692260742e-01
3.111631274223327637e-01
3.748690709471702576e-02
7.962390184402465820e-01
4.105133116245269775e-01
7.874768972396850586e-01
4.653112962841987610e-02
8.595935106277465820e-01
8.612554073333740234e-01
5.350372791290283203e-01
7.314376533031463623e-02
9.015727788209915161e-02
1.004465520381927490e-01
4.186865687370300293e-01
7.270759344100952148e-01
8.403965830802917480e-02
4.617675542831420898e-01
7.784450650215148926e-01
8.560158610343933105e-01
6.031965464353561401e-02
7.852480411529541016e-01
8.570623397827148438e-01
1.795428693294525146e-01
5.766621232032775879e-01
8.620885610580444336e-01
1.812719404697418213e-01
3.653980195522308350e-01
8.541429638862609863e-01
3.196621835231781006e-01
8.297864198684692383e-01
3.519482538104057312e-02
2.124425768852233887e-01
2.652850151062011719e-01
6.497292965650558472e-02
8.579147458076477051e-01
1.344051510095596313e-01
7.166888713836669922e-01
1.402621865272521973e-01
1.263776719570159912e-01
4.367785528302192688e-02
5.898190289735794067e-02
1.983682066202163696e-01
7.159564644098281860e-02
3.839955925941467285e-01
8.250523209571838379e-01
1.214120909571647644e-01
8.097587227821350098e-01
3.617631271481513977e-02
6.085068583488464355e-01
3.915666043758392334e-01
4.196064546704292297e-02
1.250176131725311279e-01
5.146751403808593750e-01
5.660697817802429199e-02
1.731652617454528809e-01
3.717375919222831726e-02
7.888135910034179688e-01
8.546801805496215820e-01
7.803884744644165039e-01
2.712293267250061035e-01
2.927310764789581299e-01
8.125565648078918457e-01
1.365189403295516968e-01
7.088947892189025879e-01
1.272605657577514648e-01
8.424991369247436523e-01
1.167287230491638184e-01
1.429555714130401611e-01
8.479816913604736328e-01
5.208011865615844727e-01
3.578053414821624756e-01
3.546923398971557617e-01
2.788919508457183838e-01
5.116150900721549988e-02
7.159827649593353271e-02
3.173982501029968262e-01
1.256268620491027832e-01
1.140100806951522827e-01
4.762029349803924561e-01
7.156583070755004883e-01
3.574200570583343506e-01
2.219989746809005737e-01
3.176575526595115662e-02
6.518192589282989502e-02
8.522415757179260254e-01
3.074762523174285889e-01
4.494527354836463928e-02
8.575623631477355957e-01
5.638375878334045410e-01
2.912221252918243408e-01
7.949808984994888306e-02
6.383036822080612183e-02
4.103551805019378662e-02
1.547582894563674927e-01
6.098778843879699707e-01
8.581503629684448242e-01
7.826318144798278809e-01
2.501803636550903320e-01
8.484487235546112061e-02
1.749937385320663452e-01
3.134249448776245117e-01
5.294976830482482910e-01
1.790391504764556885e-01
8.489565253257751465e-01
7.763020396232604980e-01
2.017075270414352417e-01
2.148342728614807129e-01
4.586964249610900879e-01
2.004257887601852417e-01
4.854613542556762695e-01
8.619610071182250977e-01
2.666566073894500732e-01
5.092950463294982910e-01
1.170182004570960999e-01
6.619919091463088989e-02
4.220119863748550415e-02
6.309816986322402954e-02
3.007295168936252594e-02
4.877230525016784668e-02
5.022522807121276855e-01
1.147166341543197632e-01
2.102810591459274292e-01
8.222045898437500000e-01
2.711309492588043213e-01
3.055984899401664734e-02
1.330071985721588135e-01
2.068489938974380493e-01
3.769688308238983154e-02
2.729914784431457520e-01
4.837776720523834229e-01
3.321639299392700195e-01
8.381089568138122559e-01
3.569770231842994690e-02
1.123033538460731506e-01
6.175604462623596191e-01
1.022828519344329834e-01
7.780894041061401367e-01
1.421200931072235107e-01
3.429913520812988281e-02
3.113897331058979034e-02
1.151558458805084229e-01
4.653459489345550537e-01
5.215788632631301880e-02
6.283118724822998047e-01
2.669059634208679199e-01
7.504133880138397217e-02
3.688686192035675049e-01
8.550401031970977783e-02
5.202559232711791992e-01
1.511579602956771851e-01
7.489901036024093628e-02
5.807763934135437012e-01
3.154630661010742188e-01
3.976607024669647217e-01
8.627116680145263672e-01
1.594282537698745728e-01
9.394917637109756470e-02
4.547274410724639893e-01
7.025014609098434448e-02
1.243297234177589417e-01
9.280055761337280273e-02
6.237424910068511963e-02
4.796249046921730042e-02
1.127882823348045349e-01
7.645449787378311157e-02
8.031038641929626465e-01
5.254785344004631042e-02
4.813954606652259827e-02
3.752182424068450928e-02
8.588482737541198730e-01
7.843019962310791016e-01
2.410169988870620728e-01
1.950745135545730591e-01
5.383284687995910645e-01
2.559492290019989014e-01
2.101143300533294678e-01
4.151978790760040283e-01
3.038550727069377899e-02
3.724442049860954285e-02
6.717237085103988647e-02
3.180635347962379456e-02
1.014003232121467590e-01
2.976450882852077484e-02
6.614754199981689453e-01
3.668392300605773926e-01
8.105428814888000488e-01
1.240749508142471313e-01
3.668280243873596191e-01
5.445400252938270569e-02
8.311492204666137695e-01
4.390996992588043213e-01
6.184909939765930176e-01
7.775813341140747070e-01
3.084089756011962891e-01
4.316076934337615967e-01
2.111349105834960938e-01
7.244688272476196289e-02
3.887873515486717224e-02
3.247524052858352661e-02
7.490339279174804688e-01
3.857848048210144043e-01
8.016515970230102539e-01
3.584723547101020813e-02
2.972116768360137939e-01
1.960709244012832642e-01
5.152955278754234314e-02
5.614274367690086365e-02
4.214302077889442444e-02
6.683831214904785156e-01
5.781627297401428223e-01
2.938242815434932709e-02
7.235331088304519653e-02
3.408196270465850830e-01
3.744186460971832275e-02
2.046939134597778320e-01
2.050529271364212036e-01
2.508498728275299072e-01
4.618960246443748474e-02
7.895455509424209595e-02
8.431910872459411621e-01
3.763305544853210449e-01
9.622158110141754150e-02
6.000255048274993896e-02
1.957113891839981079e-01
9.647900611162185669e-02
6.016855239868164062e-01
4.220416545867919922e-01
1.630808264017105103e-01
2.178759127855300903e-01
7.262273877859115601e-02
6.327032446861267090e-01
5.911452323198318481e-02
2.904701530933380127e-01
4.298172891139984131e-02
8.470165729522705078e-01
6.345071643590927124e-02
3.298467770218849182e-02
3.246113955974578857e-01
7.699474096298217773e-01
3.770154118537902832e-01
3.305768594145774841e-02
3.343162685632705688e-02
5.574609041213989258e-01
2.659667134284973145e-01
1.482988297939300537e-01
4.138012230396270752e-02
3.616421520709991455e-01
3.959308862686157227e-01
2.063511759042739868e-01
4.975797981023788452e-02
1.401826590299606323e-01
3.695372119545936584e-02
8.559682965278625488e-02
8.223364949226379395e-01
2.901380360126495361e-01
1.337514817714691162e-01
8.556001186370849609e-01
1.300510615110397339e-01
5.854647755622863770e-01
7.968755811452865601e-02
8.052343726158142090e-01
3.830856084823608398e-01
6.154357641935348511e-02
8.489415645599365234e-01
8.610047101974487305e-01
3.233540356159210205e-01
2.639862336218357086e-02
4.048850536346435547e-01
2.523950934410095215e-01
6.597030162811279297e-02
7.059012055397033691e-01
4.155687242746353149e-02
6.733312457799911499e-02
5.999029874801635742e-01
6.673303246498107910e-02
2.288690656423568726e-01
2.878413498401641846e-01
3.749274834990501404e-02
2.557606101036071777e-01
7.942245900630950928e-02
8.377785682678222656e-01
5.152312517166137695e-01
2.656886577606201172e-01
2.281463444232940674e-01
1.708962619304656982e-01
9.133325517177581787e-02
8.365786820650100708e-02
8.551615476608276367e-01
1.148713752627372742e-01
3.877469003200531006e-01
8.609244823455810547e-01
4.314191937446594238e-01
4.546547681093215942e-02
6.839374899864196777e-01
5.802407115697860718e-02
8.295040130615234375e-01
7.005395740270614624e-02
1.350328773260116577e-01
2.348027974367141724e-01
7.773482799530029297e-01
2.888447940349578857e-01
8.023199439048767090e-01
2.033153176307678223e-01
9.781064838171005249e-02
4.498931467533111572e-01
1.818530857563018799e-01
9.688735008239746094e-02
1.574431508779525757e-01
5.316376090049743652e-01
4.907772690057754517e-02
4.724799692630767822e-01
6.681593060493469238e-01
1.743564605712890625e-01
3.310455679893493652e-01
8.590304851531982422e-01
6.175031885504722595e-02
6.189234852790832520e-01
1.014067158102989197e-01
2.782381772994995117e-01
8.434896171092987061e-02
8.663355559110641479e-02
6.355764269828796387e-01
2.016812264919281006e-01
5.187848806381225586e-01
5.283561348915100098e-01
8.490117788314819336e-01
8.572303056716918945e-01
8.598959445953369141e-01
3.020505979657173157e-02
3.978722393512725830e-01
2.048447728157043457e-01
4.197207093238830566e-01
8.613106012344360352e-01
1.611451655626296997e-01
2.638160884380340576e-01
1.864458471536636353e-01
4.909923300147056580e-02
8.511782884597778320e-01
3.576504439115524292e-02
1.961498893797397614e-02
8.406188488006591797e-01
3.570561110973358154e-02
8.613713085651397705e-02
3.950995504856109619e-01
2.639494836330413818e-01
8.624354600906372070e-01
3.450030833482742310e-02
4.959254339337348938e-02
1.020919531583786011e-01
8.500992655754089355e-01
8.498253226280212402e-01
2.956978045403957367e-02
8.337917923927307129e-01
5.308157205581665039e-02
7.248566746711730957e-01
2.577401101589202881e-01
7.653172016143798828e-01
5.443778634071350098e-01
4.631532356142997742e-02
3.744557499885559082e-01
7.999507188796997070e-01
3.298294544219970703e-02
3.270812332630157471e-02
7.705726623535156250e-01
4.619335383176803589e-02
6.300238519906997681e-02
3.667751848697662354e-01
2.649680078029632568e-01
3.952055796980857849e-02
6.277031898498535156e-01
2.214819639921188354e-01
2.489617913961410522e-01
4.488055408000946045e-02
1.923075020313262939e-01
8.537204861640930176e-01
7.701067328453063965e-01
8.168010711669921875e-01
2.683866024017333984e-01
5.210035443305969238e-01
2.641539573669433594e-01
3.805734813213348389e-01
5.056782811880111694e-02
5.297881364822387695e-02
4.635019972920417786e-02
8.526287078857421875e-01
7.983136773109436035e-01
7.186334133148193359e-01
5.874489992856979370e-02
4.199030101299285889e-01
5.198057740926742554e-02
1.308489292860031128e-01
8.310284614562988281e-01
7.049528956413269043e-01
1.723836064338684082e-01
7.279006391763687134e-02
3.118010610342025757e-02
3.377526998519897461e-02
1.672592610120773315e-01
8.428810834884643555e-01
3.130043745040893555e-01
2.913135103881359100e-02
1.159838885068893433e-01
5.496740937232971191e-01
6.667745709419250488e-01
6.206984072923660278e-02
4.753506481647491455e-01
4.002946019172668457e-01
8.158733248710632324e-01
1.293755024671554565e-01
5.491406098008155823e-02
4.424706995487213135e-01
4.241239130496978760e-01
4.782473742961883545e-01
3.411897271871566772e-02
4.086252748966217041e-01
8.286975622177124023e-01
8.086904883384704590e-01
6.292219161987304688e-01
1.203716099262237549e-01
4.386825114488601685e-02
6.177081465721130371e-01
4.392460286617279053e-01
1.318886578083038330e-01
3.738107681274414062e-01
6.550769805908203125e-01
3.948116675019264221e-02
4.387409985065460205e-02
3.827172890305519104e-02
3.233421742916107178e-01
1.051148921251296997e-01
3.078624419867992401e-02
4.115068316459655762e-01
8.082039952278137207e-01
5.123386979103088379e-01
7.166330814361572266e-01
3.171508014202117920e-01
2.105989605188369751e-01
1.667881608009338379e-01
4.597229510545730591e-02
4.948943555355072021e-01
8.580139875411987305e-01
3.635169938206672668e-02
8.619287014007568359e-01
8.620374798774719238e-01
8.318627476692199707e-01
3.858443200588226318e-01
7.796252369880676270e-01
4.003980755805969238e-02
4.090352952480316162e-01
6.944966316223144531e-01
7.728536725044250488e-01
6.920329928398132324e-01
4.173219576478004456e-02
3.962974622845649719e-02
3.501884639263153076e-01
6.072633862495422363e-01
2.674835324287414551e-01
9.844460338354110718e-02
4.495319724082946777e-01
5.726062655448913574e-01
5.464984774589538574e-01
2.091478258371353149e-01
5.425171256065368652e-01
1.068158000707626343e-01
3.584319353103637695e-01
7.654311656951904297e-01
5.344250798225402832e-01
3.249879553914070129e-02
7.056002020835876465e-01
3.105450607836246490e-02
1.882961690425872803e-01
8.173050284385681152e-01
3.957081586122512817e-02
1.552289724349975586e-01
6.077452749013900757e-02
3.177337050437927246e-01
8.602238297462463379e-01
4.689250588417053223e-01
8.437891006469726562e-01
3.232373669743537903e-02
3.446325659751892090e-02
4.087485000491142273e-02
8.584027886390686035e-01
2.897443473339080811e-01
6.074745655059814453e-01
4.066208004951477051e-01
2.055866569280624390e-01
5.370815098285675049e-02
3.918280452489852905e-02
6.124940514564514160e-01
8.563593029975891113e-01
4.328833147883415222e-02
3.790927305817604065e-02
8.530679941177368164e-01
1.232909858226776123e-01
3.960549831390380859e-02
2.433611750602722168e-01
4.790480434894561768e-02
1.040501222014427185e-01
2.291723638772964478e-01
2.446310818195343018e-01
3.494622185826301575e-02
1.601296961307525635e-01
9.633116424083709717e-02
8.664681017398834229e-02
5.893549323081970215e-01
5.837562680244445801e-01
3.912392854690551758e-01
4.692797735333442688e-02
3.557676821947097778e-02
6.956657022237777710e-02
9.380400925874710083e-02
1.392750740051269531e-01
1.468711048364639282e-01
6.606918573379516602e-02
2.413235157728195190e-01
8.600816726684570312e-01
5.053519085049629211e-02
2.902971506118774414e-01
1.406241059303283691e-01
6.639798879623413086e-01
4.206619262695312500e-01
1.020316928625106812e-01
3.232813775539398193e-01
8.610337972640991211e-01
6.177990511059761047e-02
2.167747020721435547e-01
3.443692252039909363e-02
1.235966309905052185e-01
1.383194774389266968e-01
4.930272400379180908e-01
5.735832452774047852e-01
2.637013196945190430e-01
8.597326278686523438e-01
1.822003722190856934e-01
6.947883367538452148e-01
2.976326048374176025e-01
3.649447113275527954e-02
7.362664937973022461e-01
1.307501643896102905e-01
2.918530255556106567e-02
8.582916855812072754e-01
5.650774240493774414e-01
8.521987199783325195e-01
8.017048239707946777e-01
3.994961082935333252e-02
3.531515598297119141e-01
1.416528820991516113e-01
1.512956470251083374e-01
4.948377311229705811e-01
3.104135580360889435e-02
6.692511588335037231e-02
5.171219706535339355e-01
5.935481935739517212e-02
8.276034593582153320e-01
5.095920562744140625e-01
5.305011868476867676e-01
3.616206347942352295e-02
6.425400972366333008e-01
8.294380307197570801e-01
1.192649751901626587e-01
8.429080247879028320e-01
6.989526748657226562e-01
5.387336611747741699e-01
4.838167130947113037e-02
8.254595398902893066e-01
6.838991045951843262e-01
3.980593755841255188e-02
8.540385961532592773e-01
4.226577281951904297e-01
8.178953528404235840e-01
4.162596166133880615e-02
4.109900295734405518e-01
3.204740881919860840e-01
3.719770908355712891e-01
6.888975501060485840e-01
8.574833869934082031e-01
2.102616131305694580e-01
2.154841870069503784e-01
2.831730805337429047e-02
8.559435606002807617e-01
6.766174733638763428e-02
3.550073876976966858e-02
8.435394167900085449e-01
8.379813432693481445e-01
4.624117612838745117e-01
6.439013779163360596e-02
7.046711444854736328e-01
4.158872067928314209e-01
8.542978167533874512e-01
1.483176797628402710e-01
8.555006980895996094e-01
2.860265970230102539e-02
4.565972387790679932e-01
3.318976610898971558e-02
4.741862118244171143e-01
5.759087204933166504e-02
3.379454016685485840e-01
6.473901271820068359e-01
1.533690690994262695e-01
3.339549303054809570e-01
2.452267855405807495e-01
7.604125142097473145e-01
8.348118662834167480e-01
4.866478443145751953e-01
5.126203298568725586e-01
4.243271797895431519e-02
6.366221308708190918e-01
8.465250730514526367e-01
8.267239928245544434e-01
8.089987933635711670e-02
2.260712981224060059e-01
4.401760920882225037e-02
1.417302787303924561e-01
7.837659865617752075e-02
3.346294462680816650e-01
8.573955297470092773e-01
9.305207431316375732e-02
7.132498621940612793e-01
1.316800713539123535e-01
7.490553259849548340e-01
1.167267262935638428e-01
1.720871776342391968e-01
3.760229423642158508e-02
4.392164573073387146e-02
1.003506258130073547e-01
8.565315604209899902e-01
7.300558686256408691e-01
5.459979772567749023e-01
6.703025847673416138e-02
7.018988728523254395e-01
8.581030964851379395e-01
7.504240274429321289e-01
1.050690412521362305e-01
3.430381715297698975e-01
7.974493503570556641e-01
8.476354479789733887e-01
8.364727497100830078e-01
3.614781051874160767e-02
8.526878952980041504e-01
8.456113934516906738e-01
5.489398837089538574e-01
8.572776913642883301e-01
4.984607398509979248e-01
4.183261096477508545e-02
6.680003404617309570e-01
1.240807026624679565e-01
5.425192713737487793e-01
1.469022929668426514e-01
6.268397569656372070e-01
7.960356473922729492e-01
6.305167078971862793e-02
6.598660349845886230e-01
8.131421208381652832e-01
6.872349977493286133e-01
4.910340905189514160e-02
3.479729294776916504e-01
8.188450932502746582e-01
4.010968506336212158e-01
3.438234329223632812e-01
2.430797964334487915e-01
6.956375837326049805e-01
8.011317253112792969e-01
2.942493259906768799e-01
8.222711086273193359e-02
3.681874647736549377e-02
1.274085491895675659e-01
3.396124020218849182e-02
1.253061592578887939e-01
8.219669759273529053e-02
7.961335778236389160e-01
7.970675826072692871e-02
4.067599028348922729e-02
3.686030805110931396e-01
5.599452257156372070e-01
5.672579631209373474e-02
5.236341357231140137e-01
7.033565640449523926e-02
7.868034243583679199e-01
6.788678765296936035e-01
4.104153066873550415e-02
2.207007110118865967e-01
3.603780642151832581e-02
2.959100008010864258e-01
1.979074329137802124e-01
2.383231222629547119e-01
5.627445131540298462e-02
4.645227268338203430e-02
3.676873743534088135e-01
1.972320079803466797e-01
1.529376860707998276e-02
1.526141166687011719e-01
1.999268233776092529e-01
4.534655213356018066e-01
5.863027572631835938e-01
3.712188452482223511e-02
5.392422154545783997e-02
6.749544739723205566e-01
5.639487504959106445e-01
4.539025202393531799e-02
8.607701659202575684e-01
5.082542300224304199e-01
2.104269117116928101e-01
1.099980622529983521e-01
2.478407025337219238e-01
3.704905509948730469e-02
4.131056368350982666e-02
2.474850267171859741e-01
1.344360113143920898e-01
6.370820403099060059e-01
8.206985592842102051e-01
7.710973620414733887e-01
2.914869785308837891e-02
2.694153785705566406e-01
1.149099171161651611e-01
3.296241462230682373e-01
5.956956148147583008e-01
2.429500371217727661e-01
4.451247751712799072e-01
3.202102482318878174e-01
8.621644973754882812e-01
6.363838911056518555e-02
2.620956897735595703e-01
8.271512985229492188e-01
4.769583642482757568e-01
7.830947637557983398e-01
7.708706259727478027e-01
4.888727068901062012e-01
3.079124987125396729e-01
7.547617554664611816e-01
6.235978007316589355e-01
3.279805779457092285e-01
8.188108205795288086e-01
3.608971461653709412e-02
8.493928313255310059e-01
6.792690753936767578e-01
3.516053408384323120e-02
3.003996610641479492e-02
4.714674949645996094e-01
2.642745971679687500e-01
3.717991337180137634e-02
6.635139882564544678e-02
8.616853952407836914e-01
6.800062209367752075e-02
3.583500906825065613e-02
2.946949005126953125e-01
1.454102396965026855e-01
2.271223515272140503e-01
5.617412552237510681e-02
1.317082345485687256e-01
3.199901431798934937e-02
3.728894591331481934e-01
1.960308402776718140e-01
6.519934535026550293e-01
7.558849453926086426e-01
8.597927093505859375e-01
1.511561125516891479e-01
3.536039963364601135e-02
5.671203732490539551e-01
6.383511424064636230e-01
4.828023537993431091e-02
2.174961268901824951e-01
4.834688603878021240e-01
2.879710495471954346e-02
8.620812296867370605e-01
4.959447085857391357e-01
7.140040397644042969e-02
7.226525992155075073e-02
4.523239433765411377e-01
1.551227867603302002e-01
8.115037679672241211e-01
1.698699146509170532e-01
2.767332792282104492e-01
5.273890867829322815e-02
3.592488765716552734e-01
4.126153290271759033e-01
1.070766597986221313e-01
2.101230472326278687e-01
1.882386356592178345e-01
3.921692818403244019e-02
8.210343122482299805e-02
2.050178498029708862e-02
4.788885712623596191e-01
2.983559109270572662e-02
8.439193964004516602e-01
8.468636870384216309e-01
3.301219642162322998e-02
