4.103704541921615601e-02
8.198190331459045410e-01
1.518298685550689697e-01
8.759502768516540527e-01
2.206550985574722290e-01
8.597778528928756714e-02
2.741137146949768066e-01
1.820289492607116699e-01
8.770180940628051758e-01
1.477930247783660889e-01
3.002623319625854492e-01
1.420938670635223389e-01
8.274024128913879395e-01
2.240262180566787720e-01
1.696648746728897095e-01
2.894094586372375488e-01
1.823171973228454590e-01
5.856754779815673828e-01
8.939259052276611328e-01
1.967860460281372070e-01
6.935203075408935547e-01
6.779218912124633789e-01
6.355456262826919556e-02
4.166835919022560120e-02
1.708795577287673950e-01
8.177595585584640503e-02
7.374398112297058105e-01
2.138767540454864502e-01
3.402405083179473877e-01
5.790542960166931152e-01
1.505927592515945435e-01
2.671685628592967987e-02
8.605937957763671875e-01
6.849212199449539185e-02
2.347692102193832397e-01
1.643936485052108765e-01
2.968723475933074951e-01
1.589471250772476196e-01
2.641312181949615479e-01
8.915132880210876465e-01
3.830054700374603271e-01
1.327319145202636719e-01
5.464576184749603271e-02
8.734875172376632690e-02
5.299978703260421753e-02
8.855968713760375977e-02
2.370954602956771851e-01
6.571346521377563477e-01
3.659586235880851746e-02
7.283025383949279785e-01
9.304033964872360229e-02
4.058440402150154114e-02
1.629653871059417725e-01
4.964902698993682861e-01
1.313473135232925415e-01
1.965230405330657959e-01
8.170345425605773926e-01
9.447073191404342651e-02
6.010512635111808777e-02
2.100849896669387817e-01
4.694167077541351318e-01
1.500705331563949585e-01
9.244529157876968384e-02
6.856556236743927002e-02
6.825117021799087524e-02
1.129790991544723511e-01
7.144364714622497559e-02
1.865644007921218872e-01
5.130180120468139648e-01
2.423870861530303955e-01
4.359554871916770935e-02
5.760324597358703613e-01
3.397310674190521240e-01
5.865467712283134460e-02
1.429542750120162964e-01
8.348075300455093384e-02
3.430392220616340637e-02
3.566345945000648499e-02
8.953832089900970459e-02
6.452172994613647461e-02
8.847507834434509277e-01
7.672832608222961426e-01
8.458710312843322754e-01
5.646548867225646973e-01
8.216254115104675293e-01
4.459046125411987305e-01
8.311685919761657715e-02
1.293839365243911743e-01
8.361470699310302734e-01
8.107770979404449463e-02
3.419489562511444092e-01
7.572252303361892700e-02
4.360384121537208557e-02
3.028431236743927002e-01
4.597944617271423340e-01
3.399128317832946777e-01
3.375420868396759033e-01
8.546252250671386719e-01
7.045318931341171265e-02
1.012642905116081238e-01
7.814655900001525879e-01
1.889070719480514526e-01
5.979583263397216797e-01
2.026236951351165771e-01
2.472819834947586060e-01
9.161430597305297852e-02
5.245739594101905823e-02
4.778165221214294434e-01
2.150788754224777222e-01
3.142326474189758301e-01
1.299501657485961914e-01
5.657453089952468872e-02
6.281321495771408081e-02
8.809257745742797852e-01
1.934470534324645996e-01
6.750202924013137817e-02
8.485950231552124023e-01
7.189404219388961792e-02
1.132120862603187561e-01
7.173983454704284668e-01
3.324822708964347839e-02
1.444865912199020386e-01
9.467282146215438843e-02
6.055325269699096680e-01
8.516035079956054688e-01
1.438174694776535034e-01
6.464734673500061035e-02
1.925320029258728027e-01
6.060845777392387390e-02
6.817238777875900269e-02
8.840108513832092285e-01
2.007423043251037598e-01
8.581218719482421875e-01
1.460568308830261230e-01
3.616575598716735840e-01
4.268968403339385986e-01
8.134291768074035645e-01
1.735667884349822998e-01
3.689517676830291748e-01
5.511609092354774475e-02
8.189679980278015137e-01
8.237215280532836914e-01
5.864728093147277832e-01
2.050177454948425293e-01
1.988619118928909302e-01
7.471649348735809326e-02
3.560285270214080811e-01
5.025118589401245117e-01
4.704035222530364990e-01
1.522589623928070068e-01
4.509682580828666687e-02
1.333286166191101074e-01
6.906076520681381226e-02
1.505580544471740723e-01
1.193552240729331970e-01
1.516526937484741211e-01
1.927039176225662231e-01
2.271099090576171875e-01
2.578620016574859619e-01
8.217039704322814941e-01
2.726395726203918457e-01
7.880910038948059082e-01
6.530447304248809814e-02
1.542801707983016968e-01
8.046645522117614746e-01
2.874784171581268311e-01
1.167543455958366394e-01
2.170076519250869751e-01
1.058089584112167358e-01
1.763245463371276855e-01
9.240435808897018433e-02
5.404221266508102417e-02
5.897263288497924805e-01
6.201373934745788574e-01
7.685887068510055542e-02
8.591746687889099121e-01
1.958668977022171021e-01
5.384324491024017334e-02
7.960163950920104980e-01
1.446702778339385986e-01
1.329211592674255371e-01
1.119725108146667480e-01
8.910240232944488525e-02
9.614136815071105957e-02
9.356866776943206787e-02
1.311841309070587158e-01
1.498860716819763184e-01
7.410942316055297852e-01
4.550030827522277832e-01
4.993167817592620850e-01
7.509472221136093140e-02
8.255291581153869629e-01
1.724705249071121216e-01
7.315493822097778320e-01
2.667848169803619385e-01
3.072737753391265869e-01
5.643867701292037964e-02
1.348150372505187988e-01
6.607099771499633789e-01
3.841876238584518433e-02
4.128190502524375916e-02
7.940568774938583374e-02
8.786731362342834473e-01
3.132477402687072754e-01
8.259502053260803223e-01
8.752789497375488281e-01
5.839871168136596680e-01
5.889849364757537842e-02
8.981400132179260254e-01
2.179550826549530029e-01
4.159997403621673584e-01
6.222760677337646484e-02
3.986548185348510742e-01
6.931196451187133789e-01
2.392065674066543579e-01
3.119659982621669769e-02
4.680062830448150635e-01
7.304197549819946289e-01
6.543368697166442871e-01
5.598064884543418884e-02
8.800892233848571777e-01
9.007623791694641113e-01
3.668530285358428955e-01
1.013676598668098450e-01
1.270993947982788086e-01
1.031180992722511292e-01
5.034118294715881348e-01
5.244311094284057617e-01
2.089957147836685181e-01
2.832234203815460205e-01
7.730790972709655762e-01
8.706668615341186523e-01
1.054801344871520996e-01
8.158443570137023926e-01
8.833314776420593262e-01
1.923799514770507812e-01
7.059878706932067871e-01
8.807160258293151855e-01
2.035925984382629395e-01
3.512434959411621094e-01
8.424823880195617676e-01
1.734016984701156616e-01
7.578945755958557129e-01
3.370979800820350647e-02
1.880196779966354370e-01
2.226106524467468262e-01
5.665137991309165955e-02
8.921267390251159668e-01
9.563419222831726074e-02
8.093751072883605957e-01
6.042429208755493164e-01
1.383941918611526489e-01
1.007416322827339172e-01
8.025375008583068848e-02
6.281244754791259766e-02
9.418459236621856689e-02
1.077275499701499939e-01
5.962580442428588867e-01
1.392178237438201904e-01
8.313697576522827148e-01
6.136729568243026733e-02
7.014038562774658203e-01
2.419155687093734741e-01
4.836040362715721130e-02
2.494297474622726440e-01
3.586753606796264648e-01
2.381889224052429199e-01
2.651244699954986572e-01
9.937492758035659790e-02
7.705605030059814453e-01
8.382677435874938965e-01
8.676584959030151367e-01
2.028967738151550293e-01
2.242029011249542236e-01
8.183879256248474121e-01
1.534892320632934570e-01
8.292325735092163086e-01
1.050071269273757935e-01
7.773925065994262695e-01
1.311528682708740234e-01
1.583914756774902344e-01
8.734268546104431152e-01
3.801616132259368896e-01
3.338582515716552734e-01
5.390955209732055664e-01
1.689560264348983765e-01
6.374542415142059326e-02
2.108706086874008179e-01
3.232772350311279297e-01
1.450021713972091675e-01
1.207397580146789551e-01
6.054695844650268555e-01
7.264866828918457031e-01
2.608304619789123535e-01
2.045475244522094727e-01
4.960720613598823547e-02
1.003503650426864624e-01
8.384125828742980957e-01
5.754399299621582031e-01
7.915997505187988281e-02
8.122478127479553223e-01
4.334434866905212402e-01
3.046057224273681641e-01
1.239945590496063232e-01
6.786842644214630127e-02
5.628369376063346863e-02
1.282558292150497437e-01
7.170129418373107910e-01
8.509392142295837402e-01
4.738389551639556885e-01
3.072041571140289307e-01
1.102426424622535706e-01
1.515019536018371582e-01
2.360596209764480591e-01
5.439116358757019043e-01
1.415415406227111816e-01
8.357684612274169922e-01
7.635181546211242676e-01
2.794058024883270264e-01
1.722513735294342041e-01
3.831265568733215332e-01
2.178225070238113403e-01
6.443721652030944824e-01
8.867366909980773926e-01
5.221374630928039551e-01
4.166150093078613281e-01
1.474123299121856689e-01
7.599156349897384644e-02
7.162079215049743652e-02
8.223715424537658691e-02
4.451716691255569458e-02
4.500316083431243896e-02
1.968364119529724121e-01
1.384960412979125977e-01
1.733373999595642090e-01
8.444764614105224609e-01
2.058315277099609375e-01
4.473445191979408264e-02
1.956936269998550415e-01
1.131638959050178528e-01
9.425898641347885132e-02
2.173690646886825562e-01
4.905054271221160889e-01
2.218655347824096680e-01
8.067140579223632812e-01
5.082643404603004456e-02
1.802008897066116333e-01
5.001863241195678711e-01
9.715949743986129761e-02
7.384119629859924316e-01
1.062809154391288757e-01
3.633364662528038025e-02
3.782914578914642334e-02
1.150336116552352905e-01
3.453629016876220703e-01
1.256793439388275146e-01
8.191463351249694824e-01
2.145235240459442139e-01
1.173385754227638245e-01
3.293117582798004150e-01
1.185900717973709106e-01
4.430575966835021973e-01
1.207027584314346313e-01
9.570907056331634521e-02
6.620134711265563965e-01
2.196176797151565552e-01
4.126302599906921387e-01
8.937380313873291016e-01
2.434141337871551514e-01
1.057242080569267273e-01
3.922954201698303223e-01
7.982961833477020264e-02
9.788212180137634277e-02
2.531470358371734619e-01
1.077302247285842896e-01
5.935355648398399353e-02
1.191385760903358459e-01
9.628804773092269897e-02
8.452223539352416992e-01
1.067159324884414673e-01
8.438432216644287109e-02
4.416666179895401001e-02
8.735040426254272461e-01
7.932018637657165527e-01
1.959303617477416992e-01
1.066890209913253784e-01
3.568145334720611572e-01
5.496989488601684570e-01
1.465223282575607300e-01
5.302864909172058105e-01
3.862685710191726685e-02
6.158204749226570129e-02
8.804855495691299438e-02
4.408911615610122681e-02
1.158670037984848022e-01
7.534863799810409546e-02
5.946825146675109863e-01
2.868018746376037598e-01
5.976706147193908691e-01
1.834997534751892090e-01
1.896592080593109131e-01
6.834951043128967285e-02
8.153441548347473145e-01
6.380423307418823242e-01
6.281439065933227539e-01
8.542060256004333496e-01
3.524601161479949951e-01
3.930008709430694580e-01
1.444760710000991821e-01
1.027313321828842163e-01
9.689585119485855103e-02
4.471850767731666565e-02
8.389349579811096191e-01
5.464011430740356445e-01
8.545127511024475098e-01
3.012713044881820679e-02
4.497981667518615723e-01
7.067554444074630737e-02
9.394940733909606934e-02
8.758491277694702148e-02
7.476306706666946411e-02
4.596310257911682129e-01
7.172087430953979492e-01
4.284246638417243958e-02
1.153024286031723022e-01
3.478474020957946777e-01
4.547988250851631165e-02
1.197670251131057739e-01
1.460654735565185547e-01
1.916676908731460571e-01
1.406965255737304688e-01
1.698813438415527344e-01
7.817935943603515625e-01
4.989972114562988281e-01
1.253659427165985107e-01
7.888904213905334473e-02
1.909813731908798218e-01
1.055532917380332947e-01
5.685834884643554688e-01
3.590752482414245605e-01
8.466086536645889282e-02
2.991856634616851807e-01
1.577551513910293579e-01
7.976986169815063477e-01
7.791195809841156006e-02
2.781779468059539795e-01
5.900142341852188110e-02
8.024482131004333496e-01
7.992520183324813843e-02
3.879956901073455811e-02
4.216940402984619141e-01
6.661611795425415039e-01
4.177621901035308838e-01
4.649465158581733704e-02
4.540537670254707336e-02
6.666190028190612793e-01
2.783042490482330322e-01
1.089657396078109741e-01
7.033608108758926392e-02
2.239899188280105591e-01
2.174815535545349121e-01
1.800525635480880737e-01
8.004646003246307373e-02
1.810036748647689819e-01
7.817823439836502075e-02
7.993440330028533936e-02
8.772625327110290527e-01
2.328262329101562500e-01
1.240896284580230713e-01
8.977662920951843262e-01
2.889932096004486084e-01
3.114996850490570068e-01
7.583534717559814453e-02
8.211765289306640625e-01
2.289992272853851318e-01
7.345857471227645874e-02
8.493877649307250977e-01
8.493992686271667480e-01
4.193788170814514160e-01
2.576713077723979950e-02
3.121030926704406738e-01
2.318958342075347900e-01
1.215392798185348511e-01
6.687345504760742188e-01
5.922106653451919556e-02
1.342542171478271484e-01
2.769699096679687500e-01
1.354269236326217651e-01
3.566069602966308594e-01
2.594410181045532227e-01
4.583627730607986450e-02
5.903551578521728516e-01
1.153369545936584473e-01
7.523858547210693359e-01
3.922719955444335938e-01
1.813517510890960693e-01
2.140816897153854370e-01
2.247639149427413940e-01
9.607689082622528076e-02
8.495451509952545166e-02
8.224697709083557129e-01
9.755646437406539917e-02
5.866507887840270996e-01
8.615417480468750000e-01
2.917880713939666748e-01
6.749242544174194336e-02
7.506858706474304199e-01
8.830734342336654663e-02
7.848784923553466797e-01
6.821246445178985596e-02
1.360819488763809204e-01
3.319944739341735840e-01
7.022883892059326172e-01
3.287154138088226318e-01
7.571815252304077148e-01
2.012592852115631104e-01
2.091029882431030273e-01
3.178888261318206787e-01
1.273017376661300659e-01
1.123347952961921692e-01
2.805750966072082520e-01
2.862547338008880615e-01
8.018407225608825684e-02
6.163899898529052734e-01
5.623909235000610352e-01
4.206009209156036377e-01
2.116453200578689575e-01
8.789951801300048828e-01
8.491884171962738037e-02
4.486332833766937256e-01
1.462631225585937500e-01
1.813872754573822021e-01
1.248226314783096313e-01
1.241262555122375488e-01
5.875256657600402832e-01
2.673705816268920898e-01
4.462293386459350586e-01
5.642642974853515625e-01
8.792160153388977051e-01
8.972396850585937500e-01
8.974375128746032715e-01
3.669524565339088440e-02
2.705871462821960449e-01
1.791876852512359619e-01
3.511033952236175537e-01
8.920515775680541992e-01
1.621426641941070557e-01
2.731314599514007568e-01
1.952224373817443848e-01
7.408367097377777100e-02
8.158749341964721680e-01
5.353598669171333313e-02
7.327518612146377563e-02
8.112095594406127930e-01
6.008863449096679688e-02
7.700076699256896973e-02
2.747366428375244141e-01
1.494490951299667358e-01
8.935415148735046387e-01
8.996262401342391968e-02
7.016787678003311157e-02
9.591821581125259399e-02
8.753846287727355957e-01
8.897907137870788574e-01
3.099774941802024841e-02
8.168380260467529297e-01
4.767664521932601929e-02
7.059935927391052246e-01
1.693803369998931885e-01
5.967307090759277344e-01
4.992884993553161621e-01
6.419465690851211548e-02
2.416773140430450439e-01
6.568279266357421875e-01
5.746985971927642822e-02
4.629734158515930176e-02
6.866666078567504883e-01
4.983828216791152954e-02
6.993979215621948242e-02
2.667729854583740234e-01
5.686614513397216797e-01
4.721199348568916321e-02
7.331674695014953613e-01
1.644437164068222046e-01
1.651694327592849731e-01
5.126537755131721497e-02
2.935485243797302246e-01
8.533763885498046875e-01
7.752730846405029297e-01
8.523153662681579590e-01
5.447862148284912109e-01
5.798482298851013184e-01
2.129979282617568970e-01
5.015759468078613281e-01
8.724977821111679077e-02
8.408564329147338867e-02
2.719426155090332031e-01
7.609688043594360352e-01
8.345624804496765137e-01
7.586317062377929688e-01
1.138492524623870850e-01
4.359947144985198975e-01
9.240645915269851685e-02
2.197428047657012939e-01
8.318072557449340820e-01
7.427319884300231934e-01
1.041316986083984375e-01
9.678652137517929077e-02
5.445938929915428162e-02
4.118213802576065063e-02
1.420347839593887329e-01
8.764968514442443848e-01
3.927433192729949951e-01
3.665856644511222839e-02
9.343438595533370972e-02
5.385242104530334473e-01
6.559498906135559082e-01
1.015758961439132690e-01
3.774829208850860596e-01
4.602937698364257812e-01
8.511102199554443359e-01
1.012044996023178101e-01
6.563031673431396484e-02
5.327832698822021484e-01
9.800732135772705078e-02
2.607212066650390625e-01
4.755386710166931152e-02
3.319664001464843750e-01
8.804545402526855469e-01
8.179435133934020996e-01
6.533398628234863281e-01
2.074736207723617554e-01
5.613141506910324097e-02
6.608816981315612793e-01
6.572375297546386719e-01
1.155188828706741333e-01
3.421705365180969238e-01
6.034772992134094238e-01
9.673439711332321167e-02
5.060870945453643799e-02
4.594981670379638672e-02
2.995520532131195068e-01
3.275396823883056641e-01
3.977728635072708130e-02
4.269949495792388916e-01
7.743992209434509277e-01
6.835136413574218750e-01
6.712001562118530273e-01
3.537652790546417236e-01
2.362186759710311890e-01
6.545577198266983032e-02
6.395866721868515015e-02
6.734647154808044434e-01
8.949130773544311523e-01
5.727596208453178406e-02
8.976147174835205078e-01
8.938991427421569824e-01
8.130344152450561523e-01
1.971725970506668091e-01
7.942829132080078125e-01
8.384983241558074951e-02
2.618748843669891357e-01
3.567530512809753418e-01
5.936163663864135742e-01
8.138621449470520020e-01
4.702986031770706177e-02
5.932489037513732910e-02
1.936399340629577637e-01
6.705375909805297852e-01
2.621234655380249023e-01
1.921281069517135620e-01
5.423519015312194824e-01
4.375342428684234619e-01
2.384455054998397827e-01
2.282599061727523804e-01
2.917121350765228271e-01
1.839971244335174561e-01
2.418117970228195190e-01
6.495103240013122559e-01
6.281462907791137695e-01
4.917652159929275513e-02
3.125680088996887207e-01
4.850192740559577942e-02
2.512113153934478760e-01
7.977567911148071289e-01
7.453113794326782227e-02
1.103308945894241333e-01
6.753763556480407715e-02
2.609871625900268555e-01
8.688288927078247070e-01
4.211278855800628662e-01
8.016836643218994141e-01
6.160007789731025696e-02
3.585052862763404846e-02
5.330217629671096802e-02
8.754801154136657715e-01
2.524379193782806396e-01
7.700104713439941406e-01
7.686903476715087891e-01
2.773258090019226074e-01
8.288740366697311401e-02
7.823566347360610962e-02
5.643475651741027832e-01
8.893576264381408691e-01
5.530233308672904968e-02
6.160410121083259583e-02
8.638106584548950195e-01
1.293465197086334229e-01
5.003429204225540161e-02
4.179092943668365479e-01
5.636021867394447327e-02
9.391880035400390625e-02
1.063263490796089172e-01
2.344141304492950439e-01
4.326070845127105713e-02
8.251751959323883057e-02
6.881811469793319702e-02
9.853289276361465454e-02
5.374879240989685059e-01
8.279940485954284668e-01
2.298213690519332886e-01
8.176338672637939453e-02
6.988445669412612915e-02
1.270016729831695557e-01
1.522545069456100464e-01
1.133202388882637024e-01
2.260990440845489502e-01
5.675822123885154724e-02
3.422935605049133301e-01
8.992515802383422852e-01
9.556930512189865112e-02
7.297947406768798828e-01
4.159776121377944946e-02
7.945706844329833984e-01
2.832177877426147461e-01
1.486657708883285522e-01
2.502621710300445557e-01
8.445910811424255371e-01
5.686923488974571228e-02
9.069222211837768555e-02
5.362187698483467102e-02
1.132548823952674866e-01
5.222931131720542908e-02
6.143395304679870605e-01
4.560268223285675049e-01
3.028589189052581787e-01
8.200251460075378418e-01
2.056642323732376099e-01
5.581771731376647949e-01
3.947845399379730225e-01
6.970483064651489258e-02
4.217044711112976074e-01
1.625247895717620850e-01
3.681373968720436096e-02
8.804686665534973145e-01
7.172195315361022949e-01
8.096407055854797363e-01
6.596122384071350098e-01
6.014069542288780212e-02
2.697739601135253906e-01
1.356005221605300903e-01
1.741506606340408325e-01
7.038243412971496582e-01
7.088387757539749146e-02
6.444802135229110718e-02
3.528158664703369141e-01
1.042115315794944763e-01
7.585430741310119629e-01
5.943725109100341797e-01
4.619305133819580078e-01
5.276378616690635681e-02
7.184804081916809082e-01
7.576314210891723633e-01
2.052937746047973633e-01
8.535695672035217285e-01
6.068019270896911621e-01
5.011005401611328125e-01
6.697329878807067871e-02
8.173915743827819824e-01
5.590388178825378418e-01
9.982462972402572632e-02
8.542747497558593750e-01
2.592261433601379395e-01
8.468862175941467285e-01
5.221752449870109558e-02
3.078699409961700439e-01
3.562615811824798584e-01
2.676559984683990479e-01
3.696469664573669434e-01
8.626022934913635254e-01
2.124931216239929199e-01
2.557132542133331299e-01
2.980789355933666229e-02
8.548358082771301270e-01
8.639629185199737549e-02
4.968400299549102783e-02
8.736972808837890625e-01
8.604437112808227539e-01
3.595829308032989502e-01
5.871972069144248962e-02
6.547546386718750000e-01
4.608805179595947266e-01
8.628552556037902832e-01
1.162213757634162903e-01
8.626270294189453125e-01
3.776247799396514893e-02
4.650426805019378662e-01
6.608852744102478027e-02
5.195252299308776855e-01
7.102567702531814575e-02
1.888659149408340454e-01
6.064421534538269043e-01
1.958835870027542114e-01
2.742430269718170166e-01
1.578934192657470703e-01
5.180217623710632324e-01
8.706921935081481934e-01
3.697431385517120361e-01
2.649386525154113770e-01
9.621123224496841431e-02
3.592406511306762695e-01
7.826252579689025879e-01
7.656241655349731445e-01
1.226658746600151062e-01
2.218044698238372803e-01
8.749247342348098755e-02
2.095803916454315186e-01
1.618510037660598755e-01
1.336117982864379883e-01
8.966042399406433105e-01
1.745559871196746826e-01
5.150268673896789551e-01
2.345515340566635132e-01
7.153550982475280762e-01
1.267690956592559814e-01
1.522570401430130005e-01
3.896484896540641785e-02
5.950728803873062134e-02
9.317485988140106201e-02
8.871176838874816895e-01
6.454728841781616211e-01
2.970496416091918945e-01
7.097622752189636230e-02
8.205366730690002441e-01
8.878627419471740723e-01
4.484828412532806396e-01
6.771691888570785522e-02
1.726654469966888428e-01
8.334384560585021973e-01
7.910907864570617676e-01
7.393019795417785645e-01
4.805240780115127563e-02
8.824250698089599609e-01
8.405432105064392090e-01
5.677484869956970215e-01
8.607811927795410156e-01
4.825806021690368652e-01
4.202181845903396606e-02
5.845683813095092773e-01
1.903027892112731934e-01
7.919359803199768066e-01
1.927378475666046143e-01
6.956129670143127441e-01
7.349249720573425293e-01
1.082830503582954407e-01
6.843631863594055176e-01
8.173053264617919922e-01
7.774525284767150879e-01
5.961739271879196167e-02
3.079562187194824219e-01
7.637307643890380859e-01
4.006668627262115479e-01
2.987894117832183838e-01
2.038217484951019287e-01
3.319767415523529053e-01
4.131460487842559814e-01
5.475214719772338867e-01
1.654851585626602173e-01
3.158849850296974182e-02
1.107873991131782532e-01
3.801933303475379944e-02
2.117011696100234985e-01
1.236490979790687561e-01
4.788700044155120850e-01
1.251823455095291138e-01
5.082970112562179565e-02
3.264358341693878174e-01
5.967134237289428711e-01
6.306555122137069702e-02
4.262923002243041992e-01
1.025850549340248108e-01
8.481836318969726562e-01
4.695978164672851562e-01
4.041031375527381897e-02
1.115051805973052979e-01
3.614849597215652466e-02
2.124002426862716675e-01
1.572040468454360962e-01
7.166895270347595215e-02
5.465256422758102417e-02
6.012930721044540405e-02
1.088602915406227112e-01
1.617916524410247803e-01
5.035194382071495056e-02
1.032621785998344421e-01
1.350716799497604370e-01
5.045866370201110840e-01
5.975752472877502441e-01
4.455570131540298462e-02
7.800570130348205566e-02
6.199935078620910645e-01
3.766827881336212158e-01
6.283926963806152344e-02
8.979924321174621582e-01
8.169316053390502930e-01
1.199371293187141418e-01
6.302897632122039795e-02
2.194347530603408813e-01
6.548090279102325439e-02
7.523106783628463745e-02
1.820613443851470947e-01
8.887796103954315186e-02
5.810895562171936035e-01
6.330636739730834961e-01
8.332483172416687012e-01
3.214519843459129333e-02
5.100812315940856934e-01
1.802538186311721802e-01
2.542680203914642334e-01
4.848626554012298584e-01
1.021243408322334290e-01
5.304766893386840820e-01
3.340588808059692383e-01
8.985657095909118652e-01
1.105961352586746216e-01
1.411987543106079102e-01
8.283455371856689453e-01
3.906085789203643799e-01
7.918781638145446777e-01
5.810046792030334473e-01
4.073177576065063477e-01
1.484366208314895630e-01
8.590837121009826660e-01
8.622220754623413086e-01
3.301925063133239746e-01
8.760955333709716797e-01
1.167637184262275696e-01
8.358496427536010742e-01
4.894641637802124023e-01
5.962822213768959045e-02
3.088907897472381592e-02
3.886440992355346680e-01
2.555351853370666504e-01
4.983849450945854187e-02
7.366382330656051636e-02
8.831811547279357910e-01
1.574134826660156250e-01
4.051353782415390015e-02
1.334698796272277832e-01
2.171310335397720337e-01
2.472625374794006348e-01
7.656937092542648315e-02
4.884120821952819824e-02
3.635751456022262573e-02
2.235993742942810059e-01
3.325014412403106689e-01
3.589231669902801514e-01
7.482337355613708496e-01
7.598689198493957520e-01
1.672632694244384766e-01
7.962965220212936401e-02
5.217478871345520020e-01
7.903236150741577148e-01
5.966616049408912659e-02
3.609738945960998535e-01
2.606598436832427979e-01
3.662908449769020081e-02
8.803859353065490723e-01
2.119066268205642700e-01
6.326735019683837891e-02
7.482478767633438110e-02
3.130486607551574707e-01
1.272031664848327637e-01
7.224538326263427734e-01
1.128578111529350281e-01
1.402970552444458008e-01
1.031381934881210327e-01
2.368456274271011353e-01
5.876005291938781738e-01
2.189884930849075317e-01
1.880782842636108398e-01
3.161740303039550781e-01
6.563594192266464233e-02
1.294377595186233521e-01
3.677195683121681213e-02
2.031669616699218750e-01
8.108527958393096924e-02
8.410878181457519531e-01
8.284869790077209473e-01
1.030687689781188965e-01
