5.908708646893501282e-02
8.503158092498779297e-01
3.516697883605957031e-01
8.545678257942199707e-01
2.486243098974227905e-01
1.157423704862594604e-01
5.694865584373474121e-01
4.262823760509490967e-01
8.591583371162414551e-01
2.151222825050354004e-01
5.103229284286499023e-01
4.873751699924468994e-01
8.585768342018127441e-01
8.194575309753417969e-01
2.300690710544586182e-01
4.087175130844116211e-01
4.720603525638580322e-01
8.410966992378234863e-01
8.597013354301452637e-01
5.443337559700012207e-01
8.321901559829711914e-01
8.571413755416870117e-01
1.005712226033210754e-01
3.099011778831481934e-01
3.366436958312988281e-01
8.036715537309646606e-02
8.580453395843505859e-01
4.023221433162689209e-01
7.666578888893127441e-01
6.065843701362609863e-01
4.412243664264678955e-01
5.236808955669403076e-02
8.583301901817321777e-01
7.687874883413314819e-02
6.583683490753173828e-01
1.962353289127349854e-01
6.773976683616638184e-01
1.700040400028228760e-01
5.505273342132568359e-01
8.591093420982360840e-01
2.458603680133819580e-01
1.865971088409423828e-01
9.226478636264801025e-02
1.198605448007583618e-01
5.522837489843368530e-02
4.605587720870971680e-01
5.989308953285217285e-01
8.381915092468261719e-01
5.834632366895675659e-02
8.588609099388122559e-01
1.922413855791091919e-01
8.778914064168930054e-02
4.062432646751403809e-01
5.510630607604980469e-01
1.717374473810195923e-01
2.986668646335601807e-01
8.591951131820678711e-01
9.414309263229370117e-02
2.699514627456665039e-01
3.043420612812042236e-01
5.375653505325317383e-01
2.555363774299621582e-01
3.865594565868377686e-01
7.390820235013961792e-02
1.020227074623107910e-01
1.029654368758201599e-01
8.118637651205062866e-02
5.375558733940124512e-01
6.399782299995422363e-01
4.594187736511230469e-01
1.385920047760009766e-01
8.413307070732116699e-01
4.350413680076599121e-01
1.182199791073799133e-01
3.392718434333801270e-01
9.217489510774612427e-02
5.152104049921035767e-02
6.775619834661483765e-02
1.194621324539184570e-01
9.441909939050674438e-02
8.594974875450134277e-01
8.245874643325805664e-01
8.585883975028991699e-01
6.116566658020019531e-01
8.593642711639404297e-01
7.940074205398559570e-01
1.017967611551284790e-01
1.252379119396209717e-01
8.589261770248413086e-01
1.189969107508659363e-01
6.212331652641296387e-01
8.782748878002166748e-02
7.616139203310012817e-02
7.488052248954772949e-01
6.123833060264587402e-01
7.576748728752136230e-01
5.834757089614868164e-01
8.594927787780761719e-01
1.299020946025848389e-01
1.284616440534591675e-01
6.697240471839904785e-01
3.669380843639373779e-01
5.714950561523437500e-01
3.077582418918609619e-01
4.095390439033508301e-01
3.327046632766723633e-01
1.331458985805511475e-01
6.671701669692993164e-01
6.678664088249206543e-01
5.663143992424011230e-01
5.240870714187622070e-01
8.903319388628005981e-02
7.039278745651245117e-02
8.578277826309204102e-01
4.076262116432189941e-01
2.027108967304229736e-01
8.557052016258239746e-01
7.897701114416122437e-02
9.229200333356857300e-02
8.484597802162170410e-01
5.186723917722702026e-02
1.834206134080886841e-01
1.338178366422653198e-01
7.408583164215087891e-01
8.595990538597106934e-01
2.758690118789672852e-01
6.982739269733428955e-02
4.972786307334899902e-01
6.904906779527664185e-02
1.149497777223587036e-01
8.594517111778259277e-01
7.426640391349792480e-01
8.595308065414428711e-01
3.225980103015899658e-01
7.669979929924011230e-01
5.350473523139953613e-01
8.593145608901977539e-01
3.519303798675537109e-01
6.699254512786865234e-01
6.541675329208374023e-02
8.517343401908874512e-01
8.469712138175964355e-01
6.741026043891906738e-01
4.437501132488250732e-01
4.099325537681579590e-01
8.257771283388137817e-02
6.221264600753784180e-01
8.473064303398132324e-01
7.604433894157409668e-01
2.755904793739318848e-01
7.509886473417282104e-02
2.292626053094863892e-01
1.038978099822998047e-01
2.471284121274948120e-01
1.313237696886062622e-01
1.996789723634719849e-01
2.979923486709594727e-01
6.492444872856140137e-01
4.285559058189392090e-01
8.579603433609008789e-01
4.634002149105072021e-01
6.477045416831970215e-01
1.078056991100311279e-01
4.833649992942810059e-01
8.593893051147460938e-01
4.229596555233001709e-01
1.960685402154922485e-01
5.426385998725891113e-01
1.728535741567611694e-01
4.904899299144744873e-01
9.367907047271728516e-02
6.745924055576324463e-02
5.240084528923034668e-01
7.101190686225891113e-01
1.029562577605247498e-01
8.556866645812988281e-01
3.039602041244506836e-01
1.153187155723571777e-01
8.590269684791564941e-01
2.668492496013641357e-01
2.371493726968765259e-01
8.642465621232986450e-02
2.216465622186660767e-01
3.049943745136260986e-01
4.872234463691711426e-01
1.036907061934471130e-01
2.584962248802185059e-01
5.584348440170288086e-01
4.957381784915924072e-01
4.846494197845458984e-01
9.769555926322937012e-02
8.537502884864807129e-01
1.517515182495117188e-01
8.469001650810241699e-01
3.541167378425598145e-01
7.459838390350341797e-01
7.006503641605377197e-02
2.754954099655151367e-01
5.930213332176208496e-01
6.048166006803512573e-02
5.933288112282752991e-02
6.423370838165283203e-01
8.589817881584167480e-01
5.412245392799377441e-01
8.254183530807495117e-01
8.591251373291015625e-01
7.291090488433837891e-01
2.889301776885986328e-01
8.594559431076049805e-01
3.926844000816345215e-01
5.551266670227050781e-01
7.230293005704879761e-02
4.377533495426177979e-01
7.916424274444580078e-01
3.107524216175079346e-01
7.362810522317886353e-02
8.588117957115173340e-01
6.268580555915832520e-01
8.519593477249145508e-01
1.546900123357772827e-01
8.593038320541381836e-01
8.591785430908203125e-01
6.763300895690917969e-01
1.418390125036239624e-01
1.690849512815475464e-01
2.458798438310623169e-01
6.108890771865844727e-01
8.514496684074401855e-01
1.253850758075714111e-01
8.512082695960998535e-01
7.880593538284301758e-01
8.592810034751892090e-01
1.039421707391738892e-01
8.594795465469360352e-01
8.595101237297058105e-01
4.366905987262725830e-01
5.901325345039367676e-01
8.596327900886535645e-01
4.657314121723175049e-01
4.953173696994781494e-01
8.584708571434020996e-01
4.593894779682159424e-01
8.320964574813842773e-01
2.694431543350219727e-01
3.133574426174163818e-01
4.750999510288238525e-01
1.039099693298339844e-01
8.593196272850036621e-01
8.143908530473709106e-02
8.582005500793457031e-01
4.481702148914337158e-01
1.343927979469299316e-01
1.278004050254821777e-01
1.613762080669403076e-01
2.005573958158493042e-01
2.058472484350204468e-01
3.936102986335754395e-01
8.483407497406005859e-01
2.005151212215423584e-01
8.503132462501525879e-01
2.511130869388580322e-01
7.801099419593811035e-01
6.269636154174804688e-01
7.748614251613616943e-02
5.062395334243774414e-01
4.629495143890380859e-01
1.658122390508651733e-01
4.313908815383911133e-01
1.105396971106529236e-01
8.105533719062805176e-01
8.589988350868225098e-01
8.578596711158752441e-01
4.668567478656768799e-01
3.287492990493774414e-01
8.556263446807861328e-01
2.846944630146026611e-01
8.497146964073181152e-01
4.529324471950531006e-01
8.585329055786132812e-01
2.339657545089721680e-01
2.974920272827148438e-01
8.594891428947448730e-01
6.029222607612609863e-01
4.475501477718353271e-01
5.411994457244873047e-01
5.406693220138549805e-01
1.129636093974113464e-01
1.919529438018798828e-01
5.237718224525451660e-01
2.596308290958404541e-01
2.621618509292602539e-01
8.523929715156555176e-01
8.550454378128051758e-01
7.125749588012695312e-01
2.228192985057830811e-01
8.470131456851959229e-02
2.337682247161865234e-01
8.560229539871215820e-01
6.788520812988281250e-01
1.033309251070022583e-01
8.595153093338012695e-01
5.580962896347045898e-01
5.209233164787292480e-01
1.009441465139389038e-01
1.776301264762878418e-01
7.712467759847640991e-02
1.702287495136260986e-01
5.761996507644653320e-01
8.593383431434631348e-01
7.315372228622436523e-01
6.827468276023864746e-01
2.023402750492095947e-01
1.402497291564941406e-01
3.630279898643493652e-01
8.079103827476501465e-01
3.573682606220245361e-01
8.595437407493591309e-01
7.962486147880554199e-01
3.698604404926300049e-01
4.425664842128753662e-01
7.737025022506713867e-01
3.691771924495697021e-01
6.403492093086242676e-01
8.595998287200927734e-01
5.805570483207702637e-01
7.044265866279602051e-01
2.118863761425018311e-01
1.731570810079574585e-01
1.727564930915832520e-01
1.534971743822097778e-01
4.343662038445472717e-02
7.143428176641464233e-02
6.075502038002014160e-01
1.842038929462432861e-01
4.331820309162139893e-01
8.577530980110168457e-01
4.470404684543609619e-01
6.883735209703445435e-02
2.142398208379745483e-01
2.578772008419036865e-01
1.532391756772994995e-01
4.481509029865264893e-01
8.573088049888610840e-01
4.311677217483520508e-01
8.595749139785766602e-01
8.181765675544738770e-02
5.843015313148498535e-01
7.418218851089477539e-01
1.846274286508560181e-01
8.552873730659484863e-01
1.726154983043670654e-01
7.057080417871475220e-02
4.744179174304008484e-02
1.925652772188186646e-01
6.684782505035400391e-01
1.655228734016418457e-01
6.624953746795654297e-01
5.575177073478698730e-01
1.547028124332427979e-01
5.520933270454406738e-01
1.470603495836257935e-01
5.499339103698730469e-01
2.543662190437316895e-01
2.279733270406723022e-01
8.538701534271240234e-01
6.211727857589721680e-01
4.784192144870758057e-01
8.596425652503967285e-01
2.466124743223190308e-01
2.163195163011550903e-01
4.835901558399200439e-01
1.275774389505386353e-01
2.168866395950317383e-01
3.230251967906951904e-01
1.024391427636146545e-01
9.338974952697753906e-02
2.188330143690109253e-01
1.556426584720611572e-01
8.594518303871154785e-01
7.176920771598815918e-02
8.109023422002792358e-02
7.005180418491363525e-02
8.595353960990905762e-01
7.919559478759765625e-01
3.121112883090972900e-01
2.720754742622375488e-01
5.162835717201232910e-01
4.668448567390441895e-01
2.837650477886199951e-01
4.682634472846984863e-01
5.548671633005142212e-02
1.579615175724029541e-01
1.166327744722366333e-01
1.133000180125236511e-01
1.447784006595611572e-01
9.898100048303604126e-02
7.902281284332275391e-01
6.182964444160461426e-01
8.560267090797424316e-01
2.754505276679992676e-01
3.940508961677551270e-01
9.950007498264312744e-02
8.575788140296936035e-01
6.093026995658874512e-01
7.512672543525695801e-01
8.545855879783630371e-01
5.321756601333618164e-01
4.822579622268676758e-01
4.178391396999359131e-01
1.559425443410873413e-01
7.112529873847961426e-02
5.727811902761459351e-02
8.565796017646789551e-01
6.134332418441772461e-01
8.586880564689636230e-01
7.050959020853042603e-02
5.402283072471618652e-01
4.630644023418426514e-01
1.726695746183395386e-01
1.206279173493385315e-01
8.014182001352310181e-02
7.454078197479248047e-01
7.539520859718322754e-01
6.449760496616363525e-02
8.007942885160446167e-02
5.273238420486450195e-01
7.372550666332244873e-02
1.627592444419860840e-01
3.271655738353729248e-01
1.645160168409347534e-01
1.867069453001022339e-01
3.522397577762603760e-01
8.548070788383483887e-01
7.919043302536010742e-01
3.470896780490875244e-01
3.692775070667266846e-01
4.653282463550567627e-01
1.430340707302093506e-01
5.503997206687927246e-01
6.903967857360839844e-01
3.149155378341674805e-01
6.039879918098449707e-01
1.157553493976593018e-01
8.505291938781738281e-01
1.220003291964530945e-01
3.803194761276245117e-01
1.052776575088500977e-01
8.555353283882141113e-01
1.233015358448028564e-01
7.380388677120208740e-02
5.444101095199584961e-01
8.578910827636718750e-01
8.463684320449829102e-01
5.693582817912101746e-02
6.808652728796005249e-02
5.889583230018615723e-01
4.817276000976562500e-01
3.263059854507446289e-01
7.030200958251953125e-02
4.176566898822784424e-01
6.672515273094177246e-01
4.456543624401092529e-01
7.990685105323791504e-02
4.843351840972900391e-01
9.103810042142868042e-02
4.511069953441619873e-01
8.673022389411926270e-01
5.808704495429992676e-01
4.715848565101623535e-01
8.565365672111511230e-01
3.839596211910247803e-01
5.668405294418334961e-01
8.601841330528259277e-02
8.512707352638244629e-01
5.064707398414611816e-01
8.352368324995040894e-02
8.592798709869384766e-01
8.594616055488586426e-01
6.232646107673645020e-01
3.733368217945098877e-02
5.608497262001037598e-01
3.972333073616027832e-01
7.831565290689468384e-02
7.676073312759399414e-01
5.437804013490676880e-02
2.223821282386779785e-01
4.217153489589691162e-01
1.491808146238327026e-01
4.981659352779388428e-01
7.806095480918884277e-01
1.898914426565170288e-01
8.493631482124328613e-01
1.113857999444007874e-01
8.581620454788208008e-01
5.975032448768615723e-01
2.855497896671295166e-01
4.871737658977508545e-01
5.116587281227111816e-01
1.113500893115997314e-01
3.101006150245666504e-01
8.594418764114379883e-01
2.928624153137207031e-01
6.785817146301269531e-01
8.594853281974792480e-01
4.722367525100708008e-01
8.644308894872665405e-02
7.149847745895385742e-01
1.940356940031051636e-01
8.563834428787231445e-01
9.278809279203414917e-02
1.851644665002822876e-01
3.260948061943054199e-01
8.551249504089355469e-01
5.159914493560791016e-01
8.806340098381042480e-01
2.492639422416687012e-01
1.458940804004669189e-01
6.536622643470764160e-01
3.137264251708984375e-01
3.096905946731567383e-01
4.449075758457183838e-01
7.751113176345825195e-01
1.313514113426208496e-01
6.671210527420043945e-01
6.360544562339782715e-01
6.834697127342224121e-01
3.494547307491302490e-01
8.594006299972534180e-01
9.313093125820159912e-02
6.845099925994873047e-01
3.177066147327423096e-01
5.459663271903991699e-01
3.005794584751129150e-01
1.378664225339889526e-01
7.852110862731933594e-01
6.243793368339538574e-01
8.235208392143249512e-01
5.640882849693298340e-01
8.593854308128356934e-01
8.588758111000061035e-01
8.590099215507507324e-01
5.337458103895187378e-02
4.727837145328521729e-01
4.097813665866851807e-01
4.265309572219848633e-01
8.595476150512695312e-01
2.731956839561462402e-01
4.134676158428192139e-01
2.415818572044372559e-01
1.909956932067871094e-01
8.594504594802856445e-01
6.651502847671508789e-02
5.584650486707687378e-02
8.593816161155700684e-01
6.682430207729339600e-02
2.365641891956329346e-01
4.935905635356903076e-01
6.849933862686157227e-01
8.595131635665893555e-01
2.293498367071151733e-01
7.805468887090682983e-02
1.234415546059608459e-01
8.592472076416015625e-01
8.594089150428771973e-01
6.357634812593460083e-02
8.589478731155395508e-01
9.115111082792282104e-02
8.082805275917053223e-01
4.927954077720642090e-01
8.552535176277160645e-01
8.435490131378173828e-01
8.709099888801574707e-02
5.901663303375244141e-01
8.491116166114807129e-01
4.826150462031364441e-02
5.578829348087310791e-02
7.547048926353454590e-01
7.526624202728271484e-02
1.153640300035476685e-01
8.458605408668518066e-01
5.109430551528930664e-01
6.205216050148010254e-02
8.507801294326782227e-01
4.373851418495178223e-01
5.441133379936218262e-01
7.870671898126602173e-02
5.337482094764709473e-01
8.593209981918334961e-01
8.320319056510925293e-01
8.497673273086547852e-01
3.797480165958404541e-01
7.900466322898864746e-01
5.935139656066894531e-01
5.430387258529663086e-01
1.075155138969421387e-01
1.465752124786376953e-01
3.386308550834655762e-01
8.479361534118652344e-01
8.554913997650146484e-01
8.445672988891601562e-01
8.102121949195861816e-02
6.316221952438354492e-01
9.749051183462142944e-02
2.713163793087005615e-01
8.593376278877258301e-01
8.479717373847961426e-01
1.411980241537094116e-01
9.223175048828125000e-02
5.542096868157386780e-02
5.988360941410064697e-02
2.855708003044128418e-01
8.589409589767456055e-01
5.051474571228027344e-01
7.288317382335662842e-02
2.240415066480636597e-01
6.573089361190795898e-01
8.523880243301391602e-01
1.049151495099067688e-01
5.539234876632690430e-01
5.619545578956604004e-01
8.579597473144531250e-01
1.764955967664718628e-01
9.652636200189590454e-02
3.998903930187225342e-01
8.184810876846313477e-01
4.141893386840820312e-01
6.881964206695556641e-02
6.639366149902343750e-01
8.590587377548217773e-01
8.515311479568481445e-01
6.883099079132080078e-01
2.115315794944763184e-01
8.108035475015640259e-02
8.473367094993591309e-01
4.401766359806060791e-01
2.651242315769195557e-01
5.196914672851562500e-01
8.341701626777648926e-01
1.231997236609458923e-01
8.457221835851669312e-02
7.188796997070312500e-02
5.447987318038940430e-01
5.091370940208435059e-01
5.944303050637245178e-02
5.825759172439575195e-01
8.572778105735778809e-01
6.110761165618896484e-01
8.225557804107666016e-01
6.723022460937500000e-01
3.958819508552551270e-01
2.583907842636108398e-01
8.214084059000015259e-02
8.563341498374938965e-01
8.575262427330017090e-01
1.727274954319000244e-01
8.594384193420410156e-01
8.596026897430419922e-01
8.468040823936462402e-01
4.414287805557250977e-01
8.558936715126037598e-01
7.152522355318069458e-02
4.038848578929901123e-01
8.557330369949340820e-01
8.512749671936035156e-01
8.428989648818969727e-01
8.587931841611862183e-02
1.431496441364288330e-01
4.328109323978424072e-01
7.066338062286376953e-01
4.628751575946807861e-01
3.726302981376647949e-01
6.495729088783264160e-01
5.903093814849853516e-01
5.665808320045471191e-01
3.475873470306396484e-01
6.417738199234008789e-01
1.758525222539901733e-01
4.931439757347106934e-01
7.851906418800354004e-01
6.254676580429077148e-01
6.304601579904556274e-02
8.511590957641601562e-01
4.755607992410659790e-02
4.382729828357696533e-01
8.545484542846679688e-01
8.626882731914520264e-02
1.634969413280487061e-01
9.986339509487152100e-02
7.023851275444030762e-01
8.594222068786621094e-01
6.538846492767333984e-01
8.507764339447021484e-01
5.855536088347434998e-02
7.897775620222091675e-02
7.960644364356994629e-02
8.595571517944335938e-01
3.574946820735931396e-01
6.063388586044311523e-01
7.064743638038635254e-01
3.876158893108367920e-01
1.288795620203018188e-01
6.316172331571578979e-02
8.196702003479003906e-01
8.589148521423339844e-01
7.949946820735931396e-02
1.986616253852844238e-01
8.590754270553588867e-01
1.896884739398956299e-01
6.515948474407196045e-02
6.198056340217590332e-01
7.917685806751251221e-02
2.187205851078033447e-01
3.815644681453704834e-01
5.751113295555114746e-01
5.265778303146362305e-02
2.913264334201812744e-01
2.555442154407501221e-01
3.314592838287353516e-01
8.386060595512390137e-01
6.010266542434692383e-01
4.613392949104309082e-01
2.617940008640289307e-01
7.124932110309600830e-02
1.399584412574768066e-01
2.009318619966506958e-01
1.791390180587768555e-01
3.119618594646453857e-01
1.516088694334030151e-01
4.373583793640136719e-01
8.594835996627807617e-01
1.503004878759384155e-01
6.104203462600708008e-01
3.701502382755279541e-01
7.473109364509582520e-01
3.016341328620910645e-01
1.071988344192504883e-01
4.227426648139953613e-01
8.595387339591979980e-01
1.319869607686996460e-01
6.164603233337402344e-01
7.252726703882217407e-02
1.221284121274948120e-01
4.580326676368713379e-01
8.307479023933410645e-01
6.166563630104064941e-01
4.326384663581848145e-01
8.594688177108764648e-01
4.956456422805786133e-01
7.856326103210449219e-01
5.083904862403869629e-01
1.448770463466644287e-01
8.523628115653991699e-01
3.082462549209594727e-01
5.493739992380142212e-02
8.594740629196166992e-01
8.470742106437683105e-01
8.585637807846069336e-01
8.425626754760742188e-01
9.695838391780853271e-02
5.265284180641174316e-01
2.123547643423080444e-01
3.472819924354553223e-01
5.224845409393310547e-01
6.013809517025947571e-02
9.595158696174621582e-02
7.664968371391296387e-01
1.540493369102478027e-01
8.584046959877014160e-01
8.072556853294372559e-01
8.002181053161621094e-01
6.108509376645088196e-02
8.583555817604064941e-01
8.592030405998229980e-01
3.002517819404602051e-01
8.594256639480590820e-01
7.635678052902221680e-01
6.608580350875854492e-01
3.333118855953216553e-01
8.585858941078186035e-01
5.202784538269042969e-01
9.373684972524642944e-02
8.483096957206726074e-01
5.104700922966003418e-01
8.530345559120178223e-01
9.400852024555206299e-02
4.799020886421203613e-01
5.026199817657470703e-01
5.134750604629516602e-01
6.832263469696044922e-01
8.595055341720581055e-01
2.937048375606536865e-01
3.355350792407989502e-01
6.273309886455535889e-02
8.593182563781738281e-01
9.554184228181838989e-02
6.327535957098007202e-02
8.590982556343078613e-01
8.588059544563293457e-01
6.264140009880065918e-01
1.195498183369636536e-01
6.850912570953369141e-01
6.142477989196777344e-01
8.592883944511413574e-01
2.946425974369049072e-01
8.595266342163085938e-01
5.682678520679473877e-02
5.507571697235107422e-01
5.875610560178756714e-02
8.401940464973449707e-01
8.308311551809310913e-02
7.553866505622863770e-01
5.510751605033874512e-01
3.834779560565948486e-01
3.638049066066741943e-01
4.529859721660614014e-01
8.357315063476562500e-01
8.552587032318115234e-01
5.463390350341796875e-01
8.261838555335998535e-01
1.883743554353713989e-01
6.507431864738464355e-01
8.593598008155822754e-01
8.560096621513366699e-01
3.778721988201141357e-01
3.765670657157897949e-01
1.174443289637565613e-01
4.296532571315765381e-01
4.687760174274444580e-01
4.293197393417358398e-01
8.595508933067321777e-01
3.944483995437622070e-01
8.474617600440979004e-01
3.757415115833282471e-01
8.158110380172729492e-01
2.683628499507904053e-01
2.137105464935302734e-01
6.063690036535263062e-02
6.319056451320648193e-02
1.845281720161437988e-01
8.595809340476989746e-01
8.533107042312622070e-01
5.130440592765808105e-01
1.396541893482208252e-01
8.585208654403686523e-01
8.592095375061035156e-01
8.514485955238342285e-01
1.261939555406570435e-01
2.537265717983245850e-01
8.552152514457702637e-01
8.563761711120605469e-01
8.454918861389160156e-01
2.101338356733322144e-01
8.593085408210754395e-01
8.573991656303405762e-01
8.008439540863037109e-01
8.593400120735168457e-01
4.077116250991821289e-01
1.279425323009490967e-01
7.674284577369689941e-01
2.457148879766464233e-01
8.410275578498840332e-01
1.487397998571395874e-01
7.255192995071411133e-01
8.564448356628417969e-01
1.255911141633987427e-01
8.004152774810791016e-01
8.502602577209472656e-01
8.594774007797241211e-01
8.085179328918457031e-02
6.460275053977966309e-01
7.002897262573242188e-01
5.946109890937805176e-01
4.423284530639648438e-01
3.398140668869018555e-01
7.330151200294494629e-01
8.583854436874389648e-01
7.400261163711547852e-01
2.172059118747711182e-01
3.590085357427597046e-02
1.020068451762199402e-01
5.642352253198623657e-02
4.076327681541442871e-01
2.127677947282791138e-01
8.437192440032958984e-01
2.347202301025390625e-01
7.420626282691955566e-02
7.151002287864685059e-01
6.022675633430480957e-01
1.308320760726928711e-01
8.559296727180480957e-01
1.850860714912414551e-01
8.563569188117980957e-01
7.747482061386108398e-01
7.090170681476593018e-02
3.824918568134307861e-01
7.148507982492446899e-02
4.968296587467193604e-01
3.038806915283203125e-01
2.916555106639862061e-01
9.870722144842147827e-02
8.267414569854736328e-02
7.993631362915039062e-01
2.901233732700347900e-01
4.655343294143676758e-02
3.779431879520416260e-01
4.290685653686523438e-01
5.232977867126464844e-01
6.551565527915954590e-01
5.981722101569175720e-02
9.396040439605712891e-02
8.523826003074645996e-01
5.956032276153564453e-01
1.624936014413833618e-01
8.591389656066894531e-01
8.084831237792968750e-01
4.947085082530975342e-01
3.023353815078735352e-01
4.049196541309356689e-01
9.630848467350006104e-02
8.949471265077590942e-02
4.809152185916900635e-01
5.867904424667358398e-01
6.772030591964721680e-01
8.551155924797058105e-01
8.555281162261962891e-01
8.321504294872283936e-02
5.636762380599975586e-01
1.320264190435409546e-01
5.294830203056335449e-01
8.097165822982788086e-01
4.689218103885650635e-01
5.230708122253417969e-01
4.592211842536926270e-01
8.595129847526550293e-01
1.875589936971664429e-01
1.987148076295852661e-01
8.593123555183410645e-01
5.809677839279174805e-01
8.021443486213684082e-01
8.272380828857421875e-01
6.232644319534301758e-01
5.917635560035705566e-01
8.531515002250671387e-01
8.590306639671325684e-01
5.076428651809692383e-01
8.586022853851318359e-01
2.522426545619964600e-01
8.593214750289916992e-01
8.322522044181823730e-01
6.470445543527603149e-02
6.091569736599922180e-02
6.379636526107788086e-01
2.606757879257202148e-01
7.119348645210266113e-02
3.992864787578582764e-01
8.591472506523132324e-01
1.508273035287857056e-01
6.794998794794082642e-02
3.469716310501098633e-01
2.980496585369110107e-01
3.768549561500549316e-01
1.648225188255310059e-01
1.212087869644165039e-01
5.860913917422294617e-02
4.425419867038726807e-01
4.952501952648162842e-01
8.079082369804382324e-01
7.455046772956848145e-01
8.595831990242004395e-01
3.453323245048522949e-01
3.691914081573486328e-01
8.001776337623596191e-01
8.566793799400329590e-01
1.017594113945960999e-01
3.963231742382049561e-01
6.745179891586303711e-01
6.209852173924446106e-02
8.594457507133483887e-01
5.316380858421325684e-01
1.407078504562377930e-01
1.243976280093193054e-01
5.754111409187316895e-01
2.461152523756027222e-01
8.492791652679443359e-01
2.120281755924224854e-01
5.012381076812744141e-01
1.325509399175643921e-01
5.717589855194091797e-01
4.877240657806396484e-01
2.294626086950302124e-01
3.901169300079345703e-01
5.090786814689636230e-01
5.965679883956909180e-02
2.301352918148040771e-01
4.982044547796249390e-02
5.443250536918640137e-01
6.501080095767974854e-02
8.596270084381103516e-01
8.595266342163085938e-01
3.160580992698669434e-01
