1.499469764530658722e-02
9.191787242889404297e-01
4.049691557884216309e-02
6.449753642082214355e-01
3.929603472352027893e-02
6.653700023889541626e-02
2.939151525497436523e-01
2.953405678272247314e-01
9.073742628097534180e-01
4.531507194042205811e-02
4.136490225791931152e-01
1.812769025564193726e-01
8.084966540336608887e-01
6.044995188713073730e-01
1.374341696500778198e-01
3.285227119922637939e-01
1.556250154972076416e-01
7.695199251174926758e-01
9.742378592491149902e-01
5.146418809890747070e-01
8.406735658645629883e-01
9.478930234909057617e-01
7.027323544025421143e-02
8.048875629901885986e-02
2.430794835090637207e-01
2.804435230791568756e-02
8.369088172912597656e-01
2.061814367771148682e-01
3.812930285930633545e-01
3.211978077888488770e-01
1.839845031499862671e-01
5.580248311161994934e-03
7.387454509735107422e-01
3.003260493278503418e-02
1.618456691503524780e-01
7.822062075138092041e-02
1.386022120714187622e-01
9.486205130815505981e-02
3.646723031997680664e-01
9.439080357551574707e-01
1.216356307268142700e-01
1.519012004137039185e-01
7.817282527685165405e-02
1.071322187781333923e-01
6.071578338742256165e-02
2.376689165830612183e-01
7.917972654104232788e-02
4.759191572666168213e-01
1.355606410652399063e-02
9.158638715744018555e-01
8.458352088928222656e-02
1.569068990647792816e-02
2.191758602857589722e-01
2.853989601135253906e-01
1.159945130348205566e-01
9.015835821628570557e-02
9.629477858543395996e-01
5.932302400469779968e-02
1.141432225704193115e-01
1.516109853982925415e-01
4.170919656753540039e-01
1.465020030736923218e-01
2.719519473612308502e-02
9.548176079988479614e-02
9.989745169878005981e-02
1.767281442880630493e-01
3.471115604043006897e-02
6.248150393366813660e-02
5.789614915847778320e-01
4.599003791809082031e-01
3.842671588063240051e-02
7.885075211524963379e-01
7.145607471466064453e-01
5.124309659004211426e-02
5.242566466331481934e-01
6.376109272241592407e-02
2.073732763528823853e-02
7.774265483021736145e-03
1.345801949501037598e-01
7.895334064960479736e-02
8.225464820861816406e-01
3.241250216960906982e-01
7.578886151313781738e-01
9.370653629302978516e-01
9.699937701225280762e-01
6.314173340797424316e-01
3.955699875950813293e-02
6.484572589397430420e-02
4.352127015590667725e-01
3.272505700588226318e-01
7.188333272933959961e-01
6.377272307872772217e-02
9.335715323686599731e-02
5.273825526237487793e-01
1.535941809415817261e-01
5.737407803535461426e-01
6.177423596382141113e-01
6.199061274528503418e-01
8.415790647268295288e-02
9.439054876565933228e-02
6.774470806121826172e-01
2.456678003072738647e-01
5.142205953598022461e-01
2.057806402444839478e-01
6.626746058464050293e-01
1.050727963447570801e-01
7.498063892126083374e-02
3.498783111572265625e-01
3.137374222278594971e-01
1.961040347814559937e-01
2.189949303865432739e-01
1.844471879303455353e-02
2.610276453197002411e-02
9.691549539566040039e-01
8.470199257135391235e-02
9.367351979017257690e-02
8.815656900405883789e-01
3.105719573795795441e-02
1.980334669351577759e-01
8.389839529991149902e-01
7.315250113606452942e-03
7.829912751913070679e-02
1.915354132652282715e-01
8.572167158126831055e-01
7.837019562721252441e-01
1.931921392679214478e-01
9.486962854862213135e-02
1.165880635380744934e-01
2.082327380776405334e-02
9.691830724477767944e-02
9.603145718574523926e-01
7.350575923919677734e-02
9.316315650939941406e-01
3.631191849708557129e-01
5.093149542808532715e-01
7.101987004280090332e-01
8.921119570732116699e-01
1.286760568618774414e-01
5.651578307151794434e-01
2.265153452754020691e-02
7.031297683715820312e-01
5.622709393501281738e-01
4.882149100303649902e-01
3.354578614234924316e-01
1.859695762395858765e-01
2.481204085052013397e-02
6.105113029479980469e-01
5.101268887519836426e-01
6.719741821289062500e-01
1.553764939308166504e-01
5.476738512516021729e-02
9.738821536302566528e-02
1.495014131069183350e-01
2.574438452720642090e-01
1.936602443456649780e-01
7.074674218893051147e-02
3.186447024345397949e-01
5.305466055870056152e-02
2.888739705085754395e-01
8.555768132209777832e-01
2.396509349346160889e-01
8.814687132835388184e-01
2.533099949359893799e-01
2.479063123464584351e-01
5.926027894020080566e-01
7.126763463020324707e-01
3.179284930229187012e-01
3.764518797397613525e-01
9.448064118623733521e-02
8.696568012237548828e-01
5.369849130511283875e-02
4.403397440910339355e-02
5.976893305778503418e-01
7.731724977493286133e-01
5.503655225038528442e-02
9.703916907310485840e-01
4.329040944576263428e-01
4.047014191746711731e-02
8.345489501953125000e-01
2.486595660448074341e-01
1.099615618586540222e-01
2.088159695267677307e-02
9.216716885566711426e-02
2.207068353891372681e-01
1.370890736579895020e-01
1.172668188810348511e-01
3.052346110343933105e-01
5.639170408248901367e-01
6.538916826248168945e-01
6.562522649765014648e-01
5.425395071506500244e-02
9.298160672187805176e-01
7.802598923444747925e-02
6.362386941909790039e-01
2.053630203008651733e-01
6.095451712608337402e-01
8.013492822647094727e-02
1.448654085397720337e-01
7.296178936958312988e-01
1.726184040307998657e-02
1.964619383215904236e-02
4.046814143657684326e-02
8.578686118125915527e-01
1.688074916601181030e-01
8.731971979141235352e-01
9.541589021682739258e-01
7.972435951232910156e-01
4.982757940888404846e-02
9.907496571540832520e-01
3.385566174983978271e-01
1.218735054135322571e-01
2.018093504011631012e-02
1.661829948425292969e-01
7.245795130729675293e-01
1.488053947687149048e-01
1.166235003620386124e-02
3.494580388069152832e-01
5.303719043731689453e-01
9.069806933403015137e-01
5.209914222359657288e-02
9.204878211021423340e-01
9.796168804168701172e-01
5.926184654235839844e-01
1.175561547279357910e-01
6.039848923683166504e-02
7.220350950956344604e-02
7.908279895782470703e-01
6.232048869132995605e-01
1.381298899650573730e-01
3.940817117691040039e-01
7.414529323577880859e-01
9.253812432289123535e-01
8.776781708002090454e-02
8.915394544601440430e-01
7.184144854545593262e-01
2.873649001121520996e-01
7.829471230506896973e-01
9.599522352218627930e-01
9.350865334272384644e-02
4.460951983928680420e-01
6.875363588333129883e-01
1.237349510192871094e-01
8.033993244171142578e-01
1.014118492603302002e-01
1.330865919589996338e-01
1.762915551662445068e-01
4.232638329267501831e-02
9.776028990745544434e-01
7.390391081571578979e-02
7.777419686317443848e-01
4.445930719375610352e-01
7.690753042697906494e-02
8.728496730327606201e-02
8.591938018798828125e-02
8.722458034753799438e-02
7.107455283403396606e-02
4.025396406650543213e-01
7.368485331535339355e-01
6.166281923651695251e-02
6.924237012863159180e-01
1.430936008691787720e-01
3.534058928489685059e-01
3.722184896469116211e-01
7.724687457084655762e-02
1.241681575775146484e-01
5.864306092262268066e-01
7.159864902496337891e-02
2.909193933010101318e-01
1.013216972351074219e-01
7.924734950065612793e-01
8.186809420585632324e-01
9.755335450172424316e-01
6.333100795745849609e-01
5.002412199974060059e-01
7.216061353683471680e-01
1.002977713942527771e-01
8.745699524879455566e-01
7.895739376544952393e-02
7.548137307167053223e-01
1.090069934725761414e-01
1.170118525624275208e-01
9.675696492195129395e-01
1.198811829090118408e-01
6.631242632865905762e-01
6.954185366630554199e-01
3.826102018356323242e-01
3.666645660996437073e-02
1.863843053579330444e-01
4.895067214965820312e-01
7.288968563079833984e-02
7.516752928495407104e-02
5.951574444770812988e-01
7.933804392814636230e-01
1.690614819526672363e-01
7.713081687688827515e-02
1.642220653593540192e-02
1.151246204972267151e-01
9.596891999244689941e-01
2.391843050718307495e-01
4.677907004952430725e-02
9.323814511299133301e-01
4.589428603649139404e-01
1.717042773962020874e-01
1.700008809566497803e-01
1.251112073659896851e-01
5.554801970720291138e-02
9.731496870517730713e-02
7.531326413154602051e-01
8.620494008064270020e-01
4.794353246688842773e-01
2.884451448917388916e-01
1.515994518995285034e-01
8.403569459915161133e-02
4.350512474775314331e-02
4.248910248279571533e-01
1.761306822299957275e-01
9.504652619361877441e-01
7.084823250770568848e-01
2.027612775564193726e-01
6.316249817609786987e-02
6.293491721153259277e-01
2.428805679082870483e-01
6.663050651550292969e-01
9.021144509315490723e-01
3.297474384307861328e-01
3.878577053546905518e-01
1.395094990730285645e-01
1.327587384730577469e-02
2.969920076429843903e-02
3.830932453274726868e-02
3.401719778776168823e-02
8.691173791885375977e-02
2.206087261438369751e-01
3.760087117552757263e-02
1.367546468973159790e-01
9.337264895439147949e-01
2.216508090496063232e-01
5.468954145908355713e-02
1.366890966892242432e-01
3.191359639167785645e-01
3.957878425717353821e-02
6.259151697158813477e-01
6.134737133979797363e-01
5.703725814819335938e-01
7.555819153785705566e-01
6.886061280965805054e-02
1.064785420894622803e-01
1.417120099067687988e-01
2.666330039501190186e-01
9.103165268898010254e-01
4.199003055691719055e-02
3.702275827527046204e-02
2.966658771038055420e-02
1.004158630967140198e-01
2.994805872440338135e-01
8.703165501356124878e-02
7.671528458595275879e-01
8.269727230072021484e-02
9.145071357488632202e-02
1.694199889898300171e-01
6.734405457973480225e-02
7.733809351921081543e-01
3.045668303966522217e-01
1.531094759702682495e-01
4.700050652027130127e-01
3.802641034126281738e-01
3.888610601425170898e-01
9.728875160217285156e-01
1.227367073297500610e-01
1.337237060070037842e-01
4.176187217235565186e-01
4.677443951368331909e-02
2.895750999450683594e-01
1.335006654262542725e-01
2.465685643255710602e-02
1.006746664643287659e-01
1.908245235681533813e-01
3.643702715635299683e-02
9.468144774436950684e-01
1.096524819731712341e-01
6.443514674901962280e-02
1.216053869575262070e-02
7.036376595497131348e-01
3.970788717269897461e-01
2.903757989406585693e-01
3.363043442368507385e-02
3.994333148002624512e-01
1.198612004518508911e-01
1.940919309854507446e-01
7.374101281166076660e-01
9.075075387954711914e-03
1.038846671581268311e-01
1.378453671932220459e-01
1.144428551197052002e-01
1.217465177178382874e-01
3.343151882290840149e-02
6.170139312744140625e-01
3.034750819206237793e-01
8.376741409301757812e-01
3.400764763355255127e-01
3.402329385280609131e-01
8.357224613428115845e-02
7.183306217193603516e-01
2.913922369480133057e-01
9.599437713623046875e-01
8.425216674804687500e-01
4.258054196834564209e-01
4.892881214618682861e-01
1.702306866645812988e-01
9.638038277626037598e-02
5.250104516744613647e-02
3.384671732783317566e-02
2.762790322303771973e-01
5.603265762329101562e-01
6.457610726356506348e-01
6.640651822090148926e-02
5.652396678924560547e-01
2.405633032321929932e-01
1.147920489311218262e-01
6.321199238300323486e-02
5.017168447375297546e-02
3.852362930774688721e-01
6.816260218620300293e-01
7.758824620395898819e-03
4.628196731209754944e-02
5.338974595069885254e-01
4.089874401688575745e-02
8.394166827201843262e-02
1.868816763162612915e-01
1.290454566478729248e-01
7.440662384033203125e-02
4.203911498188972473e-02
7.940440177917480469e-01
6.157074570655822754e-01
9.583465754985809326e-02
1.043161228299140930e-01
3.042908012866973877e-01
2.719380147755146027e-02
8.111258745193481445e-01
1.776165664196014404e-01
1.455932259559631348e-01
7.386023551225662231e-02
2.269207686185836792e-02
6.459212303161621094e-01
1.894081383943557739e-02
7.393188476562500000e-01
1.859804801642894745e-02
9.120545387268066406e-01
1.211260259151458740e-01
1.395200937986373901e-02
3.098290562629699707e-01
8.508787751197814941e-01
5.771804451942443848e-01
3.466317802667617798e-02
7.756279408931732178e-02
6.263397336006164551e-01
3.409635126590728760e-01
1.383473277091979980e-01
6.647523492574691772e-02
2.226891070604324341e-01
1.209064573049545288e-01
1.761726737022399902e-01
1.012199968099594116e-01
8.450293540954589844e-02
2.692099846899509430e-02
4.966293275356292725e-02
9.848271608352661133e-01
2.956378161907196045e-01
5.640667676925659180e-02
9.919499158859252930e-01
1.315256357192993164e-01
6.224123835563659668e-01
1.481796335428953171e-02
9.239437580108642578e-01
4.921301305294036865e-01
3.738728910684585571e-02
8.815431594848632812e-01
8.605778217315673828e-01
3.787575364112854004e-01
3.624794306233525276e-03
6.807463765144348145e-01
5.435671806335449219e-01
1.453662514686584473e-01
2.562138438224792480e-01
3.027513064444065094e-02
1.123154833912849426e-01
7.123450189828872681e-02
5.594975873827934265e-02
5.850791931152343750e-02
4.366424083709716797e-01
4.103971272706985474e-02
1.038854718208312988e-01
5.700692161917686462e-02
6.456953883171081543e-01
6.278346776962280273e-01
3.471141159534454346e-01
2.002781331539154053e-01
1.349921375513076782e-01
9.917019307613372803e-02
1.002221181988716125e-01
8.764727711677551270e-01
5.323104932904243469e-02
3.268571794033050537e-01
9.235735535621643066e-01
2.508447468280792236e-01
2.662347257137298584e-02
7.782649397850036621e-01
9.971491992473602295e-02
5.859081149101257324e-01
2.660021185874938965e-02
1.372583955526351929e-01
1.314646303653717041e-01
7.897432446479797363e-01
2.496391683816909790e-01
5.920970439910888672e-01
1.337237060070037842e-01
2.929636836051940918e-01
3.574616909027099609e-01
1.313554048538208008e-01
1.020671650767326355e-01
1.301060169935226440e-01
5.220434665679931641e-01
9.143491834402084351e-02
3.518238663673400879e-01
5.724195241928100586e-01
8.839995414018630981e-02
2.114716470241546631e-01
9.616249203681945801e-01
7.647105306386947632e-02
8.818259835243225098e-01
1.125707477331161499e-01
8.781969547271728516e-02
1.213863715529441833e-01
8.255681395530700684e-02
6.023630499839782715e-01
3.081285953521728516e-01
1.110813915729522705e-01
8.258627057075500488e-01
8.957305550575256348e-01
9.752090573310852051e-01
9.830391407012939453e-01
2.064271457493305206e-02
5.648139715194702148e-01
2.459635287523269653e-01
2.415105700492858887e-01
9.721139073371887207e-01
3.478850424289703369e-01
4.409053027629852295e-01
1.435343027114868164e-01
7.151817530393600464e-02
6.390485763549804688e-01
6.384689826518297195e-03
5.814368277788162231e-02
6.087157726287841797e-01
2.554838173091411591e-02
4.088846966624259949e-02
5.413936972618103027e-01
1.872077882289886475e-01
9.721573591232299805e-01
1.677409000694751740e-02
7.250031828880310059e-02
3.557129502296447754e-01
7.737313508987426758e-01
9.811124801635742188e-01
1.725547574460506439e-02
8.021612167358398438e-01
3.716379776597023010e-02
6.891013383865356445e-01
2.650076746940612793e-01
8.680619001388549805e-01
5.764166116714477539e-01
1.175757944583892822e-01
1.430902630090713501e-01
9.011519551277160645e-01
2.007448486983776093e-02
2.193819917738437653e-02
6.693717837333679199e-01
1.137372292578220367e-02
7.513578236103057861e-02
3.502414524555206299e-01
5.582375526428222656e-01
1.345437578856945038e-02
7.879844307899475098e-01
1.193537339568138123e-01
1.467966884374618530e-01
9.256452322006225586e-03
4.583299756050109863e-01
8.841503262519836426e-01
7.202343344688415527e-01
9.627874493598937988e-01
4.104221761226654053e-01
2.377914488315582275e-01
9.618020057678222656e-02
2.039960473775863647e-01
1.488541066646575928e-01
6.366489082574844360e-02
2.727808989584445953e-02
9.158439636230468750e-01
8.960020542144775391e-01
9.169703722000122070e-01
1.952045559883117676e-01
7.303155064582824707e-01
9.687019884586334229e-02
5.717746913433074951e-02
9.093165397644042969e-01
2.266588509082794189e-01
1.130952760577201843e-01
2.200529538094997406e-02
5.577943846583366394e-02
2.736995741724967957e-02
1.371418088674545288e-01
7.595612406730651855e-01
5.016430616378784180e-01
1.245729438960552216e-02
1.078041568398475647e-01
1.968118101358413696e-01
6.830457448959350586e-01
1.922296918928623199e-02
3.148247003555297852e-01
5.373265147209167480e-01
9.640612006187438965e-01
1.489683538675308228e-01
5.965507030487060547e-02
3.322131931781768799e-01
6.280073523521423340e-01
5.307450294494628906e-01
2.055860497057437897e-02
3.665449917316436768e-01
8.944054245948791504e-01
8.334382772445678711e-01
7.299858331680297852e-01
8.399602025747299194e-02
5.179772898554801941e-02
7.670713067054748535e-01
2.645397484302520752e-01
3.915220201015472412e-01
4.689764380455017090e-01
3.268114030361175537e-01
1.201897189021110535e-01
3.828263655304908752e-02
3.659233823418617249e-02
2.068673372268676758e-01
1.800456941127777100e-01
9.026669897139072418e-03
1.851461380720138550e-01
7.265694737434387207e-01
1.290686279535293579e-01
8.214244842529296875e-01
1.561049818992614746e-01
3.634169399738311768e-01
1.572187393903732300e-01
9.550482034683227539e-02
9.667675495147705078e-01
9.766942262649536133e-01
1.948185265064239502e-02
9.789600968360900879e-01
9.092085361480712891e-01
7.296233177185058594e-01
1.399057954549789429e-01
6.169326901435852051e-01
5.605559051036834717e-02
3.754482269287109375e-01
8.689807057380676270e-01
8.172284364700317383e-01
8.115112185478210449e-01
1.425968408584594727e-01
1.197104975581169128e-01
3.332661390304565430e-01
7.975760102272033691e-01
2.026115506887435913e-01
4.126751422882080078e-01
5.850038528442382812e-01
7.569806575775146484e-01
4.956193864345550537e-01
1.652923822402954102e-01
4.635138213634490967e-01
1.457324922084808350e-01
2.686888873577117920e-01
8.706278204917907715e-01
6.188880205154418945e-01
1.415796298533678055e-02
1.460302919149398804e-01
3.166731819510459900e-02
4.348058402538299561e-01
8.050260543823242188e-01
5.669901967048645020e-01
9.919333457946777344e-02
3.726601228117942810e-02
3.174137473106384277e-01
9.869462847709655762e-01
4.499940872192382812e-01
7.604693174362182617e-01
1.834119483828544617e-02
1.790725439786911011e-02
1.837128959596157074e-02
9.715320467948913574e-01
1.084815487265586853e-01
7.550021409988403320e-01
8.936400413513183594e-01
1.563934981822967529e-01
8.464056998491287231e-02
4.099858552217483521e-02
6.409830451011657715e-01
9.735333919525146484e-01
3.340776637196540833e-02
2.384726703166961670e-01
9.544197320938110352e-01
2.531938254833221436e-01
3.818257153034210205e-02
1.624824404716491699e-01
1.237081214785575867e-01
1.194345355033874512e-01
2.071933597326278687e-01
3.633866906166076660e-01
3.889781609177589417e-02
1.185191869735717773e-01
5.758982151746749878e-02
2.260256707668304443e-01
7.699747085571289062e-01
2.491317540407180786e-01
1.259694099426269531e-01
3.240316733717918396e-02
2.506054751574993134e-02
2.732207812368869781e-02
2.335465252399444580e-01
8.192002028226852417e-02
1.655637621879577637e-01
4.530781134963035583e-02
4.145354926586151123e-01
9.719243645668029785e-01
6.387364864349365234e-02
2.456137686967849731e-01
1.248446702957153320e-01
5.076123476028442383e-01
2.010136544704437256e-01
8.914284408092498779e-02
4.848149716854095459e-01
9.592232704162597656e-01
8.617892116308212280e-02
1.432459354400634766e-01
4.440632089972496033e-02
5.292726308107376099e-02
1.280678957700729370e-01
7.541210055351257324e-01
6.147614121437072754e-01
3.665066659450531006e-01
8.985189795494079590e-01
4.665352404117584229e-01
5.458363294601440430e-01
2.336549758911132812e-01
1.083134487271308899e-01
8.495290279388427734e-01
4.058149829506874084e-02
9.773759171366691589e-03
9.121590852737426758e-01
9.203174710273742676e-01
8.573722243309020996e-01
7.883210778236389160e-01
4.210929200053215027e-02
5.441244840621948242e-01
6.680814176797866821e-02
1.272895485162734985e-01
5.739985704421997070e-01
5.095402896404266357e-02
5.460943281650543213e-02
5.350254848599433899e-02
9.029090404510498047e-02
8.655634522438049316e-01
5.862086415290832520e-01
5.155526399612426758e-01
6.042074784636497498e-02
8.387523293495178223e-01
9.092755317687988281e-01
1.350318789482116699e-01
9.724422693252563477e-01
6.784752011299133301e-01
3.369426727294921875e-01
3.938599303364753723e-02
8.839288949966430664e-01
2.036238014698028564e-01
1.221948489546775818e-01
8.550753593444824219e-01
2.922369837760925293e-01
8.128206133842468262e-01
7.241987437009811401e-02
2.001694440841674805e-01
6.341471672058105469e-01
6.433439254760742188e-01
6.487901210784912109e-01
9.266614317893981934e-01
1.340405046939849854e-01
2.135851979255676270e-01
1.228362694382667542e-02
9.097955822944641113e-01
1.008043289184570312e-01
2.261061966419219971e-02
9.283446073532104492e-01
7.269936203956604004e-01
8.161542415618896484e-01
4.426524043083190918e-02
6.960102319717407227e-01
5.106232166290283203e-01
7.300397753715515137e-01
2.837174534797668457e-01
7.431765198707580566e-01
1.040700823068618774e-02
5.041086673736572266e-01
2.280842699110507965e-02
6.354112625122070312e-01
3.600668534636497498e-02
3.293228149414062500e-01
5.343288779258728027e-01
1.993014216423034668e-01
3.405930101871490479e-01
1.089518368244171143e-01
5.112665891647338867e-01
8.836589455604553223e-01
2.975880205631256104e-01
4.420175850391387939e-01
3.104986436665058136e-02
6.718193888664245605e-01
8.211461901664733887e-01
5.099814534187316895e-01
2.415227890014648438e-01
1.631468534469604492e-01
2.747423574328422546e-02
1.366725116968154907e-01
4.908489808440208435e-02
2.085947394371032715e-01
9.749700427055358887e-01
3.051758110523223877e-01
9.141415357589721680e-01
1.532353460788726807e-01
7.858777642250061035e-01
1.667981594800949097e-01
1.414057612419128418e-01
3.559147194027900696e-02
2.338219620287418365e-02
1.880522221326828003e-01
9.544510245323181152e-01
9.045066237449645996e-01
4.238793551921844482e-01
6.534519046545028687e-02
7.625769376754760742e-01
9.676110148429870605e-01
6.910811662673950195e-01
9.563954174518585205e-02
2.634678184986114502e-01
7.969090938568115234e-01
3.053178191184997559e-01
8.634822368621826172e-01
1.902923546731472015e-02
9.416317939758300781e-01
8.818937540054321289e-01
1.076285839080810547e-01
9.265380501747131348e-01
6.372562646865844727e-01
1.265382207930088043e-02
3.152320981025695801e-01
2.750477194786071777e-01
8.895908594131469727e-01
1.055751964449882507e-01
5.221896171569824219e-01
1.143936142325401306e-01
1.436563879251480103e-01
6.317818760871887207e-01
9.717373251914978027e-01
6.458029150962829590e-01
1.479125022888183594e-02
1.084146425127983093e-01
6.615363955497741699e-01
4.033804833889007568e-01
5.334232449531555176e-01
1.420444846153259277e-01
9.209284931421279907e-02
6.788735389709472656e-01
8.766340017318725586e-01
3.129246085882186890e-02
1.111457943916320801e-01
1.337237060070037842e-01
1.143511198461055756e-02
8.791328966617584229e-02
9.124821424484252930e-02
8.031686544418334961e-01
2.873145043849945068e-01
1.625620201230049133e-02
3.739895522594451904e-01
5.272008776664733887e-01
7.046888023614883423e-02
2.326956093311309814e-01
7.608042657375335693e-02
4.885660707950592041e-01
2.864193916320800781e-01
8.563007414340972900e-02
4.091248810291290283e-01
2.576480247080326080e-02
4.307802021503448486e-01
1.256581544876098633e-01
7.873220741748809814e-02
6.563355773687362671e-02
3.423609212040901184e-02
2.306882739067077637e-01
9.334845095872879028e-02
4.506935924291610718e-02
1.085745319724082947e-01
4.091615974903106689e-01
5.089033246040344238e-01
2.260603606700897217e-01
3.914519026875495911e-02
7.730092853307723999e-02
6.847168207168579102e-01
5.884333252906799316e-01
3.363715112209320068e-02
9.885341525077819824e-01
5.654644370079040527e-01
2.791626751422882080e-01
4.161237552762031555e-02
2.080208361148834229e-01
4.318311437964439392e-02
6.279107183218002319e-02
9.122736006975173950e-02
5.039322003722190857e-02
6.379554867744445801e-01
9.689832329750061035e-01
8.956189751625061035e-01
1.206758618354797363e-01
1.718206852674484253e-01
1.536763757467269897e-01
2.111252695322036743e-01
7.825875282287597656e-01
3.256820738315582275e-01
7.842255234718322754e-01
3.061308860778808594e-01
9.755678176879882812e-01
5.894602462649345398e-02
1.633530855178833008e-01
9.399177432060241699e-01
9.972002357244491577e-02
9.056910276412963867e-01
6.183739900588989258e-01
7.050704360008239746e-01
1.511684060096740723e-01
9.534323811531066895e-01
6.932383179664611816e-01
2.227002680301666260e-01
8.191108703613281250e-01
2.294442653656005859e-01
7.520002126693725586e-01
2.469470053911209106e-01
5.566220730543136597e-02
7.767445873469114304e-03
5.761013031005859375e-01
9.915156662464141846e-02
7.098393887281417847e-02
1.961693018674850464e-01
9.719564318656921387e-01
7.746669650077819824e-02
1.469288207590579987e-02
9.416801482439041138e-02
3.157639876008033752e-02
1.906802505254745483e-01
6.714009493589401245e-02
1.095921918749809265e-01
1.577249914407730103e-02
6.480816602706909180e-01
4.358951747417449951e-01
7.731807827949523926e-01
8.976197242736816406e-01
9.378530383110046387e-01
7.405819743871688843e-02
4.905758798122406006e-02
3.004591763019561768e-01
8.624376654624938965e-01
4.033213481307029724e-02
5.194340944290161133e-01
6.503854393959045410e-01
1.061497163027524948e-02
9.395883083343505859e-01
5.165630951523780823e-02
6.049221754074096680e-01
1.471857633441686630e-02
4.038585722446441650e-01
3.621328771114349365e-01
7.855949997901916504e-01
4.337208718061447144e-02
5.145438313484191895e-01
7.185923308134078979e-02
2.515335083007812500e-01
5.108685493469238281e-01
4.024321958422660828e-02
5.074209570884704590e-01
1.153234168887138367e-01
2.287149429321289062e-02
1.261978000402450562e-01
1.396061778068542480e-01
7.192963957786560059e-01
2.094205468893051147e-01
9.492090940475463867e-01
5.369832515716552734e-01
1.010308340191841125e-01
