1.415043789893388748e-02
8.423897624015808105e-01
3.621146082878112793e-02
5.670385956764221191e-01
3.667046502232551575e-02
4.649195820093154907e-02
4.265967905521392822e-01
7.132219523191452026e-02
8.753020763397216797e-01
7.374377548694610596e-02
5.064334273338317871e-01
1.336095631122589111e-01
6.480741500854492188e-01
4.733121693134307861e-01
1.015996932983398438e-01
1.895010620355606079e-01
1.128313690423965454e-01
5.699450373649597168e-01
9.795178174972534180e-01
2.601054310798645020e-01
7.572287321090698242e-01
8.596540093421936035e-01
7.805508375167846680e-02
1.210760399699211121e-01
5.336803793907165527e-01
1.156719028949737549e-02
7.354305386543273926e-01
1.346217542886734009e-01
3.529091179370880127e-01
2.485862374305725098e-01
1.808313131332397461e-01
6.362024229019880295e-03
6.639828681945800781e-01
3.139245510101318359e-02
1.679434776306152344e-01
6.971288472414016724e-02
1.242374181747436523e-01
1.211897656321525574e-01
3.669098317623138428e-01
9.428211450576782227e-01
4.234074056148529053e-02
1.111324727535247803e-01
8.736681193113327026e-02
1.694071590900421143e-01
9.078154340386390686e-03
7.407963275909423828e-02
1.326740533113479614e-01
2.524572014808654785e-01
1.121875457465648651e-02
8.077698945999145508e-01
1.705920249223709106e-01
2.429021894931793213e-02
7.991079241037368774e-02
1.755405515432357788e-01
4.890556633472442627e-02
2.149095200002193451e-02
8.834694027900695801e-01
6.452807784080505371e-02
9.844845533370971680e-02
1.635173708200454712e-01
4.304907917976379395e-01
1.339918226003646851e-01
1.249665394425392151e-02
9.741383045911788940e-02
9.792627394199371338e-02
1.726125776767730713e-01
3.299067914485931396e-02
8.004557341337203979e-02
4.451931118965148926e-01
7.862730324268341064e-02
5.234878510236740112e-02
7.060365676879882812e-01
5.872918367385864258e-01
2.049057744443416595e-02
5.066323280334472656e-01
8.096428960561752319e-02
8.472979068756103516e-03
4.499139729887247086e-03
1.218037977814674377e-01
8.038885146379470825e-02
7.999815344810485840e-01
1.656947135925292969e-01
7.817295193672180176e-01
8.790583610534667969e-01
9.792215228080749512e-01
5.442748069763183594e-01
4.195907339453697205e-02
5.127182602882385254e-02
5.571125745773315430e-01
2.790095508098602295e-01
7.352232336997985840e-01
6.608414649963378906e-02
1.148255839943885803e-01
4.390092492103576660e-01
2.091744840145111084e-01
5.539981722831726074e-01
5.371221899986267090e-01
6.485145092010498047e-01
6.966914236545562744e-02
3.463617339730262756e-02
5.889905095100402832e-01
7.871279120445251465e-02
3.190111815929412842e-01
1.485210955142974854e-01
5.366948843002319336e-01
1.005424037575721741e-01
3.472442552447319031e-02
2.559265792369842529e-01
3.682925999164581299e-01
2.810041606426239014e-01
1.531129181385040283e-01
1.458934321999549866e-02
2.883743494749069214e-02
9.344106316566467285e-01
7.104117423295974731e-02
8.995583653450012207e-02
9.028218388557434082e-01
1.780280470848083496e-02
2.049344927072525024e-01
6.715385913848876953e-01
5.856709089130163193e-03
7.338367402553558350e-02
2.264080941677093506e-01
7.753189206123352051e-01
8.562203049659729004e-01
1.498583517968654633e-02
8.300690352916717529e-02
3.826410323381423950e-02
1.139380503445863724e-02
5.748667940497398376e-02
9.570358991622924805e-01
7.830180227756500244e-02
9.013890027999877930e-01
2.927230298519134521e-01
5.408049821853637695e-01
6.416853070259094238e-01
8.741496205329895020e-01
8.233585208654403687e-02
5.197631716728210449e-01
3.084973990917205811e-02
6.451361179351806641e-01
4.190373420715332031e-01
3.135652840137481689e-01
3.055894076824188232e-01
1.854347884654998779e-01
1.735486835241317749e-02
6.533499360084533691e-01
3.735634684562683105e-01
5.546722412109375000e-01
1.251638829708099365e-01
6.457977741956710815e-02
7.524886727333068848e-02
1.151401177048683167e-01
3.512299060821533203e-01
1.562575697898864746e-01
1.367866247892379761e-01
1.459311246871948242e-01
5.895313620567321777e-02
2.580451369285583496e-01
7.733642458915710449e-01
1.806231588125228882e-01
7.893797159194946289e-01
8.654913306236267090e-02
2.401335686445236206e-01
5.717148780822753906e-01
4.975402951240539551e-01
3.588783442974090576e-01
3.565685153007507324e-01
5.764534696936607361e-02
7.593294382095336914e-01
4.954608529806137085e-02
4.265131801366806030e-02
4.542254209518432617e-01
6.237105131149291992e-01
5.305112525820732117e-02
9.434437155723571777e-01
3.739815354347229004e-01
2.540492080152034760e-02
6.725843548774719238e-01
2.586085498332977295e-01
5.992227792739868164e-02
7.857204414904117584e-03
3.237641230225563049e-02
2.339895069599151611e-01
6.597692519426345825e-02
8.983490616083145142e-02
4.108613133430480957e-01
6.121153235435485840e-01
5.613673925399780273e-01
5.560865402221679688e-01
6.015271693468093872e-02
9.466764330863952637e-01
5.632473528385162354e-02
6.908579468727111816e-01
3.273415565490722656e-01
6.358638405799865723e-01
4.355832561850547791e-02
1.349517554044723511e-01
6.627176403999328613e-01
1.022145058959722519e-02
1.771250553429126740e-02
8.993346244096755981e-03
8.424177169799804688e-01
1.952512711286544800e-01
8.492200374603271484e-01
9.487801194190979004e-01
6.141015887260437012e-01
3.810665383934974670e-02
9.861537218093872070e-01
3.221382796764373779e-01
5.501552671194076538e-02
1.278878003358840942e-02
5.622870102524757385e-02
5.875896215438842773e-01
1.437761187553405762e-01
7.254586555063724518e-03
3.624444901943206787e-01
5.913057327270507812e-01
8.745446801185607910e-01
1.835567131638526917e-02
8.779185414314270020e-01
9.813171625137329102e-01
6.278294324874877930e-01
9.215051680803298950e-02
2.493378333747386932e-02
9.297137707471847534e-02
7.478322386741638184e-01
4.611295163631439209e-01
1.071005091071128845e-01
4.500121474266052246e-01
5.142253041267395020e-01
9.346204996109008789e-01
5.427791923284530640e-02
8.508887290954589844e-01
6.958774328231811523e-01
3.511010110378265381e-01
7.121447324752807617e-01
9.608862400054931641e-01
1.094050630927085876e-01
3.648440539836883545e-01
6.898514032363891602e-01
7.269924879074096680e-02
1.985329687595367432e-01
8.542469143867492676e-02
1.156235933303833008e-01
1.168023720383644104e-01
2.067909389734268188e-02
9.783848524093627930e-01
4.962087795138359070e-02
7.162501215934753418e-01
4.691213369369506836e-01
6.539391726255416870e-02
8.179347217082977295e-02
7.518143951892852783e-02
5.763402953743934631e-02
4.088477045297622681e-02
3.632055222988128662e-01
4.757897853851318359e-01
7.984819263219833374e-02
5.634926557540893555e-01
1.246006190776824951e-01
3.665148615837097168e-01
3.491563200950622559e-01
8.485761284828186035e-02
1.555605679750442505e-01
4.783180952072143555e-01
1.345550864934921265e-01
1.703792512416839600e-01
1.214855760335922241e-01
6.063720583915710449e-01
7.557124495506286621e-01
9.499587416648864746e-01
5.064582824707031250e-01
2.636581957340240479e-01
6.649531722068786621e-01
4.449557885527610779e-02
8.459172844886779785e-01
9.277614206075668335e-02
7.601882219314575195e-01
1.202283874154090881e-01
1.213371902704238892e-01
9.649210572242736816e-01
4.361619055271148682e-02
5.031202435493469238e-01
5.004739761352539062e-01
2.152808308601379395e-01
2.236952632665634155e-02
4.196174815297126770e-02
4.073781073093414307e-01
5.351441353559494019e-02
6.583741307258605957e-02
6.429530382156372070e-01
7.159406542778015137e-01
1.820487082004547119e-01
3.570314496755599976e-02
1.596942171454429626e-02
3.278499469161033630e-02
8.506509065628051758e-01
2.698636651039123535e-01
4.808229207992553711e-02
9.280232191085815430e-01
3.969060480594635010e-01
1.060945466160774231e-01
1.187903508543968201e-01
1.047420278191566467e-01
5.293658375740051270e-02
3.870911896228790283e-02
4.778354763984680176e-01
8.479030728340148926e-01
5.730227828025817871e-01
2.361035495996475220e-01
5.718717351555824280e-02
8.423087000846862793e-02
4.248207062482833862e-02
5.568916797637939453e-01
2.660034894943237305e-01
9.559693336486816406e-01
7.512552738189697266e-01
2.319810688495635986e-01
1.803940720856189728e-02
6.763243675231933594e-01
2.019342035055160522e-01
4.232090115547180176e-01
8.953446149826049805e-01
3.771096467971801758e-01
3.410911858081817627e-01
1.039954051375389099e-01
8.046885021030902863e-03
2.232634648680686951e-02
5.276900157332420349e-02
3.411761298775672913e-02
6.278692185878753662e-02
2.598729133605957031e-01
2.322452887892723083e-02
1.220990940928459167e-01
9.131727218627929688e-01
2.193377166986465454e-01
5.042532086372375488e-02
1.559260636568069458e-01
2.620079219341278076e-01
2.644831500947475433e-02
4.610752761363983154e-01
5.461190342903137207e-01
4.726496636867523193e-01
7.870678305625915527e-01
6.212935596704483032e-02
1.577449887990951538e-01
1.960243135690689087e-01
1.765227913856506348e-01
8.743773698806762695e-01
1.513844076544046402e-02
4.531838372349739075e-02
3.391117602586746216e-02
8.440738916397094727e-02
3.677137196063995361e-01
8.317337930202484131e-02
7.730889320373535156e-01
3.334374725818634033e-02
1.067703366279602051e-01
2.023363411426544189e-01
3.783313930034637451e-02
6.194881796836853027e-01
9.740424901247024536e-02
6.416767090559005737e-02
4.899020195007324219e-01
2.098377048969268799e-01
2.346357256174087524e-01
9.703655242919921875e-01
1.171326041221618652e-01
9.179960936307907104e-02
2.314948886632919312e-01
1.642736978828907013e-02
2.691867351531982422e-01
7.553581148386001587e-02
3.070533834397792816e-02
1.127710714936256409e-01
5.205991491675376892e-02
3.187512606382369995e-02
9.594702124595642090e-01
1.298573315143585205e-01
9.281108528375625610e-02
1.131474040448665619e-02
6.772279143333435059e-01
3.420738279819488525e-01
1.934542506933212280e-01
4.259995371103286743e-02
3.454448282718658447e-01
1.051047518849372864e-01
9.002878516912460327e-02
5.026635527610778809e-01
1.072325836867094040e-02
9.451887011528015137e-02
1.374139040708541870e-01
1.216754913330078125e-01
7.500518858432769775e-02
2.487506903707981110e-02
5.715807080268859863e-01
1.595981121063232422e-01
7.987709641456604004e-01
1.960191577672958374e-01
2.482693195343017578e-01
1.149744540452957153e-01
7.562703490257263184e-01
1.993194520473480225e-01
9.299979209899902344e-01
8.130438923835754395e-01
4.968580901622772217e-01
5.184326171875000000e-01
1.585135012865066528e-01
5.474615469574928284e-02
8.140654116868972778e-02
2.293658256530761719e-02
1.706011146306991577e-01
3.043404817581176758e-01
6.691744923591613770e-01
5.853968858718872070e-02
2.532551884651184082e-01
6.071290746331214905e-02
1.872197240591049194e-01
3.690391406416893005e-02
2.939906157553195953e-02
4.416204988956451416e-01
7.067710757255554199e-01
3.349573118612170219e-03
3.011929430067539215e-02
4.420945048332214355e-01
3.392804041504859924e-02
5.841831862926483154e-02
2.889410853385925293e-01
1.018335670232772827e-01
7.573658972978591919e-02
3.838903084397315979e-02
8.032331466674804688e-01
6.819385886192321777e-01
6.958734244108200073e-02
1.083832532167434692e-01
3.720296621322631836e-01
1.977568306028842926e-02
6.799938678741455078e-01
2.508127391338348389e-01
2.486298233270645142e-01
4.514153674244880676e-02
1.922237686812877655e-02
5.908507704734802246e-01
2.069862373173236847e-02
7.089442014694213867e-01
1.423622388392686844e-02
6.908854842185974121e-01
1.282968074083328247e-01
1.590601168572902679e-02
1.843182146549224854e-01
7.991829514503479004e-01
4.416134059429168701e-01
5.751727148890495300e-02
9.760051220655441284e-02
4.302724599838256836e-01
3.829768598079681396e-01
8.166497945785522461e-02
3.464732691645622253e-02
1.996331512928009033e-01
1.130158677697181702e-01
1.840238571166992188e-01
1.103951781988143921e-01
5.523506551980972290e-02
2.366075478494167328e-02
1.875396631658077240e-02
8.903024792671203613e-01
2.780324518680572510e-01
5.619513243436813354e-02
9.848341941833496094e-01
1.724686324596405029e-01
5.012098550796508789e-01
9.338656440377235413e-03
8.026280999183654785e-01
4.282189905643463135e-01
8.548330515623092651e-03
8.820475339889526367e-01
8.785030841827392578e-01
5.698866248130798340e-01
3.688483964651823044e-03
6.761306524276733398e-01
4.575391113758087158e-01
1.460709720849990845e-01
1.929732859134674072e-01
3.797890990972518921e-02
9.722484648227691650e-02
6.011958047747612000e-02
6.912031769752502441e-02
7.424867153167724609e-02
3.688537478446960449e-01
7.031681388616561890e-02
7.657127082347869873e-02
6.076756119728088379e-02
6.553432941436767578e-01
4.945409893989562988e-01
2.797217369079589844e-01
1.327024698257446289e-01
1.427025496959686279e-01
5.536679923534393311e-02
1.214460656046867371e-01
8.482233285903930664e-01
6.326550990343093872e-02
5.534217357635498047e-01
8.975668549537658691e-01
1.224384084343910217e-01
1.781419850885868073e-02
6.577472090721130371e-01
5.073964595794677734e-02
7.167384028434753418e-01
2.330492809414863586e-02
2.631683647632598877e-02
9.188935905694961548e-02
7.954859137535095215e-01
2.255367338657379150e-01
5.598596930503845215e-01
9.179960936307907104e-02
2.597076594829559326e-01
4.139303565025329590e-01
1.200408488512039185e-01
7.367423921823501587e-02
1.286980956792831421e-01
4.957616925239562988e-01
5.393151566386222839e-02
3.390274643898010254e-01
5.221360921859741211e-01
7.459861040115356445e-02
3.390960395336151123e-01
9.643089175224304199e-01
7.697028666734695435e-02
8.109962940216064453e-01
1.672098189592361450e-01
2.904767543077468872e-02
1.500747650861740112e-01
3.458732366561889648e-02
5.091704726219177246e-01
4.391013979911804199e-01
3.590462729334831238e-02
7.841053009033203125e-01
9.278528094291687012e-01
9.788609147071838379e-01
9.795939922332763672e-01
1.950599811971187592e-02
4.297153055667877197e-01
2.921605706214904785e-01
2.532936632633209229e-01
9.646962881088256836e-01
3.840609192848205566e-01
2.474640011787414551e-01
1.197431609034538269e-01
2.558484859764575958e-02
6.366182565689086914e-01
4.793548956513404846e-03
1.341819483786821365e-02
6.656535267829895020e-01
2.374577149748802185e-02
3.748450055718421936e-02
5.035412311553955078e-01
3.255120813846588135e-01
9.768193364143371582e-01
9.948509745299816132e-03
7.674697786569595337e-02
3.138643205165863037e-01
7.832328677177429199e-01
9.804760813713073730e-01
1.528231147676706314e-02
7.802044749259948730e-01
3.799921274185180664e-02
4.651277065277099609e-01
2.567356526851654053e-01
8.516300320625305176e-01
4.995231330394744873e-01
1.206817105412483215e-01
9.818471968173980713e-02
9.074758887290954590e-01
1.829296909272670746e-02
1.658258400857448578e-02
7.153959274291992188e-01
4.741230979561805725e-03
4.395838081836700439e-02
3.073082566261291504e-01
4.864290952682495117e-01
1.272268500179052353e-02
8.103420138359069824e-01
1.765047907829284668e-01
1.206185370683670044e-01
8.119057863950729370e-03
3.720645606517791748e-01
8.726088404655456543e-01
7.209779024124145508e-01
7.276117205619812012e-01
3.586602509021759033e-01
1.303610205650329590e-01
4.255660623311996460e-02
1.028909236192703247e-01
1.738250851631164551e-01
2.648228965699672699e-02
2.908280491828918457e-02
8.580035567283630371e-01
9.053435325622558594e-01
8.181999325752258301e-01
8.527618646621704102e-02
5.154241919517517090e-01
7.466123998165130615e-02
5.367824807763099670e-02
8.916184902191162109e-01
1.545213758945465088e-01
7.948397099971771240e-02
2.040232904255390167e-02
2.940587513148784637e-02
2.972036972641944885e-02
1.322980076074600220e-01
8.237386941909790039e-01
2.022857517004013062e-01
1.119938120245933533e-02
9.544845670461654663e-02
1.820076853036880493e-01
5.535609126091003418e-01
1.694567501544952393e-02
3.171168863773345947e-01
3.916096985340118408e-01
8.606119155883789062e-01
9.179776161909103394e-02
4.421219602227210999e-02
3.590762317180633545e-01
5.588861107826232910e-01
3.824940919876098633e-01
8.525652810931205750e-03
3.111999928951263428e-01
9.064912199974060059e-01
6.267320513725280762e-01
4.091088175773620605e-01
6.464534252882003784e-02
5.184401571750640869e-02
8.820630908012390137e-01
2.141326218843460083e-01
3.152996897697448730e-01
3.266931176185607910e-01
3.636311888694763184e-01
5.832591652870178223e-02
3.773215413093566895e-02
3.817480802536010742e-02
4.198870360851287842e-01
1.767860949039459229e-01
3.880498930811882019e-03
4.578921571373939514e-02
7.286004424095153809e-01
9.950345754623413086e-02
8.068400621414184570e-01
5.726778507232666016e-02
2.231860458850860596e-01
4.515109956264495850e-02
8.438753336668014526e-02
8.161318302154541016e-01
9.431056380271911621e-01
7.633916102349758148e-03
9.803504943847656250e-01
9.058057069778442383e-01
6.187403202056884766e-01
2.050232291221618652e-01
5.917969942092895508e-01
3.460289910435676575e-02
3.875012397766113281e-01
7.674698233604431152e-01
8.330909013748168945e-01
8.540682792663574219e-01
1.334149986505508423e-01
4.505580291152000427e-02
2.752069234848022461e-01
7.342746853828430176e-01
1.015644446015357971e-01
9.212233871221542358e-02
5.176362395286560059e-01
6.858634352684020996e-01
3.860140740871429443e-01
1.729695647954940796e-01
3.900683224201202393e-01
1.247058138251304626e-01
3.578283190727233887e-01
4.104112982749938965e-01
5.578453540802001953e-01
9.436891414225101471e-03
2.476389855146408081e-01
2.863869629800319672e-02
4.929862022399902344e-01
7.531512975692749023e-01
2.132891565561294556e-01
7.482458651065826416e-02
5.850701034069061279e-02
4.188503324985504150e-01
9.882768988609313965e-01
3.798462748527526855e-01
7.520200610160827637e-01
2.474116533994674683e-02
1.648923382163047791e-02
2.268707565963268280e-02
9.695261716842651367e-01
5.863286182284355164e-02
5.815476179122924805e-01
4.695821404457092285e-01
3.136461377143859863e-01
5.768574029207229614e-02
3.985238447785377502e-02
5.853762626647949219e-01
9.452329874038696289e-01
3.469090908765792847e-02
5.208401009440422058e-02
9.434785246849060059e-01
1.118240803480148315e-01
3.460580483078956604e-02
1.434894353151321411e-01
1.352770477533340454e-01
7.806523889303207397e-02
1.433697491884231567e-01
2.799383401870727539e-01
3.310393914580345154e-02
3.857854381203651428e-02
8.154207468032836914e-02
7.124926894903182983e-02
6.976838707923889160e-01
1.974696218967437744e-01
8.013978600502014160e-02
1.586959883570671082e-02
3.873382508754730225e-02
2.656468190252780914e-02
2.088896632194519043e-01
8.981344103813171387e-02
1.824499517679214478e-01
2.017113566398620605e-02
2.219992130994796753e-01
9.732022285461425781e-01
1.746734604239463806e-02
6.910944730043411255e-02
1.070690006017684937e-01
2.797142565250396729e-01
1.897618770599365234e-01
2.532178163528442383e-02
4.394967257976531982e-01
9.580080509185791016e-01
8.420698344707489014e-02
1.638223379850387573e-01
5.545256659388542175e-02
6.526400148868560791e-02
1.548698097467422485e-01
6.607781648635864258e-01
6.064420342445373535e-01
4.232030808925628662e-01
9.086000323295593262e-01
2.785199284553527832e-01
4.314777851104736328e-01
2.385914474725723267e-01
5.050777643918991089e-02
7.450475692749023438e-01
1.841850765049457550e-02
8.827790617942810059e-03
9.116727113723754883e-01
8.658373355865478516e-01
7.417077422142028809e-01
6.929993629455566406e-01
4.425357282161712646e-02
5.304014086723327637e-01
5.973459035158157349e-02
1.310323476791381836e-01
4.309202432632446289e-01
6.232989206910133362e-02
6.154197826981544495e-02
5.471152439713478088e-02
9.363453090190887451e-02
8.361236453056335449e-01
3.994056880474090576e-01
2.873939871788024902e-01
5.994971841573715210e-02
8.622112274169921875e-01
7.938778400421142578e-01
1.264204680919647217e-01
9.521594047546386719e-01
5.943229198455810547e-01
4.027112722396850586e-01
2.771784365177154541e-02
8.734905123710632324e-01
6.081043556332588196e-02
1.191165372729301453e-01
8.362011909484863281e-01
2.709468007087707520e-01
7.251840829849243164e-01
5.746606737375259399e-02
2.343905717134475708e-01
3.850768804550170898e-01
5.285350084304809570e-01
5.237697958946228027e-01
9.542523026466369629e-01
1.018693670630455017e-01
2.548777461051940918e-01
1.258970238268375397e-02
8.887856602668762207e-01
7.260409742593765259e-02
2.689124643802642822e-02
9.383853077888488770e-01
8.473623991012573242e-01
5.229932069778442383e-01
3.862486407160758972e-02
4.372516274452209473e-01
3.988718390464782715e-01
7.374472022056579590e-01
1.502947807312011719e-01
7.651389837265014648e-01
1.001987326890230179e-02
3.340233564376831055e-01
2.250194549560546875e-02
5.403657555580139160e-01
4.485354945063591003e-02
3.676853179931640625e-01
3.714669644832611084e-01
1.668525040149688721e-01
2.007714509963989258e-01
1.715269684791564941e-02
6.394390463829040527e-01
8.141507506370544434e-01
1.027693599462509155e-01
5.544807314872741699e-01
2.723457477986812592e-02
4.505241811275482178e-01
8.441322445869445801e-01
3.676927685737609863e-01
2.575489580631256104e-01
1.399039924144744873e-01
1.990732178092002869e-02
1.035029515624046326e-01
3.204937651753425598e-02
1.653499305248260498e-01
9.763715863227844238e-01
2.454785257577896118e-01
8.092838525772094727e-01
1.258578151464462280e-01
6.079350709915161133e-01
1.359110772609710693e-01
8.214373886585235596e-02
2.556921169161796570e-02
2.026610076427459717e-02
1.004813909530639648e-01
9.515082240104675293e-01
8.725976943969726562e-01
9.137637168169021606e-02
1.999605447053909302e-02
7.360084056854248047e-01
9.621435403823852539e-01
4.826422035694122314e-01
8.759205788373947144e-02
1.501046568155288696e-01
7.314028143882751465e-01
1.536337435245513916e-01
7.051648497581481934e-01
1.424735598266124725e-02
9.383893013000488281e-01
9.109420180320739746e-01
1.078867614269256592e-01
8.622415065765380859e-01
5.011534690856933594e-01
1.196780055761337280e-02
3.509644865989685059e-01
3.897258937358856201e-01
8.487455248832702637e-01
1.095873340964317322e-01
3.980181515216827393e-01
1.777839064598083496e-01
9.381371736526489258e-02
6.717554330825805664e-01
8.634361028671264648e-01
6.381332874298095703e-01
1.020140107721090317e-02
1.170921474695205688e-01
4.951068460941314697e-01
2.443157285451889038e-01
5.705432891845703125e-01
1.221600025892257690e-01
7.703679054975509644e-02
7.599577307701110840e-01
9.275439977645874023e-01
3.008511848747730255e-02
7.445567101240158081e-02
9.179960936307907104e-02
1.025649812072515488e-02
7.508939504623413086e-02
6.309010833501815796e-02
7.509968876838684082e-01
1.739003360271453857e-01
9.282385930418968201e-03
3.358725607395172119e-01
3.248971998691558838e-01
1.718539744615554810e-02
3.424663543701171875e-01
2.688777819275856018e-02
4.505739808082580566e-01
2.684143185615539551e-01
7.835898548364639282e-02
3.808460533618927002e-01
2.354580536484718323e-02
2.608010470867156982e-01
1.104193776845932007e-01
4.132321476936340332e-02
5.638362467288970947e-02
2.589062415063381195e-02
2.835662961006164551e-01
8.343632519245147705e-02
4.260228201746940613e-02
6.184772774577140808e-02
2.582570612430572510e-01
5.542904734611511230e-01
2.112062275409698486e-01
5.062362551689147949e-02
6.442414224147796631e-02
4.514601826667785645e-01
5.111483931541442871e-01
3.455705940723419189e-02
9.885750412940979004e-01
7.573411464691162109e-01
2.276377528905868530e-01
3.181398287415504456e-02
2.255581021308898926e-01
4.763205349445343018e-02
8.159612119197845459e-02
6.171489134430885315e-02
6.041923165321350098e-02
6.129091382026672363e-01
8.500549793243408203e-01
8.294180631637573242e-01
7.785353809595108032e-02
1.343925595283508301e-01
1.621648520231246948e-01
2.847720086574554443e-01
7.013247013092041016e-01
1.995150148868560791e-01
6.414976716041564941e-01
2.469051331281661987e-01
9.779554009437561035e-01
2.867947518825531006e-02
1.050454303622245789e-01
9.373520612716674805e-01
2.000597119331359863e-01
7.550123333930969238e-01
4.703727066516876221e-01
4.766943454742431641e-01
7.083429396152496338e-02
9.294832944869995117e-01
7.617351412773132324e-01
2.603653967380523682e-01
8.904479146003723145e-01
1.941950023174285889e-01
6.461347341537475586e-01
1.353541463613510132e-01
3.587689995765686035e-02
7.451669313013553619e-03
4.224794805049896240e-01
4.639706388115882874e-02
2.969059534370899200e-02
1.554087996482849121e-01
9.712067842483520508e-01
9.291499108076095581e-02
1.948984898626804352e-02
7.950174063444137573e-02
2.114619500935077667e-02
1.476209908723831177e-01
8.642407506704330444e-02
7.184187322854995728e-02
1.184907183051109314e-02
3.108907938003540039e-01
1.945891827344894409e-01
7.186852693557739258e-01
8.725839257240295410e-01
9.448316097259521484e-01
8.615510165691375732e-02
4.968110844492912292e-02
2.824945747852325439e-01
8.307472467422485352e-01
3.275652602314949036e-02
3.338508009910583496e-01
3.848417699337005615e-01
7.937295362353324890e-03
9.347432255744934082e-01
3.471869602799415588e-02
2.866635620594024658e-01
9.308639913797378540e-03
1.920390427112579346e-01
3.748196959495544434e-01
6.210336685180664062e-01
2.417727746069431305e-02
3.810531497001647949e-01
6.742954999208450317e-02
3.093927502632141113e-01
3.764006495475769043e-01
3.083362244069576263e-02
3.519757986068725586e-01
9.222175925970077515e-02
1.396786794066429138e-02
1.546436846256256104e-01
5.203835666179656982e-02
4.465937614440917969e-01
2.746611833572387695e-01
9.159486889839172363e-01
4.994927942752838135e-01
8.589036017656326294e-02
