1.794933155179023743e-02
9.411824941635131836e-01
6.790114194154739380e-02
7.641524672508239746e-01
1.070459261536598206e-01
9.302539378404617310e-02
4.479214251041412354e-01
3.947126865386962891e-01
8.805834650993347168e-01
6.290783733129501343e-02
5.585147738456726074e-01
5.082094669342041016e-01
7.907225489616394043e-01
7.593659758567810059e-01
1.769711226224899292e-01
4.219910502433776855e-01
1.379333883523941040e-01
7.652276158332824707e-01
9.789712429046630859e-01
5.253760814666748047e-01
8.445944786071777344e-01
8.907681703567504883e-01
9.775502979755401611e-02
1.788966059684753418e-01
3.676117062568664551e-01
4.853451251983642578e-02
7.920995950698852539e-01
2.541693747043609619e-01
4.676981568336486816e-01
4.217543005943298340e-01
3.425934016704559326e-01
8.729768916964530945e-03
7.223169207572937012e-01
4.291431978344917297e-02
2.542680799961090088e-01
1.194506213068962097e-01
1.332445144653320312e-01
1.589076370000839233e-01
4.226644039154052734e-01
9.410253763198852539e-01
2.287646085023880005e-01
2.049426138401031494e-01
8.914094418287277222e-02
1.050975471735000610e-01
7.837045937776565552e-02
2.062783539295196533e-01
1.787810176610946655e-01
4.560285210609436035e-01
1.546026486903429031e-02
8.145768046379089355e-01
3.195867240428924561e-01
2.054811827838420868e-02
1.920061707496643066e-01
2.269147932529449463e-01
1.473677456378936768e-01
1.165547519922256470e-01
8.763947486877441406e-01
8.284263312816619873e-02
1.548375338315963745e-01
2.345884740352630615e-01
5.243223905563354492e-01
1.933216005563735962e-01
4.942904412746429443e-02
1.285140365362167358e-01
1.113073825836181641e-01
2.146784812211990356e-01
3.024918027222156525e-02
1.065690666437149048e-01
6.035720705986022949e-01
5.773854255676269531e-01
5.146756023168563843e-02
8.752933740615844727e-01
7.737882733345031738e-01
7.144625484943389893e-02
4.575861394405364990e-01
7.755006849765777588e-02
1.610904000699520111e-02
7.482142187654972076e-03
1.274758577346801758e-01
1.034998148679733276e-01
8.271895051002502441e-01
3.354488909244537354e-01
7.729282975196838379e-01
8.632201552391052246e-01
9.733840227127075195e-01
6.400800943374633789e-01
6.169797107577323914e-02
7.700820267200469971e-02
5.554865002632141113e-01
5.318677425384521484e-01
8.216405510902404785e-01
9.707639366388320923e-02
1.103820353746414185e-01
4.707508981227874756e-01
2.650876641273498535e-01
6.655946969985961914e-01
6.335282325744628906e-01
6.562333106994628906e-01
1.094238087534904480e-01
1.260604858398437500e-01
7.064428329467773438e-01
3.552198708057403564e-01
4.919632375240325928e-01
4.088371694087982178e-01
5.283020138740539551e-01
1.250249743461608887e-01
6.500712037086486816e-02
4.995933473110198975e-01
4.977002441883087158e-01
3.633323311805725098e-01
3.894182741641998291e-01
2.132536470890045166e-02
4.045634716749191284e-02
9.295380711555480957e-01
1.512999832630157471e-01
9.782307595014572144e-02
9.261868596076965332e-01
2.660156413912773132e-02
1.913225352764129639e-01
7.049056887626647949e-01
8.216241374611854553e-03
9.797242283821105957e-02
2.649005055427551270e-01
8.596563339233398438e-01
8.450543880462646484e-01
2.271310389041900635e-01
1.180279329419136047e-01
2.135078907012939453e-01
2.675064094364643097e-02
1.073044314980506897e-01
9.664516448974609375e-01
9.758712351322174072e-02
9.112346172332763672e-01
4.112557172775268555e-01
7.659594416618347168e-01
6.836169958114624023e-01
8.788753747940063477e-01
6.217259168624877930e-01
5.550124645233154297e-01
2.406132034957408905e-02
7.506316304206848145e-01
5.300472974777221680e-01
4.333674013614654541e-01
3.849020898342132568e-01
2.073289752006530762e-01
2.967489697039127350e-02
6.616138815879821777e-01
6.228539347648620605e-01
5.938233733177185059e-01
1.526237428188323975e-01
7.397422194480895996e-02
1.334476321935653687e-01
2.433244585990905762e-01
4.816342294216156006e-01
3.396878838539123535e-01
1.947149485349655151e-01
2.325542569160461426e-01
1.032746061682701111e-01
4.652173817157745361e-01
8.849043250083923340e-01
2.706730961799621582e-01
8.243526220321655273e-01
3.977533876895904541e-01
3.310501277446746826e-01
6.654859781265258789e-01
5.640792250633239746e-01
6.255976557731628418e-01
4.259299635887145996e-01
1.255567222833633423e-01
8.421986103057861328e-01
6.345594674348831177e-02
5.814381316304206848e-02
6.621395945549011230e-01
7.650664448738098145e-01
5.576464533805847168e-02
9.545981884002685547e-01
4.841172695159912109e-01
4.463449865579605103e-02
7.912523150444030762e-01
2.954579591751098633e-01
3.191744089126586914e-01
5.275330692529678345e-02
1.007722616195678711e-01
3.864294886589050293e-01
1.020008027553558350e-01
1.154416725039482117e-01
4.704181849956512451e-01
6.323563456535339355e-01
7.025856375694274902e-01
6.048626899719238281e-01
7.219569385051727295e-02
9.129837751388549805e-01
9.642516821622848511e-02
6.234744191169738770e-01
5.062791705131530762e-01
6.084375381469726562e-01
6.355939060449600220e-02
2.531318068504333496e-01
8.435940146446228027e-01
1.798571273684501648e-02
2.555157430469989777e-02
6.811394542455673218e-02
7.904871106147766113e-01
2.665328085422515869e-01
8.796381950378417969e-01
9.176443219184875488e-01
8.281576633453369141e-01
5.529173463582992554e-02
9.847674965858459473e-01
4.711514115333557129e-01
1.313691586256027222e-01
1.772438175976276398e-02
2.162638157606124878e-01
6.727510094642639160e-01
1.378114521503448486e-01
9.672285057604312897e-03
5.307651758193969727e-01
8.118523359298706055e-01
8.937779068946838379e-01
7.264865189790725708e-02
8.916061520576477051e-01
9.719381928443908691e-01
7.159487605094909668e-01
2.201392352581024170e-01
4.530885443091392517e-02
1.013372838497161865e-01
7.408697009086608887e-01
5.475072860717773438e-01
1.713095009326934814e-01
4.905693233013153076e-01
6.259022951126098633e-01
9.110718965530395508e-01
1.380100548267364502e-01
8.817014098167419434e-01
7.799350023269653320e-01
3.522026538848876953e-01
7.777483463287353516e-01
9.603173136711120605e-01
1.671199947595596313e-01
6.243506669998168945e-01
7.485057711601257324e-01
1.366124153137207031e-01
4.189928770065307617e-01
1.904166787862777710e-01
2.316965013742446899e-01
3.938639760017395020e-01
5.393249168992042542e-02
9.853119254112243652e-01
1.222806945443153381e-01
7.125054001808166504e-01
4.980595707893371582e-01
1.225796490907669067e-01
1.001534685492515564e-01
1.125607043504714966e-01
1.122280657291412354e-01
9.043592959642410278e-02
4.426033496856689453e-01
6.771640181541442871e-01
1.992673277854919434e-01
6.980895400047302246e-01
1.691866070032119751e-01
4.939927160739898682e-01
5.454087853431701660e-01
1.380639523267745972e-01
2.925491631031036377e-01
5.620783567428588867e-01
1.070265769958496094e-01
4.339948296546936035e-01
9.780205786228179932e-02
7.185516953468322754e-01
7.005177736282348633e-01
9.590854048728942871e-01
6.546465754508972168e-01
5.673363208770751953e-01
7.951896190643310547e-01
9.547571092844009399e-02
8.748395442962646484e-01
2.048078477382659912e-01
8.127148151397705078e-01
2.430606633424758911e-01
2.366254776716232300e-01
9.548911452293395996e-01
1.866699308156967163e-01
6.521197557449340820e-01
6.868876218795776367e-01
2.994660437107086182e-01
4.723844677209854126e-02
4.474748969078063965e-01
3.908285498619079590e-01
1.050667017698287964e-01
1.725932657718658447e-01
8.077151179313659668e-01
7.906960248947143555e-01
3.486960530281066895e-01
1.016526967287063599e-01
1.513210032135248184e-02
2.499501854181289673e-01
8.007877469062805176e-01
3.125054538249969482e-01
8.057592064142227173e-02
9.281466603279113770e-01
6.047531962394714355e-01
1.519511193037033081e-01
1.839875876903533936e-01
2.605966925621032715e-01
8.197704702615737915e-02
2.047222703695297241e-01
5.731526017189025879e-01
8.595229387283325195e-01
6.741540431976318359e-01
3.030886948108673096e-01
2.204156517982482910e-01
1.579541563987731934e-01
1.247427091002464294e-01
4.614824950695037842e-01
3.279090523719787598e-01
9.405461549758911133e-01
7.595930099487304688e-01
2.240539044141769409e-01
5.274997279047966003e-02
6.998363733291625977e-01
3.958218395709991455e-01
5.404788255691528320e-01
8.891034126281738281e-01
5.090944766998291016e-01
4.234859645366668701e-01
1.743491142988204956e-01
1.948637515306472778e-02
7.926743477582931519e-02
5.023493990302085876e-02
4.327201098203659058e-02
1.069564074277877808e-01
3.617077767848968506e-01
4.404293745756149292e-02
3.574877679347991943e-01
9.397389292716979980e-01
2.927767336368560791e-01
6.098391488194465637e-02
3.570007681846618652e-01
5.472409129142761230e-01
5.534917116165161133e-02
7.083371281623840332e-01
5.969301462173461914e-01
5.516472458839416504e-01
7.563998699188232422e-01
8.311811089515686035e-02
9.133769571781158447e-02
2.472092807292938232e-01
4.965052902698516846e-01
8.556146025657653809e-01
4.398075863718986511e-02
5.266707763075828552e-02
4.250387102365493774e-02
1.821576058864593506e-01
3.456669449806213379e-01
9.294136613607406616e-02
5.956215858459472656e-01
8.385845273733139038e-02
1.901092678308486938e-01
2.814952135086059570e-01
8.973592519760131836e-02
6.537438631057739258e-01
4.086328446865081787e-01
2.002385556697845459e-01
6.571310758590698242e-01
4.737481772899627686e-01
4.085318446159362793e-01
9.725590944290161133e-01
2.569482624530792236e-01
1.819564998149871826e-01
3.657266497611999512e-01
4.652083292603492737e-02
3.618467450141906738e-01
2.387221306562423706e-01
3.921550139784812927e-02
1.272788792848587036e-01
3.556530475616455078e-01
8.554312586784362793e-02
9.390594959259033203e-01
1.476510018110275269e-01
5.025983974337577820e-02
2.242191880941390991e-02
7.371969223022460938e-01
4.084250926971435547e-01
4.030949771404266357e-01
7.899452745914459229e-02
5.485665202140808105e-01
2.184131145477294922e-01
3.422082960605621338e-01
7.564861178398132324e-01
1.302807312458753586e-02
1.142456978559494019e-01
1.607585549354553223e-01
1.196274384856224060e-01
1.991689801216125488e-01
3.971799463033676147e-02
7.658077478408813477e-01
3.668710589408874512e-01
8.264922499656677246e-01
2.432451546192169189e-01
4.391429126262664795e-01
1.066762581467628479e-01
7.042294740676879883e-01
3.453224599361419678e-01
8.761050701141357422e-01
7.881529331207275391e-01
6.069339513778686523e-01
5.008813142776489258e-01
2.608945965766906738e-01
2.768318653106689453e-01
5.669832602143287659e-02
3.141921386122703552e-02
3.034186661243438721e-01
6.821667551994323730e-01
7.620190382003784180e-01
6.696434319019317627e-02
6.764473319053649902e-01
1.181003972887992859e-01
9.103385359048843384e-02
4.071865603327751160e-02
3.928021341562271118e-02
6.255918741226196289e-01
8.216232061386108398e-01
7.512941956520080566e-03
6.082944944500923157e-02
3.949859142303466797e-01
3.912319615483283997e-02
7.548432052135467529e-02
2.857535183429718018e-01
2.570834159851074219e-01
1.244359388947486877e-01
6.040864810347557068e-02
7.737925648689270020e-01
5.420778393745422363e-01
1.242112964391708374e-01
1.946222484111785889e-01
3.654235005378723145e-01
3.662502393126487732e-02
7.471403479576110840e-01
5.491406917572021484e-01
3.411782979965209961e-01
9.832029044628143311e-02
2.081277593970298767e-02
6.598152518272399902e-01
4.374646022915840149e-02
6.874527931213378906e-01
2.695658802986145020e-02
7.151321768760681152e-01
1.322541832923889160e-01
1.800104416906833649e-02
5.039461851119995117e-01
8.760675787925720215e-01
6.320167779922485352e-01
1.285773813724517822e-01
1.082345694303512573e-01
6.992745399475097656e-01
5.344468355178833008e-01
2.143905460834503174e-01
6.152561306953430176e-02
4.144275188446044922e-01
2.237403839826583862e-01
1.895591467618942261e-01
9.370189160108566284e-02
1.673583090305328369e-01
3.139987215399742126e-02
1.215629801154136658e-01
9.141356945037841797e-01
4.143516123294830322e-01
5.580885335803031921e-02
9.814598560333251953e-01
3.297435641288757324e-01
5.467970967292785645e-01
1.503022015094757080e-02
8.899188041687011719e-01
5.427166223526000977e-01
4.489484801888465881e-02
8.925803899765014648e-01
8.902556896209716797e-01
6.943892240524291992e-01
5.550996400415897369e-03
6.591775417327880859e-01
6.439231634140014648e-01
1.875978112220764160e-01
2.484454661607742310e-01
4.220459237694740295e-02
1.388996392488479614e-01
1.756992489099502563e-01
8.433792740106582642e-02
9.536861628293991089e-02
4.676639437675476074e-01
5.691842362284660339e-02
2.365571558475494385e-01
5.542022734880447388e-02
7.050952911376953125e-01
6.327286362648010254e-01
3.164606392383575439e-01
2.143959403038024902e-01
2.335267513990402222e-01
1.527419686317443848e-01
1.966730207204818726e-01
8.562208414077758789e-01
9.039925783872604370e-02
6.685212254524230957e-01
9.121532440185546875e-01
3.452320992946624756e-01
2.110017463564872742e-02
5.745757818222045898e-01
1.908074617385864258e-01
7.120488882064819336e-01
3.369814902544021606e-02
1.918791532516479492e-01
1.120158135890960693e-01
8.132027983665466309e-01
2.755632996559143066e-01
7.041181921958923340e-01
1.819564998149871826e-01
3.399599492549896240e-01
5.016940832138061523e-01
2.335903793573379517e-01
3.045727908611297607e-01
2.124962210655212402e-01
6.810618042945861816e-01
8.114305138587951660e-02
3.867056667804718018e-01
7.810980081558227539e-01
7.732451707124710083e-02
4.345465302467346191e-01
9.423191547393798828e-01
1.079903095960617065e-01
7.757208347320556641e-01
1.763447225093841553e-01
1.906237900257110596e-01
1.444339305162429810e-01
5.738228559494018555e-02
6.392233371734619141e-01
4.553031921386718750e-01
1.531882882118225098e-01
7.909302711486816406e-01
8.954863548278808594e-01
9.546817541122436523e-01
9.586952328681945801e-01
3.711170330643653870e-02
5.816746354103088379e-01
3.445671796798706055e-01
4.948881864547729492e-01
9.523254036903381348e-01
4.488251805305480957e-01
4.776125848293304443e-01
2.821665108203887939e-01
1.085112392902374268e-01
8.150424957275390625e-01
7.924745790660381317e-03
5.978919565677642822e-02
6.960527300834655762e-01
3.229289874434471130e-02
5.755163729190826416e-02
4.032714664936065674e-01
2.714384496212005615e-01
9.732139706611633301e-01
1.439891383051872253e-02
9.697539359331130981e-02
3.068580925464630127e-01
7.805156707763671875e-01
9.754171371459960938e-01
2.054267749190330505e-02
8.649805188179016113e-01
6.384763866662979126e-02
6.218127012252807617e-01
3.370909392833709717e-01
8.445993661880493164e-01
4.945260584354400635e-01
1.338975280523300171e-01
1.677184700965881348e-01
8.965832591056823730e-01
2.137202396988868713e-02
2.600619196891784668e-02
7.608149051666259766e-01
1.340202614665031433e-02
2.976054251194000244e-01
5.340144038200378418e-01
5.957115292549133301e-01
2.117201499640941620e-02
7.707518935203552246e-01
1.682977527379989624e-01
1.458523720502853394e-01
1.897956803441047668e-02
4.063817560672760010e-01
8.731544613838195801e-01
7.867342233657836914e-01
8.702837228775024414e-01
5.094450116157531738e-01
3.702728450298309326e-01
1.238643601536750793e-01
1.630432605743408203e-01
1.697672605514526367e-01
1.009164080023765564e-01
2.986035495996475220e-02
8.185849189758300781e-01
8.952247500419616699e-01
8.778710961341857910e-01
1.565057188272476196e-01
7.587828636169433594e-01
8.128131181001663208e-02
5.776665359735488892e-02
9.191102385520935059e-01
2.078305482864379883e-01
1.462690979242324829e-01
3.256732970476150513e-02
5.373543128371238708e-02
3.922497108578681946e-02
1.910917609930038452e-01
8.024712800979614258e-01
6.069753170013427734e-01
1.809149608016014099e-02
1.772060543298721313e-01
4.056951105594635010e-01
6.291640996932983398e-01
2.663811109960079193e-02
4.197463989257812500e-01
4.940158724784851074e-01
8.589645028114318848e-01
2.132202833890914917e-01
7.596046477556228638e-02
4.436439573764801025e-01
6.440532207489013672e-01
6.651210188865661621e-01
3.383648023009300232e-02
5.252259969711303711e-01
9.462599754333496094e-01
8.522899746894836426e-01
6.766964793205261230e-01
1.057493537664413452e-01
6.695099920034408569e-02
8.233930468559265137e-01
3.487229049205780029e-01
6.351234912872314453e-01
5.844224095344543457e-01
3.968985080718994141e-01
1.076211631298065186e-01
5.731643736362457275e-02
4.535535722970962524e-02
4.254452288150787354e-01
1.704130172729492188e-01
9.405722841620445251e-03
2.383493483066558838e-01
7.358942627906799316e-01
3.427570760250091553e-01
8.202034831047058105e-01
2.669908106327056885e-01
3.359844386577606201e-01
2.031584233045578003e-01
1.234618127346038818e-01
8.515215516090393066e-01
9.119744300842285156e-01
1.582641154527664185e-02
9.662563800811767578e-01
9.215275049209594727e-01
7.640268206596374512e-01
2.090427279472351074e-01
6.381519436836242676e-01
6.297803670167922974e-02
4.025326371192932129e-01
7.872945666313171387e-01
8.089820146560668945e-01
7.848480939865112305e-01
2.326781153678894043e-01
3.284575045108795166e-01
5.308514833450317383e-01
7.064260244369506836e-01
1.919843554496765137e-01
3.366283178329467773e-01
5.340214967727661133e-01
6.879454851150512695e-01
5.026191473007202148e-01
2.052247971296310425e-01
6.435257196426391602e-01
1.877188980579376221e-01
3.098298907279968262e-01
6.326837539672851562e-01
6.089903116226196289e-01
1.328545901924371719e-02
2.274587750434875488e-01
5.376238748431205750e-02
5.195045471191406250e-01
7.394019365310668945e-01
4.902148842811584473e-01
1.078176796436309814e-01
7.176689803600311279e-02
4.417887926101684570e-01
9.790533185005187988e-01
6.850924491882324219e-01
7.960273623466491699e-01
2.906159684062004089e-02
3.264679387211799622e-02
2.778404578566551208e-02
9.514843821525573730e-01
2.827841639518737793e-01
6.790720820426940918e-01
6.812803745269775391e-01
2.995037138462066650e-01
1.024119406938552856e-01
5.897413194179534912e-02
7.262725830078125000e-01
9.279886484146118164e-01
3.568464517593383789e-02
2.517715096473693848e-01
9.386714100837707520e-01
3.474746942520141602e-01
4.869226366281509399e-02
1.555220782756805420e-01
1.588407307863235474e-01
2.128479182720184326e-01
4.733711779117584229e-01
4.047068655490875244e-01
4.553989693522453308e-02
1.417296230792999268e-01
9.174629300832748413e-02
1.819926947355270386e-01
7.184795737266540527e-01
3.694163858890533447e-01
1.702787727117538452e-01
6.056434288620948792e-02
3.518427908420562744e-02
4.018758237361907959e-02
3.690012097358703613e-01
1.736346632242202759e-01
2.027090042829513550e-01
7.213133573532104492e-02
4.593481123447418213e-01
9.735513329505920410e-01
5.460042878985404968e-02
2.032675594091415405e-01
1.601349413394927979e-01
4.287761747837066650e-01
2.606387734413146973e-01
1.295616179704666138e-01
5.661492347717285156e-01
9.447562694549560547e-01
1.520212441682815552e-01
2.727064490318298340e-01
6.076434999704360962e-02
7.724478095769882202e-02
2.051248103380203247e-01
7.814876437187194824e-01
6.487757563591003418e-01
4.473449885845184326e-01
9.129146337509155273e-01
4.762837290763854980e-01
6.559438705444335938e-01
3.855006396770477295e-01
1.233217492699623108e-01
8.546873927116394043e-01
6.863961368799209595e-02
1.363570056855678558e-02
9.222340583801269531e-01
8.880817294120788574e-01
8.191905021667480469e-01
7.910068631172180176e-01
4.525132104754447937e-02
6.802407503128051758e-01
5.881542712450027466e-02
1.591955274343490601e-01
5.385730862617492676e-01
6.216313689947128296e-02
6.966990977525711060e-02
1.147349253296852112e-01
2.147121578454971313e-01
8.439550995826721191e-01
5.690751671791076660e-01
6.214243173599243164e-01
8.155208826065063477e-02
8.458317518234252930e-01
7.097781896591186523e-01
1.865498125553131104e-01
9.542219638824462891e-01
5.363392233848571777e-01
4.695095121860504150e-01
5.477429553866386414e-02
9.250474572181701660e-01
2.600668072700500488e-01
1.515377610921859741e-01
8.630420565605163574e-01
3.186029195785522461e-01
7.940549254417419434e-01
7.247397303581237793e-02
4.400820434093475342e-01
6.640065312385559082e-01
5.761700272560119629e-01
7.612881064414978027e-01
9.260953664779663086e-01
1.870915740728378296e-01
4.077881574630737305e-01
1.287746895104646683e-02
8.554950356483459473e-01
1.233985796570777893e-01
3.516462817788124084e-02
9.375712275505065918e-01
8.144066929817199707e-01
7.875100374221801758e-01
7.691133767366409302e-02
6.291857361793518066e-01
5.417708158493041992e-01
7.450290918350219727e-01
2.798162400722503662e-01
8.194334506988525391e-01
2.046057209372520447e-02
4.627975821495056152e-01
2.519366331398487091e-02
6.509054899215698242e-01
4.464413598179817200e-02
3.684606850147247314e-01
5.788137912750244141e-01
2.006684243679046631e-01
2.779794633388519287e-01
1.986581236124038696e-01
5.223000645637512207e-01
8.704587817192077637e-01
3.448948264122009277e-01
5.109554529190063477e-01
5.217005312442779541e-02
6.287204027175903320e-01
8.710882067680358887e-01
7.540447115898132324e-01
2.683272361755371094e-01
2.371844798326492310e-01
5.321406573057174683e-02
1.809606403112411499e-01
5.667129904031753540e-02
3.151692152023315430e-01
9.766190648078918457e-01
2.820324599742889404e-01
8.817100524902343750e-01
1.970503479242324829e-01
8.692002296447753906e-01
2.471291720867156982e-01
2.511757910251617432e-01
4.947406053543090820e-02
3.049345873296260834e-02
5.988911390304565430e-01
9.208225011825561523e-01
9.269345998764038086e-01
2.968689203262329102e-01
9.819222986698150635e-02
6.912981271743774414e-01
9.582812190055847168e-01
7.428916096687316895e-01
1.256766617298126221e-01
3.592706918716430664e-01
7.934567928314208984e-01
4.802063703536987305e-01
7.774387598037719727e-01
4.742078855633735657e-02
9.496477246284484863e-01
8.516888618469238281e-01
2.371854782104492188e-01
9.176758527755737305e-01
6.852270960807800293e-01
1.641038805246353149e-02
4.392471313476562500e-01
5.155653953552246094e-01
8.908600211143493652e-01
1.211271435022354126e-01
4.659468531608581543e-01
2.139407843351364136e-01
3.308986127376556396e-01
6.396755576133728027e-01
8.482940196990966797e-01
6.672127246856689453e-01
1.680817641317844391e-02
2.149168103933334351e-01
5.823458433151245117e-01
4.766810238361358643e-01
6.654798984527587891e-01
1.379121243953704834e-01
1.457978338003158569e-01
7.960268855094909668e-01
8.718325495719909668e-01
3.571464493870735168e-02
1.244863271713256836e-01
1.819564998149871826e-01
1.307223550975322723e-02
9.509069472551345825e-02
1.818132102489471436e-01
7.535856962203979492e-01
4.570160806179046631e-01
1.435055956244468689e-02
4.413819015026092529e-01
5.805806517601013184e-01
5.456117168068885803e-02
2.144314944744110107e-01
7.247583568096160889e-02
5.052764415740966797e-01
2.560536563396453857e-01
9.366062283515930176e-02
4.513077139854431152e-01
2.821654081344604492e-02
6.029322743415832520e-01
2.318446636199951172e-01
8.779878914356231689e-02
3.805200010538101196e-02
4.508964344859123230e-02
2.911503314971923828e-01
1.472004652023315430e-01
3.857804834842681885e-02
1.817156523466110229e-01
3.685280382633209229e-01
6.375101208686828613e-01
2.338660359382629395e-01
5.882517993450164795e-02
8.910970389842987061e-02
5.915235280990600586e-01
6.609594821929931641e-01
4.075924307107925415e-02
9.844361543655395508e-01
7.564350366592407227e-01
2.464399188756942749e-01
3.794135525822639465e-02
2.955799996852874756e-01
4.308116436004638672e-02
5.708861723542213440e-02
2.557653784751892090e-01
1.470366269350051880e-01
5.811060070991516113e-01
8.572222590446472168e-01
8.118969202041625977e-01
2.210790812969207764e-01
3.589870333671569824e-01
1.338443905115127563e-01
3.095545768737792969e-01
6.653010249137878418e-01
2.821935713291168213e-01
7.114651203155517578e-01
2.768657207489013672e-01
9.709514379501342773e-01
6.044276058673858643e-02
4.704973399639129639e-01
9.422693252563476562e-01
1.315453797578811646e-01
8.370288014411926270e-01
5.761777162551879883e-01
7.001487612724304199e-01
1.126451566815376282e-01
9.569831490516662598e-01
8.396376967430114746e-01
5.805088877677917480e-01
8.850042819976806641e-01
2.801224291324615479e-01
7.896214127540588379e-01
2.326474487781524658e-01
7.584547996520996094e-02
1.085929106920957565e-02
5.466098189353942871e-01
1.535529792308807373e-01
8.263076096773147583e-02
2.145464867353439331e-01
9.534498453140258789e-01
1.002398878335952759e-01
2.287223376333713531e-02
8.428750932216644287e-02
2.564554102718830109e-02
2.669210433959960938e-01
1.521461009979248047e-01
9.065671265125274658e-02
1.865842379629611969e-02
7.117288112640380859e-01
3.499316871166229248e-01
8.263885378837585449e-01
8.605049848556518555e-01
9.590272903442382812e-01
1.952924281358718872e-01
1.000824347138404846e-01
3.314358890056610107e-01
7.623898386955261230e-01
4.573908820748329163e-02
4.185127615928649902e-01
7.063855528831481934e-01
1.452891342341899872e-02
9.385455250740051270e-01
4.863028973340988159e-02
5.501805543899536133e-01
2.216861397027969360e-02
4.524695575237274170e-01
4.749423265457153320e-01
7.772331833839416504e-01
6.517040729522705078e-02
5.182723402976989746e-01
8.806805312633514404e-02
5.028133988380432129e-01
5.140863060951232910e-01
1.484577506780624390e-01
4.524474740028381348e-01
1.437421441078186035e-01
1.742377318441867828e-02
2.614997327327728271e-01
7.194034010171890259e-02
5.635526776313781738e-01
1.917245388031005859e-01
9.180131554603576660e-01
5.823796987533569336e-01
1.263602972030639648e-01
