2.529477886855602264e-02
8.906286954879760742e-01
5.471892282366752625e-02
6.248204112052917480e-01
8.804044127464294434e-02
8.329175412654876709e-02
3.378209769725799561e-01
2.383042275905609131e-01
8.894546627998352051e-01
9.176790714263916016e-02
4.838376045227050781e-01
2.478399723768234253e-01
6.773912310600280762e-01
6.318829059600830078e-01
1.755228787660598755e-01
3.245002329349517822e-01
1.830096095800399780e-01
6.091927886009216309e-01
9.783065915107727051e-01
4.525942504405975342e-01
7.386510372161865234e-01
8.876866698265075684e-01
1.355746835470199585e-01
1.170340552926063538e-01
3.684615492820739746e-01
7.811909914016723633e-02
6.827657818794250488e-01
1.414126902818679810e-01
3.056402206420898438e-01
3.161596357822418213e-01
2.055290639400482178e-01
4.728326108306646347e-03
5.579372048377990723e-01
4.850010573863983154e-02
1.445127874612808228e-01
1.553639471530914307e-01
2.266024351119995117e-01
1.117399632930755615e-01
3.331044912338256836e-01
9.066055417060852051e-01
1.237321346998214722e-01
2.752622961997985840e-01
1.247053071856498718e-01
3.635966479778289795e-01
8.326032012701034546e-02
2.461078613996505737e-01
1.676212102174758911e-01
3.922013938426971436e-01
1.538212224841117859e-02
8.087832331657409668e-01
2.224126011133193970e-01
1.862765476107597351e-02
2.699455320835113525e-01
1.556005775928497314e-01
1.219609081745147705e-01
1.263259798288345337e-01
8.977424502372741699e-01
6.421218812465667725e-02
1.024726033210754395e-01
1.076598018407821655e-01
3.013347387313842773e-01
1.102131977677345276e-01
5.332226306200027466e-02
1.355308294296264648e-01
1.474748253822326660e-01
2.448854595422744751e-01
6.719664484262466431e-02
1.283842027187347412e-01
4.399347007274627686e-01
3.049388825893402100e-01
2.008112519979476929e-01
7.588980793952941895e-01
5.777974724769592285e-01
1.172691807150840759e-01
4.061407446861267090e-01
9.517093747854232788e-02
2.848622202873229980e-02
6.973193027079105377e-03
1.709722429513931274e-01
1.095728799700737000e-01
8.186165690422058105e-01
3.572720289230346680e-01
7.499071359634399414e-01
7.970835566520690918e-01
9.726855158805847168e-01
5.895174145698547363e-01
5.863347649574279785e-02
7.290443032979965210e-02
6.051204204559326172e-01
3.709814846515655518e-01
6.096289753913879395e-01
9.661788493394851685e-02
1.486558020114898682e-01
4.271895289421081543e-01
3.033807575702667236e-01
3.488414883613586426e-01
4.506228864192962646e-01
7.397664785385131836e-01
1.168920844793319702e-01
9.882939606904983521e-02
5.354393720626831055e-01
1.713914722204208374e-01
2.681509256362915039e-01
3.305323123931884766e-01
3.788210153579711914e-01
6.705516576766967773e-02
1.264792680740356445e-01
3.002871870994567871e-01
2.895268201828002930e-01
2.147768437862396240e-01
2.954238951206207275e-01
1.917875185608863831e-02
4.805162549018859863e-02
9.422348141670227051e-01
1.169617101550102234e-01
1.135672330856323242e-01
9.139469265937805176e-01
2.815837785601615906e-02
4.208198487758636475e-01
6.263100504875183105e-01
8.047224022448062897e-03
9.160971641540527344e-02
2.069468498229980469e-01
8.046187758445739746e-01
8.862651586532592773e-01
6.220026314258575439e-02
1.011807098984718323e-01
1.369368135929107666e-01
5.129518732428550720e-02
8.685670047998428345e-02
9.426410794258117676e-01
1.471122503280639648e-01
9.239473938941955566e-01
3.193133473396301270e-01
6.801112294197082520e-01
5.120120048522949219e-01
8.965849280357360840e-01
2.302204072475433350e-01
5.075578689575195312e-01
2.967442944645881653e-02
5.809537768363952637e-01
4.533331096172332764e-01
4.043187499046325684e-01
3.448570370674133301e-01
1.267199069261550903e-01
3.163895756006240845e-02
5.840105414390563965e-01
3.507627546787261963e-01
5.115194320678710938e-01
1.784111559391021729e-01
9.042625874280929565e-02
9.462823718786239624e-02
1.532340198755264282e-01
3.179446756839752197e-01
1.364559233188629150e-01
8.631221204996109009e-02
2.640870809555053711e-01
1.274848282337188721e-01
2.666610181331634521e-01
8.151587843894958496e-01
2.334594726562500000e-01
8.609717488288879395e-01
2.535576820373535156e-01
3.366645276546478271e-01
6.895310878753662109e-01
6.145846843719482422e-01
2.934207320213317871e-01
2.865121960639953613e-01
1.320522427558898926e-01
6.975370645523071289e-01
8.701581507921218872e-02
6.428962200880050659e-02
5.582348704338073730e-01
6.023023724555969238e-01
5.886728689074516296e-02
9.556010365486145020e-01
3.551071584224700928e-01
7.477559894323348999e-02
6.837372779846191406e-01
2.099144160747528076e-01
1.473572999238967896e-01
3.407380729913711548e-02
8.380697667598724365e-02
2.083659023046493530e-01
1.135532855987548828e-01
1.438596546649932861e-01
1.958732903003692627e-01
5.131574273109436035e-01
4.587983191013336182e-01
4.923584461212158203e-01
8.988887816667556763e-02
8.371907472610473633e-01
8.245114982128143311e-02
5.747702717781066895e-01
3.022811412811279297e-01
5.722274184226989746e-01
1.124258637428283691e-01
1.036654785275459290e-01
6.410442590713500977e-01
2.006370574235916138e-02
2.576054073870182037e-02
9.590674191713333130e-02
7.939134836196899414e-01
1.755870282649993896e-01
7.175410985946655273e-01
9.081675410270690918e-01
6.755700111389160156e-01
9.612394124269485474e-02
9.841743111610412598e-01
2.809772789478302002e-01
1.359626203775405884e-01
2.403902634978294373e-02
1.207312494516372681e-01
5.487689375877380371e-01
2.138130813837051392e-01
1.012669689953327179e-02
5.973944664001464844e-01
7.335979938507080078e-01
8.525805473327636719e-01
7.279125601053237915e-02
8.821956515312194824e-01
9.680526256561279297e-01
6.772314310073852539e-01
1.545431911945343018e-01
4.618019983172416687e-02
1.337816566228866577e-01
6.616826057434082031e-01
4.754431247711181641e-01
1.942745447158813477e-01
3.442295491695404053e-01
4.871720075607299805e-01
9.136340022087097168e-01
1.495528817176818848e-01
8.279932141304016113e-01
8.669859170913696289e-01
4.108423888683319092e-01
6.353948712348937988e-01
9.635977745056152344e-01
1.237124726176261902e-01
3.541333377361297607e-01
6.189548373222351074e-01
1.109644472599029541e-01
1.891771554946899414e-01
2.003343403339385986e-01
1.578346192836761475e-01
1.322234570980072021e-01
9.547904878854751587e-02
9.695894718170166016e-01
6.686563044786453247e-02
5.765521526336669922e-01
3.919899165630340576e-01
9.579645842313766479e-02
1.425635814666748047e-01
7.980277389287948608e-02
9.711192548274993896e-02
1.078453883528709412e-01
3.233070075511932373e-01
5.792377591133117676e-01
1.143763139843940735e-01
5.079049468040466309e-01
2.661183476448059082e-01
4.826388061046600342e-01
5.286641716957092285e-01
1.023931428790092468e-01
1.634093523025512695e-01
4.140651822090148926e-01
2.160687446594238281e-01
2.999996244907379150e-01
3.221160769462585449e-01
7.639991641044616699e-01
6.329535841941833496e-01
9.328680634498596191e-01
4.507153630256652832e-01
4.837226569652557373e-01
5.452250838279724121e-01
1.189013570547103882e-01
7.148662805557250977e-01
1.181985512375831604e-01
7.989529371261596680e-01
1.370869576930999756e-01
1.787816286087036133e-01
9.523211121559143066e-01
7.299628108739852905e-02
3.759638071060180664e-01
5.680603981018066406e-01
2.907299995422363281e-01
2.353905513882637024e-02
1.958848088979721069e-01
3.517016768455505371e-01
9.981001913547515869e-02
9.384024888277053833e-02
7.156989574432373047e-01
7.421330809593200684e-01
1.887147724628448486e-01
1.168949231505393982e-01
2.002410963177680969e-02
1.472250670194625854e-01
8.028545975685119629e-01
2.962380647659301758e-01
6.713944673538208008e-02
9.199770092964172363e-01
4.301342964172363281e-01
1.167057305574417114e-01
1.811427175998687744e-01
1.312170773744583130e-01
9.116197377443313599e-02
1.171700805425643921e-01
4.034561216831207275e-01
8.753911256790161133e-01
3.842265009880065918e-01
3.447213470935821533e-01
1.014919802546501160e-01
1.573093682527542114e-01
6.118638813495635986e-02
5.316678285598754883e-01
1.558689773082733154e-01
9.491670131683349609e-01
7.708514928817749023e-01
4.154373109340667725e-01
5.293475463986396790e-02
5.318564772605895996e-01
1.676984727382659912e-01
5.137484073638916016e-01
8.982926607131958008e-01
5.071682929992675781e-01
4.026002585887908936e-01
2.313867509365081787e-01
2.490268833935260773e-02
4.152784496545791626e-02
3.463165089488029480e-02
5.937013030052185059e-02
9.443096071481704712e-02
4.102277457714080811e-01
4.439964890480041504e-02
1.616790294647216797e-01
8.959889411926269531e-01
2.862268984317779541e-01
7.275228947401046753e-02
2.646936774253845215e-01
1.924396008253097534e-01
5.923576653003692627e-02
4.410035014152526855e-01
5.712567567825317383e-01
4.761695265769958496e-01
8.100500106811523438e-01
7.223686575889587402e-02
1.797256618738174438e-01
2.529478073120117188e-01
2.128929048776626587e-01
8.780174851417541504e-01
5.301840230822563171e-02
6.103684380650520325e-02
7.292330265045166016e-02
1.528280973434448242e-01
3.114769756793975830e-01
1.741142421960830688e-01
6.466013789176940918e-01
1.250133216381072998e-01
1.570819020271301270e-01
2.107145786285400391e-01
5.384211242198944092e-02
5.519362092018127441e-01
1.511470824480056763e-01
1.855159550905227661e-01
7.131596803665161133e-01
2.447223365306854248e-01
1.889912635087966919e-01
9.765148162841796875e-01
1.245526075363159180e-01
1.531566381454467773e-01
3.038867115974426270e-01
6.773746013641357422e-02
2.242176830768585205e-01
1.441944539546966553e-01
3.449143841862678528e-02
1.549006104469299316e-01
1.645376235246658325e-01
5.083377286791801453e-02
9.375547766685485840e-01
1.776748895645141602e-01
7.173780351877212524e-02
1.491810288280248642e-02
8.176814317703247070e-01
5.069850087165832520e-01
1.982928961515426636e-01
1.337298899888992310e-01
3.072768747806549072e-01
2.771715521812438965e-01
1.626083999872207642e-01
4.129566848278045654e-01
1.532886642962694168e-02
1.664689779281616211e-01
1.650218516588211060e-01
1.335850507020950317e-01
1.094370111823081970e-01
5.645593255758285522e-02
5.370944142341613770e-01
3.057948350906372070e-01
7.775232791900634766e-01
2.468449771404266357e-01
2.268535792827606201e-01
1.543709486722946167e-01
6.467422842979431152e-01
2.144434154033660889e-01
8.291866183280944824e-01
8.132322430610656738e-01
7.164909243583679199e-01
3.367592096328735352e-01
1.496393382549285889e-01
1.761986017227172852e-01
1.122227236628532410e-01
3.487448766827583313e-02
1.428779959678649902e-01
4.886082410812377930e-01
6.555119752883911133e-01
5.945046991109848022e-02
4.256436824798583984e-01
2.494364827871322632e-01
4.652718603610992432e-01
6.411143392324447632e-02
4.549480974674224854e-02
6.872668266296386719e-01
6.554229855537414551e-01
1.617528870701789856e-02
1.393678337335586548e-01
3.191433250904083252e-01
4.726537317037582397e-02
1.248237118124961853e-01
2.915186583995819092e-01
1.592976748943328857e-01
1.506494879722595215e-01
1.019317433238029480e-01
6.025706529617309570e-01
4.870575666427612305e-01
8.901543915271759033e-02
1.518715620040893555e-01
5.212644338607788086e-01
4.376386851072311401e-02
6.722488999366760254e-01
3.735980689525604248e-01
1.843557655811309814e-01
8.655348420143127441e-02
3.049989044666290283e-02
5.476459264755249023e-01
5.794587358832359314e-02
5.934650897979736328e-01
4.601918533444404602e-02
6.584408283233642578e-01
1.035627052187919617e-01
2.138005942106246948e-02
2.797381281852722168e-01
8.461172580718994141e-01
3.107804358005523682e-01
1.089125797152519226e-01
1.415252834558486938e-01
4.433827698230743408e-01
3.917038440704345703e-01
1.057473495602607727e-01
8.989865332841873169e-02
2.357565313577651978e-01
1.376348286867141724e-01
1.959606260061264038e-01
1.122695207595825195e-01
1.356022655963897705e-01
2.693236619234085083e-02
9.545280039310455322e-02
9.102305173873901367e-01
5.055367350578308105e-01
8.684381842613220215e-02
9.847803115844726562e-01
1.761943548917770386e-01
5.144696831703186035e-01
3.771528229117393494e-02
8.288679718971252441e-01
4.701521992683410645e-01
3.363144025206565857e-02
8.897768855094909668e-01
8.884999752044677734e-01
5.466415286064147949e-01
4.544905852526426315e-03
7.276529669761657715e-01
3.582769930362701416e-01
2.269095182418823242e-01
9.760314226150512695e-02
6.614158302545547485e-02
1.765712201595306396e-01
7.734250277280807495e-02
1.089828759431838989e-01
9.381258487701416016e-02
4.669020175933837891e-01
7.071211934089660645e-02
1.304710358381271362e-01
8.498969674110412598e-02
7.504210472106933594e-01
5.327213406562805176e-01
2.101585566997528076e-01
2.003278881311416626e-01
3.084530830383300781e-01
1.214202418923377991e-01
2.379038631916046143e-01
8.645646572113037109e-01
8.633489161729812622e-02
4.711415767669677734e-01
9.289369583129882812e-01
2.374723255634307861e-01
2.905724756419658661e-02
5.800463557243347168e-01
1.679801642894744873e-01
6.243458986282348633e-01
2.120590209960937500e-02
8.031151443719863892e-02
2.174285650253295898e-01
7.701422572135925293e-01
2.609726786613464355e-01
3.772039413452148438e-01
1.531566083431243896e-01
3.889896869659423828e-01
5.473738312721252441e-01
1.865570992231369019e-01
1.218808740377426147e-01
1.293892562389373779e-01
4.814403057098388672e-01
2.303632795810699463e-01
3.363044261932373047e-01
6.824601888656616211e-01
1.562144011259078979e-01
2.255582958459854126e-01
9.530838131904602051e-01
1.059843301773071289e-01
7.948492765426635742e-01
1.468660086393356323e-01
1.294720172882080078e-01
1.384087502956390381e-01
6.576567888259887695e-02
4.593951702117919922e-01
4.749307036399841309e-01
1.012826263904571533e-01
8.107557892799377441e-01
8.427298665046691895e-01
9.601162672042846680e-01
9.688045382499694824e-01
4.080766811966896057e-02
4.414940774440765381e-01
2.048727422952651978e-01
2.665572464466094971e-01
9.597972631454467773e-01
3.962341547012329102e-01
2.472060769796371460e-01
1.643182784318923950e-01
1.181292533874511719e-01
7.262425422668457031e-01
4.590979777276515961e-03
1.620275974273681641e-01
6.484128236770629883e-01
3.519643843173980713e-02
4.788714647293090820e-02
2.923778295516967773e-01
2.638201415538787842e-01
9.764334559440612793e-01
2.048331499099731445e-02
9.153684973716735840e-02
2.143298983573913574e-01
7.496408224105834961e-01
9.733884334564208984e-01
1.560001913458108902e-02
7.468851804733276367e-01
6.984450668096542358e-02
3.758043944835662842e-01
2.071374952793121338e-01
7.776458859443664551e-01
6.109682917594909668e-01
1.741734743118286133e-01
1.267149597406387329e-01
8.974726796150207520e-01
2.412722073495388031e-02
2.533780038356781006e-02
5.223222374916076660e-01
1.945578865706920624e-02
1.082195714116096497e-01
5.156389474868774414e-01
4.496713280677795410e-01
1.149150822311639786e-02
5.995358228683471680e-01
1.685612797737121582e-01
1.759750992059707642e-01
1.152884494513273239e-02
2.934769392013549805e-01
8.756417632102966309e-01
6.660438776016235352e-01
7.686614990234375000e-01
1.880925297737121582e-01
2.042889147996902466e-01
9.251099079847335815e-02
2.553341388702392578e-01
2.156938016414642334e-01
8.186954259872436523e-02
3.684113174676895142e-02
8.036546111106872559e-01
8.311684131622314453e-01
8.319378495216369629e-01
1.022935584187507629e-01
5.436079502105712891e-01
1.108580827713012695e-01
6.846345216035842896e-02
8.306789398193359375e-01
1.658506393432617188e-01
1.662532240152359009e-01
3.659324347972869873e-02
1.085121259093284607e-01
4.950851202011108398e-02
1.685041040182113647e-01
7.956047058105468750e-01
3.090103268623352051e-01
2.005072869360446930e-02
1.662673950195312500e-01
2.214597016572952271e-01
4.925882816314697266e-01
2.762727625668048859e-02
2.341547459363937378e-01
4.258743822574615479e-01
8.708222508430480957e-01
1.509968489408493042e-01
8.522050082683563232e-02
2.890550494194030762e-01
7.000209093093872070e-01
4.439324438571929932e-01
5.181766301393508911e-02
2.124373018741607666e-01
9.133769273757934570e-01
6.327864527702331543e-01
3.698781132698059082e-01
1.045303121209144592e-01
8.454412966966629028e-02
7.675911784172058105e-01
2.367412000894546509e-01
3.421846330165863037e-01
2.703944742679595947e-01
4.281482696533203125e-01
1.642680317163467407e-01
7.951873540878295898e-02
5.847330763936042786e-02
4.081385135650634766e-01
2.549103796482086182e-01
6.205293349921703339e-03
1.709930151700973511e-01
5.541660189628601074e-01
1.824604272842407227e-01
8.126422762870788574e-01
1.328234225511550903e-01
2.406368404626846313e-01
1.434445530176162720e-01
1.599984467029571533e-01
6.448879241943359375e-01
9.448917508125305176e-01
1.801283657550811768e-02
9.658666849136352539e-01
9.332391023635864258e-01
7.923070788383483887e-01
1.802962720394134521e-01
5.974880456924438477e-01
5.888887494802474976e-02
4.545113146305084229e-01
6.883513927459716797e-01
8.181815743446350098e-01
7.572756409645080566e-01
1.931516826152801514e-01
1.424770355224609375e-01
1.856775879859924316e-01
8.119246959686279297e-01
7.913970202207565308e-02
3.081733286380767822e-01
4.047332406044006348e-01
6.280793547630310059e-01
4.657778143882751465e-01
2.517116665840148926e-01
3.596119582653045654e-01
1.361905187368392944e-01
2.944894433021545410e-01
3.203584849834442139e-01
5.172886252403259277e-01
1.322771888226270676e-02
3.396986722946166992e-01
7.201363146305084229e-02
4.076531231403350830e-01
7.183712720870971680e-01
4.054635465145111084e-01
1.516810953617095947e-01
6.714212894439697266e-02
3.812717795372009277e-01
9.820380210876464844e-01
3.907676637172698975e-01
7.816386222839355469e-01
2.739031240344047546e-02
1.498009730130434036e-02
2.548675797879695892e-02
9.708223342895507812e-01
1.355929970741271973e-01
5.822021365165710449e-01
4.867069125175476074e-01
2.937141060829162598e-01
1.183376312255859375e-01
8.016300201416015625e-02
7.127436399459838867e-01
9.409369230270385742e-01
4.078157246112823486e-02
1.261283606290817261e-01
9.514915347099304199e-01
1.787206232547760010e-01
5.156914889812469482e-02
2.493290454149246216e-01
2.111833691596984863e-01
1.566802561283111572e-01
1.733015179634094238e-01
2.875459492206573486e-01
5.606769397854804993e-02
1.389934718608856201e-01
1.096801459789276123e-01
2.684321999549865723e-01
5.816017389297485352e-01
3.403519392013549805e-01
7.498117536306381226e-02
5.492946878075599670e-02
1.281732171773910522e-01
1.898334175348281860e-02
2.366749942302703857e-01
6.814358383417129517e-02
2.688683271408081055e-01
7.961310446262359619e-02
2.426586896181106567e-01
9.792880415916442871e-01
8.004945516586303711e-02
2.072782367467880249e-01
1.360141038894653320e-01
3.467503488063812256e-01
1.909941136837005615e-01
1.581215411424636841e-01
3.928470611572265625e-01
9.394307136535644531e-01
2.120478898286819458e-01
1.847866028547286987e-01
8.925364911556243896e-02
9.296271204948425293e-02
1.515100151300430298e-01
6.489734649658203125e-01
3.961988687515258789e-01
3.582903146743774414e-01
9.203250408172607422e-01
3.323244452476501465e-01
4.244596660137176514e-01
3.575361669063568115e-01
1.313617527484893799e-01
8.291596174240112305e-01
5.523664876818656921e-02
1.115292869508266449e-02
9.403843283653259277e-01
8.889022469520568848e-01
6.780461668968200684e-01
4.952287673950195312e-01
4.354162514209747314e-02
3.619097769260406494e-01
8.198375254869461060e-02
1.662212014198303223e-01
4.006909728050231934e-01
9.066053479909896851e-02
9.878180176019668579e-02
1.788183450698852539e-01
1.600213646888732910e-01
8.408053517341613770e-01
6.459572315216064453e-01
4.329915344715118408e-01
8.119072020053863525e-02
8.683953881263732910e-01
7.790777683258056641e-01
1.498736888170242310e-01
9.284023046493530273e-01
4.262983202934265137e-01
5.052751898765563965e-01
4.662937670946121216e-02
8.301789760589599609e-01
2.160180956125259399e-01
2.004804313182830811e-01
7.860120534896850586e-01
2.219579070806503296e-01
7.283926010131835938e-01
8.504255861043930054e-02
2.562750577926635742e-01
4.633024632930755615e-01
3.630834817886352539e-01
4.051940739154815674e-01
9.444302320480346680e-01
1.118154302239418030e-01
2.211493700742721558e-01
1.049808692187070847e-02
8.448719978332519531e-01
1.607954800128936768e-01
4.165405035018920898e-02
8.893368840217590332e-01
7.306635975837707520e-01
7.486876845359802246e-01
4.333111271262168884e-02
5.205094218254089355e-01
2.911478579044342041e-01
7.943800687789916992e-01
2.271039038896560669e-01
8.238092064857482910e-01
9.584181010723114014e-03
2.602086365222930908e-01
3.389556705951690674e-02
5.627732276916503906e-01
6.020176410675048828e-02
4.638698399066925049e-01
4.221109449863433838e-01
2.397238910198211670e-01
4.803054630756378174e-01
9.345076233148574829e-02
6.594120264053344727e-01
7.678755521774291992e-01
1.535074859857559204e-01
6.828511953353881836e-01
4.164554551243782043e-02
4.401766359806060791e-01
8.593180775642395020e-01
4.864532947540283203e-01
2.579354345798492432e-01
1.711746454238891602e-01
3.780131042003631592e-02
1.930881291627883911e-01
5.792777985334396362e-02
1.610995531082153320e-01
9.761373400688171387e-01
3.469602763652801514e-01
8.580237030982971191e-01
2.198729068040847778e-01
6.162699460983276367e-01
1.300231218338012695e-01
8.211228251457214355e-02
6.444331258535385132e-02
1.729911565780639648e-02
3.662527799606323242e-01
9.432374835014343262e-01
8.278685808181762695e-01
1.753145754337310791e-01
1.032106131315231323e-01
7.312200069427490234e-01
9.490166902542114258e-01
7.040088772773742676e-01
1.365793347358703613e-01
2.221944183111190796e-01
6.931330561637878418e-01
3.098342120647430420e-01
7.636200785636901855e-01
1.811524480581283569e-02
9.282920956611633301e-01
8.970732092857360840e-01
1.158345416188240051e-01
8.803978562355041504e-01
4.693805575370788574e-01
1.569656841456890106e-02
3.907563984394073486e-01
2.991434037685394287e-01
8.353455662727355957e-01
1.795898675918579102e-01
2.695552408695220947e-01
7.291234284639358521e-02
1.662307679653167725e-01
6.161389946937561035e-01
8.121443986892700195e-01
7.190322279930114746e-01
1.594928465783596039e-02
9.882453083992004395e-02
4.705521166324615479e-01
2.091435641050338745e-01
3.268577754497528076e-01
2.156626582145690918e-01
1.715338975191116333e-01
8.852235078811645508e-01
9.226179718971252441e-01
5.851382389664649963e-02
8.911276608705520630e-02
1.531566381454467773e-01
1.174305099993944168e-02
9.105923026800155640e-02
1.403247863054275513e-01
7.287624478340148926e-01
2.542121112346649170e-01
2.097323723137378693e-02
3.126626312732696533e-01
4.415166079998016357e-01
7.367242872714996338e-02
5.203201770782470703e-01
6.265772134065628052e-02
5.743288993835449219e-01
2.139108926057815552e-01
9.594959765672683716e-02
4.327515363693237305e-01
3.427272289991378784e-02
3.829568326473236084e-01
1.349403560161590576e-01
1.196370869874954224e-01
8.483813703060150146e-02
5.111443251371383667e-02
3.812875151634216309e-01
1.089197024703025818e-01
8.527696877717971802e-02
1.116238385438919067e-01
2.949688136577606201e-01
5.009025335311889648e-01
3.116532564163208008e-01
8.327750861644744873e-02
1.040658578276634216e-01
5.296391248703002930e-01
5.249496102333068848e-01
4.763241112232208252e-02
9.864646196365356445e-01
7.222207784652709961e-01
1.805320233106613159e-01
2.061676234006881714e-02
2.142936289310455322e-01
4.687482863664627075e-02
8.853632956743240356e-02
1.624408066272735596e-01
8.359000831842422485e-02
5.872640013694763184e-01
8.072363734245300293e-01
7.048201560974121094e-01
1.383234113454818726e-01
1.369507163763046265e-01
1.858588159084320068e-01
2.606650292873382568e-01
6.703817248344421387e-01
4.776359200477600098e-01
5.255240797996520996e-01
2.240062654018402100e-01
9.694461822509765625e-01
6.104627624154090881e-02
3.052535653114318848e-01
9.136428236961364746e-01
3.246930837631225586e-01
6.509379744529724121e-01
4.400124251842498779e-01
5.512776374816894531e-01
1.192838102579116821e-01
9.710721969604492188e-01
6.054682135581970215e-01
2.553199529647827148e-01
7.600046396255493164e-01
2.851543426513671875e-01
7.521525621414184570e-01
2.980196177959442139e-01
7.118038833141326904e-02
9.369321167469024658e-03
3.491980135440826416e-01
1.250647902488708496e-01
5.452920496463775635e-02
4.085668921470642090e-01
9.681041836738586426e-01
1.239032670855522156e-01
2.330385893583297729e-02
1.046401038765907288e-01
3.854060918092727661e-02
1.409574300050735474e-01
7.541095465421676636e-02
1.005075797438621521e-01
1.831141114234924316e-02
5.381571650505065918e-01
1.398485600948333740e-01
7.652802467346191406e-01
7.944828271865844727e-01
9.524328708648681641e-01
1.323017328977584839e-01
8.051198720932006836e-02
3.807864785194396973e-01
7.885134220123291016e-01
5.347706750035285950e-02
4.761714041233062744e-01
5.613861083984375000e-01
1.534630078822374344e-02
9.418464303016662598e-01
8.632858842611312866e-02
4.209468960762023926e-01
3.383298963308334351e-02
2.999783456325531006e-01
1.357652693986892700e-01
7.568100094795227051e-01
6.120439618825912476e-02
2.792352139949798584e-01
7.874478399753570557e-02
3.869021832942962646e-01
2.775790691375732422e-01
9.267169982194900513e-02
1.499267816543579102e-01
1.894003301858901978e-01
1.763062551617622375e-02
1.622053533792495728e-01
7.300419360399246216e-02
3.351017236709594727e-01
2.733649015426635742e-01
9.135364890098571777e-01
6.278710961341857910e-01
2.080273926258087158e-01
