2.288464084267616272e-02
8.712494373321533203e-01
7.594797015190124512e-02
5.543043613433837891e-01
6.659114360809326172e-02
7.866273820400238037e-02
4.949913322925567627e-01
3.092427849769592285e-01
8.643177151679992676e-01
1.562645733356475830e-01
4.352486431598663330e-01
3.852517902851104736e-01
7.580218911170959473e-01
5.920727252960205078e-01
2.230169624090194702e-01
3.897402882575988770e-01
1.799918562173843384e-01
7.007600665092468262e-01
9.757419824600219727e-01
4.840759932994842529e-01
8.271641731262207031e-01
8.722962737083435059e-01
9.950126707553863525e-02
9.118790924549102783e-02
4.681520164012908936e-01
1.166257932782173157e-01
6.717412471771240234e-01
3.050077557563781738e-01
2.917167246341705322e-01
3.013372123241424561e-01
2.769452333450317383e-01
7.067900151014328003e-03
6.513853669166564941e-01
5.962398275732994080e-02
2.551147043704986572e-01
1.553129255771636963e-01
2.379264533519744873e-01
1.641167551279067993e-01
3.883053660392761230e-01
9.170239567756652832e-01
2.198600769042968750e-01
2.142426371574401855e-01
1.134520694613456726e-01
6.902293860912322998e-02
1.117898076772689819e-01
2.517075836658477783e-01
2.135771811008453369e-01
3.346439003944396973e-01
2.013463526964187622e-02
9.182459115982055664e-01
1.699529141187667847e-01
2.578453347086906433e-02
3.388614058494567871e-01
2.467630207538604736e-01
1.621812433004379272e-01
1.540965884923934937e-01
8.820989727973937988e-01
7.617301493883132935e-02
1.290462911128997803e-01
2.852580547332763672e-01
3.561392426490783691e-01
1.468609720468521118e-01
1.057843267917633057e-01
1.388260275125503540e-01
1.215572878718376160e-01
2.387890070676803589e-01
5.997356399893760681e-02
1.575142443180084229e-01
4.461804330348968506e-01
4.259251654148101807e-01
2.086353115737438202e-02
6.249751448631286621e-01
6.432878971099853516e-01
1.640742123126983643e-01
5.815783739089965820e-01
7.625445723533630371e-02
1.149772759526968002e-02
8.767966181039810181e-03
1.564260423183441162e-01
1.096587255597114563e-01
8.483123779296875000e-01
3.505789935588836670e-01
7.733963727951049805e-01
8.870272636413574219e-01
9.784942865371704102e-01
5.985881090164184570e-01
4.355984553694725037e-02
1.440964192152023315e-01
5.892859697341918945e-01
4.311822652816772461e-01
7.032002210617065430e-01
1.010205969214439392e-01
1.508924216032028198e-01
5.339246988296508789e-01
3.057468533515930176e-01
5.020646452903747559e-01
4.859773218631744385e-01
6.784656643867492676e-01
9.036092460155487061e-02
1.645177751779556274e-01
7.442000508308410645e-01
3.111245930194854736e-01
3.630363643169403076e-01
3.099296391010284424e-01
4.341894984245300293e-01
1.639637947082519531e-01
9.001732617616653442e-02
3.219273388385772705e-01
3.720431923866271973e-01
3.005871772766113281e-01
3.858166933059692383e-01
2.524032443761825562e-02
4.602209106087684631e-02
9.277899265289306641e-01
2.253148257732391357e-01
1.141199022531509399e-01
9.301389455795288086e-01
5.781767144799232483e-02
1.479991227388381958e-01
7.300916314125061035e-01
1.008825749158859253e-02
9.950715303421020508e-02
2.850691676139831543e-01
7.490984201431274414e-01
8.529334068298339844e-01
2.173747420310974121e-01
1.434381902217864990e-01
1.250730752944946289e-01
7.697787880897521973e-02
1.125620901584625244e-01
9.518718719482421875e-01
1.897046566009521484e-01
9.115727543830871582e-01
3.812492787837982178e-01
5.190234780311584473e-01
6.263939142227172852e-01
9.007641077041625977e-01
4.075341522693634033e-01
5.700771808624267578e-01
1.362798083573579788e-02
6.314532756805419922e-01
4.932531416416168213e-01
5.034450888633728027e-01
4.018129110336303711e-01
2.217841595411300659e-01
3.602362051606178284e-02
5.456048250198364258e-01
4.694038331508636475e-01
5.118095874786376953e-01
2.920179963111877441e-01
8.608963340520858765e-02
2.147352546453475952e-01
3.035500943660736084e-01
3.067175745964050293e-01
2.908895313739776611e-01
1.160942837595939636e-01
1.964727193117141724e-01
1.269823014736175537e-01
3.310070633888244629e-01
7.984859943389892578e-01
3.737227618694305420e-01
8.251199722290039062e-01
3.297828733921051025e-01
3.023042678833007812e-01
7.448950409889221191e-01
5.227324366569519043e-01
4.342112541198730469e-01
4.209492802619934082e-01
1.273531466722488403e-01
7.298998236656188965e-01
6.886168569326400757e-02
6.431966274976730347e-02
6.273788809776306152e-01
7.186561226844787598e-01
6.611283123493194580e-02
9.532028436660766602e-01
4.256854653358459473e-01
4.709423333406448364e-02
7.674641013145446777e-01
3.373794257640838623e-01
2.728888392448425293e-01
4.008913040161132812e-02
1.495065391063690186e-01
2.820897996425628662e-01
1.359156668186187744e-01
1.300190687179565430e-01
4.219903945922851562e-01
6.700954437255859375e-01
7.099297642707824707e-01
6.297659277915954590e-01
9.029815346002578735e-02
9.477749466896057129e-01
1.172106787562370300e-01
7.590328454971313477e-01
4.261371493339538574e-01
5.148447751998901367e-01
1.708490997552871704e-01
2.514095604419708252e-01
7.279189825057983398e-01
1.551908440887928009e-02
2.108084596693515778e-02
9.183241426944732666e-02
8.350877761840820312e-01
3.484737575054168701e-01
8.008342385292053223e-01
9.500377178192138672e-01
8.162631988525390625e-01
7.215975224971771240e-02
9.885701537132263184e-01
2.232526391744613647e-01
1.188404113054275513e-01
2.163929678499698639e-02
2.759677469730377197e-01
5.538203120231628418e-01
1.626806259155273438e-01
2.635882794857025146e-02
5.849925279617309570e-01
7.540733814239501953e-01
8.721310496330261230e-01
8.526447415351867676e-02
9.159712791442871094e-01
9.735846519470214844e-01
6.375026702880859375e-01
2.309082895517349243e-01
8.104246854782104492e-02
1.276694983243942261e-01
6.887046098709106445e-01
4.760022163391113281e-01
2.218022942543029785e-01
3.829080760478973389e-01
5.323204994201660156e-01
9.146358370780944824e-01
9.604164958000183105e-02
8.137463331222534180e-01
7.530220150947570801e-01
4.109129011631011963e-01
7.745755314826965332e-01
9.681458473205566406e-01
1.842808425426483154e-01
4.776803553104400635e-01
5.219014883041381836e-01
1.620168238878250122e-01
3.584589064121246338e-01
4.360976219177246094e-01
2.020907551050186157e-01
2.656937837600708008e-01
1.079207435250282288e-01
9.754873514175415039e-01
1.018316000699996948e-01
7.623969316482543945e-01
3.454318940639495850e-01
1.283256560564041138e-01
8.684260398149490356e-02
1.716978996992111206e-01
7.858083397150039673e-02
8.575478196144104004e-02
3.056567311286926270e-01
6.273598670959472656e-01
1.888929605484008789e-01
5.337854027748107910e-01
1.585117429494857788e-01
4.722540974617004395e-01
3.317831456661224365e-01
1.044451966881752014e-01
2.432602196931838989e-01
4.641487002372741699e-01
1.990902274847030640e-01
3.921065330505371094e-01
1.058125495910644531e-01
7.728379964828491211e-01
7.789791226387023926e-01
9.178285598754882812e-01
5.113114118576049805e-01
4.150659739971160889e-01
5.461691617965698242e-01
6.012919917702674866e-02
7.342574596405029297e-01
1.358229815959930420e-01
8.107032775878906250e-01
2.172993868589401245e-01
2.721225619316101074e-01
9.671670198440551758e-01
1.723659634590148926e-01
4.999921321868896484e-01
5.769439339637756348e-01
3.847864568233489990e-01
6.516771763563156128e-02
3.197810053825378418e-01
4.758112728595733643e-01
1.483415365219116211e-01
1.587215811014175415e-01
6.624614000320434570e-01
7.184616923332214355e-01
2.618175446987152100e-01
1.176242157816886902e-01
2.383121848106384277e-02
3.122951388359069824e-01
8.201612830162048340e-01
3.084449768066406250e-01
7.694345712661743164e-02
9.485800266265869141e-01
3.888692557811737061e-01
1.861275881528854370e-01
2.992017269134521484e-01
1.606448441743850708e-01
6.918935477733612061e-02
1.545149385929107666e-01
4.543796479701995850e-01
8.698945641517639160e-01
5.841227769851684570e-01
2.663955688476562500e-01
1.779040247201919556e-01
1.276208609342575073e-01
1.429523229598999023e-01
5.647308230400085449e-01
2.487624138593673706e-01
9.409752488136291504e-01
7.644672989845275879e-01
1.485759615898132324e-01
1.018594205379486084e-01
6.165121197700500488e-01
3.897354304790496826e-01
5.608468055725097656e-01
9.289274811744689941e-01
2.519814372062683105e-01
4.442059993743896484e-01
1.150278821587562561e-01
9.844598174095153809e-02
6.963207572698593140e-02
5.376449227333068848e-02
2.755679003894329071e-02
1.449095457792282104e-01
3.144905269145965576e-01
6.922446191310882568e-02
2.862631082534790039e-01
9.207930564880371094e-01
3.888193666934967041e-01
8.455019444227218628e-02
2.108266502618789673e-01
4.099331200122833252e-01
4.647763445973396301e-02
3.393986523151397705e-01
6.231974363327026367e-01
5.910102725028991699e-01
7.816748619079589844e-01
6.917352229356765747e-02
1.844816505908966064e-01
2.368710935115814209e-01
3.056659102439880371e-01
8.472421169281005859e-01
9.098165482282638550e-02
6.457132846117019653e-02
6.463623046875000000e-02
1.039397940039634705e-01
3.662727773189544678e-01
6.462592631578445435e-02
6.930661797523498535e-01
1.014602333307266235e-01
1.791071593761444092e-01
2.116683423519134521e-01
1.431813240051269531e-01
5.926548242568969727e-01
2.345735132694244385e-01
3.082664310932159424e-01
5.849714875221252441e-01
4.109924733638763428e-01
3.115052580833435059e-01
9.707865118980407715e-01
2.385709285736083984e-01
2.007759660482406616e-01
4.083313941955566406e-01
9.616712480783462524e-02
4.504038095474243164e-01
2.633924782276153564e-01
4.258005321025848389e-02
1.507733315229415894e-01
3.214053213596343994e-01
4.043861851096153259e-02
9.460755586624145508e-01
1.488642096519470215e-01
8.165470510721206665e-02
2.378596179187297821e-02
6.736508011817932129e-01
4.766563773155212402e-01
3.625897765159606934e-01
4.827854037284851074e-02
3.416321575641632080e-01
2.588799893856048584e-01
3.854208588600158691e-01
5.138450264930725098e-01
1.554608531296253204e-02
1.317814886569976807e-01
1.748634129762649536e-01
1.038728654384613037e-01
2.037650495767593384e-01
2.645446918904781342e-02
7.079889178276062012e-01
3.965613543987274170e-01
7.999419569969177246e-01
3.368373513221740723e-01
4.300101101398468018e-01
1.114527508616447449e-01
6.043121814727783203e-01
3.201635479927062988e-01
8.432706594467163086e-01
7.657747864723205566e-01
5.394325256347656250e-01
4.135316908359527588e-01
2.469203174114227295e-01
2.392455637454986572e-01
5.679221451282501221e-02
3.742461651563644409e-02
2.664468288421630859e-01
7.252639532089233398e-01
7.231326699256896973e-01
6.864795833826065063e-02
5.515275597572326660e-01
1.385713517665863037e-01
7.435454428195953369e-02
5.064247921109199524e-02
6.248015165328979492e-02
6.966524124145507812e-01
7.426707148551940918e-01
1.078435406088829041e-02
9.604641050100326538e-02
4.199471771717071533e-01
4.674825817346572876e-02
1.108604595065116882e-01
2.132098823785781860e-01
2.600925266742706299e-01
7.353744655847549438e-02
3.506795316934585571e-02
7.206905484199523926e-01
5.617509484291076660e-01
1.965700685977935791e-01
1.692782491445541382e-01
3.947171568870544434e-01
5.369881540536880493e-02
6.664080023765563965e-01
3.779485225677490234e-01
2.153947353363037109e-01
5.888514220714569092e-02
3.068833611905574799e-02
4.934979677200317383e-01
9.884432703256607056e-02
6.565849184989929199e-01
2.027738466858863831e-02
7.837482690811157227e-01
1.748906522989273071e-01
2.641754597425460815e-02
4.217665791511535645e-01
7.738996148109436035e-01
4.439231455326080322e-01
8.574659377336502075e-02
1.275348067283630371e-01
4.348330497741699219e-01
6.007602810859680176e-01
1.640871614217758179e-01
8.615061640739440918e-02
3.073381483554840088e-01
2.680395245552062988e-01
2.708903253078460693e-01
1.098868027329444885e-01
1.885500103235244751e-01
3.367984667420387268e-02
1.492346674203872681e-01
9.454899430274963379e-01
4.315790832042694092e-01
9.378404915332794189e-02
9.895718097686767578e-01
2.470040172338485718e-01
6.220781207084655762e-01
4.865565523505210876e-02
8.540241718292236328e-01
5.389636158943176270e-01
9.280917048454284668e-02
8.795821070671081543e-01
8.946380615234375000e-01
4.043046236038208008e-01
5.569737404584884644e-03
7.677278518676757812e-01
5.226617455482482910e-01
2.091529965400695801e-01
2.239284515380859375e-01
2.442996017634868622e-02
9.813562035560607910e-02
1.464478671550750732e-01
1.118169799447059631e-01
7.673628628253936768e-02
4.971748292446136475e-01
6.594211608171463013e-02
2.904760241508483887e-01
5.036690458655357361e-02
6.704512834548950195e-01
4.935640692710876465e-01
2.579003572463989258e-01
2.877985239028930664e-01
1.281982809305191040e-01
1.447916477918624878e-01
1.722464561462402344e-01
8.840007781982421875e-01
7.501805573701858521e-02
5.186599493026733398e-01
9.324933886528015137e-01
2.257828563451766968e-01
3.429546952247619629e-02
6.484445929527282715e-01
2.547618150711059570e-01
7.340713739395141602e-01
4.319917783141136169e-02
2.691577970981597900e-01
8.556357026100158691e-02
7.543590068817138672e-01
2.339017689228057861e-01
4.703871607780456543e-01
2.007759958505630493e-01
3.904064893722534180e-01
4.809842109680175781e-01
2.265577316284179688e-01
1.898777484893798828e-01
1.924148052930831909e-01
4.191480278968811035e-01
8.801465481519699097e-02
4.166563749313354492e-01
7.780262231826782227e-01
7.244929671287536621e-02
2.763855755329132080e-01
9.639990329742431641e-01
1.137323901057243347e-01
8.935497999191284180e-01
1.592433005571365356e-01
2.425720691680908203e-01
2.541177272796630859e-01
9.190563112497329712e-02
5.579650998115539551e-01
5.595342516899108887e-01
1.539793759584426880e-01
7.842153906822204590e-01
8.943282961845397949e-01
9.655147194862365723e-01
9.766744375228881836e-01
3.906925767660140991e-02
5.193296074867248535e-01
2.926903069019317627e-01
3.727087378501892090e-01
9.616929292678833008e-01
4.955567419528961182e-01
2.764555215835571289e-01
2.295022457838058472e-01
2.356564700603485107e-01
7.667348384857177734e-01
9.749160148203372955e-03
1.983204632997512817e-01
7.537655234336853027e-01
4.347551986575126648e-02
1.271132379770278931e-01
5.086892843246459961e-01
3.262797594070434570e-01
9.739080667495727539e-01
3.251657262444496155e-02
1.079014018177986145e-01
4.091462492942810059e-01
7.303013801574707031e-01
9.789546728134155273e-01
2.941522747278213501e-02
8.032227754592895508e-01
5.600185319781303406e-02
4.866321682929992676e-01
2.201290726661682129e-01
8.303683996200561523e-01
6.188005805015563965e-01
1.690503358840942383e-01
2.309561371803283691e-01
9.055967330932617188e-01
1.775434985756874084e-02
1.873473450541496277e-02
5.729891657829284668e-01
5.375225469470024109e-02
2.179958075284957886e-01
4.562116563320159912e-01
5.030826926231384277e-01
1.346317026764154434e-02
6.230021715164184570e-01
1.508909761905670166e-01
2.103404104709625244e-01
1.346192881464958191e-02
4.864541590213775635e-01
8.968806266784667969e-01
7.040637135505676270e-01
6.577692627906799316e-01
2.470301985740661621e-01
3.165804743766784668e-01
1.519347280263900757e-01
1.636116057634353638e-01
2.367849797010421753e-01
1.896635144948959351e-01
3.726147115230560303e-02
7.879559993743896484e-01
8.890354037284851074e-01
8.304711580276489258e-01
2.324708849191665649e-01
7.253036499023437500e-01
1.116972491145133972e-01
5.548830330371856689e-02
9.401813149452209473e-01
3.118706643581390381e-01
1.714410483837127686e-01
3.647578507661819458e-02
7.352603971958160400e-02
5.281804129481315613e-02
2.002584934234619141e-01
8.095662593841552734e-01
4.535552561283111572e-01
2.382997982203960419e-02
1.633711904287338257e-01
3.073420822620391846e-01
6.072540879249572754e-01
3.434349596500396729e-02
3.058055639266967773e-01
4.452534914016723633e-01
8.472788333892822266e-01
2.234526723623275757e-01
6.439713388681411743e-02
4.025137424468994141e-01
5.172049403190612793e-01
4.576489329338073730e-01
5.269281193614006042e-02
3.613654077053070068e-01
9.380782246589660645e-01
6.347858905792236328e-01
4.685700833797454834e-01
1.334947049617767334e-01
7.513846457004547119e-02
7.641587257385253906e-01
2.632542252540588379e-01
5.401711463928222656e-01
3.355193138122558594e-01
4.154037237167358398e-01
1.009800434112548828e-01
6.629803031682968140e-02
4.657530412077903748e-02
4.268761575222015381e-01
2.197102755308151245e-01
1.279547531157732010e-02
2.473253756761550903e-01
6.224572062492370605e-01
2.807930707931518555e-01
7.969647049903869629e-01
1.963470876216888428e-01
3.061856329441070557e-01
1.633128374814987183e-01
1.270602792501449585e-01
8.841171860694885254e-01
9.632180333137512207e-01
1.728031039237976074e-02
9.783312082290649414e-01
9.303238391876220703e-01
7.958063483238220215e-01
2.333109974861145020e-01
5.900085568428039551e-01
9.058887511491775513e-02
3.312234878540039062e-01
7.342872619628906250e-01
8.335407972335815430e-01
8.378737568855285645e-01
1.769927293062210083e-01
1.994431465864181519e-01
3.733409345149993896e-01
5.687620043754577637e-01
2.157707661390304565e-01
3.961278498172760010e-01
4.385926127433776855e-01
7.667161226272583008e-01
4.267892837524414062e-01
1.900252550840377808e-01
3.366018235683441162e-01
1.818648874759674072e-01
4.264445602893829346e-01
4.303351044654846191e-01
6.008539199829101562e-01
1.673377864062786102e-02
2.044552266597747803e-01
3.858703374862670898e-02
4.928857088088989258e-01
6.224381923675537109e-01
5.282325148582458496e-01
1.199364960193634033e-01
6.661361455917358398e-02
3.913593590259552002e-01
9.839994311332702637e-01
4.341144859790802002e-01
8.139441609382629395e-01
2.550177648663520813e-02
1.779568567872047424e-02
1.930333301424980164e-02
9.732005000114440918e-01
2.472154647111892700e-01
7.499116659164428711e-01
5.641412138938903809e-01
3.790361285209655762e-01
7.119259238243103027e-02
1.332355588674545288e-01
6.620597839355468750e-01
9.765764474868774414e-01
4.215482249855995178e-02
3.969179987907409668e-01
9.525450468063354492e-01
3.307780325412750244e-01
5.589374154806137085e-02
1.279086172580718994e-01
1.963111013174057007e-01
1.269042938947677612e-01
1.836104840040206909e-01
4.970327019691467285e-01
5.976688861846923828e-02
1.435584872961044312e-01
2.202155143022537231e-01
1.440592408180236816e-01
5.871958136558532715e-01
4.335789382457733154e-01
1.861548274755477905e-01
1.034191250801086426e-01
1.241087447851896286e-02
5.216856300830841064e-02
3.461367785930633545e-01
1.626782566308975220e-01
1.842558681964874268e-01
1.183916628360748291e-01
4.720952808856964111e-01
9.667540192604064941e-01
6.193799152970314026e-02
3.676052987575531006e-01
1.492294520139694214e-01
5.293951034545898438e-01
4.188162088394165039e-01
1.077028140425682068e-01
5.413626432418823242e-01
9.495247006416320801e-01
1.143426671624183655e-01
2.045398503541946411e-01
5.323340743780136108e-02
8.100116252899169922e-02
1.712068021297454834e-01
7.291189432144165039e-01
4.362358748912811279e-01
3.823203146457672119e-01
9.145529270172119141e-01
4.906685650348663330e-01
5.993419289588928223e-01
2.725287675857543945e-01
1.389973610639572144e-01
7.683964371681213379e-01
6.337967514991760254e-02
8.952597156167030334e-03
9.069161415100097656e-01
8.696736693382263184e-01
8.273747563362121582e-01
6.590194106101989746e-01
5.438960343599319458e-02
4.155867993831634521e-01
1.402810662984848022e-01
2.031890004873275757e-01
4.891692101955413818e-01
4.956806451082229614e-02
1.234842017292976379e-01
9.976135939359664917e-02
9.215572476387023926e-02
8.889709115028381348e-01
4.113418459892272949e-01
4.803117513656616211e-01
8.449953794479370117e-02
8.821436166763305664e-01
8.222025036811828613e-01
8.261189609766006470e-02
9.486960768699645996e-01
4.001872241497039795e-01
5.307558774948120117e-01
5.872256681323051453e-02
8.765860199928283691e-01
3.901672363281250000e-01
1.841988265514373779e-01
9.092566370964050293e-01
2.862583994865417480e-01
8.090857863426208496e-01
1.608067005872726440e-01
3.056175112724304199e-01
4.515059292316436768e-01
3.748946487903594971e-01
5.346283316612243652e-01
9.486265778541564941e-01
2.023338228464126587e-01
3.359907865524291992e-01
1.826982013881206512e-02
8.820757865905761719e-01
2.047648429870605469e-01
3.842131420969963074e-02
9.532698392868041992e-01
7.418617606163024902e-01
7.524384260177612305e-01
6.848955899477005005e-02
4.825266599655151367e-01
3.640367686748504639e-01
7.601692676544189453e-01
3.421648740768432617e-01
7.645192742347717285e-01
1.632129959762096405e-02
3.008085489273071289e-01
1.149077154695987701e-02
5.131295919418334961e-01
6.572788953781127930e-02
4.044679999351501465e-01
4.360080361366271973e-01
3.446581959724426270e-01
3.318575024604797363e-01
1.402768790721893311e-01
6.309102773666381836e-01
9.026170372962951660e-01
2.060392498970031738e-01
5.308050513267517090e-01
4.153063520789146423e-02
3.981133401393890381e-01
8.401545286178588867e-01
3.966116309165954590e-01
2.946576476097106934e-01
2.601224184036254883e-01
4.156706109642982483e-02
1.233474165201187134e-01
3.106640093028545380e-02
4.465706348419189453e-01
9.710583686828613281e-01
3.403516709804534912e-01
8.729285597801208496e-01
1.972189098596572876e-01
7.760493755340576172e-01
2.510156035423278809e-01
1.875939816236495972e-01
3.761897236108779907e-02
3.608271479606628418e-02
4.475018680095672607e-01
9.225322604179382324e-01
8.518195152282714844e-01
2.843856513500213623e-01
1.255929917097091675e-01
6.698218584060668945e-01
9.669437408447265625e-01
5.665928125381469727e-01
1.409944891929626465e-01
2.069855630397796631e-01
7.955292463302612305e-01
3.172846734523773193e-01
7.675790786743164062e-01
6.008825078606605530e-02
9.350824952125549316e-01
8.217045068740844727e-01
1.568037569522857666e-01
8.961799144744873047e-01
6.070461273193359375e-01
1.352332346141338348e-02
4.217306077480316162e-01
3.539363741874694824e-01
7.946100831031799316e-01
1.102082878351211548e-01
4.918550252914428711e-01
1.019971743226051331e-01
2.570294737815856934e-01
7.112185359001159668e-01
8.856521844863891602e-01
7.250907421112060547e-01
2.553526684641838074e-02
2.091416567564010620e-01
5.319529771804809570e-01
2.612939178943634033e-01
5.001685619354248047e-01
1.020288616418838501e-01
2.405811846256256104e-01
6.457311511039733887e-01
8.484277725219726562e-01
5.824700742959976196e-02
1.534758359193801880e-01
2.007760256528854370e-01
1.221497077494859695e-02
1.051540896296501160e-01
1.716314703226089478e-01
7.445352077484130859e-01
2.560563385486602783e-01
1.874765008687973022e-02
4.975966513156890869e-01
4.275292456150054932e-01
7.901161164045333862e-02
1.208897158503532410e-01
1.417574137449264526e-01
5.722776055335998535e-01
2.609711289405822754e-01
1.180630177259445190e-01
3.904234468936920166e-01
2.655384130775928497e-02
4.581201076507568359e-01
1.323820650577545166e-01
1.040849760174751282e-01
1.060339063405990601e-01
6.528288871049880981e-02
3.879944682121276855e-01
1.824674010276794434e-01
2.732788212597370148e-02
1.677564382553100586e-01
3.299466371536254883e-01
4.370963871479034424e-01
1.857114285230636597e-01
5.513181909918785095e-02
8.912137895822525024e-02
4.574936032295227051e-01
4.640923142433166504e-01
4.851132258772850037e-02
9.831263422966003418e-01
7.519919872283935547e-01
2.183553427457809448e-01
1.403810977935791016e-01
3.559818863868713379e-01
5.625568702816963196e-02
4.529194533824920654e-02
1.447691172361373901e-01
1.800657361745834351e-01
5.634424090385437012e-01
8.839994072914123535e-01
7.743169665336608887e-01
2.022894322872161865e-01
2.335460335016250610e-01
2.109504044055938721e-01
3.220561146736145020e-01
6.115637421607971191e-01
2.029296755790710449e-01
6.018161177635192871e-01
2.429048418998718262e-01
9.727883934974670410e-01
3.723333403468132019e-02
3.001688122749328613e-01
9.636223316192626953e-01
2.509883940219879150e-01
8.424178957939147949e-01
5.006045103073120117e-01
5.936913490295410156e-01
1.450552195310592651e-01
9.383698701858520508e-01
7.926143407821655273e-01
3.517119884490966797e-01
7.522159814834594727e-01
2.211424708366394043e-01
7.213374972343444824e-01
3.491774499416351318e-01
5.614538118243217468e-02
1.187732350081205368e-02
4.203044772148132324e-01
1.691164076328277588e-01
8.517139405012130737e-02
1.632991135120391846e-01
9.668902158737182617e-01
1.446973681449890137e-01
1.971956156194210052e-02
1.459067165851593018e-01
4.049982503056526184e-02
1.839397400617599487e-01
1.525146663188934326e-01
1.234666556119918823e-01
2.608361653983592987e-02
6.579771041870117188e-01
3.474865257740020752e-01
8.102420568466186523e-01
8.390707969665527344e-01
9.492307305335998535e-01
1.158197000622749329e-01
9.347997605800628662e-02
3.719439506530761719e-01
8.455587029457092285e-01
4.294233396649360657e-02
4.667310714721679688e-01
6.183322072029113770e-01
2.675385586917400360e-02
9.473496675491333008e-01
5.088092759251594543e-02
5.576453208923339844e-01
7.585304230451583862e-02
3.942616879940032959e-01
2.442104071378707886e-01
7.055214643478393555e-01
1.223677694797515869e-01
3.212539553642272949e-01
9.744945168495178223e-02
4.661307334899902344e-01
2.881084084510803223e-01
1.782670915126800537e-01
3.660799562931060791e-01
1.263706684112548828e-01
2.095879614353179932e-02
2.721928358078002930e-01
9.835840016603469849e-02
6.359236240386962891e-01
3.835633993148803711e-01
9.372772574424743652e-01
5.645125508308410645e-01
7.684449106454849243e-02
