3.973914310336112976e-02
8.427645564079284668e-01
9.461106359958648682e-02
5.842505693435668945e-01
5.370094999670982361e-02
1.065227240324020386e-01
3.436945676803588867e-01
1.739504784345626831e-01
8.433930873870849609e-01
9.449206292629241943e-02
5.256776809692382812e-01
3.792419135570526123e-01
8.041696548461914062e-01
6.344265937805175781e-01
1.856876462697982788e-01
3.482679426670074463e-01
1.672258824110031128e-01
7.343487143516540527e-01
9.739482998847961426e-01
3.564955294132232666e-01
7.874463796615600586e-01
7.890475988388061523e-01
1.229215636849403381e-01
1.118853390216827393e-01
4.663119018077850342e-01
2.617603167891502380e-02
7.453723549842834473e-01
2.161814421415328979e-01
2.239729613065719604e-01
2.283190488815307617e-01
2.175285667181015015e-01
1.345781888812780380e-02
6.342164278030395508e-01
4.880920797586441040e-02
1.643297672271728516e-01
1.271143853664398193e-01
2.698578536510467529e-01
9.332506358623504639e-02
4.509437382221221924e-01
9.057466387748718262e-01
1.511589437723159790e-01
1.769320666790008545e-01
1.543091386556625366e-01
6.968428939580917358e-02
8.284812420606613159e-02
1.831052303314208984e-01
1.630867272615432739e-01
2.866654396057128906e-01
3.012929856777191162e-02
7.943615317344665527e-01
3.297844827175140381e-01
2.871178649365901947e-02
1.612226068973541260e-01
1.894867569208145142e-01
1.513670235872268677e-01
1.049639359116554260e-01
8.541803359985351562e-01
6.630931049585342407e-02
1.286556422710418701e-01
1.815058887004852295e-01
1.975930631160736084e-01
1.358231306076049805e-01
6.061051785945892334e-02
1.710245758295059204e-01
1.684724688529968262e-01
2.625379562377929688e-01
5.203257873654365540e-02
2.149295657873153687e-01
4.444170296192169189e-01
5.436009764671325684e-01
5.152839794754981995e-02
6.572319865226745605e-01
5.118224024772644043e-01
2.738545462489128113e-02
4.025434553623199463e-01
1.357346624135971069e-01
1.911137811839580536e-02
1.261168904602527618e-02
1.848289221525192261e-01
1.589609831571578979e-01
7.989187836647033691e-01
3.246408700942993164e-01
7.220925092697143555e-01
8.889467120170593262e-01
9.650235176086425781e-01
6.323481202125549316e-01
9.962751716375350952e-02
1.171899288892745972e-01
5.858044624328613281e-01
2.484189122915267944e-01
4.313652515411376953e-01
1.096675544977188110e-01
1.652876436710357666e-01
5.872330069541931152e-01
3.139814436435699463e-01
4.657970368862152100e-01
5.686430335044860840e-01
6.914282441139221191e-01
1.464827507734298706e-01
7.270988821983337402e-02
7.093867659568786621e-01
2.374733090400695801e-01
3.364513218402862549e-01
3.140302002429962158e-01
3.843007683753967285e-01
1.130912750959396362e-01
1.848955601453781128e-01
5.128160715103149414e-01
3.461728692054748535e-01
3.623330891132354736e-01
2.554245591163635254e-01
3.906086459755897522e-02
4.482237994670867920e-02
9.033089280128479004e-01
1.523340046405792236e-01
1.069834604859352112e-01
9.031857848167419434e-01
3.927036747336387634e-02
2.106728106737136841e-01
6.902049779891967773e-01
1.127550564706325531e-02
8.549764752388000488e-02
2.678987383842468262e-01
8.290180563926696777e-01
8.528185486793518066e-01
3.736983984708786011e-02
1.075311377644538879e-01
4.350373148918151855e-02
3.096797876060009003e-02
1.990598887205123901e-01
9.461835622787475586e-01
1.851679980754852295e-01
9.195246100425720215e-01
3.083360493183135986e-01
5.547108650207519531e-01
5.991194248199462891e-01
8.556727170944213867e-01
1.661529541015625000e-01
6.170952916145324707e-01
3.065994195640087128e-02
6.866612434387207031e-01
4.777262806892395020e-01
5.291955471038818359e-01
3.671502470970153809e-01
2.395663708448410034e-01
2.774478308856487274e-02
6.589640974998474121e-01
3.263485133647918701e-01
5.048527717590332031e-01
1.337497383356094360e-01
1.144793108105659485e-01
2.048273831605911255e-01
2.351908385753631592e-01
4.848012924194335938e-01
1.699213683605194092e-01
8.598467707633972168e-02
1.494551450014114380e-01
1.648858934640884399e-01
2.297900468111038208e-01
7.719355225563049316e-01
2.393395453691482544e-01
8.428840637207031250e-01
2.250717580318450928e-01
4.459820389747619629e-01
7.645493745803833008e-01
4.447955191135406494e-01
3.350565135478973389e-01
3.405751883983612061e-01
1.885233372449874878e-01
7.683529853820800781e-01
9.857669472694396973e-02
9.329470992088317871e-02
5.400501489639282227e-01
6.710047125816345215e-01
9.531134366989135742e-02
9.422090649604797363e-01
3.556902408599853516e-01
7.057733088731765747e-02
8.200756311416625977e-01
2.895028591156005859e-01
1.566305458545684814e-01
5.647378042340278625e-02
2.079635411500930786e-01
2.625654935836791992e-01
3.179828226566314697e-01
1.408209949731826782e-01
4.852768480777740479e-01
4.613264501094818115e-01
7.320469617843627930e-01
2.818366587162017822e-01
1.149205490946769714e-01
9.088564515113830566e-01
2.696899473667144775e-01
6.797538399696350098e-01
2.830307185649871826e-01
5.315175056457519531e-01
8.193393796682357788e-02
1.788301467895507812e-01
7.228902578353881836e-01
3.136689960956573486e-02
5.544614419341087341e-02
1.659390889108181000e-02
8.153849840164184570e-01
2.612708508968353271e-01
8.024178743362426758e-01
8.945373296737670898e-01
7.985991835594177246e-01
1.784919649362564087e-01
9.777091741561889648e-01
3.146947920322418213e-01
4.121350347995758057e-01
1.603202708065509796e-02
1.672659516334533691e-01
7.108253836631774902e-01
1.911265105009078979e-01
1.201898697763681412e-02
5.072503685951232910e-01
6.886262297630310059e-01
8.693406581878662109e-01
5.674989148974418640e-02
8.583824634552001953e-01
9.621872305870056152e-01
7.038281559944152832e-01
9.136244654655456543e-02
6.896164268255233765e-02
1.730067431926727295e-01
5.190402269363403320e-01
4.219183623790740967e-01
1.259597837924957275e-01
4.676759541034698486e-01
5.688750743865966797e-01
8.940237760543823242e-01
1.177360638976097107e-01
7.523905038833618164e-01
6.778815984725952148e-01
4.361419677734375000e-01
7.540877461433410645e-01
9.545332193374633789e-01
1.170623153448104858e-01
3.773891627788543701e-01
6.105709075927734375e-01
3.399315476417541504e-01
3.156131505966186523e-01
2.023707926273345947e-01
1.646099686622619629e-01
1.401263028383255005e-01
5.166979134082794189e-02
9.660040140151977539e-01
1.349194198846817017e-01
6.705837249755859375e-01
1.867800801992416382e-01
2.913649380207061768e-01
9.412906318902969360e-02
1.556558907032012939e-01
1.104535758495330811e-01
7.457086443901062012e-02
2.465228289365768433e-01
6.882254481315612793e-01
9.215889871120452881e-02
4.243066906929016113e-01
2.286268025636672974e-01
4.965446889400482178e-01
2.279352545738220215e-01
1.846198588609695435e-01
1.481414437294006348e-01
5.859923362731933594e-01
1.879337430000305176e-01
3.137283325195312500e-01
1.642255783081054688e-01
7.575694918632507324e-01
7.805233597755432129e-01
9.313647150993347168e-01
4.596974253654479980e-01
2.531806230545043945e-01
6.640670895576477051e-01
9.484434127807617188e-02
7.104414701461791992e-01
1.225114539265632629e-01
8.087734580039978027e-01
3.707293868064880371e-01
2.200196832418441772e-01
9.442531466484069824e-01
6.576968729496002197e-02
3.833845853805541992e-01
5.725370645523071289e-01
2.991636693477630615e-01
5.397089570760726929e-02
2.176460474729537964e-01
4.812130033969879150e-01
1.233200579881668091e-01
1.277298778295516968e-01
8.505411744117736816e-01
6.953441500663757324e-01
1.014918088912963867e-01
1.331873536109924316e-01
2.639854885637760162e-02
7.678484171628952026e-02
6.728233695030212402e-01
2.871710658073425293e-01
1.290712207555770874e-01
9.306318163871765137e-01
5.380322933197021484e-01
1.720445454120635986e-01
2.167387753725051880e-01
1.842821240425109863e-01
9.990639984607696533e-02
1.513739377260208130e-01
5.149238705635070801e-01
8.627478480339050293e-01
4.761306047439575195e-01
3.772462606430053711e-01
1.306410580873489380e-01
1.535286456346511841e-01
6.306024640798568726e-02
5.871807336807250977e-01
1.172028332948684692e-01
9.326481819152832031e-01
8.078349232673645020e-01
1.746920347213745117e-01
7.926899939775466919e-02
6.346269249916076660e-01
1.832778006792068481e-01
5.451347231864929199e-01
8.873625993728637695e-01
2.215057313442230225e-01
5.615562200546264648e-01
1.958692371845245361e-01
2.225139550864696503e-02
4.033683612942695618e-02
5.178873613476753235e-02
4.075689613819122314e-02
2.939983606338500977e-01
3.304010033607482910e-01
2.520390227437019348e-02
1.198577210307121277e-01
8.990520834922790527e-01
3.212161362171173096e-01
1.114818006753921509e-01
2.370913773775100708e-01
2.771192193031311035e-01
5.238101258873939514e-02
3.538630902767181396e-01
5.399594306945800781e-01
5.031735301017761230e-01
8.109678030014038086e-01
1.058552116155624390e-01
2.593791782855987549e-01
3.471195101737976074e-01
3.339717686176300049e-01
8.409579992294311523e-01
5.246949568390846252e-02
7.857906073331832886e-02
8.239051699638366699e-02
1.812663525342941284e-01
4.420146048069000244e-01
9.695214033126831055e-02
5.700997114181518555e-01
6.732713431119918823e-02
8.660691976547241211e-02
2.910643219947814941e-01
7.209391891956329346e-02
6.231118440628051758e-01
2.173310518264770508e-01
2.435644716024398804e-01
4.115863144397735596e-01
3.565479516983032227e-01
3.177958726882934570e-01
9.744485020637512207e-01
6.523852795362472534e-02
4.009461402893066406e-01
2.228656858205795288e-01
4.852262139320373535e-02
3.514579534530639648e-01
1.494129151105880737e-01
3.869779780507087708e-02
1.854261755943298340e-01
2.307005971670150757e-01
8.215664327144622803e-02
9.084969758987426758e-01
1.769100278615951538e-01
7.530016452074050903e-02
1.983842439949512482e-02
7.734839916229248047e-01
3.397273719310760498e-01
3.546857237815856934e-01
6.232189014554023743e-02
3.916656970977783203e-01
2.456423044204711914e-01
1.024517044425010681e-01
4.704958498477935791e-01
1.759706810116767883e-02
1.805451363325119019e-01
1.953065395355224609e-01
1.350763142108917236e-01
1.250485479831695557e-01
1.904307305812835693e-02
6.881721615791320801e-01
3.213556110858917236e-01
8.059411644935607910e-01
1.588434129953384399e-01
4.862134754657745361e-01
1.831249594688415527e-01
7.155866622924804688e-01
3.689876198768615723e-01
8.267861008644104004e-01
7.282840609550476074e-01
6.947137713432312012e-01
2.933571040630340576e-01
1.980102658271789551e-01
1.331579536199569702e-01
7.745210081338882446e-02
4.490226134657859802e-02
1.658295691013336182e-01
5.777882933616638184e-01
6.572451591491699219e-01
8.023210614919662476e-02
4.996210336685180664e-01
6.716623902320861816e-01
1.028092578053474426e-01
6.536884605884552002e-02
5.600632727146148682e-02
5.521146655082702637e-01
6.673634648323059082e-01
7.677999325096607208e-03
1.127886995673179626e-01
3.250911235809326172e-01
4.851637035608291626e-02
2.128518223762512207e-01
2.081242203712463379e-01
3.165771067142486572e-01
8.129354566335678101e-02
4.491041973233222961e-02
6.885316967964172363e-01
5.474659204483032227e-01
1.537274420261383057e-01
2.107745110988616943e-01
4.370425641536712646e-01
1.726837828755378723e-02
7.066463828086853027e-01
2.811279296875000000e-01
9.525723010301589966e-02
5.382104963064193726e-02
3.042268194258213043e-02
5.360020995140075684e-01
4.631976038217544556e-02
5.401977896690368652e-01
3.067865408957004547e-02
6.458122134208679199e-01
1.434147655963897705e-01
3.510390222072601318e-02
1.363251656293869019e-01
8.126711845397949219e-01
2.121752500534057617e-01
1.259859204292297363e-01
1.524852514266967773e-01
4.041973352432250977e-01
4.923282563686370850e-01
8.362428098917007446e-02
6.022032350301742554e-02
1.068241447210311890e-01
1.433294117450714111e-01
3.144019246101379395e-01
1.239740103483200073e-01
1.025263145565986633e-01
4.314277321100234985e-02
1.461380720138549805e-01
8.099065423011779785e-01
5.277708768844604492e-01
9.191207587718963623e-02
9.757610559463500977e-01
2.885709702968597412e-01
5.335170626640319824e-01
1.636004447937011719e-02
8.928554058074951172e-01
5.053407549858093262e-01
3.118439391255378723e-02
8.768556714057922363e-01
8.572148084640502930e-01
5.544087290763854980e-01
5.745635367929935455e-03
6.918016076087951660e-01
3.928439319133758545e-01
2.696463763713836670e-01
1.543939411640167236e-01
8.518259227275848389e-02
1.195743829011917114e-01
1.538776010274887085e-01
9.771607071161270142e-02
9.568601846694946289e-02
5.037724375724792480e-01
7.599925249814987183e-02
1.549860090017318726e-01
1.135494187474250793e-01
7.353736162185668945e-01
4.697249829769134521e-01
3.285939395427703857e-01
3.351650238037109375e-01
1.770016252994537354e-01
1.732553988695144653e-01
2.144522815942764282e-01
8.767943382263183594e-01
9.442578256130218506e-02
6.227012872695922852e-01
9.164586067199707031e-01
3.385019004344940186e-01
4.289991408586502075e-02
5.846564173698425293e-01
6.531741470098495483e-02
7.484524846076965332e-01
4.855377227067947388e-02
7.806443423032760620e-02
1.466500461101531982e-01
6.927457451820373535e-01
2.272874563932418823e-01
5.882383584976196289e-01
4.009461402893066406e-01
3.242042660713195801e-01
6.074765324592590332e-01
1.618717908859252930e-01
1.781619787216186523e-01
1.596754342317581177e-01
5.466260910034179688e-01
5.590365454554557800e-02
3.855232000350952148e-01
7.715421915054321289e-01
1.317644864320755005e-01
2.800371646881103516e-01
9.349691867828369141e-01
1.363865435123443604e-01
8.171001076698303223e-01
2.017169296741485596e-01
2.265908718109130859e-01
1.773092597723007202e-01
5.961725115776062012e-02
5.392648577690124512e-01
5.292157530784606934e-01
8.613993227481842041e-02
7.422967553138732910e-01
8.718647956848144531e-01
9.421962499618530273e-01
9.405575394630432129e-01
4.213235154747962952e-02
4.770524799823760986e-01
1.932996362447738647e-01
1.514486968517303467e-01
9.462950825691223145e-01
4.510787129402160645e-01
3.214472532272338867e-01
1.873972564935684204e-01
4.545959085226058960e-02
8.101819753646850586e-01
9.488455951213836670e-03
3.959027677774429321e-02
7.200734019279479980e-01
4.739258065819740295e-02
1.342938840389251709e-01
4.709223806858062744e-01
4.366549849510192871e-01
9.695348143577575684e-01
2.108464948832988739e-02
1.326990127563476562e-01
3.048182129859924316e-01
7.194340229034423828e-01
9.653719067573547363e-01
4.269139096140861511e-02
7.152461409568786621e-01
5.460568144917488098e-02
4.648859202861785889e-01
1.460043787956237793e-01
8.490872979164123535e-01
5.322402715682983398e-01
1.924396455287933350e-01
2.363300323486328125e-01
8.893111348152160645e-01
1.778537966310977936e-02
3.853877633810043335e-02
6.681637167930603027e-01
1.254615001380443573e-02
7.273619621992111206e-02
4.479715526103973389e-01
2.726043164730072021e-01
4.088264703750610352e-02
7.112687230110168457e-01
2.332550436258316040e-01
2.338498383760452271e-01
1.866661012172698975e-02
3.686836063861846924e-01
8.804318904876708984e-01
7.286126613616943359e-01
6.906847357749938965e-01
2.562264502048492432e-01
3.138052225112915039e-01
5.281654745340347290e-02
8.582802116870880127e-02
2.727285921573638916e-01
1.648974269628524780e-01
4.980636015534400940e-02
7.946948409080505371e-01
8.861634731292724609e-01
8.231965303421020508e-01
7.445188611745834351e-02
6.922159194946289062e-01
1.489993035793304443e-01
8.410476893186569214e-02
9.090686440467834473e-01
3.364213407039642334e-01
1.523395627737045288e-01
4.942087829113006592e-02
5.772645026445388794e-02
7.658936828374862671e-02
1.519331037998199463e-01
8.205024600028991699e-01
2.300164550542831421e-01
2.667558565735816956e-02
9.343077242374420166e-02
4.685937464237213135e-01
5.629025697708129883e-01
3.528618812561035156e-02
2.941608428955078125e-01
4.574672579765319824e-01
8.114041686058044434e-01
1.769480109214782715e-01
9.588877856731414795e-02
1.974039077758789062e-01
5.452474355697631836e-01
6.080192327499389648e-01
4.507693275809288025e-02
2.997938096523284912e-01
8.438584804534912109e-01
4.068578481674194336e-01
3.975390493869781494e-01
2.894054949283599854e-01
1.330156177282333374e-01
7.298419475555419922e-01
1.859626621007919312e-01
3.280004858970642090e-01
2.707918286323547363e-01
4.517999589443206787e-01
7.852405309677124023e-02
1.042321547865867615e-01
6.840049475431442261e-02
3.230505585670471191e-01
2.570027112960815430e-01
1.071217563003301620e-02
1.067355275154113770e-01
6.442378163337707520e-01
1.528988629579544067e-01
7.646543979644775391e-01
1.654489636421203613e-01
2.587836682796478271e-01
2.782741487026214600e-01
1.639211326837539673e-01
8.092068433761596680e-01
9.227122664451599121e-01
1.730749011039733887e-02
9.670758247375488281e-01
9.315655231475830078e-01
7.559941411018371582e-01
2.316099852323532104e-01
6.712313890457153320e-01
4.938858747482299805e-02
4.369933307170867920e-01
8.290091156959533691e-01
8.302958011627197266e-01
7.739867568016052246e-01
1.566972881555557251e-01
7.186628133058547974e-02
2.162321060895919800e-01
5.381122827529907227e-01
9.450038522481918335e-02
1.738606393337249756e-01
4.652979969978332520e-01
7.000157237052917480e-01
5.162901878356933594e-01
2.719270288944244385e-01
4.254013299942016602e-01
2.190122753381729126e-01
4.585755169391632080e-01
3.455371558666229248e-01
5.529534816741943359e-01
1.578548736870288849e-02
2.938116192817687988e-01
4.528805613517761230e-02
5.386527180671691895e-01
6.064887642860412598e-01
4.071993529796600342e-01
1.522245258092880249e-01
9.747830778360366821e-02
3.225983083248138428e-01
9.722477197647094727e-01
6.022908091545104980e-01
8.392871022224426270e-01
2.831668406724929810e-02
2.454476989805698395e-02
2.846201695501804352e-02
9.398717284202575684e-01
1.750137954950332642e-01
4.777261912822723389e-01
5.513535141944885254e-01
3.361092209815979004e-01
1.152393147349357605e-01
5.966667085886001587e-02
5.586781501770019531e-01
9.172192811965942383e-01
5.256133899092674255e-02
2.038953155279159546e-01
9.340610504150390625e-01
1.389874070882797241e-01
8.403605222702026367e-02
1.686643660068511963e-01
2.119992524385452271e-01
1.187633946537971497e-01
1.310129761695861816e-01
4.380466043949127197e-01
1.041125357151031494e-01
8.430370688438415527e-02
1.804464310407638550e-01
5.811610221862792969e-01
6.028424501419067383e-01
2.576923072338104248e-01
6.079224497079849243e-02
6.068634986877441406e-02
4.936286807060241699e-02
6.741815805435180664e-02
2.711640298366546631e-01
1.687377542257308960e-01
6.714572757482528687e-02
4.045936465263366699e-02
5.647048354148864746e-01
9.699402451515197754e-01
2.288688160479068756e-02
3.236719667911529541e-01
1.444344371557235718e-01
4.381722211837768555e-01
2.251856774091720581e-01
5.021032691001892090e-02
4.560073316097259521e-01
9.408411979675292969e-01
1.491125226020812988e-01
2.328073829412460327e-01
4.221876338124275208e-02
1.009236201643943787e-01
2.020606994628906250e-01
6.908911466598510742e-01
3.964208960533142090e-01
2.868801355361938477e-01
9.217361211776733398e-01
4.656378924846649170e-01
4.052430093288421631e-01
3.006623983383178711e-01
9.651485830545425415e-02
7.337973117828369141e-01
4.721751436591148376e-02
1.980179920792579651e-02
9.205737709999084473e-01
8.382667899131774902e-01
7.750105261802673340e-01
5.536144971847534180e-01
4.689269512891769409e-02
2.999403774738311768e-01
8.979012072086334229e-02
2.357285320758819580e-01
4.897415637969970703e-01
5.479941144585609436e-02
7.584612816572189331e-02
1.311708688735961914e-01
1.384950876235961914e-01
7.722687125205993652e-01
4.297239780426025391e-01
3.394975662231445312e-01
1.127403751015663147e-01
8.461048007011413574e-01
8.132092356681823730e-01
9.116604924201965332e-02
9.371603727340698242e-01
3.875379562377929688e-01
6.913704276084899902e-01
6.112292408943176270e-02
9.094615578651428223e-01
1.773005723953247070e-01
2.084594964981079102e-01
8.533175587654113770e-01
2.515674829483032227e-01
7.407575249671936035e-01
1.506082266569137573e-01
2.576954662799835205e-01
3.465723097324371338e-01
5.092229843139648438e-01
5.823288559913635254e-01
9.213173985481262207e-01
9.247165918350219727e-02
2.879138886928558350e-01
2.141857706010341644e-02
8.824555277824401855e-01
1.155492961406707764e-01
6.089803576469421387e-02
9.299364686012268066e-01
6.669972538948059082e-01
7.819744944572448730e-01
1.548230499029159546e-01
5.433201193809509277e-01
3.204976022243499756e-01
7.795737385749816895e-01
3.478089272975921631e-01
8.059970140457153320e-01
3.390480205416679382e-02
3.960298299789428711e-01
2.543882094323635101e-02
4.704723060131072998e-01
6.964486837387084961e-02
4.934709966182708740e-01
5.611933469772338867e-01
3.063426911830902100e-01
3.688763976097106934e-01
3.949482366442680359e-02
5.484703183174133301e-01
8.093579411506652832e-01
3.079589903354644775e-01
4.808389246463775635e-01
4.016542062163352966e-02
3.591768145561218262e-01
8.244396448135375977e-01
3.576993644237518311e-01
1.586409956216812134e-01
2.923173904418945312e-01
4.354295507073402405e-02
1.324950158596038818e-01
5.086103454232215881e-02
3.262539505958557129e-01
9.708955287933349609e-01
3.491653800010681152e-01
8.438458442687988281e-01
2.046412825584411621e-01
6.810056567192077637e-01
2.512298226356506348e-01
7.435890287160873413e-02
3.467335551977157593e-02
4.394875094294548035e-02
2.371703535318374634e-01
9.145650267601013184e-01
8.040047287940979004e-01
2.684164941310882568e-01
7.594484835863113403e-02
6.387601494789123535e-01
9.553470015525817871e-01
6.990783810615539551e-01
1.417267918586730957e-01
2.728749811649322510e-01
7.281635999679565430e-01
4.195669293403625488e-01
7.214010953903198242e-01
1.110507640987634659e-02
9.330470561981201172e-01
8.349360823631286621e-01
1.885098069906234741e-01
8.691400885581970215e-01
6.309577822685241699e-01
3.034515865147113800e-02
5.328134298324584961e-01
3.045324683189392090e-01
8.180497884750366211e-01
1.024411544203758240e-01
5.706186890602111816e-01
1.091006994247436523e-01
2.367677688598632812e-01
6.908012032508850098e-01
7.025478482246398926e-01
7.458278536796569824e-01
2.278504706919193268e-02
9.032242000102996826e-02
4.921040832996368408e-01
1.123496368527412415e-01
3.479297161102294922e-01
1.597578823566436768e-01
2.239663153886795044e-01
6.514599919319152832e-01
8.314891457557678223e-01
3.989499807357788086e-02
3.185115158557891846e-01
4.009461402893066406e-01
2.216514199972152710e-02
8.440286666154861450e-02
6.801515817642211914e-02
5.777696967124938965e-01
1.269313991069793701e-01
1.824065670371055603e-02
4.718925952911376953e-01
4.836441278457641602e-01
3.639598190784454346e-02
2.081128358840942383e-01
8.718714118003845215e-02
5.755707025527954102e-01
1.931658387184143066e-01
1.205833032727241516e-01
4.686329066753387451e-01
3.829751908779144287e-02
5.589424967765808105e-01
1.485320478677749634e-01
2.696238160133361816e-01
1.079130619764328003e-01
4.895761236548423767e-02
3.137231767177581787e-01
1.614579707384109497e-01
3.457602113485336304e-02
1.760992407798767090e-01
2.858556210994720459e-01
7.034875154495239258e-01
2.891246378421783447e-01
7.356875389814376831e-02
1.301713585853576660e-01
5.064030289649963379e-01
5.377526283264160156e-01
7.986480742692947388e-02
9.778507351875305176e-01
7.725090980529785156e-01
1.681377142667770386e-01
4.268129914999008179e-02
3.376385867595672607e-01
5.957329273223876953e-02
7.224289327859878540e-02
1.858980059623718262e-01
1.408331990242004395e-01
4.682618677616119385e-01
7.804926633834838867e-01
6.554797291755676270e-01
7.716485112905502319e-02
1.803714632987976074e-01
2.117901444435119629e-01
4.079366326332092285e-01
7.072778940200805664e-01
1.739658862352371216e-01
5.139333605766296387e-01
2.277091443538665771e-01
9.692940711975097656e-01
6.098062545061111450e-02
4.292638599872589111e-01
9.299263358116149902e-01
1.313534677028656006e-01
7.903505563735961914e-01
6.294356584548950195e-01
4.913238584995269775e-01
3.299790024757385254e-01
8.890333771705627441e-01
7.395278811454772949e-01
1.466662883758544922e-01
8.407432436943054199e-01
2.837798595428466797e-01
7.662656903266906738e-01
2.306108474731445312e-01
8.124697953462600708e-02
1.312321051955223083e-02
5.655345320701599121e-01
1.386320143938064575e-01
5.734369903802871704e-02
1.976010352373123169e-01
9.655350446701049805e-01
1.417756527662277222e-01
2.902673743665218353e-02
1.340480446815490723e-01
4.499420896172523499e-02
2.031998336315155029e-01
1.819343119859695435e-01
6.426917761564254761e-02
4.012122377753257751e-02
6.260581612586975098e-01
2.119173854589462280e-01
8.458607196807861328e-01
8.188458085060119629e-01
9.437564015388488770e-01
1.354227364063262939e-01
1.317915767431259155e-01
4.016964733600616455e-01
8.052991628646850586e-01
8.366959542036056519e-02
3.136613965034484863e-01
6.953445076942443848e-01
2.188386581838130951e-02
9.317207336425781250e-01
9.264517575502395630e-02
4.435160756111145020e-01
1.989103853702545166e-02
3.359528779983520508e-01
1.482371985912322998e-01
6.069293022155761719e-01
2.076865136623382568e-01
3.202151954174041748e-01
1.279320418834686279e-01
6.595958471298217773e-01
2.250162661075592041e-01
5.737987533211708069e-02
2.314087003469467163e-01
1.946013718843460083e-01
2.831486798822879791e-02
1.141477450728416443e-01
2.152280956506729126e-01
6.132635474205017090e-01
2.905535399913787842e-01
8.841127753257751465e-01
5.943093895912170410e-01
1.195546686649322510e-01
