2.742674387991428375e-02
8.651782870292663574e-01
4.831961169838905334e-02
5.602919459342956543e-01
5.983319506049156189e-02
8.091805130243301392e-02
4.313847124576568604e-01
6.266234070062637329e-02
7.142145037651062012e-01
7.536407560110092163e-02
4.501188397407531738e-01
9.973498433828353882e-02
7.587495446205139160e-01
4.386716783046722412e-01
1.862828135490417480e-01
2.614794075489044189e-01
1.632938086986541748e-01
5.435027480125427246e-01
9.725239872932434082e-01
2.286850363016128540e-01
7.353553175926208496e-01
8.938455581665039062e-01
1.293653249740600586e-01
1.448501348495483398e-01
3.354407846927642822e-01
2.652586996555328369e-02
6.052792668342590332e-01
2.059132158756256104e-01
1.806350648403167725e-01
1.695960462093353271e-01
6.181852146983146667e-02
1.450097560882568359e-02
4.679080545902252197e-01
3.863303735852241516e-02
2.172059565782546997e-01
8.852043002843856812e-02
1.491182893514633179e-01
4.171212762594223022e-02
4.094278216361999512e-01
9.395584464073181152e-01
8.467874675989151001e-02
1.194694563746452332e-01
1.148860231041908264e-01
2.540012598037719727e-01
2.945691347122192383e-02
1.380548477172851562e-01
9.328313171863555908e-02
2.868426144123077393e-01
2.461106702685356140e-02
8.345686793327331543e-01
1.493988335132598877e-01
3.199132531881332397e-02
1.435653716325759888e-01
1.025222986936569214e-01
1.148702129721641541e-01
5.970163643360137939e-02
8.830558657646179199e-01
9.209477901458740234e-02
1.323340237140655518e-01
1.470153778791427612e-01
2.379521280527114868e-01
1.221136823296546936e-01
2.060853131115436554e-02
1.390922665596008301e-01
1.489341408014297485e-01
2.397365421056747437e-01
5.100829154253005981e-02
1.295705139636993408e-01
4.829159379005432129e-01
2.166697382926940918e-01
1.077668294310569763e-01
7.359703183174133301e-01
5.548858642578125000e-01
4.386556148529052734e-02
5.201123356819152832e-01
8.662176132202148438e-02
2.669302932918071747e-02
1.375176012516021729e-02
1.837923228740692139e-01
1.144455373287200928e-01
8.061659932136535645e-01
2.219881713390350342e-01
8.145691156387329102e-01
8.986340761184692383e-01
9.733768105506896973e-01
6.135569214820861816e-01
9.912523627281188965e-02
6.622069329023361206e-02
5.436202883720397949e-01
3.136831820011138916e-01
5.956155061721801758e-01
1.046560779213905334e-01
1.428469121456146240e-01
4.906245470046997070e-01
2.720011472702026367e-01
4.741217792034149170e-01
3.955660462379455566e-01
6.703784465789794922e-01
1.220444366335868835e-01
5.518038570880889893e-02
6.705965399742126465e-01
1.778935492038726807e-01
3.316030502319335938e-01
2.573978900909423828e-01
3.710513114929199219e-01
5.598967522382736206e-02
3.964283317327499390e-02
2.259089648723602295e-01
2.746655642986297607e-01
1.905506253242492676e-01
8.579561859369277954e-02
2.484686300158500671e-02
4.053585976362228394e-02
9.605811238288879395e-01
1.029080301523208618e-01
8.341645449399948120e-02
9.201881289482116699e-01
3.514643013477325439e-02
2.693498134613037109e-01
7.249350547790527344e-01
1.058304402977228165e-02
1.037407591938972473e-01
2.413270175457000732e-01
7.383875250816345215e-01
8.537093400955200195e-01
2.748002298176288605e-02
1.723552793264389038e-01
2.870125509798526764e-02
3.174545988440513611e-02
1.465149223804473877e-01
9.581953883171081543e-01
1.560143530368804932e-01
9.194736480712890625e-01
2.457075119018554688e-01
6.682493686676025391e-01
4.931253790855407715e-01
8.092967271804809570e-01
1.446984559297561646e-01
3.776623308658599854e-01
2.487669512629508972e-02
6.279057860374450684e-01
2.911197841167449951e-01
4.407319426536560059e-01
3.621484339237213135e-01
1.239754706621170044e-01
3.223453834652900696e-02
5.468134880065917969e-01
2.350682020187377930e-01
4.343560039997100830e-01
1.046010330319404602e-01
9.780178219079971313e-02
3.382243961095809937e-02
1.452810615301132202e-01
3.413556814193725586e-01
7.419425994157791138e-02
4.407320171594619751e-02
1.372072994709014893e-01
1.236986070871353149e-01
1.813658922910690308e-01
8.545337319374084473e-01
1.834554076194763184e-01
8.222197890281677246e-01
1.374503821134567261e-01
2.575809061527252197e-01
7.287529110908508301e-01
4.108057022094726562e-01
1.254092156887054443e-01
2.560419142246246338e-01
1.014453768730163574e-01
6.363951563835144043e-01
7.582024484872817993e-02
7.228270173072814941e-02
6.169216632843017578e-01
5.402090549468994141e-01
7.209802418947219849e-02
9.714800715446472168e-01
2.523905634880065918e-01
4.065841808915138245e-02
7.061669230461120605e-01
1.996335089206695557e-01
1.217208281159400940e-01
1.860903576016426086e-02
5.853033438324928284e-02
1.741422712802886963e-01
6.475879251956939697e-02
1.598851382732391357e-01
4.136876761913299561e-01
5.502126216888427734e-01
6.528418660163879395e-01
4.064727127552032471e-01
9.403221309185028076e-02
8.956556916236877441e-01
6.212582811713218689e-02
5.080485939979553223e-01
3.056263923645019531e-01
5.261374115943908691e-01
8.019264787435531616e-02
8.479104936122894287e-02
6.093152165412902832e-01
2.520877495408058167e-02
3.542124480009078979e-02
2.767531946301460266e-02
8.417596220970153809e-01
2.825381755828857422e-01
8.653913736343383789e-01
8.881842494010925293e-01
6.978278160095214844e-01
3.926312178373336792e-02
9.815502166748046875e-01
3.648797273635864258e-01
8.843164145946502686e-02
3.119687549769878387e-02
1.175119951367378235e-01
4.615366756916046143e-01
2.075991034507751465e-01
1.901255734264850616e-02
4.306915700435638428e-01
6.569509506225585938e-01
8.645405769348144531e-01
3.281679749488830566e-02
8.866030573844909668e-01
9.654631614685058594e-01
7.300345897674560547e-01
8.017127960920333862e-02
7.232665270566940308e-02
1.561062932014465332e-01
5.730273127555847168e-01
3.785034716129302979e-01
1.167459189891815186e-01
4.437245726585388184e-01
6.418354511260986328e-01
8.658942580223083496e-01
1.322693526744842529e-01
8.086866736412048340e-01
7.578260302543640137e-01
4.234200417995452881e-01
6.629686951637268066e-01
9.653089046478271484e-01
1.245072931051254272e-01
2.867672145366668701e-01
5.692086815834045410e-01
8.420058339834213257e-02
3.320457339286804199e-01
1.087094247341156006e-01
1.354869306087493896e-01
4.461981728672981262e-02
3.371576219797134399e-02
9.799039363861083984e-01
8.483458310365676880e-02
6.612817645072937012e-01
3.757842481136322021e-01
6.264809519052505493e-02
1.211644187569618225e-01
1.190495416522026062e-01
1.307804286479949951e-01
8.581691980361938477e-02
1.393391042947769165e-01
4.818486273288726807e-01
4.188264906406402588e-02
4.720018804073333740e-01
2.318889498710632324e-01
5.588105320930480957e-01
3.593949079513549805e-01
1.541638076305389404e-01
1.871601939201354980e-01
4.790134429931640625e-01
1.861920803785324097e-01
2.538417279720306396e-01
1.883127093315124512e-01
6.988601088523864746e-01
5.966739654541015625e-01
9.353807568550109863e-01
3.511183559894561768e-01
3.037672936916351318e-01
5.450310707092285156e-01
8.691468834877014160e-02
7.984282374382019043e-01
1.017398461699485779e-01
8.159745931625366211e-01
8.621342480182647705e-02
1.250358819961547852e-01
9.586854577064514160e-01
3.433351963758468628e-02
3.781452178955078125e-01
5.160675048828125000e-01
2.203254550695419312e-01
5.589597299695014954e-02
7.951422780752182007e-02
4.015123844146728516e-01
4.827682301402091980e-02
5.709450691938400269e-02
7.858819961547851562e-01
7.110930085182189941e-01
6.139821931719779968e-02
9.593326598405838013e-02
3.413224592804908752e-02
7.533978670835494995e-02
8.111056685447692871e-01
5.399791002273559570e-01
7.745750993490219116e-02
9.219493865966796875e-01
4.446466565132141113e-01
1.792892962694168091e-01
1.724248230457305908e-01
5.281573906540870667e-02
9.398967027664184570e-02
8.730719238519668579e-02
4.006593525409698486e-01
8.645573258399963379e-01
4.212252497673034668e-01
3.840326368808746338e-01
5.613254755735397339e-02
1.550993919372558594e-01
1.069443821907043457e-01
5.412685275077819824e-01
8.182524889707565308e-02
9.432449936866760254e-01
7.235160470008850098e-01
3.248167037963867188e-01
3.249129280447959900e-02
6.300793886184692383e-01
1.427448838949203491e-01
4.068975448608398438e-01
8.938394188880920410e-01
2.808495163917541504e-01
3.896730840206146240e-01
1.895472407341003418e-01
1.491790730506181717e-02
2.996633201837539673e-02
5.002044513821601868e-02
4.551106691360473633e-02
6.997885555028915405e-02
3.458073735237121582e-01
2.492442727088928223e-02
7.581545412540435791e-02
8.788067698478698730e-01
2.391188591718673706e-01
9.245954453945159912e-02
9.213926643133163452e-02
1.484978348016738892e-01
3.265161812305450439e-02
1.393294632434844971e-01
5.862885117530822754e-01
4.375500380992889404e-01
7.666894197463989258e-01
5.606098100543022156e-02
1.170537471771240234e-01
3.156607449054718018e-01
9.479229152202606201e-02
8.314145803451538086e-01
3.514174744486808777e-02
6.943286210298538208e-02
3.727082163095474243e-02
1.019513234496116638e-01
4.109884500503540039e-01
1.373539716005325317e-01
6.866535544395446777e-01
9.912775456905364990e-02
7.465789467096328735e-02
2.601938247680664062e-01
6.772278994321823120e-02
4.993714988231658936e-01
2.225285768508911133e-01
1.052046492695808411e-01
6.602423787117004395e-01
3.595932722091674805e-01
1.356130987405776978e-01
9.693779349327087402e-01
5.513709038496017456e-02
1.073435693979263306e-01
2.255350351333618164e-01
4.607164859771728516e-02
1.767988502979278564e-01
1.532269567251205444e-01
4.382023587822914124e-02
1.574164181947708130e-01
8.942896127700805664e-02
6.427752226591110229e-02
9.412634968757629395e-01
1.500293314456939697e-01
6.867198646068572998e-02
2.564526163041591644e-02
7.712281346321105957e-01
4.715354442596435547e-01
3.241310417652130127e-01
1.295050829648971558e-01
1.739763766527175903e-01
1.759944111108779907e-01
5.459218472242355347e-02
4.088002741336822510e-01
1.759651489555835724e-02
1.855922192335128784e-01
1.881351023912429810e-01
1.197870448231697083e-01
1.242873668670654297e-01
5.230084434151649475e-02
7.862585186958312988e-01
2.416571527719497681e-01
8.254929184913635254e-01
1.720727086067199707e-01
3.299759626388549805e-01
1.648374795913696289e-01
6.855792403221130371e-01
2.401099503040313721e-01
8.291256427764892578e-01
7.943840026855468750e-01
5.563291311264038086e-01
2.311920970678329468e-01
8.053582906723022461e-02
5.992168188095092773e-02
1.090008392930030823e-01
4.359900951385498047e-02
1.193545758724212646e-01
5.349938869476318359e-01
7.387229204177856445e-01
6.451971083879470825e-02
3.657260537147521973e-01
6.742171943187713623e-02
1.543437093496322632e-01
9.950823336839675903e-02
5.017378553748130798e-02
6.145213842391967773e-01
6.470263004302978516e-01
1.145141292363405228e-02
5.677305907011032104e-02
2.808175086975097656e-01
4.375083744525909424e-02
4.988636076450347900e-02
1.039882451295852661e-01
2.151501476764678955e-01
1.553810834884643555e-01
8.588983863592147827e-02
6.195324659347534180e-01
5.397099852561950684e-01
6.907226145267486572e-02
1.078772097826004028e-01
4.356764256954193115e-01
1.895005628466606140e-02
6.318051218986511230e-01
1.572601795196533203e-01
3.661582246422767639e-02
9.973526000976562500e-02
4.075842350721359253e-02
5.303192138671875000e-01
3.725057467818260193e-02
4.871591627597808838e-01
5.212511494755744934e-02
7.488150000572204590e-01
1.629845052957534790e-01
2.762775309383869171e-02
1.065365076065063477e-01
8.260954618453979492e-01
1.856414079666137695e-01
1.033224686980247498e-01
1.258719861507415771e-01
2.439555823802947998e-01
5.601644515991210938e-01
4.707007855176925659e-02
8.709313720464706421e-02
1.286586374044418335e-01
1.182480603456497192e-01
2.279866635799407959e-01
1.274246126413345337e-01
1.525775939226150513e-01
6.478957831859588623e-02
3.472035750746726990e-02
8.201137185096740723e-01
4.342623651027679443e-01
7.701887190341949463e-02
9.764966368675231934e-01
2.099428176879882812e-01
4.851532280445098877e-01
1.558114681392908096e-02
8.413009643554687500e-01
3.543885946273803711e-01
1.663044281303882599e-02
8.776677846908569336e-01
8.743933439254760742e-01
4.214659035205841064e-01
9.790235199034214020e-03
6.523216962814331055e-01
2.991772592067718506e-01
2.111200541257858276e-01
1.258550137281417847e-01
4.751832783222198486e-02
1.570422649383544922e-01
4.124595597386360168e-02
1.129282191395759583e-01
9.849698841571807861e-02
4.952878952026367188e-01
5.626729130744934082e-02
8.032701164484024048e-02
8.855671435594558716e-02
6.200918555259704590e-01
3.896559476852416992e-01
3.482357859611511230e-01
1.676734834909439087e-01
3.206027448177337646e-01
1.416166275739669800e-01
1.763338595628738403e-01
8.431681990623474121e-01
9.251056611537933350e-02
5.350610613822937012e-01
9.006429910659790039e-01
1.903544366359710693e-01
3.409896418452262878e-02
5.978372097015380859e-01
5.080629140138626099e-02
7.348629832267761230e-01
4.418244212865829468e-02
8.227018266916275024e-02
2.161494344472885132e-01
7.635448575019836426e-01
1.783631891012191772e-01
3.394114673137664795e-01
1.073435693979263306e-01
3.613356947898864746e-01
5.382735729217529297e-01
5.427415296435356140e-02
2.230243384838104248e-01
1.181264594197273254e-01
4.266384541988372803e-01
7.644126564264297485e-02
3.550877571105957031e-01
5.919060707092285156e-01
1.227377504110336304e-01
2.559091448783874512e-01
9.192999005317687988e-01
1.036230772733688354e-01
7.612270116806030273e-01
1.936377435922622681e-01
1.091445460915565491e-01
1.177646517753601074e-01
5.036651715636253357e-02
4.388592243194580078e-01
4.986833631992340088e-01
1.230556219816207886e-01
7.728224992752075195e-01
8.301495313644409180e-01
9.549354910850524902e-01
9.516318440437316895e-01
3.280377015471458435e-02
4.747166633605957031e-01
1.717898100614547729e-01
1.076439991593360901e-01
9.586800932884216309e-01
4.170816540718078613e-01
2.160843759775161743e-01
7.302016764879226685e-02
4.472915455698966980e-02
8.414486646652221680e-01
8.410610258579254150e-03
2.728065103292465210e-02
6.414319872856140137e-01
4.867737740278244019e-02
4.530532658100128174e-02
2.800145745277404785e-01
2.481396794319152832e-01
9.743605256080627441e-01
2.229456044733524323e-02
1.404979228973388672e-01
2.844448089599609375e-01
7.520880699157714844e-01
9.759591221809387207e-01
3.476304560899734497e-02
7.514674067497253418e-01
5.070019140839576721e-02
4.656950533390045166e-01
8.981808274984359741e-02
8.354433178901672363e-01
6.075084209442138672e-01
1.772045046091079712e-01
1.453765183687210083e-01
8.634272217750549316e-01
2.538509853184223175e-02
3.621681779623031616e-02
5.812878012657165527e-01
1.264650281518697739e-02
6.028812751173973083e-02
5.492032766342163086e-01
4.046332538127899170e-01
2.305565588176250458e-02
6.969255208969116211e-01
2.161722183227539062e-01
1.958682388067245483e-01
2.245625853538513184e-02
2.944047152996063232e-01
8.516741394996643066e-01
6.727252006530761719e-01
7.645988464355468750e-01
2.229096740484237671e-01
1.400604248046875000e-01
3.372873738408088684e-02
2.478761225938796997e-01
2.094143480062484741e-01
8.187617361545562744e-02
6.063255295157432556e-02
8.089651465415954590e-01
8.958824872970581055e-01
7.956855297088623047e-01
5.711802467703819275e-02
6.186333894729614258e-01
1.511535793542861938e-01
7.621156424283981323e-02
8.477152585983276367e-01
2.295320779085159302e-01
1.856774985790252686e-01
3.606078773736953735e-02
7.216335088014602661e-02
5.711787939071655273e-02
2.454517483711242676e-01
8.109288215637207031e-01
1.983351856470108032e-01
1.867176033556461334e-02
1.399443596601486206e-01
2.020628750324249268e-01
4.506683945655822754e-01
3.779235109686851501e-02
1.893422901630401611e-01
4.054585397243499756e-01
8.636786937713623047e-01
1.237676665186882019e-01
5.925399437546730042e-02
1.276904940605163574e-01
5.556356310844421387e-01
4.990533590316772461e-01
2.425719238817691803e-02
1.255259513854980469e-01
8.844476938247680664e-01
5.706315040588378906e-01
3.706389069557189941e-01
6.071376428008079529e-02
9.021133184432983398e-02
7.911201119422912598e-01
2.743261754512786865e-01
2.285016030073165894e-01
2.584168016910552979e-01
4.291588366031646729e-01
9.729128330945968628e-02
7.880569994449615479e-02
5.114822089672088623e-02
4.053231775760650635e-01
2.128628045320510864e-01
1.819996163249015808e-02
5.027548596262931824e-02
6.775373816490173340e-01
1.089617758989334106e-01
8.397713899612426758e-01
6.697875261306762695e-02
2.574652433395385742e-01
8.674406260251998901e-02
1.422220915555953979e-01
7.851658463478088379e-01
9.175364375114440918e-01
1.996043696999549866e-02
9.717565774917602539e-01
9.279362559318542480e-01
7.201589941978454590e-01
2.472377866506576538e-01
5.198229551315307617e-01
3.869190439581871033e-02
3.850166797637939453e-01
7.319791913032531738e-01
8.003599643707275391e-01
7.111186981201171875e-01
1.841747760772705078e-01
4.294321313500404358e-02
4.625304415822029114e-02
7.020677924156188965e-01
8.203209191560745239e-02
1.925028711557388306e-01
4.045835733413696289e-01
6.433781981468200684e-01
4.263868927955627441e-01
2.160719484090805054e-01
2.473722845315933228e-01
1.447858959436416626e-01
2.500596344470977783e-01
4.603531360626220703e-01
5.166341662406921387e-01
2.221436984837055206e-02
2.334327548742294312e-01
6.684787571430206299e-02
4.357528388500213623e-01
6.307554841041564941e-01
3.746048808097839355e-01
1.501994580030441284e-01
4.245703294873237610e-02
2.935285568237304688e-01
9.827886223793029785e-01
4.185579717159271240e-01
7.560392618179321289e-01
2.932438254356384277e-02
4.018770903348922729e-02
3.196927905082702637e-02
9.647337794303894043e-01
1.004275232553482056e-01
5.562002658843994141e-01
4.869993031024932861e-01
3.470713496208190918e-01
1.001187190413475037e-01
5.509034171700477600e-02
7.576725482940673828e-01
9.401620626449584961e-01
4.216473177075386047e-02
1.623890101909637451e-01
9.411631822586059570e-01
1.126313731074333191e-01
6.278873234987258911e-02
3.345952928066253662e-01
2.121753692626953125e-01
1.048434749245643616e-01
5.535534396767616272e-02
3.337218165397644043e-01
3.799628093838691711e-02
7.565068453550338745e-02
9.105482697486877441e-02
5.670795217156410217e-02
5.603761672973632812e-01
2.358180880546569824e-01
4.143117740750312805e-02
2.753594145178794861e-02
4.382398352026939392e-02
2.353830263018608093e-02
1.553617268800735474e-01
7.251837104558944702e-02
1.425352692604064941e-01
2.568876370787620544e-02
3.244630992412567139e-01
9.687188267707824707e-01
4.528822004795074463e-02
3.080383837223052979e-01
1.603026539087295532e-01
3.641492128372192383e-01
3.485181331634521484e-01
4.376115649938583374e-02
4.333206713199615479e-01
9.542564749717712402e-01
1.270159929990768433e-01
5.123266577720642090e-02
5.205921083688735962e-02
7.059645652770996094e-02
2.122704237699508667e-01
6.156272888183593750e-01
2.452606260776519775e-01
1.610205620527267456e-01
9.147392511367797852e-01
2.597160339355468750e-01
2.465579658746719360e-01
2.402293533086776733e-01
4.808606207370758057e-02
7.530773282051086426e-01
4.646896570920944214e-02
1.883822865784168243e-02
9.223620295524597168e-01
8.927970528602600098e-01
7.783381342887878418e-01
6.077714562416076660e-01
5.421798303723335266e-02
2.162253558635711670e-01
8.644566684961318970e-02
2.014795094728469849e-01
4.579947590827941895e-01
9.282856434583663940e-02
7.007981091737747192e-02
1.074851304292678833e-01
1.240380480885505676e-01
8.514732718467712402e-01
5.680896043777465820e-01
2.592122554779052734e-01
1.070802733302116394e-01
8.519062995910644531e-01
8.467152714729309082e-01
1.709793955087661743e-01
9.530525207519531250e-01
2.491683959960937500e-01
4.572598636150360107e-01
4.924089461565017700e-02
7.922537922859191895e-01
7.968503981828689575e-02
2.006541788578033447e-01
8.235823512077331543e-01
1.214468628168106079e-01
7.869005203247070312e-01
7.687050849199295044e-02
9.129498153924942017e-02
2.435951381921768188e-01
5.013288855552673340e-01
3.522692620754241943e-01
9.238155484199523926e-01
7.248299568891525269e-02
1.530958116054534912e-01
1.932477578520774841e-02
8.492856025695800781e-01
5.889828130602836609e-02
3.929843753576278687e-02
9.337886571884155273e-01
8.718723058700561523e-01
6.445375084877014160e-01
1.092386171221733093e-01
2.452414631843566895e-01
3.705461621284484863e-01
7.351558804512023926e-01
1.018044650554656982e-01
7.971683144569396973e-01
2.737916819751262665e-02
3.176056444644927979e-01
4.267954826354980469e-02
5.674202442169189453e-01
5.724348127841949463e-02
4.230679273605346680e-01
2.955396473407745361e-01
2.572399973869323730e-01
3.810767829418182373e-01
6.456141918897628784e-02
6.707763075828552246e-01
8.394624590873718262e-01
6.685782223939895630e-02
5.187292098999023438e-01
6.552667170763015747e-02
3.134185969829559326e-01
8.557435274124145508e-01
2.568775713443756104e-01
1.376381963491439819e-01
1.347059309482574463e-01
2.631244249641895294e-02
1.655542552471160889e-01
7.892519235610961914e-02
2.673996388912200928e-01
9.684311747550964355e-01
3.349412679672241211e-01
8.435078263282775879e-01
2.357264310121536255e-01
3.483301401138305664e-01
1.327883601188659668e-01
7.164176553487777710e-02
4.394957795739173889e-02
3.296089172363281250e-02
1.132338196039199829e-01
9.372069835662841797e-01
7.689563035964965820e-01
6.899141520261764526e-02
7.160840928554534912e-02
6.307950615882873535e-01
9.475858807563781738e-01
5.773930549621582031e-01
1.347984820604324341e-01
2.210869342088699341e-01
7.381673455238342285e-01
4.257144033908843994e-01
6.769616603851318359e-01
2.407395653426647186e-02
9.577090740203857422e-01
8.925522565841674805e-01
2.336968481540679932e-01
8.552315831184387207e-01
3.739693462848663330e-01
2.489107847213745117e-02
4.029442965984344482e-01
1.823094636201858521e-01
8.655595183372497559e-01
1.517513841390609741e-01
4.029453694820404053e-01
4.746516048908233643e-02
1.046254262328147888e-01
6.899135708808898926e-01
7.751009464263916016e-01
6.568435430526733398e-01
2.124767377972602844e-02
4.420955851674079895e-02
3.494281470775604248e-01
7.990024238824844360e-02
3.748175203800201416e-01
1.359507739543914795e-01
1.446200460195541382e-01
8.209227919578552246e-01
9.061966538429260254e-01
4.324336722493171692e-02
8.088045567274093628e-02
1.073435693979263306e-01
1.769017055630683899e-02
6.177417561411857605e-02
7.648473978042602539e-02
7.501234412193298340e-01
1.468341946601867676e-01
3.088870085775852203e-02
3.936827480792999268e-01
2.959039211273193359e-01
3.219919651746749878e-02
3.874635994434356689e-01
5.186593160033226013e-02
5.477029681205749512e-01
1.148338317871093750e-01
1.203345209360122681e-01
4.017779529094696045e-01
3.463602811098098755e-02
4.609267115592956543e-01
7.113332301378250122e-02
5.866133049130439758e-02
6.769151985645294189e-02
4.986584931612014771e-02
4.941396713256835938e-01
1.431801915168762207e-01
6.514333188533782959e-02
6.228828802704811096e-02
2.015659809112548828e-01
5.897567272186279297e-01
3.743420243263244629e-01
7.433549314737319946e-02
9.867369383573532104e-02
4.535120129585266113e-01
4.292228519916534424e-01
4.469212144613265991e-02
9.865100979804992676e-01
7.400272488594055176e-01
2.037842571735382080e-01
3.194387257099151611e-02
2.700612246990203857e-01
9.497091174125671387e-02
1.018226668238639832e-01
1.583369970321655273e-01
1.919965147972106934e-01
5.200595855712890625e-01
7.901644706726074219e-01
6.934885382652282715e-01
7.042421400547027588e-02
1.303605139255523682e-01
2.158123254776000977e-01
2.371964007616043091e-01
5.567842125892639160e-01
2.637330591678619385e-01
5.534539222717285156e-01
2.843758761882781982e-01
9.691721200942993164e-01
6.410069018602371216e-02
1.539935469627380371e-01
9.297237396240234375e-01
2.030073851346969604e-01
5.971813201904296875e-01
4.065291285514831543e-01
3.881552815437316895e-01
1.615737676620483398e-01
9.397892951965332031e-01
7.242537140846252441e-01
8.168843388557434082e-02
8.225621581077575684e-01
2.048192024230957031e-01
8.016623854637145996e-01
2.627309262752532959e-01
5.702189728617668152e-02
1.718292385339736938e-02
3.766002357006072998e-01
1.028673350811004639e-01
7.769708335399627686e-02
1.553294211626052856e-01
9.545124769210815430e-01
1.114620491862297058e-01
2.232888713479042053e-02
1.416996866464614868e-01
2.660317346453666687e-02
2.076644301414489746e-01
1.184464544057846069e-01
1.090243831276893616e-01
2.990589663386344910e-02
3.309283256530761719e-01
1.776086390018463135e-01
7.016892433166503906e-01
7.715553045272827148e-01
9.449365139007568359e-01
6.146004796028137207e-02
9.789707511663436890e-02
3.694023191928863525e-01
8.073375225067138672e-01
6.071480363607406616e-02
2.024097144603729248e-01
6.117780804634094238e-01
2.240244299173355103e-02
9.391125440597534180e-01
4.177140071988105774e-02
4.832767844200134277e-01
1.638314872980117798e-02
1.199417114257812500e-01
4.223404079675674438e-02
7.556041479110717773e-01
6.344455480575561523e-02
1.714413911104202271e-01
1.123311743140220642e-01
3.694939017295837402e-01
1.056932210922241211e-01
5.259883031249046326e-02
2.436545193195343018e-01
1.760582625865936279e-01
2.730198763310909271e-02
1.424839794635772705e-01
5.119409412145614624e-02
5.031195282936096191e-01
1.880530267953872681e-01
9.389730691909790039e-01
5.985870957374572754e-01
1.652876287698745728e-01
