2.118745073676109314e-02
9.383599758148193359e-01
4.186768084764480591e-02
5.033681392669677734e-01
4.330688342452049255e-02
4.979062452912330627e-02
3.352925479412078857e-01
1.297373622655868530e-01
8.176092505455017090e-01
6.244659423828125000e-02
3.962999582290649414e-01
8.909691870212554932e-02
7.552424669265747070e-01
5.228023529052734375e-01
7.224289327859878540e-02
1.999827325344085693e-01
1.458308100700378418e-01
5.902101397514343262e-01
9.781993031501770020e-01
3.829974532127380371e-01
7.203762531280517578e-01
8.454360961914062500e-01
7.605460286140441895e-02
6.337463855743408203e-02
2.733356654644012451e-01
5.268722400069236755e-02
5.943334102630615234e-01
1.329624801874160767e-01
1.964402645826339722e-01
1.319091022014617920e-01
1.987342983484268188e-01
7.582568097859621048e-03
3.887067735195159912e-01
2.583061158657073975e-02
1.134661287069320679e-01
5.932030081748962402e-02
1.519885212182998657e-01
6.708735227584838867e-02
4.601638317108154297e-01
9.224744439125061035e-01
1.106212586164474487e-01
1.311766207218170166e-01
7.438129186630249023e-02
1.269238889217376709e-01
3.978248685598373413e-02
1.915381103754043579e-01
8.941631764173507690e-02
1.913229227066040039e-01
1.712393388152122498e-02
8.266488909721374512e-01
1.338300108909606934e-01
1.585331186652183533e-02
2.090697139501571655e-01
9.026245772838592529e-02
8.518545329570770264e-02
5.224484577775001526e-02
8.503051996231079102e-01
4.792300611734390259e-02
1.108566075563430786e-01
1.950226277112960815e-01
2.265624701976776123e-01
1.320135146379470825e-01
2.679824829101562500e-02
1.003306061029434204e-01
9.790839254856109619e-02
1.831174045801162720e-01
3.480353951454162598e-02
4.027448594570159912e-02
3.837597668170928955e-01
2.730005979537963867e-01
4.248823225498199463e-02
7.036340832710266113e-01
6.010721325874328613e-01
4.057172313332557678e-02
4.205647110939025879e-01
6.110124662518501282e-02
2.578685060143470764e-02
6.828195881098508835e-03
1.456144303083419800e-01
1.029715836048126221e-01
7.218464612960815430e-01
1.938794553279876709e-01
5.858792662620544434e-01
8.174190521240234375e-01
9.706173539161682129e-01
4.860568344593048096e-01
4.752885177731513977e-02
6.059154123067855835e-02
5.040388703346252441e-01
3.212589025497436523e-01
5.878077745437622070e-01
6.648147851228713989e-02
9.486305713653564453e-02
4.214410185813903809e-01
1.781327277421951294e-01
5.048107504844665527e-01
3.476724624633789062e-01
6.383488178253173828e-01
8.375696092844009399e-02
7.082809507846832275e-02
7.122690081596374512e-01
8.354362100362777710e-02
2.710258066654205322e-01
1.623037904500961304e-01
3.496633768081665039e-01
1.094781681895256042e-01
4.572028666734695435e-02
2.867271900177001953e-01
2.528940737247467041e-01
1.448964774608612061e-01
2.056201547384262085e-01
2.232601493597030640e-02
2.998723462224006653e-02
9.347939491271972656e-01
7.284960895776748657e-02
6.082424893975257874e-02
8.936873674392700195e-01
2.343035116791725159e-02
1.281025856733322144e-01
6.994854211807250977e-01
7.790858391672372818e-03
6.213917583227157593e-02
1.739748418331146240e-01
6.957823038101196289e-01
8.392547369003295898e-01
4.130454733967781067e-02
8.777559548616409302e-02
5.507382377982139587e-02
2.580318041145801544e-02
7.418845593929290771e-02
9.586175084114074707e-01
9.846466034650802612e-02
8.922991752624511719e-01
3.001586496829986572e-01
7.625080943107604980e-01
4.086028337478637695e-01
8.700289726257324219e-01
2.199570089578628540e-01
4.188556373119354248e-01
2.171609736979007721e-02
6.954193115234375000e-01
2.837979495525360107e-01
4.214705824851989746e-01
1.874581128358840942e-01
1.533460617065429688e-01
2.238934300839900970e-02
6.583738327026367188e-01
4.557258188724517822e-01
3.509854376316070557e-01
7.113154232501983643e-02
6.989114731550216675e-02
9.431367367506027222e-02
1.374587416648864746e-01
1.644757837057113647e-01
1.356643885374069214e-01
6.783454120159149170e-02
1.171406358480453491e-01
7.739597558975219727e-02
2.216761559247970581e-01
7.314748764038085938e-01
1.661804169416427612e-01
7.857361435890197754e-01
1.249302998185157776e-01
1.889006197452545166e-01
5.847537517547607422e-01
4.645218253135681152e-01
3.095760643482208252e-01
2.989012002944946289e-01
7.704260945320129395e-02
6.170352697372436523e-01
6.683502346277236938e-02
5.273434892296791077e-02
4.351794719696044922e-01
7.061714529991149902e-01
5.907704681158065796e-02
9.502140283584594727e-01
4.209491908550262451e-01
4.473882168531417847e-02
6.689717173576354980e-01
1.919706910848617554e-01
1.369021981954574585e-01
3.215501829981803894e-02
7.254522293806076050e-02
1.476794332265853882e-01
4.225239530205726624e-02
1.084724366664886475e-01
2.404142171144485474e-01
5.633175969123840332e-01
6.173491477966308594e-01
5.621082782745361328e-01
7.266590744256973267e-02
8.729087710380554199e-01
4.193027317523956299e-02
5.309281349182128906e-01
1.847396194934844971e-01
5.632776021957397461e-01
5.362171679735183716e-02
1.130032837390899658e-01
6.079292893409729004e-01
2.351944334805011749e-02
3.024842962622642517e-02
2.046281844377517700e-02
7.902420759201049805e-01
1.236496642231941223e-01
7.267403602600097656e-01
8.909951448440551758e-01
7.466393709182739258e-01
3.609220311045646667e-02
9.790801405906677246e-01
3.445999026298522949e-01
8.738836646080017090e-02
1.439919043332338333e-02
6.871092319488525391e-02
4.505026042461395264e-01
1.604774445295333862e-01
1.121328771114349365e-02
5.102119445800781250e-01
5.897058248519897461e-01
7.806825637817382812e-01
4.418792203068733215e-02
8.588852882385253906e-01
9.662243127822875977e-01
5.072702765464782715e-01
1.333592385053634644e-01
3.547834232449531555e-02
1.117953285574913025e-01
6.418600678443908691e-01
4.613892734050750732e-01
1.602013260126113892e-01
3.751321732997894287e-01
4.291357398033142090e-01
8.883834481239318848e-01
6.627425551414489746e-02
8.790133595466613770e-01
7.725073695182800293e-01
3.158845305442810059e-01
6.249825358390808105e-01
9.543600082397460938e-01
1.044682860374450684e-01
2.779179513454437256e-01
4.654581546783447266e-01
5.885490775108337402e-02
3.619352877140045166e-01
1.556889265775680542e-01
1.634169965982437134e-01
1.141488850116729736e-01
3.259484842419624329e-02
9.679833054542541504e-01
7.752655446529388428e-02
6.066276431083679199e-01
1.223804801702499390e-01
4.833391308784484863e-02
8.233544230461120605e-02
6.789127737283706665e-02
9.848006814718246460e-02
4.520063847303390503e-02
2.023709714412689209e-01
4.601855874061584473e-01
6.762319058179855347e-02
4.687584638595581055e-01
1.374958157539367676e-01
3.670115470886230469e-01
3.125914633274078369e-01
7.049254328012466431e-02
2.250633984804153442e-01
3.920228779315948486e-01
1.054822430014610291e-01
1.748084127902984619e-01
1.402347683906555176e-01
7.460407018661499023e-01
6.353497505187988281e-01
9.080219268798828125e-01
4.148516952991485596e-01
3.238391578197479248e-01
6.213805079460144043e-01
7.483395934104919434e-02
8.398433327674865723e-01
6.952591240406036377e-02
7.850456833839416504e-01
6.631860882043838501e-02
1.012407764792442322e-01
9.148377180099487305e-01
8.005853742361068726e-02
4.067097008228302002e-01
4.491223394870758057e-01
1.836626380681991577e-01
5.929270014166831970e-02
1.739135980606079102e-01
3.663424551486968994e-01
6.630063802003860474e-02
6.737391650676727295e-02
7.437664866447448730e-01
6.871527433395385742e-01
1.511152237653732300e-01
4.720099642872810364e-02
2.052378095686435699e-02
6.955532729625701904e-02
7.235897183418273926e-01
2.146795839071273804e-01
6.926584243774414062e-02
9.209033250808715820e-01
2.670994102954864502e-01
1.286934465169906616e-01
1.179798468947410583e-01
8.689833432435989380e-02
5.698534101247787476e-02
1.405202299356460571e-01
3.996360003948211670e-01
8.308243751525878906e-01
4.527284801006317139e-01
2.775363028049468994e-01
7.775458693504333496e-02
8.340004086494445801e-02
4.105382412672042847e-02
4.445411860942840576e-01
1.462367624044418335e-01
9.424324035644531250e-01
7.188823819160461426e-01
2.059941589832305908e-01
2.166027016937732697e-02
5.523779392242431641e-01
1.388204395771026611e-01
5.721967816352844238e-01
8.585863709449768066e-01
3.471584916114807129e-01
2.981251478195190430e-01
1.026603579521179199e-01
2.669277787208557129e-02
3.276968002319335938e-02
3.823697566986083984e-02
3.054170124232769012e-02
5.029225349426269531e-02
2.705942392349243164e-01
3.627526015043258667e-02
1.267936229705810547e-01
8.793058991432189941e-01
2.161740064620971680e-01
6.400383263826370239e-02
1.469881981611251831e-01
2.586143910884857178e-01
4.152661189436912537e-02
4.756483137607574463e-01
5.300244092941284180e-01
3.788994550704956055e-01
7.153718471527099609e-01
6.230353564023971558e-02
7.821905612945556641e-02
1.239364817738533020e-01
1.733109802007675171e-01
8.470112681388854980e-01
3.565844148397445679e-02
4.898550733923912048e-02
3.564741462469100952e-02
6.382995843887329102e-02
2.795021235942840576e-01
8.861315995454788208e-02
7.699972987174987793e-01
7.885052263736724854e-02
1.304242908954620361e-01
1.215577945113182068e-01
4.214881360530853271e-02
5.174739956855773926e-01
1.444454491138458252e-01
9.221633523702621460e-02
3.357915580272674561e-01
4.033311903476715088e-01
1.360798180103302002e-01
9.712619781494140625e-01
1.050763279199600220e-01
7.902508229017257690e-02
1.734102517366409302e-01
5.930860340595245361e-02
1.650849282741546631e-01
9.916184097528457642e-02
3.362515568733215332e-02
1.017822101712226868e-01
2.224971204996109009e-01
4.772743210196495056e-02
9.158070683479309082e-01
1.346356123685836792e-01
8.223503082990646362e-02
2.407252788543701172e-02
7.772207260131835938e-01
3.679602742195129395e-01
2.242524623870849609e-01
5.673908069729804993e-02
2.221722602844238281e-01
1.947206258773803711e-01
1.362622529268264771e-01
4.692843556404113770e-01
1.346389949321746826e-02
1.050971969962120056e-01
1.243516355752944946e-01
7.296075671911239624e-02
6.750612705945968628e-02
2.762639708817005157e-02
5.526143908500671387e-01
2.707214951515197754e-01
7.953339219093322754e-01
1.650831252336502075e-01
2.941161692142486572e-01
8.736121654510498047e-02
5.897626280784606934e-01
3.020107448101043701e-01
8.645972013473510742e-01
8.013120293617248535e-01
6.263078451156616211e-01
2.721008956432342529e-01
1.118769124150276184e-01
1.311588585376739502e-01
5.973804742097854614e-02
3.232726082205772400e-02
1.589491069316864014e-01
5.357546806335449219e-01
6.771508455276489258e-01
6.753648072481155396e-02
4.804862737655639648e-01
4.757785797119140625e-02
1.476963460445404053e-01
5.666345730423927307e-02
4.432118684053421021e-02
6.148162484169006348e-01
6.458186507225036621e-01
5.946109071373939514e-03
6.040866300463676453e-02
3.011557161808013916e-01
3.248387947678565979e-02
3.847256675362586975e-02
1.679209768772125244e-01
1.393169164657592773e-01
1.194913983345031738e-01
5.115448683500289917e-02
5.636436343193054199e-01
5.634135603904724121e-01
5.346950888633728027e-02
8.456370234489440918e-02
3.101612925529479980e-01
4.464489594101905823e-02
5.940812826156616211e-01
1.545123457908630371e-01
1.300475448369979858e-01
5.873226374387741089e-02
3.004406206309795380e-02
5.914467573165893555e-01
3.516675531864166260e-02
4.600388705730438232e-01
2.793525904417037964e-02
5.954971313476562500e-01
1.218484416604042053e-01
1.557837426662445068e-02
1.913587450981140137e-01
7.452322244644165039e-01
2.537260353565216064e-01
6.856449693441390991e-02
7.969362288713455200e-02
3.279241323471069336e-01
4.234373867511749268e-01
6.698554754257202148e-02
4.282248020172119141e-02
1.548280864953994751e-01
1.748141497373580933e-01
1.710621267557144165e-01
7.335460931062698364e-02
1.045487076044082642e-01
2.604979462921619415e-02
5.252615734934806824e-02
8.169257640838623047e-01
4.142929613590240479e-01
6.635157763957977295e-02
9.767088890075683594e-01
1.905906349420547485e-01
4.469964802265167236e-01
2.088162675499916077e-02
8.189840316772460938e-01
4.857073426246643066e-01
2.650978788733482361e-02
8.212448358535766602e-01
8.334851264953613281e-01
4.081038832664489746e-01
5.512501113116741180e-03
5.946552753448486328e-01
4.464908242225646973e-01
1.760182231664657593e-01
9.940661489963531494e-02
3.775244206190109253e-02
1.082925423979759216e-01
4.857210069894790649e-02
6.906165182590484619e-02
7.527098804712295532e-02
3.459796309471130371e-01
7.335744053125381470e-02
1.162523776292800903e-01
4.883727803826332092e-02
6.215969324111938477e-01
5.422859191894531250e-01
2.316477447748184204e-01
1.694229245185852051e-01
1.863875091075897217e-01
8.573579788208007812e-02
1.175107434391975403e-01
8.143994808197021484e-01
5.081354454159736633e-02
4.264479279518127441e-01
9.016528129577636719e-01
2.018256783485412598e-01
2.507315948605537415e-02
6.444791555404663086e-01
7.397701591253280640e-02
5.986921787261962891e-01
3.215697035193443298e-02
1.272554695606231689e-01
9.595884382724761963e-02
7.236292958259582520e-01
1.613386124372482300e-01
4.092520475387573242e-01
7.902508229017257690e-02
2.291573733091354370e-01
3.932631313800811768e-01
1.139062419533729553e-01
8.175083249807357788e-02
1.964651942253112793e-01
3.784204423427581787e-01
5.745610594749450684e-02
2.675907313823699951e-01
4.409435987472534180e-01
6.337081640958786011e-02
2.447574138641357422e-01
9.319979548454284668e-01
8.194952458143234253e-02
7.387149930000305176e-01
1.427554190158843994e-01
1.018856540322303772e-01
8.612285554409027100e-02
5.280674993991851807e-02
4.525777399539947510e-01
4.033481180667877197e-01
8.473908156156539917e-02
7.928336858749389648e-01
8.582966923713684082e-01
9.549553990364074707e-01
9.417181015014648438e-01
2.825040742754936218e-02
2.925038337707519531e-01
1.749937981367111206e-01
1.787497848272323608e-01
9.409531950950622559e-01
3.880883753299713135e-01
1.687579602003097534e-01
1.205289140343666077e-01
5.157836154103279114e-02
6.991201043128967285e-01
7.574491668492555618e-03
5.008538067340850830e-02
5.995846390724182129e-01
3.171162307262420654e-02
4.762346670031547546e-02
2.701608836650848389e-01
2.230275422334671021e-01
9.783537983894348145e-01
1.447970326989889145e-02
7.217888534069061279e-02
2.408268004655838013e-01
5.930101275444030762e-01
9.735556244850158691e-01
2.112130634486675262e-02
7.725827693939208984e-01
4.965202882885932922e-02
4.979996085166931152e-01
1.218683496117591858e-01
7.916555404663085938e-01
5.723664760589599609e-01
1.162818223237991333e-01
1.205813363194465637e-01
8.548291921615600586e-01
2.120419405400753021e-02
2.143209427595138550e-02
5.769303441047668457e-01
1.160470023751258850e-02
6.585193425416946411e-02
3.932614326477050781e-01
3.806145787239074707e-01
2.318346500396728516e-02
6.195487976074218750e-01
1.500387489795684814e-01
1.246503889560699463e-01
9.781668893992900848e-03
4.121103286743164062e-01
8.679441213607788086e-01
7.236884236335754395e-01
7.129692435264587402e-01
1.733785718679428101e-01
2.486493289470672607e-01
5.661481991410255432e-02
1.140142083168029785e-01
1.689122915267944336e-01
5.304541438817977905e-02
3.230509907007217407e-02
7.696600556373596191e-01
8.879169821739196777e-01
8.584221601486206055e-01
9.727840870618820190e-02
5.323927998542785645e-01
7.630397379398345947e-02
6.550428271293640137e-02
8.300765752792358398e-01
1.589541137218475342e-01
1.300591230392456055e-01
3.398467600345611572e-02
6.876512616872787476e-02
4.231373965740203857e-02
1.697405129671096802e-01
7.741508483886718750e-01
3.093188703060150146e-01
1.435346249490976334e-02
1.206132099032402039e-01
2.294659018516540527e-01
5.708366632461547852e-01
2.535779029130935669e-02
2.750528752803802490e-01
4.649929106235504150e-01
8.254894614219665527e-01
8.527674525976181030e-02
2.908268943428993225e-02
2.159771621227264404e-01
6.407048702239990234e-01
5.700476765632629395e-01
2.006487734615802765e-02
2.339098751544952393e-01
9.189448356628417969e-01
6.548514962196350098e-01
4.010683000087738037e-01
4.632122069597244263e-02
5.938104912638664246e-02
6.725834012031555176e-01
1.542199701070785522e-01
2.968743145465850830e-01
2.452977448701858521e-01
3.316590487957000732e-01
7.782423496246337891e-02
4.668919369578361511e-02
3.961508721113204956e-02
2.414388656616210938e-01
1.725878715515136719e-01
1.261379104107618332e-02
1.709377020597457886e-01
5.780110359191894531e-01
1.916667520999908447e-01
8.082914352416992188e-01
9.005821496248245239e-02
2.201709896326065063e-01
7.178495824337005615e-02
9.565068036317825317e-02
6.139781475067138672e-01
9.126402735710144043e-01
1.555761042982339859e-02
9.486364126205444336e-01
9.217982888221740723e-01
6.911294460296630859e-01
1.865861862897872925e-01
5.985991358757019043e-01
3.999991714954376221e-02
3.004578948020935059e-01
6.864663362503051758e-01
7.324967980384826660e-01
8.025505542755126953e-01
1.527784913778305054e-01
1.199146881699562073e-01
2.603030502796173096e-01
6.711525321006774902e-01
4.193003475666046143e-02
3.669663071632385254e-01
3.888145983219146729e-01
6.014149188995361328e-01
3.372528553009033203e-01
1.887789517641067505e-01
3.558012545108795166e-01
1.266542524099349976e-01
2.589954435825347900e-01
3.689400553703308105e-01
4.439889788627624512e-01
1.337926462292671204e-02
2.319666147232055664e-01
3.223986178636550903e-02
4.416147768497467041e-01
6.851143240928649902e-01
1.204080879688262939e-01
8.576996624469757080e-02
3.630790486931800842e-02
3.541716039180755615e-01
9.839860200881958008e-01
3.205184340476989746e-01
7.096261382102966309e-01
2.461888454854488373e-02
1.601001061499118805e-02
1.699678599834442139e-02
9.718137383460998535e-01
9.053315967321395874e-02
5.256118178367614746e-01
4.576268792152404785e-01
2.282294034957885742e-01
7.067264616489410400e-02
5.957180634140968323e-02
5.113493204116821289e-01
9.184318780899047852e-01
3.698789700865745544e-02
7.678340375423431396e-02
9.252254962921142578e-01
2.008652836084365845e-01
4.504445567727088928e-02
1.772661656141281128e-01
1.340181827545166016e-01
1.303793787956237793e-01
9.150881320238113403e-02
2.791877388954162598e-01
3.073669597506523132e-02
9.633369743824005127e-02
6.709814816713333130e-02
5.666783079504966736e-02
4.636341035366058350e-01
2.861649096012115479e-01
1.065895855426788330e-01
4.136097431182861328e-02
3.252850100398063660e-02
3.178450465202331543e-02
1.350832432508468628e-01
1.064619943499565125e-01
1.420295834541320801e-01
3.248737379908561707e-02
2.323361933231353760e-01
9.722682833671569824e-01
4.342084750533103943e-02
1.298479735851287842e-01
1.173847615718841553e-01
2.377608567476272583e-01
2.716092467308044434e-01
4.733796045184135437e-02
3.209133148193359375e-01
9.622668027877807617e-01
1.036574766039848328e-01
8.151254057884216309e-02
5.140954256057739258e-02
5.605693534016609192e-02
1.380536109209060669e-01
7.284743785858154297e-01
3.756728470325469971e-01
3.116690516471862793e-01
8.806010484695434570e-01
3.198063075542449951e-01
3.701514601707458496e-01
2.388878017663955688e-01
5.544794723391532898e-02
7.280495762825012207e-01
4.060762748122215271e-02
1.279702316969633102e-02
9.141278862953186035e-01
8.441214561462402344e-01
7.062408924102783203e-01
5.709032416343688965e-01
3.732078894972801208e-02
3.683215081691741943e-01
5.592574179172515869e-02
1.308451890945434570e-01
3.660923242568969727e-01
4.150942713022232056e-02
5.192451551556587219e-02
6.405672430992126465e-02
6.296546012163162231e-02
7.259986400604248047e-01
4.885346591472625732e-01
4.277026951313018799e-01
7.630661129951477051e-02
8.497107625007629395e-01
8.335934877395629883e-01
1.251249611377716064e-01
9.609673619270324707e-01
3.054113388061523438e-01
4.641764461994171143e-01
3.471228107810020447e-02
8.519803881645202637e-01
1.441419869661331177e-01
1.359501928091049194e-01
7.052039504051208496e-01
1.635414212942123413e-01
6.342493891716003418e-01
8.051732182502746582e-02
2.241715788841247559e-01
3.771412372589111328e-01
4.402363300323486328e-01
4.331354200839996338e-01
8.975506424903869629e-01
9.036417305469512939e-02
2.316282987594604492e-01
1.573310792446136475e-02
8.392880558967590332e-01
5.866160616278648376e-02
4.128460213541984558e-02
8.931967020034790039e-01
8.134660124778747559e-01
5.847253799438476562e-01
3.173864260315895081e-02
4.794553220272064209e-01
3.270344138145446777e-01
7.121210694313049316e-01
1.459131389856338501e-01
7.469496130943298340e-01
1.594492234289646149e-02
2.475384324789047241e-01
1.738944649696350098e-02
5.339717864990234375e-01
5.079158768057823181e-02
3.993460536003112793e-01
3.546879887580871582e-01
2.125868648290634155e-01
1.864148080348968506e-01
3.903482109308242798e-02
4.644197523593902588e-01
7.381331920623779297e-01
1.695801913738250732e-01
4.270279109477996826e-01
3.224951401352882385e-02
1.896754056215286255e-01
8.042033910751342773e-01
3.970314860343933105e-01
1.462468653917312622e-01
1.136166751384735107e-01
2.819907106459140778e-02
1.805457323789596558e-01
3.277926146984100342e-02
1.376825571060180664e-01
9.750369787216186523e-01
2.921749949455261230e-01
7.568073272705078125e-01
1.710623353719711304e-01
7.522290349006652832e-01
8.578639477491378784e-02
9.073925763368606567e-02
5.338424444198608398e-02
3.202456608414649963e-02
2.365435361862182617e-01
9.451800584793090820e-01
8.034146428108215332e-01
1.275248676538467407e-01
7.359351217746734619e-02
6.799731254577636719e-01
9.214906692504882812e-01
5.963785648345947266e-01
1.113651767373085022e-01
1.307729333639144897e-01
5.978440642356872559e-01
3.340114057064056396e-01
6.503884792327880859e-01
3.566404432058334351e-02
9.356507658958435059e-01
8.817331194877624512e-01
1.158700510859489441e-01
8.067093491554260254e-01
4.969738721847534180e-01
1.935826614499092102e-02
3.086272180080413818e-01
2.132357656955718994e-01
8.321866393089294434e-01
1.047052964568138123e-01
2.328265458345413208e-01
9.718585014343261719e-02
1.212837770581245422e-01
6.175131797790527344e-01
7.494518756866455078e-01
5.459614396095275879e-01
1.346338447183370590e-02
1.541508138179779053e-01
3.926077485084533691e-01
1.196916177868843079e-01
3.604496419429779053e-01
1.804919987916946411e-01
1.293231695890426636e-01
7.399657368659973145e-01
9.063939452171325684e-01
3.086144849658012390e-02
5.712449550628662109e-02
7.902503758668899536e-02
1.266640983521938324e-02
7.764519751071929932e-02
7.268922030925750732e-02
6.187469959259033203e-01
2.142089158296585083e-01
1.573286391794681549e-02
2.812231779098510742e-01
4.078626930713653564e-01
3.993852064013481140e-02
3.114590942859649658e-01
4.944896697998046875e-02
5.100436806678771973e-01
1.714039146900177002e-01
8.984007686376571655e-02
3.018545806407928467e-01
2.345419675111770630e-02
4.486738741397857666e-01
1.038197651505470276e-01
5.671760812401771545e-02
4.001133516430854797e-02
5.610549449920654297e-02
1.558078974485397339e-01
9.649062156677246094e-02
4.296431690454483032e-02
4.482437670230865479e-02
2.823564708232879639e-01
5.562886595726013184e-01
1.920509189367294312e-01
4.205982014536857605e-02
7.147449254989624023e-02
4.335879087448120117e-01
4.034095406532287598e-01
3.253136202692985535e-02
9.806562662124633789e-01
5.498468875885009766e-01
1.739247590303421021e-01
2.570778690278530121e-02
2.198333144187927246e-01
4.338751360774040222e-02
8.352477848529815674e-02
1.393333375453948975e-01
8.970628678798675537e-02
4.511450827121734619e-01
7.934032082557678223e-01
7.716099619865417480e-01
9.183895587921142578e-02
1.343819797039031982e-01
1.289540678262710571e-01
2.296506911516189575e-01
5.431850552558898926e-01
2.291981428861618042e-01
5.516718626022338867e-01
1.449066698551177979e-01
9.726018309593200684e-01
4.385623335838317871e-02
1.625406593084335327e-01
9.419956803321838379e-01
2.569892704486846924e-01
6.715837717056274414e-01
3.995133936405181885e-01
3.335048258304595947e-01
9.478148818016052246e-02
9.530599713325500488e-01
7.513324022293090820e-01
1.722165495157241821e-01
8.067274689674377441e-01
1.584767699241638184e-01
6.088772416114807129e-01
2.529185712337493896e-01
4.393293708562850952e-02
1.104105450212955475e-02
3.679219186305999756e-01
8.275312185287475586e-02
5.098177865147590637e-02
1.827619075775146484e-01
9.618901014328002930e-01
8.174541592597961426e-02
1.788150146603584290e-02
1.065210849046707153e-01
2.593110501766204834e-02
1.229686737060546875e-01
3.875640034675598145e-02
7.945666462182998657e-02
1.668345928192138672e-02
3.546347916126251221e-01
1.086330786347389221e-01
6.991612315177917480e-01
7.402805685997009277e-01
9.449774026870727539e-01
6.776844710111618042e-02
6.689238548278808594e-02
2.900244593620300293e-01
8.436861038208007812e-01
3.924180939793586731e-02
3.473394513130187988e-01
4.855371713638305664e-01
1.455589290708303452e-02
9.379718899726867676e-01
4.147904738783836365e-02
3.223035037517547607e-01
3.504742681980133057e-02
2.531799972057342529e-01
1.788042187690734863e-01
6.539438962936401367e-01
5.587078630924224854e-02
2.456823289394378662e-01
6.621457636356353760e-02
4.200512468814849854e-01
1.212518438696861267e-01
5.064477026462554932e-02
2.382331639528274536e-01
1.279101371765136719e-01
1.751763932406902313e-02
1.480696946382522583e-01
4.032110422849655151e-02
3.724344372749328613e-01
1.748499721288681030e-01
9.059860110282897949e-01
5.233500003814697266e-01
8.339917659759521484e-02
