2.240889891982078552e-02
9.097394943237304688e-01
5.312810838222503662e-02
7.831355333328247070e-01
6.938444823026657104e-02
7.717660069465637207e-02
4.313859939575195312e-01
3.461402356624603271e-01
8.852816820144653320e-01
1.073443964123725891e-01
4.949523508548736572e-01
4.106488525867462158e-01
7.497020363807678223e-01
6.253898739814758301e-01
1.223345920443534851e-01
3.477936089038848877e-01
1.661160290241241455e-01
8.072014451026916504e-01
9.748362302780151367e-01
4.466105699539184570e-01
7.856420874595642090e-01
9.111617803573608398e-01
1.163450703024864197e-01
1.062881350517272949e-01
4.368236660957336426e-01
9.097732603549957275e-02
8.074072003364562988e-01
2.263303399085998535e-01
3.675886988639831543e-01
3.100670278072357178e-01
2.248826026916503906e-01
1.313276030123233795e-02
7.206829190254211426e-01
3.459501266479492188e-02
3.566240668296813965e-01
1.200911626219749451e-01
1.703366935253143311e-01
1.201242655515670776e-01
4.810595810413360596e-01
9.218608140945434570e-01
1.514894515275955200e-01
1.933097839355468750e-01
1.127833127975463867e-01
1.136226058006286621e-01
1.087519451975822449e-01
2.915247678756713867e-01
2.208624333143234253e-01
3.016888201236724854e-01
1.618102006614208221e-02
8.196984529495239258e-01
2.210506796836853027e-01
1.648141816258430481e-02
3.260469734668731689e-01
1.977180987596511841e-01
1.816177517175674438e-01
9.389356523752212524e-02
8.455134630203247070e-01
6.337904930114746094e-02
1.174494996666908264e-01
1.360196024179458618e-01
3.026192784309387207e-01
1.550724357366561890e-01
4.537250846624374390e-02
1.312652081251144409e-01
1.372043341398239136e-01
2.501437962055206299e-01
4.432540759444236755e-02
1.177537664771080017e-01
5.845046043395996094e-01
5.410180091857910156e-01
5.241405963897705078e-02
8.100249767303466797e-01
7.383652925491333008e-01
1.950535178184509277e-01
6.062712073326110840e-01
8.424089848995208740e-02
2.616455964744091034e-02
8.533080108463764191e-03
1.617266088724136353e-01
1.225181818008422852e-01
8.237996697425842285e-01
1.837065964937210083e-01
8.094018101692199707e-01
8.500498533248901367e-01
9.687342643737792969e-01
5.471570491790771484e-01
7.581702619791030884e-02
7.204911112785339355e-02
6.282595992088317871e-01
4.321658909320831299e-01
7.302412390708923340e-01
9.014851599931716919e-02
1.476575881242752075e-01
4.643183648586273193e-01
3.139952421188354492e-01
5.423560738563537598e-01
7.115692496299743652e-01
7.112028002738952637e-01
1.043426468968391418e-01
1.259643882513046265e-01
7.378788590431213379e-01
1.887443065643310547e-01
3.605589866638183594e-01
2.857782840728759766e-01
4.813155531883239746e-01
2.405940443277359009e-01
1.509755551815032959e-01
4.844006299972534180e-01
2.715910077095031738e-01
3.569401800632476807e-01
2.898603379726409912e-01
1.972464099526405334e-02
3.654398396611213684e-02
9.416901469230651855e-01
9.297379106283187866e-02
9.423942863941192627e-02
9.149047732353210449e-01
4.375329241156578064e-02
1.797910928726196289e-01
8.239201903343200684e-01
8.890913799405097961e-03
7.865054905414581299e-02
2.538354098796844482e-01
8.631317019462585449e-01
8.630650043487548828e-01
1.773547083139419556e-01
1.207921802997589111e-01
7.239690423011779785e-02
5.215225368738174438e-02
9.019389748573303223e-02
9.596248865127563477e-01
1.692049950361251831e-01
9.216219782829284668e-01
3.029766380786895752e-01
6.122707128524780273e-01
6.410207748413085938e-01
8.673704266548156738e-01
3.312682509422302246e-01
5.907663702964782715e-01
2.821537479758262634e-02
7.981684803962707520e-01
5.868400335311889648e-01
5.034835338592529297e-01
3.400332331657409668e-01
2.340975403785705566e-01
2.104301750659942627e-02
7.863824963569641113e-01
5.971594452857971191e-01
5.902008414268493652e-01
2.389780133962631226e-01
8.255639672279357910e-02
2.257439494132995605e-01
1.657466739416122437e-01
4.687838852405548096e-01
1.831938922405242920e-01
1.641122996807098389e-01
2.467722147703170776e-01
1.040930673480033875e-01
2.393485605716705322e-01
8.008719086647033691e-01
2.156791388988494873e-01
8.422822952270507812e-01
3.152794837951660156e-01
3.005816042423248291e-01
6.948093175888061523e-01
4.289206564426422119e-01
4.340249300003051758e-01
3.429145812988281250e-01
9.278249740600585938e-02
7.679712176322937012e-01
8.069507777690887451e-02
7.707293331623077393e-02
5.147446990013122559e-01
7.252700924873352051e-01
6.305947899818420410e-02
9.496290683746337891e-01
4.381726980209350586e-01
8.128121495246887207e-02
7.851917147636413574e-01
3.098685443401336670e-01
3.000392019748687744e-01
3.125112131237983704e-02
1.791640371084213257e-01
3.315436244010925293e-01
2.015792578458786011e-01
1.535408943891525269e-01
4.749758839607238770e-01
6.424484252929687500e-01
6.678776741027832031e-01
5.568396449089050293e-01
8.867260068655014038e-02
8.632921576499938965e-01
1.737005561590194702e-01
6.773257851600646973e-01
3.971022963523864746e-01
6.121883988380432129e-01
8.446913212537765503e-02
1.788572520017623901e-01
8.383321762084960938e-01
5.245541408658027649e-02
3.342628851532936096e-02
4.754561185836791992e-02
8.252384066581726074e-01
2.362687885761260986e-01
8.106971979141235352e-01
8.919845223426818848e-01
8.222734928131103516e-01
1.166782751679420471e-01
9.779075980186462402e-01
3.031586408615112305e-01
3.085985779762268066e-01
2.385676093399524689e-02
1.653360277414321899e-01
6.000351905822753906e-01
1.469587534666061401e-01
2.233951352536678314e-02
5.624976158142089844e-01
6.442319154739379883e-01
8.502286076545715332e-01
5.335495248436927795e-02
8.815681934356689453e-01
9.654633402824401855e-01
6.781004071235656738e-01
2.455088645219802856e-01
6.973947584629058838e-02
1.324256509542465210e-01
6.725336909294128418e-01
6.305195093154907227e-01
1.485822349786758423e-01
6.137868762016296387e-01
7.215121388435363770e-01
9.142612218856811523e-01
9.833386540412902832e-02
8.893207907676696777e-01
6.817193031311035156e-01
3.469536006450653076e-01
6.391665339469909668e-01
9.511467218399047852e-01
1.294088661670684814e-01
4.867030978202819824e-01
7.202581763267517090e-01
2.247177362442016602e-01
3.530448675155639648e-01
2.896682322025299072e-01
2.359601259231567383e-01
1.705802679061889648e-01
3.681692481040954590e-02
9.698135852813720703e-01
1.195526570081710815e-01
7.463921308517456055e-01
4.675487279891967773e-01
1.759174168109893799e-01
8.572205901145935059e-02
7.722346484661102295e-02
9.714638441801071167e-02
6.735889613628387451e-02
2.654800415039062500e-01
7.013278603553771973e-01
1.686932593584060669e-01
7.462155818939208984e-01
1.742785274982452393e-01
5.009779334068298340e-01
4.881254136562347412e-01
1.418907642364501953e-01
2.727061510086059570e-01
5.586911439895629883e-01
1.390331834554672241e-01
3.611797690391540527e-01
1.356667131185531616e-01
7.250029444694519043e-01
6.033971905708312988e-01
9.197192192077636719e-01
7.413072586059570312e-01
4.895767569541931152e-01
7.544702887535095215e-01
8.327376097440719604e-02
8.354417681694030762e-01
1.444099396467208862e-01
7.710065245628356934e-01
2.412474453449249268e-01
1.517715901136398315e-01
9.333247542381286621e-01
1.183920353651046753e-01
6.578087210655212402e-01
6.416478157043457031e-01
3.438849747180938721e-01
9.236144274473190308e-02
2.688347995281219482e-01
2.405729144811630249e-01
9.512341767549514771e-02
1.696920245885848999e-01
7.737212181091308594e-01
7.787979841232299805e-01
2.144163399934768677e-01
9.068149328231811523e-02
2.623708732426166534e-02
1.453739255666732788e-01
8.384470343589782715e-01
3.808216452598571777e-01
6.408830732107162476e-02
9.325894117355346680e-01
4.334410429000854492e-01
1.648227423429489136e-01
3.171930611133575439e-01
1.043336465954780579e-01
8.244178444147109985e-02
1.116306781768798828e-01
5.565974116325378418e-01
8.694197535514831543e-01
6.905497908592224121e-01
3.167209923267364502e-01
8.223351836204528809e-02
9.041190892457962036e-02
7.701396942138671875e-02
5.032684803009033203e-01
2.145221978425979614e-01
9.599639177322387695e-01
8.173213601112365723e-01
2.336945533752441406e-01
3.588763996958732605e-02
5.981024503707885742e-01
2.962192893028259277e-01
5.894528031349182129e-01
8.671175837516784668e-01
2.736523151397705078e-01
3.484882116317749023e-01
1.294621676206588745e-01
4.669547453522682190e-02
5.075010284781455994e-02
5.093805119395256042e-02
3.434392437338829041e-02
1.909156739711761475e-01
3.830272555351257324e-01
3.519673645496368408e-02
2.036126852035522461e-01
9.148796200752258301e-01
3.273461759090423584e-01
8.057342469692230225e-02
3.683606684207916260e-01
4.073497056961059570e-01
4.126609116792678833e-02
4.890327751636505127e-01
6.267381310462951660e-01
5.644232034683227539e-01
7.925263643264770508e-01
6.598813086748123169e-02
1.398427039384841919e-01
3.372557461261749268e-01
4.128458499908447266e-01
9.024283885955810547e-01
6.303191184997558594e-02
6.069153919816017151e-02
8.641722798347473145e-02
1.229306384921073914e-01
3.094271719455718994e-01
9.140265733003616333e-02
6.192808151245117188e-01
8.760209381580352783e-02
1.618299186229705811e-01
1.715129166841506958e-01
8.817265182733535767e-02
6.809355020523071289e-01
3.217288851737976074e-01
2.323948144912719727e-01
6.121355891227722168e-01
3.942655324935913086e-01
3.279436528682708740e-01
9.686890840530395508e-01
1.541419923305511475e-01
2.896918952465057373e-01
2.630935311317443848e-01
6.038434058427810669e-02
2.194797694683074951e-01
2.326436191797256470e-01
2.507005073130130768e-02
1.406768560409545898e-01
2.701144814491271973e-01
1.488041579723358154e-01
9.295833706855773926e-01
1.808947324752807617e-01
8.873976767063140869e-02
6.875496357679367065e-02
7.511526346206665039e-01
3.979274630546569824e-01
3.652303218841552734e-01
1.440050750970840454e-01
4.394607543945312500e-01
2.640205621719360352e-01
3.210050761699676514e-01
6.304734349250793457e-01
1.093382108956575394e-02
1.027368828654289246e-01
1.813757270574569702e-01
1.030888259410858154e-01
1.723936945199966431e-01
4.866979271173477173e-02
7.160364389419555664e-01
2.341390401124954224e-01
7.703478336334228516e-01
5.026989579200744629e-01
4.505596458911895752e-01
9.603606164455413818e-02
7.032877206802368164e-01
2.480407804250717163e-01
8.836033940315246582e-01
7.028653621673583984e-01
6.147410869598388672e-01
4.252315461635589600e-01
2.890412807464599609e-01
2.067526429891586304e-01
7.335828244686126709e-02
3.373330458998680115e-02
3.193683624267578125e-01
6.353444457054138184e-01
7.535659670829772949e-01
1.183100715279579163e-01
5.963000059127807617e-01
2.147150039672851562e-01
8.207770437002182007e-02
7.646231353282928467e-02
4.786205291748046875e-02
5.888332724571228027e-01
7.509464025497436523e-01
8.256434462964534760e-03
8.540545403957366943e-02
3.527191579341888428e-01
4.835034161806106567e-02
1.312877088785171509e-01
3.354990780353546143e-01
3.376953303813934326e-01
9.839196503162384033e-02
6.504375487565994263e-02
7.462068200111389160e-01
6.442435979843139648e-01
1.294366866350173950e-01
2.397090941667556763e-01
2.897595167160034180e-01
3.074943833053112030e-02
8.000811934471130371e-01
3.026975989341735840e-01
2.047457695007324219e-01
8.739637583494186401e-02
3.788410127162933350e-02
7.187979817390441895e-01
4.119707271456718445e-02
6.293960809707641602e-01
6.247025728225708008e-02
6.855440139770507812e-01
1.627841144800186157e-01
2.295859158039093018e-02
4.062758386135101318e-01
8.745699524879455566e-01
5.054193735122680664e-01
8.891788125038146973e-02
1.198395714163780212e-01
4.436391592025756836e-01
5.693333148956298828e-01
1.220134496688842773e-01
5.533728376030921936e-02
3.663433492183685303e-01
2.350249439477920532e-01
2.602517306804656982e-01
1.014336645603179932e-01
1.472691744565963745e-01
6.061678752303123474e-02
6.923915445804595947e-02
8.879514336585998535e-01
5.637905597686767578e-01
6.628940999507904053e-02
9.810046553611755371e-01
2.434767633676528931e-01
5.275589823722839355e-01
1.949118822813034058e-02
8.101023435592651367e-01
4.395971894264221191e-01
4.255908355116844177e-02
8.587526679039001465e-01
8.924955725669860840e-01
5.247747302055358887e-01
6.450666114687919617e-03
6.931719183921813965e-01
5.767900943756103516e-01
1.905644834041595459e-01
1.828057467937469482e-01
4.576771333813667297e-02
1.289846003055572510e-01
9.675239026546478271e-02
1.073750033974647522e-01
1.038023009896278381e-01
4.510411322116851807e-01
7.103394716978073120e-02
2.802309691905975342e-01
5.580555647611618042e-02
7.261748909950256348e-01
7.023429870605468750e-01
3.386535942554473877e-01
1.170958504080772400e-01
1.961086541414260864e-01
2.150309383869171143e-01
1.760019958019256592e-01
8.689506649971008301e-01
9.983969479799270630e-02
5.645633339881896973e-01
9.188945889472961426e-01
3.600787520408630371e-01
2.144527807831764221e-02
7.678770422935485840e-01
1.931461244821548462e-01
7.509758472442626953e-01
4.319547489285469055e-02
1.510782837867736816e-01
1.538425683975219727e-01
8.455421328544616699e-01
2.739227712154388428e-01
7.387795448303222656e-01
2.896919250488281250e-01
3.710958957672119141e-01
5.394634604454040527e-01
1.831858754158020020e-01
1.602529585361480713e-01
1.433567255735397339e-01
5.749114751815795898e-01
1.847325116395950317e-01
3.841346502304077148e-01
6.653400063514709473e-01
1.444247961044311523e-01
3.647155463695526123e-01
9.250437021255493164e-01
1.029147356748580933e-01
8.220126032829284668e-01
2.101588696241378784e-01
1.580244898796081543e-01
1.338939219713211060e-01
9.250722825527191162e-02
6.010133624076843262e-01
4.273035526275634766e-01
1.577926874160766602e-01
8.681138753890991211e-01
8.902502059936523438e-01
9.375631213188171387e-01
9.473559856414794922e-01
3.510531783103942871e-02
4.384367167949676514e-01
4.589265286922454834e-01
2.940891683101654053e-01
9.230935573577880859e-01
4.284335076808929443e-01
3.871662914752960205e-01
2.684840857982635498e-01
1.207054778933525085e-01
7.640781998634338379e-01
8.286153897643089294e-03
1.685498058795928955e-01
6.359543800354003906e-01
2.948551997542381287e-02
7.036443054676055908e-02
4.884386658668518066e-01
3.245150744915008545e-01
9.693267345428466797e-01
2.198730409145355225e-02
1.137728244066238403e-01
4.131156504154205322e-01
7.209652066230773926e-01
9.735550880432128906e-01
2.147497981786727905e-02
8.617917895317077637e-01
4.063722118735313416e-02
6.490574479103088379e-01
2.990874350070953369e-01
8.275514841079711914e-01
6.016907691955566406e-01
1.605515480041503906e-01
2.676241397857666016e-01
9.024927616119384766e-01
1.503008790314197540e-02
2.694127894937992096e-02
7.699679136276245117e-01
2.707323245704174042e-02
9.117791056632995605e-02
4.094541370868682861e-01
6.572559475898742676e-01
2.659184113144874573e-02
7.640181183815002441e-01
2.286444902420043945e-01
1.567099839448928833e-01
1.808905228972434998e-02
4.236263334751129150e-01
8.825051784515380859e-01
7.822838425636291504e-01
8.055089712142944336e-01
4.352932572364807129e-01
4.753523766994476318e-01
1.164866760373115540e-01
1.112503930926322937e-01
2.194277942180633545e-01
8.250025659799575806e-02
4.836995899677276611e-02
7.849153280258178711e-01
8.756052255630493164e-01
8.953449726104736328e-01
1.723881810903549194e-01
6.740685701370239258e-01
1.115109920501708984e-01
6.828471273183822632e-02
9.372064471244812012e-01
1.657286286354064941e-01
1.303897351026535034e-01
4.434717446565628052e-02
1.012538522481918335e-01
4.988877475261688232e-02
1.802438646554946899e-01
8.126464486122131348e-01
6.263643503189086914e-01
2.073432505130767822e-02
1.204009503126144409e-01
3.168996572494506836e-01
7.473076581954956055e-01
3.035857714712619781e-02
3.981883227825164795e-01
5.897734761238098145e-01
9.089026451110839844e-01
2.030632346868515015e-01
5.606029182672500610e-02
3.830710649490356445e-01
6.802138686180114746e-01
6.282880306243896484e-01
2.748471871018409729e-02
5.878572463989257812e-01
9.313758611679077148e-01
7.570505142211914062e-01
6.807844638824462891e-01
1.741598844528198242e-01
9.748707711696624756e-02
8.675156235694885254e-01
3.342151045799255371e-01
3.128169775009155273e-01
3.168064951896667480e-01
4.354990124702453613e-01
7.785778492689132690e-02
7.648038119077682495e-02
5.217007175087928772e-02
4.098680913448333740e-01
1.894209980964660645e-01
1.309690997004508972e-02
3.136846423149108887e-01
7.157033085823059082e-01
2.138793915510177612e-01
8.567367792129516602e-01
4.063754975795745850e-01
3.596149981021881104e-01
1.612890213727951050e-01
1.507813483476638794e-01
8.397595882415771484e-01
8.926178812980651855e-01
9.591914713382720947e-03
9.567430019378662109e-01
9.239593148231506348e-01
7.122973799705505371e-01
2.020026594400405884e-01
7.499936223030090332e-01
9.041325747966766357e-02
4.183562397956848145e-01
7.423607110977172852e-01
7.771901488304138184e-01
8.129816651344299316e-01
1.422788351774215698e-01
2.316827327013015747e-01
4.455789327621459961e-01
5.529465079307556152e-01
1.782307028770446777e-01
3.811594843864440918e-01
4.492368996143341064e-01
6.706115007400512695e-01
4.498421549797058105e-01
2.458073347806930542e-01
7.332787513732910156e-01
2.278078347444534302e-01
4.427773356437683105e-01
5.688520073890686035e-01
5.362550020217895508e-01
1.807699352502822876e-02
1.688127964735031128e-01
4.414978250861167908e-02
3.904440701007843018e-01
7.743395566940307617e-01
5.518679022789001465e-01
1.340720057487487793e-01
8.819366246461868286e-02
4.641653597354888916e-01
9.629570841789245605e-01
5.605042576789855957e-01
7.594435214996337891e-01
2.960523962974548340e-02
2.907551452517509460e-02
1.993963494896888733e-02
9.634650349617004395e-01
3.203170597553253174e-01
7.867019772529602051e-01
6.177496910095214844e-01
3.886307179927825928e-01
9.108272939920425415e-02
4.442172497510910034e-02
5.960541963577270508e-01
9.124624133110046387e-01
4.290577769279479980e-02
2.879524528980255127e-01
9.531012177467346191e-01
2.331506460905075073e-01
6.513082981109619141e-02
1.593385785818099976e-01
1.722543239593505859e-01
1.914360672235488892e-01
2.173458039760589600e-01
4.648055434226989746e-01
7.564019411802291870e-02
1.020446941256523132e-01
1.385201811790466309e-01
2.051100730895996094e-01
7.207807898521423340e-01
2.372858971357345581e-01
1.307076811790466309e-01
5.073816329240798950e-02
6.151473522186279297e-02
2.902664989233016968e-02
2.693697512149810791e-01
1.170116961002349854e-01
1.934737861156463623e-01
6.149242818355560303e-02
4.369991719722747803e-01
9.714280962944030762e-01
6.363912671804428101e-02
1.994933038949966431e-01
1.129182949662208557e-01
5.415291190147399902e-01
1.322249621152877808e-01
2.485799193382263184e-01
5.735726356506347656e-01
9.388160705566406250e-01
1.158123612403869629e-01
1.579432040452957153e-01
4.984534159302711487e-02
9.820148348808288574e-02
2.048331797122955322e-01
6.868848800659179688e-01
5.318013429641723633e-01
6.090728640556335449e-01
9.161683917045593262e-01
5.397526621818542480e-01
6.628221273422241211e-01
3.172475397586822510e-01
1.204043403267860413e-01
8.515065908432006836e-01
7.636490464210510254e-02
1.141913514584302902e-02
9.326931834220886230e-01
8.766310811042785645e-01
7.288184762001037598e-01
6.444973945617675781e-01
5.117921903729438782e-02
4.128873348236083984e-01
1.187366321682929993e-01
2.122595608234405518e-01
4.970559179782867432e-01
3.864670917391777039e-02
6.813141703605651855e-02
8.811317384243011475e-02
1.177847757935523987e-01
8.436887264251708984e-01
3.890171945095062256e-01
5.591284632682800293e-01
8.998590707778930664e-02
8.592025637626647949e-01
7.520018815994262695e-01
1.226693913340568542e-01
9.558118581771850586e-01
7.199453115463256836e-01
4.623939096927642822e-01
5.588059499859809875e-02
9.098442792892456055e-01
3.981101810932159424e-01
1.696747094392776489e-01
8.721373081207275391e-01
3.928214907646179199e-01
7.521260976791381836e-01
1.041550040245056152e-01
4.975250065326690674e-01
5.857908129692077637e-01
5.125766396522521973e-01
6.548789739608764648e-01
9.376964569091796875e-01
2.238922864198684692e-01
4.298467040061950684e-01
1.855026558041572571e-02
8.442044258117675781e-01
1.755013316869735718e-01
4.283640906214714050e-02
9.296572804450988770e-01
8.674820065498352051e-01
7.126441001892089844e-01
6.724292039871215820e-02
6.623516678810119629e-01
4.113464653491973877e-01
7.437582612037658691e-01
3.111368417739868164e-01
8.359919190406799316e-01
1.984965801239013672e-02
3.945035636425018311e-01
2.582930773496627808e-02
6.532837152481079102e-01
5.690224841237068176e-02
3.961863815784454346e-01
4.762375354766845703e-01
3.079345822334289551e-01
2.766652703285217285e-01
9.922149032354354858e-02
6.443482041358947754e-01
8.427103757858276367e-01
2.776062190532684326e-01
4.918408393859863281e-01
4.754900559782981873e-02
5.756632089614868164e-01
8.430410027503967285e-01
5.413332581520080566e-01
2.686471045017242432e-01
2.450345307588577271e-01
5.204499885439872742e-02
1.998281776905059814e-01
5.162639543414115906e-02
2.003606408834457397e-01
9.764122962951660156e-01
3.096910715103149414e-01
8.308230042457580566e-01
2.184686660766601562e-01
7.444111108779907227e-01
2.147296518087387085e-01
1.777970790863037109e-01
4.891072213649749756e-02
3.722603619098663330e-02
3.105492889881134033e-01
9.138615131378173828e-01
8.893991112709045410e-01
3.456299006938934326e-01
8.544410020112991333e-02
5.653510689735412598e-01
9.237423539161682129e-01
7.201632261276245117e-01
1.562048196792602539e-01
3.734167218208312988e-01
8.053148388862609863e-01
3.981143236160278320e-01
7.868024706840515137e-01
5.732081457972526550e-02
9.279473423957824707e-01
7.933036088943481445e-01
1.750057339668273926e-01
8.670203089714050293e-01
7.067136764526367188e-01
1.967937126755714417e-02
4.047596454620361328e-01
4.720131456851959229e-01
8.827300071716308594e-01
1.083907932043075562e-01
6.217838525772094727e-01
1.467422246932983398e-01
3.383225798606872559e-01
6.825414896011352539e-01
8.313678503036499023e-01
6.897793412208557129e-01
1.241976022720336914e-02
1.672120541334152222e-01
5.533219575881958008e-01
2.869906127452850342e-01
6.161829233169555664e-01
1.729107946157455444e-01
2.642662227153778076e-01
7.609120607376098633e-01
6.971390247344970703e-01
6.044255197048187256e-02
2.106837481260299683e-01
2.896919250488281250e-01
1.535176299512386322e-02
1.639820635318756104e-01
1.847092509269714355e-01
7.636268734931945801e-01
2.494031190872192383e-01
1.784808561205863953e-02
3.765268921852111816e-01
5.780658125877380371e-01
6.567622721195220947e-02
2.353450804948806763e-01
9.891821444034576416e-02
5.135057568550109863e-01
1.841033697128295898e-01
1.505672782659530640e-01
4.355210363864898682e-01
2.416438981890678406e-02
5.115899443626403809e-01
1.521256715059280396e-01
1.491662412881851196e-01
5.419535562396049500e-02
5.468125641345977783e-02
3.609790802001953125e-01
1.241435930132865906e-01
5.558075010776519775e-02
1.164338216185569763e-01
4.192273318767547607e-01
6.914180517196655273e-01
2.857002317905426025e-01
6.632619351148605347e-02
9.834653139114379883e-02
5.058637261390686035e-01
5.520570278167724609e-01
6.771463900804519653e-02
9.802238941192626953e-01
7.939180731773376465e-01
2.113621085882186890e-01
4.800232872366905212e-02
2.880988717079162598e-01
5.777789652347564697e-02
8.819670975208282471e-02
2.067774683237075806e-01
1.729511469602584839e-01
5.955079793930053711e-01
8.383494019508361816e-01
8.590437769889831543e-01
1.587634831666946411e-01
2.222757041454315186e-01
2.053538113832473755e-01
3.710284233093261719e-01
7.113080620765686035e-01
1.716223955154418945e-01
7.412697076797485352e-01
2.575802803039550781e-01
9.647821187973022461e-01
4.116078466176986694e-02
4.148961603641510010e-01
9.449887871742248535e-01
2.211105972528457642e-01
8.705885410308837891e-01
5.027375817298889160e-01
7.308372259140014648e-01
2.008903622627258301e-01
9.607452750205993652e-01
8.407393693923950195e-01
4.286845922470092773e-01
8.378697633743286133e-01
3.023148775100708008e-01
7.605488896369934082e-01
2.211222797632217407e-01
7.137069106101989746e-02
9.808418340981006622e-03
6.314104795455932617e-01
1.364731490612030029e-01
8.868086338043212891e-02
2.468068152666091919e-01
9.631006717681884766e-01
1.085531637072563171e-01
2.365784533321857452e-02
1.111603975296020508e-01
3.012677840888500214e-02
2.180120348930358887e-01
1.562728136777877808e-01
7.438717037439346313e-02
2.987148799002170563e-02
6.525031924247741699e-01
2.649504542350769043e-01
7.452312707901000977e-01
8.198983669281005859e-01
9.477791190147399902e-01
3.831985294818878174e-01
1.449246108531951904e-01
3.595244288444519043e-01
7.925001978874206543e-01
6.278930604457855225e-02
6.155964136123657227e-01
6.511456370353698730e-01
1.929086074233055115e-02
9.383085370063781738e-01
7.302024960517883301e-02
7.005470991134643555e-01
1.793232001364231110e-02
2.518403828144073486e-01
3.907470703125000000e-01
7.464445233345031738e-01
5.302644520998001099e-02
3.579494953155517578e-01
8.777505904436111450e-02
5.397160649299621582e-01
4.034370183944702148e-01
1.084336787462234497e-01
4.085797071456909180e-01
1.684112697839736938e-01
1.947065256536006927e-02
2.779032289981842041e-01
1.260341405868530273e-01
4.192387163639068604e-01
3.575165569782257080e-01
9.068572521209716797e-01
6.349646449089050293e-01
1.000178679823875427e-01
