1.809514686465263367e-02
8.789327740669250488e-01
8.502741903066635132e-02
5.899982452392578125e-01
5.296419560909271240e-02
7.790870964527130127e-02
4.170274138450622559e-01
1.420422196388244629e-01
8.707664012908935547e-01
4.371314868330955505e-02
4.211371541023254395e-01
4.436558783054351807e-01
7.716585397720336914e-01
5.560610294342041016e-01
1.479037255048751831e-01
2.742923200130462646e-01
1.492773145437240601e-01
5.186215639114379883e-01
9.770516753196716309e-01
3.623600602149963379e-01
8.431195020675659180e-01
9.017960429191589355e-01
9.856248646974563599e-02
7.142272591590881348e-02
3.093214035034179688e-01
2.713353000581264496e-02
8.582251667976379395e-01
1.634659469127655029e-01
1.887886077165603638e-01
2.777353525161743164e-01
1.375278532505035400e-01
5.178376566618680954e-03
7.405741810798645020e-01
4.607139155268669128e-02
1.404132544994354248e-01
1.012375354766845703e-01
1.591435223817825317e-01
9.142933040857315063e-02
3.882806897163391113e-01
9.406324028968811035e-01
7.969956099987030029e-02
1.046215444803237915e-01
8.702650666236877441e-02
1.573767215013504028e-01
2.734550088644027710e-02
1.371462792158126831e-01
1.073050349950790405e-01
3.831218779087066650e-01
1.774524711072444916e-02
9.383260011672973633e-01
1.258674561977386475e-01
2.994286082684993744e-02
2.238320410251617432e-01
1.350438594818115234e-01
1.347599178552627563e-01
5.404458194971084595e-02
9.019429683685302734e-01
7.935103029012680054e-02
9.667006134986877441e-02
1.836313307285308838e-01
2.384844422340393066e-01
1.114087924361228943e-01
2.347988821566104889e-02
1.219756081700325012e-01
1.404788345098495483e-01
1.943631172180175781e-01
3.409594297409057617e-02
1.098224744200706482e-01
3.885681331157684326e-01
1.710035204887390137e-01
5.644861981272697449e-02
7.446383833885192871e-01
6.373115181922912598e-01
4.645101726055145264e-02
4.921747148036956787e-01
7.106859982013702393e-02
1.611511036753654480e-02
7.575008086860179901e-03
1.604397296905517578e-01
8.902735263109207153e-02
7.650312781333923340e-01
2.112400978803634644e-01
8.079112768173217773e-01
8.995642066001892090e-01
9.737325906753540039e-01
4.873533248901367188e-01
4.866212233901023865e-02
7.685100287199020386e-02
4.763209223747253418e-01
3.756233751773834229e-01
6.267526745796203613e-01
7.295928150415420532e-02
1.258177161216735840e-01
4.978774785995483398e-01
2.078911066055297852e-01
5.497896671295166016e-01
3.537585139274597168e-01
6.168968677520751953e-01
8.413524925708770752e-02
5.720492452383041382e-02
6.439227461814880371e-01
1.888462156057357788e-01
3.762015104293823242e-01
3.366458415985107422e-01
3.487184047698974609e-01
7.073245942592620850e-02
3.920582681894302368e-02
2.896283864974975586e-01
3.960345089435577393e-01
1.690193265676498413e-01
1.540080010890960693e-01
1.567750610411167145e-02
3.402547165751457214e-02
9.440079927444458008e-01
1.343763768672943115e-01
7.416339963674545288e-02
9.088400006294250488e-01
2.473172731697559357e-02
1.923049986362457275e-01
7.274720072746276855e-01
8.317166939377784729e-03
8.219662308692932129e-02
2.178336828947067261e-01
7.582517862319946289e-01
8.207438588142395020e-01
3.408238664269447327e-02
1.173921972513198853e-01
6.334984302520751953e-02
1.808652654290199280e-02
6.733345240354537964e-02
9.687829017639160156e-01
9.447694569826126099e-02
9.035728573799133301e-01
5.586220026016235352e-01
3.784567117691040039e-01
5.635752081871032715e-01
8.709044456481933594e-01
2.266524434089660645e-01
4.154585301876068115e-01
2.433250471949577332e-02
6.968116760253906250e-01
5.636737346649169922e-01
5.039975643157958984e-01
3.416365981101989746e-01
1.591789722442626953e-01
2.301908098161220551e-02
5.206874012947082520e-01
3.930334746837615967e-01
5.645574331283569336e-01
1.440741568803787231e-01
7.850790768861770630e-02
8.373738825321197510e-02
1.055983603000640869e-01
2.746876776218414307e-01
1.734148114919662476e-01
5.921561270952224731e-02
1.899099797010421753e-01
8.809962868690490723e-02
2.313383966684341431e-01
8.110405802726745605e-01
2.448586970567703247e-01
8.411632180213928223e-01
2.001813203096389771e-01
2.630252540111541748e-01
6.647619009017944336e-01
4.492470026016235352e-01
2.680728137493133545e-01
5.554475784301757812e-01
9.283183515071868896e-02
9.010384082794189453e-01
6.808323413133621216e-02
4.951094090938568115e-02
6.644335389137268066e-01
6.131362915039062500e-01
4.394726082682609558e-02
9.554385542869567871e-01
3.246027231216430664e-01
3.016324527561664581e-02
7.820097804069519043e-01
2.359337657690048218e-01
1.235597506165504456e-01
2.097119204699993134e-02
6.291492283344268799e-02
1.196217164397239685e-01
6.145438551902770996e-02
1.223877370357513428e-01
2.408231496810913086e-01
5.251396298408508301e-01
6.005538105964660645e-01
5.774798989295959473e-01
7.131996750831604004e-02
9.134356975555419922e-01
5.508487299084663391e-02
6.246580481529235840e-01
4.366835951805114746e-01
5.053667426109313965e-01
7.079380005598068237e-02
6.077458336949348450e-02
7.760804891586303711e-01
1.267220731824636459e-02
2.299439162015914917e-02
4.556562751531600952e-02
8.402731418609619141e-01
1.869122833013534546e-01
8.084168434143066406e-01
9.475843310356140137e-01
7.244519591331481934e-01
3.150689229369163513e-02
9.881532788276672363e-01
4.126719534397125244e-01
1.714683920145034790e-01
1.728698424994945526e-02
1.840666681528091431e-01
5.797476768493652344e-01
1.771471649408340454e-01
1.199015974998474121e-02
4.308777749538421631e-01
6.310615539550781250e-01
8.982804417610168457e-01
4.787643998861312866e-02
8.795655965805053711e-01
9.724211096763610840e-01
6.861048936843872070e-01
1.164272278547286987e-01
7.526408880949020386e-02
9.211380034685134888e-02
6.832147836685180664e-01
4.456954002380371094e-01
1.556867659091949463e-01
3.472386896610260010e-01
6.001114249229431152e-01
9.218766093254089355e-01
7.415831089019775391e-02
8.417760133743286133e-01
7.892887592315673828e-01
4.144741296768188477e-01
7.762593030929565430e-01
9.632700085639953613e-01
6.157449632883071899e-02
2.730819284915924072e-01
7.832306027412414551e-01
7.372266054153442383e-02
4.788462221622467041e-01
1.311356723308563232e-01
1.183525249361991882e-01
8.874971419572830200e-02
6.067788600921630859e-02
9.796226620674133301e-01
1.262866705656051636e-01
5.974064469337463379e-01
2.646560966968536377e-01
6.242465227842330933e-02
8.965609222650527954e-02
1.634835898876190186e-01
6.249366700649261475e-02
6.454399973154067993e-02
1.600059121847152710e-01
7.182250618934631348e-01
6.332460045814514160e-02
6.759822368621826172e-01
2.424690276384353638e-01
4.075458645820617676e-01
5.229173302650451660e-01
7.661564648151397705e-02
9.187041223049163818e-02
4.101117253303527832e-01
1.219896003603935242e-01
2.318803668022155762e-01
1.475389450788497925e-01
7.002071738243103027e-01
8.056170344352722168e-01
9.477432370185852051e-01
4.628024995326995850e-01
4.969367980957031250e-01
6.458292007446289062e-01
7.021227478981018066e-02
8.688386082649230957e-01
8.146404474973678589e-02
7.827042937278747559e-01
8.206512778997421265e-02
1.234031543135643005e-01
9.680391550064086914e-01
3.336499258875846863e-02
4.393379390239715576e-01
4.926485121250152588e-01
1.783556044101715088e-01
5.131370574235916138e-02
2.211068421602249146e-01
5.421899557113647461e-01
5.060645192861557007e-02
7.916887849569320679e-02
7.459211349487304688e-01
7.795028090476989746e-01
7.524123787879943848e-02
7.742903381586074829e-02
1.387478038668632507e-02
1.222182959318161011e-01
9.018123745918273926e-01
2.838200032711029053e-01
5.631358548998832703e-02
9.558559656143188477e-01
4.296503961086273193e-01
2.059456706047058105e-01
1.895007193088531494e-01
1.058385148644447327e-01
6.807325780391693115e-02
1.169525757431983948e-01
4.166576266288757324e-01
8.881943225860595703e-01
3.978987932205200195e-01
2.538896501064300537e-01
8.570832759141921997e-02
1.493408828973770142e-01
8.245603740215301514e-02
5.581798553466796875e-01
9.403873234987258911e-02
9.554368257522583008e-01
6.726096868515014648e-01
2.492152452468872070e-01
3.647796064615249634e-02
8.066237568855285645e-01
1.604274362325668335e-01
5.346289277076721191e-01
9.230628609657287598e-01
3.416845798492431641e-01
4.431184530258178711e-01
1.715627759695053101e-01
2.540294826030731201e-02
2.553509920835494995e-02
5.870567634701728821e-02
3.530476987361907959e-02
6.623028963804244995e-02
3.179213702678680420e-01
3.555290773510932922e-02
1.205465942621231079e-01
9.259604215621948242e-01
2.513912320137023926e-01
7.580783963203430176e-02
1.608828902244567871e-01
2.070024758577346802e-01
2.959340065717697144e-02
4.281833767890930176e-01
5.189370512962341309e-01
6.947231292724609375e-01
8.215497732162475586e-01
4.828799515962600708e-02
1.190417334437370300e-01
1.186768263578414917e-01
1.641349792480468750e-01
8.887354731559753418e-01
2.950799092650413513e-02
6.085703894495964050e-02
3.233772888779640198e-02
1.259584575891494751e-01
2.802522480487823486e-01
8.298155665397644043e-02
6.938239932060241699e-01
5.982070043683052063e-02
1.031174212694168091e-01
2.168312072753906250e-01
7.710898667573928833e-02
5.884232521057128906e-01
1.988449245691299438e-01
2.249135971069335938e-01
4.487221837043762207e-01
3.902434706687927246e-01
1.795901209115982056e-01
9.741299748420715332e-01
1.279392391443252563e-01
9.290666133165359497e-02
2.522304058074951172e-01
2.484649792313575745e-02
2.859647870063781738e-01
1.327785104513168335e-01
2.442416548728942871e-02
1.230822280049324036e-01
1.127602905035018921e-01
4.289546981453895569e-02
9.415606856346130371e-01
1.469261199235916138e-01
8.142736554145812988e-02
1.143330056220293045e-02
7.646045684814453125e-01
3.649686276912689209e-01
3.516274094581604004e-01
6.521560251712799072e-02
3.085129261016845703e-01
1.923391968011856079e-01
1.321523934602737427e-01
3.785006403923034668e-01
1.167036686092615128e-02
1.317898631095886230e-01
1.354436278343200684e-01
1.388840973377227783e-01
1.154954954981803894e-01
4.449022188782691956e-02
7.042641639709472656e-01
3.030101358890533447e-01
7.643107175827026367e-01
2.222974151372909546e-01
3.524437248706817627e-01
8.321544528007507324e-02
6.454493999481201172e-01
3.245094418525695801e-01
9.209131598472595215e-01
8.140636682510375977e-01
5.999611020088195801e-01
3.287214040756225586e-01
1.775967925786972046e-01
1.039105281233787537e-01
7.124724984169006348e-02
2.671455778181552887e-02
1.617103368043899536e-01
6.012065410614013672e-01
7.334126830101013184e-01
7.355151325464248657e-02
3.779637813568115234e-01
6.289749592542648315e-02
1.025551483035087585e-01
3.274836763739585876e-02
4.569507017731666565e-02
5.262916684150695801e-01
5.449306368827819824e-01
7.342065218836069107e-03
8.081174641847610474e-02
3.634744584560394287e-01
4.130719602108001709e-02
5.367092043161392212e-02
1.312454342842102051e-01
1.371507495641708374e-01
8.495695888996124268e-02
5.604094639420509338e-02
6.627572178840637207e-01
5.573394298553466797e-01
8.713097870349884033e-02
1.011698096990585327e-01
4.826318025588989258e-01
1.923022046685218811e-02
6.270914673805236816e-01
3.905153870582580566e-01
1.053897738456726074e-01
6.869938969612121582e-02
2.209390886127948761e-02
4.306747019290924072e-01
4.351153597235679626e-02
5.030390620231628418e-01
1.688441261649131775e-02
8.552854657173156738e-01
1.261002868413925171e-01
1.941485889256000519e-02
2.550609111785888672e-01
7.973749637603759766e-01
3.620319664478302002e-01
8.794933557510375977e-02
1.151716336607933044e-01
3.113532662391662598e-01
4.765979349613189697e-01
6.469822674989700317e-02
6.371775269508361816e-02
1.953038573265075684e-01
1.445522010326385498e-01
2.512301504611968994e-01
9.683945775032043457e-02
1.026545017957687378e-01
3.038895502686500549e-02
7.355505228042602539e-02
9.430055618286132812e-01
3.858978748321533203e-01
6.715381890535354614e-02
9.889959096908569336e-01
1.996362805366516113e-01
4.150566458702087402e-01
1.865506172180175781e-02
8.504150509834289551e-01
5.424074530601501465e-01
2.474059723317623138e-02
9.309282302856445312e-01
8.880528807640075684e-01
6.076235175132751465e-01
5.837159696966409683e-03
7.659807801246643066e-01
4.741979837417602539e-01
1.873909384012222290e-01
1.490727961063385010e-01
3.618126735091209412e-02
1.113680899143218994e-01
5.438425764441490173e-02
1.068988442420959473e-01
1.038446351885795593e-01
3.712691664695739746e-01
5.775572732090950012e-02
8.856423944234848022e-02
4.247257113456726074e-02
7.569438815116882324e-01
4.804842770099639893e-01
3.233613371849060059e-01
1.952538341283798218e-01
1.452701240777969360e-01
1.077323853969573975e-01
1.561724990606307983e-01
8.827850222587585449e-01
6.070022657513618469e-02
5.442970991134643555e-01
9.142662882804870605e-01
2.194961458444595337e-01
2.112613804638385773e-02
6.263150572776794434e-01
6.376747041940689087e-02
7.942234277725219727e-01
2.345954254269599915e-02
8.337886631488800049e-02
7.561464607715606689e-02
7.417361736297607422e-01
2.137343734502792358e-01
3.942776024341583252e-01
9.290666133165359497e-02
3.668274283409118652e-01
4.475562572479248047e-01
9.688388556241989136e-02
1.181932464241981506e-01
3.861828148365020752e-01
5.159839987754821777e-01
9.525153040885925293e-02
3.845161199569702148e-01
5.252259373664855957e-01
6.568706780672073364e-02
2.654545605182647705e-01
9.537720084190368652e-01
8.955060690641403198e-02
8.126479983329772949e-01
1.137658283114433289e-01
8.110871165990829468e-02
1.632490605115890503e-01
7.446109503507614136e-02
5.014555454254150391e-01
6.083584427833557129e-01
8.104828000068664551e-02
8.281321525573730469e-01
9.278181195259094238e-01
9.744588136672973633e-01
9.778645634651184082e-01
2.923547104001045227e-02
4.510361254215240479e-01
1.852580606937408447e-01
2.260784357786178589e-01
9.586834907531738281e-01
4.261904656887054443e-01
1.669186651706695557e-01
1.871817857027053833e-01
4.685480147600173950e-02
7.142945528030395508e-01
6.316192448139190674e-03
8.985081315040588379e-02
6.790093779563903809e-01
2.735991217195987701e-02
3.446779027581214905e-02
3.022677302360534668e-01
2.604099512100219727e-01
9.764450192451477051e-01
2.288297936320304871e-02
8.356069028377532959e-02
4.904144704341888428e-01
7.510522603988647461e-01
9.751604199409484863e-01
1.894982159137725830e-02
7.638926506042480469e-01
4.541295394301414490e-02
4.663239419460296631e-01
1.359944790601730347e-01
8.828368186950683594e-01
4.513146877288818359e-01
1.320548206567764282e-01
1.072192564606666565e-01
9.093840122222900391e-01
1.507944520562887192e-02
2.378867566585540771e-02
6.079548001289367676e-01
1.256710197776556015e-02
9.960345178842544556e-02
3.495130538940429688e-01
4.754589498043060303e-01
1.091985497623682022e-02
7.070161700248718262e-01
1.672724932432174683e-01
1.733683347702026367e-01
8.069808594882488251e-03
3.768403232097625732e-01
8.589154481887817383e-01
6.877996325492858887e-01
8.461248874664306641e-01
2.033729404211044312e-01
2.024154961109161377e-01
4.565186053514480591e-02
1.588245183229446411e-01
1.977774351835250854e-01
7.577992230653762817e-02
3.728173673152923584e-02
8.715206980705261230e-01
8.897722363471984863e-01
8.437289595603942871e-01
1.163007542490959167e-01
6.775675415992736816e-01
1.127375587821006775e-01
6.454163789749145508e-02
9.294784665107727051e-01
1.792638301849365234e-01
1.221046671271324158e-01
2.848519943654537201e-02
5.249357596039772034e-02
4.954835027456283569e-02
1.476300656795501709e-01
7.830169796943664551e-01
2.712564766407012939e-01
1.072471495717763901e-02
1.710100322961807251e-01
1.706769913434982300e-01
5.006299018859863281e-01
2.245194651186466217e-02
2.385699003934860229e-01
4.976593554019927979e-01
9.075522422790527344e-01
1.421061456203460693e-01
4.498118162155151367e-02
2.542043626308441162e-01
5.195202827453613281e-01
6.396741867065429688e-01
3.091402351856231689e-02
2.650501132011413574e-01
9.424255490303039551e-01
5.392762422561645508e-01
3.262728750705718994e-01
6.231391057372093201e-02
5.264427140355110168e-02
7.905943989753723145e-01
1.860991865396499634e-01
2.750611305236816406e-01
3.070945143699645996e-01
3.795735239982604980e-01
9.531076997518539429e-02
4.975876957178115845e-02
3.281442075967788696e-02
3.525439798831939697e-01
1.970366835594177246e-01
8.949556387960910797e-03
1.284516304731369019e-01
5.702680945396423340e-01
1.073206067085266113e-01
8.119788765907287598e-01
1.056593209505081177e-01
2.972756326198577881e-01
1.039293333888053894e-01
1.160222068428993225e-01
9.165364503860473633e-01
9.588843584060668945e-01
2.796243317425251007e-02
9.746739268302917480e-01
9.276896715164184570e-01
8.428206443786621094e-01
1.794040948152542114e-01
6.449540853500366211e-01
6.051507964730262756e-02
3.543514013290405273e-01
7.981218099594116211e-01
7.968800663948059082e-01
8.449328541755676270e-01
9.504991769790649414e-02
7.272010296583175659e-02
1.734727025032043457e-01
6.835517287254333496e-01
1.081322655081748962e-01
1.842129677534103394e-01
4.215284883975982666e-01
7.221310734748840332e-01
4.535015523433685303e-01
2.069932222366333008e-01
3.686214983463287354e-01
1.347471773624420166e-01
3.263822197914123535e-01
5.751390457153320312e-01
5.909973382949829102e-01
2.102510072290897369e-02
3.491812050342559814e-01
3.567886352539062500e-02
5.099593997001647949e-01
7.829623818397521973e-01
6.041308641433715820e-01
1.294190287590026855e-01
5.889478325843811035e-02
3.681800365447998047e-01
9.848136305809020996e-01
4.645976126194000244e-01
8.652225732803344727e-01
2.060571126639842987e-02
1.803098246455192566e-02
1.957961544394493103e-02
9.736303091049194336e-01
8.589866012334823608e-02
5.980048775672912598e-01
5.073596239089965820e-01
3.828911781311035156e-01
7.385090738534927368e-02
5.618289485573768616e-02
6.722581386566162109e-01
9.688520431518554688e-01
3.265761584043502808e-02
1.615746319293975830e-01
9.510263800621032715e-01
2.248715609312057495e-01
4.864442721009254456e-02
1.115863323211669922e-01
1.658866703510284424e-01
5.929744988679885864e-02
1.361924409866333008e-01
4.141243398189544678e-01
2.730291895568370819e-02
1.113264933228492737e-01
1.168060153722763062e-01
9.623965620994567871e-02
5.398299098014831543e-01
3.305980563163757324e-01
7.289256900548934937e-02
2.972502075135707855e-02
2.189952135086059570e-02
2.650236152112483978e-02
2.792947292327880859e-01
8.660119026899337769e-02
1.448610275983810425e-01
3.611187264323234558e-02
3.014252781867980957e-01
9.700303673744201660e-01
2.800576947629451752e-02
2.937894463539123535e-01
1.558218300342559814e-01
4.037865102291107178e-01
3.409110903739929199e-01
3.899177908897399902e-02
3.738472759723663330e-01
9.473491311073303223e-01
8.788692951202392578e-02
1.619650125503540039e-01
4.549606144428253174e-02
5.884614214301109314e-02
1.491301059722900391e-01
6.432057023048400879e-01
2.962410449981689453e-01
4.282568693161010742e-01
9.278224706649780273e-01
5.781573057174682617e-01
4.747445583343505859e-01
3.907349705696105957e-01
3.367803245782852173e-02
7.051002383232116699e-01
2.701523341238498688e-02
7.038026116788387299e-03
9.373385310173034668e-01
8.670377731323242188e-01
8.539991378784179688e-01
5.653080344200134277e-01
6.326764822006225586e-02
3.749223947525024414e-01
3.720820695161819458e-02
1.660943478345870972e-01
5.475218892097473145e-01
5.448728054761886597e-02
8.107160031795501709e-02
5.606355890631675720e-02
8.844438195228576660e-02
7.888837456703186035e-01
4.383879601955413818e-01
4.311005473136901855e-01
7.930119335651397705e-02
8.828894495964050293e-01
8.192883133888244629e-01
1.558452993631362915e-01
9.251821637153625488e-01
3.952752947807312012e-01
4.830008447170257568e-01
4.290475323796272278e-02
9.080300927162170410e-01
1.455748677253723145e-01
1.705460101366043091e-01
9.251542091369628906e-01
2.036542296409606934e-01
6.210342049598693848e-01
7.024141401052474976e-02
1.937764286994934082e-01
4.233657419681549072e-01
4.474000632762908936e-01
3.310706913471221924e-01
9.298388361930847168e-01
8.881158381700515747e-02
2.247193455696105957e-01
1.624759472906589508e-02
9.116231203079223633e-01
9.881704300642013550e-02
3.464166447520256042e-02
9.547352790832519531e-01
6.134140491485595703e-01
7.132473587989807129e-01
4.463492706418037415e-02
4.666289985179901123e-01
3.610458076000213623e-01
7.093459367752075195e-01
2.453369498252868652e-01
7.763296961784362793e-01
1.653371192514896393e-02
2.395368665456771851e-01
1.964472979307174683e-02
3.749044835567474365e-01
5.556330829858779907e-02
3.800985217094421387e-01
4.469184875488281250e-01
2.508053183555603027e-01
3.009771704673767090e-01
5.164700746536254883e-02
6.710448861122131348e-01
8.402200341224670410e-01
1.867111027240753174e-01
5.332037806510925293e-01
3.338462859392166138e-02
4.237297773361206055e-01
8.193928599357604980e-01
5.374301671981811523e-01
2.035430073738098145e-01
1.701959222555160522e-01
2.171871252357959747e-02
1.355819553136825562e-01
2.601710148155689240e-02
2.682006359100341797e-01
9.745510220527648926e-01
3.221634328365325928e-01
8.508619666099548340e-01
1.561444401741027832e-01
5.842441320419311523e-01
1.327516883611679077e-01
9.222768992185592651e-02
3.514255210757255554e-02
1.876778714358806610e-02
4.226884543895721436e-01
9.567205309867858887e-01
9.283885359764099121e-01
1.236270517110824585e-01
4.291135072708129883e-02
6.745444536209106445e-01
9.695640206336975098e-01
7.237740159034729004e-01
1.122646033763885498e-01
1.356614232063293457e-01
7.173073887825012207e-01
4.243811368942260742e-01
8.306514024734497070e-01
2.058934792876243591e-02
9.014369249343872070e-01
8.860943317413330078e-01
9.517040103673934937e-02
9.346166849136352539e-01
5.556362271308898926e-01
1.434035319834947586e-02
3.134208917617797852e-01
1.366540342569351196e-01
8.614677190780639648e-01
1.242261454463005066e-01
3.197334110736846924e-01
5.452219769358634949e-02
9.420504420995712280e-02
7.416235208511352539e-01
9.039009213447570801e-01
7.622644901275634766e-01
1.387127675116062164e-02
1.099610477685928345e-01
4.890340268611907959e-01
1.484265178442001343e-01
5.164439678192138672e-01
1.772505342960357666e-01
1.161754354834556580e-01
7.312145233154296875e-01
8.391747474670410156e-01
2.166301198303699493e-02
7.227749377489089966e-02
9.290666133165359497e-02
1.109810266643762589e-02
1.092629730701446533e-01
6.485308706760406494e-02
7.983866930007934570e-01
2.499338537454605103e-01
1.307726372033357620e-02
3.135290741920471191e-01
4.022362232208251953e-01
2.323658391833305359e-02
3.201137185096740723e-01
4.628432542085647583e-02
5.702648162841796875e-01
1.913652420043945312e-01
8.082324266433715820e-02
3.821303844451904297e-01
2.279127389192581177e-02
4.115324318408966064e-01
2.140126973390579224e-01
5.792977660894393921e-02
5.627939850091934204e-02
3.400202840566635132e-02
4.335257411003112793e-01
1.288579553365707397e-01
4.409739375114440918e-02
7.522601634263992310e-02
2.268481850624084473e-01
4.812063276767730713e-01
2.012856453657150269e-01
4.566576704382896423e-02
6.497535854578018188e-02
4.820826351642608643e-01
5.814194083213806152e-01
3.572112694382667542e-02
9.884592890739440918e-01
7.119202017784118652e-01
1.791408658027648926e-01
9.379053115844726562e-02
2.747826874256134033e-01
5.030421167612075806e-02
6.605971604585647583e-02
1.232407167553901672e-01
1.250239908695220947e-01
4.200781583786010742e-01
9.172995686531066895e-01
8.815909028053283691e-01
9.929092228412628174e-02
1.084098964929580688e-01
1.976180821657180786e-01
2.370803356170654297e-01
7.503465414047241211e-01
2.201673835515975952e-01
6.346644759178161621e-01
2.549981474876403809e-01
9.747229218482971191e-01
4.162022098898887634e-02
1.782855391502380371e-01
9.563149213790893555e-01
1.781341284513473511e-01
8.803373575210571289e-01
4.271737039089202881e-01
5.585915446281433105e-01
9.532140195369720459e-02
9.542552828788757324e-01
7.865107059478759766e-01
1.901788711547851562e-01
8.337445259094238281e-01
1.973664611577987671e-01
6.557226777076721191e-01
3.303366005420684814e-01
5.111489817500114441e-02
1.195437740534543991e-02
3.169711232185363770e-01
1.077524796128273010e-01
4.050690308213233948e-02
1.519444435834884644e-01
9.705793857574462891e-01
1.000991761684417725e-01
1.855247654020786285e-02
1.008177921175956726e-01
3.354250639677047729e-02
2.022051364183425903e-01
7.936109602451324463e-02
7.230280339717864990e-02
2.410034649074077606e-02
4.362910389900207520e-01
1.015357002615928650e-01
8.144180178642272949e-01
8.696936368942260742e-01
9.515626430511474609e-01
6.539585441350936890e-02
5.074058473110198975e-02
3.357636034488677979e-01
8.626071810722351074e-01
3.405760601162910461e-02
2.630392611026763916e-01
7.233803868293762207e-01
1.555881835520267487e-02
9.510246515274047852e-01
4.812123998999595642e-02
3.977290391921997070e-01
1.435436494648456573e-02
2.602515220642089844e-01
8.809018880128860474e-02
7.136719226837158203e-01
1.180870831012725830e-01
2.487481087446212769e-01
8.331912010908126831e-02
3.694970905780792236e-01
1.933062672615051270e-01
6.371704488992691040e-02
2.879703640937805176e-01
1.160958260297775269e-01
3.091815114021301270e-02
1.012118160724639893e-01
4.752599447965621948e-02
3.821199536323547363e-01
3.891175091266632080e-01
9.219174385070800781e-01
5.459643602371215820e-01
1.015528067946434021e-01
