2.213452607393264771e-01
3.707609176635742188e-01
2.229015231132507324e-01
4.210122823715209961e-01
2.699891626834869385e-01
2.233457863330841064e-01
2.212822884321212769e-01
3.199512362480163574e-01
3.296776413917541504e-01
2.226553708314895630e-01
2.212237715721130371e-01
2.442042380571365356e-01
3.303016722202301025e-01
2.302400916814804077e-01
2.233645170927047729e-01
2.222016453742980957e-01
2.213191688060760498e-01
3.617193102836608887e-01
2.528524994850158691e-01
2.245980501174926758e-01
2.505606412887573242e-01
4.722146093845367432e-01
2.213807255029678345e-01
2.215577214956283569e-01
2.246816754341125488e-01
3.128306269645690918e-01
3.320600390434265137e-01
2.255858182907104492e-01
2.223483175039291382e-01
2.215952277183532715e-01
3.547813892364501953e-01
2.213269174098968506e-01
3.481580018997192383e-01
2.214195728302001953e-01
2.268148213624954224e-01
2.213623076677322388e-01
2.214614748954772949e-01
2.583299875259399414e-01
2.217022925615310669e-01
3.535558879375457764e-01
2.500768899917602539e-01
2.224971801042556763e-01
2.213694900274276733e-01
2.212957888841629028e-01
2.227318286895751953e-01
2.216054648160934448e-01
2.235420346260070801e-01
3.725978434085845947e-01
2.213725447654724121e-01
3.860038518905639648e-01
2.696402668952941895e-01
2.215610444545745850e-01
2.213330119848251343e-01
2.228658497333526611e-01
2.219798713922500610e-01
2.212738841772079468e-01
3.112392723560333252e-01
2.525945007801055908e-01
2.213448137044906616e-01
2.245704382658004761e-01
2.788890302181243896e-01
3.065352737903594971e-01
3.328492045402526855e-01
2.215162366628646851e-01
2.317021340131759644e-01
2.213550209999084473e-01
2.214981466531753540e-01
2.213491797447204590e-01
4.743246138095855713e-01
2.272336930036544800e-01
2.212011367082595825e-01
4.563331007957458496e-01
3.543355464935302734e-01
3.971995413303375244e-01
2.887932360172271729e-01
2.241302728652954102e-01
2.214942723512649536e-01
2.392181903123855591e-01
2.214093506336212158e-01
2.216945141553878784e-01
2.511220276355743408e-01
2.216295152902603149e-01
2.404169738292694092e-01
2.214416414499282837e-01
2.466290593147277832e-01
2.499969601631164551e-01
2.213062644004821777e-01
2.232621014118194580e-01
2.533565163612365723e-01
3.932219147682189941e-01
3.406834006309509277e-01
2.223903834819793701e-01
2.214060127735137939e-01
2.213105857372283936e-01
2.231530100107192993e-01
2.577434778213500977e-01
3.242554962635040283e-01
2.253518998622894287e-01
2.253060340881347656e-01
2.232031971216201782e-01
2.254648655652999878e-01
2.240521162748336792e-01
2.258329242467880249e-01
2.241600751876831055e-01
3.348091840744018555e-01
2.212858349084854126e-01
2.213094979524612427e-01
2.872291207313537598e-01
3.214923143386840820e-01
2.293718159198760986e-01
3.211756646633148193e-01
2.213438600301742554e-01
2.212776392698287964e-01
4.788549542427062988e-01
2.213098853826522827e-01
2.214764803647994995e-01
2.544550597667694092e-01
2.212752401828765869e-01
2.213579118251800537e-01
3.516047894954681396e-01
2.216054797172546387e-01
2.213433235883712769e-01
2.225718349218368530e-01
3.740251660346984863e-01
2.446269989013671875e-01
2.883198261260986328e-01
2.300834804773330688e-01
2.298520505428314209e-01
2.256634682416915894e-01
2.216099053621292114e-01
3.270138502120971680e-01
2.258282750844955444e-01
2.512942254543304443e-01
2.336912900209426880e-01
2.213423848152160645e-01
2.215873599052429199e-01
2.555285394191741943e-01
3.843180537223815918e-01
2.217523157596588135e-01
2.212924957275390625e-01
3.397125601768493652e-01
2.218752056360244751e-01
2.277672588825225830e-01
2.266110926866531372e-01
2.268599122762680054e-01
2.226686328649520874e-01
3.859890699386596680e-01
4.692038297653198242e-01
3.114659488201141357e-01
2.266271561384201050e-01
2.213971018791198730e-01
2.338006347417831421e-01
2.231792062520980835e-01
2.248648405075073242e-01
2.265138477087020874e-01
3.204215466976165771e-01
2.377997338771820068e-01
2.217669486999511719e-01
3.669345974922180176e-01
2.532484531402587891e-01
2.220445275306701660e-01
2.220134586095809937e-01
2.219214588403701782e-01
2.214994877576828003e-01
2.496228516101837158e-01
2.238843739032745361e-01
3.597222566604614258e-01
2.218634486198425293e-01
2.215301096439361572e-01
2.299009710550308228e-01
2.212878465652465820e-01
2.215486913919448853e-01
2.537505328655242920e-01
3.529645204544067383e-01
2.520290613174438477e-01
4.439677894115447998e-01
2.576065659523010254e-01
2.213153839111328125e-01
3.315451741218566895e-01
2.220283150672912598e-01
2.563266158103942871e-01
2.281852662563323975e-01
2.212984412908554077e-01
2.250612676143646240e-01
2.281491458415985107e-01
2.217822819948196411e-01
2.212593704462051392e-01
2.334512174129486084e-01
2.212700545787811279e-01
2.364908009767532349e-01
2.218706458806991577e-01
2.555888295173645020e-01
2.292097210884094238e-01
2.212831825017929077e-01
2.437433302402496338e-01
3.302497565746307373e-01
2.243866026401519775e-01
2.300763577222824097e-01
2.267724871635437012e-01
2.215092629194259644e-01
2.212937325239181519e-01
4.010906815528869629e-01
2.466454207897186279e-01
2.230525910854339600e-01
3.284037113189697266e-01
3.298964798450469971e-01
3.139767646789550781e-01
2.213827371597290039e-01
3.489646613597869873e-01
2.212165892124176025e-01
2.213435322046279907e-01
2.212609499692916870e-01
2.237304896116256714e-01
2.215532064437866211e-01
2.216455340385437012e-01
2.212672978639602661e-01
3.275221884250640869e-01
2.281215041875839233e-01
2.223440557718276978e-01
2.213633358478546143e-01
2.646083235740661621e-01
3.528827130794525146e-01
2.260336130857467651e-01
3.552063405513763428e-01
2.494908273220062256e-01
2.214272916316986084e-01
4.637640118598937988e-01
3.557768464088439941e-01
2.213082611560821533e-01
3.332133293151855469e-01
4.162499606609344482e-01
2.601317465305328369e-01
2.260450869798660278e-01
4.784257411956787109e-01
4.554189741611480713e-01
2.253315746784210205e-01
2.219332456588745117e-01
2.608983516693115234e-01
2.484126836061477661e-01
2.213318496942520142e-01
3.516145050525665283e-01
2.300209999084472656e-01
3.958370089530944824e-01
2.367877066135406494e-01
2.223256379365921021e-01
3.177660107612609863e-01
2.222389131784439087e-01
2.976223826408386230e-01
2.233732044696807861e-01
3.522360324859619141e-01
2.216320037841796875e-01
2.195190042257308960e-01
2.228987663984298706e-01
2.234246730804443359e-01
2.488130927085876465e-01
2.221572548151016235e-01
2.240098714828491211e-01
3.569546341896057129e-01
3.541211187839508057e-01
4.196169972419738770e-01
2.212666869163513184e-01
2.277811318635940552e-01
2.267034202814102173e-01
2.214038819074630737e-01
3.691286146640777588e-01
2.881574034690856934e-01
2.219533473253250122e-01
2.247788161039352417e-01
2.212209850549697876e-01
3.298111855983734131e-01
3.000920116901397705e-01
3.394275307655334473e-01
2.274571061134338379e-01
2.255598604679107666e-01
3.705736100673675537e-01
2.212881296873092651e-01
4.703309237957000732e-01
2.297991961240768433e-01
2.488416135311126709e-01
2.212829142808914185e-01
2.231542468070983887e-01
3.391672968864440918e-01
2.279693186283111572e-01
3.757404386997222900e-01
2.222378998994827271e-01
2.213318049907684326e-01
2.214281260967254639e-01
3.124165832996368408e-01
2.241719663143157959e-01
2.266141623258590698e-01
2.295653522014617920e-01
3.081209957599639893e-01
3.476225137710571289e-01
3.965367376804351807e-01
2.253618538379669189e-01
2.213066667318344116e-01
4.074438810348510742e-01
4.215238690376281738e-01
2.465561628341674805e-01
2.220619320869445801e-01
2.452609688043594360e-01
2.868984937667846680e-01
2.245703935623168945e-01
2.213285714387893677e-01
3.524037599563598633e-01
2.214199453592300415e-01
2.213827818632125854e-01
3.763830661773681641e-01
3.507849574089050293e-01
2.460791170597076416e-01
2.529053688049316406e-01
2.236303836107254028e-01
2.224161475896835327e-01
2.236283421516418457e-01
2.471002936363220215e-01
3.748853802680969238e-01
2.583684027194976807e-01
2.217922508716583252e-01
2.214647978544235229e-01
2.217134386301040649e-01
2.216796427965164185e-01
3.639088869094848633e-01
2.214264869689941406e-01
2.891878783702850342e-01
2.230048924684524536e-01
2.218332886695861816e-01
2.513459920883178711e-01
2.303475737571716309e-01
2.218887507915496826e-01
2.222101688385009766e-01
2.212627679109573364e-01
2.292113155126571655e-01
2.233929038047790527e-01
2.213025987148284912e-01
3.795792162418365479e-01
3.249089717864990234e-01
2.218500822782516479e-01
2.214278876781463623e-01
2.299007624387741089e-01
3.789259493350982666e-01
2.212975174188613892e-01
3.765368163585662842e-01
3.263874948024749756e-01
2.257822304964065552e-01
2.374979406595230103e-01
2.214251309633255005e-01
2.224544137716293335e-01
2.224060744047164917e-01
3.298574686050415039e-01
3.906859457492828369e-01
2.235713005065917969e-01
2.212928682565689087e-01
2.214129865169525146e-01
2.215221524238586426e-01
2.214990407228469849e-01
2.215799689292907715e-01
4.663362801074981689e-01
2.223801463842391968e-01
3.499066233634948730e-01
2.234227955341339111e-01
2.252669334411621094e-01
2.287491858005523682e-01
2.318188548088073730e-01
2.243662178516387939e-01
2.519044876098632812e-01
3.094620406627655029e-01
3.339622616767883301e-01
2.525785267353057861e-01
2.449371963739395142e-01
2.211921066045761108e-01
2.230440974235534668e-01
2.213633805513381958e-01
2.239283770322799683e-01
2.213560193777084351e-01
2.222632020711898804e-01
2.215028554201126099e-01
3.431271016597747803e-01
2.291207611560821533e-01
2.840996980667114258e-01
2.214116305112838745e-01
2.212536633014678955e-01
2.213039100170135498e-01
3.284330070018768311e-01
2.214950174093246460e-01
2.212556302547454834e-01
2.264771312475204468e-01
3.245293200016021729e-01
2.236632853746414185e-01
3.105247318744659424e-01
3.810778260231018066e-01
2.213283479213714600e-01
2.428435832262039185e-01
2.215866148471832275e-01
2.212893366813659668e-01
2.371903061866760254e-01
2.204630821943283081e-01
2.213933914899826050e-01
2.425618022680282593e-01
2.235667258501052856e-01
2.219491750001907349e-01
2.212656587362289429e-01
2.273535132408142090e-01
2.476830780506134033e-01
2.212892919778823853e-01
3.686504662036895752e-01
2.240484356880187988e-01
2.213797420263290405e-01
2.228690832853317261e-01
2.236597836017608643e-01
3.477652966976165771e-01
2.212887406349182129e-01
2.215646803379058838e-01
2.365514934062957764e-01
2.213497161865234375e-01
2.502312958240509033e-01
2.214404493570327759e-01
3.631167411804199219e-01
2.293729186058044434e-01
2.212700098752975464e-01
2.243624776601791382e-01
2.220145910978317261e-01
2.501726448535919189e-01
2.494934946298599243e-01
2.219823896884918213e-01
2.214299589395523071e-01
2.269505560398101807e-01
2.215204387903213501e-01
2.355491966009140015e-01
3.541590869426727295e-01
2.212573289871215820e-01
2.212616056203842163e-01
2.212393879890441895e-01
3.484439849853515625e-01
2.215465456247329712e-01
2.216415107250213623e-01
2.212870717048645020e-01
2.212714552879333496e-01
2.221207320690155029e-01
3.530831634998321533e-01
2.275312095880508423e-01
3.734333217144012451e-01
2.237237989902496338e-01
2.212694287300109863e-01
4.744255244731903076e-01
2.244040668010711670e-01
2.291439920663833618e-01
2.224474400281906128e-01
4.486909806728363037e-01
2.214617133140563965e-01
2.213767468929290771e-01
2.332260161638259888e-01
3.455599844455718994e-01
4.745487570762634277e-01
2.212775200605392456e-01
2.213457226753234863e-01
3.698499500751495361e-01
3.687937557697296143e-01
2.333251684904098511e-01
2.556647062301635742e-01
3.311905264854431152e-01
2.276798188686370850e-01
2.214797437191009521e-01
2.217124104499816895e-01
2.213467210531234741e-01
2.232072353363037109e-01
2.213714271783828735e-01
4.612510204315185547e-01
2.496957927942276001e-01
2.225181907415390015e-01
4.722830653190612793e-01
3.209769129753112793e-01
2.228718549013137817e-01
2.302395552396774292e-01
3.312937319278717041e-01
2.213174104690551758e-01
2.257981896400451660e-01
2.377945035696029663e-01
2.264311164617538452e-01
2.250341325998306274e-01
2.214089184999465942e-01
2.263662070035934448e-01
2.387116700410842896e-01
2.214054465293884277e-01
3.818325698375701904e-01
2.214001715183258057e-01
2.214327156543731689e-01
2.214992493391036987e-01
2.213315665721893311e-01
2.225077003240585327e-01
2.214855849742889404e-01
2.246569097042083740e-01
2.223519980907440186e-01
2.258462458848953247e-01
2.214758843183517456e-01
3.768514692783355713e-01
2.496748566627502441e-01
2.227509915828704834e-01
2.213253527879714966e-01
2.572613358497619629e-01
2.224090844392776489e-01
2.416181117296218872e-01
2.218114435672760010e-01
2.248120009899139404e-01
2.557839453220367432e-01
2.257652133703231812e-01
2.215687334537506104e-01
2.347007840871810913e-01
3.417417109012603760e-01
2.636298239231109619e-01
2.213287204504013062e-01
2.225891053676605225e-01
2.216105461120605469e-01
3.750449419021606445e-01
2.214414328336715698e-01
3.898214995861053467e-01
2.211921066045761108e-01
2.214131653308868408e-01
2.490606009960174561e-01
2.580444216728210449e-01
2.217275798320770264e-01
2.297839820384979248e-01
2.306808084249496460e-01
2.439887970685958862e-01
2.216562628746032715e-01
2.234118878841400146e-01
2.261618226766586304e-01
3.493830263614654541e-01
3.399598896503448486e-01
2.227793335914611816e-01
2.571471035480499268e-01
2.218900471925735474e-01
2.275412529706954956e-01
2.213668972253799438e-01
2.212290167808532715e-01
3.334851562976837158e-01
2.212909758090972900e-01
2.261472344398498535e-01
3.409604728221893311e-01
2.216216027736663818e-01
3.581568598747253418e-01
4.154832363128662109e-01
2.224023491144180298e-01
2.253032028675079346e-01
3.658021986484527588e-01
3.714385926723480225e-01
3.328908383846282959e-01
2.233043164014816284e-01
3.031461536884307861e-01
2.214774191379547119e-01
3.295875787734985352e-01
2.393193393945693970e-01
2.220648974180221558e-01
2.295592725276947021e-01
2.269584089517593384e-01
2.213304042816162109e-01
2.213125228881835938e-01
2.295183688402175903e-01
3.358735144138336182e-01
2.730842828750610352e-01
3.302098214626312256e-01
2.213764488697052002e-01
2.218196839094161987e-01
3.309077620506286621e-01
3.266080021858215332e-01
2.212700843811035156e-01
2.594848871231079102e-01
2.215825170278549194e-01
3.527168333530426025e-01
2.282986640930175781e-01
3.139165043830871582e-01
2.523626387119293213e-01
2.215227782726287842e-01
2.217721045017242432e-01
2.556273639202117920e-01
2.214158475399017334e-01
2.384482026100158691e-01
3.544668555259704590e-01
2.402920275926589966e-01
3.718483746051788330e-01
2.216790467500686646e-01
2.346397042274475098e-01
2.215164154767990112e-01
3.294333517551422119e-01
2.212778329849243164e-01
2.223146557807922363e-01
2.219620496034622192e-01
2.212935388088226318e-01
3.275821208953857422e-01
3.367634415626525879e-01
4.735648930072784424e-01
3.746190965175628662e-01
2.233157008886337280e-01
4.008082151412963867e-01
2.386236935853958130e-01
2.215655446052551270e-01
2.225435972213745117e-01
2.212902456521987915e-01
2.681747376918792725e-01
3.286096751689910889e-01
3.767718672752380371e-01
2.224792838096618652e-01
2.214309126138687134e-01
2.214211672544479370e-01
2.212628573179244995e-01
3.272948265075683594e-01
2.849233448505401611e-01
2.227921187877655029e-01
2.217261940240859985e-01
2.213431596755981445e-01
2.214169353246688843e-01
2.307687848806381226e-01
2.525496184825897217e-01
3.713828921318054199e-01
2.212484180927276611e-01
2.214094549417495728e-01
2.213763296604156494e-01
3.333439528942108154e-01
2.212598323822021484e-01
3.133720457553863525e-01
2.340621650218963623e-01
4.720902740955352783e-01
2.213285714387893677e-01
2.220397442579269409e-01
2.504000663757324219e-01
4.696229100227355957e-01
2.249018847942352295e-01
2.255574464797973633e-01
3.726085722446441650e-01
3.376196622848510742e-01
4.790038168430328369e-01
3.755221664905548096e-01
2.240068912506103516e-01
2.213341891765594482e-01
2.505111396312713623e-01
2.293241620063781738e-01
3.783168792724609375e-01
3.913429379463195801e-01
2.238449156284332275e-01
2.214220762252807617e-01
2.216580063104629517e-01
2.213492095470428467e-01
2.256079316139221191e-01
2.212461233139038086e-01
2.218304276466369629e-01
2.654785811901092529e-01
2.236464023590087891e-01
3.628187179565429688e-01
2.500666677951812744e-01
2.213106453418731689e-01
2.223189473152160645e-01
2.212951332330703735e-01
2.214838713407516479e-01
3.736625015735626221e-01
4.670686423778533936e-01
2.243543714284896851e-01
3.311587274074554443e-01
2.502850294113159180e-01
2.265090346336364746e-01
2.215254306793212891e-01
2.216760814189910889e-01
2.223179787397384644e-01
2.217265665531158447e-01
2.218005061149597168e-01
2.810119986534118652e-01
2.556595206260681152e-01
2.213084846735000610e-01
2.226865887641906738e-01
3.804302215576171875e-01
6.783416867256164551e-01
2.214814871549606323e-01
2.227377593517303467e-01
3.253792524337768555e-01
2.215441018342971802e-01
2.249454408884048462e-01
2.213456779718399048e-01
3.342129886150360107e-01
2.214658260345458984e-01
2.227998375892639160e-01
3.022226095199584961e-01
2.506912350654602051e-01
2.212217450141906738e-01
3.667619824409484863e-01
2.212608605623245239e-01
2.529582679271697998e-01
3.562477827072143555e-01
2.212903201580047607e-01
2.214228659868240356e-01
2.212829142808914185e-01
2.328133136034011841e-01
4.609078764915466309e-01
2.259650975465774536e-01
2.461982369422912598e-01
2.213243693113327026e-01
2.277803719043731689e-01
2.290897816419601440e-01
3.300020992755889893e-01
2.433281987905502319e-01
2.316398918628692627e-01
4.003849029541015625e-01
2.248979210853576660e-01
2.548491656780242920e-01
2.833948135375976562e-01
2.236507982015609741e-01
3.558706939220428467e-01
2.213402986526489258e-01
2.212487012147903442e-01
2.512524127960205078e-01
3.131660521030426025e-01
2.216024845838546753e-01
3.361470997333526611e-01
2.214745730161666870e-01
2.249739468097686768e-01
3.849737048149108887e-01
2.212544679641723633e-01
2.214134037494659424e-01
2.236286848783493042e-01
2.213397622108459473e-01
2.304203063249588013e-01
3.822066485881805420e-01
2.212485820055007935e-01
3.528955578804016113e-01
2.213845849037170410e-01
2.214619368314743042e-01
2.212511450052261353e-01
2.215609997510910034e-01
2.636449038982391357e-01
2.260624021291732788e-01
2.544265389442443848e-01
2.212526351213455200e-01
2.488576769828796387e-01
2.234506160020828247e-01
2.213249355554580688e-01
2.229110151529312134e-01
2.272454649209976196e-01
2.539306879043579102e-01
2.260333150625228882e-01
2.415792346000671387e-01
3.254292905330657959e-01
2.213387191295623779e-01
2.216423004865646362e-01
2.213345021009445190e-01
2.219796925783157349e-01
2.212571948766708374e-01
2.628026306629180908e-01
2.358099818229675293e-01
3.167247176170349121e-01
2.474905252456665039e-01
2.213831096887588501e-01
3.248445987701416016e-01
2.248482555150985718e-01
2.327791899442672729e-01
4.729379415512084961e-01
2.212694883346557617e-01
2.276759892702102661e-01
2.491523921489715576e-01
2.226829677820205688e-01
3.326222598552703857e-01
4.464777410030364990e-01
2.212698161602020264e-01
3.740707337856292725e-01
2.218472659587860107e-01
2.213037312030792236e-01
2.266235649585723877e-01
2.214517444372177124e-01
2.217239737510681152e-01
2.230999916791915894e-01
2.213120907545089722e-01
2.518948614597320557e-01
2.213914096355438232e-01
4.664981067180633545e-01
2.212795317173004150e-01
2.813316583633422852e-01
3.336996734142303467e-01
2.218353003263473511e-01
3.367128074169158936e-01
3.318361043930053711e-01
2.244382649660110474e-01
2.233439087867736816e-01
3.242326974868774414e-01
3.575648069381713867e-01
2.213506549596786499e-01
2.316987514495849609e-01
3.096643686294555664e-01
2.748349606990814209e-01
2.212571650743484497e-01
3.333250284194946289e-01
3.994293808937072754e-01
3.311918079853057861e-01
2.837161421775817871e-01
2.549694478511810303e-01
3.882348239421844482e-01
2.445758730173110962e-01
2.218215018510818481e-01
2.501198649406433105e-01
2.213002890348434448e-01
2.214906662702560425e-01
2.243189513683319092e-01
2.486544996500015259e-01
2.217422276735305786e-01
2.217842489480972290e-01
4.009912312030792236e-01
3.743969500064849854e-01
2.260927259922027588e-01
2.281327694654464722e-01
2.367933243513107300e-01
2.214473783969879150e-01
3.171702027320861816e-01
2.212114930152893066e-01
4.774273633956909180e-01
2.215496301651000977e-01
2.658851146697998047e-01
2.224014252424240112e-01
2.213130742311477661e-01
4.543987512588500977e-01
3.126746714115142822e-01
3.279568552970886230e-01
3.244541585445404053e-01
2.218161076307296753e-01
2.214374393224716187e-01
2.521297633647918701e-01
3.244520723819732666e-01
2.265479862689971924e-01
3.755759000778198242e-01
2.233546227216720581e-01
2.212629318237304688e-01
2.227429449558258057e-01
2.218655794858932495e-01
2.511737048625946045e-01
2.235612869262695312e-01
2.535582184791564941e-01
2.214075624942779541e-01
4.016770720481872559e-01
2.217697203159332275e-01
4.371271431446075439e-01
2.235328555107116699e-01
2.285166829824447632e-01
2.222666442394256592e-01
2.214625030755996704e-01
2.357295900583267212e-01
3.495655655860900879e-01
3.844391703605651855e-01
2.408590465784072876e-01
2.213351428508758545e-01
2.219567298889160156e-01
3.320921957492828369e-01
2.241611331701278687e-01
2.213114351034164429e-01
2.225975245237350464e-01
2.501489818096160889e-01
2.213292270898818970e-01
3.566114902496337891e-01
2.311934679746627808e-01
2.504769265651702881e-01
5.140942335128784180e-01
2.310635298490524292e-01
2.512159347534179688e-01
3.555053472518920898e-01
2.212901413440704346e-01
2.220968604087829590e-01
2.255885899066925049e-01
3.496965765953063965e-01
2.219551801681518555e-01
2.212805598974227905e-01
4.083129465579986572e-01
2.214774489402770996e-01
2.858734726905822754e-01
4.612561762332916260e-01
2.215243279933929443e-01
2.218407690525054932e-01
3.530622422695159912e-01
3.132766187191009521e-01
2.406418174505233765e-01
3.729764223098754883e-01
2.213839739561080933e-01
2.562850117683410645e-01
3.215705454349517822e-01
2.293304204940795898e-01
2.240325361490249634e-01
2.295820862054824829e-01
2.211921066045761108e-01
2.262748032808303833e-01
2.216033041477203369e-01
2.419711649417877197e-01
4.746003746986389160e-01
2.440331429243087769e-01
2.228562235832214355e-01
3.146172761917114258e-01
2.933381795883178711e-01
2.343258857727050781e-01
2.212651520967483521e-01
2.213746458292007446e-01
2.504140734672546387e-01
2.693070173263549805e-01
2.215197682380676270e-01
2.656868398189544678e-01
2.214381843805313110e-01
2.260390073060989380e-01
2.215164452791213989e-01
2.213544547557830811e-01
2.218514084815979004e-01
2.212657183408737183e-01
2.539917826652526855e-01
2.223989218473434448e-01
2.222985476255416870e-01
2.292954921722412109e-01
3.485006690025329590e-01
3.272925019264221191e-01
2.282351404428482056e-01
2.213015258312225342e-01
2.235600203275680542e-01
3.352555632591247559e-01
3.240065574645996094e-01
2.215011864900588989e-01
3.571712970733642578e-01
2.351294010877609253e-01
2.221136540174484253e-01
2.213143557310104370e-01
2.212970405817031860e-01
2.212794423103332520e-01
2.213596403598785400e-01
2.235989570617675781e-01
2.269004583358764648e-01
2.502065598964691162e-01
4.765366017818450928e-01
4.249992966651916504e-01
2.382715195417404175e-01
3.538970053195953369e-01
2.214614450931549072e-01
2.219963073730468750e-01
3.297056853771209717e-01
2.215007245540618896e-01
3.777628839015960693e-01
2.515786290168762207e-01
2.625932097434997559e-01
2.571567893028259277e-01
2.311618477106094360e-01
3.286305069923400879e-01
2.218907922506332397e-01
2.215549647808074951e-01
2.213675379753112793e-01
2.832931280136108398e-01
2.213215231895446777e-01
4.822906255722045898e-01
3.237100839614868164e-01
3.730890750885009766e-01
2.272202521562576294e-01
2.212532907724380493e-01
2.346042990684509277e-01
2.281460762023925781e-01
2.214635759592056274e-01
2.214966267347335815e-01
3.527563512325286865e-01
2.334344834089279175e-01
2.215269804000854492e-01
2.214994877576828003e-01
2.967094480991363525e-01
2.213015258312225342e-01
2.215156704187393188e-01
2.222195565700531006e-01
2.213421463966369629e-01
2.522594928741455078e-01
2.225402891635894775e-01
2.212798446416854858e-01
2.212661057710647583e-01
2.266709059476852417e-01
2.460821270942687988e-01
2.313191294670104980e-01
3.315334618091583252e-01
2.521679699420928955e-01
2.213896512985229492e-01
2.231413424015045166e-01
2.213501632213592529e-01
3.436141312122344971e-01
2.213320732116699219e-01
2.215704321861267090e-01
2.224185168743133545e-01
2.232911288738250732e-01
2.602240443229675293e-01
2.213325649499893188e-01
2.215286642313003540e-01
2.247599065303802490e-01
2.302989065647125244e-01
3.749761581420898438e-01
4.742352962493896484e-01
2.351850271224975586e-01
3.229383230209350586e-01
2.216237932443618774e-01
2.213568687438964844e-01
3.704982399940490723e-01
3.665944337844848633e-01
3.426005840301513672e-01
2.212367206811904907e-01
2.216343432664871216e-01
3.884089887142181396e-01
2.284530848264694214e-01
2.244177758693695068e-01
2.212921231985092163e-01
3.259891271591186523e-01
2.486359179019927979e-01
2.217669188976287842e-01
