4.724522680044174194e-02
7.761127352714538574e-01
2.880214154720306396e-01
7.969393134117126465e-01
5.127580165863037109e-01
4.930434376001358032e-02
4.997401535511016846e-01
2.971524298191070557e-01
7.840332984924316406e-01
1.091478615999221802e-01
3.309624493122100830e-01
3.296263515949249268e-01
6.784984469413757324e-01
5.089603662490844727e-01
1.896501630544662476e-01
3.138058483600616455e-01
1.116032078862190247e-01
5.278633236885070801e-01
8.037890195846557617e-01
2.883124351501464844e-01
5.281593799591064453e-01
6.836435794830322266e-01
4.567970335483551025e-02
4.729685559868812561e-02
2.567355036735534668e-01
4.730929434299468994e-02
7.531727552413940430e-01
3.186157941818237305e-01
5.058662295341491699e-01
4.541590213775634766e-01
3.330555260181427002e-01
4.871107265353202820e-02
7.630926370620727539e-01
4.679095000028610229e-02
3.421632349491119385e-01
1.412867903709411621e-01
2.788691818714141846e-01
1.572452336549758911e-01
3.372160196304321289e-01
8.015592694282531738e-01
1.764330118894577026e-01
7.885828614234924316e-02
4.582414031028747559e-02
4.405751079320907593e-02
5.149783194065093994e-02
2.123669236898422241e-01
9.269531816244125366e-02
6.965458989143371582e-01
4.599998891353607178e-02
7.806590795516967773e-01
6.640969216823577881e-02
4.554347321391105652e-02
3.277182281017303467e-01
3.626103699207305908e-01
7.789237052202224731e-02
1.807848960161209106e-01
7.977610826492309570e-01
4.859784618020057678e-02
5.071016028523445129e-02
1.907795518636703491e-01
3.321000635623931885e-01
1.595361828804016113e-01
1.222208738327026367e-01
4.607401788234710693e-02
4.537372663617134094e-02
4.650401696562767029e-02
4.964060336351394653e-02
9.209523350000381470e-02
5.839569568634033203e-01
2.712450325489044189e-01
5.880515649914741516e-02
6.795307397842407227e-01
3.748101294040679932e-01
6.273409724235534668e-02
3.517965972423553467e-01
4.623795300722122192e-02
4.730138555169105530e-02
4.757859930396080017e-02
4.786542057991027832e-02
4.546771198511123657e-02
7.937725186347961426e-01
7.589277029037475586e-01
6.340259909629821777e-01
3.401730954647064209e-01
7.684242129325866699e-01
3.645814657211303711e-01
5.090498551726341248e-02
7.558335363864898682e-02
6.837239861488342285e-01
7.953998446464538574e-02
4.534433186054229736e-01
4.575347527861595154e-02
4.629434272646903992e-02
5.173109769821166992e-01
5.246707201004028320e-01
5.200368762016296387e-01
5.228969454765319824e-01
7.781837582588195801e-01
4.633800685405731201e-02
9.340521693229675293e-02
3.851627111434936523e-01
8.920940011739730835e-02
5.314796566963195801e-01
1.476677954196929932e-01
3.428077101707458496e-01
3.186171948909759521e-01
5.942483991384506226e-02
4.966046512126922607e-01
3.324281275272369385e-01
3.395594954490661621e-01
4.303375780582427979e-01
4.875735938549041748e-02
5.487553030252456665e-02
8.037711381912231445e-01
2.920200526714324951e-01
6.445747613906860352e-02
7.287350893020629883e-01
4.532948508858680725e-02
5.323741957545280457e-02
5.431592464447021484e-01
4.730014130473136902e-02
1.708402931690216064e-01
4.920975491404533386e-02
5.298711061477661133e-01
7.849694490432739258e-01
2.727386057376861572e-01
4.596426710486412048e-02
3.545547127723693848e-01
4.930738732218742371e-02
8.008816093206405640e-02
8.005098104476928711e-01
3.139083385467529297e-01
7.973921298980712891e-01
3.007200360298156738e-01
4.988056421279907227e-01
5.091447830200195312e-01
7.947286367416381836e-01
1.550781726837158203e-01
4.933355152606964111e-01
4.614784196019172668e-02
5.051216483116149902e-01
6.818768978118896484e-01
5.052822232246398926e-01
2.746880650520324707e-01
3.326345980167388916e-01
4.887136444449424744e-02
5.159546732902526855e-01
5.711619853973388672e-01
5.385721325874328613e-01
6.556147336959838867e-02
4.621497541666030884e-02
1.980144977569580078e-01
5.098025873303413391e-02
1.292281597852706909e-01
1.493147909641265869e-01
5.269337818026542664e-02
1.160616576671600342e-01
3.262433409690856934e-01
4.445937871932983398e-01
7.291932702064514160e-01
2.426495105028152466e-01
5.164753794670104980e-01
4.723529517650604248e-02
1.580180525779724121e-01
6.476940512657165527e-01
2.472087293863296509e-01
2.993239760398864746e-01
3.613726198673248291e-01
4.859707131981849670e-02
2.906291186809539795e-01
4.747225344181060791e-02
4.675827547907829285e-02
1.939266473054885864e-01
5.313960313796997070e-01
9.495481103658676147e-02
7.876876592636108398e-01
3.818342983722686768e-01
5.979421734809875488e-02
5.990372300148010254e-01
2.548064291477203369e-01
1.998459547758102417e-01
4.976792261004447937e-02
2.426507174968719482e-01
1.009586155414581299e-01
8.641111105680465698e-02
4.716527462005615234e-02
2.701787948608398438e-01
6.258761882781982422e-01
3.152423202991485596e-01
4.221266210079193115e-01
4.596476629376411438e-02
6.138028502464294434e-01
8.736877888441085815e-02
7.159333229064941406e-01
3.277105987071990967e-01
5.863742232322692871e-01
4.727301001548767090e-02
2.301661074161529541e-01
3.454605340957641602e-01
5.050925165414810181e-02
4.779104143381118774e-02
4.754642844200134277e-01
7.962138056755065918e-01
3.418242931365966797e-01
5.066110491752624512e-01
7.927885055541992188e-01
5.042650699615478516e-01
5.694871023297309875e-02
8.056061267852783203e-01
2.380017042160034180e-01
5.010132789611816406e-01
4.745601862668991089e-02
2.632630467414855957e-01
6.215164661407470703e-01
6.537600606679916382e-02
4.730942472815513611e-02
5.686342716217041016e-01
3.255321085453033447e-01
6.491568684577941895e-01
8.053866773843765259e-02
7.882780432701110840e-01
8.063598871231079102e-01
5.086310505867004395e-01
4.662737622857093811e-02
5.548148974776268005e-02
4.792752489447593689e-02
5.205088853836059570e-01
5.122409462928771973e-01
1.872444152832031250e-01
5.067701339721679688e-01
5.954849123954772949e-01
7.970631122589111328e-01
5.775094032287597656e-02
7.753986120223999023e-01
7.964211106300354004e-01
2.324712723493576050e-01
4.227282404899597168e-01
7.978901267051696777e-01
2.568528354167938232e-01
3.076723814010620117e-01
7.108946442604064941e-01
8.745539188385009766e-02
6.085569858551025391e-01
2.214027345180511475e-01
2.771100401878356934e-01
5.040217041969299316e-01
5.030989274382591248e-02
8.053892850875854492e-01
7.551931589841842651e-02
5.148605704307556152e-01
3.562719821929931641e-01
8.482590317726135254e-02
5.086528137326240540e-02
5.080679431557655334e-02
8.761372417211532593e-02
6.099667400121688843e-02
3.230715990066528320e-01
6.662208437919616699e-01
1.439423561096191406e-01
6.710422635078430176e-01
4.743918403983116150e-02
6.279766559600830078e-01
3.466251790523529053e-01
4.628745838999748230e-02
8.183416724205017090e-02
3.450453281402587891e-01
3.379154801368713379e-01
3.166115880012512207e-01
4.659749567508697510e-02
6.570309400558471680e-01
7.910600304603576660e-01
5.276443958282470703e-01
3.446512222290039062e-01
2.591964602470397949e-01
7.061474919319152832e-01
1.050139889121055603e-01
7.324289679527282715e-01
1.671618521213531494e-01
6.852443814277648926e-01
6.253512948751449585e-02
1.325090229511260986e-01
7.841553092002868652e-01
2.725226581096649170e-01
4.148192703723907471e-01
4.242888987064361572e-01
3.454231917858123779e-01
4.634894430637359619e-02
2.351002395153045654e-01
3.214894533157348633e-01
1.049583405256271362e-01
7.236674427986145020e-02
5.201466679573059082e-01
6.244599819183349609e-01
3.656950294971466064e-01
1.498973667621612549e-01
4.882233217358589172e-02
1.665340662002563477e-01
6.660511493682861328e-01
9.617394208908081055e-02
4.986432194709777832e-02
7.578827142715454102e-01
3.303014934062957764e-01
3.242527544498443604e-01
5.252193659543991089e-02
5.569585040211677551e-02
4.654507339000701904e-02
8.649798482656478882e-02
6.511464715003967285e-01
7.428381443023681641e-01
5.062007308006286621e-01
5.097115039825439453e-01
8.325155824422836304e-02
6.506886333227157593e-02
3.145621418952941895e-01
5.067330598831176758e-01
3.749505281448364258e-01
7.934982776641845703e-01
5.264340639114379883e-01
3.112240433692932129e-01
2.758126854896545410e-01
6.285354495048522949e-01
3.610492944717407227e-01
3.470904231071472168e-01
7.946362495422363281e-01
3.258026242256164551e-01
3.335715830326080322e-01
6.058177351951599121e-02
5.491941794753074646e-02
5.489388853311538696e-02
6.465671211481094360e-02
4.657512903213500977e-02
8.761163055896759033e-02
3.115572333335876465e-01
6.815880537033081055e-02
3.605428338050842285e-01
7.699015140533447266e-01
3.053646981716156006e-01
4.533257707953453064e-02
8.442166447639465332e-02
1.423865854740142822e-01
5.860003456473350525e-02
3.527851104736328125e-01
7.379024624824523926e-01
3.407942652702331543e-01
7.234117388725280762e-01
4.641719162464141846e-02
3.150062263011932373e-01
2.470679432153701782e-01
3.494086265563964844e-01
6.532331109046936035e-01
8.227770030498504639e-02
4.654812067747116089e-02
4.907432571053504944e-02
5.127605795860290527e-02
3.145042657852172852e-01
1.235487461090087891e-01
5.628194808959960938e-01
2.515844106674194336e-01
5.086463689804077148e-02
3.543628156185150146e-01
6.348650157451629639e-02
5.835332870483398438e-01
1.709669232368469238e-01
7.332493364810943604e-02
5.592759847640991211e-01
5.059691071510314941e-01
3.598506748676300049e-01
7.968978881835937500e-01
2.243035882711410522e-01
8.595809340476989746e-02
3.728029727935791016e-01
1.292714774608612061e-01
2.173073589801788330e-01
7.726064324378967285e-02
4.892147704958915710e-02
4.560451209545135498e-02
2.278040051460266113e-01
6.916371732950210571e-02
7.968412041664123535e-01
4.619358107447624207e-02
4.678958654403686523e-02
5.035302042961120605e-02
7.490247488021850586e-01
4.931752979755401611e-01
2.571363151073455811e-01
1.037838831543922424e-01
1.842895597219467163e-01
4.043854773044586182e-01
2.339006662368774414e-01
3.831571340560913086e-01
4.888639226555824280e-02
5.225626006722450256e-02
5.702704936265945435e-02
4.584772512316703796e-02
2.312892377376556396e-01
5.916224420070648193e-02
5.219666361808776855e-01
1.917873769998550415e-01
6.607990860939025879e-01
1.784779429435729980e-01
2.626280188560485840e-01
4.542588815093040466e-02
6.082392930984497070e-01
2.713114321231842041e-01
6.994661688804626465e-01
7.793468236923217773e-01
5.076359510421752930e-01
3.587822020053863525e-01
3.325680494308471680e-01
1.403879374265670776e-01
4.703053459525108337e-02
4.602118954062461853e-02
3.643258810043334961e-01
3.773514926433563232e-01
5.299866199493408203e-01
4.700650274753570557e-02
3.719730377197265625e-01
1.110015735030174255e-01
5.096458643674850464e-02
4.582180455327033997e-02
4.823883995413780212e-02
3.162324428558349609e-01
6.602613329887390137e-01
4.798148572444915771e-02
4.888054355978965759e-02
4.773179888725280762e-01
4.659451171755790710e-02
8.785377442836761475e-02
1.812971234321594238e-01
6.793714314699172974e-02
6.493792682886123657e-02
2.161062657833099365e-01
6.716836690902709961e-01
5.127975940704345703e-01
2.674940526485443115e-01
5.575381964445114136e-02
2.635686099529266357e-01
6.614794582128524780e-02
5.455079674720764160e-01
3.099065124988555908e-01
1.329899132251739502e-01
5.196166411042213440e-02
4.940195381641387939e-02
7.044774889945983887e-01
5.821726098656654358e-02
2.681668400764465332e-01
5.737051367759704590e-02
7.086394429206848145e-01
7.848904281854629517e-02
4.637793079018592834e-02
3.467852473258972168e-01
6.880218982696533203e-01
5.149032473564147949e-01
4.589493200182914734e-02
4.646443203091621399e-02
4.307264685630798340e-01
3.930400013923645020e-01
2.248537242412567139e-01
4.616900905966758728e-02
1.795143187046051025e-01
3.458603620529174805e-01
1.609414964914321899e-01
4.567167907953262329e-02
2.539669871330261230e-01
5.534337460994720459e-02
8.709489554166793823e-02
7.993930578231811523e-01
3.196557164192199707e-01
7.052735984325408936e-02
8.073585033416748047e-01
4.694259464740753174e-01
5.071547031402587891e-01
5.063785985112190247e-02
7.419967651367187500e-01
5.030350089073181152e-01
4.787365347146987915e-02
7.914258837699890137e-01
7.446436882019042969e-01
3.980349004268646240e-01
4.737690836191177368e-02
3.471902608871459961e-01
2.631535828113555908e-01
4.571509361267089844e-02
5.972955822944641113e-01
4.809949174523353577e-02
6.075726076960563660e-02
2.594657242298126221e-01
6.068693101406097412e-02
4.663140699267387390e-02
5.233683586120605469e-01
4.616797342896461487e-02
5.698381662368774414e-01
4.955379664897918701e-02
7.244307398796081543e-01
6.833216547966003418e-01
2.397260814905166626e-01
3.170514702796936035e-01
3.350393474102020264e-01
4.872086271643638611e-02
5.915635824203491211e-02
7.890940308570861816e-01
9.281621873378753662e-02
6.583033800125122070e-01
7.871364355087280273e-01
3.262935578823089600e-01
4.630888998508453369e-02
6.707847118377685547e-01
8.239288628101348877e-02
5.777429342269897461e-01
2.451942116022109985e-01
1.976722478866577148e-01
2.141482383012771606e-01
7.372862100601196289e-01
3.336960077285766602e-01
5.967919826507568359e-01
8.595809340476989746e-02
5.343185365200042725e-02
5.580970048904418945e-01
1.871661692857742310e-01
2.759380936622619629e-01
1.846537888050079346e-01
5.004656910896301270e-01
5.032880976796150208e-02
3.420210480690002441e-01
5.046232342720031738e-01
5.586368963122367859e-02
6.190348267555236816e-01
7.923892140388488770e-01
4.619015380740165710e-02
6.253901720046997070e-01
1.030154377222061157e-01
3.322074413299560547e-01
2.331396788358688354e-01
8.695475757122039795e-02
5.256943702697753906e-01
2.885327637195587158e-01
3.444202840328216553e-01
5.134130120277404785e-01
7.906818389892578125e-01
7.953714728355407715e-01
8.043261170387268066e-01
4.716902598738670349e-02
3.472384214401245117e-01
3.605754673480987549e-01
3.822939097881317139e-01
7.977440953254699707e-01
2.262784242630004883e-01
2.944200336933135986e-01
1.308739930391311646e-01
4.656524211168289185e-02
7.793810963630676270e-01
4.893390461802482605e-02
5.431078746914863586e-02
7.857398986816406250e-01
4.756654426455497742e-02
7.318486273288726807e-02
2.866292893886566162e-01
3.531087934970855713e-01
7.992729544639587402e-01
5.770601332187652588e-02
4.666940867900848389e-02
5.500801652669906616e-02
7.639672756195068359e-01
7.991261482238769531e-01
4.626186564564704895e-02
7.227603197097778320e-01
4.888692870736122131e-02
5.894224047660827637e-01
3.337200284004211426e-01
7.810070514678955078e-01
5.198181867599487305e-01
4.551164805889129639e-02
3.450670838356018066e-01
5.076051354408264160e-01
4.984480515122413635e-02
4.758195206522941589e-02
5.072166323661804199e-01
4.547143727540969849e-02
1.013847365975379944e-01
2.584360837936401367e-01
3.239901363849639893e-01
4.913417622447013855e-02
5.223385095596313477e-01
4.743513762950897217e-01
2.759556174278259277e-01
4.810673743486404419e-02
3.483229875564575195e-01
7.961813211441040039e-01
5.201548933982849121e-01
6.643013954162597656e-01
2.530812621116638184e-01
5.072799324989318848e-01
3.423131406307220459e-01
2.177031189203262329e-01
4.595502465963363647e-02
5.130536109209060669e-02
4.557996615767478943e-02
5.080578327178955078e-01
5.096903443336486816e-01
7.258841991424560547e-01
9.415721893310546875e-02
3.697098195552825928e-01
4.769654944539070129e-02
1.491186022758483887e-01
7.779532074928283691e-01
4.230096638202667236e-01
4.968245700001716614e-02
4.800582677125930786e-02
4.587228223681449890e-02
4.669875651597976685e-02
9.558293968439102173e-02
7.863896489143371582e-01
3.418931066989898682e-01
5.052469298243522644e-02
1.173139065504074097e-01
3.761876225471496582e-01
5.431115031242370605e-01
5.113449320197105408e-02
3.511215746402740479e-01
3.839399516582489014e-01
7.983105182647705078e-01
1.276878267526626587e-01
4.673381149768829346e-02
6.921574473381042480e-02
4.962846338748931885e-01
2.761736214160919189e-01
4.860428348183631897e-02
4.083491861820220947e-01
7.872422933578491211e-01
7.601261138916015625e-01
6.331971287727355957e-01
8.806967735290527344e-02
4.599597305059432983e-02
3.547186553478240967e-01
5.128627419471740723e-01
1.844718605279922485e-01
4.277265071868896484e-01
6.866677999496459961e-01
7.230726629495620728e-02
4.751528799533843994e-02
4.671172797679901123e-02
3.381024003028869629e-01
2.744761407375335693e-01
4.769487679004669189e-02
3.512302637100219727e-01
5.544243454933166504e-01
1.546446532011032104e-01
7.490149736404418945e-01
3.457142710685729980e-01
2.181231081485748291e-01
9.644739329814910889e-02
4.564535245299339294e-02
6.907326579093933105e-01
7.907041311264038086e-01
4.956554248929023743e-02
8.012750148773193359e-01
8.050051927566528320e-01
6.907430887222290039e-01
3.346014022827148438e-01
7.361074090003967285e-01
4.570985212922096252e-02
4.903248548507690430e-01
6.464412212371826172e-01
7.058805823326110840e-01
7.033926248550415039e-01
5.849104002118110657e-02
4.843981564044952393e-02
3.725650608539581299e-01
6.959289908409118652e-01
3.240363299846649170e-01
2.764431834220886230e-01
5.149636864662170410e-01
5.391376614570617676e-01
3.416404724121093750e-01
2.925484776496887207e-01
4.069985747337341309e-01
1.833238452672958374e-01
1.514224112033843994e-01
6.089502573013305664e-01
5.065407156944274902e-01
4.864154011011123657e-02
7.205497026443481445e-01
4.606150835752487183e-02
5.058978199958801270e-01
6.252472400665283203e-01
4.708012193441390991e-02
4.665300995111465454e-02
6.327524781227111816e-02
4.651195108890533447e-01
8.045162558555603027e-01
3.401591181755065918e-01
7.468251585960388184e-01
4.772776737809181213e-02
4.927741736173629761e-02
4.661724716424942017e-02
6.947063803672790527e-01
8.370144665241241455e-02
6.346853375434875488e-01
5.042715668678283691e-01
2.460429519414901733e-01
5.110317468643188477e-02
4.923664405941963196e-02
5.088932514190673828e-01
7.912700772285461426e-01
4.654831066727638245e-02
7.422134280204772949e-02
7.355368137359619141e-01
1.560205370187759399e-01
4.662262648344039917e-02
3.095397949218750000e-01
4.601736366748809814e-02
2.174391597509384155e-01
3.754908442497253418e-01
3.313890397548675537e-01
5.514736101031303406e-02
1.103182509541511536e-01
5.057071521878242493e-02
1.031683832406997681e-01
5.168893933296203613e-01
1.859595924615859985e-01
4.046430885791778564e-01
1.907692700624465942e-01
6.817821413278579712e-02
1.389815211296081543e-01
2.898203432559967041e-01
2.813704907894134521e-01
5.333107709884643555e-01
6.715655326843261719e-02
2.422087937593460083e-01
8.046377897262573242e-01
1.328814327716827393e-01
3.324013054370880127e-01
1.737256348133087158e-01
5.174848437309265137e-01
6.852541118860244751e-02
2.080891281366348267e-01
3.238904774188995361e-01
8.038865923881530762e-01
4.588545113801956177e-02
3.411022424697875977e-01
5.071707442402839661e-02
4.906271025538444519e-02
5.949894711375236511e-02
6.836091876029968262e-01
2.411918938159942627e-01
1.660068631172180176e-01
7.936004996299743652e-01
5.068256258964538574e-01
5.209196209907531738e-01
2.344531714916229248e-01
6.698109209537506104e-02
5.277261137962341309e-01
5.918090417981147766e-02
4.757639765739440918e-02
7.925809621810913086e-01
5.805283784866333008e-01
6.375550031661987305e-01
4.908747076988220215e-01
5.830775573849678040e-02
3.061150014400482178e-01
2.471250444650650024e-01
2.822524309158325195e-01
4.784902036190032959e-01
4.749668762087821960e-02
6.533194333314895630e-02
3.059955239295959473e-01
5.581437051296234131e-02
6.657558083534240723e-01
4.929034113883972168e-01
4.014242589473724365e-01
4.563326761126518250e-02
6.369909644126892090e-01
8.021110892295837402e-01
2.238721400499343872e-01
7.367385029792785645e-01
5.137649178504943848e-01
5.031476020812988281e-01
5.256794393062591553e-02
7.326527833938598633e-01
3.519046008586883545e-01
4.529334604740142822e-02
6.746711730957031250e-01
3.349736928939819336e-01
7.406735420227050781e-01
4.564246907830238342e-02
3.472777009010314941e-01
2.637732028961181641e-01
3.003834187984466553e-01
4.561198651790618896e-01
7.909886837005615234e-01
1.800180077552795410e-01
3.454806208610534668e-01
4.693795740604400635e-02
7.946220636367797852e-01
4.753171280026435852e-02
4.690217971801757812e-02
7.906752824783325195e-01
7.924478650093078613e-01
2.902787625789642334e-01
5.782246962189674377e-02
5.641244649887084961e-01
4.677987396717071533e-01
7.789900898933410645e-01
1.680448353290557861e-01
7.750279903411865234e-01
4.732416942715644836e-02
5.135322213172912598e-01
4.905001074075698853e-02
6.571357250213623047e-01
4.666745662689208984e-02
4.474041759967803955e-01
5.186395049095153809e-01
1.853519380092620850e-01
1.439388990402221680e-01
1.352604031562805176e-01
5.068438053131103516e-01
7.909148335456848145e-01
3.487016856670379639e-01
4.844309687614440918e-01
5.293528363108634949e-02
5.068055391311645508e-01
7.904002666473388672e-01
5.492473244667053223e-01
2.101308405399322510e-01
3.181356489658355713e-01
4.777089133858680725e-02
2.627639472484588623e-01
3.431705236434936523e-01
1.550607979297637939e-01
8.012743592262268066e-01
2.933188676834106445e-01
5.226104259490966797e-01
5.509190261363983154e-02
5.950810909271240234e-01
3.074375689029693604e-01
3.427622318267822266e-01
5.191059783101081848e-02
4.734498262405395508e-02
1.636475026607513428e-01
7.873424887657165527e-01
7.140219807624816895e-01
3.425832688808441162e-01
8.718919008970260620e-02
7.514862418174743652e-01
8.047996163368225098e-01
5.182237029075622559e-01
5.110086128115653992e-02
1.539808809757232666e-01
7.782351970672607422e-01
5.065889954566955566e-01
6.584398746490478516e-01
6.285545974969863892e-02
8.017573952674865723e-01
7.974683642387390137e-01
3.299802541732788086e-01
7.881976366043090820e-01
3.409170508384704590e-01
4.930101707577705383e-02
5.082051157951354980e-01
3.027337789535522461e-01
5.050849318504333496e-01
1.083304136991500854e-01
4.997631311416625977e-01
6.128723621368408203e-01
2.644694149494171143e-01
5.097946524620056152e-01
6.150516271591186523e-01
7.684438228607177734e-01
4.698971286416053772e-02
5.013793110847473145e-01
6.609770059585571289e-01
5.317286252975463867e-01
3.596357107162475586e-01
2.803037464618682861e-01
3.508279323577880859e-01
6.814191341400146484e-01
5.568951964378356934e-01
1.418434381484985352e-01
8.715014904737472534e-02
8.595809340476989746e-02
4.767445847392082214e-02
3.463925123214721680e-01
1.776686906814575195e-01
6.233682632446289062e-01
1.829428672790527344e-01
4.712494090199470520e-02
3.675890266895294189e-01
5.081919431686401367e-01
4.871173948049545288e-02
4.860444366931915283e-01
4.721145331859588623e-02
5.244988203048706055e-01
5.136053562164306641e-01
4.691964015364646912e-02
3.271006941795349121e-01
4.675272479653358459e-02
3.456257581710815430e-01
1.588158458471298218e-01
7.465683668851852417e-02
4.683625325560569763e-02
4.777642339468002319e-02
5.020295381546020508e-01
2.032307237386703491e-01
8.253479003906250000e-02
2.411104589700698853e-01
2.428938448429107666e-01
3.286641836166381836e-01
5.044455528259277344e-01
5.077001824975013733e-02
4.536833614110946655e-02
7.837181091308593750e-01
3.413203954696655273e-01
5.424840003252029419e-02
8.057795166969299316e-01
6.082434654235839844e-01
4.210661947727203369e-01
7.631829380989074707e-02
3.038020133972167969e-01
4.733855649828910828e-02
4.927268251776695251e-02
4.977771937847137451e-01
3.419605195522308350e-01
3.803557753562927246e-01
6.125876903533935547e-01
7.384442090988159180e-01
5.084449425339698792e-02
5.301533937454223633e-01
5.397209897637367249e-02
3.247700929641723633e-01
3.370112478733062744e-01
3.268914818763732910e-01
3.902071714401245117e-01
3.016139566898345947e-01
8.028271198272705078e-01
4.793215915560722351e-02
1.820464283227920532e-01
7.599162459373474121e-01
2.320368140935897827e-01
5.077828764915466309e-01
6.036707758903503418e-01
4.181809723377227783e-01
3.900181055068969727e-01
7.781683206558227539e-01
7.842472195625305176e-01
1.781706809997558594e-01
7.362914681434631348e-01
6.037685647606849670e-02
7.006583213806152344e-01
5.057079792022705078e-01
4.674987867474555969e-02
4.754833504557609558e-02
4.925245940685272217e-01
2.943504750728607178e-01
4.747179895639419556e-02
4.651455581188201904e-01
7.986757755279541016e-01
6.392516195774078369e-02
4.758467525243759155e-02
1.339067667722702026e-01
8.154607564210891724e-02
2.324137240648269653e-01
5.584480985999107361e-02
1.246625110507011414e-01
4.738279059529304504e-02
3.586497306823730469e-01
4.239297211170196533e-01
5.058125853538513184e-01
5.107988715171813965e-01
7.516109943389892578e-01
2.026047408580780029e-01
5.040169507265090942e-02
2.013677805662155151e-01
7.408965229988098145e-01
4.720045253634452820e-02
3.752101659774780273e-01
3.368612229824066162e-01
4.751444235444068909e-02
7.968373298645019531e-01
3.354291021823883057e-01
1.045185923576354980e-01
5.389859154820442200e-02
3.775154054164886475e-01
3.551696240901947021e-01
5.949159264564514160e-01
1.230640709400177002e-01
2.542394995689392090e-01
5.234356969594955444e-02
3.161950409412384033e-01
3.761268854141235352e-01
3.527796566486358643e-01
2.986722290515899658e-01
2.767664492130279541e-01
4.713436216115951538e-02
4.898739606142044067e-02
8.075249195098876953e-02
3.481986820697784424e-01
2.589371800422668457e-01
7.963466644287109375e-01
7.717931866645812988e-01
2.845291197299957275e-01
