5.522550642490386963e-02
8.469946384429931641e-01
2.109896689653396606e-01
8.404542207717895508e-01
9.564027190208435059e-02
1.485927850008010864e-01
1.546989530324935913e-01
2.369733154773712158e-01
8.404557108879089355e-01
1.391071975231170654e-01
3.702700436115264893e-01
2.866032123565673828e-01
8.365005254745483398e-01
7.805783152580261230e-01
1.610866338014602661e-01
3.243227899074554443e-01
9.602887928485870361e-02
7.318049073219299316e-01
8.501414060592651367e-01
4.964981377124786377e-01
7.484029531478881836e-01
8.442876935005187988e-01
8.102726936340332031e-02
6.927934288978576660e-02
1.834051609039306641e-01
7.742303609848022461e-02
8.042219281196594238e-01
3.142812848091125488e-01
3.447302281856536865e-01
3.773590326309204102e-01
2.645723223686218262e-01
6.000819429755210876e-02
7.919224500656127930e-01
8.395212143659591675e-02
3.182855248451232910e-01
1.356116384267807007e-01
3.495949506759643555e-01
1.911824494600296021e-01
3.963192105293273926e-01
8.474518656730651855e-01
1.638755500316619873e-01
1.156517192721366882e-01
7.388777285814285278e-02
1.242821663618087769e-01
8.410632610321044922e-02
1.698438972234725952e-01
2.304490655660629272e-01
8.268631100654602051e-01
5.665120109915733337e-02
8.130210638046264648e-01
1.860402673482894897e-01
6.689671427011489868e-02
1.497961133718490601e-01
4.357216358184814453e-01
9.705882519483566284e-02
1.083636954426765442e-01
8.227261304855346680e-01
1.057128310203552246e-01
1.266561597585678101e-01
1.876219809055328369e-01
5.460358858108520508e-01
2.228148579597473145e-01
1.268321424722671509e-01
5.782147869467735291e-02
9.706696867942810059e-02
1.752677559852600098e-01
7.097621262073516846e-02
1.104279980063438416e-01
5.948113203048706055e-01
1.555618047714233398e-01
6.660204380750656128e-02
8.176421523094177246e-01
6.617980599403381348e-01
9.296259284019470215e-02
5.872367620468139648e-01
1.078308299183845520e-01
5.624392628669738770e-02
6.984329968690872192e-02
1.656999289989471436e-01
6.625835597515106201e-02
8.344388604164123535e-01
8.085199594497680664e-01
8.240551948547363281e-01
4.714092016220092773e-01
7.803653478622436523e-01
8.131336569786071777e-01
6.801586598157882690e-02
1.166609823703765869e-01
8.229999542236328125e-01
2.579905688762664795e-01
7.783029079437255859e-01
8.185037970542907715e-02
7.064718753099441528e-02
6.344314217567443848e-01
6.405569911003112793e-01
7.161538600921630859e-01
3.796844184398651123e-01
8.306369781494140625e-01
6.808645278215408325e-02
1.056558191776275635e-01
4.943160712718963623e-01
2.021083235740661621e-01
4.953831434249877930e-01
1.880823224782943726e-01
3.031248748302459717e-01
1.073404401540756226e-01
6.269631534814834595e-02
5.317407846450805664e-01
5.848773717880249023e-01
3.664680719375610352e-01
5.186077952384948730e-01
5.479996278882026672e-02
9.024542570114135742e-02
8.503822684288024902e-01
2.649807035923004150e-01
9.541918337345123291e-02
8.342908620834350586e-01
5.599557235836982727e-02
1.271350681781768799e-01
6.981758475303649902e-01
5.722996965050697327e-02
1.125812828540802002e-01
1.426031142473220825e-01
4.910904169082641602e-01
8.415522575378417969e-01
1.204467043280601501e-01
9.974841028451919556e-02
2.184529453516006470e-01
7.801499962806701660e-02
1.169932410120964050e-01
8.520321249961853027e-01
5.736043453216552734e-01
8.399858474731445312e-01
2.499429732561111450e-01
7.632964253425598145e-01
4.254909157752990723e-01
8.314430117607116699e-01
2.698239684104919434e-01
5.368437767028808594e-01
6.732563674449920654e-02
8.028933405876159668e-01
6.856521368026733398e-01
6.744593381881713867e-01
2.711823284626007080e-01
2.432789355516433716e-01
8.435696363449096680e-02
7.094082236289978027e-01
7.958973050117492676e-01
6.200532913208007812e-01
1.532937735319137573e-01
6.726220250129699707e-02
2.324866950511932373e-01
1.000888347625732422e-01
1.122455820441246033e-01
1.199002489447593689e-01
1.710847914218902588e-01
2.216107100248336792e-01
1.917930990457534790e-01
3.940554261207580566e-01
7.781241536140441895e-01
2.262201756238937378e-01
6.518957614898681641e-01
1.090972274541854858e-01
3.070324659347534180e-01
8.429074883460998535e-01
4.340180456638336182e-01
2.585938870906829834e-01
3.692441284656524658e-01
9.520059078931808472e-02
3.172724246978759766e-01
8.804362267255783081e-02
5.344654992222785950e-02
2.994179725646972656e-01
7.129731774330139160e-01
6.803110986948013306e-02
8.443004488945007324e-01
2.581440806388854980e-01
6.553931534290313721e-02
8.314074277877807617e-01
1.379760801792144775e-01
1.755542308092117310e-01
1.344701051712036133e-01
1.004045382142066956e-01
1.253468096256256104e-01
9.344937652349472046e-02
1.655796915292739868e-01
1.615276485681533813e-01
6.309286952018737793e-01
2.868915200233459473e-01
5.349293947219848633e-01
7.371503859758377075e-02
5.405393242835998535e-01
8.635796606540679932e-02
6.899189352989196777e-01
3.518037199974060059e-01
7.577602267265319824e-01
1.119262129068374634e-01
2.483259886503219604e-01
6.233780384063720703e-01
6.054556369781494141e-02
5.375358834862709045e-02
1.966588646173477173e-01
8.136501908302307129e-01
3.269917964935302734e-01
4.083948433399200439e-01
8.429727554321289062e-01
7.789892554283142090e-01
8.657538890838623047e-02
8.469702601432800293e-01
1.100752428174018860e-01
3.972797095775604248e-01
6.944799423217773438e-02
1.563347429037094116e-01
5.457187891006469727e-01
1.981612443923950195e-01
7.133769989013671875e-02
8.315521478652954102e-01
2.922018468379974365e-01
8.079265952110290527e-01
1.157178506255149841e-01
8.317348361015319824e-01
8.480930328369140625e-01
6.801493167877197266e-01
1.455576717853546143e-01
1.324522793292999268e-01
2.190525829792022705e-01
7.035238146781921387e-01
7.815595269203186035e-01
1.124381124973297119e-01
8.006334304809570312e-01
5.641546249389648438e-01
8.386834859848022461e-01
9.554007649421691895e-02
8.216716647148132324e-01
8.234485387802124023e-01
2.833664715290069580e-01
4.695981740951538086e-01
8.457756042480468750e-01
3.283204138278961182e-01
2.564597129821777344e-01
8.236353993415832520e-01
9.128928184509277344e-02
7.093122005462646484e-01
7.747860252857208252e-02
2.682897150516510010e-01
4.875706434249877930e-01
1.586837619543075562e-01
8.476276397705078125e-01
1.307836472988128662e-01
7.748968005180358887e-01
4.244149327278137207e-01
8.724584430456161499e-02
8.898887783288955688e-02
1.297669559717178345e-01
1.104335337877273560e-01
1.315098255872726440e-01
2.494094669818878174e-01
7.573949694633483887e-01
1.559537053108215332e-01
7.772582173347473145e-01
9.835048019886016846e-02
7.389259338378906250e-01
6.162431240081787109e-01
6.850865483283996582e-02
2.435787618160247803e-01
3.432770967483520508e-01
1.904972791671752930e-01
1.311349719762802124e-01
1.236054301261901855e-01
4.915177822113037109e-01
8.196972608566284180e-01
8.017653822898864746e-01
3.680195510387420654e-01
2.204184085130691528e-01
8.148075938224792480e-01
1.300039738416671753e-01
7.492361664772033691e-01
2.925944030284881592e-01
8.352230787277221680e-01
9.039231389760971069e-02
2.455367892980575562e-01
8.417153954505920410e-01
2.116353660821914673e-01
6.730891466140747070e-01
5.010287165641784668e-01
3.529995679855346680e-01
6.925962865352630615e-02
2.395825684070587158e-01
2.828648090362548828e-01
1.891234368085861206e-01
1.459143757820129395e-01
6.192253828048706055e-01
8.248621225357055664e-01
5.479009747505187988e-01
1.386781185865402222e-01
7.184773683547973633e-02
2.419736832380294800e-01
7.913236021995544434e-01
2.141487002372741699e-01
1.135217845439910889e-01
8.408538699150085449e-01
4.344973862171173096e-01
4.362317323684692383e-01
1.003487333655357361e-01
1.143745854496955872e-01
6.233968958258628845e-02
1.195274144411087036e-01
6.616150140762329102e-01
8.378674983978271484e-01
4.820462763309478760e-01
6.526033878326416016e-01
1.537955254316329956e-01
1.453712731599807739e-01
1.998425126075744629e-01
6.535130739212036133e-01
3.440008461475372314e-01
8.446485996246337891e-01
8.152241706848144531e-01
1.951745748519897461e-01
1.787327826023101807e-01
6.579698324203491211e-01
2.705369591712951660e-01
4.747348129749298096e-01
8.372543454170227051e-01
2.119443416595458984e-01
1.690645962953567505e-01
1.171763464808464050e-01
9.676663577556610107e-02
9.775559604167938232e-02
8.712107688188552856e-02
5.545379966497421265e-02
8.859158307313919067e-02
6.287944912910461426e-01
1.181799322366714478e-01
5.694835782051086426e-01
8.235225081443786621e-01
3.635784983634948730e-01
5.564489215612411499e-02
1.325893253087997437e-01
3.348975777626037598e-01
8.424445986747741699e-02
3.765132427215576172e-01
8.317711949348449707e-01
3.654620945453643799e-01
8.314047455787658691e-01
5.632195994257926941e-02
2.226283401250839233e-01
7.005351185798645020e-01
3.358939588069915771e-01
8.207789063453674316e-01
1.188443452119827271e-01
6.201691180467605591e-02
5.114331841468811035e-02
7.971111685037612915e-02
4.129839539527893066e-01
1.142324358224868774e-01
6.789721250534057617e-01
9.444749355316162109e-02
1.256767064332962036e-01
6.771908402442932129e-01
1.330641061067581177e-01
4.238870739936828613e-01
1.280115544795989990e-01
9.534300863742828369e-02
5.841357111930847168e-01
4.623039066791534424e-01
3.769914805889129639e-01
8.434474468231201172e-01
2.063184529542922974e-01
1.189453676342964172e-01
4.032517075538635254e-01
1.078141778707504272e-01
1.155106648802757263e-01
1.446433663368225098e-01
1.008361801505088806e-01
8.729151636362075806e-02
1.792549937963485718e-01
1.049958392977714539e-01
8.199138045310974121e-01
8.594848960638046265e-02
6.580477207899093628e-02
6.935053318738937378e-02
7.860040068626403809e-01
7.100334763526916504e-01
1.738827377557754517e-01
1.955043524503707886e-01
2.704375684261322021e-01
4.517854750156402588e-01
1.493633687496185303e-01
3.857013881206512451e-01
5.459741503000259399e-02
9.597684442996978760e-02
9.155979752540588379e-02
9.535102546215057373e-02
9.757320582866668701e-02
6.593064218759536743e-02
5.926875472068786621e-01
2.220191955566406250e-01
8.121327161788940430e-01
3.042357265949249268e-01
2.607710063457489014e-01
9.580788761377334595e-02
7.322279214859008789e-01
3.277517259120941162e-01
6.592186093330383301e-01
6.393607854843139648e-01
3.656457364559173584e-01
2.662645876407623291e-01
2.511359155178070068e-01
2.174489647150039673e-01
7.640887796878814697e-02
5.070392787456512451e-02
3.468528687953948975e-01
3.716128766536712646e-01
7.813721299171447754e-01
6.920421868562698364e-02
3.124695420265197754e-01
9.880665689706802368e-02
9.570858627557754517e-02
1.044751554727554321e-01
6.102258712053298950e-02
6.130749583244323730e-01
6.978759765625000000e-01
6.730853766202926636e-02
7.248906046152114868e-02
4.717555344104766846e-01
7.394588738679885864e-02
7.629998773336410522e-02
2.630332708358764648e-01
2.077913880348205566e-01
1.688204109668731689e-01
1.499049365520477295e-01
8.025043606758117676e-01
5.751677751541137695e-01
2.373559921979904175e-01
8.621625602245330811e-02
1.702613979578018188e-01
1.263671219348907471e-01
6.460193395614624023e-01
3.306570649147033691e-01
2.874597012996673584e-01
7.801985740661621094e-02
1.208925843238830566e-01
7.865238785743713379e-01
8.665160834789276123e-02
2.529478371143341064e-01
8.929238468408584595e-02
8.003091216087341309e-01
7.051572203636169434e-02
6.539802998304367065e-02
2.906835973262786865e-01
8.375835418701171875e-01
5.488136410713195801e-01
6.882182508707046509e-02
7.253129780292510986e-02
5.835020542144775391e-01
5.544427633285522461e-01
1.834358572959899902e-01
9.592420607805252075e-02
1.780636459589004517e-01
5.436428785324096680e-01
1.098493263125419617e-01
6.845777481794357300e-02
2.885618507862091064e-01
9.286655485630035400e-02
7.322095334529876709e-02
8.417945504188537598e-01
6.378649473190307617e-01
1.254614889621734619e-01
8.476248979568481445e-01
3.940693438053131104e-01
5.875102877616882324e-01
1.364245861768722534e-01
7.967008352279663086e-01
2.479614168405532837e-01
1.060847640037536621e-01
8.355439305305480957e-01
8.342490792274475098e-01
6.624924540519714355e-01
5.312957242131233215e-02
3.224396407604217529e-01
4.091488122940063477e-01
1.109987497329711914e-01
5.331954360008239746e-01
5.382745712995529175e-02
1.817793399095535278e-01
1.964672803878784180e-01
1.128308326005935669e-01
1.463375538587570190e-01
2.605509161949157715e-01
1.175711303949356079e-01
6.320687532424926758e-01
8.938065916299819946e-02
2.171879857778549194e-01
6.016790270805358887e-01
5.664082169532775879e-01
2.939136326313018799e-01
2.219089120626449585e-01
1.132912263274192810e-01
1.010331884026527405e-01
8.264297842979431152e-01
1.686381995677947998e-01
4.823634922504425049e-01
8.398924469947814941e-01
1.272279471158981323e-01
7.183751463890075684e-02
7.397626638412475586e-01
1.134589612483978271e-01
8.200593590736389160e-01
9.889562427997589111e-02
2.039331644773483276e-01
2.436193674802780151e-01
6.161361932754516602e-01
2.887142002582550049e-01
7.608664631843566895e-01
1.189453676342964172e-01
1.198812127113342285e-01
7.590976357460021973e-01
1.301055848598480225e-01
2.375116348266601562e-01
1.575906872749328613e-01
5.914204716682434082e-01
1.687939912080764771e-01
6.557887792587280273e-01
5.633533000946044922e-01
1.008808985352516174e-01
3.594935238361358643e-01
8.422484993934631348e-01
7.852086424827575684e-02
5.212945342063903809e-01
2.330151349306106567e-01
2.473998069763183594e-01
2.101886123418807983e-01
1.686486601829528809e-01
6.820802092552185059e-01
5.870460867881774902e-01
6.437807679176330566e-01
6.444492936134338379e-01
8.432152271270751953e-01
8.472622632980346680e-01
8.483284711837768555e-01
5.883631110191345215e-02
3.562294542789459229e-01
2.790718674659729004e-01
3.231169879436492920e-01
8.453740477561950684e-01
5.116934180259704590e-01
3.877177238464355469e-01
1.294443309307098389e-01
1.244649663567543030e-01
8.461156487464904785e-01
8.238331973552703857e-02
1.167140826582908630e-01
7.882952690124511719e-01
6.199671700596809387e-02
9.229033440351486206e-02
3.364956378936767578e-01
3.581175804138183594e-01
8.422697782516479492e-01
1.658695638179779053e-01
7.569831609725952148e-02
9.250790625810623169e-02
8.052666187286376953e-01
8.417919278144836426e-01
5.670434236526489258e-02
8.248319029808044434e-01
8.396343141794204712e-02
7.552239894866943359e-01
3.161938488483428955e-01
7.319290041923522949e-01
6.695563197135925293e-01
7.738523185253143311e-02
3.142040371894836426e-01
7.984855175018310547e-01
1.208576411008834839e-01
5.610395595431327820e-02
6.939690709114074707e-01
8.275635540485382080e-02
2.254004329442977905e-01
3.288959264755249023e-01
2.974259555339813232e-01
5.021096765995025635e-02
7.834244370460510254e-01
3.144915997982025146e-01
4.378064870834350586e-01
7.413204759359359741e-02
3.914973437786102295e-01
8.404979109764099121e-01
6.965535283088684082e-01
7.950536608695983887e-01
1.810090392827987671e-01
7.563983798027038574e-01
2.908429801464080811e-01
5.123082995414733887e-01
6.649057567119598389e-02
1.019393205642700195e-01
9.581460058689117432e-02
7.472787499427795410e-01
7.785411477088928223e-01
8.227978348731994629e-01
1.340759992599487305e-01
4.409600496292114258e-01
1.019506528973579407e-01
1.096298173069953918e-01
8.466874361038208008e-01
7.471933364868164062e-01
1.133384779095649719e-01
8.186984807252883911e-02
7.237779349088668823e-02
6.175890937447547913e-02
2.763033509254455566e-01
8.229066133499145508e-01
5.590658783912658691e-01
6.871506571769714355e-02
1.310650408267974854e-01
2.861341238021850586e-01
7.526246905326843262e-01
6.856227666139602661e-02
5.795037150382995605e-01
4.013132750988006592e-01
8.451343774795532227e-01
1.233661919832229614e-01
7.992202788591384888e-02
2.325249165296554565e-01
3.118600547313690186e-01
2.482271790504455566e-01
7.351020723581314087e-02
3.788620829582214355e-01
8.472057580947875977e-01
8.187946677207946777e-01
6.690564155578613281e-01
9.416614472866058350e-02
5.801491066813468933e-02
5.055993199348449707e-01
6.738511323928833008e-01
2.094554305076599121e-01
4.425779283046722412e-01
7.900266647338867188e-01
1.156962811946868896e-01
6.499198079109191895e-02
5.599871277809143066e-02
5.371667146682739258e-01
8.557488769292831421e-02
6.445240229368209839e-02
3.856701552867889404e-01
8.223714828491210938e-01
2.696430981159210205e-01
8.031390309333801270e-01
3.123534619808197021e-01
1.798342764377593994e-01
1.039927452802658081e-01
7.556463778018951416e-02
6.331233382225036621e-01
8.454192876815795898e-01
6.519509851932525635e-02
8.385682106018066406e-01
8.511150479316711426e-01
8.001321554183959961e-01
2.276373207569122314e-01
7.888146042823791504e-01
7.236519455909729004e-02
3.278530538082122803e-01
7.280671596527099609e-01
8.180977106094360352e-01
8.121074438095092773e-01
7.803851366043090820e-02
1.110537871718406677e-01
4.231795966625213623e-01
7.461647987365722656e-01
1.589631885290145874e-01
1.752123087644577026e-01
6.181440353393554688e-01
4.052284359931945801e-01
4.356296360492706299e-01
2.025545686483383179e-01
5.586779713630676270e-01
1.468780189752578735e-01
3.072360455989837646e-01
8.334363698959350586e-01
5.949573516845703125e-01
5.433888733386993408e-02
5.510238409042358398e-01
7.975878566503524780e-02
4.406151771545410156e-01
7.399861216545104980e-01
1.094019860029220581e-01
7.581280916929244995e-02
7.172164320945739746e-02
5.596879124641418457e-01
8.279392719268798828e-01
5.689210891723632812e-01
7.479228377342224121e-01
5.858296528458595276e-02
6.542019546031951904e-02
8.541069179773330688e-02
8.487858176231384277e-01
3.198967874050140381e-01
7.623050808906555176e-01
4.906349182128906250e-01
1.769490987062454224e-01
9.132891148328781128e-02
1.291053593158721924e-01
6.394176483154296875e-01
8.397464156150817871e-01
6.055111438035964966e-02
5.831863731145858765e-02
8.350188136100769043e-01
2.281762361526489258e-01
5.161489173769950867e-02
4.946350157260894775e-01
7.666940242052078247e-02
1.588724851608276367e-01
3.205850720405578613e-01
5.278478860855102539e-01
4.929843172430992126e-02
2.027668505907058716e-01
7.347144186496734619e-02
9.065465629100799561e-02
8.280083537101745605e-01
1.989696621894836426e-01
2.572934031486511230e-01
6.676848232746124268e-02
1.401882469654083252e-01
1.174399554729461670e-01
1.854689419269561768e-01
1.653715968132019043e-01
2.681223750114440918e-01
1.010950356721878052e-01
1.477168649435043335e-01
8.473196625709533691e-01
1.189127564430236816e-01
3.531937301158905029e-01
1.707957535982131958e-01
7.441229820251464844e-01
2.889133095741271973e-01
1.212692856788635254e-01
4.068408608436584473e-01
8.416375517845153809e-01
8.868116885423660278e-02
2.660267651081085205e-01
6.089207902550697327e-02
1.072598695755004883e-01
1.589529216289520264e-01
5.678660273551940918e-01
5.410926342010498047e-01
2.189273983240127563e-01
8.394159674644470215e-01
5.530842542648315430e-01
7.959713935852050781e-01
3.537823855876922607e-01
1.078530326485633850e-01
7.978371381759643555e-01
1.544247269630432129e-01
5.681699141860008240e-02
8.455778956413269043e-01
6.834214925765991211e-01
6.969576478004455566e-01
7.657281160354614258e-01
7.609280943870544434e-02
5.136926770210266113e-01
1.656576395034790039e-01
2.471666336059570312e-01
4.745758175849914551e-01
7.078672200441360474e-02
8.529281616210937500e-02
3.993093669414520264e-01
1.083026230335235596e-01
4.129750132560729980e-01
4.886230528354644775e-01
6.819649934768676758e-01
5.501000210642814636e-02
8.223304152488708496e-01
7.512392401695251465e-01
2.084703445434570312e-01
8.434862494468688965e-01
5.692546963691711426e-01
5.204333662986755371e-01
1.199333965778350830e-01
8.380080461502075195e-01
4.091705977916717529e-01
7.106561213731765747e-02
8.218778371810913086e-01
2.645201683044433594e-01
7.798594236373901367e-01
7.087389379739761353e-02
2.659714519977569580e-01
3.585155308246612549e-01
2.515306472778320312e-01
6.537440419197082520e-01
8.448937535285949707e-01
2.146810740232467651e-01
2.920728921890258789e-01
6.811432540416717529e-02
8.242718577384948730e-01
7.650707662105560303e-02
6.155322119593620300e-02
8.413792848587036133e-01
8.300024867057800293e-01
4.937199354171752930e-01
1.289087235927581787e-01
5.991255044937133789e-01
5.631251931190490723e-01
8.328793048858642578e-01
1.677061170339584351e-01
8.435572981834411621e-01
5.526665970683097839e-02
5.224326848983764648e-01
6.030456349253654480e-02
6.637292504310607910e-01
7.885109633207321167e-02
6.573259234428405762e-01
4.026649594306945801e-01
9.764989465475082397e-02
1.828791350126266479e-01
1.277198940515518188e-01
6.260462403297424316e-01
8.411523699760437012e-01
4.163017272949218750e-01
4.688140451908111572e-01
6.266202032566070557e-02
6.352475285530090332e-01
8.393469452857971191e-01
8.280616402626037598e-01
2.451158612966537476e-01
1.842495799064636230e-01
8.710164576768875122e-02
1.017235890030860901e-01
2.284198403358459473e-01
2.425445765256881714e-01
8.497286438941955566e-01
1.627934724092483521e-01
7.604899406433105469e-01
1.729678958654403687e-01
8.164162039756774902e-01
1.831723749637603760e-01
3.091743290424346924e-01
7.434874773025512695e-02
5.699403956532478333e-02
1.644386202096939087e-01
8.368440270423889160e-01
8.274308443069458008e-01
5.652083754539489746e-01
1.362893730401992798e-01
7.848169207572937012e-01
8.447147011756896973e-01
7.371115088462829590e-01
1.002919226884841919e-01
1.927106976509094238e-01
8.427707552909851074e-01
5.719376206398010254e-01
7.157955765724182129e-01
8.847070485353469849e-02
8.427382111549377441e-01
8.077115416526794434e-01
5.463340878486633301e-01
8.476858139038085938e-01
2.837696671485900879e-01
6.141435354948043823e-02
5.731214880943298340e-01
2.175266444683074951e-01
7.643438577651977539e-01
2.612125575542449951e-01
6.092367768287658691e-01
6.101911067962646484e-01
1.688212156295776367e-01
7.153335213661193848e-01
7.275789976119995117e-01
7.661556601524353027e-01
7.367181032896041870e-02
4.847280085086822510e-01
5.664579868316650391e-01
4.934378862380981445e-01
4.832615256309509277e-01
2.452153116464614868e-01
3.462438583374023438e-01
7.238584756851196289e-01
7.353445887565612793e-01
1.210936158895492554e-01
8.354792743921279907e-02
1.189453676342964172e-01
5.457968637347221375e-02
2.669275104999542236e-01
1.683523058891296387e-01
7.218890786170959473e-01
2.098324894905090332e-01
7.876709103584289551e-02
6.825556755065917969e-01
3.487850427627563477e-01
1.291293948888778687e-01
3.349016904830932617e-01
8.506218343973159790e-02
8.041407465934753418e-01
7.961095571517944336e-01
5.660341680049896240e-02
2.711041569709777832e-01
6.004681810736656189e-02
4.013788700103759766e-01
2.035139203071594238e-01
8.559077233076095581e-02
8.013316243886947632e-02
6.606373935937881470e-02
6.992494463920593262e-01
1.804402470588684082e-01
6.360241025686264038e-02
1.270481646060943604e-01
2.752745151519775391e-01
4.335275888442993164e-01
6.052336692810058594e-01
6.901572644710540771e-02
9.425003081560134888e-02
7.782785296440124512e-01
6.621938347816467285e-01
5.670890957117080688e-02
8.499811291694641113e-01
7.911179661750793457e-01
4.769820570945739746e-01
9.730651974678039551e-02
2.965294718742370605e-01
6.870543211698532104e-02
1.536325067281723022e-01
3.844570219516754150e-01
7.690829038619995117e-01
4.463487565517425537e-01
8.304132819175720215e-01
7.144602537155151367e-01
7.330642640590667725e-02
7.669699192047119141e-01
1.248688846826553345e-01
3.067881464958190918e-01
5.831471681594848633e-01
2.258372455835342407e-01
4.270833134651184082e-01
2.202613651752471924e-01
8.439683914184570312e-01
1.288726925849914551e-01
1.470979899168014526e-01
8.330248594284057617e-01
4.746744334697723389e-01
5.578448176383972168e-01
7.965333461761474609e-01
3.263388872146606445e-01
6.824230551719665527e-01
8.529623150825500488e-01
8.370119333267211914e-01
2.833226025104522705e-01
7.905309200286865234e-01
7.667792588472366333e-02
8.367784023284912109e-01
6.730854511260986328e-01
5.243336781859397888e-02
5.752425268292427063e-02
5.573315024375915527e-01
3.078949153423309326e-01
6.059100106358528137e-02
2.234603762626647949e-01
8.471900224685668945e-01
7.854928821325302124e-02
6.428275257349014282e-02
9.555657207965850830e-02
1.616045385599136353e-01
1.974495947360992432e-01
1.315599828958511353e-01
2.295475006103515625e-01
5.721202865242958069e-02
3.744141459465026855e-01
3.454471528530120850e-01
6.711253523826599121e-01
7.193015813827514648e-01
8.403462767601013184e-01
1.448249667882919312e-01
1.649348586797714233e-01
4.470197558403015137e-01
6.964144706726074219e-01
6.621754914522171021e-02
2.780790925025939941e-01
2.854771316051483154e-01
8.758765459060668945e-02
8.479731082916259766e-01
2.341885566711425781e-01
9.933954477310180664e-02
9.431564807891845703e-02
3.572897613048553467e-01
3.247074484825134277e-01
6.342250704765319824e-01
1.566971391439437866e-01
4.506372213363647461e-01
8.559821546077728271e-02
5.908573865890502930e-01
4.445338547229766846e-01
3.892476558685302734e-01
3.079750835895538330e-01
2.455845475196838379e-01
7.332222163677215576e-02
2.056632637977600098e-01
7.860649377107620239e-02
4.438001811504364014e-01
9.867818653583526611e-02
8.349815011024475098e-01
8.257495760917663574e-01
7.061577588319778442e-02
