4.915100708603858948e-02
8.591306209564208984e-01
2.819928824901580811e-01
8.093873858451843262e-01
3.548066914081573486e-01
1.281302273273468018e-01
4.711603224277496338e-01
3.349733352661132812e-01
8.554174900054931641e-01
2.239741384983062744e-01
4.310379922389984131e-01
3.823477923870086670e-01
7.263014912605285645e-01
5.005022883415222168e-01
2.503497898578643799e-01
3.917225301265716553e-01
4.192209541797637939e-01
5.378828644752502441e-01
8.753119111061096191e-01
4.786759912967681885e-01
7.062557935714721680e-01
6.508918404579162598e-01
4.911976307630538940e-02
1.390558481216430664e-01
2.583259046077728271e-01
6.367687135934829712e-02
7.655477523803710938e-01
3.142223060131072998e-01
4.753473103046417236e-01
5.342986583709716797e-01
3.582968711853027344e-01
4.893452674150466919e-02
8.564445376396179199e-01
6.378208845853805542e-02
4.181475341320037842e-01
2.784407436847686768e-01
3.780001401901245117e-01
3.289098441600799561e-01
4.266002774238586426e-01
8.635240793228149414e-01
1.756283938884735107e-01
2.471775263547897339e-01
8.386481553316116333e-02
4.549501836299896240e-02
7.499908655881881714e-02
1.567235440015792847e-01
3.183191418647766113e-01
4.864921271800994873e-01
4.919286817312240601e-02
7.437608838081359863e-01
2.817191481590270996e-01
4.911111295223236084e-02
3.031037151813507080e-01
4.767210185527801514e-01
1.538867056369781494e-01
1.429819613695144653e-01
6.810565590858459473e-01
1.431816965341567993e-01
2.262401729822158813e-01
3.008933961391448975e-01
2.186683565378189087e-01
3.775291144847869873e-01
2.015033662319183350e-01
4.899805039167404175e-02
8.428088575601577759e-02
1.231859996914863586e-01
4.597838968038558960e-02
8.104007691144943237e-02
4.893974363803863525e-01
3.737607300281524658e-01
4.870878905057907104e-02
6.474264860153198242e-01
3.905728459358215332e-01
7.722721248865127563e-02
3.657854795455932617e-01
9.823239594697952271e-02
5.465876683592796326e-02
4.905557259917259216e-02
6.931842863559722900e-02
7.007393240928649902e-02
8.552747964859008789e-01
6.933920383453369141e-01
7.666655182838439941e-01
6.215353012084960938e-01
7.850924134254455566e-01
6.877114772796630859e-01
1.158517226576805115e-01
2.062185555696487427e-01
8.442538976669311523e-01
1.958086937665939331e-01
3.829742372035980225e-01
9.256999194622039795e-02
4.922114312648773193e-02
6.337421536445617676e-01
6.449451446533203125e-01
4.592410922050476074e-01
5.043334364891052246e-01
8.388370871543884277e-01
4.894243925809860229e-02
9.155309945344924927e-02
5.472983717918395996e-01
3.144039511680603027e-01
5.138928294181823730e-01
2.394473254680633545e-01
3.769186139106750488e-01
1.282293647527694702e-01
1.808085590600967407e-01
5.243156552314758301e-01
4.751600325107574463e-01
3.854455053806304932e-01
3.711316287517547607e-01
4.893087968230247498e-02
7.655362039804458618e-02
8.686276078224182129e-01
3.851928412914276123e-01
1.726200431585311890e-01
8.432304263114929199e-01
1.200883165001869202e-01
8.460768312215805054e-02
6.867256164550781250e-01
5.070007592439651489e-02
1.310446709394454956e-01
2.063065171241760254e-01
4.985747039318084717e-01
8.597381711006164551e-01
1.154036223888397217e-01
5.345283821225166321e-02
1.993800103664398193e-01
6.930583715438842773e-02
2.684728205204010010e-01
8.691861629486083984e-01
2.547355592250823975e-01
8.646584749221801758e-01
2.726412713527679443e-01
4.538996219635009766e-01
4.674347341060638428e-01
7.869114875793457031e-01
2.113983184099197388e-01
5.170245170593261719e-01
4.899432882666587830e-02
7.595406174659729004e-01
6.982726454734802246e-01
5.484471917152404785e-01
4.188220202922821045e-01
4.306605756282806396e-01
5.334873497486114502e-02
4.598774611949920654e-01
5.984520912170410156e-01
4.715202748775482178e-01
1.485775560140609741e-01
5.775675550103187561e-02
1.357582062482833862e-01
1.598654240369796753e-01
3.058005273342132568e-01
1.929682046175003052e-01
1.644620150327682495e-01
3.977046012878417969e-01
3.790226578712463379e-01
4.044617414474487305e-01
5.874745845794677734e-01
3.472649753093719482e-01
5.301855802536010742e-01
9.438807517290115356e-02
3.166285753250122070e-01
7.703840136528015137e-01
2.461904585361480713e-01
2.293541580438613892e-01
4.658034741878509521e-01
2.550759017467498779e-01
4.202378392219543457e-01
6.577173620462417603e-02
4.903501272201538086e-02
2.604897022247314453e-01
5.173674225807189941e-01
6.486164778470993042e-02
8.429206609725952148e-01
2.782936692237854004e-01
1.010922342538833618e-01
8.326226472854614258e-01
2.361795157194137573e-01
2.957601845264434814e-01
1.156895905733108521e-01
2.675466239452362061e-01
2.324095219373703003e-01
7.334313541650772095e-02
7.970184832811355591e-02
1.999145746231079102e-01
4.985283613204956055e-01
4.124728143215179443e-01
4.052006304264068604e-01
5.538908764719963074e-02
5.950332880020141602e-01
7.697106897830963135e-02
5.884872078895568848e-01
3.184973895549774170e-01
7.394569516181945801e-01
6.147535145282745361e-02
3.564025461673736572e-01
5.365288853645324707e-01
5.159234255552291870e-02
4.917836189270019531e-02
2.564464211463928223e-01
8.037134408950805664e-01
3.746580779552459717e-01
6.557378768920898438e-01
8.639534711837768555e-01
5.961396694183349609e-01
1.289611607789993286e-01
8.790020942687988281e-01
4.886144399642944336e-02
4.537522196769714355e-01
4.909506067633628845e-02
3.364804089069366455e-01
5.241276621818542480e-01
2.770179510116577148e-01
4.681574180722236633e-02
7.957329750061035156e-01
5.825461149215698242e-01
7.707023024559020996e-01
8.445954322814941406e-02
8.020454645156860352e-01
8.776174187660217285e-01
6.094702482223510742e-01
1.303709596395492554e-01
1.631095707416534424e-01
1.137455403804779053e-01
4.986778497695922852e-01
5.502608418464660645e-01
1.728053390979766846e-01
7.063419222831726074e-01
5.719888806343078613e-01
8.672172427177429199e-01
1.047444567084312439e-01
7.706156969070434570e-01
8.663179874420166016e-01
3.671774566173553467e-01
4.716629087924957275e-01
8.623963594436645508e-01
3.474335074424743652e-01
3.924174308776855469e-01
8.416623473167419434e-01
7.521587610244750977e-02
7.716425657272338867e-01
1.143834814429283142e-01
3.478605151176452637e-01
2.969227433204650879e-01
1.865251213312149048e-01
8.739598989486694336e-01
1.916518956422805786e-01
7.172157168388366699e-01
4.620955288410186768e-01
6.974516063928604126e-02
1.564962416887283325e-01
1.646178215742111206e-01
7.327146828174591064e-02
1.318066269159317017e-01
3.724423348903656006e-01
7.652662992477416992e-01
2.770073413848876953e-01
6.987492442131042480e-01
7.305245101451873779e-02
5.689001679420471191e-01
5.562368631362915039e-01
6.603458523750305176e-02
2.074621170759201050e-01
4.432039558887481689e-01
1.949505209922790527e-01
3.027015924453735352e-01
4.911512136459350586e-02
6.985550522804260254e-01
8.557472825050354004e-01
7.352970242500305176e-01
3.927232623100280762e-01
3.746357560157775879e-01
5.296148657798767090e-01
5.624773353338241577e-02
6.307580471038818359e-01
1.091769263148307800e-01
8.308197855949401855e-01
2.712073624134063721e-01
2.722013294696807861e-01
8.209906816482543945e-01
2.778525948524475098e-01
3.781726956367492676e-01
3.692411482334136963e-01
4.189472794532775879e-01
6.423081457614898682e-02
2.781392335891723633e-01
4.244538247585296631e-01
2.875786125659942627e-01
1.552711278200149536e-01
5.408927798271179199e-01
7.733892202377319336e-01
5.217183232307434082e-01
2.617310285568237305e-01
7.154558598995208740e-02
1.644017845392227173e-01
8.230955600738525391e-01
5.003071427345275879e-01
8.278597146272659302e-02
8.558717370033264160e-01
5.249326229095458984e-01
4.527138769626617432e-01
1.364932805299758911e-01
2.079700976610183716e-01
4.877907037734985352e-02
2.531910240650177002e-01
5.053636431694030762e-01
8.490451574325561523e-01
5.644325613975524902e-01
4.781612753868103027e-01
3.077984452247619629e-01
2.840242981910705566e-01
4.307504296302795410e-01
5.646009445190429688e-01
2.852908670902252197e-01
8.672941923141479492e-01
5.522496104240417480e-01
9.522817283868789673e-02
3.081048727035522461e-01
5.284777879714965820e-01
3.876905143260955811e-01
5.746929645538330078e-01
8.511092066764831543e-01
7.389364391565322876e-02
4.948466718196868896e-01
1.671583205461502075e-01
4.572382196784019470e-02
1.661897599697113037e-01
1.135335862636566162e-01
4.919512942433357239e-02
7.547529786825180054e-02
3.862227797508239746e-01
1.238167285919189453e-01
4.022050797939300537e-01
7.590828537940979004e-01
3.835737705230712891e-01
4.894720390439033508e-02
2.848934233188629150e-01
2.942310869693756104e-01
8.346822112798690796e-02
3.048313856124877930e-01
6.373243927955627441e-01
4.308658242225646973e-01
8.402045965194702148e-01
7.250130921602249146e-02
3.315712511539459229e-01
4.394049644470214844e-01
3.811275362968444824e-01
6.443362832069396973e-01
2.035395205020904541e-01
5.326197296380996704e-02
4.901809245347976685e-02
5.823187902569770813e-02
4.391515552997589111e-01
4.689901322126388550e-02
5.378281474113464355e-01
2.580215334892272949e-01
1.513367295265197754e-01
4.818811416625976562e-01
1.627697944641113281e-01
4.690060317516326904e-01
3.270748555660247803e-01
2.375130653381347656e-01
4.893078207969665527e-01
4.046477377414703369e-01
4.600508809089660645e-01
8.675987720489501953e-01
2.091727256774902344e-01
7.531622797250747681e-02
4.061630070209503174e-01
8.452589809894561768e-02
2.596659064292907715e-01
2.607685625553131104e-01
1.319878846406936646e-01
8.845772594213485718e-02
2.401687949895858765e-01
1.299103945493698120e-01
8.446053266525268555e-01
4.920327290892601013e-02
4.918717965483665466e-02
4.910831525921821594e-02
8.478797674179077148e-01
5.892354249954223633e-01
3.258501589298248291e-01
2.173305451869964600e-01
4.001579284667968750e-01
3.850320875644683838e-01
1.414335519075393677e-01
4.529222846031188965e-01
4.918788373470306396e-02
4.886838048696517944e-02
7.274539023637771606e-02
9.598791599273681641e-02
2.704583108425140381e-01
6.471648812294006348e-02
5.236225724220275879e-01
3.452460169792175293e-01
6.791566610336303711e-01
1.075167655944824219e-01
3.623650074005126953e-01
1.384891718626022339e-01
7.913174033164978027e-01
4.374941885471343994e-01
5.938073992729187012e-01
6.735674738883972168e-01
3.404251933097839355e-01
4.452250599861145020e-01
3.325762450695037842e-01
1.450184136629104614e-01
7.548385113477706909e-02
4.920942708849906921e-02
3.184628188610076904e-01
5.683320164680480957e-01
6.739445328712463379e-01
4.919395968317985535e-02
4.488645493984222412e-01
7.642304897308349609e-02
5.644315108656883240e-02
1.860789954662322998e-01
5.640279501676559448e-02
3.796370029449462891e-01
5.423851013183593750e-01
7.880555838346481323e-02
7.752285152673721313e-02
3.990164697170257568e-01
4.913939908146858215e-02
8.187878876924514771e-02
3.321293890476226807e-01
1.647208184003829956e-01
1.046598255634307861e-01
5.169816687703132629e-02
5.628528594970703125e-01
5.393918752670288086e-01
2.465732395648956299e-01
1.113946512341499329e-01
4.968245327472686768e-02
1.033679544925689697e-01
5.042342543601989746e-01
3.633826375007629395e-01
2.084470093250274658e-01
6.149785220623016357e-02
1.516279280185699463e-01
5.485032796859741211e-01
7.863215357065200806e-02
4.738154113292694092e-01
5.329724773764610291e-02
7.514126300811767578e-01
7.903134822845458984e-02
4.900378733873367310e-02
3.455265462398529053e-01
7.472802400588989258e-01
4.398194253444671631e-01
4.891138523817062378e-02
5.687803402543067932e-02
4.237879514694213867e-01
3.578423559665679932e-01
2.604188323020935059e-01
1.174360886216163635e-01
3.281702697277069092e-01
5.613202452659606934e-01
1.979872733354568481e-01
4.837027564644813538e-02
3.593831360340118408e-01
5.041371658444404602e-02
2.267695814371109009e-01
8.469241857528686523e-01
3.714607059955596924e-01
1.319171190261840820e-01
8.687074184417724609e-01
3.460927307605743408e-01
5.324414372444152832e-01
1.089124679565429688e-01
7.385383844375610352e-01
4.019539952278137207e-01
5.849755182862281799e-02
7.963474988937377930e-01
8.551848530769348145e-01
5.809093713760375977e-01
4.910374060273170471e-02
4.520457386970520020e-01
2.479792386293411255e-01
4.904236271977424622e-02
5.820752978324890137e-01
4.918682202696800232e-02
2.522582411766052246e-01
3.317602276802062988e-01
1.524928808212280273e-01
1.983641088008880615e-01
4.802244007587432861e-01
8.089030534029006958e-02
7.176628112792968750e-01
1.120304167270660400e-01
7.167974114418029785e-01
5.619900822639465332e-01
3.765788376331329346e-01
4.540510773658752441e-01
2.208086252212524414e-01
4.895077273249626160e-02
3.232966065406799316e-01
8.634372353553771973e-01
2.474140822887420654e-01
5.370063185691833496e-01
8.659198284149169922e-01
3.252505958080291748e-01
8.411223441362380981e-02
5.119049549102783203e-01
1.235363483428955078e-01
8.392660617828369141e-01
4.916272684931755066e-02
2.427062094211578369e-01
2.948436737060546875e-01
6.718206405639648438e-01
4.630062878131866455e-01
5.211318731307983398e-01
7.531622797250747681e-02
2.494319528341293335e-01
5.042104721069335938e-01
3.389042019844055176e-01
3.542934060096740723e-01
3.392313718795776367e-01
6.144896149635314941e-01
6.329073756933212280e-02
6.209881305694580078e-01
5.927396416664123535e-01
8.643268048763275146e-02
3.601680099964141846e-01
8.680198192596435547e-01
7.000575214624404907e-02
4.577548205852508545e-01
1.349337995052337646e-01
3.422316908836364746e-01
2.115413546562194824e-01
1.201591715216636658e-01
4.742081165313720703e-01
3.981505334377288818e-01
5.039293766021728516e-01
5.232554674148559570e-01
8.412163853645324707e-01
8.715837001800537109e-01
8.776020407676696777e-01
4.877923056483268738e-02
4.687934517860412598e-01
3.861807882785797119e-01
4.380911886692047119e-01
8.696689009666442871e-01
4.181496798992156982e-01
4.155396223068237305e-01
2.876088619232177734e-01
8.956836909055709839e-02
8.548402190208435059e-01
4.885340481996536255e-02
6.769236177206039429e-02
8.370002508163452148e-01
4.918304458260536194e-02
2.635636627674102783e-01
3.909664750099182129e-01
4.143536686897277832e-01
8.685069084167480469e-01
9.690599888563156128e-02
4.907605051994323730e-02
1.112309321761131287e-01
7.476975917816162109e-01
8.648016452789306641e-01
4.920130595564842224e-02
8.247001171112060547e-01
4.906905815005302429e-02
5.912983417510986328e-01
4.127377867698669434e-01
5.889798998832702637e-01
6.665391921997070312e-01
8.401563763618469238e-02
3.806784749031066895e-01
7.501207590103149414e-01
4.917437955737113953e-02
4.914189502596855164e-02
5.662751197814941406e-01
5.524177849292755127e-02
2.025519162416458130e-01
5.260080695152282715e-01
3.969266414642333984e-01
4.899770021438598633e-02
6.181035041809082031e-01
2.814804911613464355e-01
5.273247957229614258e-01
4.910235106945037842e-02
2.789998650550842285e-01
8.623950481414794922e-01
6.640728116035461426e-01
7.693345546722412109e-01
3.723069727420806885e-01
6.528587937355041504e-01
2.483988553285598755e-01
3.798994719982147217e-01
4.871463030576705933e-02
2.130718231201171875e-01
4.906984791159629822e-02
6.973322033882141113e-01
6.190639734268188477e-01
6.049632430076599121e-01
8.635070919990539551e-02
5.292469263076782227e-01
6.071799620985984802e-02
2.185781896114349365e-01
8.601473569869995117e-01
6.202808618545532227e-01
2.628889679908752441e-01
1.136084273457527161e-01
4.815548658370971680e-02
4.898645728826522827e-02
2.460396587848663330e-01
8.611996173858642578e-01
4.041794836521148682e-01
6.950525194406509399e-02
1.664885878562927246e-01
5.317062139511108398e-01
6.079922914505004883e-01
1.436368525028228760e-01
4.923231899738311768e-01
3.586799502372741699e-01
8.170316815376281738e-01
2.646231353282928467e-01
8.835129439830780029e-02
2.501582503318786621e-01
3.452831208705902100e-01
4.027259647846221924e-01
7.920263707637786865e-02
4.225680232048034668e-01
8.540059328079223633e-01
8.156031966209411621e-01
4.910422265529632568e-01
7.950884103775024414e-02
6.513502448797225952e-02
4.537871778011322021e-01
4.485831856727600098e-01
2.621606588363647461e-01
4.763679504394531250e-01
4.904737472534179688e-01
1.137520521879196167e-01
5.895743891596794128e-02
4.921209439635276794e-02
3.574361205101013184e-01
2.454356104135513306e-01
4.881184175610542297e-02
3.664382100105285645e-01
7.447474002838134766e-01
3.387410938739776611e-01
6.148296594619750977e-01
4.450964331626892090e-01
2.823641598224639893e-01
2.359024435281753540e-01
1.298480480909347534e-01
5.897133350372314453e-01
8.667783141136169434e-01
9.716996550559997559e-02
8.690956830978393555e-01
8.748946189880371094e-01
7.972481846809387207e-01
3.444901406764984131e-01
6.190884113311767578e-01
4.901431500911712646e-02
4.462280869483947754e-01
5.896167159080505371e-01
7.973917722702026367e-01
7.888683676719665527e-01
1.117571070790290833e-01
8.691637217998504639e-02
3.635888099670410156e-01
6.243008971214294434e-01
4.329834878444671631e-01
1.197503283619880676e-01
5.317168831825256348e-01
4.191209077835083008e-01
4.877609312534332275e-01
3.557496964931488037e-01
4.742652773857116699e-01
3.035117089748382568e-01
3.985009789466857910e-01
8.078371882438659668e-01
6.402730941772460938e-01
4.906394705176353455e-02
4.804009795188903809e-01
4.890080541372299194e-02
4.044456779956817627e-01
6.282629370689392090e-01
8.732946217060089111e-02
7.764937728643417358e-02
7.141334563493728638e-02
5.005023479461669922e-01
8.656089901924133301e-01
5.144701600074768066e-01
6.769795417785644531e-01
4.902401939034461975e-02
8.058913052082061768e-02
6.597501784563064575e-02
8.677490353584289551e-01
2.875551879405975342e-01
6.719499230384826660e-01
5.525449514389038086e-01
2.875089645385742188e-01
6.380856037139892578e-02
8.088989555835723877e-02
5.914378762245178223e-01
8.699889779090881348e-01
8.159737288951873779e-02
5.423447862267494202e-02
8.289127945899963379e-01
1.965432018041610718e-01
4.913391917943954468e-02
3.217921257019042969e-01
4.910505563020706177e-02
3.224585056304931641e-01
3.567989170551300049e-01
4.018411040306091309e-01
4.564798250794410706e-02
1.727470755577087402e-01
7.410530745983123779e-02
1.203929930925369263e-01
5.568203926086425781e-01
3.285650610923767090e-01
2.602628767490386963e-01
1.673243939876556396e-01
4.877096042037010193e-02
1.338817030191421509e-01
3.686308562755584717e-01
3.075755834579467773e-01
2.308184206485748291e-01
7.120461761951446533e-02
3.303336203098297119e-01
8.768119215965270996e-01
7.068869471549987793e-02
3.500101566314697266e-01
2.153164893388748169e-01
5.800396800041198730e-01
3.429752588272094727e-01
6.728471815586090088e-02
4.353393912315368652e-01
8.546574115753173828e-01
6.624257564544677734e-02
3.106929957866668701e-01
4.911860451102256775e-02
2.061674296855926514e-01
1.179673299193382263e-01
5.229312181472778320e-01
2.745718359947204590e-01
2.674539089202880859e-01
8.625679612159729004e-01
4.624135494232177734e-01
5.583391785621643066e-01
3.657843172550201416e-01
9.495986998081207275e-02
6.781525611877441406e-01
2.117531299591064453e-01
4.916160926222801208e-02
8.651497364044189453e-01
5.392685532569885254e-01
6.993482112884521484e-01
4.795400798320770264e-01
4.915697127580642700e-02
3.777826428413391113e-01
1.644998341798782349e-01
3.142140507698059082e-01
4.906380772590637207e-01
4.919071123003959656e-02
7.941574603319168091e-02
4.752894043922424316e-01
2.804073095321655273e-01
6.544947624206542969e-01
3.344724476337432861e-01
5.849802494049072266e-01
4.880259931087493896e-02
8.416339755058288574e-01
7.468844056129455566e-01
1.686331480741500854e-01
8.458345532417297363e-01
5.274195075035095215e-01
5.626177191734313965e-01
1.225852966308593750e-01
8.538705706596374512e-01
3.933495283126831055e-01
5.302393063902854919e-02
8.024136424064636230e-01
4.609206318855285645e-01
7.687881588935852051e-01
7.359496504068374634e-02
3.816770315170288086e-01
2.982553541660308838e-01
4.947823882102966309e-01
3.978629708290100098e-01
8.533351421356201172e-01
3.314719796180725098e-01
2.877168655395507812e-01
4.919787123799324036e-02
8.152891397476196289e-01
8.309163898229598999e-02
4.845500364899635315e-02
8.040593266487121582e-01
7.774149775505065918e-01
4.472342431545257568e-01
1.638095825910568237e-01
5.682150721549987793e-01
4.517086446285247803e-01
8.514858484268188477e-01
3.516281843185424805e-01
8.547584414482116699e-01
4.914617538452148438e-02
4.756014943122863770e-01
4.898725077509880066e-02
4.889183640480041504e-01
6.552465260028839111e-02
6.070099472999572754e-01
4.829282164573669434e-01
2.714364826679229736e-01
1.374548524618148804e-01
8.163829147815704346e-02
6.743763685226440430e-01
8.501337170600891113e-01
4.927793145179748535e-01
5.268759131431579590e-01
4.916243255138397217e-02
4.511231482028961182e-01
8.301714062690734863e-01
6.339822411537170410e-01
1.558880507946014404e-01
3.248773515224456787e-01
9.297517687082290649e-02
1.084972247481346130e-01
1.751693636178970337e-01
3.298275768756866455e-01
8.758559226989746094e-01
3.364473879337310791e-01
5.186887383460998535e-01
1.903351545333862305e-01
6.270017027854919434e-01
2.111750543117523193e-01
2.929686903953552246e-01
6.453760713338851929e-02
4.661170393228530884e-02
1.724821925163269043e-01
8.197424411773681641e-01
6.671850085258483887e-01
4.111996889114379883e-01
1.393064558506011963e-01
7.496159076690673828e-01
8.746380209922790527e-01
6.182564496994018555e-01
1.534053683280944824e-01
3.036848008632659912e-01
7.742044329643249512e-01
6.624520421028137207e-01
8.105175495147705078e-01
7.317369431257247925e-02
8.676452636718750000e-01
8.528015613555908203e-01
5.065290927886962891e-01
8.427271246910095215e-01
4.754598140716552734e-01
1.058960407972335815e-01
5.933345556259155273e-01
3.202598094940185547e-01
7.467451095581054688e-01
2.968160212039947510e-01
5.683759450912475586e-01
5.377044677734375000e-01
9.208682924509048462e-02
5.443517565727233887e-01
6.348561048507690430e-01
7.381004691123962402e-01
5.644479766488075256e-02
5.530771613121032715e-01
6.053453087806701660e-01
3.880053758621215820e-01
3.619427084922790527e-01
3.069892227649688721e-01
4.638345241546630859e-01
6.065366268157958984e-01
6.362180709838867188e-01
6.653266400098800659e-02
7.496822625398635864e-02
7.531622797250747681e-02
4.909273236989974976e-02
1.508205831050872803e-01
3.102259933948516846e-01
6.266285777091979980e-01
9.868586808443069458e-02
4.895133152604103088e-02
4.059107601642608643e-01
4.692589938640594482e-01
1.819448620080947876e-01
1.390950232744216919e-01
8.262812346220016479e-02
8.422062993049621582e-01
6.539387106895446777e-01
4.919311404228210449e-02
3.022318780422210693e-01
4.920685291290283203e-02
3.920052051544189453e-01
3.195174932479858398e-01
2.489386200904846191e-01
1.026423349976539612e-01
9.536398202180862427e-02
3.161085247993469238e-01
3.391479551792144775e-01
6.226837262511253357e-02
3.080451190471649170e-01
3.257704675197601318e-01
4.461355507373809814e-01
6.642598509788513184e-01
4.917940869927406311e-02
9.774823486804962158e-02
7.049854993820190430e-01
4.939436912536621094e-01
7.432390749454498291e-02
8.747037053108215332e-01
5.972307324409484863e-01
4.481096267700195312e-01
1.837648898363113403e-01
3.561097383499145508e-01
4.916136339306831360e-02
4.913152381777763367e-02
3.322667181491851807e-01
1.606151312589645386e-01
6.108187437057495117e-01
7.478319406509399414e-01
6.971414089202880859e-01
8.663174510002136230e-02
4.612122774124145508e-01
9.429942071437835693e-02
4.593211710453033447e-01
5.518822073936462402e-01
1.134589314460754395e-01
4.581207036972045898e-01
3.997378051280975342e-01
8.754348754882812500e-01
4.902156069874763489e-02
3.100880384445190430e-01
7.736246585845947266e-01
4.417929053306579590e-01
7.665423154830932617e-01
5.988267660140991211e-01
2.979412376880645752e-01
4.237917363643646240e-01
7.610452771186828613e-01
8.219026327133178711e-01
1.757213622331619263e-01
7.330957651138305664e-01
6.597483903169631958e-02
7.836216688156127930e-01
7.020067572593688965e-01
4.916807264089584351e-02
4.917937144637107849e-02
4.817617535591125488e-01
3.533305227756500244e-01
5.179282650351524353e-02
8.843703567981719971e-02
8.729144334793090820e-01
4.867492616176605225e-02
6.056370586156845093e-02
1.905892491340637207e-01
9.996750950813293457e-02
3.756260871887207031e-01
6.822497397661209106e-02
5.857014283537864685e-02
5.221546813845634460e-02
4.119201898574829102e-01
3.563041985034942627e-01
4.592319428920745850e-01
7.168322801589965820e-01
8.078709244728088379e-01
2.574315369129180908e-01
9.125297516584396362e-02
3.665394186973571777e-01
6.952573657035827637e-01
6.989780813455581665e-02
2.708623707294464111e-01
3.605951964855194092e-01
8.056367188692092896e-02
8.719826936721801758e-01
2.479549646377563477e-01
1.474511772394180298e-01
5.509640648961067200e-02
5.507843494415283203e-01
2.969993650913238525e-01
4.832988083362579346e-01
3.761456310749053955e-01
2.139663249254226685e-01
5.620122700929641724e-02
5.069530010223388672e-01
4.730557203292846680e-01
3.560333847999572754e-01
3.560734689235687256e-01
2.717568278312683105e-01
4.612969979643821716e-02
9.628476947546005249e-02
7.102786004543304443e-02
5.148431658744812012e-01
4.913477599620819092e-02
8.495829701423645020e-01
8.461968898773193359e-01
7.619554549455642700e-02
