4.796269536018371582e-02
9.199360609054565430e-01
8.357047289609909058e-02
8.720030188560485840e-01
1.170412674546241760e-01
6.552371382713317871e-02
2.331054210662841797e-01
1.927318125963211060e-01
8.596548438072204590e-01
9.948517382144927979e-02
3.545629680156707764e-01
8.823817223310470581e-02
8.291735053062438965e-01
2.929547727108001709e-01
2.755136191844940186e-01
2.284220457077026367e-01
1.842566132545471191e-01
6.250665187835693359e-01
8.800322413444519043e-01
3.109372854232788086e-01
7.402299642562866211e-01
7.332095503807067871e-01
7.194028794765472412e-02
4.938606917858123779e-02
2.624069452285766602e-01
5.202623084187507629e-02
7.719795703887939453e-01
2.826682925224304199e-01
2.989522814750671387e-01
3.115093708038330078e-01
2.527727186679840088e-01
4.679670557379722595e-02
8.239017724990844727e-01
7.824131101369857788e-02
2.517706453800201416e-01
1.102192103862762451e-01
2.393812686204910278e-01
1.866313070058822632e-01
3.020713031291961670e-01
8.546751737594604492e-01
2.015980929136276245e-01
1.196461915969848633e-01
6.007666885852813721e-02
7.462711632251739502e-02
5.485494062304496765e-02
7.433766126632690430e-02
2.071582674980163574e-01
3.749366998672485352e-01
4.698508977890014648e-02
8.330986499786376953e-01
8.231557160615921021e-02
5.284078791737556458e-02
1.372337639331817627e-01
4.045404791831970215e-01
1.185860708355903625e-01
1.254032254219055176e-01
8.410249352455139160e-01
1.204028353095054626e-01
7.830861210823059082e-02
1.492773741483688354e-01
2.166798114776611328e-01
2.071421146392822266e-01
1.237726062536239624e-01
5.725470185279846191e-02
8.395408093929290771e-02
7.806431502103805542e-02
6.637179851531982422e-02
2.378064095973968506e-01
6.250320076942443848e-01
2.876251339912414551e-01
5.358705297112464905e-02
4.657491147518157959e-01
3.002337217330932617e-01
6.334435939788818359e-02
1.598079651594161987e-01
7.470399141311645508e-02
4.899625852704048157e-02
4.724500328302383423e-02
9.776001423597335815e-02
6.819727271795272827e-02
8.773950934410095215e-01
8.123655915260314941e-01
8.170405626296997070e-01
5.218941569328308105e-01
8.678235411643981934e-01
3.477207124233245850e-01
8.283684402704238892e-02
1.154483482241630554e-01
7.990995049476623535e-01
1.518012434244155884e-01
4.281086027622222900e-01
6.111161038279533386e-02
5.258074402809143066e-02
3.456013500690460205e-01
3.505342900753021240e-01
3.325451612472534180e-01
3.261192739009857178e-01
8.782389163970947266e-01
7.985182851552963257e-02
8.929717540740966797e-02
3.963236212730407715e-01
1.783435791730880737e-01
4.534315466880798340e-01
2.261461168527603149e-01
2.940896153450012207e-01
9.080186486244201660e-02
8.339751511812210083e-02
4.329014122486114502e-01
2.626481354236602783e-01
2.683371603488922119e-01
1.646442562341690063e-01
6.101382151246070862e-02
6.249715387821197510e-02
8.724423050880432129e-01
2.057562470436096191e-01
1.044863089919090271e-01
8.648298382759094238e-01
5.500997230410575867e-02
9.775635600090026855e-02
7.503914237022399902e-01
4.743698984384536743e-02
9.393212944269180298e-02
8.780810981988906860e-02
6.203091144561767578e-01
8.722013235092163086e-01
8.101376891136169434e-02
6.501441448926925659e-02
2.211036235094070435e-01
6.567633897066116333e-02
5.743221566081047058e-02
8.598790764808654785e-01
1.555195599794387817e-01
8.653998374938964844e-01
1.599286198616027832e-01
3.401044905185699463e-01
4.404821395874023438e-01
8.718771934509277344e-01
2.348699122667312622e-01
2.914585471153259277e-01
5.822218209505081177e-02
8.332670927047729492e-01
8.090453147888183594e-01
4.171851873397827148e-01
3.104195892810821533e-01
2.570046782493591309e-01
7.821138948202133179e-02
6.032930016517639160e-01
5.613445043563842773e-01
3.940967619419097900e-01
1.187741234898567200e-01
5.236119031906127930e-02
1.868710070848464966e-01
9.457556903362274170e-02
1.414669603109359741e-01
7.389099150896072388e-02
1.557040661573410034e-01
2.725496888160705566e-01
2.468181401491165161e-01
3.163487017154693604e-01
8.422442078590393066e-01
3.893713355064392090e-01
7.253658771514892578e-01
6.164356321096420288e-02
2.171675264835357666e-01
8.174254298210144043e-01
1.461933702230453491e-01
2.606940865516662598e-01
2.693759500980377197e-01
6.079211831092834473e-02
1.600975990295410156e-01
6.814923137426376343e-02
5.584418028593063354e-02
2.969408333301544189e-01
6.678244471549987793e-01
1.153403520584106445e-01
7.965292334556579590e-01
2.960945069789886475e-01
6.930357962846755981e-02
7.767437696456909180e-01
1.893199235200881958e-01
1.484880149364471436e-01
8.441278338432312012e-02
7.650547474622726440e-02
1.023774221539497375e-01
9.084548056125640869e-02
7.148275524377822876e-02
1.856872886419296265e-01
4.963404238224029541e-01
3.725923299789428711e-01
3.758716583251953125e-01
5.716607347130775452e-02
7.730263471603393555e-01
8.862207084894180298e-02
7.929154634475708008e-01
2.732276618480682373e-01
3.842584788799285889e-01
5.711684748530387878e-02
2.049798816442489624e-01
3.055841028690338135e-01
4.782073944807052612e-02
4.812699183821678162e-02
8.293394744396209717e-02
8.592553138732910156e-01
1.587163805961608887e-01
8.157770037651062012e-01
8.746240139007568359e-01
5.126824378967285156e-01
1.212453916668891907e-01
8.796489834785461426e-01
2.353322207927703857e-01
2.530407011508941650e-01
5.956235900521278381e-02
2.667067945003509521e-01
4.499117434024810791e-01
2.013912498950958252e-01
5.262336507439613342e-02
8.258436918258666992e-01
4.727862179279327393e-01
7.136201858520507812e-01
6.011090055108070374e-02
8.360369205474853516e-01
8.839219808578491211e-01
3.675014078617095947e-01
1.090247780084609985e-01
1.315722018480300903e-01
7.609432935714721680e-02
5.857477188110351562e-01
4.538613259792327881e-01
8.811774849891662598e-02
3.800245821475982666e-01
5.705340504646301270e-01
8.790581226348876953e-01
1.579626500606536865e-01
8.360918164253234863e-01
8.791036009788513184e-01
2.500304579734802246e-01
6.712760329246520996e-01
8.697856068611145020e-01
2.016380578279495239e-01
1.977924257516860962e-01
8.675843477249145508e-01
8.826670050621032715e-02
5.032270550727844238e-01
6.440298259258270264e-02
2.880229353904724121e-01
2.688023447990417480e-01
6.813242286443710327e-02
8.705275654792785645e-01
7.776225358247756958e-02
7.232004404067993164e-01
4.016878902912139893e-01
8.156985789537429810e-02
6.087416410446166992e-02
7.459492236375808716e-02
1.113311648368835449e-01
1.019354090094566345e-01
1.546260267496109009e-01
8.352326154708862305e-01
1.249767467379570007e-01
8.158380389213562012e-01
8.334181457757949829e-02
5.141288638114929199e-01
2.892053723335266113e-01
5.643228068947792053e-02
2.353454232215881348e-01
4.279825091361999512e-01
8.673184365034103394e-02
2.804412841796875000e-01
1.740088909864425659e-01
6.692195534706115723e-01
8.694413304328918457e-01
8.360403180122375488e-01
2.881212830543518066e-01
2.657809257507324219e-01
4.362203478813171387e-01
1.789910644292831421e-01
8.501764535903930664e-01
1.143821403384208679e-01
8.183885812759399414e-01
7.496083527803421021e-02
1.194146797060966492e-01
8.720787763595581055e-01
2.717651724815368652e-01
2.794431149959564209e-01
3.046760261058807373e-01
3.021357357501983643e-01
5.857732146978378296e-02
6.949416548013687134e-02
2.841988503932952881e-01
1.000741198658943176e-01
1.746936887502670288e-01
3.567574024200439453e-01
7.856483459472656250e-01
2.691079378128051758e-01
1.739232093095779419e-01
5.641229823231697083e-02
1.128634661436080933e-01
7.548187375068664551e-01
3.131912350654602051e-01
5.580439791083335876e-02
8.728581666946411133e-01
2.788982391357421875e-01
3.090031147003173828e-01
1.207892447710037231e-01
7.433757185935974121e-02
5.866969004273414612e-02
1.209892258048057556e-01
7.450876832008361816e-01
8.763043284416198730e-01
7.011954784393310547e-01
2.149808257818222046e-01
1.425573974847793579e-01
1.105296984314918518e-01
2.859192490577697754e-01
3.831518292427062988e-01
2.698355913162231445e-01
8.677455186843872070e-01
8.456397652626037598e-01
2.643010020256042480e-01
1.232740208506584167e-01
5.666348338127136230e-01
2.797133326530456543e-01
5.062760114669799805e-01
8.766860365867614746e-01
1.584063321352005005e-01
4.850394129753112793e-01
8.908417820930480957e-02
5.915293842554092407e-02
5.818779766559600830e-02
8.871881663799285889e-02
4.781944677233695984e-02
8.552698045969009399e-02
2.502573430538177490e-01
7.494878768920898438e-02
2.840765714645385742e-01
8.343222737312316895e-01
2.366445213556289673e-01
4.953056946396827698e-02
2.232125103473663330e-01
2.564497590065002441e-01
6.694684922695159912e-02
1.811340749263763428e-01
4.145432114601135254e-01
2.937828600406646729e-01
8.232470750808715820e-01
5.090484768152236938e-02
1.240310370922088623e-01
3.279664516448974609e-01
1.859833002090454102e-01
8.584836125373840332e-01
9.739359468221664429e-02
4.901790246367454529e-02
4.950746521353721619e-02
7.482251524925231934e-02
2.133709639310836792e-01
1.132568418979644775e-01
7.212377786636352539e-01
2.691115438938140869e-01
1.601649820804595947e-01
2.870858311653137207e-01
1.272089332342147827e-01
3.972215950489044189e-01
2.739888727664947510e-01
1.622305661439895630e-01
7.059779167175292969e-01
1.488613039255142212e-01
3.318243026733398438e-01
8.797695636749267578e-01
3.228887915611267090e-01
1.059788465499877930e-01
2.287367433309555054e-01
7.377637177705764771e-02
1.749289631843566895e-01
1.502794772386550903e-01
7.234605401754379272e-02
6.239871680736541748e-02
1.786004453897476196e-01
1.241482347249984741e-01
8.534459471702575684e-01
9.246274083852767944e-02
7.981207221746444702e-02
4.733671247959136963e-02
8.739694356918334961e-01
4.137926399707794189e-01
1.789918690919876099e-01
7.506723701953887939e-02
3.401222527027130127e-01
2.491189390420913696e-01
2.001823633909225464e-01
5.922193527221679688e-01
4.977276176214218140e-02
5.630291998386383057e-02
7.025158405303955078e-02
5.356378480792045593e-02
1.216961070895195007e-01
6.231526657938957214e-02
7.307552695274353027e-01
3.014966547489166260e-01
7.460870146751403809e-01
1.190766915678977966e-01
2.004869133234024048e-01
6.208465248346328735e-02
8.601328134536743164e-01
4.418933391571044922e-01
7.300251722335815430e-01
9.077963232994079590e-01
8.162803202867507935e-02
3.061234354972839355e-01
1.752959340810775757e-01
8.475872129201889038e-02
8.010369539260864258e-02
5.198187008500099182e-02
4.140291810035705566e-01
4.270440340042114258e-01
8.439591526985168457e-01
5.007307231426239014e-02
2.170609980821609497e-01
9.798660129308700562e-02
1.166443750262260437e-01
7.276731729507446289e-02
6.377115100622177124e-02
4.307740032672882080e-01
5.759059786796569824e-01
4.691011086106300354e-02
9.308835864067077637e-02
4.185788333415985107e-01
4.882702231407165527e-02
7.551091164350509644e-02
2.286358475685119629e-01
1.284319907426834106e-01
1.834814399480819702e-01
1.651336401700973511e-01
7.432175278663635254e-01
5.849876403808593750e-01
6.877224892377853394e-02
6.867518275976181030e-02
1.901193708181381226e-01
8.326508849859237671e-02
5.405256152153015137e-01
2.018354088068008423e-01
1.279540956020355225e-01
7.168144732713699341e-02
8.965533971786499023e-02
8.032943606376647949e-01
7.886940240859985352e-02
2.699585855007171631e-01
4.935510829091072083e-02
8.434277176856994629e-01
1.708026528358459473e-01
5.086993053555488586e-02
3.734615445137023926e-01
6.041503548622131348e-01
3.406790792942047119e-01
4.919385537505149841e-02
5.049466341733932495e-02
5.322638154029846191e-01
2.822816669940948486e-01
1.347978264093399048e-01
8.659446984529495239e-02
2.370907366275787354e-01
2.763682901859283447e-01
1.379752159118652344e-01
5.958225205540657043e-02
1.895846128463745117e-01
6.687003374099731445e-02
5.917863175272941589e-02
9.035421013832092285e-01
3.054889440536499023e-01
2.312268018722534180e-01
8.673237562179565430e-01
2.911434769630432129e-01
3.917919397354125977e-01
8.205959945917129517e-02
8.459894657135009766e-01
2.445699423551559448e-01
8.990271389484405518e-02
8.457457423210144043e-01
8.521751165390014648e-01
3.461087346076965332e-01
4.633528739213943481e-02
3.065497279167175293e-01
3.253083229064941406e-01
1.072623804211616516e-01
4.588004946708679199e-01
5.305116623640060425e-02
9.820652753114700317e-02
2.814571261405944824e-01
1.107933521270751953e-01
2.781273126602172852e-01
9.584701061248779297e-02
5.822931230068206787e-02
4.682669043540954590e-01
1.102840974926948547e-01
8.355451226234436035e-01
3.635172843933105469e-01
2.101702541112899780e-01
2.173973321914672852e-01
2.491307854652404785e-01
9.019784629344940186e-02
7.827198505401611328e-02
8.390589952468872070e-01
8.559194207191467285e-02
3.296701908111572266e-01
8.761289715766906738e-01
2.695387899875640869e-01
5.855242162942886353e-02
4.356392621994018555e-01
9.119551628828048706e-02
6.921645402908325195e-01
7.279337942600250244e-02
5.720159783959388733e-02
2.869002521038055420e-01
7.799797654151916504e-01
3.855072259902954102e-01
4.839957654476165771e-01
1.059788465499877930e-01
1.640833765268325806e-01
3.366650044918060303e-01
1.637340039014816284e-01
2.268461734056472778e-01
3.326649069786071777e-01
3.653029203414916992e-01
7.264876365661621094e-02
3.808425962924957275e-01
5.372764468193054199e-01
9.755084663629531860e-02
2.697373628616333008e-01
8.730960488319396973e-01
7.812799513339996338e-02
4.464989602565765381e-01
9.990114718675613403e-02
1.494719386100769043e-01
9.323471039533615112e-02
1.563766002655029297e-01
5.597550868988037109e-01
2.003798782825469971e-01
4.348658919334411621e-01
4.855267107486724854e-01
8.593036532402038574e-01
8.747714161872863770e-01
8.850721120834350586e-01
5.226974934339523315e-02
2.789301276206970215e-01
2.546275556087493896e-01
3.688391745090484619e-01
8.702819943428039551e-01
1.745468527078628540e-01
2.518301010131835938e-01
1.653820425271987915e-01
7.243523746728897095e-02
8.493070006370544434e-01
4.847694188356399536e-02
1.006619408726692200e-01
6.976544857025146484e-01
5.606732890009880066e-02
9.565037488937377930e-02
3.125618100166320801e-01
1.619115322828292847e-01
8.794401884078979492e-01
5.128064006567001343e-02
6.115611270070075989e-02
5.726741999387741089e-02
8.534907698631286621e-01
8.739281296730041504e-01
4.660536721348762512e-02
8.427862524986267090e-01
5.855671316385269165e-02
6.282120943069458008e-01
2.760581374168395996e-01
3.841694891452789307e-01
4.969246685504913330e-01
6.418106704950332642e-02
2.531763613224029541e-01
5.929521322250366211e-01
6.148836016654968262e-02
5.112948268651962280e-02
7.158096432685852051e-01
5.546784028410911560e-02
1.925321072340011597e-01
2.013585716485977173e-01
3.197779953479766846e-01
5.195116624236106873e-02
6.207161545753479004e-01
1.559574753046035767e-01
1.923717707395553589e-01
6.201370805501937866e-02
2.427121102809906006e-01
8.692616820335388184e-01
8.286581039428710938e-01
8.211988806724548340e-01
4.266641139984130859e-01
2.743768393993377686e-01
1.757651120424270630e-01
3.542985618114471436e-01
5.614327266812324524e-02
7.438399642705917358e-02
6.717467308044433594e-02
5.793977975845336914e-01
8.028085827827453613e-01
7.746051549911499023e-01
1.142162531614303589e-01
3.445692360401153564e-01
5.988370999693870544e-02
1.076430380344390869e-01
8.554338216781616211e-01
4.791270494461059570e-01
1.101650744676589966e-01
7.429829239845275879e-02
6.768234074115753174e-02
4.792666435241699219e-02
1.761747896671295166e-01
8.792565464973449707e-01
5.006638765335083008e-01
4.828348010778427124e-02
1.176028028130531311e-01
2.643500268459320068e-01
6.165977716445922852e-01
1.203261539340019226e-01
3.218595087528228760e-01
4.478777945041656494e-01
8.504322171211242676e-01
7.782297581434249878e-02
4.969654232263565063e-02
2.334875017404556274e-01
2.062017917633056641e-01
2.797068655490875244e-01
5.151730403304100037e-02
4.193113148212432861e-01
8.582010269165039062e-01
8.731974363327026367e-01
4.867564737796783447e-01
7.436194270849227905e-02
5.637613311409950256e-02
4.334385395050048828e-01
3.881844878196716309e-01
1.669498980045318604e-01
4.127566218376159668e-01
4.119683802127838135e-01
5.541452765464782715e-02
5.212001502513885498e-02
5.379908531904220581e-02
3.266840875148773193e-01
2.077562212944030762e-01
5.376897007226943970e-02
2.624292671680450439e-01
7.742025852203369141e-01
1.833608746528625488e-01
2.856186628341674805e-01
4.007874429225921631e-01
2.606195807456970215e-01
7.437998056411743164e-02
5.652994662523269653e-02
6.914134621620178223e-01
8.766669631004333496e-01
4.829039797186851501e-02
8.805972337722778320e-01
8.804864287376403809e-01
7.516775131225585938e-01
1.266569495201110840e-01
7.376065850257873535e-01
6.046278774738311768e-02
2.280002236366271973e-01
4.456042051315307617e-01
6.067900657653808594e-01
7.938312292098999023e-01
8.016854524612426758e-02
7.499077916145324707e-02
2.890080213546752930e-01
7.670052051544189453e-01
1.804891377687454224e-01
1.873692423105239868e-01
5.087578296661376953e-01
2.659309804439544678e-01
4.006463289260864258e-01
2.505018413066864014e-01
3.141242563724517822e-01
2.124536782503128052e-01
2.496113628149032593e-01
8.164185285568237305e-01
5.015705823898315430e-01
5.067183077335357666e-02
3.312193751335144043e-01
5.695613473653793335e-02
2.456097900867462158e-01
8.229764699935913086e-01
5.979347974061965942e-02
1.518125236034393311e-01
5.787077173590660095e-02
2.052939683198928833e-01
8.674547076225280762e-01
3.512840270996093750e-01
6.164066791534423828e-01
5.242482572793960571e-02
5.392113327980041504e-02
6.525764614343643188e-02
8.706110119819641113e-01
1.832221746444702148e-01
4.884264469146728516e-01
5.487608909606933594e-01
2.057483494281768799e-01
9.084969758987426758e-02
5.539501458406448364e-02
5.579829216003417969e-01
8.514923453330993652e-01
4.878484085202217102e-02
4.807272925972938538e-02
8.521870374679565430e-01
7.922957092523574829e-02
5.212520807981491089e-02
1.741409152746200562e-01
5.770720914006233215e-02
1.438052356243133545e-01
2.986096441745758057e-01
2.602544724941253662e-01
4.747017100453376770e-02
1.480282992124557495e-01
7.447049766778945923e-02
9.484393149614334106e-02
5.600947737693786621e-01
2.930656671524047852e-01
3.574531674385070801e-01
5.848028883337974548e-02
8.757365494966506958e-02
8.068883419036865234e-02
1.630630493164062500e-01
7.921378314495086670e-02
2.164077907800674438e-01
6.197341904044151306e-02
3.105383217334747314e-01
8.798024058341979980e-01
8.538509905338287354e-02
3.161873817443847656e-01
6.015286222100257874e-02
3.874272406101226807e-01
3.228031396865844727e-01
5.994196981191635132e-02
2.831990718841552734e-01
8.781833052635192871e-01
8.484029024839401245e-02
5.480615422129631042e-02
6.177712604403495789e-02
8.264792710542678833e-02
1.373478472232818604e-01
3.094861805438995361e-01
3.222841322422027588e-01
2.904552519321441650e-01
8.736811876296997070e-01
1.726948767900466919e-01
5.211485624313354492e-01
2.720046341419219971e-01
6.005446985363960266e-02
6.321020722389221191e-01
7.979728281497955322e-02
5.544161424040794373e-02
8.781374096870422363e-01
7.942399382591247559e-01
8.371384739875793457e-01
6.720122098922729492e-01
5.397331714630126953e-02
3.147032260894775391e-01
1.168992370367050171e-01
1.686980724334716797e-01
3.854810893535614014e-01
6.339257955551147461e-02
5.653180554509162903e-02
3.975650668144226074e-01
8.032555133104324341e-02
7.667363882064819336e-01
4.266564249992370605e-01
4.868275821208953857e-01
5.914992839097976685e-02
6.408284306526184082e-01
7.524336576461791992e-01
1.789304018020629883e-01
8.601306080818176270e-01
3.766318261623382568e-01
6.278222203254699707e-01
5.782477557659149170e-02
8.546803593635559082e-01
7.023855447769165039e-01
5.377919599413871765e-02
7.839137911796569824e-01
2.470210641622543335e-01
8.309529423713684082e-01
6.712993234395980835e-02
2.727816700935363770e-01
4.893520474433898926e-01
2.840413749217987061e-01
2.649406790733337402e-01
8.740863800048828125e-01
1.824695318937301636e-01
2.355587780475616455e-01
4.681764915585517883e-02
8.677268624305725098e-01
7.981903851032257080e-02
5.095705017447471619e-02
8.593174815177917480e-01
8.425687551498413086e-01
3.606317639350891113e-01
5.031391978263854980e-02
4.828337728977203369e-01
4.851305782794952393e-01
8.783773183822631836e-01
9.672595560550689697e-02
8.776556253433227539e-01
4.759688302874565125e-02
5.162014961242675781e-01
6.744793057441711426e-02
7.029054164886474609e-01
8.400121331214904785e-02
2.780349850654602051e-01
5.152685046195983887e-01
8.745536208152770996e-02
3.011649549007415771e-01
1.295515298843383789e-01
3.330160677433013916e-01
8.685734868049621582e-01
2.681593596935272217e-01
1.990075260400772095e-01
7.120729982852935791e-02
3.035105168819427490e-01
8.493224978446960449e-01
8.503049015998840332e-01
1.223821640014648438e-01
2.250784039497375488e-01
7.112766802310943604e-02
1.464821994304656982e-01
1.463459283113479614e-01
1.919605880975723267e-01
8.807197213172912598e-01
2.193624824285507202e-01
5.483424663543701172e-01
3.455317914485931396e-01
7.720342278480529785e-01
1.298326104879379272e-01
3.362059295177459717e-01
6.492895632982254028e-02
5.795544758439064026e-02
1.971767246723175049e-01
8.448994755744934082e-01
7.879332304000854492e-01
3.680080771446228027e-01
1.225570738315582275e-01
7.292152643203735352e-01
8.651333451271057129e-01
4.095705747604370117e-01
9.801075607538223267e-02
1.730995625257492065e-01
8.115630149841308594e-01
8.641632199287414551e-01
7.851074934005737305e-01
5.192819237709045410e-02
8.768191933631896973e-01
8.489354848861694336e-01
5.708442926406860352e-01
8.627031445503234863e-01
3.895897269248962402e-01
4.919778555631637573e-02
4.888846278190612793e-01
1.824237555265426636e-01
4.809078276157379150e-01
1.111182942986488342e-01
7.169479727745056152e-01
3.875811994075775146e-01
1.161801740527153015e-01
4.481106102466583252e-01
6.329469084739685059e-01
7.777101993560791016e-01
5.476239696145057678e-02
2.933529019355773926e-01
6.156430244445800781e-01
3.873378932476043701e-01
3.937373161315917969e-01
2.714436650276184082e-01
2.718959450721740723e-01
6.308681368827819824e-01
8.437320590019226074e-01
6.559164822101593018e-02
8.466560393571853638e-02
1.059788465499877930e-01
4.734757542610168457e-02
1.511595100164413452e-01
1.254641860723495483e-01
5.353570580482482910e-01
1.282704323530197144e-01
5.258472263813018799e-02
4.824713170528411865e-01
6.872965097427368164e-01
1.136958226561546326e-01
2.926243245601654053e-01
5.981311202049255371e-02
7.803529500961303711e-01
4.336586594581604004e-01
5.093992128968238831e-02
1.119989231228828430e-01
4.863102361559867859e-02
2.336538881063461304e-01
1.777963489294052124e-01
7.193218916654586792e-02
5.450273677706718445e-02
6.126573309302330017e-02
1.917171925306320190e-01
1.308615058660507202e-01
1.121523380279541016e-01
1.280874758958816528e-01
2.785512506961822510e-01
4.219404757022857666e-01
5.069766640663146973e-01
6.140479445457458496e-02
6.700019538402557373e-02
4.998946487903594971e-01
3.934994935989379883e-01
5.294145271182060242e-02
8.874831795692443848e-01
7.120544314384460449e-01
3.038264513015747070e-01
4.867738857865333557e-02
1.614667475223541260e-01
5.837684124708175659e-02
5.175207555294036865e-02
2.852520346641540527e-01
1.280198246240615845e-01
4.346802830696105957e-01
6.517835259437561035e-01
7.209715247154235840e-01
7.435360550880432129e-02
3.012279570102691650e-01
1.035328358411788940e-01
2.596392035484313965e-01
3.923950791358947754e-01
2.501815557479858398e-01
4.724710881710052490e-01
2.486614584922790527e-01
8.797588348388671875e-01
1.478979885578155518e-01
2.049283534288406372e-01
8.514232039451599121e-01
2.151955813169479370e-01
7.623721361160278320e-01
3.725237846374511719e-01
4.866085648536682129e-01
2.228950262069702148e-01
9.043574333190917969e-01
8.450340032577514648e-01
1.418909877538681030e-01
8.484729528427124023e-01
1.335524767637252808e-01
7.100520133972167969e-01
3.944434225559234619e-01
5.482324212789535522e-02
4.659445583820343018e-02
4.273211061954498291e-01
2.648050189018249512e-01
5.640318989753723145e-02
7.005485892295837402e-02
8.789034485816955566e-01
6.667827814817428589e-02
5.285837501287460327e-02
1.183674037456512451e-01
9.315627813339233398e-02
2.831640541553497314e-01
9.073324501514434814e-02
2.231680303812026978e-01
5.202266573905944824e-02
3.132662773132324219e-01
1.179207414388656616e-01
2.629138827323913574e-01
4.529345929622650146e-01
8.557531833648681641e-01
1.430024951696395874e-01
7.406254112720489502e-02
6.275483369827270508e-01
8.242130279541015625e-01
6.472017616033554077e-02
2.724246680736541748e-01
2.826237082481384277e-01
4.714422300457954407e-02
8.796477913856506348e-01
2.227607816457748413e-01
5.624293908476829529e-02
7.125533372163772583e-02
2.642178833484649658e-01
2.261337339878082275e-01
5.461667776107788086e-01
1.320511996746063232e-01
1.955707967281341553e-01
5.168202519416809082e-02
4.898960590362548828e-01
3.144575655460357666e-01
2.640360295772552490e-01
2.365185171365737915e-01
1.747049838304519653e-01
5.337570235133171082e-02
1.545108854770660400e-01
6.300321221351623535e-02
3.545643985271453857e-01
9.078666567802429199e-02
8.496246933937072754e-01
8.677234649658203125e-01
9.614907950162887573e-02
