3.307604789733886719e-01
3.312519788742065430e-01
3.307605981826782227e-01
3.307991921901702881e-01
3.307605683803558350e-01
3.307606577873229980e-01
3.307606875896453857e-01
3.307675719261169434e-01
3.307614922523498535e-01
3.307613730430603027e-01
3.307600915431976318e-01
3.307636380195617676e-01
3.307611942291259766e-01
3.307609558105468750e-01
3.307605981826782227e-01
3.307619392871856689e-01
3.307605981826782227e-01
3.310756087303161621e-01
3.307605683803558350e-01
3.307608962059020996e-01
3.307606875896453857e-01
3.307771682739257812e-01
3.307604789733886719e-01
3.307604789733886719e-01
3.307608664035797119e-01
3.307678699493408203e-01
3.307620584964752197e-01
3.307613134384155273e-01
3.307641446590423584e-01
3.307685256004333496e-01
3.307805955410003662e-01
3.307596147060394287e-01
3.307625949382781982e-01
3.307607173919677734e-01
3.307608962059020996e-01
3.307606279850006104e-01
3.307604193687438965e-01
3.307663202285766602e-01
3.307631313800811768e-01
3.307626247406005859e-01
3.307700753211975098e-01
3.307606577873229980e-01
3.307604789733886719e-01
3.307594358921051025e-01
3.307837247848510742e-01
3.307710587978363037e-01
3.307606875896453857e-01
3.307861983776092529e-01
3.307604193687438965e-01
3.307661414146423340e-01
3.307618498802185059e-01
3.307605087757110596e-01
3.307604789733886719e-01
3.307759761810302734e-01
3.307606875896453857e-01
3.307611048221588135e-01
3.307618498802185059e-01
3.307604789733886719e-01
3.307604789733886719e-01
3.307613134384155273e-01
3.311616480350494385e-01
3.307753503322601318e-01
3.307647109031677246e-01
3.307605385780334473e-01
3.307603895664215088e-01
3.307604491710662842e-01
3.307604789733886719e-01
3.307604789733886719e-01
3.308316767215728760e-01
3.307582736015319824e-01
3.307569622993469238e-01
3.309194147586822510e-01
3.307498395442962646e-01
3.307901024818420410e-01
3.307665288448333740e-01
3.307604193687438965e-01
3.307625651359558105e-01
3.307601809501647949e-01
3.307600319385528564e-01
3.307604789733886719e-01
3.307606577873229980e-01
3.307605683803558350e-01
3.307605981826782227e-01
3.307612538337707520e-01
3.307605087757110596e-01
3.307606577873229980e-01
3.307608664035797119e-01
3.307608366012573242e-01
3.307606577873229980e-01
3.312286138534545898e-01
3.310016393661499023e-01
3.307605087757110596e-01
3.307603299617767334e-01
3.307607173919677734e-01
3.307605981826782227e-01
3.311977684497833252e-01
3.307656645774841309e-01
3.307604789733886719e-01
3.307604193687438965e-01
3.307662606239318848e-01
3.307613134384155273e-01
3.307606577873229980e-01
3.307734131813049316e-01
3.307608962059020996e-01
3.307656645774841309e-01
3.307613730430603027e-01
3.307612836360931396e-01
3.307643830776214600e-01
3.307615220546722412e-01
3.307617604732513428e-01
3.307765126228332520e-01
3.307606875896453857e-01
3.307605683803558350e-01
3.307917416095733643e-01
3.307606875896453857e-01
3.307601511478424072e-01
3.307604789733886719e-01
3.307610452175140381e-01
3.307600915431976318e-01
3.307706117630004883e-01
3.307606279850006104e-01
3.307604789733886719e-01
3.307604789733886719e-01
3.310709297657012939e-01
3.307604193687438965e-01
3.307854235172271729e-01
3.307603299617767334e-01
3.309998512268066406e-01
3.307620882987976074e-01
3.307606279850006104e-01
3.307613730430603027e-01
3.307605087757110596e-01
3.307603895664215088e-01
3.309572637081146240e-01
3.307605087757110596e-01
3.307615518569946289e-01
3.307607471942901611e-01
3.310830891132354736e-01
3.307610154151916504e-01
3.307610154151916504e-01
3.307616710662841797e-01
3.307622075080871582e-01
3.307611346244812012e-01
3.307615518569946289e-01
3.307628333568572998e-01
3.307605087757110596e-01
3.311110436916351318e-01
3.309241533279418945e-01
3.307667672634124756e-01
3.307620286941528320e-01
3.307604491710662842e-01
3.307666778564453125e-01
3.307607173919677734e-01
3.307608962059020996e-01
3.307625353336334229e-01
3.307638168334960938e-01
3.307618200778961182e-01
3.307603597640991211e-01
3.308867216110229492e-01
3.307605683803558350e-01
3.307608962059020996e-01
3.307846486568450928e-01
3.307615220546722412e-01
3.307605087757110596e-01
3.307604789733886719e-01
3.307276368141174316e-01
3.310632407665252686e-01
3.307610154151916504e-01
3.307604193687438965e-01
3.307611346244812012e-01
3.307603299617767334e-01
3.307605981826782227e-01
3.307604193687438965e-01
3.308790922164916992e-01
3.307605981826782227e-01
3.308008313179016113e-01
3.309022784233093262e-01
3.307612836360931396e-01
3.307609558105468750e-01
3.307608962059020996e-01
3.307623267173767090e-01
3.307613134384155273e-01
3.307617008686065674e-01
3.307616412639617920e-01
3.310250639915466309e-01
3.307602405548095703e-01
3.307609558105468750e-01
3.307767510414123535e-01
3.307607173919677734e-01
3.310956656932830811e-01
3.307604789733886719e-01
3.307611942291259766e-01
3.308898508548736572e-01
3.307607471942901611e-01
3.307608962059020996e-01
3.307614326477050781e-01
3.307607471942901611e-01
3.307670652866363525e-01
3.307608067989349365e-01
3.307558298110961914e-01
3.307605087757110596e-01
3.307667672634124756e-01
3.307592868804931641e-01
3.307608664035797119e-01
3.307608962059020996e-01
3.307607769966125488e-01
3.307608664035797119e-01
3.307590484619140625e-01
3.307614624500274658e-01
3.307589292526245117e-01
3.307605385780334473e-01
3.307604193687438965e-01
3.307619392871856689e-01
3.307616114616394043e-01
3.307601511478424072e-01
3.307607173919677734e-01
3.307653963565826416e-01
3.307608366012573242e-01
3.307605087757110596e-01
3.307614326477050781e-01
3.307605683803558350e-01
3.307612538337707520e-01
3.307605385780334473e-01
3.307906687259674072e-01
3.307613730430603027e-01
3.307604789733886719e-01
3.305725157260894775e-01
3.307847678661346436e-01
3.307600617408752441e-01
3.307617008686065674e-01
3.307938575744628906e-01
3.307604789733886719e-01
3.307603895664215088e-01
3.312318921089172363e-01
3.307602703571319580e-01
3.307604789733886719e-01
3.307605087757110596e-01
3.307605385780334473e-01
3.307603001594543457e-01
3.307615220546722412e-01
3.307634592056274414e-01
3.308963477611541748e-01
3.307740986347198486e-01
3.309517502784729004e-01
3.307583332061767578e-01
3.308953642845153809e-01
3.307606577873229980e-01
3.307608664035797119e-01
3.307606875896453857e-01
3.307622373104095459e-01
3.307593762874603271e-01
3.306474089622497559e-01
3.307603299617767334e-01
3.307605385780334473e-01
3.307605385780334473e-01
3.307602703571319580e-01
3.307729363441467285e-01
3.307705223560333252e-01
3.307782411575317383e-01
3.308348059654235840e-01
3.307604193687438965e-01
3.307604789733886719e-01
3.307617604732513428e-01
3.307605981826782227e-01
3.308670520782470703e-01
3.307673633098602295e-01
3.307604789733886719e-01
3.307617306709289551e-01
3.307604193687438965e-01
3.307612836360931396e-01
3.307604789733886719e-01
3.307613134384155273e-01
3.308531343936920166e-01
3.307658433914184570e-01
3.310862481594085693e-01
3.307609558105468750e-01
3.310524225234985352e-01
3.307607769966125488e-01
3.307604193687438965e-01
3.307606577873229980e-01
3.307605981826782227e-01
3.307611346244812012e-01
3.309949338436126709e-01
3.309101760387420654e-01
3.306850492954254150e-01
3.307610452175140381e-01
3.307605087757110596e-01
3.307682573795318604e-01
3.307617008686065674e-01
3.307632803916931152e-01
3.307619988918304443e-01
3.307600915431976318e-01
3.307821452617645264e-01
3.308288156986236572e-01
3.307613730430603027e-01
3.307604193687438965e-01
3.306546211242675781e-01
3.307908773422241211e-01
3.307606577873229980e-01
3.307604789733886719e-01
3.307604789733886719e-01
3.307614326477050781e-01
3.307609856128692627e-01
3.307610154151916504e-01
3.307637572288513184e-01
3.307604193687438965e-01
3.307630419731140137e-01
3.308106958866119385e-01
3.307606279850006104e-01
3.307614326477050781e-01
3.307606279850006104e-01
3.307612836360931396e-01
3.307606279850006104e-01
3.307607173919677734e-01
3.307604789733886719e-01
3.310335278511047363e-01
3.307604789733886719e-01
3.307606875896453857e-01
3.307520449161529541e-01
3.307604491710662842e-01
3.307606577873229980e-01
3.308359980583190918e-01
3.307620584964752197e-01
3.307605683803558350e-01
3.307170271873474121e-01
3.307604789733886719e-01
3.307603299617767334e-01
3.307636082172393799e-01
3.307648599147796631e-01
3.307606279850006104e-01
3.307596743106842041e-01
3.309102952480316162e-01
3.307604789733886719e-01
3.307627737522125244e-01
3.311136066913604736e-01
3.307619392871856689e-01
3.307605683803558350e-01
3.307604193687438965e-01
3.307625949382781982e-01
3.311225473880767822e-01
3.307605683803558350e-01
3.311061561107635498e-01
3.307677507400512695e-01
3.307612240314483643e-01
3.307604789733886719e-01
3.307604789733886719e-01
3.307605385780334473e-01
3.307606577873229980e-01
3.308813571929931641e-01
3.308680355548858643e-01
3.307612836360931396e-01
3.307604193687438965e-01
3.307602703571319580e-01
3.307604789733886719e-01
3.307604789733886719e-01
3.307580649852752686e-01
3.307583928108215332e-01
3.307616114616394043e-01
3.308017551898956299e-01
3.307607769966125488e-01
3.307613730430603027e-01
3.307628631591796875e-01
3.307719230651855469e-01
3.307613134384155273e-01
3.307604789733886719e-01
3.307648003101348877e-01
3.307772874832153320e-01
3.307605981826782227e-01
3.311425745487213135e-01
3.306514918804168701e-01
3.307363390922546387e-01
3.307598531246185303e-01
3.307608067989349365e-01
3.307617306709289551e-01
3.307605683803558350e-01
3.307604789733886719e-01
3.308436274528503418e-01
3.307608664035797119e-01
3.307605981826782227e-01
3.307600617408752441e-01
3.307604491710662842e-01
3.307604193687438965e-01
3.307604789733886719e-01
3.307598531246185303e-01
3.307608962059020996e-01
3.307611346244812012e-01
3.307663500308990479e-01
3.307611048221588135e-01
3.307598829269409180e-01
3.311094343662261963e-01
3.307605385780334473e-01
3.307603299617767334e-01
3.307604789733886719e-01
3.307606577873229980e-01
3.307605981826782227e-01
3.306830227375030518e-01
3.307605981826782227e-01
3.307603895664215088e-01
3.307611942291259766e-01
3.307718932628631592e-01
3.307610452175140381e-01
3.307604491710662842e-01
3.307606279850006104e-01
3.307614624500274658e-01
3.307632207870483398e-01
3.309756517410278320e-01
3.307603299617767334e-01
3.307828605175018311e-01
3.307636082172393799e-01
3.308522999286651611e-01
3.307603299617767334e-01
3.307605087757110596e-01
3.310369253158569336e-01
3.307613134384155273e-01
3.307604789733886719e-01
3.307604491710662842e-01
3.308900594711303711e-01
3.310351967811584473e-01
3.307620882987976074e-01
3.307610154151916504e-01
3.307604789733886719e-01
3.307604491710662842e-01
3.307419121265411377e-01
3.307613730430603027e-01
3.307610154151916504e-01
3.308511972427368164e-01
3.307604789733886719e-01
3.310991227626800537e-01
3.308122158050537109e-01
3.307606875896453857e-01
3.307583928108215332e-01
3.307534754276275635e-01
3.307707011699676514e-01
3.307612538337707520e-01
3.307606875896453857e-01
3.307620882987976074e-01
3.307599127292633057e-01
3.307549357414245605e-01
3.307769298553466797e-01
3.307627141475677490e-01
3.310828208923339844e-01
3.305483460426330566e-01
3.307605981826782227e-01
3.308592140674591064e-01
3.307607769966125488e-01
3.307612538337707520e-01
3.307605087757110596e-01
3.307720422744750977e-01
3.307605683803558350e-01
3.307604491710662842e-01
3.306582570075988770e-01
3.307638764381408691e-01
3.311497867107391357e-01
3.307604789733886719e-01
3.307603895664215088e-01
3.311849832534790039e-01
3.307177722454071045e-01
3.309946656227111816e-01
3.307605683803558350e-01
3.307760953903198242e-01
3.307614326477050781e-01
3.307605683803558350e-01
3.307604789733886719e-01
3.307609558105468750e-01
3.307604789733886719e-01
3.307615220546722412e-01
3.314090371131896973e-01
3.307604789733886719e-01
3.307603895664215088e-01
3.307730257511138916e-01
3.307620882987976074e-01
3.307607173919677734e-01
3.307631611824035645e-01
3.307610750198364258e-01
3.307607769966125488e-01
3.307634592056274414e-01
3.307608664035797119e-01
3.307603895664215088e-01
3.307610452175140381e-01
3.307611048221588135e-01
3.307606577873229980e-01
3.311637938022613525e-01
3.307603299617767334e-01
3.307672441005706787e-01
3.307604789733886719e-01
3.307601511478424072e-01
3.307676315307617188e-01
3.307605683803558350e-01
3.307604789733886719e-01
3.307603299617767334e-01
3.307605683803558350e-01
3.307785093784332275e-01
3.307603001594543457e-01
3.307602703571319580e-01
3.308860957622528076e-01
3.307605981826782227e-01
3.307604789733886719e-01
3.307602405548095703e-01
3.307600915431976318e-01
3.307604789733886719e-01
3.307605087757110596e-01
3.307604491710662842e-01
3.307609260082244873e-01
3.307604193687438965e-01
3.307614326477050781e-01
3.307606875896453857e-01
3.311055898666381836e-01
3.308132290840148926e-01
3.307605087757110596e-01
3.307606875896453857e-01
3.307652473449707031e-01
3.307600617408752441e-01
3.308019638061523438e-01
3.307609558105468750e-01
3.311039805412292480e-01
3.306514918804168701e-01
3.307605087757110596e-01
3.307605981826782227e-01
3.307665288448333740e-01
3.307605385780334473e-01
3.307642638683319092e-01
3.307615220546722412e-01
3.307508528232574463e-01
3.307605981826782227e-01
3.307606875896453857e-01
3.307602703571319580e-01
3.307627737522125244e-01
3.307603001594543457e-01
3.307604193687438965e-01
3.307606875896453857e-01
3.307604193687438965e-01
3.307612836360931396e-01
3.307604789733886719e-01
3.307602703571319580e-01
3.307705223560333252e-01
3.307605087757110596e-01
3.307608067989349365e-01
3.307909071445465088e-01
3.307610154151916504e-01
3.307617008686065674e-01
3.307633101940155029e-01
3.307609558105468750e-01
3.307609856128692627e-01
3.309909105300903320e-01
3.309271335601806641e-01
3.307607471942901611e-01
3.307605981826782227e-01
3.307648599147796631e-01
3.307650685310363770e-01
3.307907283306121826e-01
3.307606279850006104e-01
3.307605683803558350e-01
3.307542204856872559e-01
3.307603895664215088e-01
3.307605087757110596e-01
3.307610452175140381e-01
3.307619392871856689e-01
3.307607769966125488e-01
3.307605087757110596e-01
3.307618796825408936e-01
3.307604193687438965e-01
3.307605087757110596e-01
3.307607173919677734e-01
3.307608664035797119e-01
3.307603001594543457e-01
3.307614326477050781e-01
3.307603895664215088e-01
3.308109641075134277e-01
3.307712376117706299e-01
3.307611048221588135e-01
3.307605981826782227e-01
3.307604789733886719e-01
3.307606875896453857e-01
3.307606875896453857e-01
3.307598531246185303e-01
3.307603299617767334e-01
3.307635188102722168e-01
3.307623267173767090e-01
3.311448097229003906e-01
3.307600021362304688e-01
3.307618796825408936e-01
3.307605087757110596e-01
3.307638168334960938e-01
3.307604789733886719e-01
3.307603895664215088e-01
3.307606577873229980e-01
3.307600021362304688e-01
3.307607769966125488e-01
3.307667672634124756e-01
3.309544026851654053e-01
3.308736979961395264e-01
3.307622373104095459e-01
3.308019936084747314e-01
3.307583034038543701e-01
3.307604789733886719e-01
3.307609260082244873e-01
3.307603299617767334e-01
3.307611048221588135e-01
3.307610154151916504e-01
3.308289945125579834e-01
3.307832777500152588e-01
3.307606279850006104e-01
3.307604789733886719e-01
3.307603895664215088e-01
3.307609558105468750e-01
3.307605683803558350e-01
3.307604193687438965e-01
3.307606279850006104e-01
3.307609260082244873e-01
3.307603895664215088e-01
3.307605683803558350e-01
3.307604789733886719e-01
3.310168981552124023e-01
3.307611346244812012e-01
3.307604789733886719e-01
3.307620286941528320e-01
3.307694494724273682e-01
3.307606875896453857e-01
3.307685852050781250e-01
3.310715556144714355e-01
3.307852447032928467e-01
3.307606577873229980e-01
3.307605683803558350e-01
3.310840725898742676e-01
3.307603001594543457e-01
3.307608366012573242e-01
3.307625949382781982e-01
3.309083878993988037e-01
3.307615220546722412e-01
3.308908939361572266e-01
3.310998082160949707e-01
3.307235240936279297e-01
3.307606875896453857e-01
3.307606577873229980e-01
3.307620584964752197e-01
3.308830857276916504e-01
3.309915065765380859e-01
3.307604789733886719e-01
3.307596445083618164e-01
3.307603895664215088e-01
3.307604491710662842e-01
3.307609558105468750e-01
3.307602405548095703e-01
3.307613134384155273e-01
3.306993246078491211e-01
3.308106660842895508e-01
3.310477435588836670e-01
3.307605087757110596e-01
3.307613134384155273e-01
3.307628333568572998e-01
3.307610154151916504e-01
3.307604789733886719e-01
3.307647705078125000e-01
3.307678103446960449e-01
3.307610452175140381e-01
3.307608664035797119e-01
3.307606875896453857e-01
3.307606875896453857e-01
3.307604789733886719e-01
3.307749629020690918e-01
3.307609260082244873e-01
3.307604193687438965e-01
3.307608366012573242e-01
3.307603895664215088e-01
3.307605683803558350e-01
3.307633697986602783e-01
3.308222591876983643e-01
3.309770822525024414e-01
3.306744098663330078e-01
3.307657837867736816e-01
3.308154642581939697e-01
3.307765424251556396e-01
3.307608664035797119e-01
3.307622969150543213e-01
3.307603299617767334e-01
3.307663798332214355e-01
3.307605087757110596e-01
3.307606577873229980e-01
3.311883211135864258e-01
3.307606577873229980e-01
3.307605087757110596e-01
3.307606279850006104e-01
3.307599127292633057e-01
3.307615518569946289e-01
3.307702839374542236e-01
3.307599127292633057e-01
3.307606279850006104e-01
3.307606875896453857e-01
3.307631015777587891e-01
3.307613134384155273e-01
3.307613730430603027e-01
3.307605087757110596e-01
3.307602703571319580e-01
3.307604193687438965e-01
3.307604193687438965e-01
3.307606875896453857e-01
3.307612836360931396e-01
3.310288786888122559e-01
3.307646811008453369e-01
3.307606577873229980e-01
3.307601511478424072e-01
3.307645022869110107e-01
3.307604789733886719e-01
3.307615518569946289e-01
3.307604789733886719e-01
3.307605981826782227e-01
3.307605683803558350e-01
3.307575285434722900e-01
3.307605981826782227e-01
3.307608366012573242e-01
3.307604193687438965e-01
3.307656347751617432e-01
3.308356404304504395e-01
3.307606577873229980e-01
3.307583928108215332e-01
3.307631015777587891e-01
3.307611942291259766e-01
3.312075436115264893e-01
3.307671844959259033e-01
3.307602703571319580e-01
3.306635618209838867e-01
3.307636380195617676e-01
3.307564258575439453e-01
3.307606577873229980e-01
3.307605981826782227e-01
3.307635486125946045e-01
3.307066559791564941e-01
3.307652175426483154e-01
3.307607173919677734e-01
3.307605683803558350e-01
3.305434584617614746e-01
3.307606875896453857e-01
3.307599723339080811e-01
3.307627737522125244e-01
3.307603895664215088e-01
3.308114409446716309e-01
3.307640552520751953e-01
3.307606875896453857e-01
3.307603299617767334e-01
3.307635486125946045e-01
3.307597041130065918e-01
3.307605087757110596e-01
3.307604789733886719e-01
3.308152258396148682e-01
3.311664164066314697e-01
3.307742774486541748e-01
3.307603895664215088e-01
3.307612240314483643e-01
3.308296203613281250e-01
3.307622075080871582e-01
3.309032320976257324e-01
3.310159444808959961e-01
3.307605385780334473e-01
3.307605087757110596e-01
3.307605087757110596e-01
3.309241533279418945e-01
3.307616114616394043e-01
3.311779499053955078e-01
3.307604789733886719e-01
3.309518098831176758e-01
3.307608366012573242e-01
3.307604789733886719e-01
3.307725787162780762e-01
3.307586014270782471e-01
3.307604491710662842e-01
3.307608366012573242e-01
3.307608664035797119e-01
3.307605087757110596e-01
3.306835889816284180e-01
3.308804035186767578e-01
3.307605087757110596e-01
3.307605981826782227e-01
3.307604789733886719e-01
3.307592272758483887e-01
3.307611048221588135e-01
3.310638666152954102e-01
3.307605683803558350e-01
3.307604789733886719e-01
3.307614028453826904e-01
3.309512436389923096e-01
3.307604789733886719e-01
3.307610154151916504e-01
3.307670056819915771e-01
3.307604193687438965e-01
3.307606875896453857e-01
3.307942748069763184e-01
3.306653499603271484e-01
3.307611346244812012e-01
3.309068679809570312e-01
3.307606577873229980e-01
3.308419585227966309e-01
3.307623565196990967e-01
3.307605385780334473e-01
3.307606577873229980e-01
3.307619392871856689e-01
3.307603895664215088e-01
3.307607769966125488e-01
3.307603299617767334e-01
3.307612240314483643e-01
3.307606875896453857e-01
3.307872712612152100e-01
3.311355710029602051e-01
3.307605385780334473e-01
3.307613730430603027e-01
3.307604789733886719e-01
3.307606875896453857e-01
3.307701945304870605e-01
3.307583928108215332e-01
3.307033777236938477e-01
3.307604491710662842e-01
3.307604789733886719e-01
3.308068513870239258e-01
3.307605385780334473e-01
3.307602703571319580e-01
3.307680189609527588e-01
3.307617306709289551e-01
3.307607769966125488e-01
3.307716548442840576e-01
3.307604193687438965e-01
3.307604789733886719e-01
3.307614028453826904e-01
3.307605683803558350e-01
3.311652839183807373e-01
3.307535648345947266e-01
3.307606875896453857e-01
3.307609856128692627e-01
3.307960033416748047e-01
3.307604789733886719e-01
3.307605087757110596e-01
3.307606279850006104e-01
3.307604193687438965e-01
3.307949304580688477e-01
3.307604193687438965e-01
3.309389054775238037e-01
3.307608067989349365e-01
3.308134377002716064e-01
3.307623267173767090e-01
3.307606875896453857e-01
3.309831619262695312e-01
3.307603895664215088e-01
3.309179246425628662e-01
3.309841752052307129e-01
3.307605981826782227e-01
3.307588696479797363e-01
3.307613134384155273e-01
3.307605683803558350e-01
3.307606279850006104e-01
3.307608067989349365e-01
3.307605981826782227e-01
3.307606279850006104e-01
3.307875096797943115e-01
3.309941589832305908e-01
3.307605683803558350e-01
3.307667374610900879e-01
3.307606875896453857e-01
3.307610154151916504e-01
3.307790160179138184e-01
3.307608067989349365e-01
3.307606279850006104e-01
3.307866454124450684e-01
3.307613730430603027e-01
3.307598531246185303e-01
3.307617008686065674e-01
3.310500681400299072e-01
3.307603597640991211e-01
3.307604789733886719e-01
3.310456573963165283e-01
3.307604789733886719e-01
3.307605981826782227e-01
3.307723701000213623e-01
3.307650387287139893e-01
3.309476673603057861e-01
3.310506343841552734e-01
3.307592272758483887e-01
3.307607471942901611e-01
3.307597637176513672e-01
3.311293125152587891e-01
3.307357430458068848e-01
3.309200406074523926e-01
3.306514918804168701e-01
3.307601809501647949e-01
3.307569324970245361e-01
3.307644128799438477e-01
3.307910263538360596e-01
3.310470581054687500e-01
3.307608067989349365e-01
3.307635188102722168e-01
3.307650983333587646e-01
3.307625055313110352e-01
3.307594656944274902e-01
3.307619392871856689e-01
3.307606279850006104e-01
3.307652175426483154e-01
3.307605981826782227e-01
3.307605087757110596e-01
3.307604491710662842e-01
3.307615816593170166e-01
3.307617306709289551e-01
3.307597637176513672e-01
3.307606279850006104e-01
3.307606577873229980e-01
3.307604789733886719e-01
3.307604789733886719e-01
3.305879831314086914e-01
3.307619094848632812e-01
3.307786583900451660e-01
3.307613134384155273e-01
3.307608067989349365e-01
3.307605385780334473e-01
3.307604789733886719e-01
3.307622373104095459e-01
3.307620882987976074e-01
3.307604789733886719e-01
3.307621479034423828e-01
3.307606279850006104e-01
3.307971060276031494e-01
3.307628631591796875e-01
3.307605385780334473e-01
3.307604789733886719e-01
3.307594656944274902e-01
3.307611942291259766e-01
3.307746052742004395e-01
3.307526111602783203e-01
3.308101296424865723e-01
3.307735025882720947e-01
3.310720920562744141e-01
3.307711184024810791e-01
3.307604193687438965e-01
3.307606279850006104e-01
3.307610750198364258e-01
3.307666480541229248e-01
3.308450877666473389e-01
3.307604491710662842e-01
3.307603895664215088e-01
3.307603895664215088e-01
3.307608962059020996e-01
3.307608366012573242e-01
3.307603299617767334e-01
3.307653665542602539e-01
3.307609558105468750e-01
3.306585550308227539e-01
3.307605087757110596e-01
3.308714628219604492e-01
3.307608664035797119e-01
3.309356272220611572e-01
3.307613134384155273e-01
3.307608962059020996e-01
3.307606875896453857e-01
3.307607769966125488e-01
3.307603299617767334e-01
3.307604789733886719e-01
3.307777047157287598e-01
3.307602107524871826e-01
3.307606875896453857e-01
3.307689130306243896e-01
3.307605981826782227e-01
3.307603895664215088e-01
3.307606875896453857e-01
3.307604491710662842e-01
3.307604491710662842e-01
3.307605981826782227e-01
3.307605087757110596e-01
3.307602107524871826e-01
3.307605981826782227e-01
3.307480514049530029e-01
3.309018313884735107e-01
3.307607173919677734e-01
3.307612538337707520e-01
3.307605087757110596e-01
3.307645022869110107e-01
3.307608366012573242e-01
3.307604193687438965e-01
3.307636380195617676e-01
3.307606577873229980e-01
3.305418491363525391e-01
3.307605683803558350e-01
3.307608366012573242e-01
3.307605087757110596e-01
3.307599127292633057e-01
3.307614326477050781e-01
3.307614326477050781e-01
3.307621479034423828e-01
3.311813771724700928e-01
3.307991027832031250e-01
3.307606279850006104e-01
3.307677209377288818e-01
3.307604193687438965e-01
3.307605683803558350e-01
3.308218121528625488e-01
3.308377265930175781e-01
3.310732543468475342e-01
3.307606279850006104e-01
3.307605087757110596e-01
3.308219015598297119e-01
3.309248089790344238e-01
3.307619392871856689e-01
3.307606577873229980e-01
3.307606279850006104e-01
3.307604789733886719e-01
3.307499289512634277e-01
