3.386353254318237305e-01
3.390630185604095459e-01
3.386430442333221436e-01
3.387905657291412354e-01
3.386417329311370850e-01
3.386471569538116455e-01
3.386534154415130615e-01
3.387063145637512207e-01
3.386539220809936523e-01
3.386563956737518311e-01
3.386482894420623779e-01
3.386839628219604492e-01
3.386640250682830811e-01
3.386549353599548340e-01
3.386476933956146240e-01
3.386736512184143066e-01
3.386347293853759766e-01
3.388474583625793457e-01
3.386366963386535645e-01
3.386578857898712158e-01
3.386431038379669189e-01
3.387520313262939453e-01
3.386365175247192383e-01
3.386386632919311523e-01
3.386475443840026855e-01
3.387212455272674561e-01
3.386676013469696045e-01
3.386584222316741943e-01
3.386788666248321533e-01
3.386848270893096924e-01
3.387442827224731445e-01
3.386534750461578369e-01
3.386651873588562012e-01
3.386453390121459961e-01
3.386451601982116699e-01
3.386425375938415527e-01
3.386361300945281982e-01
3.386899232864379883e-01
3.386783003807067871e-01
3.386660218238830566e-01
3.387204706668853760e-01
3.386481404304504395e-01
3.386355340480804443e-01
3.386353552341461182e-01
3.387557566165924072e-01
3.387002348899841309e-01
3.386454582214355469e-01
3.389561474323272705e-01
3.386383354663848877e-01
3.386780321598052979e-01
3.386602103710174561e-01
3.386400938034057617e-01
3.386827409267425537e-01
3.387162983417510986e-01
3.386476337909698486e-01
3.386594355106353760e-01
3.386565446853637695e-01
3.386396169662475586e-01
3.386386930942535400e-01
3.386554121971130371e-01
3.390058279037475586e-01
3.387126624584197998e-01
3.386916220188140869e-01
3.386325240135192871e-01
3.386351764202117920e-01
3.386337757110595703e-01
3.386423885822296143e-01
3.386372029781341553e-01
3.388179838657379150e-01
3.386970460414886475e-01
3.386293649673461914e-01
3.390258848667144775e-01
3.388346433639526367e-01
3.387877345085144043e-01
3.387000858783721924e-01
3.386397063732147217e-01
3.387215137481689453e-01
3.386475145816802979e-01
3.386389911174774170e-01
3.386341929435729980e-01
3.386382758617401123e-01
3.386457860469818115e-01
3.386431932449340820e-01
3.386528789997100830e-01
3.386419415473937988e-01
3.386473357677459717e-01
3.386345207691192627e-01
3.386504352092742920e-01
3.386354446411132812e-01
3.390336036682128906e-01
3.390249311923980713e-01
3.386414051055908203e-01
3.386336863040924072e-01
3.386421799659729004e-01
3.386366963386535645e-01
3.390885889530181885e-01
3.386903703212738037e-01
3.386335670948028564e-01
3.386331498622894287e-01
3.386966884136199951e-01
3.386587798595428467e-01
3.386467993259429932e-01
3.387228846549987793e-01
3.386536538600921631e-01
3.386863470077514648e-01
3.386635482311248779e-01
3.386600017547607422e-01
3.386805057525634766e-01
3.386621773242950439e-01
3.386648595333099365e-01
3.387639224529266357e-01
3.386369645595550537e-01
3.386413455009460449e-01
3.387494683265686035e-01
3.386446237564086914e-01
3.386453390121459961e-01
3.386381268501281738e-01
3.386531472206115723e-01
3.386341035366058350e-01
3.387393951416015625e-01
3.386506140232086182e-01
3.386404216289520264e-01
3.386382758617401123e-01
3.389613032341003418e-01
3.386356532573699951e-01
3.387601673603057861e-01
3.386376202106475830e-01
3.390250504016876221e-01
3.386709392070770264e-01
3.386396467685699463e-01
3.386573493480682373e-01
3.386412858963012695e-01
3.386378884315490723e-01
3.389410972595214844e-01
3.386362493038177490e-01
3.386620581150054932e-01
3.386422693729400635e-01
3.390344381332397461e-01
3.386509716510772705e-01
3.386393785476684570e-01
3.386727273464202881e-01
3.386691212654113770e-01
3.386565446853637695e-01
3.386592268943786621e-01
3.386808335781097412e-01
3.386444151401519775e-01
3.389711976051330566e-01
3.389671742916107178e-01
3.386946022510528564e-01
3.386660516262054443e-01
3.386352658271789551e-01
3.387050330638885498e-01
3.386495113372802734e-01
3.386510312557220459e-01
3.386655747890472412e-01
3.386791348457336426e-01
3.386621177196502686e-01
3.386383652687072754e-01
3.388870358467102051e-01
3.386464715003967285e-01
3.386488854885101318e-01
3.387061953544616699e-01
3.386723399162292480e-01
3.386438190937042236e-01
3.386355936527252197e-01
3.389547765254974365e-01
3.391023576259613037e-01
3.386599421501159668e-01
3.386427164077758789e-01
3.386587798595428467e-01
3.386362493038177490e-01
3.386319279670715332e-01
3.386403322219848633e-01
3.390689790248870850e-01
3.386356532573699951e-01
3.387792110443115234e-01
3.389228582382202148e-01
3.386570811271667480e-01
3.386507928371429443e-01
3.386541903018951416e-01
3.386693298816680908e-01
3.386635482311248779e-01
3.386522531509399414e-01
3.386629819869995117e-01
3.386707603931427002e-01
3.386411666870117188e-01
3.386476635932922363e-01
3.387192487716674805e-01
3.386415243148803711e-01
3.388926684856414795e-01
3.386364877223968506e-01
3.386521041393280029e-01
3.386883735656738281e-01
3.386389017105102539e-01
3.386487960815429688e-01
3.386557698249816895e-01
3.386484980583190918e-01
3.386968970298767090e-01
3.386497199535369873e-01
3.386790156364440918e-01
3.386323153972625732e-01
3.386971950531005859e-01
3.386565446853637695e-01
3.386484980583190918e-01
3.386470973491668701e-01
3.386431038379669189e-01
3.386500775814056396e-01
3.386237323284149170e-01
3.386563956737518311e-01
3.386458754539489746e-01
3.386341929435729980e-01
3.386440277099609375e-01
3.386739790439605713e-01
3.386554121971130371e-01
3.386449813842773438e-01
3.386479616165161133e-01
3.386869132518768311e-01
3.386504352092742920e-01
3.386437892913818359e-01
3.386633694171905518e-01
3.386440873146057129e-01
3.386562168598175049e-01
3.386384844779968262e-01
3.387552201747894287e-01
3.386584818363189697e-01
3.386332094669342041e-01
3.388809859752655029e-01
3.387588858604431152e-01
3.386436402797698975e-01
3.386560678482055664e-01
3.387479484081268311e-01
3.386405706405639648e-01
3.386416733264923096e-01
3.389578759670257568e-01
3.386302292346954346e-01
3.386378586292266846e-01
3.386494815349578857e-01
3.386408984661102295e-01
3.386664092540740967e-01
3.386583626270294189e-01
3.386734426021575928e-01
3.387137651443481445e-01
3.387255966663360596e-01
3.389320969581604004e-01
3.386929035186767578e-01
3.388436734676361084e-01
3.386499881744384766e-01
3.386509716510772705e-01
3.386459350585937500e-01
3.386710286140441895e-01
3.386708498001098633e-01
3.386628031730651855e-01
3.386394977569580078e-01
3.386438190937042236e-01
3.386365771293640137e-01
3.386504650115966797e-01
3.386976718902587891e-01
3.387131094932556152e-01
3.387728929519653320e-01
3.388409316539764404e-01
3.386400938034057617e-01
3.386367261409759521e-01
3.386610448360443115e-01
3.386369049549102783e-01
3.389968872070312500e-01
3.386999666690826416e-01
3.386407196521759033e-01
3.386636972427368164e-01
3.386294543743133545e-01
3.386428058147430420e-01
3.386437892913818359e-01
3.386614024639129639e-01
3.388322591781616211e-01
3.386961519718170166e-01
3.389664292335510254e-01
3.386500775814056396e-01
3.390620946884155273e-01
3.386468589305877686e-01
3.386349380016326904e-01
3.386458158493041992e-01
3.386428654193878174e-01
3.386519551277160645e-01
3.388653099536895752e-01
3.391908109188079834e-01
3.386649787425994873e-01
3.386756777763366699e-01
3.386334180831909180e-01
3.387205302715301514e-01
3.386633396148681641e-01
3.386670053005218506e-01
3.386656939983367920e-01
3.386713564395904541e-01
3.387227356433868408e-01
3.388210237026214600e-01
3.386588394641876221e-01
3.386380076408386230e-01
3.388889133930206299e-01
3.387252986431121826e-01
3.386414349079132080e-01
3.386391699314117432e-01
3.386372625827789307e-01
3.386646807193756104e-01
3.386553525924682617e-01
3.386489450931549072e-01
3.387149870395660400e-01
3.386360108852386475e-01
3.386720120906829834e-01
3.388037681579589844e-01
3.386348485946655273e-01
3.386594355106353760e-01
3.386337459087371826e-01
3.386550247669219971e-01
3.386424779891967773e-01
3.386478424072265625e-01
3.386371731758117676e-01
3.389856517314910889e-01
3.386375606060028076e-01
3.386376798152923584e-01
3.386389613151550293e-01
3.386490046977996826e-01
3.386528789997100830e-01
3.388085961341857910e-01
3.386650681495666504e-01
3.386391699314117432e-01
3.389667868614196777e-01
3.386433720588684082e-01
3.386368155479431152e-01
3.386795818805694580e-01
3.386778235435485840e-01
3.386429846286773682e-01
3.386353254318237305e-01
3.387328386306762695e-01
3.386395275592803955e-01
3.386735022068023682e-01
3.390504121780395508e-01
3.386867344379425049e-01
3.386402428150177002e-01
3.386362791061401367e-01
3.386721312999725342e-01
3.390823900699615479e-01
3.386437892913818359e-01
3.389898240566253662e-01
3.387065827846527100e-01
3.386542797088623047e-01
3.386381864547729492e-01
3.386377990245819092e-01
3.386420011520385742e-01
3.386405110359191895e-01
3.388652801513671875e-01
3.388177752494812012e-01
3.386604487895965576e-01
3.386352062225341797e-01
3.386324942111968994e-01
3.386420011520385742e-01
3.386391699314117432e-01
3.386406302452087402e-01
3.386511206626892090e-01
3.386623561382293701e-01
3.387839198112487793e-01
3.386444151401519775e-01
3.386606574058532715e-01
3.386709392070770264e-01
3.387368321418762207e-01
3.386577367782592773e-01
3.386398553848266602e-01
3.387014567852020264e-01
3.387715816497802734e-01
3.386361598968505859e-01
3.389562666416168213e-01
3.386391401290893555e-01
3.387642800807952881e-01
3.386892676353454590e-01
3.386436998844146729e-01
3.386627435684204102e-01
3.386453986167907715e-01
3.386353254318237305e-01
3.388533592224121094e-01
3.386492133140563965e-01
3.386421501636505127e-01
3.386339545249938965e-01
3.386381864547729492e-01
3.386406302452087402e-01
3.386322855949401855e-01
3.386398255825042725e-01
3.386456072330474854e-01
3.386562764644622803e-01
3.386910259723663330e-01
3.386581242084503174e-01
3.387690186500549316e-01
3.390614986419677734e-01
3.386397063732147217e-01
3.386357128620147705e-01
3.386349976062774658e-01
3.386452198028564453e-01
3.386449813842773438e-01
3.388002812862396240e-01
3.386448919773101807e-01
3.386390507221221924e-01
3.386586010456085205e-01
3.387088775634765625e-01
3.386571407318115234e-01
3.386361896991729736e-01
3.386486768722534180e-01
3.386489450931549072e-01
3.386733233928680420e-01
3.387752175331115723e-01
3.386343419551849365e-01
3.387505114078521729e-01
3.386729657649993896e-01
3.388547897338867188e-01
3.386369645595550537e-01
3.386322259902954102e-01
3.390825390815734863e-01
3.386670649051666260e-01
3.386368155479431152e-01
3.386345505714416504e-01
3.389012217521667480e-01
3.386574089527130127e-01
3.386354446411132812e-01
3.386493325233459473e-01
3.386376798152923584e-01
3.386381864547729492e-01
3.389407694339752197e-01
3.386609852313995361e-01
3.386511802673339844e-01
3.388248980045318604e-01
3.386377990245819092e-01
3.387707471847534180e-01
3.387862443923950195e-01
3.386373519897460938e-01
3.386411666870117188e-01
3.386583924293518066e-01
3.387268185615539551e-01
3.386473059654235840e-01
3.386465311050415039e-01
3.386589586734771729e-01
3.386381864547729492e-01
3.387971520423889160e-01
3.387184441089630127e-01
3.386678397655487061e-01
3.391444683074951172e-01
3.388261497020721436e-01
3.386408686637878418e-01
3.388206362724304199e-01
3.386526107788085938e-01
3.386593759059906006e-01
3.386566638946533203e-01
3.387080430984497070e-01
3.386390507221221924e-01
3.386388719081878662e-01
3.389664292335510254e-01
3.386799693107604980e-01
3.389605283737182617e-01
3.386375308036804199e-01
3.386355340480804443e-01
3.390009701251983643e-01
3.389322459697723389e-01
3.389403820037841797e-01
3.386416733264923096e-01
3.387215137481689453e-01
3.386692404747009277e-01
3.386357724666595459e-01
3.386363983154296875e-01
3.386515676975250244e-01
3.386473655700683594e-01
3.386728167533874512e-01
3.391077816486358643e-01
3.386314511299133301e-01
3.386384248733520508e-01
3.387042880058288574e-01
3.386680185794830322e-01
3.386574685573577881e-01
3.386815488338470459e-01
3.386574685573577881e-01
3.386439085006713867e-01
3.386935889720916748e-01
3.386496007442474365e-01
3.386387526988983154e-01
3.386507630348205566e-01
3.386597931385040283e-01
3.386458158493041992e-01
3.391110002994537354e-01
3.386342823505401611e-01
3.387116789817810059e-01
3.386260867118835449e-01
3.386432826519012451e-01
3.386973440647125244e-01
3.386342227458953857e-01
3.386383950710296631e-01
3.386346697807312012e-01
3.386375308036804199e-01
3.387750089168548584e-01
3.386365175247192383e-01
3.386359214782714844e-01
3.388687670230865479e-01
3.386368155479431152e-01
3.386403620243072510e-01
3.386299610137939453e-01
3.386403322219848633e-01
3.386414051055908203e-01
3.386411368846893311e-01
3.386368453502655029e-01
3.386573791503906250e-01
3.386368453502655029e-01
3.390244543552398682e-01
3.386400938034057617e-01
3.389893174171447754e-01
3.388074338436126709e-01
3.386366367340087891e-01
3.386359512805938721e-01
3.387411832809448242e-01
3.386501371860504150e-01
3.387703299522399902e-01
3.386524021625518799e-01
3.392040431499481201e-01
3.386391401290893555e-01
3.386364877223968506e-01
3.386341333389282227e-01
3.387028276920318604e-01
3.386446833610534668e-01
3.386755883693695068e-01
3.386664986610412598e-01
3.386940062046051025e-01
3.386426568031311035e-01
3.386442363262176514e-01
3.386364877223968506e-01
3.386723101139068604e-01
3.386463820934295654e-01
3.386376202106475830e-01
3.386380672454833984e-01
3.386395275592803955e-01
3.386674225330352783e-01
3.386408984661102295e-01
3.386538624763488770e-01
3.387315869331359863e-01
3.386361300945281982e-01
3.386455774307250977e-01
3.387926220893859863e-01
3.386470079421997070e-01
3.386527597904205322e-01
3.386581838130950928e-01
3.386562764644622803e-01
3.386540710926055908e-01
3.389349281787872314e-01
3.389002382755279541e-01
3.386462032794952393e-01
3.386440575122833252e-01
3.386931419372558594e-01
3.386875092983245850e-01
3.387627899646759033e-01
3.386396765708923340e-01
3.386445939540863037e-01
3.388696312904357910e-01
3.386372923851013184e-01
3.386347889900207520e-01
3.386517763137817383e-01
3.386641442775726318e-01
3.386382162570953369e-01
3.386397659778594971e-01
3.386712074279785156e-01
3.386352956295013428e-01
3.386405706405639648e-01
3.386448323726654053e-01
3.386503756046295166e-01
3.386372625827789307e-01
3.386567533016204834e-01
3.386474251747131348e-01
3.387784659862518311e-01
3.387038111686706543e-01
3.386570811271667480e-01
3.386362493038177490e-01
3.386355340480804443e-01
3.386438190937042236e-01
3.386394381523132324e-01
3.386421203613281250e-01
3.386340737342834473e-01
3.386770486831665039e-01
3.387117683887481689e-01
3.390617072582244873e-01
3.386304974555969238e-01
3.387040793895721436e-01
3.386297523975372314e-01
3.386799693107604980e-01
3.386382758617401123e-01
3.386381864547729492e-01
3.386452198028564453e-01
3.386783599853515625e-01
3.386330902576446533e-01
3.386932611465454102e-01
3.389764130115509033e-01
3.388728499412536621e-01
3.386716842651367188e-01
3.387813866138458252e-01
3.386417329311370850e-01
3.386322557926177979e-01
3.386505842208862305e-01
3.386363089084625244e-01
3.386535048484802246e-01
3.386470973491668701e-01
3.388294875621795654e-01
3.387544453144073486e-01
3.386458754539489746e-01
3.386380076408386230e-01
3.386329710483551025e-01
3.386501371860504150e-01
3.386328220367431641e-01
3.386385440826416016e-01
3.386419713497161865e-01
3.386583030223846436e-01
3.386360704898834229e-01
3.386549651622772217e-01
3.386361598968505859e-01
3.389926552772521973e-01
3.386524021625518799e-01
3.386470079421997070e-01
3.386619091033935547e-01
3.387139737606048584e-01
3.386385738849639893e-01
3.387055099010467529e-01
3.389706909656524658e-01
3.387324213981628418e-01
3.386478424072265625e-01
3.386442959308624268e-01
3.389376997947692871e-01
3.386494517326354980e-01
3.386525213718414307e-01
3.386723101139068604e-01
3.388762772083282471e-01
3.386664986610412598e-01
3.389984071254730225e-01
3.391349911689758301e-01
3.386639952659606934e-01
3.386334776878356934e-01
3.386525511741638184e-01
3.386645317077636719e-01
3.391322195529937744e-01
3.390429317951202393e-01
3.386359810829162598e-01
3.386455476284027100e-01
3.386386036872863770e-01
3.386342227458953857e-01
3.386586904525756836e-01
3.386362195014953613e-01
3.386656939983367920e-01
3.389201760292053223e-01
3.387777209281921387e-01
3.390446603298187256e-01
3.386380672454833984e-01
3.386529684066772461e-01
3.386725783348083496e-01
3.386482298374176025e-01
3.386359810829162598e-01
3.386760056018829346e-01
3.386822640895843506e-01
3.386596739292144775e-01
3.386529982089996338e-01
3.386335372924804688e-01
3.386430442333221436e-01
3.386387228965759277e-01
3.387168049812316895e-01
3.386618494987487793e-01
3.386441767215728760e-01
3.386537432670593262e-01
3.386369645595550537e-01
3.386416733264923096e-01
3.386772274971008301e-01
3.388120532035827637e-01
3.389424085617065430e-01
3.388401269912719727e-01
3.386886417865753174e-01
3.387865424156188965e-01
3.387225568294525146e-01
3.386526703834533691e-01
3.386672735214233398e-01
3.386375308036804199e-01
3.387060463428497314e-01
3.386385440826416016e-01
3.386377990245819092e-01
3.389402329921722412e-01
3.386430442333221436e-01
3.386433720588684082e-01
3.386324942111968994e-01
3.386449217796325684e-01
3.386443853378295898e-01
3.387075364589691162e-01
3.386554121971130371e-01
3.386348485946655273e-01
3.386401534080505371e-01
3.386735618114471436e-01
3.386366665363311768e-01
3.386546373367309570e-01
3.386414945125579834e-01
3.386418223381042480e-01
3.386392593383789062e-01
3.386379182338714600e-01
3.386412858963012695e-01
3.386576473712921143e-01
3.389617800712585449e-01
3.386882245540618896e-01
3.386465907096862793e-01
3.386385738849639893e-01
3.386954963207244873e-01
3.386390805244445801e-01
3.386509418487548828e-01
3.386374115943908691e-01
3.386532068252563477e-01
3.386421501636505127e-01
3.387812674045562744e-01
3.386321067810058594e-01
3.386311531066894531e-01
3.386335968971252441e-01
3.386826217174530029e-01
3.388840258121490479e-01
3.386406302452087402e-01
3.386247754096984863e-01
3.386706411838531494e-01
3.386557400226593018e-01
3.388070464134216309e-01
3.386980593204498291e-01
3.386380076408386230e-01
3.388202488422393799e-01
3.386749625205993652e-01
3.386399745941162109e-01
3.386400043964385986e-01
3.386429846286773682e-01
3.386824727058410645e-01
3.389224410057067871e-01
3.386918306350708008e-01
3.386408090591430664e-01
3.386373817920684814e-01
3.388716578483581543e-01
3.386401534080505371e-01
3.386541306972503662e-01
3.386777341365814209e-01
3.386439085006713867e-01
3.389081656932830811e-01
3.386799097061157227e-01
3.386436402797698975e-01
3.386353850364685059e-01
3.386830687522888184e-01
3.386423289775848389e-01
3.386401236057281494e-01
3.386375904083251953e-01
3.389949500560760498e-01
3.391111493110656738e-01
3.387309312820434570e-01
3.386383354663848877e-01
3.386539816856384277e-01
3.388087451457977295e-01
3.386645615100860596e-01
3.390244543552398682e-01
3.388999700546264648e-01
3.386454880237579346e-01
3.386403024196624756e-01
3.386377394199371338e-01
3.388280272483825684e-01
3.386597037315368652e-01
3.390907645225524902e-01
3.386409878730773926e-01
3.390884101390838623e-01
3.386454582214355469e-01
3.386371433734893799e-01
3.387043476104736328e-01
3.386374413967132568e-01
3.386527299880981445e-01
3.386488258838653564e-01
3.386474847793579102e-01
3.386405110359191895e-01
3.388838768005371094e-01
3.390357494354248047e-01
3.386332988739013672e-01
3.386400043964385986e-01
3.386408090591430664e-01
3.386450111865997314e-01
3.386571407318115234e-01
3.388311564922332764e-01
3.386411368846893311e-01
3.386445939540863037e-01
3.386572301387786865e-01
3.390652537345886230e-01
3.386374413967132568e-01
3.386498391628265381e-01
3.386958241462707520e-01
3.386444151401519775e-01
3.386467993259429932e-01
3.387690782546997070e-01
3.390327692031860352e-01
3.386558294296264648e-01
3.389836251735687256e-01
3.386444747447967529e-01
3.388021588325500488e-01
3.387008607387542725e-01
3.386384844779968262e-01
3.386455774307250977e-01
3.386650681495666504e-01
3.386368155479431152e-01
3.386451601982116699e-01
3.386457264423370361e-01
3.386535346508026123e-01
3.386438190937042236e-01
3.387763500213623047e-01
3.391442298889160156e-01
3.386353254318237305e-01
3.386656343936920166e-01
3.386343419551849365e-01
3.386431634426116943e-01
3.387121558189392090e-01
3.386293649673461914e-01
3.389287590980529785e-01
3.386391699314117432e-01
3.386342823505401611e-01
3.387946784496307373e-01
3.386394381523132324e-01
3.386367261409759521e-01
3.386971354484558105e-01
3.386445641517639160e-01
3.386469781398773193e-01
3.387078642845153809e-01
3.386354148387908936e-01
3.386354446411132812e-01
3.386565446853637695e-01
3.386384844779968262e-01
3.391889929771423340e-01
3.387055993080139160e-01
3.386422395706176758e-01
3.386534750461578369e-01
3.387090563774108887e-01
3.386377692222595215e-01
3.386452198028564453e-01
3.386376202106475830e-01
3.386325836181640625e-01
3.387661576271057129e-01
3.386343419551849365e-01
3.391481041908264160e-01
3.386553525924682617e-01
3.388454914093017578e-01
3.388453125953674316e-01
3.386322259902954102e-01
3.389547169208526611e-01
3.386369049549102783e-01
3.389296233654022217e-01
3.389221131801605225e-01
3.386493921279907227e-01
3.386565446853637695e-01
3.386611342430114746e-01
3.386540710926055908e-01
3.386349081993103027e-01
3.386493921279907227e-01
3.386475741863250732e-01
3.386392593383789062e-01
3.387390375137329102e-01
3.389077186584472656e-01
3.386391401290893555e-01
3.386461436748504639e-01
3.386450707912445068e-01
3.386506140232086182e-01
3.387669324874877930e-01
3.386458158493041992e-01
3.386356532573699951e-01
3.387563228607177734e-01
3.386534750461578369e-01
3.386418819427490234e-01
3.386543691158294678e-01
3.390200138092041016e-01
3.386463820934295654e-01
3.386364877223968506e-01
3.387933075428009033e-01
3.386352062225341797e-01
3.386408984661102295e-01
3.387170433998107910e-01
3.386891782283782959e-01
3.390453159809112549e-01
3.390349745750427246e-01
3.386461436748504639e-01
3.386366963386535645e-01
3.386294245719909668e-01
3.388648033142089844e-01
3.389236330986022949e-01
3.387875854969024658e-01
3.386391401290893555e-01
3.386372029781341553e-01
3.387467563152313232e-01
3.386862576007843018e-01
3.387588858604431152e-01
3.391351699829101562e-01
3.386525511741638184e-01
3.386804163455963135e-01
3.386910557746887207e-01
3.387137055397033691e-01
3.386279940605163574e-01
3.386629521846771240e-01
3.386351168155670166e-01
3.386768996715545654e-01
3.386330306529998779e-01
3.386446237564086914e-01
3.386360704898834229e-01
3.386649787425994873e-01
3.386557698249816895e-01
3.386294543743133545e-01
3.386444747447967529e-01
3.386406302452087402e-01
3.386391699314117432e-01
3.386392593383789062e-01
3.389097750186920166e-01
3.386662304401397705e-01
3.387410342693328857e-01
3.386555016040802002e-01
3.386327624320983887e-01
3.386340737342834473e-01
3.386381268501281738e-01
3.386557996273040771e-01
3.386650383472442627e-01
3.386322855949401855e-01
3.386624455451965332e-01
3.386417925357818604e-01
3.387745916843414307e-01
3.386590480804443359e-01
3.386367857456207275e-01
3.386376798152923584e-01
3.386420607566833496e-01
3.386592566967010498e-01
3.386769890785217285e-01
3.386699855327606201e-01
3.387458622455596924e-01
3.387239873409271240e-01
3.391004502773284912e-01
3.387149274349212646e-01
3.386355042457580566e-01
3.386426270008087158e-01
3.386506736278533936e-01
3.386887013912200928e-01
3.388164043426513672e-01
3.386420011520385742e-01
3.386380076408386230e-01
3.386450707912445068e-01
3.386808931827545166e-01
3.386479020118713379e-01
3.386546075344085693e-01
3.386720120906829834e-01
3.386455476284027100e-01
3.388470113277435303e-01
3.386347293853759766e-01
3.389822244644165039e-01
3.386528193950653076e-01
3.389994502067565918e-01
3.386614918708801270e-01
3.386653661727905273e-01
3.386428058147430420e-01
3.386492133140563965e-01
3.386374711990356445e-01
3.386390507221221924e-01
3.387399613857269287e-01
3.386464715003967285e-01
3.386474251747131348e-01
3.387066423892974854e-01
3.386408388614654541e-01
3.386400341987609863e-01
3.386405706405639648e-01
3.386362195014953613e-01
3.386400341987609863e-01
3.386498689651489258e-01
3.386479020118713379e-01
3.386556804180145264e-01
3.386386632919311523e-01
3.389380872249603271e-01
3.388576805591583252e-01
3.386507928371429443e-01
3.386507928371429443e-01
3.386372625827789307e-01
3.386769294738769531e-01
3.386482894420623779e-01
3.386336266994476318e-01
3.386837244033813477e-01
3.386361300945281982e-01
3.388795256614685059e-01
3.386421203613281250e-01
3.386583924293518066e-01
3.386368453502655029e-01
3.386318981647491455e-01
3.386503756046295166e-01
3.386728465557098389e-01
3.386676013469696045e-01
3.390965461730957031e-01
3.388838768005371094e-01
3.386447429656982422e-01
3.387010693550109863e-01
3.386375308036804199e-01
3.386374711990356445e-01
3.387921154499053955e-01
3.388932347297668457e-01
3.390217125415802002e-01
3.386299908161163330e-01
3.386439979076385498e-01
3.388305306434631348e-01
3.387546539306640625e-01
3.386629521846771240e-01
3.386464715003967285e-01
3.386448919773101807e-01
3.386334180831909180e-01
3.387172520160675049e-01
