2.782943472266197205e-02
8.392407298088073730e-01
3.510012477636337280e-02
8.336848020553588867e-01
9.496357291936874390e-02
3.831205517053604126e-02
4.987577199935913086e-01
2.006158679723739624e-01
8.282039761543273926e-01
5.794906243681907654e-02
3.172151744365692139e-01
2.773977518081665039e-01
8.316979408264160156e-01
4.352285861968994141e-01
2.028346061706542969e-01
1.962742060422897339e-01
4.532904177904129028e-02
5.294212102890014648e-01
8.284677267074584961e-01
4.406224787235260010e-01
6.373419761657714844e-01
7.943310141563415527e-01
3.399273008108139038e-02
2.936246059834957123e-02
2.031531035900115967e-01
3.129397705197334290e-02
8.112447857856750488e-01
1.932194977998733521e-01
4.638181626796722412e-01
4.125477075576782227e-01
2.398558408021926880e-01
2.677597850561141968e-02
8.152424097061157227e-01
3.065192885696887970e-02
4.585667848587036133e-01
8.597031235694885254e-02
3.071206808090209961e-01
3.892664983868598938e-02
3.574065566062927246e-01
8.368700742721557617e-01
8.307478576898574829e-02
5.228381603956222534e-02
3.154932707548141479e-02
2.850766107439994812e-02
2.847737446427345276e-02
4.128349944949150085e-02
5.160227417945861816e-01
4.242101311683654785e-01
2.759578078985214233e-02
8.308136463165283203e-01
3.115041367709636688e-02
2.754054963588714600e-02
8.964558690786361694e-02
3.957095146179199219e-01
3.971283882856369019e-02
3.197837248444557190e-02
8.238838911056518555e-01
3.132459521293640137e-02
3.662038221955299377e-02
8.085858076810836792e-02
1.378974914550781250e-01
1.842287927865982056e-01
1.926979720592498779e-01
3.204818069934844971e-02
3.100648336112499237e-02
3.832454979419708252e-02
3.220989555120468140e-02
6.828709691762924194e-02
4.742724299430847168e-01
1.335396468639373779e-01
2.749511785805225372e-02
6.759936213493347168e-01
3.032767176628112793e-01
3.567047044634819031e-02
1.910536289215087891e-01
3.428190946578979492e-02
2.736597135663032532e-02
2.693228609859943390e-02
4.143907129764556885e-02
3.295944631099700928e-02
8.348440527915954590e-01
7.369508743286132812e-01
8.125161528587341309e-01
6.127563714981079102e-01
8.335299491882324219e-01
7.279332280158996582e-01
3.533556684851646423e-02
4.405419155955314636e-02
7.713460326194763184e-01
8.911864459514617920e-02
5.024448037147521973e-01
2.909023128449916840e-02
3.190216794610023499e-02
4.793105125427246094e-01
5.230674147605895996e-01
4.735448360443115234e-01
4.566369950771331787e-01
8.305563330650329590e-01
3.210150450468063354e-02
2.730000019073486328e-02
6.261042952537536621e-01
5.593488365411758423e-02
4.468832910060882568e-01
1.099493578076362610e-01
2.917576134204864502e-01
3.276841714978218079e-02
3.798884153366088867e-02
6.068058013916015625e-01
4.418852031230926514e-01
4.879171848297119141e-01
2.403505444526672363e-01
2.898058481514453888e-02
2.906678430736064911e-02
8.359386920928955078e-01
7.402569800615310669e-02
3.381877392530441284e-02
7.796624302864074707e-01
2.779816649854183197e-02
3.756231442093849182e-02
8.123179078102111816e-01
2.697596326470375061e-02
3.741445019841194153e-02
5.242354795336723328e-02
3.822191357612609863e-01
8.241922259330749512e-01
6.752530485391616821e-02
2.810118719935417175e-02
7.517462968826293945e-02
2.875385433435440063e-02
2.920864149928092957e-02
8.220864534378051758e-01
5.299792438745498657e-02
8.160356879234313965e-01
1.522585898637771606e-01
3.998996913433074951e-01
4.779848754405975342e-01
8.137283325195312500e-01
1.230540722608566284e-01
4.381182491779327393e-01
2.862313948571681976e-02
8.117092251777648926e-01
8.021984696388244629e-01
6.666483283042907715e-01
3.255411386489868164e-01
2.784399986267089844e-01
3.043221682310104370e-02
4.206502139568328857e-01
7.269068360328674316e-01
7.225024104118347168e-01
4.669039323925971985e-02
2.938988991081714630e-02
7.263249903917312622e-02
2.987990155816078186e-02
3.588968142867088318e-02
4.210026189684867859e-02
3.371100127696990967e-02
3.585425019264221191e-01
3.026032149791717529e-01
4.490311145782470703e-01
8.156746029853820801e-01
4.249547123908996582e-01
8.164081573486328125e-01
2.955876104533672333e-02
2.071346491575241089e-01
8.111530542373657227e-01
2.252758592367172241e-01
2.152465581893920898e-01
3.296840786933898926e-01
3.311679884791374207e-02
2.706536650657653809e-01
3.391192480921745300e-02
3.086934238672256470e-02
3.384127020835876465e-01
7.733730673789978027e-01
3.214341402053833008e-02
8.231163024902343750e-01
3.048559725284576416e-01
2.814750373363494873e-02
8.331235647201538086e-01
1.071741878986358643e-01
7.339882850646972656e-02
3.800234943628311157e-02
3.683976083993911743e-02
2.182417809963226318e-01
1.340723335742950439e-01
3.545165807008743286e-02
9.812627732753753662e-02
4.520574212074279785e-01
3.671505153179168701e-01
3.209611177444458008e-01
4.038384929299354553e-02
8.083381056785583496e-01
1.641509830951690674e-01
6.784033179283142090e-01
1.602802574634552002e-01
7.197598218917846680e-01
2.791138179600238800e-02
1.627361923456192017e-01
3.613134324550628662e-01
2.712980285286903381e-02
2.775324322283267975e-02
3.945664316415786743e-02
8.131097555160522461e-01
2.284823060035705566e-01
8.101949095726013184e-01
8.304994106292724609e-01
5.539425611495971680e-01
3.664672747254371643e-02
8.386683464050292969e-01
3.775758296251296997e-02
2.723349928855895996e-01
2.682534232735633850e-02
1.706525832414627075e-01
6.964282989501953125e-01
9.500294178724288940e-02
2.851256169378757477e-02
8.181212544441223145e-01
5.951278805732727051e-01
7.661281824111938477e-01
3.404891863465309143e-02
8.208633661270141602e-01
8.384926915168762207e-01
3.432129919528961182e-01
6.635797023773193359e-02
5.602037906646728516e-02
3.656952455639839172e-02
5.516971945762634277e-01
7.766798138618469238e-01
5.537565425038337708e-02
3.942799866199493408e-01
6.120901107788085938e-01
8.361312747001647949e-01
3.473695740103721619e-02
7.853417992591857910e-01
8.375322222709655762e-01
1.606819182634353638e-01
4.349434375762939453e-01
8.354805111885070801e-01
1.305287480354309082e-01
3.695683777332305908e-01
8.102031350135803223e-01
1.762626767158508301e-01
7.453796267509460449e-01
3.677910193800926208e-02
3.004543185234069824e-01
3.384879231452941895e-01
3.445163741707801819e-02
8.384650349617004395e-01
3.222846984863281250e-02
7.861310839653015137e-01
1.567784696817398071e-01
1.307186782360076904e-01
3.049228526651859283e-02
3.060131147503852844e-02
4.690908640623092651e-02
5.775893479585647583e-02
3.305748403072357178e-01
8.285157680511474609e-01
1.022223383188247681e-01
8.197624683380126953e-01
2.790226414799690247e-02
5.762578248977661133e-01
5.505269169807434082e-01
2.962619997560977936e-02
6.695082038640975952e-02
5.216625332832336426e-01
4.254776984453201294e-02
1.423235237598419189e-01
2.826835587620735168e-02
6.141515970230102539e-01
8.226290941238403320e-01
8.030209541320800781e-01
2.538782656192779541e-01
1.363897025585174561e-01
7.584357261657714844e-01
5.098576098680496216e-02
7.143710851669311523e-01
6.947753578424453735e-02
7.821680307388305664e-01
3.698685392737388611e-02
1.191120743751525879e-01
8.081460595130920410e-01
1.854217201471328735e-01
3.364808261394500732e-01
3.523877859115600586e-01
2.815123200416564941e-01
2.955000102519989014e-02
3.588040173053741455e-02
4.947739839553833008e-01
6.941223889589309692e-02
9.164673835039138794e-02
6.702275872230529785e-01
7.904671430587768555e-01
3.508248627185821533e-01
8.411258459091186523e-02
2.740155905485153198e-02
1.786107271909713745e-01
8.236632347106933594e-01
1.877555251121520996e-01
2.938645891845226288e-02
8.282853364944458008e-01
5.309805870056152344e-01
5.375775694847106934e-01
4.074163734912872314e-02
3.853616118431091309e-02
3.054698184132575989e-02
1.099394187331199646e-01
7.812206745147705078e-01
8.236523270606994629e-01
7.734137773513793945e-01
3.583370745182037354e-01
5.643739551305770874e-02
1.162132620811462402e-01
2.441787272691726685e-01
4.423432052135467529e-01
2.257033437490463257e-01
8.259493112564086914e-01
7.897785305976867676e-01
1.692778170108795166e-01
8.225898444652557373e-02
3.438891470432281494e-01
2.440282553434371948e-01
4.279088973999023438e-01
8.365649580955505371e-01
8.639527857303619385e-02
5.453972816467285156e-01
5.265110731124877930e-02
3.805159032344818115e-02
3.287959098815917969e-02
3.102678805589675903e-02
2.754031121730804443e-02
1.527026593685150146e-01
1.877365559339523315e-01
4.852244630455970764e-02
3.108546137809753418e-01
8.166859745979309082e-01
2.314633578062057495e-01
2.762898430228233337e-02
6.396175175905227661e-02
2.582049667835235596e-01
3.018837422132492065e-02
2.910986244678497314e-01
7.069193720817565918e-01
2.748424112796783447e-01
8.138863444328308105e-01
3.030255436897277832e-02
5.553896725177764893e-02
6.036902070045471191e-01
1.076518297195434570e-01
7.887285351753234863e-01
4.994834214448928833e-02
2.901023253798484802e-02
2.893407829105854034e-02
6.932615488767623901e-02
5.074723958969116211e-01
3.743315488100051880e-02
6.242632865905761719e-01
3.751865029335021973e-02
3.501374647021293640e-02
3.507492840290069580e-01
3.350859880447387695e-02
4.162414968013763428e-01
1.906573623418807983e-01
3.699946403503417969e-02
7.290613055229187012e-01
1.814152747392654419e-01
3.739095926284790039e-01
8.294213414192199707e-01
2.782741189002990723e-01
2.360740005970001221e-01
4.941984713077545166e-01
3.946594893932342529e-02
4.072387516498565674e-02
8.247854560613632202e-02
3.836032003164291382e-02
3.221975266933441162e-02
1.238239333033561707e-01
3.178747743368148804e-02
8.306159973144531250e-01
3.403265401721000671e-02
3.245101496577262878e-02
2.752680703997612000e-02
8.383269309997558594e-01
4.455802440643310547e-01
1.560328304767608643e-01
1.182792261242866516e-01
3.535905480384826660e-01
3.341795206069946289e-01
1.828725934028625488e-01
3.745322227478027344e-01
2.712887339293956757e-02
3.092028945684432983e-02
3.334676846861839294e-02
2.778705582022666931e-02
5.595884472131729126e-02
5.205916613340377808e-02
8.040835261344909668e-01
3.366853296756744385e-01
7.662554979324340820e-01
7.213076204061508179e-02
2.522602379322052002e-01
3.083658218383789062e-02
7.971030473709106445e-01
6.135905981063842773e-01
8.171657323837280273e-01
9.116389155387878418e-01
2.559932172298431396e-01
4.542994201183319092e-01
1.837324500083923340e-01
3.675200790166854858e-02
2.958631329238414764e-02
2.837670780718326569e-02
3.767388463020324707e-01
4.285053312778472900e-01
7.502071261405944824e-01
2.904873713850975037e-02
3.512174785137176514e-01
1.346264481544494629e-01
2.911693044006824493e-02
2.985868602991104126e-02
3.053540363907814026e-02
5.419778823852539062e-01
5.942649841308593750e-01
2.679202519357204437e-02
5.762455239892005920e-02
3.615379929542541504e-01
3.026449121534824371e-02
9.151222556829452515e-02
2.656637430191040039e-01
9.142887592315673828e-02
1.223840340971946716e-01
3.353469073772430420e-01
8.231736421585083008e-01
6.375339627265930176e-01
4.083938151597976685e-02
8.892145007848739624e-02
3.635285198688507080e-01
7.612928748130798340e-02
5.664721131324768066e-01
3.725436925888061523e-01
7.258059829473495483e-02
3.399243205785751343e-02
3.624365851283073425e-02
6.270396113395690918e-01
2.806625887751579285e-02
1.187738031148910522e-01
2.685775421559810638e-02
8.068744540214538574e-01
4.244262725114822388e-02
2.801987528800964355e-02
3.765515089035034180e-01
7.584094405174255371e-01
4.472946524620056152e-01
2.778263017535209656e-02
3.166310861706733704e-02
3.423420190811157227e-01
3.835925757884979248e-01
1.399704962968826294e-01
3.060497157275676727e-02
2.825922667980194092e-01
4.344782531261444092e-01
8.295600861310958862e-02
3.367839753627777100e-02
1.233713775873184204e-01
2.868194878101348877e-02
2.805520035326480865e-02
8.708608150482177734e-01
7.430353760719299316e-02
9.037017822265625000e-02
8.366430997848510742e-01
5.338367447257041931e-02
4.777694344520568848e-01
4.114700108766555786e-02
8.227230906486511230e-01
3.812569975852966309e-01
2.886341512203216553e-02
8.122009634971618652e-01
8.282981514930725098e-01
3.155507445335388184e-01
2.669419907033443451e-02
4.916442930698394775e-01
1.982636749744415283e-01
5.087311938405036926e-02
6.749823689460754395e-01
2.952477708458900452e-02
5.313001945614814758e-02
3.998668491840362549e-01
5.242921784520149231e-02
6.846930086612701416e-02
3.493499159812927246e-01
3.054077550768852234e-02
7.831018567085266113e-01
4.249518737196922302e-02
7.857062816619873047e-01
2.237429618835449219e-01
1.822340041399002075e-01
2.201860547065734863e-01
1.619933694601058960e-01
5.223850533366203308e-02
6.014376506209373474e-02
7.901554107666015625e-01
5.971883237361907959e-02
3.717857226729393005e-02
8.343132138252258301e-01
2.387511134147644043e-01
2.874934114515781403e-02
5.250225067138671875e-01
4.073791950941085815e-02
8.191854357719421387e-01
3.315424919128417969e-02
1.695005446672439575e-01
2.118192017078399658e-01
7.711465954780578613e-01
3.194903731346130371e-01
6.315911412239074707e-01
2.360740005970001221e-01
6.080731749534606934e-02
4.857373237609863281e-01
5.637307837605476379e-02
6.022142991423606873e-02
1.041760295629501343e-01
5.044844150543212891e-01
3.227394446730613708e-02
4.907727539539337158e-01
6.252121925354003906e-01
2.944756858050823212e-02
3.417024016380310059e-01
8.359163403511047363e-01
3.955737873911857605e-02
5.729588270187377930e-01
5.975350365042686462e-02
1.089465692639350891e-01
5.692736059427261353e-02
5.609001964330673218e-02
7.122688889503479004e-01
3.701317310333251953e-01
5.881429910659790039e-01
7.897480130195617676e-01
8.264356851577758789e-01
8.369532227516174316e-01
8.380476236343383789e-01
2.686944231390953064e-02
3.325856626033782959e-01
2.970294058322906494e-01
4.384667873382568359e-01
8.357787728309631348e-01
8.465170860290527344e-02
2.521621882915496826e-01
8.738090842962265015e-02
2.961532212793827057e-02
8.285352587699890137e-01
2.695159986615180969e-02
3.907749429345130920e-02
6.873189210891723633e-01
2.795277722179889679e-02
5.677479878067970276e-02
4.710674881935119629e-01
5.019688606262207031e-02
8.327030539512634277e-01
2.704593539237976074e-02
3.391622006893157959e-02
5.234036594629287720e-02
8.208780884742736816e-01
8.345045447349548340e-01
2.714576944708824158e-02
8.098881244659423828e-01
3.706682845950126648e-02
7.882658243179321289e-01
2.865126132965087891e-01
6.728012561798095703e-01
4.604509174823760986e-01
3.229413554072380066e-02
2.263509780168533325e-01
7.800304293632507324e-01
2.758868038654327393e-02
2.757466956973075867e-02
6.192827820777893066e-01
3.164645284414291382e-02
7.875692099332809448e-02
5.467411875724792480e-01
3.714801073074340820e-01
2.931942418217658997e-02
6.479211449623107910e-01
5.962010473012924194e-02
3.177074491977691650e-01
2.922061458230018616e-02
2.492605298757553101e-01
8.236455321311950684e-01
7.169352173805236816e-01
7.752472758293151855e-01
1.322465986013412476e-01
4.595561921596527100e-01
2.818824946880340576e-01
1.849370896816253662e-01
3.134414926171302795e-02
3.003930486738681793e-02
2.732699364423751831e-02
8.081266283988952637e-01
8.305435180664062500e-01
6.706418395042419434e-01
2.931728586554527283e-02
4.634242951869964600e-01
3.566011413931846619e-02
7.927710562944412231e-02
8.345260024070739746e-01
5.866956114768981934e-01
9.997344762086868286e-02
3.312446549534797668e-02
2.769964933395385742e-02
2.824719808995723724e-02
1.306155622005462646e-01
8.314099311828613281e-01
4.066088795661926270e-01
2.697977237403392792e-02
7.721167057752609253e-02
5.040607452392578125e-01
8.103727698326110840e-01
4.757880792021751404e-02
4.723908901214599609e-01
3.703254759311676025e-01
8.361713290214538574e-01
6.999446451663970947e-02
3.071183525025844574e-02
2.735937833786010742e-01
2.251350581645965576e-01
3.772589564323425293e-01
2.704673260450363159e-02
3.930635452270507812e-01
8.356961011886596680e-01
8.138649463653564453e-01
4.758684933185577393e-01
1.714045554399490356e-01
3.024091385304927826e-02
7.116960883140563965e-01
4.350776076316833496e-01
2.173472195863723755e-01
4.192053675651550293e-01
6.233960390090942383e-01
3.329590335488319397e-02
2.838151901960372925e-02
2.880885638296604156e-02
3.885261416435241699e-01
5.472898855805397034e-02
2.734269946813583374e-02
4.645103514194488525e-01
8.269162178039550781e-01
1.849792748689651489e-01
4.986326098442077637e-01
3.700070977210998535e-01
1.521106809377670288e-01
1.186715885996818542e-01
3.180393204092979431e-02
5.657796859741210938e-01
8.363596796989440918e-01
2.710160054266452789e-02
8.375768661499023438e-01
8.305649757385253906e-01
7.282560467720031738e-01
8.720006048679351807e-02
8.228831887245178223e-01
2.778005413711071014e-02
3.879103064537048340e-01
5.615795254707336426e-01
7.178050875663757324e-01
7.339348793029785156e-01
3.264759853482246399e-02
3.225959464907646179e-02
2.745659649372100830e-01
5.995810031890869141e-01
9.455201774835586548e-02
6.140417605638504028e-02
4.905698597431182861e-01
4.435857236385345459e-01
6.342074275016784668e-01
2.008293122053146362e-01
3.988568484783172607e-01
1.351940333843231201e-01
2.796002924442291260e-01
8.863072991371154785e-01
5.360516905784606934e-01
2.688785269856452942e-02
3.717551827430725098e-01
2.710554376244544983e-02
2.990270555019378662e-01
8.333822488784790039e-01
2.688304334878921509e-02
3.428547829389572144e-02
2.930514886975288391e-02
3.818174898624420166e-01
8.384590148925781250e-01
4.740509390830993652e-01
7.938879728317260742e-01
2.726605534553527832e-02
2.721845358610153198e-02
2.929039485752582550e-02
8.322814702987670898e-01
9.757538139820098877e-02
4.327761828899383545e-01
5.243423581123352051e-01
1.649584472179412842e-01
3.316935151815414429e-02
2.912363596260547638e-02
6.007031202316284180e-01
8.162486553192138672e-01
2.979649975895881653e-02
2.737772092223167419e-02
8.175597786903381348e-01
3.359932079911231995e-02
2.983378805220127106e-02
1.928091943264007568e-01
3.276157751679420471e-02
5.695687606930732727e-02
3.227740824222564697e-01
1.534942537546157837e-01
2.789306826889514923e-02
1.375978142023086548e-01
6.531972438097000122e-02
1.489690840244293213e-01
6.211102604866027832e-01
5.121890306472778320e-01
3.586233556270599365e-01
2.821874432265758514e-02
2.940303273499011993e-02
4.027633741497993469e-02
8.491390943527221680e-02
8.125139027833938599e-02
3.400679528713226318e-01
4.200115799903869629e-02
2.253271192312240601e-01
8.336487412452697754e-01
3.995402902364730835e-02
3.829045891761779785e-01
7.534374296665191650e-02
6.774997115135192871e-01
2.383855730295181274e-01
3.406308218836784363e-02
3.692723512649536133e-01
8.257630467414855957e-01
3.192036971449851990e-02
1.423255354166030884e-01
3.082416579127311707e-02
4.340169951319694519e-02
5.583388358354568481e-02
7.239328026771545410e-01
3.417743742465972900e-01
1.874085217714309692e-01
8.142768144607543945e-01
1.509376317262649536e-01
6.604061126708984375e-01
1.863320022821426392e-01
5.993498489260673523e-02
7.533562183380126953e-01
2.832028828561306000e-02
2.702065557241439819e-02
8.368459343910217285e-01
8.405323028564453125e-01
7.980284094810485840e-01
5.414617061614990234e-01
2.774026058614253998e-02
3.833286464214324951e-01
7.413226366043090820e-02
9.687499701976776123e-02
3.904299736022949219e-01
3.612922132015228271e-02
3.072095848619937897e-02
5.063008069992065430e-01
2.945217117667198181e-02
7.858500480651855469e-01
6.272990107536315918e-01
5.618496537208557129e-01
2.942472882568836212e-02
6.920895576477050781e-01
7.581785917282104492e-01
8.753224462270736694e-02
8.373229503631591797e-01
4.269331395626068115e-01
6.679487228393554688e-01
3.264369070529937744e-02
8.214057087898254395e-01
3.592863678932189941e-01
2.832023240625858307e-02
8.207609653472900391e-01
3.796772360801696777e-01
8.246676921844482422e-01
3.221774846315383911e-02
3.666788637638092041e-01
3.546473979949951172e-01
4.078354835510253906e-01
4.838729798793792725e-01
8.373139500617980957e-01
2.316276878118515015e-01
1.417297124862670898e-01
2.680081874132156372e-02
7.928953170776367188e-01
3.172481432557106018e-02
2.802337333559989929e-02
8.154326081275939941e-01
8.302018046379089355e-01
4.845967292785644531e-01
2.800008282065391541e-02
8.117241859436035156e-01
3.610940873622894287e-01
7.957661151885986328e-01
4.777776077389717102e-02
8.122028112411499023e-01
2.682426013052463531e-02
4.360492825508117676e-01
2.743211761116981506e-02
4.294276535511016846e-01
3.143664821982383728e-02
3.297184407711029053e-01
4.951364099979400635e-01
3.355094790458679199e-02
1.854906380176544189e-01
1.836186498403549194e-01
5.608502030372619629e-01
8.161325454711914062e-01
4.104743003845214844e-01
4.473020732402801514e-01
2.850951626896858215e-02
5.318844914436340332e-01
8.201185464859008789e-01
7.970804572105407715e-01
4.900592193007469177e-02
1.890401244163513184e-01
2.949958667159080505e-02
6.273128837347030640e-02
5.852130055427551270e-02
1.040886864066123962e-01
8.374753594398498535e-01
8.743049204349517822e-02
8.055187463760375977e-01
4.440490007400512695e-01
7.657050490379333496e-01
1.711118668317794800e-01
1.445959955453872681e-01
3.560157492756843567e-02
3.036361932754516602e-02
2.300777733325958252e-01
7.975911498069763184e-01
6.544300317764282227e-01
3.935321271419525146e-01
3.266597539186477661e-02
7.601416707038879395e-01
8.385680317878723145e-01
7.281340360641479492e-01
3.471572697162628174e-02
1.329338103532791138e-01
8.052200675010681152e-01
8.091948032379150391e-01
7.764810919761657715e-01
3.117751702666282654e-02
8.369623422622680664e-01
8.355945348739624023e-01
4.889780282974243164e-01
8.347006440162658691e-01
3.346706926822662354e-01
2.797058038413524628e-02
5.889610648155212402e-01
2.598809003829956055e-01
7.345668673515319824e-01
6.233506277203559875e-02
6.696634888648986816e-01
4.674366712570190430e-01
3.010159730911254883e-02
6.172810792922973633e-01
7.707326412200927734e-01
5.800499916076660156e-01
3.296092152595520020e-02
3.725677132606506348e-01
5.878645777702331543e-01
4.595781266689300537e-01
3.208421170711517334e-01
1.066252514719963074e-01
6.151559948921203613e-01
7.339870333671569824e-01
7.094184756278991699e-01
3.899993002414703369e-02
1.582408398389816284e-01
2.360740005970001221e-01
2.761189267039299011e-02
8.236721158027648926e-02
3.532788157463073730e-02
6.535397768020629883e-01
1.164415776729583740e-01
2.854818291962146759e-02
1.022885516285896301e-01
5.793132185935974121e-01
3.655944392085075378e-02
4.979157745838165283e-01
3.855746611952781677e-02
7.410436272621154785e-01
5.570215582847595215e-01
3.208545967936515808e-02
7.961510866880416870e-02
2.790466137230396271e-02
2.818495035171508789e-01
2.596675157546997070e-01
5.203095450997352600e-02
2.966369502246379852e-02
2.927997149527072906e-02
3.609987497329711914e-01
5.192247405648231506e-02
6.514130532741546631e-02
7.230328768491744995e-02
2.176930457353591919e-01
4.057987928390502930e-01
6.775084137916564941e-01
2.960968017578125000e-02
3.616969287395477295e-02
6.055912971496582031e-01
4.062135815620422363e-01
3.006413020193576813e-02
8.386752605438232422e-01
7.316064834594726562e-01
3.214021027088165283e-01
2.832165919244289398e-02
1.201324015855789185e-01
2.991761825978755951e-02
3.443741798400878906e-02
2.095288634300231934e-01
3.789087757468223572e-02
4.576150476932525635e-01
8.176596760749816895e-01
7.249354720115661621e-01
5.082041025161743164e-02
5.556637048721313477e-01
4.749054089188575745e-02
4.159491658210754395e-01
6.129727363586425781e-01
6.286167353391647339e-02
3.929364979267120361e-01
1.670044809579849243e-01
8.317489027976989746e-01
2.778209559619426727e-02
4.272932931780815125e-02
8.009537458419799805e-01
6.657848954200744629e-01
7.195382118225097656e-01
7.340896129608154297e-01
3.583806753158569336e-01
2.517820596694946289e-01
7.807941436767578125e-01
8.334628939628601074e-01
1.000494435429573059e-01
8.343193531036376953e-01
2.999040111899375916e-02
8.051368594169616699e-01
5.682068467140197754e-01
2.827407605946063995e-02
2.735287509858608246e-02
5.672439932823181152e-01
1.314961910247802734e-01
2.918528392910957336e-02
5.509915202856063843e-02
8.347329497337341309e-01
3.046829067170619965e-02
2.841833606362342834e-02
4.606971144676208496e-02
4.715646803379058838e-02
1.207296773791313171e-01
3.916604071855545044e-02
6.281505525112152100e-02
2.749064005911350250e-02
4.028314948081970215e-01
1.289235651493072510e-01
6.052789092063903809e-01
6.874372959136962891e-01
8.197479844093322754e-01
1.585187464952468872e-01
2.787453122437000275e-02
5.041860342025756836e-01
8.323255181312561035e-01
2.935317344963550568e-02
2.986061871051788330e-01
3.205337524414062500e-01
2.700256742537021637e-02
8.343051671981811523e-01
3.674674928188323975e-01
4.273946210741996765e-02
4.280753061175346375e-02
3.917165398597717285e-01
3.263593316078186035e-01
7.514346837997436523e-01
8.407291769981384277e-02
1.344489902257919312e-01
3.289624303579330444e-02
6.072580218315124512e-01
2.730697691440582275e-01
3.136551976203918457e-01
3.009910285472869873e-01
1.594963222742080688e-01
2.867541648447513580e-02
4.088617861270904541e-02
9.577647596597671509e-02
4.414921998977661133e-01
3.086643852293491364e-02
8.311098814010620117e-01
7.972006797790527344e-01
4.069421067833900452e-02
