5.985816940665245056e-02
7.272104024887084961e-01
1.750614643096923828e-01
8.181730508804321289e-01
2.259690612554550171e-01
8.533121645450592041e-02
3.524811267852783203e-01
1.980986595153808594e-01
8.660680055618286133e-01
8.782636374235153198e-02
3.235915005207061768e-01
2.172748446464538574e-01
7.671297192573547363e-01
3.881339132785797119e-01
2.047014087438583374e-01
2.508530616760253906e-01
2.155051827430725098e-01
5.169453024864196777e-01
8.774037361145019531e-01
3.375679552555084229e-01
5.495608448982238770e-01
7.191693782806396484e-01
6.278596818447113037e-02
5.996048450469970703e-02
1.349294930696487427e-01
6.666836887598037720e-02
8.482952117919921875e-01
2.235480397939682007e-01
3.585404157638549805e-01
4.588918983936309814e-01
3.201138079166412354e-01
5.367149785161018372e-02
8.196119666099548340e-01
6.184962391853332520e-02
1.799395531415939331e-01
1.889641433954238892e-01
2.898491322994232178e-01
1.835242062807083130e-01
3.179582357406616211e-01
8.215879201889038086e-01
1.317209750413894653e-01
1.255382001399993896e-01
6.524682790040969849e-02
1.844953447580337524e-01
9.466942399740219116e-02
1.509464234113693237e-01
1.711602956056594849e-01
7.803318500518798828e-01
6.236500293016433716e-02
8.264405727386474609e-01
1.380743682384490967e-01
6.209451332688331604e-02
1.860194951295852661e-01
3.765664994716644287e-01
1.664357483386993408e-01
1.193977221846580505e-01
8.419058918952941895e-01
6.915102899074554443e-02
6.099041551351547241e-02
2.609086930751800537e-01
2.257887870073318481e-01
1.876378953456878662e-01
1.575022190809249878e-01
6.605460494756698608e-02
7.989102602005004883e-02
1.478002071380615234e-01
6.279199570417404175e-02
1.766228228807449341e-01
4.076492190361022949e-01
1.984162479639053345e-01
6.984018534421920776e-02
5.432806611061096191e-01
3.300877213478088379e-01
7.233767956495285034e-02
3.351925611495971680e-01
1.085995808243751526e-01
5.945661291480064392e-02
5.762193724513053894e-02
1.005150377750396729e-01
7.122691720724105835e-02
8.740385770797729492e-01
7.813607454299926758e-01
8.565375804901123047e-01
3.721189796924591064e-01
8.768293261528015137e-01
6.554600596427917480e-01
6.869395822286605835e-02
1.310835331678390503e-01
8.774279952049255371e-01
1.548449546098709106e-01
5.780615210533142090e-01
7.638256996870040894e-02
6.580094248056411743e-02
4.693976938724517822e-01
4.528556764125823975e-01
4.295164644718170166e-01
4.503330588340759277e-01
8.771418929100036621e-01
1.136685013771057129e-01
1.096009910106658936e-01
4.272864460945129395e-01
1.706785857677459717e-01
4.394763112068176270e-01
1.936695724725723267e-01
2.585034072399139404e-01
2.457796484231948853e-01
6.390775740146636963e-02
4.159705936908721924e-01
4.502661526203155518e-01
4.103110432624816895e-01
3.369930386543273926e-01
6.245791912078857422e-02
6.917899101972579956e-02
8.369356989860534668e-01
1.759720146656036377e-01
1.369027793407440186e-01
8.648700118064880371e-01
7.252065837383270264e-02
1.243207156658172607e-01
6.238065361976623535e-01
5.843975022435188293e-02
1.344994008541107178e-01
9.520377218723297119e-02
4.527009427547454834e-01
8.765657544136047363e-01
1.427270919084548950e-01
8.719304203987121582e-02
2.898021638393402100e-01
5.591386184096336365e-02
1.619863510131835938e-01
8.765466809272766113e-01
3.443691134452819824e-01
8.772116303443908691e-01
2.578341066837310791e-01
3.298441171646118164e-01
4.432764649391174316e-01
8.716277480125427246e-01
1.977615803480148315e-01
4.146628677845001221e-01
5.822576954960823059e-02
8.370937705039978027e-01
8.035210371017456055e-01
4.412889480590820312e-01
3.526911437511444092e-01
2.918159365653991699e-01
9.400234371423721313e-02
3.912173807621002197e-01
4.325517714023590088e-01
4.460010826587677002e-01
1.279940456151962280e-01
6.356076151132583618e-02
1.370722651481628418e-01
8.656413853168487549e-02
1.768347918987274170e-01
1.579039245843887329e-01
1.588982939720153809e-01
3.224944770336151123e-01
3.972287774085998535e-01
3.787015974521636963e-01
6.079190969467163086e-01
2.445642054080963135e-01
6.524408459663391113e-01
6.078780442476272583e-02
1.575228869915008545e-01
7.581536769866943359e-01
2.878192663192749023e-01
2.074618190526962280e-01
3.392855525016784668e-01
1.339981257915496826e-01
1.869550794363021851e-01
8.144541829824447632e-02
6.567448377609252930e-02
3.114933073520660400e-01
6.348202824592590332e-01
9.034014493227005005e-02
8.205901384353637695e-01
3.239578902721405029e-01
6.147894263267517090e-02
8.432768583297729492e-01
1.310603916645050049e-01
1.169091537594795227e-01
6.622017920017242432e-02
8.045532554388046265e-02
1.698845028877258301e-01
1.147591322660446167e-01
1.094098016619682312e-01
1.897117197513580322e-01
6.287806630134582520e-01
3.113184273242950439e-01
4.389678835868835449e-01
8.173739165067672729e-02
7.223168611526489258e-01
1.207677200436592102e-01
7.010750174522399902e-01
1.876544505357742310e-01
6.140384674072265625e-01
6.150954589247703552e-02
1.949206143617630005e-01
4.746443629264831543e-01
5.675680562853813171e-02
5.751274898648262024e-02
2.980157732963562012e-01
7.698372006416320801e-01
1.860409677028656006e-01
6.536545753479003906e-01
8.780866861343383789e-01
4.008529484272003174e-01
1.183507442474365234e-01
8.776184320449829102e-01
2.516094744205474854e-01
2.643297314643859863e-01
5.577990785241127014e-02
2.353196293115615845e-01
3.527761697769165039e-01
1.743278056383132935e-01
5.750187486410140991e-02
8.024415373802185059e-01
3.572071194648742676e-01
7.212066054344177246e-01
1.295768320560455322e-01
8.639252781867980957e-01
8.782931566238403320e-01
6.350436806678771973e-01
1.486398130655288696e-01
9.519247710704803467e-02
1.537040621042251587e-01
5.029011964797973633e-01
5.387775897979736328e-01
1.237399131059646606e-01
3.606607019901275635e-01
4.977144002914428711e-01
8.770347833633422852e-01
1.373556554317474365e-01
6.144641637802124023e-01
8.767268061637878418e-01
2.961004376411437988e-01
5.213368535041809082e-01
8.779178857803344727e-01
2.274423241615295410e-01
2.421101629734039307e-01
8.761991262435913086e-01
1.239500790834426880e-01
7.741783261299133301e-01
1.217490360140800476e-01
2.676180005073547363e-01
3.220114707946777344e-01
7.446695864200592041e-02
8.775213956832885742e-01
1.551691740751266479e-01
6.142160892486572266e-01
2.787775397300720215e-01
1.040429845452308655e-01
1.097129955887794495e-01
1.019205227494239807e-01
1.352936923503875732e-01
1.930602192878723145e-01
2.746812999248504639e-01
8.526103496551513672e-01
1.513710319995880127e-01
7.580007910728454590e-01
1.300487667322158813e-01
5.152992606163024902e-01
3.426110446453094482e-01
5.919861793518066406e-02
2.467605173587799072e-01
3.975032567977905273e-01
2.706885635852813721e-01
2.678864300251007080e-01
1.025409400463104248e-01
6.135416030883789062e-01
8.636420369148254395e-01
6.666650772094726562e-01
3.114861547946929932e-01
2.156687378883361816e-01
6.913073658943176270e-01
2.497101277112960815e-01
4.048384130001068115e-01
1.425261497497558594e-01
8.750572800636291504e-01
1.237347424030303955e-01
2.339077591896057129e-01
8.757566213607788086e-01
2.660722136497497559e-01
3.632174730300903320e-01
4.072594046592712402e-01
3.569426536560058594e-01
6.547628343105316162e-02
1.726389974355697632e-01
2.686553001403808594e-01
1.689640879631042480e-01
1.334959119558334351e-01
5.451533198356628418e-01
6.661722660064697266e-01
3.901183903217315674e-01
1.627359986305236816e-01
5.994434654712677002e-02
2.058582752943038940e-01
8.742852807044982910e-01
3.044714629650115967e-01
1.101027652621269226e-01
8.591344952583312988e-01
3.719348013401031494e-01
3.197263479232788086e-01
9.229859709739685059e-02
1.144066154956817627e-01
7.839149236679077148e-02
1.669192761182785034e-01
7.731792330741882324e-01
8.712775707244873047e-01
5.216666460037231445e-01
4.957667887210845947e-01
1.490579247474670410e-01
1.327381879091262817e-01
1.898247152566909790e-01
4.116215407848358154e-01
2.691387534141540527e-01
8.757174015045166016e-01
7.707294225692749023e-01
3.057485222816467285e-01
2.210566252470016479e-01
5.000516176223754883e-01
2.329002618789672852e-01
3.530517220497131348e-01
8.586092591285705566e-01
2.380582690238952637e-01
3.787969946861267090e-01
1.617871373891830444e-01
6.349030137062072754e-02
7.920772582292556763e-02
9.354814887046813965e-02
7.708649337291717529e-02
1.218024641275405884e-01
3.103321492671966553e-01
1.082833260297775269e-01
2.998338341712951660e-01
8.111354708671569824e-01
2.437528520822525024e-01
6.475597620010375977e-02
1.054957434535026550e-01
2.339950203895568848e-01
8.062969893217086792e-02
2.928506433963775635e-01
8.138358592987060547e-01
2.719874382019042969e-01
8.618546724319458008e-01
6.291371583938598633e-02
1.429697126150131226e-01
3.782163560390472412e-01
2.122000157833099365e-01
6.932983994483947754e-01
1.202477216720581055e-01
6.243721768260002136e-02
5.478376895189285278e-02
1.030932143330574036e-01
3.933096528053283691e-01
1.255820095539093018e-01
6.637225151062011719e-01
2.483733147382736206e-01
1.255017817020416260e-01
3.524465262889862061e-01
1.426364034414291382e-01
3.462705910205841064e-01
2.269116789102554321e-01
9.317373484373092651e-02
4.804124832153320312e-01
2.599026262760162354e-01
3.589802086353302002e-01
8.778062462806701660e-01
2.374172359704971313e-01
1.128207147121429443e-01
3.418084979057312012e-01
1.005456298589706421e-01
1.265104711055755615e-01
1.434852778911590576e-01
9.516426175832748413e-02
6.948783248662948608e-02
2.020893841981887817e-01
9.080112725496292114e-02
7.574686408042907715e-01
1.044039130210876465e-01
7.473917305469512939e-02
5.886523053050041199e-02
8.716089129447937012e-01
4.126956164836883545e-01
1.902749985456466675e-01
1.721562892198562622e-01
3.099160194396972656e-01
2.333215773105621338e-01
1.600353121757507324e-01
3.513711988925933838e-01
5.588353052735328674e-02
7.608851790428161621e-02
1.126628145575523376e-01
7.000999152660369873e-02
1.245259195566177368e-01
1.314372867345809937e-01
7.235103249549865723e-01
3.150857985019683838e-01
8.144236803054809570e-01
1.396328508853912354e-01
2.557630240917205811e-01
7.718454301357269287e-02
6.092242002487182617e-01
4.132278561592102051e-01
8.349677920341491699e-01
8.011834025382995605e-01
2.529472708702087402e-01
4.443937838077545166e-01
2.579964399337768555e-01
1.991300880908966064e-01
5.956062674522399902e-02
6.258051097393035889e-02
3.495551049709320068e-01
3.267424404621124268e-01
7.237323522567749023e-01
7.088662683963775635e-02
3.541584610939025879e-01
1.257987618446350098e-01
1.533842831850051880e-01
6.663484871387481689e-02
7.039744406938552856e-02
4.355994462966918945e-01
7.510477304458618164e-01
5.284632742404937744e-02
7.245243340730667114e-02
3.709687590599060059e-01
6.206233426928520203e-02
1.298529952764511108e-01
2.383352667093276978e-01
1.053269281983375549e-01
1.674081832170486450e-01
1.212112978100776672e-01
6.318348050117492676e-01
5.814072489738464355e-01
1.036931946873664856e-01
7.297708839178085327e-02
2.409561872482299805e-01
1.230898126959800720e-01
4.824889004230499268e-01
1.362520456314086914e-01
2.015876471996307373e-01
1.415645331144332886e-01
8.446951955556869507e-02
6.811600923538208008e-01
1.241885125637054443e-01
2.894347608089447021e-01
7.929243892431259155e-02
8.676165342330932617e-01
8.398793637752532959e-02
5.973278731107711792e-02
2.623961269855499268e-01
6.974652409553527832e-01
3.201229870319366455e-01
6.295301765203475952e-02
6.445220112800598145e-02
4.026177227497100830e-01
2.642607688903808594e-01
2.206280827522277832e-01
6.443291157484054565e-02
2.375816702842712402e-01
3.386799097061157227e-01
2.301596850156784058e-01
7.724031060934066772e-02
1.964678317308425903e-01
6.477811187505722046e-02
1.228493824601173401e-01
8.009403347969055176e-01
3.522588312625885010e-01
1.771303713321685791e-01
8.764606714248657227e-01
3.367580473423004150e-01
3.763141930103302002e-01
1.022679880261421204e-01
7.344292402267456055e-01
4.249245822429656982e-01
6.375061720609664917e-02
8.753027319908142090e-01
8.740273714065551758e-01
2.851944863796234131e-01
5.247585102915763855e-02
3.460080325603485107e-01
2.580868005752563477e-01
7.861565798521041870e-02
6.162248849868774414e-01
6.130645424127578735e-02
2.401860356330871582e-01
3.168386220932006836e-01
8.248727023601531982e-02
7.135339081287384033e-02
4.157561659812927246e-01
5.783072859048843384e-02
4.757560193538665771e-01
1.101281195878982544e-01
8.249619007110595703e-01
3.677677810192108154e-01
3.362431228160858154e-01
2.163361310958862305e-01
2.687041759490966797e-01
1.927897334098815918e-01
1.269592046737670898e-01
8.752831816673278809e-01
1.344069987535476685e-01
4.772498905658721924e-01
8.770102858543395996e-01
3.667225539684295654e-01
5.967201665043830872e-02
5.697962641716003418e-01
1.436671614646911621e-01
8.189516067504882812e-01
8.568047732114791870e-02
1.572355479001998901e-01
2.299956083297729492e-01
6.510011553764343262e-01
3.425954282283782959e-01
4.791885614395141602e-01
1.128207147121429443e-01
1.578873395919799805e-01
4.067205786705017090e-01
2.138705402612686157e-01
2.589495480060577393e-01
1.388718932867050171e-01
3.703264594078063965e-01
1.266819685697555542e-01
3.888291418552398682e-01
5.715321302413940430e-01
1.123522222042083740e-01
3.568478524684906006e-01
8.747702836990356445e-01
8.199013769626617432e-02
5.256357789039611816e-01
1.859055310487747192e-01
2.805169820785522461e-01
1.502729803323745728e-01
1.884605735540390015e-01
6.081316471099853516e-01
2.461266368627548218e-01
2.893357276916503906e-01
4.615063965320587158e-01
8.537812232971191406e-01
8.783690333366394043e-01
8.772115111351013184e-01
5.304018408060073853e-02
3.024441897869110107e-01
2.206930965185165405e-01
2.896880209445953369e-01
8.743686676025390625e-01
2.234236747026443481e-01
3.403456509113311768e-01
2.447683811187744141e-01
1.047925353050231934e-01
8.769683837890625000e-01
6.742655485868453979e-02
1.008000448346138000e-01
7.455105781555175781e-01
5.772259831428527832e-02
1.438803672790527344e-01
3.178844749927520752e-01
3.038913309574127197e-01
8.771712779998779297e-01
9.349206089973449707e-02
8.194424957036972046e-02
1.521067321300506592e-01
8.670816421508789062e-01
8.774251937866210938e-01
5.975009128451347351e-02
8.397335410118103027e-01
7.167629152536392212e-02
4.464096128940582275e-01
3.683451414108276367e-01
7.429820895195007324e-01
3.848848938941955566e-01
7.394772022962570190e-02
2.466786056756973267e-01
7.160496115684509277e-01
8.879698812961578369e-02
5.750102922320365906e-02
6.609970927238464355e-01
5.901350453495979309e-02
2.069169431924819946e-01
6.526489257812500000e-01
3.596034049987792969e-01
6.023983284831047058e-02
6.447056531906127930e-01
3.025664985179901123e-01
3.671988546848297119e-01
6.006107106804847717e-02
3.073670864105224609e-01
8.705445528030395508e-01
7.312299609184265137e-01
7.777922749519348145e-01
3.224065601825714111e-01
5.218753218650817871e-01
1.915159374475479126e-01
3.684777915477752686e-01
7.363992929458618164e-02
7.829745858907699585e-02
6.095388159155845642e-02
7.411745190620422363e-01
6.448484659194946289e-01
5.147330760955810547e-01
1.127196252346038818e-01
3.894752264022827148e-01
9.269491583108901978e-02
1.454932689666748047e-01
8.521944880485534668e-01
6.442866921424865723e-01
1.998780369758605957e-01
7.485842704772949219e-02
5.796705931425094604e-02
6.507629156112670898e-02
2.085035443305969238e-01
8.755648136138916016e-01
2.588566541671752930e-01
6.106691062450408936e-02
1.650997698307037354e-01
4.203839004039764404e-01
5.782769918441772461e-01
6.858167052268981934e-02
3.827940225601196289e-01
3.918496072292327881e-01
8.552124500274658203e-01
1.813987195491790771e-01
1.046249568462371826e-01
2.607274651527404785e-01
3.132661879062652588e-01
3.824692368507385254e-01
5.599183589220046997e-02
3.718401491641998291e-01
8.315696716308593750e-01
7.788910269737243652e-01
4.816724956035614014e-01
1.115272641181945801e-01
6.033882126212120056e-02
5.533010363578796387e-01
3.579928576946258545e-01
2.915849089622497559e-01
3.820304870605468750e-01
5.324121117591857910e-01
8.706701546907424927e-02
6.019543111324310303e-02
6.025596708059310913e-02
2.807178199291229248e-01
2.789631783962249756e-01
5.306120961904525757e-02
2.924869656562805176e-01
7.461203932762145996e-01
2.091596126556396484e-01
4.904048740863800049e-01
3.257974088191986084e-01
2.559794485569000244e-01
1.029526963829994202e-01
7.558555901050567627e-02
5.364478826522827148e-01
8.781805634498596191e-01
6.032202020287513733e-02
8.780159354209899902e-01
8.783488869667053223e-01
7.336947917938232422e-01
3.671971857547760010e-01
6.211780309677124023e-01
6.251981854438781738e-02
3.138312399387359619e-01
6.027082800865173340e-01
8.130431771278381348e-01
6.161293387413024902e-01
7.911386340856552124e-02
1.180000156164169312e-01
3.160963356494903564e-01
5.071062445640563965e-01
3.591670393943786621e-01
2.479224801063537598e-01
3.623730242252349854e-01
5.200546979904174805e-01
3.592199087142944336e-01
3.578176498413085938e-01
3.555773794651031494e-01
1.857278347015380859e-01
2.920614778995513916e-01
8.178346753120422363e-01
4.048868119716644287e-01
5.282112956047058105e-02
3.914107084274291992e-01
5.484306812286376953e-02
6.044536828994750977e-01
7.723944187164306641e-01
5.695371702313423157e-02
6.811980903148651123e-02
6.158547475934028625e-02
2.920316159725189209e-01
8.775578737258911133e-01
3.215910792350769043e-01
8.659034967422485352e-01
6.062768772244453430e-02
5.926668271422386169e-02
6.194958463311195374e-02
8.774327635765075684e-01
2.052012681961059570e-01
6.551807522773742676e-01
4.273005425930023193e-01
2.924549877643585205e-01
1.766201704740524292e-01
7.597000896930694580e-02
4.384826421737670898e-01
8.778287768363952637e-01
6.080488488078117371e-02
9.588900208473205566e-02
8.709545135498046875e-01
1.855388283729553223e-01
6.336897611618041992e-02
2.908655703067779541e-01
6.905599683523178101e-02
1.700115799903869629e-01
2.974361479282379150e-01
3.332320153713226318e-01
5.511309579014778137e-02
1.165441349148750305e-01
7.845771312713623047e-02
1.493523716926574707e-01
6.471615433692932129e-01
3.630013465881347656e-01
3.719730973243713379e-01
7.453394681215286255e-02
6.291967630386352539e-02
8.116570860147476196e-02
1.316294372081756592e-01
2.230491191148757935e-01
7.382079362869262695e-01
7.263389974832534790e-02
3.011586964130401611e-01
8.773392438888549805e-01
1.451544463634490967e-01
3.212485611438751221e-01
2.559944093227386475e-01
5.341427326202392578e-01
3.292612135410308838e-01
1.187219917774200439e-01
2.950886487960815430e-01
8.763104677200317383e-01
7.736833393573760986e-02
2.894064188003540039e-01
7.685010880231857300e-02
1.173064783215522766e-01
1.504860669374465942e-01
5.206762552261352539e-01
3.017896413803100586e-01
1.946136951446533203e-01
8.723547458648681641e-01
2.041233181953430176e-01
6.654037833213806152e-01
2.992693185806274414e-01
1.409051120281219482e-01
4.643639326095581055e-01
1.279921680688858032e-01
6.024692207574844360e-02
8.765161037445068359e-01
6.411209702491760254e-01
8.484556674957275391e-01
5.843253731727600098e-01
7.367540895938873291e-02
3.618943989276885986e-01
1.406100094318389893e-01
1.945123076438903809e-01
4.313133060932159424e-01
8.959425985813140869e-02
1.151712164282798767e-01
2.908950150012969971e-01
1.138454005122184753e-01
6.066758036613464355e-01
4.406227767467498779e-01
4.347148537635803223e-01
6.751484423875808716e-02
5.535404682159423828e-01
8.700795769691467285e-01
1.897385567426681519e-01
8.519304990768432617e-01
4.573788344860076904e-01
6.266944408416748047e-01
7.014988362789154053e-02
8.069292902946472168e-01
3.455681204795837402e-01
7.244932651519775391e-02
7.961632013320922852e-01
3.353334069252014160e-01
7.207265496253967285e-01
8.980418741703033447e-02
3.545063436031341553e-01
3.697731792926788330e-01
3.412369191646575928e-01
5.555378198623657227e-01
8.406327962875366211e-01
2.605880200862884521e-01
2.429729253053665161e-01
5.701016634702682495e-02
8.733910322189331055e-01
6.718949973583221436e-02
6.664151698350906372e-02
8.424164652824401855e-01
8.114663362503051758e-01
3.412591516971588135e-01
6.953392177820205688e-02
6.050414443016052246e-01
4.145902395248413086e-01
8.768031597137451172e-01
1.492253094911575317e-01
8.778997659683227539e-01
5.370539799332618713e-02
4.013536572456359863e-01
6.264338642358779907e-02
5.950138568878173828e-01
7.513312995433807373e-02
5.464394688606262207e-01
3.343113958835601807e-01
2.149979621171951294e-01
1.709961891174316406e-01
1.609514802694320679e-01
4.243086874485015869e-01
8.204626441001892090e-01
2.733874022960662842e-01
4.913985133171081543e-01
5.608229711651802063e-02
3.625776171684265137e-01
8.367803096771240234e-01
6.092303991317749023e-01
1.702163964509963989e-01
1.825273633003234863e-01
8.151443302631378174e-02
1.194817051291465759e-01
2.800139188766479492e-01
2.906059026718139648e-01
8.775988817214965820e-01
2.035673111677169800e-01
6.011214852333068848e-01
7.347510755062103271e-02
5.914943814277648926e-01
2.155716568231582642e-01
2.151719778776168823e-01
8.390421420335769653e-02
6.191657483577728271e-02
1.690162569284439087e-01
8.778367638587951660e-01
4.812161028385162354e-01
3.322361409664154053e-01
9.838911890983581543e-02
8.315745592117309570e-01
8.755363225936889648e-01
8.351469635963439941e-01
8.566009998321533203e-02
2.439704537391662598e-01
7.740083932876586914e-01
7.741541862487792969e-01
7.851403951644897461e-01
8.561240136623382568e-02
8.772178292274475098e-01
8.326824903488159180e-01
6.719083786010742188e-01
8.778038024902343750e-01
3.852945864200592041e-01
5.522316321730613708e-02
6.682116389274597168e-01
2.096249312162399292e-01
6.216807365417480469e-01
1.722066104412078857e-01
4.075601994991302490e-01
7.442219853401184082e-01
1.222218275070190430e-01
4.745749533176422119e-01
8.398914933204650879e-01
8.190222978591918945e-01
7.847598940134048462e-02
3.237822353839874268e-01
6.849792599678039551e-01
4.409471154212951660e-01
2.893292605876922607e-01
3.010022640228271484e-01
3.144263923168182373e-01
7.615701556205749512e-01
5.082795619964599609e-01
8.933465927839279175e-02
1.241602152585983276e-01
1.128207147121429443e-01
5.876847356557846069e-02
2.930658161640167236e-01
1.459023058414459229e-01
5.483710169792175293e-01
2.072953581809997559e-01
6.105827540159225464e-02
4.042158126831054688e-01
3.664838969707489014e-01
7.363730669021606445e-02
3.520841300487518311e-01
7.052681595087051392e-02
7.992438077926635742e-01
4.697792828083038330e-01
6.701909750699996948e-02
2.650153338909149170e-01
5.854506790637969971e-02
2.863602638244628906e-01
1.726449579000473022e-01
1.230560690164566040e-01
6.889921426773071289e-02
6.378015130758285522e-02
4.106896817684173584e-01
2.409347593784332275e-01
1.287690997123718262e-01
2.073709815740585327e-01
1.978972107172012329e-01
3.378147482872009277e-01
6.663568615913391113e-01
5.986020341515541077e-02
6.914728134870529175e-02
7.223082780838012695e-01
4.399828016757965088e-01
8.881282806396484375e-02
8.783677816390991211e-01
5.690267086029052734e-01
3.671910166740417480e-01
8.656992763280868530e-02
2.244286090135574341e-01
7.336860895156860352e-02
1.008617505431175232e-01
3.252909779548645020e-01
5.008177757263183594e-01
4.533752501010894775e-01
8.029709458351135254e-01
8.487505912780761719e-01
1.145406141877174377e-01
3.673543035984039307e-01
1.622050553560256958e-01
2.988274991512298584e-01
3.784745335578918457e-01
3.244273662567138672e-01
3.764711618423461914e-01
2.864859104156494141e-01
8.782998919486999512e-01
8.020123094320297241e-02
2.061536461114883423e-01
8.722929358482360840e-01
3.565252423286437988e-01
4.176564514636993408e-01
4.853008687496185303e-01
3.236239850521087646e-01
3.540331721305847168e-01
7.177631855010986328e-01
8.382228016853332520e-01
2.076479792594909668e-01
8.305962085723876953e-01
2.130600959062576294e-01
8.598022460937500000e-01
5.053831934928894043e-01
7.545609772205352783e-02
6.355167180299758911e-02
4.774906933307647705e-01
2.613890469074249268e-01
6.411179155111312866e-02
3.763924837112426758e-01
8.780761957168579102e-01
1.011568680405616760e-01
5.569668486714363098e-02
2.037557959556579590e-01
1.175824403762817383e-01
2.574369013309478760e-01
8.315128833055496216e-02
9.799695014953613281e-02
5.901564285159111023e-02
3.175536394119262695e-01
3.605330288410186768e-01
7.321066260337829590e-01
4.673063158988952637e-01
8.741877079010009766e-01
2.175051718950271606e-01
1.383673697710037231e-01
5.441620349884033203e-01
7.696069478988647461e-01
5.501677840948104858e-02
2.885502874851226807e-01
3.406025171279907227e-01
5.795713886618614197e-02
8.772659897804260254e-01
3.531329929828643799e-01
6.290092319250106812e-02
7.602631300687789917e-02
3.599863648414611816e-01
2.643137872219085693e-01
6.873273253440856934e-01
1.937481909990310669e-01
2.867960631847381592e-01
8.426064997911453247e-02
5.078108906745910645e-01
3.171803951263427734e-01
3.290798068046569824e-01
3.110194802284240723e-01
2.491162717342376709e-01
6.353810429573059082e-02
1.747888773679733276e-01
1.134311929345130920e-01
3.427963256835937500e-01
1.072391122579574585e-01
8.710439801216125488e-01
8.770272731781005859e-01
1.408698856830596924e-01
