2.415623962879180908e-01
4.490634202957153320e-01
2.514331638813018799e-01
4.421859085559844971e-01
2.424808591604232788e-01
2.439581453800201416e-01
2.555936276912689209e-01
3.392440378665924072e-01
3.919329345226287842e-01
2.576959729194641113e-01
2.411905676126480103e-01
2.733289301395416260e-01
4.288822710514068604e-01
4.047269821166992188e-01
2.614531517028808594e-01
3.551134467124938965e-01
2.422575950622558594e-01
4.399258494377136230e-01
4.412380754947662354e-01
3.095472455024719238e-01
3.943731784820556641e-01
4.414601325988769531e-01
2.433748692274093628e-01
2.450939118862152100e-01
2.432621717453002930e-01
2.858192622661590576e-01
2.648799419403076172e-01
4.287510216236114502e-01
3.754390776157379150e-01
4.324513673782348633e-01
4.247185289859771729e-01
2.426087707281112671e-01
2.798987925052642822e-01
2.482666969299316406e-01
2.639716267585754395e-01
2.458135634660720825e-01
2.531138658523559570e-01
3.929413557052612305e-01
4.337615370750427246e-01
4.397380352020263672e-01
3.871010243892669678e-01
2.458568960428237915e-01
2.419584989547729492e-01
2.427596449851989746e-01
2.507281303405761719e-01
2.584353685379028320e-01
2.493802756071090698e-01
4.440131485462188721e-01
2.415832132101058960e-01
4.175823330879211426e-01
2.467708587646484375e-01
2.430310398340225220e-01
3.593381047248840332e-01
4.327769875526428223e-01
2.512451112270355225e-01
2.444585859775543213e-01
4.344706535339355469e-01
2.433629781007766724e-01
2.436254173517227173e-01
2.561906874179840088e-01
4.405720531940460205e-01
4.307682216167449951e-01
2.511380910873413086e-01
2.415724694728851318e-01
2.422415614128112793e-01
2.500367164611816406e-01
2.431661635637283325e-01
2.418095618486404419e-01
4.387767612934112549e-01
2.526565492153167725e-01
2.409694939851760864e-01
4.492715597152709961e-01
4.369269609451293945e-01
4.081880152225494385e-01
4.398072957992553711e-01
2.426408380270004272e-01
2.419300228357315063e-01
2.423796057701110840e-01
2.603965699672698975e-01
2.429008483886718750e-01
3.146399259567260742e-01
2.545308172702789307e-01
4.000912010669708252e-01
3.187362253665924072e-01
3.929575681686401367e-01
4.352548718452453613e-01
2.419660836458206177e-01
2.468012869358062744e-01
2.621780931949615479e-01
4.426274299621582031e-01
4.467633962631225586e-01
2.435775995254516602e-01
2.416614443063735962e-01
2.915469110012054443e-01
2.451444268226623535e-01
4.372375607490539551e-01
4.348719120025634766e-01
2.888062298297882080e-01
2.419299036264419556e-01
2.625432908535003662e-01
3.112356364727020264e-01
2.527928948402404785e-01
4.274630844593048096e-01
2.553424239158630371e-01
3.098200261592864990e-01
2.410843819379806519e-01
2.439760714769363403e-01
4.299264550209045410e-01
2.567441463470458984e-01
3.558239042758941650e-01
3.901784718036651611e-01
2.412083745002746582e-01
2.430167645215988159e-01
4.419722259044647217e-01
2.927525341510772705e-01
2.710884511470794678e-01
4.298872351646423340e-01
2.413549274206161499e-01
2.435128539800643921e-01
4.368646144866943359e-01
2.424387037754058838e-01
2.412682026624679565e-01
2.525583803653717041e-01
4.469305276870727539e-01
4.057461917400360107e-01
2.762082517147064209e-01
2.432395964860916138e-01
4.066495001316070557e-01
2.447087764739990234e-01
2.424657791852951050e-01
4.267720282077789307e-01
2.463721483945846558e-01
2.529804706573486328e-01
4.326487183570861816e-01
2.454778850078582764e-01
2.599300742149353027e-01
3.827995955944061279e-01
4.287140369415283203e-01
2.673312127590179443e-01
2.406868636608123779e-01
4.207362830638885498e-01
4.214669167995452881e-01
4.359169602394104004e-01
4.087324738502502441e-01
3.922953009605407715e-01
2.529399394989013672e-01
4.473712742328643799e-01
4.454686641693115234e-01
4.323796629905700684e-01
2.518766820430755615e-01
2.424205094575881958e-01
2.939189970493316650e-01
2.437619715929031372e-01
2.570091485977172852e-01
2.750277221202850342e-01
3.364601433277130127e-01
4.236623346805572510e-01
2.425187230110168457e-01
4.394610822200775146e-01
3.410547971725463867e-01
2.602367103099822998e-01
4.417504668235778809e-01
2.460194826126098633e-01
2.583630681037902832e-01
3.003508448600769043e-01
4.340179264545440674e-01
4.156748950481414795e-01
2.547730207443237305e-01
2.775051593780517578e-01
2.678594589233398438e-01
2.427933067083358765e-01
2.416247427463531494e-01
2.500255405902862549e-01
4.397564828395843506e-01
2.418240606784820557e-01
4.420511424541473389e-01
4.272988438606262207e-01
2.420533299446105957e-01
3.139405250549316406e-01
2.471981495618820190e-01
3.225048482418060303e-01
2.458469569683074951e-01
2.456941306591033936e-01
2.489868551492691040e-01
2.577393651008605957e-01
2.581076622009277344e-01
2.446244806051254272e-01
4.338528811931610107e-01
2.514175474643707275e-01
2.803521454334259033e-01
2.420479357242584229e-01
4.317695200443267822e-01
2.639555037021636963e-01
2.504581511020660400e-01
4.137041568756103516e-01
3.640102148056030273e-01
2.470469921827316284e-01
3.938881754875183105e-01
3.881242871284484863e-01
2.447839826345443726e-01
2.415947318077087402e-01
2.447475790977478027e-01
3.971357643604278564e-01
2.938586473464965820e-01
2.504979670047760010e-01
3.254337012767791748e-01
3.684103190898895264e-01
2.436822652816772461e-01
4.400684535503387451e-01
2.408584356307983398e-01
2.453971505165100098e-01
2.423427253961563110e-01
2.652731537818908691e-01
2.537321448326110840e-01
3.311062753200531006e-01
2.423820495605468750e-01
4.362409412860870361e-01
2.518537640571594238e-01
3.868963718414306641e-01
2.714702785015106201e-01
4.020944535732269287e-01
4.414548575878143311e-01
4.355416595935821533e-01
3.531115055084228516e-01
2.445353418588638306e-01
2.422227263450622559e-01
4.094303548336029053e-01
4.307407140731811523e-01
2.447223961353302002e-01
2.710265219211578369e-01
3.681258857250213623e-01
3.000472784042358398e-01
2.456150650978088379e-01
4.486341476440429688e-01
2.685662508010864258e-01
2.555100023746490479e-01
2.437137514352798462e-01
4.257277548313140869e-01
3.875227868556976318e-01
2.480257600545883179e-01
4.234616756439208984e-01
2.628747820854187012e-01
4.051287770271301270e-01
3.948605954647064209e-01
2.770673930644989014e-01
4.207617640495300293e-01
2.503966689109802246e-01
4.388327300548553467e-01
2.414796799421310425e-01
3.988401293754577637e-01
2.633236050605773926e-01
2.431604564189910889e-01
2.416347712278366089e-01
3.299517333507537842e-01
2.413999289274215698e-01
3.367424905300140381e-01
4.356335699558258057e-01
4.395755231380462646e-01
3.675277531147003174e-01
4.400532841682434082e-01
2.428754121065139771e-01
2.459087371826171875e-01
3.455362319946289062e-01
2.418256849050521851e-01
4.477552175521850586e-01
4.309024810791015625e-01
2.439156919717788696e-01
2.447299361228942871e-01
2.422889322042465210e-01
2.472199499607086182e-01
2.603709995746612549e-01
4.256891310214996338e-01
4.199873805046081543e-01
3.951746523380279541e-01
4.482199251651763916e-01
2.422173321247100830e-01
4.477180242538452148e-01
2.619242668151855469e-01
3.149624466896057129e-01
2.450267374515533447e-01
2.515325248241424561e-01
4.381904602050781250e-01
4.193410277366638184e-01
4.281661808490753174e-01
3.853323757648468018e-01
2.670860290527343750e-01
2.418337762355804443e-01
3.948974609375000000e-01
3.863801658153533936e-01
3.789140284061431885e-01
3.915386795997619629e-01
2.530470788478851318e-01
4.345631897449493408e-01
4.343998134136199951e-01
2.788098156452178955e-01
2.416596859693527222e-01
3.659513294696807861e-01
4.406099021434783936e-01
3.289292752742767334e-01
2.423084974288940430e-01
2.499920129776000977e-01
4.313449263572692871e-01
2.730645835399627686e-01
2.438809126615524292e-01
3.268001377582550049e-01
2.421302646398544312e-01
2.563280761241912842e-01
4.376842379570007324e-01
2.463349848985671997e-01
4.239884912967681885e-01
2.476739585399627686e-01
2.532594799995422363e-01
2.454943507909774780e-01
2.502754628658294678e-01
2.552199661731719971e-01
4.334874451160430908e-01
2.523609697818756104e-01
2.507199347019195557e-01
2.707514464855194092e-01
2.483245283365249634e-01
2.614208161830902100e-01
4.076952338218688965e-01
3.215775787830352783e-01
4.354485571384429932e-01
2.433062493801116943e-01
4.126874208450317383e-01
2.502482235431671143e-01
2.454752475023269653e-01
2.508606314659118652e-01
2.437222301959991455e-01
2.406935691833496094e-01
2.654060125350952148e-01
2.560479044914245605e-01
2.467532008886337280e-01
4.474734663963317871e-01
4.155570864677429199e-01
4.104535281658172607e-01
2.414556592702865601e-01
3.863925933837890625e-01
4.387103617191314697e-01
2.424449771642684937e-01
4.425129294395446777e-01
4.379580914974212646e-01
3.016282320022583008e-01
4.298408031463623047e-01
2.434651702642440796e-01
2.486554980278015137e-01
2.553859055042266846e-01
4.366891980171203613e-01
4.433647394180297852e-01
2.524555325508117676e-01
2.424871474504470825e-01
2.423760443925857544e-01
2.441294491291046143e-01
2.540096342563629150e-01
2.464692890644073486e-01
4.012247920036315918e-01
2.624473273754119873e-01
3.091208636760711670e-01
2.534603476524353027e-01
2.479156255722045898e-01
3.168282806873321533e-01
2.687160670757293701e-01
2.434465736150741577e-01
2.693862617015838623e-01
4.335070550441741943e-01
4.373470246791839600e-01
4.398693144321441650e-01
4.057132303714752197e-01
2.422674745321273804e-01
4.375681281089782715e-01
2.435797452926635742e-01
2.440246790647506714e-01
2.474583089351654053e-01
2.440177500247955322e-01
2.425248920917510986e-01
3.484114706516265869e-01
2.426946312189102173e-01
2.729409635066986084e-01
2.414495944976806641e-01
2.422033399343490601e-01
2.420385777950286865e-01
2.498628050088882446e-01
2.670544683933258057e-01
2.437650859355926514e-01
2.463567256927490234e-01
3.732727468013763428e-01
3.048220872879028320e-01
3.202157318592071533e-01
4.469237029552459717e-01
2.419933676719665527e-01
2.418028712272644043e-01
2.427031099796295166e-01
2.424008697271347046e-01
2.506847083568572998e-01
2.368131577968597412e-01
2.498898357152938843e-01
2.483727186918258667e-01
4.397635757923126221e-01
2.470341324806213379e-01
2.655805051326751709e-01
2.431797534227371216e-01
2.466386258602142334e-01
2.457833737134933472e-01
4.376433789730072021e-01
4.407025277614593506e-01
2.408543974161148071e-01
2.931652963161468506e-01
4.305237829685211182e-01
4.119410514831542969e-01
2.415322214365005493e-01
2.410524487495422363e-01
4.096601009368896484e-01
2.527967393398284912e-01
2.637023925781250000e-01
2.418330758810043335e-01
4.325128197669982910e-01
2.597078084945678711e-01
2.498790621757507324e-01
2.649596631526947021e-01
2.446376681327819824e-01
2.644165158271789551e-01
4.353221356868743896e-01
2.447389960289001465e-01
2.435540705919265747e-01
4.262152314186096191e-01
2.421809136867523193e-01
2.851434946060180664e-01
4.324068129062652588e-01
2.424446791410446167e-01
2.535890340805053711e-01
2.410996705293655396e-01
4.349356293678283691e-01
2.955402135848999023e-01
2.523795664310455322e-01
2.418569177389144897e-01
2.416704595088958740e-01
2.530933022499084473e-01
4.308861196041107178e-01
3.553199470043182373e-01
4.385141730308532715e-01
2.359464019536972046e-01
2.429728657007217407e-01
4.407192468643188477e-01
2.413399219512939453e-01
3.710884153842926025e-01
2.464702725410461426e-01
4.344269931316375732e-01
2.412618845701217651e-01
2.437463104724884033e-01
4.249709248542785645e-01
4.369529187679290771e-01
4.376972615718841553e-01
2.416391372680664062e-01
2.428509443998336792e-01
4.426485598087310791e-01
4.357496500015258789e-01
3.251705467700958252e-01
2.424456030130386353e-01
2.805706858634948730e-01
2.723523676395416260e-01
2.429454177618026733e-01
2.442570030689239502e-01
2.964797317981719971e-01
2.443121671676635742e-01
2.448462843894958496e-01
4.490556716918945312e-01
2.427530139684677124e-01
3.014297783374786377e-01
4.414305984973907471e-01
3.992395699024200439e-01
4.374449551105499268e-01
2.645947039127349854e-01
4.338247179985046387e-01
2.495075911283493042e-01
2.550765275955200195e-01
3.914722800254821777e-01
2.750574350357055664e-01
2.802211046218872070e-01
2.424555420875549316e-01
2.472825646400451660e-01
4.248783588409423828e-01
2.418554425239562988e-01
3.390660583972930908e-01
2.416463494300842285e-01
2.596383392810821533e-01
3.726723492145538330e-01
2.420214861631393433e-01
2.489465326070785522e-01
2.413153201341629028e-01
2.913679480552673340e-01
3.660974800586700439e-01
2.435573488473892212e-01
2.504670321941375732e-01
4.392445385456085205e-01
2.591013312339782715e-01
2.857399880886077881e-01
2.437664419412612915e-01
2.440950572490692139e-01
2.491627484560012817e-01
2.603818774223327637e-01
2.926222980022430420e-01
4.389123916625976562e-01
3.815582394599914551e-01
3.954030275344848633e-01
2.422163188457489014e-01
4.473991096019744873e-01
3.791777193546295166e-01
2.449390292167663574e-01
2.427602112293243408e-01
2.873561382293701172e-01
2.702472209930419922e-01
4.356904625892639160e-01
4.395533800125122070e-01
4.460295438766479492e-01
2.422674745321273804e-01
2.423893809318542480e-01
2.555928230285644531e-01
3.830223679542541504e-01
3.272533714771270752e-01
3.947802484035491943e-01
4.244473576545715332e-01
2.494642883539199829e-01
3.155792355537414551e-01
2.484609484672546387e-01
2.426947206258773804e-01
3.759600222110748291e-01
2.771431207656860352e-01
2.437689155340194702e-01
3.070391714572906494e-01
2.815288901329040527e-01
2.513622045516967773e-01
2.445793449878692627e-01
2.418602108955383301e-01
4.024162888526916504e-01
2.430750429630279541e-01
2.560892403125762939e-01
4.392866790294647217e-01
2.611303329467773438e-01
4.404611885547637939e-01
4.409265518188476562e-01
2.469574958086013794e-01
3.859329223632812500e-01
4.363545775413513184e-01
4.441822469234466553e-01
4.377401173114776611e-01
3.769161403179168701e-01
3.476829528808593750e-01
2.471341192722320557e-01
3.085480332374572754e-01
4.299379587173461914e-01
2.434730231761932373e-01
2.536786496639251709e-01
2.589237689971923828e-01
2.416994869709014893e-01
2.468014061450958252e-01
3.819962441921234131e-01
2.447902709245681763e-01
3.851523697376251221e-01
2.471269071102142334e-01
2.416999042034149170e-01
2.579696774482727051e-01
2.617540657520294189e-01
4.370386898517608643e-01
2.413266748189926147e-01
2.855129241943359375e-01
2.424747496843338013e-01
4.414201974868774414e-01
3.316004276275634766e-01
4.245664775371551514e-01
2.666693925857543945e-01
2.429574728012084961e-01
3.905792534351348877e-01
4.049078524112701416e-01
2.465830445289611816e-01
2.417518049478530884e-01
4.323955178260803223e-01
2.927184998989105225e-01
4.434883594512939453e-01
2.665370404720306396e-01
2.445430755615234375e-01
2.417653053998947144e-01
4.380734860897064209e-01
2.422319352626800537e-01
4.265086650848388672e-01
2.428800314664840698e-01
2.529092729091644287e-01
2.553887069225311279e-01
4.298638701438903809e-01
4.449210762977600098e-01
3.470925092697143555e-01
2.627668976783752441e-01
3.853868246078491211e-01
2.417262345552444458e-01
2.415544092655181885e-01
2.437382638454437256e-01
2.416250258684158325e-01
4.368312358856201172e-01
4.007229804992675781e-01
4.415926039218902588e-01
3.237519264221191406e-01
4.198683202266693115e-01
2.447916418313980103e-01
2.426491379737854004e-01
4.351386427879333496e-01
2.440880686044692993e-01
2.622907757759094238e-01
2.432195097208023071e-01
2.414480894804000854e-01
2.415436208248138428e-01
2.482097595930099487e-01
3.287661373615264893e-01
4.093262553215026855e-01
2.418171018362045288e-01
3.970880806446075439e-01
2.844475209712982178e-01
4.191689193248748779e-01
2.421211302280426025e-01
4.344646930694580078e-01
3.381537199020385742e-01
4.418646097183227539e-01
2.510647177696228027e-01
2.426196187734603882e-01
3.138810694217681885e-01
2.495943307876586914e-01
3.527196049690246582e-01
2.495792508125305176e-01
4.320139586925506592e-01
4.289281666278839111e-01
4.392369985580444336e-01
4.474716484546661377e-01
2.527545392513275146e-01
2.416371107101440430e-01
4.321542680263519287e-01
3.763810098171234131e-01
4.419425129890441895e-01
4.447636008262634277e-01
2.672659456729888916e-01
2.688509523868560791e-01
2.424318343400955200e-01
2.418090105056762695e-01
3.438084721565246582e-01
2.421737462282180786e-01
2.431325018405914307e-01
3.322884738445281982e-01
4.371154308319091797e-01
4.404184520244598389e-01
4.288288652896881104e-01
2.519392669200897217e-01
3.390566110610961914e-01
2.584261298179626465e-01
2.429902851581573486e-01
3.418912291526794434e-01
4.394387602806091309e-01
2.430463284254074097e-01
4.351722300052642822e-01
4.405132830142974854e-01
4.172552525997161865e-01
2.451201081275939941e-01
4.353421628475189209e-01
2.505758404731750488e-01
4.245680272579193115e-01
3.420060575008392334e-01
4.390369057655334473e-01
2.553429901599884033e-01
2.416404783725738525e-01
2.889018654823303223e-01
4.420319497585296631e-01
4.329023957252502441e-01
2.581992149353027344e-01
2.555917501449584961e-01
4.392258822917938232e-01
2.850680649280548096e-01
2.985637485980987549e-01
2.431557327508926392e-01
2.729341387748718262e-01
2.632746398448944092e-01
2.424607276916503906e-01
4.116674363613128662e-01
2.507831156253814697e-01
2.423469722270965576e-01
2.430092096328735352e-01
2.430076301097869873e-01
4.038439691066741943e-01
4.269142150878906250e-01
2.424477785825729370e-01
2.413535118103027344e-01
2.419940084218978882e-01
3.681769371032714844e-01
4.410826563835144043e-01
2.534411847591400146e-01
3.910749554634094238e-01
2.411421984434127808e-01
2.436406463384628296e-01
2.425197213888168335e-01
4.374918043613433838e-01
2.497946470975875854e-01
3.850190937519073486e-01
2.778949141502380371e-01
2.448831945657730103e-01
2.417503893375396729e-01
4.188478589057922363e-01
2.607355713844299316e-01
4.342335462570190430e-01
2.447903305292129517e-01
2.416874021291732788e-01
4.377798438072204590e-01
3.654218614101409912e-01
2.415802627801895142e-01
2.429814785718917847e-01
2.416825443506240845e-01
3.816747069358825684e-01
4.066270291805267334e-01
2.532418966293334961e-01
2.422703504562377930e-01
3.809128701686859131e-01
2.498338967561721802e-01
2.940981388092041016e-01
4.409128129482269287e-01
2.453705966472625732e-01
4.010104537010192871e-01
2.423824965953826904e-01
2.413990199565887451e-01
2.430917471647262573e-01
2.439105808734893799e-01
3.773318529129028320e-01
2.455445975065231323e-01
3.003176450729370117e-01
2.434513270854949951e-01
4.242177009582519531e-01
2.470711469650268555e-01
2.424488514661788940e-01
2.646137177944183350e-01
3.996342122554779053e-01
3.482507765293121338e-01
2.619676887989044189e-01
4.116603136062622070e-01
2.522647678852081299e-01
2.437993139028549194e-01
2.699102163314819336e-01
2.410133332014083862e-01
2.558922171592712402e-01
2.442925721406936646e-01
4.444971978664398193e-01
4.155345261096954346e-01
3.879791796207427979e-01
2.659473419189453125e-01
2.501983344554901123e-01
4.216633141040802002e-01
3.940708041191101074e-01
3.042311072349548340e-01
4.424667358398437500e-01
2.445168197154998779e-01
2.416083812713623047e-01
3.512921631336212158e-01
4.393359124660491943e-01
3.395271599292755127e-01
4.290086328983306885e-01
2.458280771970748901e-01
4.391469657421112061e-01
2.454146295785903931e-01
2.906144559383392334e-01
3.660567402839660645e-01
2.414383590221405029e-01
3.029463589191436768e-01
2.454646825790405273e-01
2.421532720327377319e-01
2.496002167463302612e-01
3.483638763427734375e-01
4.483978450298309326e-01
2.414714545011520386e-01
4.366905093193054199e-01
3.802731335163116455e-01
2.468023300170898438e-01
4.325443804264068604e-01
4.140804111957550049e-01
2.619763314723968506e-01
2.443136870861053467e-01
4.178393483161926270e-01
3.872140347957611084e-01
2.424172312021255493e-01
2.582764625549316406e-01
4.188638329505920410e-01
2.791742086410522461e-01
2.418083399534225464e-01
3.786048293113708496e-01
4.205363392829895020e-01
2.495370209217071533e-01
3.827697932720184326e-01
3.590158522129058838e-01
3.955668807029724121e-01
3.620779216289520264e-01
2.430235147476196289e-01
4.321708977222442627e-01
2.440604120492935181e-01
2.418675273656845093e-01
3.248906731605529785e-01
3.417164385318756104e-01
2.482886910438537598e-01
2.426002472639083862e-01
4.189399480819702148e-01
4.474531412124633789e-01
2.759655714035034180e-01
2.583424448966979980e-01
4.160692393779754639e-01
2.419044822454452515e-01
4.346180260181427002e-01
2.412578314542770386e-01
4.351657330989837646e-01
2.427974492311477661e-01
2.716421484947204590e-01
3.962714970111846924e-01
2.438087016344070435e-01
2.439493685960769653e-01
3.436140120029449463e-01
4.394595623016357422e-01
4.075267910957336426e-01
3.954152464866638184e-01
2.536254227161407471e-01
2.422352582216262817e-01
3.960656225681304932e-01
3.935033679008483887e-01
4.469479620456695557e-01
4.393039345741271973e-01
2.433875203132629395e-01
3.647718131542205811e-01
2.418570369482040405e-01
2.422547638416290283e-01
3.910603821277618408e-01
4.410384595394134521e-01
2.446136474609375000e-01
4.384046494960784912e-01
2.613566219806671143e-01
4.461813867092132568e-01
2.520429193973541260e-01
4.134654104709625244e-01
2.431924641132354736e-01
2.418203800916671753e-01
3.090089261531829834e-01
3.747175931930541992e-01
4.435648620128631592e-01
3.968463242053985596e-01
2.430148124694824219e-01
4.406718015670776367e-01
4.386659860610961914e-01
2.671793699264526367e-01
2.423326373100280762e-01
2.563829421997070312e-01
4.187225103378295898e-01
2.442841976881027222e-01
4.187939167022705078e-01
2.801453471183776855e-01
4.307136833667755127e-01
4.391720592975616455e-01
4.331757724285125732e-01
4.261465966701507568e-01
4.378290176391601562e-01
2.430810928344726562e-01
2.428362369537353516e-01
3.758134841918945312e-01
3.138815164566040039e-01
3.388676643371582031e-01
2.574577629566192627e-01
4.271181821823120117e-01
2.457579374313354492e-01
2.454032599925994873e-01
4.413128495216369629e-01
2.457480579614639282e-01
2.432797253131866455e-01
3.462171256542205811e-01
3.973109126091003418e-01
4.437814950942993164e-01
4.192821979522705078e-01
2.444537132978439331e-01
2.426906526088714600e-01
2.548637688159942627e-01
4.450868964195251465e-01
2.418120205402374268e-01
2.663591504096984863e-01
2.422674745321273804e-01
2.417557686567306519e-01
2.734981477260589600e-01
3.416478037834167480e-01
4.290392398834228516e-01
2.816910743713378906e-01
2.435882389545440674e-01
4.300735294818878174e-01
2.931151986122131348e-01
2.989212274551391602e-01
2.611496150493621826e-01
2.441028803586959839e-01
2.438998073339462280e-01
4.243052899837493896e-01
2.416861653327941895e-01
4.004710614681243896e-01
2.438046783208847046e-01
2.730192542076110840e-01
2.725486159324645996e-01
2.434557229280471802e-01
2.472054362297058105e-01
2.422112226486206055e-01
2.456582784652709961e-01
3.009163439273834229e-01
2.467982918024063110e-01
2.483751028776168823e-01
3.626950979232788086e-01
2.648219168186187744e-01
3.731322288513183594e-01
2.419284582138061523e-01
2.461399734020233154e-01
3.067554831504821777e-01
4.242931902408599854e-01
2.421151399612426758e-01
4.415324032306671143e-01
4.102944433689117432e-01
4.361958503723144531e-01
2.547198534011840820e-01
2.466692626476287842e-01
2.417071759700775146e-01
2.439765036106109619e-01
2.470701932907104492e-01
4.193153381347656250e-01
2.597424387931823730e-01
4.399810433387756348e-01
4.403469562530517578e-01
3.272560238838195801e-01
4.259364008903503418e-01
2.478352934122085571e-01
3.647572994232177734e-01
2.722063660621643066e-01
2.625311017036437988e-01
4.396589696407318115e-01
2.642084956169128418e-01
3.332049548625946045e-01
2.422555536031723022e-01
2.528462111949920654e-01
2.599237859249114990e-01
4.067555665969848633e-01
3.529160320758819580e-01
3.697362840175628662e-01
3.330271840095520020e-01
2.435713708400726318e-01
4.385551810264587402e-01
4.214273691177368164e-01
4.039130210876464844e-01
3.890275359153747559e-01
2.407118529081344604e-01
4.304870367050170898e-01
2.471444904804229736e-01
2.415869981050491333e-01
2.419820576906204224e-01
4.337264001369476318e-01
3.037869036197662354e-01
2.453669160604476929e-01
2.412687838077545166e-01
4.241588413715362549e-01
2.412592470645904541e-01
2.420096695423126221e-01
2.472159862518310547e-01
2.447417527437210083e-01
2.569315731525421143e-01
2.443489581346511841e-01
2.941272854804992676e-01
2.417427897453308105e-01
4.296210110187530518e-01
4.190557599067687988e-01
2.515564858913421631e-01
3.842048943042755127e-01
2.733798027038574219e-01
2.586853802204132080e-01
3.751250505447387695e-01
2.431584596633911133e-01
4.159247279167175293e-01
2.419964075088500977e-01
2.867006063461303711e-01
2.432192862033843994e-01
2.442885190248489380e-01
4.339205622673034668e-01
2.421195656061172485e-01
2.433487772941589355e-01
2.616554200649261475e-01
2.806655168533325195e-01
4.028061926364898682e-01
4.408345520496368408e-01
2.436871975660324097e-01
3.187025785446166992e-01
2.428568601608276367e-01
2.421366721391677856e-01
3.617881238460540771e-01
3.516681790351867676e-01
4.296277463436126709e-01
2.440022528171539307e-01
2.443835437297821045e-01
4.356368184089660645e-01
2.659220397472381592e-01
4.050945043563842773e-01
2.422350049018859863e-01
4.085351228713989258e-01
3.380727767944335938e-01
2.416301667690277100e-01
