3.889884427189826965e-02
8.929308652877807617e-01
2.233769297599792480e-01
8.930084705352783203e-01
2.750172019004821777e-01
1.597944796085357666e-01
3.474431335926055908e-01
2.631066441535949707e-01
8.757474422454833984e-01
1.668604761362075806e-01
3.269659876823425293e-01
1.093966290354728699e-01
8.305914998054504395e-01
6.065215468406677246e-01
1.872036606073379517e-01
2.656939029693603516e-01
1.551742106676101685e-01
6.677960753440856934e-01
9.391195178031921387e-01
3.428530693054199219e-01
8.312414884567260742e-01
8.539407253265380859e-01
1.188870593905448914e-01
1.430499553680419922e-01
2.710972130298614502e-01
8.325326442718505859e-02
7.190638780593872070e-01
2.932275235652923584e-01
3.359019458293914795e-01
3.000166416168212891e-01
2.555692195892333984e-01
3.784153982996940613e-02
8.596751689910888672e-01
1.254654526710510254e-01
3.410694897174835205e-01
2.034420818090438843e-01
4.337930679321289062e-01
1.559905409812927246e-01
3.151657879352569580e-01
9.201546311378479004e-01
1.937784701585769653e-01
2.058589607477188110e-01
1.134085878729820251e-01
9.972433000802993774e-02
9.090444445610046387e-02
2.537923753261566162e-01
3.008345961570739746e-01
6.106160879135131836e-01
3.821066394448280334e-02
8.373258709907531738e-01
1.860667467117309570e-01
1.001150533556938171e-01
2.568073272705078125e-01
2.762485742568969727e-01
1.827820241451263428e-01
1.468846648931503296e-01
8.894194960594177246e-01
1.943515688180923462e-01
1.085492298007011414e-01
1.762434393167495728e-01
2.482041120529174805e-01
2.162677645683288574e-01
1.226632371544837952e-01
1.302440911531448364e-01
1.509211063385009766e-01
2.356347888708114624e-01
1.221472918987274170e-01
1.697988808155059814e-01
4.502753317356109619e-01
1.287261694669723511e-01
5.867159739136695862e-02
6.680020689964294434e-01
4.412361979484558105e-01
1.576586812734603882e-01
4.445841610431671143e-01
1.552369594573974609e-01
6.064319983124732971e-02
3.983557224273681641e-02
1.276020556688308716e-01
1.300966441631317139e-01
8.945627212524414062e-01
7.160847783088684082e-01
8.538451194763183594e-01
4.913095235824584961e-01
9.019157290458679199e-01
6.699973344802856445e-01
9.879137575626373291e-02
1.961664408445358276e-01
8.866109848022460938e-01
2.116529196500778198e-01
7.574054002761840820e-01
1.758778691291809082e-01
9.705610573291778564e-02
6.858358383178710938e-01
4.515024125576019287e-01
4.805539250373840332e-01
2.595020532608032227e-01
8.724778294563293457e-01
1.203930079936981201e-01
1.667008697986602783e-01
5.720276236534118652e-01
2.137707322835922241e-01
3.308970034122467041e-01
2.588666975498199463e-01
3.001092374324798584e-01
1.827038228511810303e-01
7.021107524633407593e-02
4.063037037849426270e-01
3.888128995895385742e-01
3.283944129943847656e-01
3.773572444915771484e-01
9.404434263706207275e-02
1.645973324775695801e-01
9.283588528633117676e-01
2.491567730903625488e-01
1.619393378496170044e-01
9.095771312713623047e-01
1.053828671574592590e-01
2.216162085533142090e-01
8.003034591674804688e-01
4.238516837358474731e-02
2.075626850128173828e-01
1.963519155979156494e-01
5.502053499221801758e-01
8.995218276977539062e-01
1.305141597986221313e-01
1.394843757152557373e-01
2.264897078275680542e-01
6.239619106054306030e-02
1.632662862539291382e-01
9.284278154373168945e-01
5.680027604103088379e-01
9.179500937461853027e-01
1.904060989618301392e-01
7.097824215888977051e-01
4.549149572849273682e-01
8.709452748298645020e-01
3.256430625915527344e-01
3.180497884750366211e-01
5.351710692048072815e-02
7.036961317062377930e-01
6.466231942176818848e-01
6.344742178916931152e-01
2.233041524887084961e-01
2.382783591747283936e-01
1.562476307153701782e-01
4.465570449829101562e-01
7.628161311149597168e-01
5.067917108535766602e-01
1.893248111009597778e-01
8.450913429260253906e-02
1.847312748432159424e-01
7.267138361930847168e-02
1.651673316955566406e-01
2.005759626626968384e-01
1.637805998325347900e-01
2.736856043338775635e-01
2.243047505617141724e-01
3.239489495754241943e-01
8.661779761314392090e-01
2.711361050605773926e-01
5.173386931419372559e-01
1.770031601190567017e-01
2.443406134843826294e-01
8.642793297767639160e-01
3.931460976600646973e-01
3.413754999637603760e-01
3.571832180023193359e-01
1.665780991315841675e-01
4.121715724468231201e-01
1.620944887399673462e-01
8.778393268585205078e-02
2.673546969890594482e-01
6.203390359878540039e-01
1.787900030612945557e-01
8.850041031837463379e-01
3.235786259174346924e-01
1.099377349019050598e-01
8.974014520645141602e-01
2.019395977258682251e-01
2.205958068370819092e-01
1.333741694688796997e-01
1.455341428518295288e-01
1.801113784313201904e-01
1.325715929269790649e-01
2.161379307508468628e-01
2.302647083997726440e-01
5.429633855819702148e-01
2.947371304035186768e-01
3.988257944583892822e-01
1.356127709150314331e-01
4.860713779926300049e-01
1.124549582600593567e-01
6.793861985206604004e-01
3.217766582965850830e-01
6.827305555343627930e-01
1.004305481910705566e-01
2.236204147338867188e-01
4.870056509971618652e-01
4.243812337517738342e-02
3.949777781963348389e-02
1.719089150428771973e-01
9.088438749313354492e-01
2.843139767646789551e-01
3.690790235996246338e-01
8.742286562919616699e-01
8.199294209480285645e-01
6.696991622447967529e-02
9.426347017288208008e-01
1.279371827840805054e-01
4.178700745105743408e-01
9.816160798072814941e-02
1.817227900028228760e-01
5.456577539443969727e-01
2.584680020809173584e-01
4.239259287714958191e-02
7.919795513153076172e-01
3.502778410911560059e-01
8.209220170974731445e-01
1.432787328958511353e-01
9.182618856430053711e-01
9.456561207771301270e-01
6.346266269683837891e-01
1.519836336374282837e-01
1.957542002201080322e-01
1.359914988279342651e-01
6.849947571754455566e-01
6.023319959640502930e-01
1.681297272443771362e-01
7.485242486000061035e-01
4.121656417846679688e-01
8.483756780624389648e-01
1.917750835418701172e-01
6.937730312347412109e-01
9.088498950004577637e-01
3.202897906303405762e-01
3.574230372905731201e-01
9.198938608169555664e-01
2.350856363773345947e-01
1.820349544286727905e-01
8.865585327148437500e-01
1.693900078535079956e-01
5.569031834602355957e-01
1.443008482456207275e-01
2.283169627189636230e-01
3.994856774806976318e-01
1.402136683464050293e-01
9.312500953674316406e-01
2.146955281496047974e-01
8.178656697273254395e-01
3.266384601593017578e-01
7.646494358777999878e-02
1.920927315950393677e-01
1.774746924638748169e-01
1.643683314323425293e-01
1.292169243097305298e-01
2.104032635688781738e-01
7.032170891761779785e-01
1.598152816295623779e-01
7.254963517189025879e-01
1.500097215175628662e-01
7.714695334434509277e-01
4.484467804431915283e-01
9.276106208562850952e-02
1.851128786802291870e-01
2.793559134006500244e-01
2.690545618534088135e-01
3.120861947536468506e-01
1.459837406873703003e-01
5.394471883773803711e-01
7.890121340751647949e-01
8.789719939231872559e-01
2.135255187749862671e-01
2.037096768617630005e-01
5.926386713981628418e-01
2.084131240844726562e-01
7.601393461227416992e-01
2.815446257591247559e-01
8.668945431709289551e-01
1.507198214530944824e-01
2.478799372911453247e-01
9.159560799598693848e-01
1.592358499765396118e-01
5.368538498878479004e-01
3.599329888820648193e-01
2.810330092906951904e-01
1.439813226461410522e-01
1.459079086780548096e-01
2.719697654247283936e-01
1.582402139902114868e-01
1.511838585138320923e-01
5.052307844161987305e-01
8.385940194129943848e-01
5.812143087387084961e-01
2.120570689439773560e-01
5.104281380772590637e-02
2.307704985141754150e-01
8.931066989898681641e-01
3.092901706695556641e-01
1.608152836561203003e-01
8.676728010177612305e-01
3.325753509998321533e-01
2.844719886779785156e-01
1.726651489734649658e-01
1.329458355903625488e-01
8.916839957237243652e-02
1.834590435028076172e-01
6.120329499244689941e-01
8.515236973762512207e-01
4.820033013820648193e-01
6.943105459213256836e-01
1.428785920143127441e-01
1.885607540607452393e-01
1.999258548021316528e-01
7.738111615180969238e-01
3.054852783679962158e-01
9.119029641151428223e-01
7.219456434249877930e-01
2.504085898399353027e-01
1.734499037265777588e-01
5.944170355796813965e-01
1.857081204652786255e-01
4.924793839454650879e-01
9.114472866058349609e-01
4.976822733879089355e-01
2.012164592742919922e-01
2.270088195800781250e-01
7.565458863973617554e-02
1.326617449522018433e-01
1.700469255447387695e-01
4.500702768564224243e-02
1.239899098873138428e-01
5.985950231552124023e-01
1.284481883049011230e-01
2.847885787487030029e-01
8.493951559066772461e-01
2.711338698863983154e-01
4.881313815712928772e-02
1.839800626039505005e-01
3.004253208637237549e-01
1.220180764794349670e-01
2.551758587360382080e-01
6.401237845420837402e-01
2.159281373023986816e-01
8.794157505035400391e-01
4.101576283574104309e-02
1.877546757459640503e-01
7.065436840057373047e-01
2.113555371761322021e-01
7.868943810462951660e-01
1.660933792591094971e-01
4.809081926941871643e-02
4.587361961603164673e-02
1.442123949527740479e-01
3.105031549930572510e-01
1.075659841299057007e-01
7.913338541984558105e-01
2.047413736581802368e-01
1.612580269575119019e-01
6.209888458251953125e-01
1.606435030698776245e-01
3.058936893939971924e-01
1.528678238391876221e-01
1.598313152790069580e-01
7.756008505821228027e-01
2.938866615295410156e-01
2.856004238128662109e-01
9.211023449897766113e-01
1.966862082481384277e-01
2.697354853153228760e-01
4.471920728683471680e-01
1.410026550292968750e-01
1.972035020589828491e-01
1.817519664764404297e-01
1.394357383251190186e-01
1.390553861856460571e-01
1.957284808158874512e-01
1.457500159740447998e-01
9.082626104354858398e-01
1.155816093087196350e-01
9.451431781053543091e-02
4.091238602995872498e-02
8.442718386650085449e-01
6.626259684562683105e-01
2.425701022148132324e-01
1.450223326683044434e-01
2.584531307220458984e-01
2.541718780994415283e-01
2.158917486667633057e-01
2.835932672023773193e-01
3.964137285947799683e-02
1.303186565637588501e-01
1.662789881229400635e-01
1.768226325511932373e-01
1.722157597541809082e-01
6.082999333739280701e-02
6.166837215423583984e-01
2.903147339820861816e-01
7.509061098098754883e-01
1.638647019863128662e-01
2.683701813220977783e-01
1.267136335372924805e-01
8.230396509170532227e-01
4.044962823390960693e-01
7.051630020141601562e-01
8.756687641143798828e-01
3.029688000679016113e-01
3.326112329959869385e-01
2.161088287830352783e-01
1.627127230167388916e-01
1.224715709686279297e-01
4.129207506775856018e-02
2.533957362174987793e-01
5.408568978309631348e-01
8.613590002059936523e-01
4.038943722844123840e-02
2.116033434867858887e-01
1.593510806560516357e-01
9.720262140035629272e-02
1.603568792343139648e-01
1.472339481115341187e-01
5.558771491050720215e-01
8.381797671318054199e-01
4.096879065036773682e-02
1.921427249908447266e-01
3.479716181755065918e-01
6.315420567989349365e-02
1.076649948954582214e-01
2.750313282012939453e-01
1.738598495721817017e-01
1.910113990306854248e-01
9.134546667337417603e-02
6.574842929840087891e-01
6.419460177421569824e-01
1.793034076690673828e-01
1.318661570549011230e-01
1.983371526002883911e-01
1.928707957267761230e-01
5.645922422409057617e-01
2.687254250049591064e-01
2.258932143449783325e-01
8.483841270208358765e-02
1.467696428298950195e-01
6.844876408576965332e-01
1.847763806581497192e-01
3.114683032035827637e-01
4.534038528800010681e-02
9.016573429107666016e-01
1.321332603693008423e-01
5.384979769587516785e-02
2.949576079845428467e-01
8.395827412605285645e-01
4.118842780590057373e-01
9.562896192073822021e-02
1.083710417151451111e-01
2.242880910634994507e-01
4.457539021968841553e-01
1.367680728435516357e-01
1.427518725395202637e-01
2.482241541147232056e-01
2.739688158035278320e-01
2.421188652515411377e-01
1.631404459476470947e-01
2.784511148929595947e-01
1.179775819182395935e-01
1.508281081914901733e-01
8.427199721336364746e-01
3.456454575061798096e-01
2.180356830358505249e-01
9.471749067306518555e-01
2.220619022846221924e-01
4.068272113800048828e-01
1.853337883949279785e-01
8.309848308563232422e-01
2.717438340187072754e-01
7.941602170467376709e-02
8.963845968246459961e-01
8.525466322898864746e-01
5.271423459053039551e-01
3.671294078230857849e-02
4.052781164646148682e-01
2.785229682922363281e-01
1.669374853372573853e-01
4.964846074581146240e-01
6.151081621646881104e-02
1.633826941251754761e-01
2.235429137945175171e-01
1.892234534025192261e-01
1.546244025230407715e-01
4.380298554897308350e-01
1.414462476968765259e-01
5.601459741592407227e-01
1.443790197372436523e-01
4.988368451595306396e-01
4.497158825397491455e-01
4.074418246746063232e-01
2.066207677125930786e-01
2.652004063129425049e-01
1.812331378459930420e-01
2.454937547445297241e-01
8.755383491516113281e-01
2.099254131317138672e-01
3.925275504589080811e-01
9.169417023658752441e-01
1.450148820877075195e-01
1.196298524737358093e-01
4.216156303882598877e-01
1.179025098681449890e-01
8.217223286628723145e-01
7.882469147443771362e-02
2.024132609367370605e-01
2.447625249624252319e-01
7.593168616294860840e-01
3.134719431400299072e-01
3.683126866817474365e-01
2.697354853153228760e-01
2.044973820447921753e-01
5.573911070823669434e-01
1.799671798944473267e-01
2.678361833095550537e-01
1.330875009298324585e-01
4.354608356952667236e-01
1.521837115287780762e-01
3.456039130687713623e-01
6.231619119644165039e-01
2.955052554607391357e-01
2.781688868999481201e-01
8.708589673042297363e-01
1.283524483442306519e-01
5.760317444801330566e-01
2.862547039985656738e-01
3.727658689022064209e-01
2.333129644393920898e-01
2.350588738918304443e-01
4.079461395740509033e-01
4.037625193595886230e-01
4.128919243812561035e-01
4.643744230270385742e-01
9.334821701049804688e-01
9.424139261245727539e-01
9.431952834129333496e-01
5.211938917636871338e-02
2.916067242622375488e-01
2.460707724094390869e-01
3.197099268436431885e-01
9.340660572052001953e-01
2.852491736412048340e-01
1.966903209686279297e-01
2.055032700300216675e-01
1.491035372018814087e-01
8.915610909461975098e-01
3.864878043532371521e-02
1.600201129913330078e-01
8.584396839141845703e-01
7.614593952894210815e-02
1.553718596696853638e-01
2.760081887245178223e-01
5.760678648948669434e-01
9.346785545349121094e-01
6.240982934832572937e-02
9.200055152177810669e-02
2.107550650835037231e-01
8.686118125915527344e-01
9.235017895698547363e-01
3.793061897158622742e-02
8.126932978630065918e-01
7.093942165374755859e-02
5.294809341430664062e-01
1.802429258823394775e-01
8.038817644119262695e-01
7.768366932868957520e-01
1.412505656480789185e-01
3.474273085594177246e-01
8.308617472648620605e-01
4.042810201644897461e-02
5.000109970569610596e-02
5.299493670463562012e-01
6.649705767631530762e-02
6.930048763751983643e-02
1.627331227064132690e-01
2.833722233772277832e-01
4.509120061993598938e-02
8.174895048141479492e-01
2.520560920238494873e-01
2.593464553356170654e-01
6.661890447139739990e-02
3.236153721809387207e-01
9.063766002655029297e-01
8.297997713088989258e-01
8.827479481697082520e-01
2.406803071498870850e-01
5.441436767578125000e-01
2.127410173416137695e-01
3.667736947536468506e-01
1.782269328832626343e-01
1.426197439432144165e-01
5.151653662323951721e-02
6.451267004013061523e-01
8.589317798614501953e-01
7.689785361289978027e-01
1.340905576944351196e-01
4.317184090614318848e-01
1.798539459705352783e-01
2.083498686552047729e-01
9.098961353302001953e-01
7.377543449401855469e-01
2.192951738834381104e-01
1.459952145814895630e-01
9.493259340524673462e-02
4.010440036654472351e-02
2.703091204166412354e-01
9.003322720527648926e-01
2.332713305950164795e-01
5.037451162934303284e-02
1.827341765165328979e-01
2.737729549407958984e-01
4.715862870216369629e-01
1.221520453691482544e-01
2.808695435523986816e-01
3.351486921310424805e-01
9.164618253707885742e-01
2.464532405138015747e-01
1.664849072694778442e-01
2.194488495588302612e-01
2.077658176422119141e-01
2.502383887767791748e-01
5.802420154213905334e-02
3.389667868614196777e-01
9.104487299919128418e-01
8.212261199951171875e-01
4.924290776252746582e-01
8.320181816816329956e-02
1.134023889899253845e-01
5.710421204566955566e-01
6.057592034339904785e-01
2.953555583953857422e-01
4.114329218864440918e-01
7.933143377304077148e-01
1.284269392490386963e-01
8.096611499786376953e-02
4.628917574882507324e-02
3.888154923915863037e-01
4.500988721847534180e-01
4.308611154556274414e-02
2.194256633520126343e-01
7.267386913299560547e-01
3.232486546039581299e-01
7.468923330307006836e-01
2.605528533458709717e-01
2.549080252647399902e-01
1.397136151790618896e-01
1.328892707824707031e-01
7.586871385574340820e-01
9.338532686233520508e-01
4.678054153919219971e-02
9.330756068229675293e-01
9.372306466102600098e-01
8.075927495956420898e-01
3.329485654830932617e-01
8.021048307418823242e-01
1.263630390167236328e-01
3.562130928039550781e-01
7.323830127716064453e-01
8.491503000259399414e-01
7.722489237785339355e-01
1.127830222249031067e-01
1.298294812440872192e-01
3.069270551204681396e-01
8.879532217979431152e-01
1.925855726003646851e-01
1.750843077898025513e-01
3.448097109794616699e-01
3.801064193248748779e-01
3.177650868892669678e-01
3.445064425468444824e-01
3.529784679412841797e-01
2.795590758323669434e-01
3.326214551925659180e-01
6.850802898406982422e-01
4.522608220577239990e-01
4.578462615609169006e-02
7.907680869102478027e-01
5.592487752437591553e-02
6.156832575798034668e-01
8.110953569412231445e-01
1.439978331327438354e-01
9.756570309400558472e-02
1.462947577238082886e-01
4.678401648998260498e-01
9.402975440025329590e-01
3.923258483409881592e-01
8.803223967552185059e-01
9.747482836246490479e-02
4.151536896824836731e-02
8.726652711629867554e-02
9.080307483673095703e-01
2.655565738677978516e-01
6.721735596656799316e-01
5.089735388755798340e-01
2.357238680124282837e-01
1.656105071306228638e-01
4.637433961033821106e-02
6.223138570785522461e-01
9.318262934684753418e-01
9.158130735158920288e-02
1.306293308734893799e-01
8.775666952133178711e-01
1.918605715036392212e-01
4.778473079204559326e-02
3.019127547740936279e-01
1.325307786464691162e-01
1.858139187097549438e-01
2.484196871519088745e-01
3.901180922985076904e-01
4.251731932163238525e-02
2.181822210550308228e-01
1.052356883883476257e-01
9.144151210784912109e-02
7.807902097702026367e-01
3.069147467613220215e-01
2.038534134626388550e-01
4.414101317524909973e-02
8.052769303321838379e-02
1.465809345245361328e-01
1.857225149869918823e-01
1.862107813358306885e-01
3.448219001293182373e-01
1.162656545639038086e-01
2.219142764806747437e-01
9.382070899009704590e-01
1.027260348200798035e-01
3.002802431583404541e-01
1.494088619947433472e-01
7.296639680862426758e-01
3.837480545043945312e-01
1.133889034390449524e-01
3.171123862266540527e-01
9.284105300903320312e-01
1.367614865303039551e-01
1.644865870475769043e-01
4.540090262889862061e-02
2.059054523706436157e-01
1.838932037353515625e-01
6.177461147308349609e-01
3.136538267135620117e-01
2.053234279155731201e-01
8.884809613227844238e-01
5.149859786033630371e-01
6.528530716896057129e-01
2.673206925392150879e-01
1.079161614179611206e-01
7.663611173629760742e-01
1.556467264890670776e-01
4.153115674853324890e-02
8.991116285324096680e-01
7.050544619560241699e-01
7.365959286689758301e-01
5.916970968246459961e-01
1.228150799870491028e-01
3.947154581546783447e-01
2.296492904424667358e-01
2.308512926101684570e-01
2.653852701187133789e-01
1.010134890675544739e-01
1.369881480932235718e-01
3.506166636943817139e-01
1.784329712390899658e-01
7.108401656150817871e-01
7.223117351531982422e-01
6.875110268592834473e-01
1.189053654670715332e-01
8.905352950096130371e-01
8.235809206962585449e-01
1.315201818943023682e-01
8.913295269012451172e-01
4.546551704406738281e-01
5.252183079719543457e-01
1.083340942859649658e-01
9.054772257804870605e-01
2.924853563308715820e-01
1.551253646612167358e-01
7.481900453567504883e-01
2.360843569040298462e-01
8.387663364410400391e-01
1.371722072362899780e-01
2.058460712432861328e-01
3.411974012851715088e-01
3.326996564865112305e-01
3.792629837989807129e-01
8.924891352653503418e-01
2.280345112085342407e-01
2.306990772485733032e-01
3.739528730511665344e-02
8.671226501464843750e-01
1.116388216614723206e-01
6.852421909570693970e-02
8.989162445068359375e-01
8.677608966827392578e-01
3.249706029891967773e-01
1.861447244882583618e-01
6.012839674949645996e-01
2.616432607173919678e-01
8.821297287940979004e-01
2.583963871002197266e-01
8.777438998222351074e-01
3.984836116433143616e-02
3.818864226341247559e-01
4.745898395776748657e-02
4.685584604740142822e-01
1.270419061183929443e-01
3.427460193634033203e-01
3.436283767223358154e-01
2.738232910633087158e-01
4.186266362667083740e-01
1.609962880611419678e-01
8.648664951324462891e-01
8.637484312057495117e-01
2.293975800275802612e-01
5.694472789764404297e-01
9.796188771724700928e-02
3.827413022518157959e-01
8.951796889305114746e-01
7.114766836166381836e-01
1.835860460996627808e-01
2.636469006538391113e-01
1.342908889055252075e-01
1.942063122987747192e-01
6.931021064519882202e-02
2.795896828174591064e-01
9.366588592529296875e-01
2.363396733999252319e-01
8.095663785934448242e-01
2.654247879981994629e-01
6.950740218162536621e-01
2.162358760833740234e-01
2.425447404384613037e-01
7.208422571420669556e-02
9.186035394668579102e-02
2.099125534296035767e-01
8.917041420936584473e-01
8.518145084381103516e-01
2.868641912937164307e-01
1.591893881559371948e-01
8.817778229713439941e-01
9.349875450134277344e-01
6.926680803298950195e-01
1.573426574468612671e-01
2.095231115818023682e-01
8.776944875717163086e-01
6.166957616806030273e-01
8.122903108596801758e-01
8.856366574764251709e-02
9.193531870841979980e-01
9.248588085174560547e-01
4.845114946365356445e-01
8.905439376831054688e-01
2.853497564792633057e-01
5.079730227589607239e-02
5.231792330741882324e-01
2.014453262090682983e-01
8.967566490173339844e-01
2.384268492460250854e-01
5.272051095962524414e-01
4.720579683780670166e-01
1.657854318618774414e-01
7.026086449623107910e-01
5.276097059249877930e-01
7.990962266921997070e-01
1.052393168210983276e-01
3.598645329475402832e-01
5.415592789649963379e-01
3.279278278350830078e-01
3.499198555946350098e-01
2.810842990875244141e-01
4.211598932743072510e-01
8.323939442634582520e-01
8.017377853393554688e-01
1.892514973878860474e-01
1.591929346323013306e-01
2.697354853153228760e-01
4.019415751099586487e-02
2.479732036590576172e-01
1.800940185785293579e-01
6.783367395401000977e-01
2.391830533742904663e-01
6.632811576128005981e-02
6.687372326850891113e-01
4.506062567234039307e-01
1.269068568944931030e-01
4.565974175930023193e-01
1.239754408597946167e-01
8.377110958099365234e-01
6.524307131767272949e-01
4.231394454836845398e-02
1.576059162616729736e-01
4.953898862004280090e-02
3.961152136325836182e-01
2.765756249427795410e-01
1.359179019927978516e-01
1.500277370214462280e-01
1.453461796045303345e-01
5.046930313110351562e-01
2.353248000144958496e-01
9.612413495779037476e-02
1.654478758573532104e-01
1.839285343885421753e-01
3.514131903648376465e-01
8.834371566772460938e-01
1.131837069988250732e-01
1.461951434612274170e-01
8.022732138633728027e-01
5.241709947586059570e-01
1.050464287400245667e-01
9.459964036941528320e-01
8.522661924362182617e-01
3.927605450153350830e-01
1.097927168011665344e-01
2.771068215370178223e-01
1.142340824007987976e-01
1.152093708515167236e-01
2.365868836641311646e-01
2.404405176639556885e-01
4.329310059547424316e-01
7.979080080986022949e-01
6.740071177482604980e-01
8.556817471981048584e-02
4.679326415061950684e-01
2.070397436618804932e-01
3.208442926406860352e-01
4.756804108619689941e-01
2.483336627483367920e-01
3.467601537704467773e-01
3.003010153770446777e-01
9.374644160270690918e-01
1.608894914388656616e-01
2.018187195062637329e-01
8.802004456520080566e-01
4.757106304168701172e-01
4.563298821449279785e-01
6.471353173255920410e-01
3.955564200878143311e-01
6.380598545074462891e-01
9.148634672164916992e-01
8.747137188911437988e-01
2.299267798662185669e-01
9.036524295806884766e-01
1.279742717742919922e-01
8.766688108444213867e-01
4.562996029853820801e-01
9.643062204122543335e-02
3.749369457364082336e-02
3.535023033618927002e-01
2.940024733543395996e-01
1.131933107972145081e-01
1.926381140947341919e-01
8.956980109214782715e-01
1.624075323343276978e-01
4.584770649671554565e-02
2.214732170104980469e-01
1.540203988552093506e-01
2.871433198451995850e-01
9.572055935859680176e-02
1.626435816287994385e-01
7.645695656538009644e-02
4.445393979549407959e-01
1.997073143720626831e-01
5.581579804420471191e-01
8.291960358619689941e-01
8.853002786636352539e-01
1.712723970413208008e-01
1.018286868929862976e-01
3.870772421360015869e-01
7.940735220909118652e-01
9.849167615175247192e-02
2.981735169887542725e-01
2.627936303615570068e-01
4.488921165466308594e-02
9.182066321372985840e-01
2.101713120937347412e-01
1.824485063552856445e-01
1.103403419256210327e-01
4.600433111190795898e-01
2.175498157739639282e-01
7.720824480056762695e-01
1.907736659049987793e-01
2.357881367206573486e-01
1.560217738151550293e-01
5.924566984176635742e-01
2.239127457141876221e-01
2.374350875616073608e-01
2.159475386142730713e-01
2.715178430080413818e-01
7.706415653228759766e-02
2.377878129482269287e-01
1.023163348436355591e-01
2.993912994861602783e-01
9.939201176166534424e-02
9.136117696762084961e-01
8.603485822677612305e-01
1.620918959379196167e-01
