4.062722623348236084e-02
7.046163082122802734e-01
4.051421210169792175e-02
8.798946738243103027e-01
4.060928151011466980e-02
4.056793823838233948e-02
3.452353179454803467e-01
2.561793029308319092e-01
8.343244791030883789e-01
4.058550670742988586e-02
2.872653305530548096e-01
6.694353371858596802e-02
7.699270844459533691e-01
5.433749556541442871e-01
2.117516100406646729e-01
3.398822546005249023e-01
8.155819028615951538e-02
5.980879664421081543e-01
9.328568577766418457e-01
4.459327161312103271e-01
6.778671145439147949e-01
8.658522963523864746e-01
4.050849005579948425e-02
4.053080826997756958e-02
1.013833954930305481e-01
4.252008348703384399e-02
8.122943639755249023e-01
9.912803024053573608e-02
1.189008057117462158e-01
2.799860537052154541e-01
1.545710861682891846e-01
4.077151045203208923e-02
6.675581336021423340e-01
4.052667319774627686e-02
3.413138389587402344e-01
4.104177653789520264e-02
1.993889212608337402e-01
6.530831754207611084e-02
4.003251194953918457e-01
9.322777390480041504e-01
4.252538457512855530e-02
4.056272283196449280e-02
4.053182527422904968e-02
4.290635511279106140e-02
4.951566457748413086e-02
1.545618176460266113e-01
1.284788399934768677e-01
5.971654057502746582e-01
4.064213111996650696e-02
8.496423363685607910e-01
4.159899055957794189e-02
4.057944566011428833e-02
7.440309226512908936e-02
2.359122335910797119e-01
4.052608832716941833e-02
4.078235849738121033e-02
8.228275179862976074e-01
1.320497840642929077e-01
4.050444811582565308e-02
4.258228838443756104e-02
2.888061106204986572e-01
6.130777299404144287e-02
4.231322929263114929e-02
4.054240137338638306e-02
4.053899645805358887e-02
1.580220907926559448e-01
4.072115942835807800e-02
4.049256071448326111e-02
5.731145739555358887e-01
4.267345368862152100e-02
4.374239966273307800e-02
6.791478991508483887e-01
4.003606736660003662e-01
6.886498630046844482e-02
5.081353187561035156e-01
4.054000601172447205e-02
4.919370263814926147e-02
4.129539802670478821e-02
4.055636003613471985e-02
4.049283638596534729e-02
8.417562842369079590e-01
4.280700981616973877e-01
8.322848081588745117e-01
3.635457158088684082e-01
7.254933118820190430e-01
6.366766095161437988e-01
4.051992297172546387e-02
4.494653269648551941e-02
8.048613071441650391e-01
1.581107676029205322e-01
5.434294342994689941e-01
4.053191840648651123e-02
4.054614529013633728e-02
4.325556159019470215e-01
4.468730986118316650e-01
3.362575769424438477e-01
4.269453287124633789e-01
8.211057186126708984e-01
4.055737704038619995e-02
8.202350884675979614e-02
4.168646931648254395e-01
4.429173469543457031e-02
4.040884077548980713e-01
4.396403580904006958e-02
2.204489260911941528e-01
1.273743510246276855e-01
4.082116484642028809e-02
3.529329597949981689e-01
2.225528508424758911e-01
3.259364664554595947e-01
3.615025281906127930e-01
4.054056107997894287e-02
4.051603749394416809e-02
9.334765076637268066e-01
9.115081280469894409e-02
4.051914438605308533e-02
8.624872565269470215e-01
4.055418074131011963e-02
4.059237986803054810e-02
7.289539575576782227e-01
4.071312397718429565e-02
1.221578940749168396e-01
4.048872366547584534e-02
4.257548153400421143e-01
8.697922825813293457e-01
4.582069814205169678e-02
6.706909835338592529e-02
1.581705659627914429e-01
4.087184742093086243e-02
4.050826653838157654e-02
9.151053428649902344e-01
4.931438565254211426e-01
8.804789185523986816e-01
2.827894091606140137e-01
4.827167987823486328e-01
3.713794052600860596e-01
8.388080596923828125e-01
2.324367761611938477e-01
3.751060068607330322e-01
4.095372557640075684e-02
6.848244667053222656e-01
5.736051201820373535e-01
6.926566362380981445e-01
3.169224262237548828e-01
2.349100261926651001e-01
4.051697999238967896e-02
4.948324859142303467e-01
8.054576516151428223e-01
3.350823223590850830e-01
7.785020768642425537e-02
4.053057357668876648e-02
7.451464235782623291e-02
4.167212918400764465e-02
4.290130361914634705e-02
1.070983186364173889e-01
5.236355960369110107e-02
1.872169822454452515e-01
4.057298600673675537e-02
2.855201065540313721e-01
6.852619647979736328e-01
1.326077878475189209e-01
5.159215331077575684e-01
4.222734645009040833e-02
1.110246032476425171e-01
8.100537657737731934e-01
4.143098890781402588e-01
2.662458121776580811e-01
3.019571900367736816e-01
4.050631076097488403e-02
4.066785797476768494e-02
4.050707817077636719e-02
4.057367146015167236e-02
3.623041510581970215e-01
5.967578887939453125e-01
4.051062464714050293e-02
9.060161709785461426e-01
2.878077328205108643e-01
4.070822522044181824e-02
7.727766036987304688e-01
4.220658913254737854e-02
8.876645565032958984e-02
4.075087979435920715e-02
4.080845415592193604e-02
4.197768121957778931e-02
1.174373775720596313e-01
4.051601514220237732e-02
4.109691083431243896e-02
7.829498648643493652e-01
3.213037252426147461e-01
4.273781776428222656e-01
4.057436063885688782e-02
6.392161250114440918e-01
1.323949545621871948e-01
4.570641517639160156e-01
2.068679928779602051e-01
6.622099280357360840e-01
4.054910317063331604e-02
6.979577988386154175e-02
3.762067854404449463e-01
5.370598658919334412e-02
4.066016525030136108e-02
1.093049421906471252e-01
8.513962626457214355e-01
7.565040141344070435e-02
4.684104919433593750e-01
8.717651367187500000e-01
5.782769322395324707e-01
4.064414650201797485e-02
9.411265254020690918e-01
4.115922003984451294e-02
3.094518482685089111e-01
4.067612066864967346e-02
4.138908907771110535e-02
4.101035892963409424e-01
4.063878208398818970e-02
4.056425392627716064e-02
7.856671214103698730e-01
2.427604645490646362e-01
7.757517695426940918e-01
4.100221768021583557e-02
8.718068003654479980e-01
9.465920925140380859e-01
6.081959009170532227e-01
6.163427978754043579e-02
4.123363643884658813e-02
4.052385687828063965e-02
5.943451523780822754e-01
4.873336255550384521e-01
4.057101905345916748e-02
7.127574682235717773e-01
3.958899974822998047e-01
8.583149313926696777e-01
4.056800156831741333e-02
6.946066021919250488e-01
8.569321036338806152e-01
3.099337518215179443e-01
4.482051134109497070e-01
8.973568081855773926e-01
4.173277691006660461e-02
4.834708198904991150e-02
8.291663527488708496e-01
1.453086882829666138e-01
6.000591516494750977e-01
9.987847506999969482e-02
1.926789879798889160e-01
4.022033512592315674e-01
4.055718332529067993e-02
9.345085024833679199e-01
4.066658392548561096e-02
6.212909817695617676e-01
4.674705490469932556e-02
7.380066066980361938e-02
4.055183008313179016e-02
4.057264328002929688e-02
1.304629296064376831e-01
4.052391648292541504e-02
2.367201447486877441e-01
8.334894776344299316e-01
1.279249340295791626e-01
7.646619677543640137e-01
4.060300067067146301e-02
5.461318492889404297e-01
3.705222010612487793e-01
4.057746008038520813e-02
2.033280879259109497e-01
2.985181510448455811e-01
2.222397029399871826e-01
4.168187081813812256e-02
4.056932032108306885e-02
4.440250396728515625e-01
7.708589434623718262e-01
8.179213404655456543e-01
2.109579145908355713e-01
1.648342311382293701e-01
6.193865537643432617e-01
4.167493805289268494e-02
6.787317395210266113e-01
8.098364621400833130e-02
7.950534820556640625e-01
4.056293517351150513e-02
6.059463694691658020e-02
8.775457143783569336e-01
1.204345747828483582e-01
5.008981227874755859e-01
3.767032921314239502e-01
2.142556905746459961e-01
4.049067199230194092e-02
8.042936027050018311e-02
1.197174265980720520e-01
4.090602323412895203e-02
5.277859419584274292e-02
6.882140636444091797e-01
8.139783740043640137e-01
4.384132623672485352e-01
4.092143103480339050e-02
4.064228758215904236e-02
5.650945380330085754e-02
8.830993175506591797e-01
3.349280655384063721e-01
4.055656865239143372e-02
8.285141587257385254e-01
3.882271051406860352e-01
3.575825691223144531e-01
4.054625704884529114e-02
4.295513033866882324e-02
4.057713225483894348e-02
4.338260740041732788e-02
6.729416251182556152e-01
7.706627845764160156e-01
6.539152264595031738e-01
5.573229193687438965e-01
4.069142788648605347e-02
4.051267728209495544e-02
4.347025975584983826e-02
5.800911784172058105e-01
3.639066815376281738e-01
8.751693964004516602e-01
5.912857651710510254e-01
5.994992703199386597e-02
4.070415720343589783e-02
4.675205945968627930e-01
2.542439699172973633e-01
2.788466215133666992e-01
8.793600797653198242e-01
2.137298136949539185e-01
2.859319746494293213e-01
4.051331430673599243e-02
4.117788746953010559e-02
4.122158139944076538e-02
4.207520186901092529e-02
4.056334495544433594e-02
1.280183494091033936e-01
4.473819136619567871e-01
4.098515585064888000e-02
3.553128838539123535e-01
8.009427189826965332e-01
2.246014177799224854e-01
4.058574885129928589e-02
4.078399017453193665e-02
3.020738065242767334e-01
4.057128727436065674e-02
3.317033350467681885e-01
8.246983289718627930e-01
2.886216342449188232e-01
8.164981603622436523e-01
4.059543460607528687e-02
4.194401949644088745e-02
3.764471411705017090e-01
2.359497994184494019e-01
7.416781187057495117e-01
4.085949063301086426e-02
4.052007570862770081e-02
4.190105199813842773e-02
4.057098925113677979e-02
3.418773710727691650e-01
4.135124757885932922e-02
7.510375380516052246e-01
4.067821428179740906e-02
1.025028601288795471e-01
4.581275284290313721e-01
4.107322916388511658e-02
2.766708731651306152e-01
4.785845801234245300e-02
4.059721902012825012e-02
6.778179407119750977e-01
4.420148730278015137e-01
3.119865059852600098e-01
8.963106274604797363e-01
1.305350363254547119e-01
1.543825417757034302e-01
3.323333859443664551e-01
4.180271178483963013e-02
9.165088832378387451e-02
9.980851411819458008e-02
4.051085188984870911e-02
4.052090644836425781e-02
6.931555271148681641e-02
4.057689383625984192e-02
8.514030575752258301e-01
4.054392129182815552e-02
4.050722718238830566e-02
4.064399749040603638e-02
7.752512097358703613e-01
6.893869638442993164e-01
4.058317095041275024e-02
1.527173072099685669e-01
2.045477181673049927e-01
1.975662708282470703e-01
1.122462153434753418e-01
3.155998587608337402e-01
4.067107662558555603e-02
4.051867127418518066e-02
4.048440977931022644e-02
4.057632386684417725e-02
4.054968804121017456e-02
4.079669713973999023e-02
6.728820800781250000e-01
2.277704030275344849e-01
8.083890080451965332e-01
1.258514225482940674e-01
4.283872619271278381e-02
4.054741561412811279e-02
4.615675508975982666e-01
1.341449618339538574e-01
7.373474240303039551e-01
7.227362394332885742e-01
2.627371251583099365e-01
2.353417575359344482e-01
1.639914959669113159e-01
1.146131604909896851e-01
4.056931287050247192e-02
4.056151583790779114e-02
3.199843466281890869e-01
2.978338599205017090e-01
6.877813935279846191e-01
4.061996191740036011e-02
3.894779980182647705e-01
1.441516429185867310e-01
4.205659776926040649e-02
4.058289900422096252e-02
4.056349396705627441e-02
4.438015818595886230e-01
7.473151683807373047e-01
4.106506332755088806e-02
4.063129797577857971e-02
4.824190437793731689e-01
4.049488529562950134e-02
1.402401030063629150e-01
1.587222665548324585e-01
4.052862152457237244e-02
4.129129648208618164e-02
4.397089034318923950e-02
6.840741634368896484e-01
5.505137443542480469e-01
4.054570198059082031e-02
4.065849632024765015e-02
4.056181758642196655e-02
5.092253163456916809e-02
6.389618515968322754e-01
1.655716896057128906e-01
2.221263349056243896e-01
3.447253257036209106e-02
4.054402932524681091e-02
7.557030320167541504e-01
4.067289084196090698e-02
2.409478425979614258e-01
4.128716140985488892e-02
8.308411240577697754e-01
4.491614550352096558e-02
4.055207967758178711e-02
1.349725872278213501e-01
7.917116880416870117e-01
4.638335108757019043e-01
4.062464833259582520e-02
4.049455374479293823e-02
3.648166954517364502e-01
3.315622210502624512e-01
1.149407699704170227e-01
4.055860266089439392e-02
4.553030803799629211e-02
1.668590605258941650e-01
2.121405005455017090e-01
4.053686931729316711e-02
4.313953220844268799e-02
4.079940170049667358e-02
4.082496464252471924e-02
8.519204258918762207e-01
3.466786742210388184e-01
4.845976456999778748e-02
9.476426839828491211e-01
1.271521449089050293e-01
6.213510632514953613e-01
4.082091152667999268e-02
7.948999404907226562e-01
2.486476898193359375e-01
4.121993482112884521e-02
8.667830824851989746e-01
8.226711153984069824e-01
3.856018483638763428e-01
4.151595756411552429e-02
3.286548852920532227e-01
2.888840436935424805e-01
4.049417003989219666e-02
4.835168421268463135e-01
4.070106893777847290e-02
4.049316048622131348e-02
4.567261785268783569e-02
4.054019227623939514e-02
4.052563384175300598e-02
6.291614770889282227e-01
4.191702976822853088e-02
3.043633699417114258e-01
4.053397849202156067e-02
6.386173367500305176e-01
5.208468437194824219e-01
3.776785433292388916e-01
1.184435635805130005e-01
2.250519990921020508e-01
4.087304323911666870e-02
4.049779474735260010e-02
8.435260653495788574e-01
4.057445377111434937e-02
6.407889723777770996e-01
8.925532102584838867e-01
1.284718215465545654e-01
4.055632650852203369e-02
3.916488885879516602e-01
5.372548475861549377e-02
5.914587974548339844e-01
4.063429310917854309e-02
5.813628435134887695e-02
1.476929485797882080e-01
7.478919625282287598e-01
2.954401671886444092e-01
3.830545544624328613e-01
1.543825417757034302e-01
4.057541862130165100e-02
4.772005379199981689e-01
4.724690318107604980e-02
4.059076309204101562e-02
4.121118038892745972e-02
5.402566790580749512e-01
7.555324584245681763e-02
3.896391093730926514e-01
3.749428391456604004e-01
4.065540432929992676e-02
2.556542158126831055e-01
8.851922750473022461e-01
4.053493589162826538e-02
5.449640750885009766e-01
9.537708014249801636e-02
1.734621971845626831e-01
4.065604880452156067e-02
8.717472851276397705e-02
5.515409708023071289e-01
1.993577629327774048e-01
7.050626724958419800e-02
5.526864528656005859e-01
9.007996916770935059e-01
9.341478943824768066e-01
9.375815987586975098e-01
4.077119752764701843e-02
2.675276696681976318e-01
2.759335637092590332e-01
2.227732539176940918e-01
9.218205213546752930e-01
2.020508497953414917e-01
1.634838134050369263e-01
8.549750596284866333e-02
5.098194256424903870e-02
8.507438302040100098e-01
4.126198962330818176e-02
5.625787377357482910e-02
7.832480072975158691e-01
4.064604267477989197e-02
4.069022834300994873e-02
3.768402338027954102e-01
3.951307237148284912e-01
8.979783058166503906e-01
9.581032395362854004e-02
4.053761437535285950e-02
4.185568541288375854e-02
7.280821800231933594e-01
9.063532948493957520e-01
4.067034274339675903e-02
7.867218255996704102e-01
4.066106677055358887e-02
6.030138731002807617e-01
1.427354365587234497e-01
6.236054897308349609e-01
6.026298999786376953e-01
4.052778333425521851e-02
1.283306628465652466e-01
7.165876030921936035e-01
4.090663418173789978e-02
4.076607897877693176e-02
5.964580774307250977e-01
4.288138821721076965e-02
1.159291565418243408e-01
3.051329851150512695e-01
2.358825504779815674e-01
4.068841040134429932e-02
7.032374739646911621e-01
3.414888978004455566e-01
2.722761929035186768e-01
4.055851697921752930e-02
3.293462991714477539e-01
8.609704971313476562e-01
7.001676559448242188e-01
8.154280185699462891e-01
2.552823722362518311e-01
6.320096850395202637e-01
2.842521667480468750e-01
4.088233783841133118e-02
4.047662019729614258e-02
4.061016067862510681e-02
4.055857658386230469e-02
7.178480625152587891e-01
7.395045161247253418e-01
5.920287966728210449e-01
6.420773267745971680e-02
4.083265364170074463e-01
4.048924520611763000e-02
4.053843021392822266e-02
8.733059167861938477e-01
3.435477018356323242e-01
1.887711137533187866e-01
4.051633551716804504e-02
4.120294749736785889e-02
4.052864760160446167e-02
6.904122233390808105e-02
8.569922447204589844e-01
2.715349793434143066e-01
4.061279073357582092e-02
4.053134471178054810e-02
2.663766145706176758e-01
5.430306196212768555e-01
4.054137691855430603e-02
4.467531144618988037e-01
3.236336410045623779e-01
9.075024724006652832e-01
1.648895144462585449e-01
4.049954563379287720e-02
2.365715056657791138e-01
3.659416735172271729e-01
2.031730264425277710e-01
4.104981943964958191e-02
3.209778964519500732e-01
8.490962982177734375e-01
8.036074042320251465e-01
5.329669713973999023e-01
7.602666318416595459e-02
4.055578261613845825e-02
5.880686640739440918e-01
4.938673675060272217e-01
2.214358896017074585e-01
4.533131122589111328e-01
6.160693168640136719e-01
4.054264351725578308e-02
4.057228192687034607e-02
4.057510569691658020e-02
2.124709933996200562e-01
1.698718219995498657e-01
4.089571535587310791e-02
1.647100746631622314e-01
8.204656839370727539e-01
2.973712384700775146e-01
4.847474098205566406e-01
1.804955303668975830e-01
1.845151633024215698e-01
4.075497388839721680e-02
4.050561413168907166e-02
7.149057388305664062e-01
9.329015612602233887e-01
4.086862504482269287e-02
9.167456626892089844e-01
9.283601045608520508e-01
7.623193860054016113e-01
2.164962738752365112e-01
5.981466770172119141e-01
4.066749662160873413e-02
1.722419708967208862e-01
4.218496978282928467e-01
8.186381459236145020e-01
7.637400627136230469e-01
4.178244248032569885e-02
5.427230522036552429e-02
2.817314565181732178e-01
7.880172729492187500e-01
8.066214621067047119e-02
8.068382740020751953e-02
4.549588561058044434e-01
1.142321303486824036e-01
1.858024150133132935e-01
1.575658917427062988e-01
2.861229777336120605e-01
8.625432103872299194e-02
2.407670468091964722e-01
6.972994804382324219e-01
5.236701965332031250e-01
4.146828129887580872e-02
4.579969346523284912e-01
4.100285097956657410e-02
5.894013643264770508e-01
7.452708482742309570e-01
4.109016433358192444e-02
4.166680574417114258e-02
4.058412462472915649e-02
3.311569988727569580e-01
9.365287423133850098e-01
1.741832792758941650e-01
7.510439157485961914e-01
4.070874303579330444e-02
4.065714403986930847e-02
4.058310389518737793e-02
8.547396659851074219e-01
7.886481285095214844e-02
6.866932511329650879e-01
4.385665357112884521e-01
4.123932868242263794e-02
5.500786751508712769e-02
4.106790572404861450e-02
4.895140826702117920e-01
9.141173362731933594e-01
4.058646410703659058e-02
4.061689972877502441e-02
8.758836388587951660e-01
8.948165923357009888e-02
4.057319089770317078e-02
3.039412200450897217e-01
4.052872210741043091e-02
1.178329512476921082e-01
1.342635154724121094e-01
2.994740605354309082e-01
4.286452755331993103e-02
4.811115935444831848e-02
4.062333703041076660e-02
6.864371895790100098e-02
7.286124825477600098e-01
3.474340140819549561e-01
8.092367649078369141e-02
4.082179814577102661e-02
4.299972951412200928e-02
1.859966665506362915e-01
4.101435840129852295e-02
1.308581382036209106e-01
1.984255164861679077e-01
4.105555266141891479e-02
8.233605325222015381e-02
9.304236173629760742e-01
2.868023142218589783e-02
4.060582444071769714e-02
4.102793708443641663e-02
6.667483448982238770e-01
3.118783533573150635e-01
7.508796453475952148e-02
3.700607419013977051e-01
9.066676497459411621e-01
4.052862152457237244e-02
4.227871447801589966e-02
4.054979234933853149e-02
4.053333774209022522e-02
9.538035839796066284e-02
4.520305395126342773e-01
2.908806204795837402e-01
1.723583936691284180e-01
8.552048802375793457e-01
1.112552061676979065e-01
5.487983822822570801e-01
2.792672514915466309e-01
9.940454363822937012e-02
7.892251610755920410e-01
4.062570631504058838e-02
4.075136035680770874e-02
8.804176449775695801e-01
5.848892331123352051e-01
5.987070798873901367e-01
7.259957194328308105e-01
4.050838574767112732e-02
2.870047688484191895e-01
4.065627977252006531e-02
4.107814282178878784e-02
2.733735740184783936e-01
4.051078110933303833e-02
4.052960500121116638e-02
7.314494997262954712e-02
4.055245220661163330e-02
5.984758734703063965e-01
4.203884601593017578e-01
5.891979336738586426e-01
4.048035666346549988e-02
8.463242053985595703e-01
7.526565790176391602e-01
4.098927974700927734e-02
8.681340813636779785e-01
3.183845877647399902e-01
3.560500144958496094e-01
4.063145816326141357e-02
8.502993583679199219e-01
2.729731202125549316e-01
4.052844271063804626e-02
5.806747674942016602e-01
2.638972103595733643e-01
7.347427606582641602e-01
4.052655771374702454e-02
1.478737145662307739e-01
2.771258056163787842e-01
1.757748425006866455e-01
5.299096107482910156e-01
8.613087534904479980e-01
2.013375908136367798e-01
1.484973132610321045e-01
4.049891605973243713e-02
8.199374675750732422e-01
4.065073654055595398e-02
4.058476537466049194e-02
8.437489867210388184e-01
8.388628959655761719e-01
1.649037897586822510e-01
4.051440209150314331e-02
4.736886918544769287e-01
3.659028708934783936e-01
8.067882061004638672e-01
1.029430255293846130e-01
8.429853320121765137e-01
4.090216010808944702e-02
4.030645191669464111e-01
4.247321933507919312e-02
4.621741175651550293e-01
4.051546379923820496e-02
4.664782881736755371e-01
2.526481747627258301e-01
1.895508766174316406e-01
4.488593339920043945e-02
4.381537437438964844e-02
4.707190096378326416e-01
8.157194256782531738e-01
1.445325911045074463e-01
4.845407009124755859e-01
4.051288962364196777e-02
3.764644861221313477e-01
8.411841392517089844e-01
7.020376324653625488e-01
9.255477041006088257e-02
4.075100645422935486e-02
4.061869904398918152e-02
9.229335933923721313e-02
4.057254269719123840e-02
2.746149003505706787e-01
9.315688610076904297e-01
4.068759828805923462e-02
7.340149879455566406e-01
3.121991157531738281e-01
6.246011853218078613e-01
9.834003448486328125e-02
1.229315176606178284e-01
5.559891834855079651e-02
4.056349396705627441e-02
1.311084330081939697e-01
8.276728391647338867e-01
7.876444458961486816e-01
7.303259521722793579e-02
4.055629298090934753e-02
7.888069152832031250e-01
9.236634373664855957e-01
4.566287100315093994e-01
4.048044607043266296e-02
1.106585562229156494e-01
8.255655765533447266e-01
4.072920382022857666e-01
8.136374950408935547e-01
8.458325266838073730e-02
9.120342135429382324e-01
9.039057493209838867e-01
5.202263593673706055e-01
8.677542209625244141e-01
3.721074163913726807e-01
4.079749062657356262e-02
3.009756803512573242e-01
1.294587403535842896e-01
6.760749816894531250e-01
4.061405733227729797e-02
4.948174059391021729e-01
4.434078037738800049e-01
4.099043086171150208e-02
4.753436446189880371e-01
5.870739221572875977e-01
5.157992839813232422e-01
4.066929221153259277e-02
2.622491419315338135e-01
4.400178790092468262e-01
3.483697474002838135e-01
2.970828413963317871e-01
4.102899134159088135e-02
4.083592817187309265e-02
7.755042910575866699e-01
4.876874387264251709e-01
5.033829063177108765e-02
1.415880918502807617e-01
1.543825417757034302e-01
4.066931828856468201e-02
1.582841128110885620e-01
4.323019087314605713e-02
6.492643952369689941e-01
1.684150844812393188e-01
4.060158133506774902e-02
5.691037774085998535e-01
3.213745355606079102e-01
4.557678475975990295e-02
1.583515852689743042e-01
4.061217978596687317e-02
6.812579035758972168e-01
5.648346543312072754e-01
4.056353121995925903e-02
1.860855668783187866e-01
4.060289636254310608e-02
3.290159702301025391e-01
1.120803505182266235e-01
4.054935649037361145e-02
4.052678495645523071e-02
4.057994112372398376e-02
4.840706884860992432e-01
1.636069566011428833e-01
6.691565364599227905e-02
4.104584082961082458e-02
1.446108222007751465e-01
3.218000829219818115e-01
7.575938701629638672e-01
4.048303142189979553e-02
4.051077365875244141e-02
6.292473077774047852e-01
5.983430743217468262e-01
4.051778465509414673e-02
9.438671469688415527e-01
7.184853553771972656e-01
2.160036712884902954e-01
4.131050407886505127e-02
1.593290120363235474e-01
4.056792706251144409e-02
4.067403450608253479e-02
4.066374897956848145e-02
1.346081346273422241e-01
5.889008045196533203e-01
7.651450634002685547e-01
7.292195558547973633e-01
1.286651939153671265e-01
6.239415407180786133e-01
4.048673436045646667e-02
2.456375807523727417e-01
3.002825081348419189e-01
9.990821778774261475e-02
3.453680276870727539e-01
2.534355223178863525e-01
9.264284968376159668e-01
4.067663848400115967e-02
4.188443720340728760e-02
5.932111144065856934e-01
1.836080849170684814e-01
4.182681143283843994e-01
6.716563105583190918e-01
2.577412426471710205e-01
1.878435909748077393e-01
8.541130423545837402e-01
7.693670392036437988e-01
2.928600907325744629e-01
8.724198937416076660e-01
4.071503132581710815e-02
8.093983530998229980e-01
4.989982545375823975e-01
4.059217497706413269e-02
4.061756655573844910e-02
4.453773796558380127e-01
1.001969128847122192e-01
4.051642119884490967e-02
1.805704385042190552e-01
8.980372548103332520e-01
4.049485549330711365e-02
4.051911830902099609e-02
4.181187227368354797e-02
4.050374031066894531e-02
2.385498136281967163e-01
4.064551368355751038e-02
4.062896966934204102e-02
4.058162868022918701e-02
1.774832457304000854e-01
2.083075195550918579e-01
3.921415805816650391e-01
6.489866375923156738e-01
8.386284708976745605e-01
1.424880772829055786e-01
8.599470555782318115e-02
4.183740913867950439e-01
8.042393326759338379e-01
4.053014889359474182e-02
1.753257066011428833e-01
2.583388984203338623e-01
4.061273485422134399e-02
8.801988363265991211e-01
4.146805405616760254e-02
4.061712324619293213e-02
4.086346551775932312e-02
3.258082866668701172e-01
2.452966570854187012e-01
6.915312409400939941e-01
4.053797572851181030e-02
1.681687831878662109e-01
4.053897783160209656e-02
3.940204083919525146e-01
2.261927723884582520e-01
2.010897696018218994e-01
2.024990022182464600e-01
4.121500998735427856e-02
4.054757580161094666e-02
1.610342264175415039e-01
1.421716511249542236e-01
3.116075098514556885e-01
4.056924954056739807e-02
9.063156843185424805e-01
8.166418671607971191e-01
7.287165522575378418e-02
