9.015168994665145874e-02
8.579255342483520508e-01
1.546134650707244873e-01
8.135998249053955078e-01
1.762278079986572266e-01
1.124845817685127258e-01
2.011350393295288086e-01
1.836355477571487427e-01
7.456516623497009277e-01
1.286730915307998657e-01
1.740971058607101440e-01
2.218514531850814819e-01
6.826287508010864258e-01
4.667987525463104248e-01
1.353116929531097412e-01
2.407356798648834229e-01
1.472195535898208618e-01
7.665949463844299316e-01
8.571820259094238281e-01
3.099793493747711182e-01
6.346500515937805176e-01
7.385997772216796875e-01
1.167915239930152893e-01
1.149132475256919861e-01
1.733154356479644775e-01
1.029029712080955505e-01
6.152524948120117188e-01
2.214906215667724609e-01
3.992845416069030762e-01
3.299341201782226562e-01
2.534260749816894531e-01
7.798838615417480469e-02
7.239477634429931641e-01
1.247876882553100586e-01
4.053254127502441406e-01
1.499600112438201904e-01
3.896094560623168945e-01
1.757147759199142456e-01
2.551225423812866211e-01
8.402960300445556641e-01
1.642004549503326416e-01
1.276025176048278809e-01
1.096696406602859497e-01
1.019054725766181946e-01
8.890344947576522827e-02
1.246831268072128296e-01
2.128956019878387451e-01
6.852856874465942383e-01
8.262495696544647217e-02
6.959139704704284668e-01
1.282139569520950317e-01
9.443556517362594604e-02
1.757373958826065063e-01
2.816928327083587646e-01
1.480880975723266602e-01
1.213899403810501099e-01
8.059041500091552734e-01
1.268621832132339478e-01
2.737458348274230957e-01
1.551477760076522827e-01
3.338965773582458496e-01
1.936903148889541626e-01
1.218273192644119263e-01
1.126160547137260437e-01
1.075523048639297485e-01
1.312391459941864014e-01
1.130838245153427124e-01
9.201047569513320923e-02
5.756165981292724609e-01
1.928253024816513062e-01
8.429202437400817871e-02
6.226261258125305176e-01
3.654176890850067139e-01
1.254569590091705322e-01
3.754721581935882568e-01
1.160416826605796814e-01
9.052837640047073364e-02
8.418336510658264160e-02
1.422237455844879150e-01
1.090115606784820557e-01
7.074524760246276855e-01
5.044760107994079590e-01
6.409749388694763184e-01
3.539944291114807129e-01
3.409589231014251709e-01
6.378377079963684082e-01
1.146480143070220947e-01
1.083772927522659302e-01
7.150143980979919434e-01
4.525489211082458496e-01
6.874558329582214355e-01
1.100367903709411621e-01
1.109662130475044250e-01
6.532860994338989258e-01
3.384332060813903809e-01
5.513433814048767090e-01
2.487371861934661865e-01
7.185190320014953613e-01
1.151386126875877380e-01
1.478878408670425415e-01
5.579295754432678223e-01
1.935260742902755737e-01
3.398505449295043945e-01
1.442713439464569092e-01
2.381056249141693115e-01
9.049485623836517334e-02
1.146272346377372742e-01
6.146156787872314453e-01
4.015003442764282227e-01
2.505593001842498779e-01
4.531941711902618408e-01
8.892140537500381470e-02
1.217487826943397522e-01
8.413675427436828613e-01
1.684216409921646118e-01
1.119964346289634705e-01
7.894165515899658203e-01
8.877447992563247681e-02
1.091571152210235596e-01
6.803588271141052246e-01
8.269614726305007935e-02
1.003262996673583984e-01
1.316267251968383789e-01
4.683646857738494873e-01
7.796980142593383789e-01
1.116437315940856934e-01
1.184056326746940613e-01
2.234512865543365479e-01
1.030245944857597351e-01
1.222160980105400085e-01
8.256130218505859375e-01
2.463355362415313721e-01
7.710471153259277344e-01
3.380303084850311279e-01
5.400189757347106934e-01
1.805553734302520752e-01
6.944354772567749023e-01
3.098178803920745850e-01
2.603456079959869385e-01
8.795562386512756348e-02
5.559021830558776855e-01
5.693148374557495117e-01
6.896915435791015625e-01
1.819028705358505249e-01
1.406958550214767456e-01
1.188855767250061035e-01
6.034085154533386230e-01
7.247687578201293945e-01
6.036084294319152832e-01
1.112349405884742737e-01
9.856977313756942749e-02
1.601269543170928955e-01
1.027236804366111755e-01
1.551830619573593140e-01
1.555393338203430176e-01
1.629744768142700195e-01
2.213155478239059448e-01
1.511811017990112305e-01
3.143705427646636963e-01
5.448830127716064453e-01
1.727162748575210571e-01
6.641917824745178223e-01
1.382378339767456055e-01
1.959710270166397095e-01
7.658798098564147949e-01
5.915139913558959961e-01
3.341910541057586670e-01
1.825634986162185669e-01
1.101106703281402588e-01
3.088187873363494873e-01
1.072757318615913391e-01
1.045492440462112427e-01
2.170500308275222778e-01
5.968148708343505859e-01
9.236861765384674072e-02
8.311144113540649414e-01
1.794571131467819214e-01
9.799220412969589233e-02
7.731712460517883301e-01
1.294686049222946167e-01
1.594969481229782104e-01
1.312025785446166992e-01
1.154645010828971863e-01
1.425690799951553345e-01
1.027347519993782043e-01
1.123602762818336487e-01
1.304749995470046997e-01
4.594998061656951904e-01
1.758612394332885742e-01
4.404834806919097900e-01
1.171786114573478699e-01
4.323035478591918945e-01
9.614619612693786621e-02
6.311185359954833984e-01
1.880301833152770996e-01
1.727605015039443970e-01
1.123206838965415955e-01
2.090286612510681152e-01
2.848749458789825439e-01
9.350146353244781494e-02
9.043169021606445312e-02
2.029700130224227905e-01
7.845064401626586914e-01
1.232851520180702209e-01
1.944060474634170532e-01
7.976524233818054199e-01
6.296880245208740234e-01
1.107776910066604614e-01
8.577942252159118652e-01
1.203602924942970276e-01
2.178144603967666626e-01
1.027325391769409180e-01
1.471094489097595215e-01
4.838337004184722900e-01
2.710693180561065674e-01
8.909054100513458252e-02
7.167068123817443848e-01
3.406529128551483154e-01
6.047549843788146973e-01
1.308845579624176025e-01
7.466738820075988770e-01
8.565796613693237305e-01
6.632456779479980469e-01
1.635588109493255615e-01
1.258331537246704102e-01
1.268838196992874146e-01
5.231364965438842773e-01
6.177724003791809082e-01
1.557311117649078369e-01
5.763573646545410156e-01
4.252894520759582520e-01
7.142876386642456055e-01
1.144207268953323364e-01
7.041411995887756348e-01
7.265800833702087402e-01
3.458390831947326660e-01
2.966499030590057373e-01
8.090400695800781250e-01
1.727738082408905029e-01
1.561246961355209351e-01
7.544288039207458496e-01
1.211695373058319092e-01
4.920594096183776855e-01
1.797260493040084839e-01
1.541072130203247070e-01
3.812540173530578613e-01
1.188713684678077698e-01
8.444941639900207520e-01
1.162654384970664978e-01
6.652357578277587891e-01
3.282168507575988770e-01
8.522531390190124512e-02
1.220687851309776306e-01
1.363010555505752563e-01
8.354819566011428833e-02
1.047220826148986816e-01
3.631644845008850098e-01
6.337435841560363770e-01
1.727215647697448730e-01
7.065811157226562500e-01
1.109763979911804199e-01
3.885430097579956055e-01
4.379209876060485840e-01
1.080872267484664917e-01
1.342850774526596069e-01
2.891411185264587402e-01
1.281919926404953003e-01
2.478305697441101074e-01
1.070248335599899292e-01
5.684242248535156250e-01
6.743078231811523438e-01
8.050921559333801270e-01
3.250228166580200195e-01
1.567945629358291626e-01
6.292086839675903320e-01
8.697472512722015381e-02
6.871374249458312988e-01
4.489536881446838379e-01
7.792012095451354980e-01
1.298450976610183716e-01
1.947055310010910034e-01
7.555850744247436523e-01
1.426530331373214722e-01
5.929400324821472168e-01
3.573047816753387451e-01
1.476749628782272339e-01
1.048668399453163147e-01
1.588290631771087646e-01
1.468326151371002197e-01
2.042683511972427368e-01
1.381011307239532471e-01
2.583491206169128418e-01
6.837478876113891602e-01
5.810903310775756836e-01
1.808698773384094238e-01
1.029250398278236389e-01
2.263930290937423706e-01
7.276226878166198730e-01
1.840537786483764648e-01
1.101880371570587158e-01
6.635119915008544922e-01
3.546433746814727783e-01
2.884307205677032471e-01
1.291227042675018311e-01
1.259928494691848755e-01
1.040119379758834839e-01
1.648222059011459351e-01
6.147251129150390625e-01
6.018075346946716309e-01
3.035759925842285156e-01
3.542258739471435547e-01
1.681858003139495850e-01
1.443728208541870117e-01
1.842499226331710815e-01
4.316563904285430908e-01
3.629858791828155518e-01
7.590996623039245605e-01
6.216508746147155762e-01
3.696950972080230713e-01
1.451841741800308228e-01
4.404726624488830566e-01
2.043503522872924805e-01
6.873755455017089844e-01
8.098821043968200684e-01
1.941224634647369385e-01
2.295957058668136597e-01
1.416793018579483032e-01
1.161116287112236023e-01
1.158353388309478760e-01
9.282119572162628174e-02
7.692474871873855591e-02
1.366117894649505615e-01
3.973636925220489502e-01
1.180606558918952942e-01
3.753076493740081787e-01
7.405362725257873535e-01
1.582222878932952881e-01
9.227725118398666382e-02
1.513941138982772827e-01
3.413086831569671631e-01
1.003881841897964478e-01
3.366805016994476318e-01
7.440750002861022949e-01
2.594855427742004395e-01
7.235736846923828125e-01
1.041781157255172729e-01
1.459629386663436890e-01
5.073810219764709473e-01
2.135219275951385498e-01
7.651206254959106445e-01
1.596417874097824097e-01
9.364936500787734985e-02
9.774962067604064941e-02
1.165682598948478699e-01
2.210263162851333618e-01
9.305191040039062500e-02
7.300904393196105957e-01
1.305208951234817505e-01
1.625573337078094482e-01
5.446630120277404785e-01
1.320338398218154907e-01
2.654652595520019531e-01
1.603979319334030151e-01
1.292174756526947021e-01
4.564828276634216309e-01
4.042546153068542480e-01
3.809925317764282227e-01
8.316543698310852051e-01
2.644378244876861572e-01
1.706715524196624756e-01
4.000124335289001465e-01
1.911190301179885864e-01
1.431262195110321045e-01
1.595511585474014282e-01
1.183573156595230103e-01
1.115006208419799805e-01
2.304204106330871582e-01
1.191549301147460938e-01
7.784661054611206055e-01
9.977179020643234253e-02
1.174273788928985596e-01
8.211170881986618042e-02
6.695093512535095215e-01
4.629925489425659180e-01
1.519282758235931396e-01
1.431466192007064819e-01
3.354227542877197266e-01
2.012669444084167480e-01
1.862507462501525879e-01
3.284109234809875488e-01
8.614258468151092529e-02
1.060388088226318359e-01
1.002252474427223206e-01
1.100651547312736511e-01
1.245510503649711609e-01
4.758435860276222229e-02
4.416567385196685791e-01
2.001778036355972290e-01
6.659574508666992188e-01
1.172646954655647278e-01
2.042143940925598145e-01
1.098600998520851135e-01
5.522842407226562500e-01
2.763287723064422607e-01
5.496652126312255859e-01
7.579821944236755371e-01
3.982039093971252441e-01
2.789120078086853027e-01
1.565809249877929688e-01
1.633572131395339966e-01
1.015718951821327209e-01
8.463981747627258301e-02
1.320417821407318115e-01
3.037377595901489258e-01
5.814771652221679688e-01
9.048614650964736938e-02
3.576563894748687744e-01
1.154032796621322632e-01
1.029450446367263794e-01
1.433362215757369995e-01
1.033770516514778137e-01
2.878758013248443604e-01
6.910125613212585449e-01
8.153220266103744507e-02
1.202909126877784729e-01
3.462377190589904785e-01
1.074031814932823181e-01
1.119259744882583618e-01
2.464388459920883179e-01
1.316203325986862183e-01
1.149316728115081787e-01
9.738737344741821289e-02
7.064762115478515625e-01
4.902791678905487061e-01
1.254818439483642578e-01
8.904649317264556885e-02
1.092086359858512878e-01
1.139510273933410645e-01
5.173036456108093262e-01
3.448475003242492676e-01
2.873819768428802490e-01
8.867133408784866333e-02
1.220526471734046936e-01
7.958610653877258301e-01
7.811082899570465088e-02
1.903548836708068848e-01
1.072488203644752502e-01
7.917392253875732422e-01
1.085844486951828003e-01
8.296914398670196533e-02
2.370309829711914062e-01
6.755176782608032227e-01
4.799461364746093750e-01
9.664241224527359009e-02
1.089906021952629089e-01
3.316307663917541504e-01
3.577769696712493896e-01
1.798856705427169800e-01
1.024384051561355591e-01
2.150216698646545410e-01
2.257561981678009033e-01
1.081074848771095276e-01
1.251529753208160400e-01
1.841152906417846680e-01
1.053531691431999207e-01
1.267565786838531494e-01
7.180129289627075195e-01
3.977966904640197754e-01
1.062406525015830994e-01
8.574800491333007812e-01
1.488997191190719604e-01
4.738880097866058350e-01
1.362489610910415649e-01
7.332644462585449219e-01
2.286906242370605469e-01
1.460972279310226440e-01
7.840821743011474609e-01
7.070279717445373535e-01
2.703822553157806396e-01
6.970428675413131714e-02
1.595547646284103394e-01
3.780740797519683838e-01
1.145960390567779541e-01
4.875870645046234131e-01
9.753150492906570435e-02
3.454310894012451172e-01
1.801662594079971313e-01
1.219345703721046448e-01
1.074293181300163269e-01
2.271573096513748169e-01
1.606880724430084229e-01
2.905356585979461670e-01
1.183959096670150757e-01
5.783409476280212402e-01
5.065564513206481934e-01
2.166918963193893433e-01
1.984153091907501221e-01
1.278117001056671143e-01
1.091345846652984619e-01
1.409844607114791870e-01
6.855092048645019531e-01
1.678150892257690430e-01
2.525138258934020996e-01
7.889143228530883789e-01
1.590519547462463379e-01
1.105749756097793579e-01
4.936724007129669189e-01
1.566876322031021118e-01
6.020407080650329590e-01
1.211668252944946289e-01
1.730021834373474121e-01
1.565224528312683105e-01
6.893908381462097168e-01
1.994147151708602905e-01
4.969121813774108887e-01
1.706715524196624756e-01
1.356409341096878052e-01
5.764738917350769043e-01
1.439092308282852173e-01
1.264615207910537720e-01
2.352064996957778931e-01
6.191112399101257324e-01
1.230225116014480591e-01
3.708570003509521484e-01
4.037619829177856445e-01
1.282286792993545532e-01
3.103104829788208008e-01
6.398571133613586426e-01
1.181286945939064026e-01
5.210079550743103027e-01
1.312727630138397217e-01
4.563132822513580322e-01
1.313775479793548584e-01
8.449222147464752197e-02
6.289666891098022461e-01
2.064987272024154663e-01
4.184859693050384521e-01
4.644760787487030029e-01
8.197098970413208008e-01
8.573418259620666504e-01
8.528196811676025391e-01
9.021450579166412354e-02
2.121648490428924561e-01
2.715249061584472656e-01
4.817713201045989990e-01
8.474872708320617676e-01
2.129644006490707397e-01
1.720969378948211670e-01
1.862725764513015747e-01
1.379608362913131714e-01
8.080996870994567871e-01
8.593724668025970459e-02
8.588508516550064087e-02
6.053270101547241211e-01
1.112336665391921997e-01
1.411815285682678223e-01
1.737341433763504028e-01
3.704794347286224365e-01
8.209295868873596191e-01
1.220196262001991272e-01
1.129930317401885986e-01
1.165344938635826111e-01
6.604508757591247559e-01
7.886310219764709473e-01
8.279571682214736938e-02
5.421854853630065918e-01
1.145220100879669189e-01
6.029369235038757324e-01
1.972303241491317749e-01
6.428517103195190430e-01
3.283936679363250732e-01
1.113827824592590332e-01
1.444938331842422485e-01
7.786248922348022461e-01
1.376339942216873169e-01
8.682888001203536987e-02
3.961079120635986328e-01
1.027606874704360962e-01
1.257051527500152588e-01
1.503000557422637939e-01
1.486018151044845581e-01
1.053369641304016113e-01
7.460675239562988281e-01
1.262682378292083740e-01
3.290000259876251221e-01
1.011213213205337524e-01
1.289945840835571289e-01
7.366001605987548828e-01
6.950002908706665039e-01
7.868101596832275391e-01
2.841033935546875000e-01
3.024296164512634277e-01
2.991853952407836914e-01
9.546177834272384644e-02
1.437544524669647217e-01
1.199115887284278870e-01
8.038935810327529907e-02
7.045002579689025879e-01
7.851260900497436523e-01
7.322901487350463867e-01
1.308096051216125488e-01
2.742865383625030518e-01
1.197772026062011719e-01
1.218043938279151917e-01
7.705700993537902832e-01
6.146255135536193848e-01
1.077229306101799011e-01
1.206202954053878784e-01
8.054331690073013306e-02
8.676408231258392334e-02
1.745266914367675781e-01
7.332857847213745117e-01
3.955908417701721191e-01
9.618877619504928589e-02
1.105316281318664551e-01
3.902242183685302734e-01
7.231764197349548340e-01
1.237680763006210327e-01
2.904042303562164307e-01
2.132762670516967773e-01
8.292238712310791016e-01
1.062188819050788879e-01
1.100113242864608765e-01
1.528219729661941528e-01
2.268752753734588623e-01
3.398898839950561523e-01
9.353852272033691406e-02
2.966865599155426025e-01
7.763107419013977051e-01
7.269054651260375977e-01
6.801887154579162598e-01
7.939855754375457764e-02
1.100524961948394775e-01
3.172328770160675049e-01
5.778210759162902832e-01
1.889522373676300049e-01
4.736090898513793945e-01
5.035174489021301270e-01
1.560246795415878296e-01
1.092587485909461975e-01
1.035076975822448730e-01
1.680653989315032959e-01
1.049620136618614197e-01
8.504402637481689453e-02
3.022796213626861572e-01
6.583810448646545410e-01
2.198162376880645752e-01
6.182068586349487305e-01
1.870481818914413452e-01
1.035969927906990051e-01
1.088841930031776428e-01
1.120154038071632385e-01
6.390879750251770020e-01
8.501605987548828125e-01
1.131953820586204529e-01
8.340633511543273926e-01
8.609020709991455078e-01
6.114888191223144531e-01
1.472185403108596802e-01
7.298440933227539062e-01
9.537860751152038574e-02
2.415264546871185303e-01
6.746520400047302246e-01
8.009515404701232910e-01
4.834750890731811523e-01
9.133160114288330078e-02
1.408877968788146973e-01
4.339906871318817139e-01
7.854008674621582031e-01
1.691390573978424072e-01
1.028093695640563965e-01
3.926987648010253906e-01
4.015856981277465820e-01
1.216850355267524719e-01
2.145846635103225708e-01
3.496661782264709473e-01
1.525480002164840698e-01
2.648361325263977051e-01
6.734724640846252441e-01
2.811621129512786865e-01
9.389683604240417480e-02
5.251706838607788086e-01
1.009135097265243530e-01
2.385791242122650146e-01
6.875330209732055664e-01
1.367309391498565674e-01
1.066078916192054749e-01
1.133514419198036194e-01
3.525024950504302979e-01
8.268853425979614258e-01
3.215319216251373291e-01
6.502747535705566406e-01
9.913548082113265991e-02
8.369219303131103516e-02
1.054232195019721985e-01
7.556259036064147949e-01
1.708651483058929443e-01
6.497763395309448242e-01
3.625911772251129150e-01
1.401884406805038452e-01
9.407424181699752808e-02
1.721856743097305298e-01
3.413020074367523193e-01
8.428317308425903320e-01
1.081436648964881897e-01
1.107642799615859985e-01
7.677527070045471191e-01
2.012355774641036987e-01
9.955460578203201294e-02
2.487878799438476562e-01
1.141536831855773926e-01
1.334345042705535889e-01
3.042966127395629883e-01
3.387272655963897705e-01
9.360918402671813965e-02
1.998278200626373291e-01
1.067627370357513428e-01
1.112122461199760437e-01
6.664686799049377441e-01
1.663865149021148682e-01
1.740871518850326538e-01
1.095037236809730530e-01
1.049302965402603149e-01
1.158678978681564331e-01
1.331054717302322388e-01
1.727990061044692993e-01
3.536867499351501465e-01
1.381613612174987793e-01
1.056141033768653870e-01
8.427100181579589844e-01
1.666311472654342651e-01
1.611197292804718018e-01
1.438416689634323120e-01
6.650058627128601074e-01
2.694883346557617188e-01
9.394104033708572388e-02
2.437044680118560791e-01
7.960994243621826172e-01
1.164114102721214294e-01
1.714484691619873047e-01
8.233699202537536621e-02
1.233114823698997498e-01
1.528029292821884155e-01
5.841732025146484375e-01
2.670362889766693115e-01
1.856006085872650146e-01
6.733810305595397949e-01
3.671528697013854980e-01
6.237270832061767578e-01
2.032691687345504761e-01
1.405464708805084229e-01
7.492513656616210938e-01
1.820182502269744873e-01
8.615320175886154175e-02
8.167287707328796387e-01
7.221261858940124512e-01
5.950316190719604492e-01
5.553480386734008789e-01
1.032218411564826965e-01
5.111071467399597168e-01
1.222180500626564026e-01
1.474099755287170410e-01
2.353195697069168091e-01
7.081475108861923218e-02
7.727442681789398193e-02
1.519065946340560913e-01
1.423989683389663696e-01
3.001883029937744141e-01
6.445959210395812988e-01
5.501453280448913574e-01
9.033943712711334229e-02
7.285217046737670898e-01
7.447758913040161133e-01
1.283305138349533081e-01
6.886891126632690430e-01
4.966796338558197021e-01
5.453230738639831543e-01
1.562055796384811401e-01
7.452554702758789062e-01
4.258941113948822021e-01
1.284959763288497925e-01
7.067610025405883789e-01
2.688180208206176758e-01
6.509248018264770508e-01
1.144997850060462952e-01
2.549802064895629883e-01
2.281952202320098877e-01
2.763854265213012695e-01
4.826964735984802246e-01
7.506394982337951660e-01
2.484004348516464233e-01
1.637697517871856689e-01
7.284242659807205200e-02
6.588481664657592773e-01
1.203868538141250610e-01
9.104448556900024414e-02
6.630238294601440430e-01
7.487305402755737305e-01
1.777875721454620361e-01
1.508937329053878784e-01
6.733762621879577637e-01
3.479988574981689453e-01
6.796817779541015625e-01
1.480475664138793945e-01
7.761820554733276367e-01
8.472743630409240723e-02
2.806673645973205566e-01
9.054695069789886475e-02
2.173764407634735107e-01
1.142417639493942261e-01
4.310202002525329590e-01
4.371531009674072266e-01
1.144374310970306396e-01
1.506825089454650879e-01
2.063043266534805298e-01
8.158635497093200684e-01
6.654020547866821289e-01
3.540124297142028809e-01
4.103857576847076416e-01
1.406638473272323608e-01
4.259179830551147461e-01
6.685159206390380859e-01
7.844040393829345703e-01
1.520413458347320557e-01
1.400298178195953369e-01
1.039844304323196411e-01
1.005851253867149353e-01
8.298217505216598511e-02
2.440860867500305176e-01
8.528493046760559082e-01
1.751884371042251587e-01
6.765413284301757812e-01
1.084210276603698730e-01
6.528148651123046875e-01
1.189658120274543762e-01
1.795987635850906372e-01
8.163233101367950439e-02
1.033147796988487244e-01
2.002643644809722900e-01
7.618420720100402832e-01
6.964073777198791504e-01
3.717252016067504883e-01
1.190567314624786377e-01
8.167310357093811035e-01
8.379169702529907227e-01
5.274542570114135742e-01
1.166775226593017578e-01
1.273978501558303833e-01
7.637529969215393066e-01
5.457836985588073730e-01
6.842988133430480957e-01
1.261116266250610352e-01
7.368870377540588379e-01
8.192244172096252441e-01
6.056528091430664062e-01
7.805505990982055664e-01
2.455992400646209717e-01
1.020967140793800354e-01
3.925132453441619873e-01
1.503139734268188477e-01
7.666684389114379883e-01
4.420761168003082275e-01
2.021463513374328613e-01
7.069349884986877441e-01
1.298477798700332642e-01
6.318238973617553711e-01
4.391559362411499023e-01
5.167077183723449707e-01
1.159666255116462708e-01
3.284365534782409668e-01
5.484791994094848633e-01
3.024077713489532471e-01
5.091437697410583496e-01
2.690942883491516113e-01
2.532877326011657715e-01
5.924956798553466797e-01
5.699187517166137695e-01
1.327420473098754883e-01
1.235975027084350586e-01
1.706715524196624756e-01
9.131794422864913940e-02
1.503380835056304932e-01
1.571687757968902588e-01
6.174767613410949707e-01
1.375111490488052368e-01
1.033504530787467957e-01
4.362904131412506104e-01
3.275812268257141113e-01
1.006041094660758972e-01
2.309355437755584717e-01
1.060554832220077515e-01
6.267880797386169434e-01
5.990076065063476562e-01
1.037960946559906006e-01
2.847505807876586914e-01
1.030012816190719604e-01
2.818867564201354980e-01
2.629388868808746338e-01
1.403967291116714478e-01
1.083212047815322876e-01
1.098782345652580261e-01
4.104212820529937744e-01
1.921257674694061279e-01
6.952224671840667725e-02
1.213399842381477356e-01
1.785479933023452759e-01
2.606402337551116943e-01
7.080729603767395020e-01
1.112165302038192749e-01
1.240373924374580383e-01
7.155689001083374023e-01
3.514608442783355713e-01
1.037528067827224731e-01
8.637685179710388184e-01
7.782498002052307129e-01
3.651294410228729248e-01
9.810668230056762695e-02
1.889883577823638916e-01
9.802021831274032593e-02
2.872083783149719238e-01
1.420670300722122192e-01
7.036615610122680664e-01
3.465995490550994873e-01
7.930338382720947266e-01
6.446052789688110352e-01
1.195517554879188538e-01
3.569918274879455566e-01
1.281601339578628540e-01
2.424195855855941772e-01
4.699693024158477783e-01
1.868755072355270386e-01
3.711200952529907227e-01
1.691179722547531128e-01
8.445507287979125977e-01
1.538958698511123657e-01
1.575657129287719727e-01
5.155916810035705566e-01
6.248148679733276367e-01
3.324829638004302979e-01
5.579448938369750977e-01
2.671354413032531738e-01
3.930885493755340576e-01
8.326537609100341797e-01
7.931577563285827637e-01
2.162336558103561401e-01
7.939362525939941406e-01
8.270738273859024048e-02
7.651018500328063965e-01
3.035500943660736084e-01
8.708350360393524170e-02
9.273211658000946045e-02
3.967469632625579834e-01
1.691601872444152832e-01
1.185785606503486633e-01
1.455015391111373901e-01
8.197362422943115234e-01
1.018386408686637878e-01
9.601911157369613647e-02
1.515463143587112427e-01
2.079719752073287964e-01
1.044995635747909546e-01
1.208679229021072388e-01
1.251197159290313721e-01
9.407282620668411255e-02
4.836074411869049072e-01
2.507185637950897217e-01
2.677145600318908691e-01
7.161888480186462402e-01
7.463890910148620605e-01
1.277753412723541260e-01
9.916041791439056396e-02
2.189286351203918457e-01
6.171447634696960449e-01
1.191260144114494324e-01
3.245880305767059326e-01
1.689328104257583618e-01
1.023924127221107483e-01
8.324087858200073242e-01
2.364982217550277710e-01
1.220458522439002991e-01
1.438739448785781860e-01
4.242825806140899658e-01
2.665902376174926758e-01
6.142892837524414062e-01
1.262205839157104492e-01
2.577819526195526123e-01
1.207002550363540649e-01
4.636238217353820801e-01
3.336077928543090820e-01
3.019013404846191406e-01
1.685128062963485718e-01
1.404817700386047363e-01
9.511759877204895020e-02
1.213167086243629456e-01
1.019013673067092896e-01
2.909098565578460693e-01
1.165342628955841064e-01
7.583647966384887695e-01
6.239730715751647949e-01
8.489352464675903320e-02
