3.814698755741119385e-02
8.617020249366760254e-01
1.984121054410934448e-01
8.502871394157409668e-01
1.477899253368377686e-01
8.956374228000640869e-02
2.059298753738403320e-01
2.544576823711395264e-01
7.818475365638732910e-01
9.438915550708770752e-02
1.899718642234802246e-01
1.885427534580230713e-01
6.776675581932067871e-01
4.501148760318756104e-01
1.565896272659301758e-01
3.329403400421142578e-01
1.659274101257324219e-01
5.361626744270324707e-01
8.597012758255004883e-01
3.459861874580383301e-01
5.273792743682861328e-01
6.729919910430908203e-01
4.844824224710464478e-02
3.977229073643684387e-02
1.753439754247665405e-01
4.146642982959747314e-02
7.188609242439270020e-01
2.716256678104400635e-01
2.347297370433807373e-01
3.521335124969482422e-01
3.246287107467651367e-01
3.638266399502754211e-02
7.062655687332153320e-01
6.063403934240341187e-02
2.990436255931854248e-01
1.831197291612625122e-01
2.414973974227905273e-01
1.799720227718353271e-01
3.891855180263519287e-01
8.466047048568725586e-01
1.755767762660980225e-01
1.502335071563720703e-01
5.990625545382499695e-02
3.774255886673927307e-02
3.831433132290840149e-02
1.559635996818542480e-01
2.638345658779144287e-01
7.108648419380187988e-01
3.849023208022117615e-02
6.993251442909240723e-01
1.670674830675125122e-01
4.966989904642105103e-02
1.039552763104438782e-01
2.514483034610748291e-01
1.305284053087234497e-01
7.547834515571594238e-02
8.290327787399291992e-01
9.978044033050537109e-02
7.083661854267120361e-02
1.975066661834716797e-01
2.494404613971710205e-01
2.655092477798461914e-01
1.594432741403579712e-01
4.536453634500503540e-02
4.516412317752838135e-02
1.170412153005599976e-01
4.845875501632690430e-02
4.129539057612419128e-02
3.975821137428283691e-01
1.756841093301773071e-01
3.613154217600822449e-02
5.097644329071044922e-01
4.084541797637939453e-01
1.293666809797286987e-01
4.556513428688049316e-01
9.332769364118576050e-02
3.699237108230590820e-02
3.713774681091308594e-02
5.178071931004524231e-02
6.127710267901420593e-02
7.769261002540588379e-01
5.918396711349487305e-01
7.188137173652648926e-01
4.024325311183929443e-01
7.337328791618347168e-01
5.182917118072509766e-01
7.500741630792617798e-02
1.281834840774536133e-01
7.377137541770935059e-01
1.885159015655517578e-01
6.785649061203002930e-01
7.871225476264953613e-02
4.168755933642387390e-02
5.219135284423828125e-01
3.985126316547393799e-01
4.634856283664703369e-01
4.158520698547363281e-01
7.404136061668395996e-01
6.024584174156188965e-02
1.245237290859222412e-01
4.041115045547485352e-01
2.154896557331085205e-01
4.187132418155670166e-01
1.964625567197799683e-01
3.045886158943176270e-01
2.519631087779998779e-01
6.763370335102081299e-02
3.485955893993377686e-01
5.139269828796386719e-01
3.536418676376342773e-01
3.940295279026031494e-01
4.439539834856987000e-02
4.667957127094268799e-02
8.727240562438964844e-01
1.931276619434356689e-01
7.312838733196258545e-02
7.543137073516845703e-01
4.000029340386390686e-02
8.261092007160186768e-02
5.555324554443359375e-01
3.817813098430633545e-02
1.233827248215675354e-01
1.667561233043670654e-01
3.704072237014770508e-01
7.797490954399108887e-01
9.140709042549133301e-02
4.747176915407180786e-02
1.021438613533973694e-01
4.881697893142700195e-02
1.554297208786010742e-01
8.406962156295776367e-01
3.338828384876251221e-01
7.995137572288513184e-01
2.476487159729003906e-01
4.133012294769287109e-01
4.051262736320495605e-01
7.595238685607910156e-01
2.005349099636077881e-01
3.763197958469390869e-01
3.649022802710533142e-02
7.128747105598449707e-01
5.493421554565429688e-01
5.049111843109130859e-01
3.312894999980926514e-01
2.755912840366363525e-01
7.294653356075286865e-02
3.823391497135162354e-01
6.932505369186401367e-01
3.533161282539367676e-01
1.084680333733558655e-01
3.930824995040893555e-02
1.800730377435684204e-01
4.000279307365417480e-02
1.453019827604293823e-01
1.661383658647537231e-01
1.809314489364624023e-01
2.439418286085128784e-01
6.767182797193527222e-02
2.700035572052001953e-01
7.216519117355346680e-01
1.778249740600585938e-01
5.032860040664672852e-01
1.723082214593887329e-01
2.164129167795181274e-01
6.866797208786010742e-01
4.973415434360504150e-01
3.305604755878448486e-01
3.462351262569427490e-01
1.388398259878158569e-01
2.781157791614532471e-01
4.175958409905433655e-02
4.204376414418220520e-02
2.732356190681457520e-01
5.111468434333801270e-01
5.300930514931678772e-02
8.492372632026672363e-01
2.823059856891632080e-01
3.865493088960647583e-02
7.103300094604492188e-01
1.717807799577713013e-01
1.433264911174774170e-01
1.169876009225845337e-01
8.606644719839096069e-02
1.850222647190093994e-01
1.338072866201400757e-01
5.875364691019058228e-02
1.402484327554702759e-01
5.989311337471008301e-01
3.765073418617248535e-01
2.947547435760498047e-01
4.351939633488655090e-02
4.156040251255035400e-01
9.632499516010284424e-02
4.970299005508422852e-01
2.586852908134460449e-01
6.172287464141845703e-01
4.448566958308219910e-02
2.174130529165267944e-01
3.469702899456024170e-01
3.717278689146041870e-02
3.801626339554786682e-02
1.257431805133819580e-01
7.894178032875061035e-01
2.768103182315826416e-01
3.505383729934692383e-01
8.027902245521545410e-01
5.281390547752380371e-01
4.356817901134490967e-02
8.849641680717468262e-01
1.844013631343841553e-01
1.582503318786621094e-01
4.223784059286117554e-02
2.129634469747543335e-01
5.511670112609863281e-01
1.125519797205924988e-01
3.700805455446243286e-02
7.336294054985046387e-01
3.687961399555206299e-01
6.524208188056945801e-01
6.821367889642715454e-02
7.448777556419372559e-01
8.827519416809082031e-01
4.001571536064147949e-01
1.671791225671768188e-01
1.218236386775970459e-01
7.821125537157058716e-02
4.569933414459228516e-01
4.934641420841217041e-01
2.050412893295288086e-01
5.389704108238220215e-01
3.534854948520660400e-01
7.095337510108947754e-01
1.130394041538238525e-01
6.728131175041198730e-01
7.294488549232482910e-01
2.652307748794555664e-01
4.044200181961059570e-01
8.348445296287536621e-01
1.977541595697402954e-01
1.972130984067916870e-01
7.658282518386840820e-01
1.188376620411872864e-01
6.442558169364929199e-01
1.141267493367195129e-01
2.367484718561172485e-01
3.435342609882354736e-01
8.398880064487457275e-02
8.632307648658752441e-01
1.309035867452621460e-01
7.067288160324096680e-01
2.741787731647491455e-01
1.029237657785415649e-01
6.042294204235076904e-02
1.599879860877990723e-01
5.711642652750015259e-02
1.309600025415420532e-01
2.160242795944213867e-01
6.248707771301269531e-01
1.878540217876434326e-01
7.595616579055786133e-01
5.735809728503227234e-02
4.884234964847564697e-01
4.559437334537506104e-01
5.503963679075241089e-02
3.463084399700164795e-01
4.012394845485687256e-01
8.217220008373260498e-02
2.039812058210372925e-01
4.455140605568885803e-02
6.015434861183166504e-01
6.960504651069641113e-01
7.265680432319641113e-01
2.469157725572586060e-01
2.029043734073638916e-01
7.079452872276306152e-01
5.507105588912963867e-02
5.456045866012573242e-01
2.365518212318420410e-01
6.617338657379150391e-01
8.029967546463012695e-02
2.945705652236938477e-01
7.697356939315795898e-01
1.547077149152755737e-01
4.315451085567474365e-01
3.457267284393310547e-01
2.425681948661804199e-01
5.918262153863906860e-02
2.376646101474761963e-01
2.748106420040130615e-01
2.034358680248260498e-01
1.587642729282379150e-01
5.170112252235412598e-01
7.533881068229675293e-01
3.975114524364471436e-01
1.812663525342941284e-01
3.832095488905906677e-02
1.490302383899688721e-01
8.034408092498779297e-01
2.063269764184951782e-01
6.986089795827865601e-02
7.214085459709167480e-01
3.755789101123809814e-01
3.433123230934143066e-01
1.011927425861358643e-01
1.204650253057479858e-01
4.194567725062370300e-02
1.725071370601654053e-01
5.130120515823364258e-01
7.181674242019653320e-01
4.897011518478393555e-01
4.767109453678131104e-01
1.758160144090652466e-01
1.365384012460708618e-01
1.496370434761047363e-01
3.903164267539978027e-01
3.273082673549652100e-01
8.011244535446166992e-01
4.829865097999572754e-01
1.133035272359848022e-01
9.882270544767379761e-02
3.920083642005920410e-01
2.575354278087615967e-01
5.026178956031799316e-01
7.774083614349365234e-01
7.992855459451675415e-02
3.031490743160247803e-01
1.307715475559234619e-01
9.344073385000228882e-02
5.067349225282669067e-02
4.347931966185569763e-02
3.604022413492202759e-02
1.174071431159973145e-01
3.778268396854400635e-01
8.403336256742477417e-02
3.086331486701965332e-01
7.849458456039428711e-01
2.747746407985687256e-01
3.970730304718017578e-02
1.425332576036453247e-01
3.724208474159240723e-01
5.081534013152122498e-02
2.756289243698120117e-01
7.871301174163818359e-01
3.352021574974060059e-01
7.614288330078125000e-01
5.123418197035789490e-02
1.416030228137969971e-01
4.059499502182006836e-01
1.955553740262985229e-01
6.707307100296020508e-01
1.204900071024894714e-01
3.907828405499458313e-02
3.856812044978141785e-02
8.035030215978622437e-02
3.358299136161804199e-01
4.534052684903144836e-02
7.710409760475158691e-01
1.025612205266952515e-01
1.388262212276458740e-01
5.621178746223449707e-01
1.232219338417053223e-01
4.457406997680664062e-01
2.064456343650817871e-01
8.837051689624786377e-02
4.934857189655303955e-01
2.946594357490539551e-01
3.663682639598846436e-01
8.422358036041259766e-01
1.952410936355590820e-01
1.781499683856964111e-01
4.683775901794433594e-01
1.110454499721527100e-01
1.943601220846176147e-01
1.284008026123046875e-01
8.965654671192169189e-02
5.856563523411750793e-02
2.023961842060089111e-01
1.010034903883934021e-01
7.417448163032531738e-01
3.867225721478462219e-02
5.207906290888786316e-02
3.657786920666694641e-02
7.497035264968872070e-01
5.266648530960083008e-01
2.318765670061111450e-01
1.571751683950424194e-01
3.094813525676727295e-01
2.909095287322998047e-01
2.557432353496551514e-01
2.756913602352142334e-01
3.638667985796928406e-02
8.733179420232772827e-02
4.644699394702911377e-02
6.279740482568740845e-02
1.584158390760421753e-01
2.052101120352745056e-02
4.370238482952117920e-01
2.456035763025283813e-01
7.560715675354003906e-01
1.673856079578399658e-01
2.113050520420074463e-01
8.008660376071929932e-02
4.258455634117126465e-01
4.551566839218139648e-01
5.752700567245483398e-01
5.878013968467712402e-01
2.205530256032943726e-01
2.940856218338012695e-01
2.670091092586517334e-01
1.688604950904846191e-01
3.946880251169204712e-02
3.869747370481491089e-02
2.723261415958404541e-01
3.363544642925262451e-01
5.953902602195739746e-01
3.890789672732353210e-02
2.723004221916198730e-01
1.102480441331863403e-01
3.778522461652755737e-02
1.076468676328659058e-01
4.049055278301239014e-02
3.560289144515991211e-01
6.156778931617736816e-01
3.585119917988777161e-02
6.588160991668701172e-02
3.752461075782775879e-01
4.536801576614379883e-02
9.756167232990264893e-02
2.725757062435150146e-01
1.189669072628021240e-01
3.960452973842620850e-02
3.696754947304725647e-02
6.384989619255065918e-01
4.662390351295471191e-01
1.703502386808395386e-01
4.449917003512382507e-02
6.752349436283111572e-02
1.053399294614791870e-01
5.237477421760559082e-01
2.166224420070648193e-01
2.607591748237609863e-01
2.768832631409168243e-02
7.974247634410858154e-02
7.231736779212951660e-01
4.064352437853813171e-02
3.433150649070739746e-01
3.653675317764282227e-02
6.793485283851623535e-01
6.819124519824981689e-02
3.890087455511093140e-02
1.816496253013610840e-01
7.067928314208984375e-01
3.913042247295379639e-01
4.078621789813041687e-02
6.316738575696945190e-02
3.049535155296325684e-01
2.638846039772033691e-01
1.808815449476242065e-01
5.750543624162673950e-02
2.232719063758850098e-01
4.113612174987792969e-01
1.477036178112030029e-01
8.800298720598220825e-02
2.090422511100769043e-01
5.390983074903488159e-02
1.552004218101501465e-01
7.797774672508239746e-01
3.358943462371826172e-01
5.310299992561340332e-02
8.939417600631713867e-01
2.382082343101501465e-01
4.440724551677703857e-01
1.241783797740936279e-01
6.419283747673034668e-01
3.399617373943328857e-01
7.147633284330368042e-02
7.792177796363830566e-01
7.573936581611633301e-01
4.315963983535766602e-01
3.477589413523674011e-02
3.451403379440307617e-01
2.904844284057617188e-01
4.753924533724784851e-02
5.131158232688903809e-01
4.089362174272537231e-02
1.213296428322792053e-01
2.362653315067291260e-01
7.772468030452728271e-02
7.199583202600479126e-02
3.824054896831512451e-01
6.704404205083847046e-02
5.258101820945739746e-01
5.723381415009498596e-02
6.011544466018676758e-01
4.868084788322448730e-01
4.047881662845611572e-01
1.931490898132324219e-01
1.485931277275085449e-01
1.301478594541549683e-01
8.998598158359527588e-02
7.548727393150329590e-01
1.312775015830993652e-01
6.236177682876586914e-01
8.262467384338378906e-01
1.437561959028244019e-01
9.689962863922119141e-02
5.621486902236938477e-01
1.432142555713653564e-01
6.167120933532714844e-01
6.488586217164993286e-02
2.287504673004150391e-01
1.199268102645874023e-01
6.152619123458862305e-01
3.125248551368713379e-01
5.104079246520996094e-01
1.781499683856964111e-01
1.214319691061973572e-01
4.525022506713867188e-01
1.766155362129211426e-01
2.218142747879028320e-01
2.363830357789993286e-01
4.367248713970184326e-01
5.172631889581680298e-02
4.292076528072357178e-01
4.664572775363922119e-01
1.039221882820129395e-01
2.879388928413391113e-01
8.081813454627990723e-01
5.886250734329223633e-02
4.975266754627227783e-01
2.223060876131057739e-01
2.054760605096817017e-01
1.313644945621490479e-01
1.364941000938415527e-01
4.075766801834106445e-01
4.129787683486938477e-01
2.449083626270294189e-01
4.706963896751403809e-01
8.043761253356933594e-01
8.806973695755004883e-01
8.552933931350708008e-01
4.954998195171356201e-02
3.359619379043579102e-01
2.514793276786804199e-01
2.557199597358703613e-01
8.477575182914733887e-01
3.116450905799865723e-01
1.510269641876220703e-01
2.164246290922164917e-01
1.249945461750030518e-01
7.792171835899353027e-01
3.681880608201026917e-02
4.764924198389053345e-02
6.684156060218811035e-01
4.691544920206069946e-02
9.901894629001617432e-02
2.999097704887390137e-01
3.589368164539337158e-01
8.289440870285034180e-01
3.899695351719856262e-02
4.672453179955482483e-02
1.148837581276893616e-01
7.001560330390930176e-01
8.115040063858032227e-01
3.787636011838912964e-02
7.173185944557189941e-01
5.490759387612342834e-02
5.225322246551513672e-01
2.427624464035034180e-01
6.332629919052124023e-01
5.999994277954101562e-01
6.198409572243690491e-02
3.022811114788055420e-01
6.205232143402099609e-01
3.626323491334915161e-02
3.891105577349662781e-02
5.046174526214599609e-01
3.982653841376304626e-02
1.310113817453384399e-01
1.639890223741531372e-01
2.434557229280471802e-01
4.099864140152931213e-02
6.420094370841979980e-01
1.759937405586242676e-01
2.067217081785202026e-01
5.206229165196418762e-02
2.823184728622436523e-01
7.856279611587524414e-01
5.097261667251586914e-01
7.102074027061462402e-01
2.207350879907608032e-01
6.566256880760192871e-01
2.480573207139968872e-01
5.569216609001159668e-02
5.787103995680809021e-02
1.257937103509902954e-01
3.953425213694572449e-02
5.766629576683044434e-01
6.033617258071899414e-01
7.058185935020446777e-01
9.513113647699356079e-02
4.283437132835388184e-01
7.395555824041366577e-02
7.205565273761749268e-02
7.810950875282287598e-01
4.956333339214324951e-01
1.011110320687294006e-01
1.024876832962036133e-01
3.922126442193984985e-02
3.745719790458679199e-02
2.083812206983566284e-01
7.577959299087524414e-01
2.584335803985595703e-01
4.101470485329627991e-02
1.381048113107681274e-01
3.971505761146545410e-01
5.090929269790649414e-01
8.876533061265945435e-02
3.802646696567535400e-01
3.004444241523742676e-01
8.554432988166809082e-01
1.616027802228927612e-01
1.052212342619895935e-01
1.632069349288940430e-01
3.099729120731353760e-01
2.851494550704956055e-01
4.577145352959632874e-02
3.356542587280273438e-01
8.099507689476013184e-01
7.741522192955017090e-01
4.468957185745239258e-01
9.087485074996948242e-02
5.981001257896423340e-02
4.562529325485229492e-01
5.791888236999511719e-01
2.249488532543182373e-01
3.398905992507934570e-01
5.335828065872192383e-01
4.016185924410820007e-02
4.248456656932830811e-02
4.242500662803649902e-02
2.399516552686691284e-01
7.287507504224777222e-02
3.643106296658515930e-02
1.998448818922042847e-01
7.443854808807373047e-01
3.234471082687377930e-01
5.708432793617248535e-01
2.258823215961456299e-01
1.765507608652114868e-01
5.472797527909278870e-02
5.374607443809509277e-02
6.015347838401794434e-01
8.609975576400756836e-01
4.306976497173309326e-02
8.315389156341552734e-01
8.415811061859130859e-01
6.761256456375122070e-01
1.843100935220718384e-01
7.645605206489562988e-01
7.388289272785186768e-02
2.591768801212310791e-01
5.401866436004638672e-01
7.480499744415283203e-01
6.940314769744873047e-01
7.135614752769470215e-02
7.474504411220550537e-02
2.379293888807296753e-01
7.772591114044189453e-01
1.924133896827697754e-01
7.131502777338027954e-02
4.695051312446594238e-01
3.319703638553619385e-01
2.461186647415161133e-01
2.112778127193450928e-01
3.713619112968444824e-01
2.332234233617782593e-01
2.708393931388854980e-01
6.808117032051086426e-01
4.554893970489501953e-01
4.064403474330902100e-02
3.932613134384155273e-01
3.870309516787528992e-02
5.231974124908447266e-01
6.944483518600463867e-01
7.769783586263656616e-02
4.711785912513732910e-02
9.968180209398269653e-02
3.928519487380981445e-01
8.630085587501525879e-01
4.229076802730560303e-01
5.982056856155395508e-01
4.147328436374664307e-02
3.853371739387512207e-02
4.586259275674819946e-02
7.977390885353088379e-01
3.169762790203094482e-01
6.048832535743713379e-01
5.427834391593933105e-01
2.034511417150497437e-01
4.656174778938293457e-02
4.285147413611412048e-02
3.993597626686096191e-01
8.506203889846801758e-01
4.637913405895233154e-02
3.841854631900787354e-02
7.672502398490905762e-01
1.673285663127899170e-01
4.046039283275604248e-02
2.694120109081268311e-01
4.318864271044731140e-02
2.119814455509185791e-01
2.004972547292709351e-01
3.361712694168090820e-01
3.826797008514404297e-02
1.941061168909072876e-01
4.743597283959388733e-02
5.388407036662101746e-02
7.135354280471801758e-01
1.790564358234405518e-01
1.589254289865493774e-01
4.344442114233970642e-02
3.865232691168785095e-02
1.543477475643157959e-01
1.247987002134323120e-01
2.283297628164291382e-01
6.879426538944244385e-02
8.428701758384704590e-02
1.546132266521453857e-01
8.686167597770690918e-01
4.305944219231605530e-02
2.116006463766098022e-01
9.513185173273086548e-02
5.606962442398071289e-01
2.972719669342041016e-01
4.494924098253250122e-02
3.750279545783996582e-01
8.339418768882751465e-01
5.148460343480110168e-02
1.318953931331634521e-01
3.616522625088691711e-02
7.858625799417495728e-02
1.342405378818511963e-01
4.220174551010131836e-01
3.767610788345336914e-01
2.313086986541748047e-01
7.418100833892822266e-01
3.102284669876098633e-01
6.330348253250122070e-01
3.561170995235443115e-01
6.426925212144851685e-02
6.710095405578613281e-01
1.086561456322669983e-01
3.932752832770347595e-02
7.974798083305358887e-01
4.874710142612457275e-01
6.913973689079284668e-01
6.151726245880126953e-01
4.830869287252426147e-02
4.501718580722808838e-01
1.856576055288314819e-01
1.536691486835479736e-01
2.816113233566284180e-01
4.196793213486671448e-02
4.035341739654541016e-02
2.436032295227050781e-01
6.665172427892684937e-02
4.338484108448028564e-01
2.088378667831420898e-01
4.545194804668426514e-01
4.053490608930587769e-02
6.427762508392333984e-01
7.246344685554504395e-01
1.167849674820899963e-01
7.796336412429809570e-01
3.769059777259826660e-01
5.019238591194152832e-01
4.316258057951927185e-02
7.859837412834167480e-01
3.271076977252960205e-01
9.102513641119003296e-02
6.923618912696838379e-01
3.055360913276672363e-01
5.930061340332031250e-01
5.005130171775817871e-02
2.471294999122619629e-01
2.772509157657623291e-01
3.552463650703430176e-01
3.598489761352539062e-01
7.617769241333007812e-01
2.199136912822723389e-01
2.113962173461914062e-01
3.775808587670326233e-02
7.569576501846313477e-01
9.082157909870147705e-02
3.727117180824279785e-02
7.708763480186462402e-01
7.822825312614440918e-01
1.956768929958343506e-01
1.732822060585021973e-01
5.904729366302490234e-01
3.329438269138336182e-01
7.548571228981018066e-01
2.232269495725631714e-01
7.513487935066223145e-01
3.938673436641693115e-02
3.793433606624603271e-01
3.776878118515014648e-02
2.898631691932678223e-01
5.194330215454101562e-02
2.135175466537475586e-01
2.952736616134643555e-01
2.093098461627960205e-01
2.307073473930358887e-01
1.757380813360214233e-01
6.049498319625854492e-01
7.754418253898620605e-01
3.012703061103820801e-01
4.137116670608520508e-01
5.791469290852546692e-02
4.981933832168579102e-01
7.591287493705749512e-01
5.283174514770507812e-01
2.552396655082702637e-01
2.094156146049499512e-01
1.176855489611625671e-01
3.961613029241561890e-02
1.190275028347969055e-01
2.614946067333221436e-01
8.579049110412597656e-01
8.770295232534408569e-02
7.036680579185485840e-01
1.052315831184387207e-01
6.537505388259887695e-01
1.440126597881317139e-01
2.065555602312088013e-01
4.558236524462699890e-02
4.278058558702468872e-02
1.799811124801635742e-01
7.710465192794799805e-01
8.100916743278503418e-01
2.519127726554870605e-01
1.061803922057151794e-01
7.603722810745239258e-01
8.725445270538330078e-01
4.904047548770904541e-01
1.052961051464080811e-01
2.295394241809844971e-01
7.341606020927429199e-01
6.424991488456726074e-01
5.937785506248474121e-01
6.680823862552642822e-02
8.098698854446411133e-01
8.086927533149719238e-01
6.306874752044677734e-01
7.971324920654296875e-01
3.329807817935943604e-01
4.263500124216079712e-02
5.299496054649353027e-01
1.851010173559188843e-01
6.159979104995727539e-01
1.084831580519676208e-01
3.914088308811187744e-01
5.285625457763671875e-01
1.285864710807800293e-01
5.815432071685791016e-01
6.078695058822631836e-01
5.923420190811157227e-01
5.573525652289390564e-02
3.178365230560302734e-01
5.449645519256591797e-01
3.289634585380554199e-01
3.890266418457031250e-01
1.037373170256614685e-01
1.871437579393386841e-01
7.040243148803710938e-01
5.011584162712097168e-01
5.317736044526100159e-02
1.039862558245658875e-01
1.781499683856964111e-01
3.752278164029121399e-02
2.115840315818786621e-01
1.978504061698913574e-01
5.283516049385070801e-01
9.099740535020828247e-02
4.143794625997543335e-02
5.096548199653625488e-01
4.309602379798889160e-01
8.524151146411895752e-02
7.583057135343551636e-02
8.942536264657974243e-02
6.589386463165283203e-01
5.311188697814941406e-01
4.069579020142555237e-02
2.257404029369354248e-01
4.172046110033988953e-02
4.510773420333862305e-01
2.733274400234222412e-01
6.066360697150230408e-02
4.937746003270149231e-02
6.045445427298545837e-02
4.416046142578125000e-01
1.608356833457946777e-01
3.995673730969429016e-02
1.845588535070419312e-01
2.673821151256561279e-01
3.914270699024200439e-01
7.122856378555297852e-01
7.541916519403457642e-02
7.471358776092529297e-02
6.092907786369323730e-01
4.681849181652069092e-01
4.622688516974449158e-02
8.928802609443664551e-01
6.343997120857238770e-01
4.217207729816436768e-01
4.228185862302780151e-02
3.033514618873596191e-01
6.151204928755760193e-02
5.022971704602241516e-02
1.538776606321334839e-01
1.621621102094650269e-01
3.839770257472991943e-01
7.602204084396362305e-01
6.825252175331115723e-01
6.003179028630256653e-02
6.047723293304443359e-01
8.685275912284851074e-02
3.562796711921691895e-01
4.878864884376525879e-01
5.720825865864753723e-02
3.563840687274932861e-01
3.182598948478698730e-01
8.641777634620666504e-01
7.318162918090820312e-02
1.646339595317840576e-01
7.245178818702697754e-01
3.100318014621734619e-01
5.550183057785034180e-01
5.185022354125976562e-01
3.932728469371795654e-01
3.703940212726593018e-01
8.772460818290710449e-01
7.703300714492797852e-01
2.453169226646423340e-01
7.627378702163696289e-01
3.592920675873756409e-02
6.939187049865722656e-01
3.994655907154083252e-01
3.961198404431343079e-02
3.802081570029258728e-02
3.171718418598175049e-01
2.242284715175628662e-01
4.687239974737167358e-02
5.638419464230537415e-02
8.220261335372924805e-01
4.227048903703689575e-02
4.839119687676429749e-02
1.439407467842102051e-01
1.239629536867141724e-01
2.066524475812911987e-01
1.048440858721733093e-01
6.005124747753143311e-02
3.841079771518707275e-02
3.896700441837310791e-01
2.109429538249969482e-01
5.480533242225646973e-01
6.921989917755126953e-01
7.636680006980895996e-01
1.055025234818458557e-01
1.611640900373458862e-01
3.047913908958435059e-01
6.936737895011901855e-01
6.155023723840713501e-02
2.400670647621154785e-01
2.227474898099899292e-01
3.660981729626655579e-02
8.224568367004394531e-01
4.337836056947708130e-02
6.598091870546340942e-02
9.819920361042022705e-02
4.163562357425689697e-01
2.799318730831146240e-01
4.802221059799194336e-01
1.903923153877258301e-01
2.987520396709442139e-01
6.045972555875778198e-02
1.654323339462280273e-01
2.630304098129272461e-01
2.533313632011413574e-01
2.280862927436828613e-01
1.295925080776214600e-01
4.787307232618331909e-02
2.340245395898818970e-01
7.980407029390335083e-02
2.916661500930786133e-01
5.092806369066238403e-02
8.147054910659790039e-01
7.287213802337646484e-01
4.853435978293418884e-02
