6.070044264197349548e-02
9.032767415046691895e-01
1.963066905736923218e-01
8.926814794540405273e-01
2.313691824674606323e-01
1.117867305874824524e-01
2.860776782035827637e-01
3.269228637218475342e-01
8.800499439239501953e-01
1.727990061044692993e-01
3.753765821456909180e-01
1.501401662826538086e-01
8.109257221221923828e-01
5.068269968032836914e-01
1.562083810567855835e-01
3.263560533523559570e-01
1.801274269819259644e-01
6.637015938758850098e-01
9.261872768402099609e-01
3.960614204406738281e-01
6.634752154350280762e-01
7.303656935691833496e-01
1.230871826410293579e-01
9.008146822452545166e-02
1.676349341869354248e-01
8.717057853937149048e-02
8.523616790771484375e-01
3.262926638126373291e-01
2.210417985916137695e-01
4.881435334682464600e-01
3.409246504306793213e-01
5.614168569445610046e-02
8.678595423698425293e-01
1.049109175801277161e-01
3.472528457641601562e-01
2.213320285081863403e-01
4.218288064002990723e-01
1.871475726366043091e-01
2.943663895130157471e-01
9.125303626060485840e-01
1.606989055871963501e-01
1.032221764326095581e-01
9.209995716810226440e-02
8.691232651472091675e-02
8.656354993581771851e-02
2.199069708585739136e-01
2.315629273653030396e-01
5.810107588768005371e-01
5.840291082859039307e-02
8.540459275245666504e-01
1.414581239223480225e-01
6.462661921977996826e-02
2.327855974435806274e-01
3.421484529972076416e-01
2.145873010158538818e-01
1.088649407029151917e-01
7.849686145782470703e-01
1.264246255159378052e-01
1.050724610686302185e-01
2.190279811620712280e-01
3.131539523601531982e-01
3.092234730720520020e-01
1.103539690375328064e-01
8.660086244344711304e-02
1.342379748821258545e-01
2.074446380138397217e-01
9.369624406099319458e-02
1.875020116567611694e-01
5.800378322601318359e-01
1.640181243419647217e-01
7.657638937234878540e-02
5.620760917663574219e-01
3.634745478630065918e-01
1.169972047209739685e-01
2.575024664402008057e-01
1.356397718191146851e-01
5.866020917892456055e-02
6.232492625713348389e-02
8.140701800584793091e-02
1.306408941745758057e-01
8.936356902122497559e-01
6.819044351577758789e-01
8.706719279289245605e-01
4.636355042457580566e-01
8.906669616699218750e-01
5.755147933959960938e-01
1.019056215882301331e-01
1.643240153789520264e-01
8.097413778305053711e-01
2.377898097038269043e-01
6.660667657852172852e-01
1.273764818906784058e-01
7.109861075878143311e-02
4.754168093204498291e-01
4.200429022312164307e-01
2.989996671676635742e-01
2.532316148281097412e-01
8.779122829437255859e-01
9.428335726261138916e-02
1.377231329679489136e-01
3.388347625732421875e-01
1.792234033346176147e-01
4.810507893562316895e-01
2.171711474657058716e-01
4.605496525764465332e-01
1.487350016832351685e-01
1.001518443226814270e-01
4.196895062923431396e-01
6.323533058166503906e-01
4.581733644008636475e-01
3.413742184638977051e-01
9.484565258026123047e-02
1.030792966485023499e-01
9.249731302261352539e-01
2.303446084260940552e-01
1.066319122910499573e-01
8.909822106361389160e-01
1.030910760164260864e-01
2.023560404777526855e-01
6.979283094406127930e-01
6.565403193235397339e-02
2.323393821716308594e-01
1.594116836786270142e-01
5.803104043006896973e-01
8.994277119636535645e-01
9.967685490846633911e-02
1.476350575685501099e-01
1.592126935720443726e-01
7.321421056985855103e-02
1.399793177843093872e-01
9.070850014686584473e-01
4.281439781188964844e-01
8.906818032264709473e-01
2.630503177642822266e-01
5.432918667793273926e-01
4.404093027114868164e-01
8.870657086372375488e-01
2.879153192043304443e-01
3.484845161437988281e-01
8.964112401008605957e-02
7.863401770591735840e-01
7.323487997055053711e-01
5.489133000373840332e-01
4.413382411003112793e-01
2.267629653215408325e-01
9.994769096374511719e-02
4.444142580032348633e-01
7.523404359817504883e-01
5.861249566078186035e-01
1.506823003292083740e-01
6.719969213008880615e-02
1.476260274648666382e-01
9.513464570045471191e-02
1.160859465599060059e-01
1.353451013565063477e-01
1.369107067584991455e-01
3.319248259067535400e-01
2.869461774826049805e-01
4.211442768573760986e-01
6.830019950866699219e-01
2.644691765308380127e-01
6.329709887504577637e-01
1.734193265438079834e-01
3.017146289348602295e-01
8.013088107109069824e-01
2.708355486392974854e-01
3.853775560855865479e-01
2.946810424327850342e-01
1.269008070230484009e-01
2.607307434082031250e-01
1.399942934513092041e-01
6.271413713693618774e-02
3.066832423210144043e-01
5.959167480468750000e-01
1.369032859802246094e-01
9.019790291786193848e-01
3.063351809978485107e-01
8.379077911376953125e-02
8.446097373962402344e-01
1.627630144357681274e-01
1.530105620622634888e-01
1.170807108283042908e-01
1.059881299734115601e-01
1.620995104312896729e-01
5.245241895318031311e-02
1.074941158294677734e-01
1.711633652448654175e-01
5.723536014556884766e-01
3.319430649280548096e-01
3.602356314659118652e-01
1.030226871371269226e-01
5.720825791358947754e-01
9.514307975769042969e-02
6.495710015296936035e-01
3.233442902565002441e-01
4.745962917804718018e-01
9.625668078660964966e-02
2.527440488338470459e-01
4.831368327140808105e-01
5.720158666372299194e-02
6.027486920356750488e-02
1.165550500154495239e-01
8.603373765945434570e-01
2.180235981941223145e-01
4.368169307708740234e-01
8.970134854316711426e-01
5.404143929481506348e-01
9.474708139896392822e-02
9.302791357040405273e-01
2.231678515672683716e-01
3.004910945892333984e-01
8.343366533517837524e-02
1.813698559999465942e-01
6.524800062179565430e-01
1.856223940849304199e-01
6.124589219689369202e-02
8.900783061981201172e-01
3.957409560680389404e-01
6.067280769348144531e-01
1.146075874567031860e-01
9.048387408256530762e-01
9.372399449348449707e-01
5.998519062995910645e-01
1.060343608260154724e-01
1.205140054225921631e-01
1.401356160640716553e-01
4.947947561740875244e-01
5.174883604049682617e-01
1.190960705280303955e-01
5.524904131889343262e-01
6.168216466903686523e-01
8.889569044113159180e-01
1.171899065375328064e-01
5.786106586456298828e-01
8.883861303329467773e-01
3.437061011791229248e-01
4.930639863014221191e-01
9.026578664779663086e-01
2.115242034196853638e-01
1.174531579017639160e-01
8.844230175018310547e-01
1.262316107749938965e-01
7.261855602264404297e-01
1.673323363065719604e-01
3.011306226253509521e-01
5.450002551078796387e-01
1.163967698812484741e-01
9.280068278312683105e-01
1.873009800910949707e-01
7.446078062057495117e-01
1.655193567276000977e-01
5.407958477735519409e-02
1.405220031738281250e-01
1.455664336681365967e-01
1.320265978574752808e-01
1.187524721026420593e-01
2.369721978902816772e-01
7.851129174232482910e-01
1.535356491804122925e-01
8.707456588745117188e-01
1.207707375288009644e-01
4.780206084251403809e-01
4.891484379768371582e-01
8.342150598764419556e-02
2.295658439397811890e-01
4.333940148353576660e-01
3.161810040473937988e-01
1.940216422080993652e-01
1.086931675672531128e-01
5.340660214424133301e-01
8.837965726852416992e-01
7.421044111251831055e-01
2.973687946796417236e-01
2.134976089000701904e-01
5.571129322052001953e-01
1.549623757600784302e-01
6.620059609413146973e-01
3.054905235767364502e-01
8.271747231483459473e-01
1.162386387586593628e-01
2.135928571224212646e-01
8.587684035301208496e-01
1.716761440038681030e-01
6.464929580688476562e-01
3.619844913482666016e-01
3.178929090499877930e-01
9.403558820486068726e-02
1.853900253772735596e-01
2.618604302406311035e-01
1.632786244153976440e-01
1.144877076148986816e-01
5.992718338966369629e-01
7.225066423416137695e-01
4.334348440170288086e-01
2.338280975818634033e-01
7.392492890357971191e-02
1.715767830610275269e-01
8.978977799415588379e-01
3.056692481040954590e-01
1.183179169893264771e-01
8.886431455612182617e-01
4.966951012611389160e-01
4.474716484546661377e-01
1.229770332574844360e-01
1.048611998558044434e-01
7.494430989027023315e-02
1.633640378713607788e-01
7.714782953262329102e-01
8.666506409645080566e-01
3.881974220275878906e-01
4.529816508293151855e-01
1.247465535998344421e-01
1.393364667892456055e-01
1.772529631853103638e-01
5.965369939804077148e-01
3.863044083118438721e-01
8.955993652343750000e-01
7.111440300941467285e-01
1.360546499490737915e-01
1.545985639095306396e-01
4.181264340877532959e-01
2.848944664001464844e-01
6.024101376533508301e-01
8.921413421630859375e-01
3.208759129047393799e-01
3.937707841396331787e-01
1.876962035894393921e-01
7.938792556524276733e-02
1.361957639455795288e-01
1.375606805086135864e-01
8.241700381040573120e-02
8.467412739992141724e-02
4.351809918880462646e-01
9.378214180469512939e-02
2.346896529197692871e-01
8.702095746994018555e-01
2.885133326053619385e-01
7.385102659463882446e-02
1.604298204183578491e-01
3.386329114437103271e-01
1.081886291503906250e-01
3.608511090278625488e-01
5.988966822624206543e-01
3.363924324512481689e-01
8.881118297576904297e-01
6.218120083212852478e-02
2.395244985818862915e-01
6.021357178688049316e-01
1.533081680536270142e-01
7.302694320678710938e-01
1.236088350415229797e-01
6.321001797914505005e-02
5.875281989574432373e-02
1.150845065712928772e-01
2.972182929515838623e-01
1.089009195566177368e-01
7.988405823707580566e-01
1.812599748373031616e-01
1.271849870681762695e-01
4.752653837203979492e-01
1.144352182745933533e-01
4.219103157520294189e-01
1.410864144563674927e-01
8.570610731840133667e-02
6.344082951545715332e-01
3.390770554542541504e-01
2.714350223541259766e-01
9.146767258644104004e-01
2.742129266262054443e-01
1.675594598054885864e-01
3.641047477722167969e-01
1.232386454939842224e-01
2.082613557577133179e-01
1.359340846538543701e-01
1.136340573430061340e-01
1.021155044436454773e-01
1.481710225343704224e-01
1.187716796994209290e-01
8.211818933486938477e-01
1.057243272662162781e-01
1.005780622363090515e-01
7.649423182010650635e-02
8.795940876007080078e-01
4.724097251892089844e-01
1.916381567716598511e-01
1.755989640951156616e-01
4.154863655567169189e-01
2.778113186359405518e-01
1.401884257793426514e-01
4.856880605220794678e-01
6.199815869331359863e-02
1.339320540428161621e-01
1.566660404205322266e-01
1.018238887190818787e-01
1.697964817285537720e-01
5.007341504096984863e-02
4.522224068641662598e-01
2.846857309341430664e-01
5.599699020385742188e-01
1.071412488818168640e-01
1.874502897262573242e-01
1.138659939169883728e-01
6.939633488655090332e-01
4.658397734165191650e-01
6.463562846183776855e-01
7.238861322402954102e-01
3.205738067626953125e-01
3.550222516059875488e-01
2.111778557300567627e-01
1.366397589445114136e-01
9.480055421590805054e-02
5.901007726788520813e-02
2.720893621444702148e-01
3.922997713088989258e-01
5.837799906730651855e-01
5.804744362831115723e-02
3.507871627807617188e-01
9.319725632667541504e-02
9.546177834272384644e-02
1.251039952039718628e-01
1.162025183439254761e-01
4.870557487010955811e-01
7.484821081161499023e-01
5.893886834383010864e-02
1.247002258896827698e-01
4.791793823242187500e-01
7.013581693172454834e-02
1.073610484600067139e-01
2.732601761817932129e-01
1.480295807123184204e-01
1.104591861367225647e-01
9.460522234439849854e-02
7.642402052879333496e-01
5.552825331687927246e-01
1.750263720750808716e-01
9.841711819171905518e-02
1.491190791130065918e-01
1.182881295680999756e-01
6.092038750648498535e-01
3.224077522754669189e-01
3.085881471633911133e-01
2.967882342636585236e-02
1.264925897121429443e-01
6.595123410224914551e-01
1.247843950986862183e-01
2.598890066146850586e-01
8.802863955497741699e-02
8.786013722419738770e-01
1.315587460994720459e-01
5.930812656879425049e-02
2.015007734298706055e-01
8.380964398384094238e-01
5.525364279747009277e-01
8.448839932680130005e-02
9.488385170698165894e-02
3.840306103229522705e-01
3.298580348491668701e-01
1.419779211282730103e-01
1.055379584431648254e-01
1.938015669584274292e-01
3.293863832950592041e-01
2.242092490196228027e-01
1.339951306581497192e-01
2.071998417377471924e-01
8.813390880823135376e-02
1.099568232893943787e-01
8.490580916404724121e-01
4.174410402774810791e-01
1.945297569036483765e-01
9.379731416702270508e-01
2.517371177673339844e-01
4.978107511997222900e-01
1.172522678971290588e-01
7.729456424713134766e-01
2.452162355184555054e-01
8.865216374397277832e-02
8.581275939941406250e-01
8.830023407936096191e-01
5.348193049430847168e-01
5.540879070758819580e-02
3.893914818763732910e-01
3.114245533943176270e-01
1.047924906015396118e-01
4.584416747093200684e-01
7.349043339490890503e-02
1.208383068442344666e-01
4.078393578529357910e-01
1.363946497440338135e-01
1.222667172551155090e-01
3.714207410812377930e-01
1.156155467033386230e-01
3.684165775775909424e-01
1.443022787570953369e-01
8.237636089324951172e-01
4.731009602546691895e-01
3.955965042114257812e-01
1.767474710941314697e-01
2.483395487070083618e-01
1.325719356536865234e-01
1.875096708536148071e-01
8.753187656402587891e-01
1.621838212013244629e-01
4.663224816322326660e-01
9.035438895225524902e-01
1.299340128898620605e-01
9.932360798120498657e-02
3.873335123062133789e-01
1.022254973649978638e-01
8.041999936103820801e-01
8.081713318824768066e-02
2.213963419198989868e-01
3.015852570533752441e-01
6.280707120895385742e-01
2.266606241464614868e-01
3.789527714252471924e-01
1.675594598054885864e-01
1.949649304151535034e-01
5.894186496734619141e-01
1.980018764734268188e-01
2.085237950086593628e-01
1.553882509469985962e-01
5.163975954055786133e-01
1.257490068674087524e-01
4.124694764614105225e-01
4.561760127544403076e-01
1.922329962253570557e-01
3.070437014102935791e-01
8.748894333839416504e-01
1.083920150995254517e-01
4.746603667736053467e-01
1.445440351963043213e-01
3.541652560234069824e-01
1.905786246061325073e-01
1.914556324481964111e-01
4.421152472496032715e-01
2.819995284080505371e-01
2.790956497192382812e-01
5.712881088256835938e-01
9.040701389312744141e-01
9.330837130546569824e-01
9.307078719139099121e-01
7.415553182363510132e-02
3.211869001388549805e-01
2.632210850715637207e-01
3.783584535121917725e-01
9.085500240325927734e-01
2.916973233222961426e-01
2.491246759891510010e-01
1.860009729862213135e-01
9.960743039846420288e-02
8.804480433464050293e-01
5.844406783580780029e-02
9.636276215314865112e-02
8.038610816001892090e-01
8.225142955780029297e-02
1.151173636317253113e-01
3.333269357681274414e-01
4.930133223533630371e-01
9.106743931770324707e-01
8.788354694843292236e-02
8.441313356161117554e-02
1.532715409994125366e-01
8.507367372512817383e-01
9.077648520469665527e-01
5.755130946636199951e-02
8.373856544494628906e-01
8.286115527153015137e-02
6.367243528366088867e-01
1.884577125310897827e-01
7.206351161003112793e-01
5.855495333671569824e-01
1.193318068981170654e-01
2.677198350429534912e-01
6.354671120643615723e-01
6.438745558261871338e-02
6.915469467639923096e-02
5.910620093345642090e-01
7.803938537836074829e-02
1.152578592300415039e-01
1.946861445903778076e-01
3.027320802211761475e-01
5.945885181427001953e-02
5.641070008277893066e-01
2.200584560632705688e-01
2.820124030113220215e-01
8.594781160354614258e-02
2.431150227785110474e-01
8.846012949943542480e-01
7.703889608383178711e-01
8.075832128524780273e-01
2.849361598491668701e-01
4.490232765674591064e-01
2.658754885196685791e-01
2.633745670318603516e-01
9.966310113668441772e-02
1.154933869838714600e-01
5.928840860724449158e-02
6.093605160713195801e-01
6.873900294303894043e-01
6.702842712402343750e-01
1.053600013256072998e-01
3.100088536739349365e-01
1.248722523450851440e-01
1.516994386911392212e-01
9.040209054946899414e-01
6.194530129432678223e-01
1.830448508262634277e-01
1.481271088123321533e-01
9.264335781335830688e-02
7.170106470584869385e-02
2.706345021724700928e-01
8.703465461730957031e-01
3.362389206886291504e-01
8.174278587102890015e-02
1.349368542432785034e-01
3.641341030597686768e-01
5.510890483856201172e-01
1.225741505622863770e-01
3.827418386936187744e-01
3.760960400104522705e-01
8.740744590759277344e-01
1.977173238992691040e-01
1.168453469872474670e-01
2.746724188327789307e-01
2.263504117727279663e-01
2.836168706417083740e-01
7.348296046257019043e-02
3.970505595207214355e-01
8.985621929168701172e-01
8.375713825225830078e-01
6.302818059921264648e-01
3.175396099686622620e-02
8.682008087635040283e-02
5.985087156295776367e-01
5.796256065368652344e-01
2.917706668376922607e-01
4.660789370536804199e-01
6.403877139091491699e-01
1.035582870244979858e-01
8.550661802291870117e-02
6.204380095005035400e-02
2.844023704528808594e-01
2.883314490318298340e-01
5.821495875716209412e-02
1.902998983860015869e-01
7.501471042633056641e-01
4.292356073856353760e-01
6.025336980819702148e-01
2.925460338592529297e-01
2.279316335916519165e-01
1.050797998905181885e-01
8.848823606967926025e-02
7.510915398597717285e-01
9.237794876098632812e-01
5.961289256811141968e-02
9.172930121421813965e-01
9.211518764495849609e-01
8.203178644180297852e-01
2.464886754751205444e-01
5.831713676452636719e-01
8.428265154361724854e-02
3.577050864696502686e-01
4.687907397747039795e-01
6.548651456832885742e-01
8.265706896781921387e-01
1.172618791460990906e-01
7.446676492691040039e-02
3.328775763511657715e-01
6.901751160621643066e-01
2.588756084442138672e-01
1.389280706644058228e-01
5.167300105094909668e-01
1.956873387098312378e-01
3.147481679916381836e-01
2.775366008281707764e-01
4.663713276386260986e-01
1.974387615919113159e-01
3.529971837997436523e-01
8.064784407615661621e-01
4.350083172321319580e-01
6.447663158178329468e-02
4.291238784790039062e-01
8.228629827499389648e-02
4.270737469196319580e-01
7.423658370971679688e-01
1.221545785665512085e-01
7.136089354753494263e-02
8.797723799943923950e-02
3.691900670528411865e-01
9.218773245811462402e-01
3.830598592758178711e-01
7.571924328804016113e-01
1.057801321148872375e-01
6.128715351223945618e-02
8.607494086027145386e-02
8.861632943153381348e-01
4.318608343601226807e-01
6.082109212875366211e-01
4.822966456413269043e-01
1.878039985895156860e-01
1.472831964492797852e-01
6.388591229915618896e-02
5.164471864700317383e-01
9.124448299407958984e-01
9.996180981397628784e-02
8.840724825859069824e-02
8.824024200439453125e-01
1.836820542812347412e-01
6.110522896051406860e-02
3.221259415149688721e-01
7.621356844902038574e-02
2.110548019409179688e-01
2.539257109165191650e-01
3.909997045993804932e-01
5.834443494677543640e-02
1.319684684276580811e-01
6.798717379570007324e-02
9.667801111936569214e-02
6.519403457641601562e-01
2.627224028110504150e-01
2.326657176017761230e-01
8.433879911899566650e-02
9.273847937583923340e-02
1.502241939306259155e-01
1.181461438536643982e-01
1.217656880617141724e-01
2.149224281311035156e-01
8.418659120798110962e-02
1.524892002344131470e-01
9.333783388137817383e-01
3.379495441913604736e-02
2.900865674018859863e-01
1.241791546344757080e-01
4.132889211177825928e-01
4.687377810478210449e-01
7.072300463914871216e-02
3.408192694187164307e-01
9.145364761352539062e-01
1.214983686804771423e-01
1.535959690809249878e-01
9.254143387079238892e-02
1.803530901670455933e-01
1.486722081899642944e-01
3.874731361865997314e-01
4.598251283168792725e-01
1.999139636754989624e-01
8.891674876213073730e-01
2.897976636886596680e-01
5.173884630203247070e-01
2.861668765544891357e-01
1.888320744037628174e-01
6.272776722908020020e-01
1.334883123636245728e-01
6.346093118190765381e-02
8.935761451721191406e-01
6.577885746955871582e-01
8.298421502113342285e-01
6.938436627388000488e-01
7.788529992103576660e-02
4.024426639080047607e-01
1.609936058521270752e-01
2.082522660493850708e-01
3.729710280895233154e-01
8.238963037729263306e-02
9.480295330286026001e-02
3.463567495346069336e-01
9.687335044145584106e-02
5.091345310211181641e-01
5.088523626327514648e-01
5.883642435073852539e-01
7.514633983373641968e-02
7.142409086227416992e-01
7.767397165298461914e-01
1.790519207715988159e-01
8.971449136734008789e-01
3.038036823272705078e-01
4.651119112968444824e-01
1.127169579267501831e-01
8.813995122909545898e-01
2.448794543743133545e-01
7.823375612497329712e-02
8.398578166961669922e-01
2.999620437622070312e-01
6.516278982162475586e-01
1.023039892315864563e-01
2.733360230922698975e-01
4.196465313434600830e-01
3.297921717166900635e-01
4.395050704479217529e-01
9.054474830627441406e-01
2.027579993009567261e-01
2.377410680055618286e-01
5.665306374430656433e-02
8.781498670578002930e-01
1.036937758326530457e-01
7.740920782089233398e-02
8.549400568008422852e-01
8.498536348342895508e-01
2.830804586410522461e-01
1.056158691644668579e-01
6.145024299621582031e-01
3.899694681167602539e-01
8.856694102287292480e-01
1.949348896741867065e-01
8.903694748878479004e-01
5.924820899963378906e-02
4.174638986587524414e-01
7.772202789783477783e-02
4.064336419105529785e-01
9.944881498813629150e-02
3.578256964683532715e-01
3.054156303405761719e-01
2.430863380432128906e-01
2.043653279542922974e-01
1.475803107023239136e-01
5.445148944854736328e-01
8.850167393684387207e-01
1.405632346868515015e-01
4.427715539932250977e-01
1.053972467780113220e-01
4.318065047264099121e-01
8.747680783271789551e-01
7.243044972419738770e-01
1.872438192367553711e-01
2.379142791032791138e-01
1.090872883796691895e-01
1.846053600311279297e-01
1.070048809051513672e-01
2.922321856021881104e-01
9.291241168975830078e-01
1.833429932594299316e-01
6.419636011123657227e-01
1.971618086099624634e-01
6.939828395843505859e-01
1.207773014903068542e-01
2.125492841005325317e-01
8.195529133081436157e-02
8.281532675027847290e-02
1.855437308549880981e-01
8.237791061401367188e-01
6.159097552299499512e-01
3.875734806060791016e-01
1.171034052968025208e-01
7.236049771308898926e-01
9.179194569587707520e-01
6.672079563140869141e-01
1.130530908703804016e-01
2.195241600275039673e-01
8.604413866996765137e-01
5.525640249252319336e-01
7.290909290313720703e-01
7.084359973669052124e-02
9.003795981407165527e-01
9.047393798828125000e-01
5.297913551330566406e-01
8.945014476776123047e-01
4.235572516918182373e-01
6.492193043231964111e-02
4.199127852916717529e-01
2.080267667770385742e-01
6.109389066696166992e-01
1.240697205066680908e-01
4.278998970985412598e-01
7.349646091461181641e-01
1.224188283085823059e-01
5.025233030319213867e-01
5.783328413963317871e-01
6.837179064750671387e-01
8.885385096073150635e-02
2.892393469810485840e-01
6.358928084373474121e-01
4.500479698181152344e-01
4.633184671401977539e-01
2.078776806592941284e-01
2.800452709197998047e-01
6.994310021400451660e-01
5.268622040748596191e-01
1.134900599718093872e-01
1.323831081390380859e-01
1.675594598054885864e-01
5.802340433001518250e-02
1.639808267354965210e-01
1.595492959022521973e-01
6.688368320465087891e-01
2.812726199626922607e-01
6.110990047454833984e-02
3.817272782325744629e-01
4.647898375988006592e-01
1.127911731600761414e-01
2.790541946887969971e-01
1.012998223304748535e-01
6.304194331169128418e-01
5.326781868934631348e-01
6.082829460501670837e-02
2.721788883209228516e-01
6.055159121751785278e-02
3.954412043094635010e-01
2.637116611003875732e-01
1.255545765161514282e-01
1.040599793195724487e-01
1.073735654354095459e-01
4.257031381130218506e-01
2.372475117444992065e-01
8.348908275365829468e-02
1.137707382440567017e-01
2.099035680294036865e-01
3.112843334674835205e-01
5.320522785186767578e-01
8.683137595653533936e-02
1.356910169124603271e-01
6.621811985969543457e-01
4.987278282642364502e-01
7.591542601585388184e-02
9.367249608039855957e-01
5.915385484695434570e-01
4.816194772720336914e-01
7.742613554000854492e-02
2.771207094192504883e-01
8.209681510925292969e-02
9.145347774028778076e-02
2.776037454605102539e-01
1.555578410625457764e-01
4.882398545742034912e-01
8.747917413711547852e-01
8.051223158836364746e-01
1.228816881775856018e-01
6.685590744018554688e-01
1.902874559164047241e-01
2.923203706741333008e-01
4.936301112174987793e-01
1.633151620626449585e-01
5.404359698295593262e-01
3.410362899303436279e-01
9.287658929824829102e-01
1.317799240350723267e-01
1.386696249246597290e-01
8.385484218597412109e-01
3.253195583820343018e-01
6.261853575706481934e-01
5.375543832778930664e-01
3.234838545322418213e-01
3.015796840190887451e-01
8.880698084831237793e-01
8.467774987220764160e-01
2.784687280654907227e-01
8.140990734100341797e-01
1.353950798511505127e-01
7.649208903312683105e-01
5.388281345367431641e-01
9.577337652444839478e-02
5.702941864728927612e-02
3.400911986827850342e-01
2.302842885255813599e-01
8.128519356250762939e-02
1.251257807016372681e-01
9.122358560562133789e-01
1.160944551229476929e-01
6.234871968626976013e-02
2.598107457160949707e-01
1.352481991052627563e-01
3.303749561309814453e-01
8.268649131059646606e-02
9.837868809700012207e-02
7.355849444866180420e-02
5.326678752899169922e-01
1.648319661617279053e-01
2.452784180641174316e-01
8.475860357284545898e-01
8.873888850212097168e-01
1.189821660518646240e-01
8.940045535564422607e-02
3.861793279647827148e-01
5.440317988395690918e-01
7.957848906517028809e-02
2.153072953224182129e-01
3.297616243362426758e-01
6.866798549890518188e-02
9.063461422920227051e-01
1.424257755279541016e-01
1.094397753477096558e-01
1.065485924482345581e-01
3.799572885036468506e-01
2.795688509941101074e-01
6.788326501846313477e-01
1.314562261104583740e-01
2.949781119823455811e-01
1.243245378136634827e-01
4.971683323383331299e-01
2.977312505245208740e-01
2.010143995285034180e-01
1.521474421024322510e-01
2.258524447679519653e-01
6.025509163737297058e-02
1.766275316476821899e-01
7.113906741142272949e-02
4.637209475040435791e-01
7.565608620643615723e-02
9.000833630561828613e-01
8.527758717536926270e-01
1.050363481044769287e-01
