1.132312044501304626e-01
7.731916904449462891e-01
2.153232544660568237e-01
7.275161147117614746e-01
1.938700824975967407e-01
1.855352073907852173e-01
7.178482413291931152e-01
2.038578540086746216e-01
7.679810523986816406e-01
2.697648108005523682e-01
2.569366395473480225e-01
2.273373454809188843e-01
7.582523822784423828e-01
5.726612210273742676e-01
2.334256917238235474e-01
2.228751480579376221e-01
2.505691051483154297e-01
5.689802765846252441e-01
7.765694260597229004e-01
4.874584376811981201e-01
7.737512588500976562e-01
7.379489541053771973e-01
1.311405301094055176e-01
1.090275123715400696e-01
1.917510181665420532e-01
1.542625725269317627e-01
7.665715813636779785e-01
2.847368121147155762e-01
7.448942065238952637e-01
5.332611799240112305e-01
2.809349298477172852e-01
7.742466777563095093e-02
7.610178589820861816e-01
1.131746470928192139e-01
5.051462650299072266e-01
1.612306386232376099e-01
5.285651087760925293e-01
1.997267454862594604e-01
4.258895218372344971e-01
7.677018046379089355e-01
2.148616462945938110e-01
2.189737558364868164e-01
1.488589793443679810e-01
7.235872000455856323e-02
7.910703867673873901e-02
8.652745932340621948e-02
2.249863743782043457e-01
5.996224880218505859e-01
1.137809976935386658e-01
7.614517807960510254e-01
1.695910394191741943e-01
1.337940841913223267e-01
1.666875481605529785e-01
5.323941111564636230e-01
1.170849427580833435e-01
9.889872372150421143e-02
7.756456732749938965e-01
1.418303102254867554e-01
1.482424587011337280e-01
2.600351870059967041e-01
2.474044114351272583e-01
2.002691477537155151e-01
1.353569179773330688e-01
1.607911437749862671e-01
1.364723145961761475e-01
1.846258342266082764e-01
9.949786216020584106e-02
1.223929077386856079e-01
6.230149865150451660e-01
1.643492281436920166e-01
7.210874557495117188e-02
5.206292271614074707e-01
4.576832056045532227e-01
1.705937981605529785e-01
4.070540964603424072e-01
1.895659863948822021e-01
8.594969660043716431e-02
8.786696195602416992e-02
1.365617364645004272e-01
1.530911475419998169e-01
7.699149250984191895e-01
6.157981157302856445e-01
7.488318085670471191e-01
5.373486876487731934e-01
7.733036279678344727e-01
7.609670162200927734e-01
1.220881119370460510e-01
2.082531005144119263e-01
7.701718211174011230e-01
3.834511637687683105e-01
4.650689065456390381e-01
1.315312683582305908e-01
1.526535451412200928e-01
7.626415491104125977e-01
5.887283682823181152e-01
2.778794467449188232e-01
3.923055231571197510e-01
7.610844969749450684e-01
1.344900429248809814e-01
1.605936139822006226e-01
5.478952527046203613e-01
2.253549993038177490e-01
4.728382825851440430e-01
2.024552375078201294e-01
4.108508527278900146e-01
2.119265645742416382e-01
8.065395057201385498e-02
3.397546708583831787e-01
7.534602880477905273e-01
6.118824481964111328e-01
3.399655818939208984e-01
1.090922802686691284e-01
1.180215626955032349e-01
7.331395149230957031e-01
3.379888236522674561e-01
1.204615384340286255e-01
7.682356834411621094e-01
9.908364713191986084e-02
8.084017783403396606e-02
6.334671974182128906e-01
1.163056045770645142e-01
1.845996826887130737e-01
2.497638612985610962e-01
3.741472363471984863e-01
7.743914723396301270e-01
1.673213541507720947e-01
1.619682610034942627e-01
2.395407855510711670e-01
7.893994450569152832e-02
1.105690449476242065e-01
7.728511095046997070e-01
3.066914975643157959e-01
7.744766473770141602e-01
3.927572965621948242e-01
5.568808317184448242e-01
3.807385265827178955e-01
7.737556695938110352e-01
3.723524212837219238e-01
5.355075001716613770e-01
7.575874030590057373e-02
7.369710803031921387e-01
7.237606048583984375e-01
7.204375267028808594e-01
2.895843386650085449e-01
3.241672813892364502e-01
1.407479792833328247e-01
5.728700160980224609e-01
6.979662179946899414e-01
3.119676113128662109e-01
2.136881053447723389e-01
1.538435965776443481e-01
2.356263250112533569e-01
1.820858418941497803e-01
2.206744700670242310e-01
2.522819638252258301e-01
1.685821563005447388e-01
2.212226688861846924e-01
1.402465552091598511e-01
3.128377795219421387e-01
6.766678690910339355e-01
3.068185448646545410e-01
6.322487592697143555e-01
1.010402292013168335e-01
1.460632532835006714e-01
7.613826990127563477e-01
3.949766755104064941e-01
4.281324148178100586e-01
3.264717757701873779e-01
1.987099647521972656e-01
2.370738536119461060e-01
1.213086247444152832e-01
1.471778303384780884e-01
1.834238469600677490e-01
5.316700339317321777e-01
1.293954700231552124e-01
7.084110379219055176e-01
2.971901297569274902e-01
8.663868904113769531e-02
7.703496813774108887e-01
3.245472609996795654e-01
2.276012897491455078e-01
1.629376858472824097e-01
1.720405369997024536e-01
2.371035516262054443e-01
9.920574724674224854e-02
1.272699385881423950e-01
2.038009315729141235e-01
7.045920491218566895e-01
4.054630994796752930e-01
4.476262927055358887e-01
1.662074774503707886e-01
5.528653860092163086e-01
9.462043642997741699e-02
7.365761995315551758e-01
3.411358892917633057e-01
6.433854699134826660e-01
1.013608053326606750e-01
2.203134149312973022e-01
3.099960088729858398e-01
7.958757132291793823e-02
9.878242015838623047e-02
2.894274294376373291e-01
7.453573346138000488e-01
2.925452589988708496e-01
4.798799157142639160e-01
7.768930196762084961e-01
6.736518740653991699e-01
8.827137947082519531e-02
7.754935622215270996e-01
8.303465694189071655e-02
4.219874441623687744e-01
9.693470597267150879e-02
2.425625324249267578e-01
5.966032743453979492e-01
2.296166718006134033e-01
8.987636119127273560e-02
7.429936528205871582e-01
5.370113849639892578e-01
6.816515922546386719e-01
9.860903024673461914e-02
7.671042084693908691e-01
7.790443897247314453e-01
7.015406489372253418e-01
1.784829497337341309e-01
1.702710688114166260e-01
1.086379960179328918e-01
2.991858124732971191e-01
5.968233942985534668e-01
1.387459933757781982e-01
5.705450177192687988e-01
6.130614280700683594e-01
7.755047082901000977e-01
1.514307260513305664e-01
5.205341577529907227e-01
6.978501081466674805e-01
5.594696402549743652e-01
6.362821459770202637e-01
7.742117643356323242e-01
3.030455112457275391e-01
2.219861447811126709e-01
7.723286151885986328e-01
1.308429092168807983e-01
7.269749641418457031e-01
2.922008931636810303e-01
1.407490074634552002e-01
4.540728926658630371e-01
1.749473810195922852e-01
7.740727066993713379e-01
1.807005852460861206e-01
6.556084752082824707e-01
2.238296717405319214e-01
1.161391958594322205e-01
1.035696566104888916e-01
2.105921059846878052e-01
1.721062958240509033e-01
2.542971372604370117e-01
3.156313300132751465e-01
7.432452440261840820e-01
1.997268795967102051e-01
6.557793021202087402e-01
1.081528440117835999e-01
6.399068236351013184e-01
4.759941697120666504e-01
1.279632449150085449e-01
3.315507471561431885e-01
3.009545803070068359e-01
3.138688504695892334e-01
2.139613926410675049e-01
9.668803215026855469e-02
5.869495868682861328e-01
7.744358777999877930e-01
7.699552178382873535e-01
2.924277782440185547e-01
2.541413903236389160e-01
7.350925803184509277e-01
8.017262816429138184e-02
6.699401736259460449e-01
2.539517283439636230e-01
7.719029188156127930e-01
1.045796498656272888e-01
2.749225497245788574e-01
7.742718458175659180e-01
1.113798469305038452e-01
4.189030826091766357e-01
4.731552898883819580e-01
2.696569561958312988e-01
1.376860737800598145e-01
1.728854030370712280e-01
3.229201138019561768e-01
2.187215387821197510e-01
2.339075058698654175e-01
6.389228701591491699e-01
6.848291158676147461e-01
4.708246886730194092e-01
2.048139274120330811e-01
8.115797489881515503e-02
2.622809708118438721e-01
7.629449367523193359e-01
3.729594349861145020e-01
1.520834416151046753e-01
7.714393138885498047e-01
6.413243412971496582e-01
6.585171222686767578e-01
1.187967881560325623e-01
1.673750728368759155e-01
1.355567872524261475e-01
1.936747580766677856e-01
6.890105009078979492e-01
7.564662098884582520e-01
3.984251022338867188e-01
4.765989184379577637e-01
2.368750274181365967e-01
1.626849323511123657e-01
3.325574994087219238e-01
6.689071059226989746e-01
3.437578976154327393e-01
7.744678854942321777e-01
7.094183564186096191e-01
7.872027158737182617e-02
1.165127679705619812e-01
6.542267799377441406e-01
3.001918494701385498e-01
6.870131492614746094e-01
7.736708521842956543e-01
2.935301065444946289e-01
5.788840651512145996e-01
1.552869826555252075e-01
1.660614460706710815e-01
1.386460810899734497e-01
1.558150798082351685e-01
9.602054208517074585e-02
1.440722048282623291e-01
3.407935202121734619e-01
1.021402776241302490e-01
2.766793668270111084e-01
7.396675944328308105e-01
3.414556980133056641e-01
1.135270446538925171e-01
2.136329263448715210e-01
2.825327217578887939e-01
1.297273039817810059e-01
3.447274863719940186e-01
7.379908561706542969e-01
4.094910621643066406e-01
7.728379964828491211e-01
1.281556487083435059e-01
2.841576635837554932e-01
5.977959036827087402e-01
2.803153693675994873e-01
7.339937090873718262e-01
1.902532428503036499e-01
1.397242546081542969e-01
8.077911287546157837e-02
1.562625914812088013e-01
4.121017456054687500e-01
8.170010894536972046e-02
6.472634673118591309e-01
1.649823039770126343e-01
1.555730551481246948e-01
4.220799505710601807e-01
1.689253449440002441e-01
2.913880646228790283e-01
1.909948736429214478e-01
1.782179176807403564e-01
6.920477747917175293e-01
4.678421318531036377e-01
3.594906032085418701e-01
7.748920917510986328e-01
2.057132571935653687e-01
1.920576542615890503e-01
3.930097222328186035e-01
1.086945533752441406e-01
1.742264330387115479e-01
1.971885412931442261e-01
2.231553494930267334e-01
1.623821705579757690e-01
2.009352594614028931e-01
1.130275949835777283e-01
7.597196102142333984e-01
1.371552795171737671e-01
1.406351476907730103e-01
7.966913282871246338e-02
5.692874193191528320e-01
3.545403778553009033e-01
2.144062966108322144e-01
1.586484760046005249e-01
3.453939557075500488e-01
2.854650020599365234e-01
2.023798972368240356e-01
4.431021511554718018e-01
1.026012971997261047e-01
1.873204559087753296e-01
1.665226221084594727e-01
9.904908388853073120e-02
1.679344922304153442e-01
4.487239196896553040e-02
7.041221261024475098e-01
4.641455709934234619e-01
7.365701198577880859e-01
1.723698079586029053e-01
3.354581594467163086e-01
1.549786031246185303e-01
5.618703365325927734e-01
4.554033577442169189e-01
6.970674395561218262e-01
4.132136404514312744e-01
5.837745666503906250e-01
2.108969837427139282e-01
3.390989303588867188e-01
2.314799427986145020e-01
9.890472888946533203e-02
1.180558949708938599e-01
3.156495392322540283e-01
4.193989932537078857e-01
6.666708588600158691e-01
1.526587754487991333e-01
2.785885334014892578e-01
7.525321841239929199e-02
7.540092617273330688e-02
1.796079277992248535e-01
1.178612038493156433e-01
4.519779086112976074e-01
7.057638168334960938e-01
8.066018670797348022e-02
9.289970993995666504e-02
4.162904024124145508e-01
1.190203800797462463e-01
1.111613512039184570e-01
2.545340359210968018e-01
1.208798885345458984e-01
8.197745680809020996e-02
7.889531552791595459e-02
7.304959893226623535e-01
7.447849512100219727e-01
2.479702085256576538e-01
7.813821732997894287e-02
1.405709087848663330e-01
1.884712725877761841e-01
5.939207673072814941e-01
3.451219201087951660e-01
2.675829231739044189e-01
1.139256209135055542e-01
1.217046380043029785e-01
6.657288074493408203e-01
1.604174077510833740e-01
3.280727565288543701e-01
7.644411921501159668e-02
7.531264424324035645e-01
1.602564752101898193e-01
1.962383687496185303e-01
2.286552637815475464e-01
7.315140366554260254e-01
6.413890719413757324e-01
1.088279932737350464e-01
1.605936884880065918e-01
3.122165799140930176e-01
3.548451662063598633e-01
1.879842877388000488e-01
1.108489632606506348e-01
1.642474383115768433e-01
2.991089224815368652e-01
2.544207274913787842e-01
1.493898630142211914e-01
3.220281302928924561e-01
1.142335459589958191e-01
8.250303566455841064e-02
5.821900963783264160e-01
2.235230654478073120e-01
1.540296077728271484e-01
7.687997221946716309e-01
2.949174642562866211e-01
4.316654503345489502e-01
1.721371114253997803e-01
7.615658044815063477e-01
4.277743995189666748e-01
8.348656445741653442e-02
7.630899548530578613e-01
7.640228271484375000e-01
4.453051090240478516e-01
7.845155894756317139e-02
6.916360855102539062e-01
2.958329021930694580e-01
1.252361238002777100e-01
5.752233862876892090e-01
1.011805012822151184e-01
1.608664393424987793e-01
2.371341735124588013e-01
1.451220810413360596e-01
2.159116417169570923e-01
7.351913452148437500e-01
1.616616249084472656e-01
6.464602351188659668e-01
1.497023552656173706e-01
5.246828198432922363e-01
6.163435578346252441e-01
2.117842882871627808e-01
3.494482934474945068e-01
1.759808808565139771e-01
9.574016183614730835e-02
1.923282444477081299e-01
7.746281623840332031e-01
2.429892718791961670e-01
4.238729178905487061e-01
7.748869657516479492e-01
8.479949086904525757e-02
1.146757230162620544e-01
4.472341835498809814e-01
1.672537177801132202e-01
5.082882046699523926e-01
1.385099887847900391e-01
1.950306296348571777e-01
1.421428173780441284e-01
6.841000318527221680e-01
4.185269773006439209e-01
3.970880508422851562e-01
1.920576542615890503e-01
1.739567220211029053e-01
7.058296203613281250e-01
1.968353539705276489e-01
2.656730711460113525e-01
2.335696965456008911e-01
6.859524250030517578e-01
9.184394776821136475e-02
7.248641848564147949e-01
4.386142492294311523e-01
1.626104861497879028e-01
2.636002898216247559e-01
7.768743634223937988e-01
1.750347018241882324e-01
6.153421998023986816e-01
2.721290290355682373e-01
2.921706140041351318e-01
2.540645301342010498e-01
1.909414827823638916e-01
5.160594582557678223e-01
3.622117340564727783e-01
2.938259541988372803e-01
5.974085927009582520e-01
7.720201611518859863e-01
8.017220497131347656e-01
7.806524038314819336e-01
1.614256650209426880e-01
3.261489272117614746e-01
2.643877863883972168e-01
2.889729738235473633e-01
7.750818133354187012e-01
3.084649145603179932e-01
1.798243224620819092e-01
1.822279691696166992e-01
1.552213430404663086e-01
7.708281278610229492e-01
1.567664593458175659e-01
1.239366531372070312e-01
7.485926747322082520e-01
1.044116467237472534e-01
1.633435189723968506e-01
2.896444201469421387e-01
7.345772981643676758e-01
7.745325565338134766e-01
1.677394509315490723e-01
1.583543270826339722e-01
1.600028723478317261e-01
5.750252604484558105e-01
7.741872072219848633e-01
1.107112243771553040e-01
7.619006037712097168e-01
1.140362396836280823e-01
6.048791408538818359e-01
2.576901912689208984e-01
7.701596617698669434e-01
5.906261205673217773e-01
1.526986360549926758e-01
3.204496502876281738e-01
7.725178003311157227e-01
9.545020014047622681e-02
1.104302331805229187e-01
6.730135083198547363e-01
1.515191346406936646e-01
1.893492639064788818e-01
5.604215264320373535e-01
1.920292079448699951e-01
1.261921823024749756e-01
6.967677474021911621e-01
3.630955517292022705e-01
5.407577157020568848e-01
1.174153313040733337e-01
3.890346586704254150e-01
7.732258439064025879e-01
7.248562574386596680e-01
6.543307304382324219e-01
2.573454678058624268e-01
4.931859076023101807e-01
2.696472108364105225e-01
8.102812618017196655e-02
1.707290261983871460e-01
1.202654987573623657e-01
1.189590021967887878e-01
6.308078169822692871e-01
7.640030384063720703e-01
7.118753194808959961e-01
1.826372444629669189e-01
4.206655621528625488e-01
1.877861320972442627e-01
1.542920768260955811e-01
7.721347808837890625e-01
6.345483064651489258e-01
1.862408518791198730e-01
1.327018290758132935e-01
7.608910650014877319e-02
1.239588707685470581e-01
1.669605672359466553e-01
7.746008634567260742e-01
3.015233874320983887e-01
9.168914705514907837e-02
1.832262128591537476e-01
4.854174554347991943e-01
6.844598054885864258e-01
1.397844105958938599e-01
4.260626733303070068e-01
3.616338670253753662e-01
7.335631847381591797e-01
9.868395328521728516e-02
2.060312032699584961e-01
1.778016686439514160e-01
2.873787581920623779e-01
3.402624428272247314e-01
1.396001726388931274e-01
3.900078833103179932e-01
7.685500979423522949e-01
6.281154155731201172e-01
5.929963588714599609e-01
9.545610845088958740e-02
1.404498219490051270e-01
4.064086675643920898e-01
5.490754842758178711e-01
3.413533270359039307e-01
5.252796411514282227e-01
6.056780815124511719e-01
1.193018332123756409e-01
1.277220845222473145e-01
1.337332576513290405e-01
3.373631536960601807e-01
1.527521610260009766e-01
7.892905920743942261e-02
3.082740008831024170e-01
6.864363551139831543e-01
3.474881947040557861e-01
5.766323804855346680e-01
2.995105981826782227e-01
2.065994888544082642e-01
9.134621918201446533e-02
1.643640995025634766e-01
6.161953210830688477e-01
7.994419932365417480e-01
1.424963176250457764e-01
7.746660709381103516e-01
7.765744924545288086e-01
7.473852634429931641e-01
3.620253503322601318e-01
7.126750349998474121e-01
1.690717190504074097e-01
2.623832523822784424e-01
7.347639799118041992e-01
7.702900171279907227e-01
7.418157458305358887e-01
2.037844210863113403e-01
1.856260895729064941e-01
4.163967967033386230e-01
3.823046684265136719e-01
1.633096933364868164e-01
1.171643584966659546e-01
5.072353482246398926e-01
4.578112959861755371e-01
3.868848681449890137e-01
1.316346824169158936e-01
2.426597028970718384e-01
2.363999783992767334e-01
1.969786733388900757e-01
5.163159370422363281e-01
4.952085018157958984e-01
9.545437991619110107e-02
5.058698058128356934e-01
7.422772794961929321e-02
7.559064626693725586e-01
6.314731240272521973e-01
7.831745594739913940e-02
1.218685731291770935e-01
1.358505189418792725e-01
4.541441798210144043e-01
7.753695845603942871e-01
2.714592218399047852e-01
7.549163699150085449e-01
9.196996688842773438e-02
1.106156557798385620e-01
1.351329684257507324e-01
7.741013169288635254e-01
1.421829909086227417e-01
7.495483756065368652e-01
6.614817380905151367e-01
2.868818640708923340e-01
1.336586773395538330e-01
1.824010014533996582e-01
3.773957490921020508e-01
7.887610793113708496e-01
1.444270014762878418e-01
9.832881391048431396e-02
7.682403326034545898e-01
2.010186463594436646e-01
1.409144699573516846e-01
2.045342475175857544e-01
1.625072956085205078e-01
2.501033544540405273e-01
1.924979686737060547e-01
4.310837984085083008e-01
7.356831431388854980e-02
2.134960293769836426e-01
9.338977932929992676e-02
9.597051143646240234e-02
7.433624863624572754e-01
1.756696552038192749e-01
1.884303689002990723e-01
9.769891947507858276e-02
7.934872061014175415e-02
1.505384445190429688e-01
1.803248524665832520e-01
2.224513888359069824e-01
1.616516709327697754e-01
1.684558838605880737e-01
3.177731931209564209e-01
7.750627398490905762e-01
1.392032653093338013e-01
2.013202607631683350e-01
3.764789104461669922e-01
5.313616991043090820e-01
3.054275810718536377e-01
7.560689747333526611e-02
3.521897494792938232e-01
7.765439748764038086e-01
1.274694204330444336e-01
2.279886752367019653e-01
9.128188341856002808e-02
2.105340957641601562e-01
1.470460295677185059e-01
5.194295644760131836e-01
1.987555176019668579e-01
2.007368803024291992e-01
7.728631496429443359e-01
3.237473070621490479e-01
3.573159277439117432e-01
3.718783259391784668e-01
1.259853988885879517e-01
6.626548171043395996e-01
9.177672863006591797e-02
1.081371828913688660e-01
7.746679186820983887e-01
6.825938820838928223e-01
7.476744055747985840e-01
5.517317652702331543e-01
1.128319203853607178e-01
5.182967782020568848e-01
2.353936284780502319e-01
3.159454464912414551e-01
2.318912893533706665e-01
1.253227144479751587e-01
1.832901239395141602e-01
2.089918851852416992e-01
9.708096832036972046e-02
6.872846484184265137e-01
3.719059526920318604e-01
5.211445093154907227e-01
1.327667683362960815e-01
6.978008151054382324e-01
7.770690321922302246e-01
8.914026618003845215e-02
7.701553106307983398e-01
1.895896494388580322e-01
5.101836323738098145e-01
1.816630214452743530e-01
7.674639821052551270e-01
1.642409861087799072e-01
1.230817884206771851e-01
7.285020351409912109e-01
2.712545096874237061e-01
6.881150007247924805e-01
1.641944348812103271e-01
2.701463997364044189e-01
4.339413642883300781e-01
2.274410426616668701e-01
4.970428347587585449e-01
7.702692747116088867e-01
2.032136619091033936e-01
1.970899552106857300e-01
9.716010093688964844e-02
7.723400592803955078e-01
9.445650875568389893e-02
1.244435757398605347e-01
7.583867311477661133e-01
6.257414817810058594e-01
2.068574279546737671e-01
1.376710534095764160e-01
6.951528787612915039e-01
2.824565172195434570e-01
7.688408493995666504e-01
2.174085974693298340e-01
7.718465328216552734e-01
8.536051213741302490e-02
5.539507269859313965e-01
7.352982461452484131e-02
3.726542294025421143e-01
1.607054919004440308e-01
5.417374372482299805e-01
4.326375722885131836e-01
2.964961230754852295e-01
1.835018247365951538e-01
3.343815207481384277e-01
6.855106949806213379e-01
7.621235251426696777e-01
2.764800488948822021e-01
6.285262703895568848e-01
1.217576339840888977e-01
4.240790605545043945e-01
7.660058736801147461e-01
5.368111133575439453e-01
1.977856457233428955e-01
2.009745687246322632e-01
2.069559395313262939e-01
1.031063720583915710e-01
9.320064634084701538e-02
2.739582359790802002e-01
7.764602899551391602e-01
2.156801819801330566e-01
6.844107508659362793e-01
1.578172892332077026e-01
4.860576689243316650e-01
2.955669760704040527e-01
1.856519430875778198e-01
1.058955863118171692e-01
1.262152194976806641e-01
2.833729088306427002e-01
7.774379849433898926e-01
6.078271865844726562e-01
1.955760419368743896e-01
9.829520434141159058e-02
7.690215110778808594e-01
7.736902236938476562e-01
5.601862668991088867e-01
1.461805254220962524e-01
2.257734686136245728e-01
7.449273467063903809e-01
4.316119551658630371e-01
7.193091511726379395e-01
1.213939860463142395e-01
7.733825445175170898e-01
5.551648736000061035e-01
4.520851373672485352e-01
7.738482356071472168e-01
3.124293386936187744e-01
1.276079118251800537e-01
5.293962359428405762e-01
2.060655355453491211e-01
7.625625729560852051e-01
1.682478189468383789e-01
3.772317767143249512e-01
4.980983734130859375e-01
1.248871982097625732e-01
5.771106481552124023e-01
5.075296759605407715e-01
7.663251161575317383e-01
1.349834203720092773e-01
3.968638479709625244e-01
7.112524509429931641e-01
3.804262876510620117e-01
4.557746052742004395e-01
9.607898443937301636e-02
2.962245941162109375e-01
1.093614548444747925e-01
2.968741953372955322e-01
1.132762953639030457e-01
1.337428390979766846e-01
1.920576542615890503e-01
1.111854165792465210e-01
1.561899632215499878e-01
2.046516835689544678e-01
6.525475978851318359e-01
2.857141792774200439e-01
1.246274188160896301e-01
3.608686327934265137e-01
6.108885407447814941e-01
1.567428559064865112e-01
7.920311391353607178e-02
1.844516396522521973e-01
7.386888265609741211e-01
5.581711530685424805e-01
1.395656615495681763e-01
3.102131783962249756e-01
1.364302039146423340e-01
3.044861853122711182e-01
2.625402510166168213e-01
1.083283200860023499e-01
1.995974630117416382e-01
1.131460443139076233e-01
2.607993781566619873e-01
3.212363719940185547e-01
8.645698428153991699e-02
1.716331392526626587e-01
3.181249797344207764e-01
3.353133499622344971e-01
4.210146367549896240e-01
1.218818053603172302e-01
2.209594100713729858e-01
7.530529499053955078e-01
5.001236200332641602e-01
1.404101103544235229e-01
7.959187626838684082e-01
6.347417235374450684e-01
4.098934829235076904e-01
1.211450695991516113e-01
3.143882155418395996e-01
1.398847699165344238e-01
9.189429134130477905e-02
1.672161668539047241e-01
3.508914709091186523e-01
2.081979960203170776e-01
7.851201295852661133e-01
7.370690107345581055e-01
2.382930666208267212e-01
6.749642491340637207e-01
1.956706643104553223e-01
4.114264249801635742e-01
4.654924571514129639e-01
9.454036504030227661e-02
4.878249764442443848e-01
2.413846254348754883e-01
7.788046598434448242e-01
1.027507781982421875e-01
1.822919696569442749e-01
7.656272053718566895e-01
5.431469678878784180e-01
3.697278201580047607e-01
7.665306329727172852e-01
3.463964164257049561e-01
3.248835206031799316e-01
7.571139931678771973e-01
7.590125799179077148e-01
3.131498694419860840e-01
7.656615376472473145e-01
8.791067451238632202e-02
7.478614449501037598e-01
6.767582297325134277e-01
1.189103797078132629e-01
1.137709021568298340e-01
5.400447845458984375e-01
3.119749426841735840e-01
1.026355698704719543e-01
9.904135018587112427e-02
7.770090699195861816e-01
1.600678861141204834e-01
1.170924380421638489e-01
1.300232559442520142e-01
1.279354840517044067e-01
2.710101008415222168e-01
1.674935519695281982e-01
9.898006170988082886e-02
9.096113592386245728e-02
4.669405817985534668e-01
3.392171561717987061e-01
2.945720553398132324e-01
4.584970176219940186e-01
7.675285935401916504e-01
1.769399940967559814e-01
2.459696531295776367e-01
2.073547095060348511e-01
7.047588825225830078e-01
1.183407157659530640e-01
1.726288944482803345e-01
2.538577020168304443e-01
1.218717470765113831e-01
7.758039236068725586e-01
1.176799908280372620e-01
8.958224952220916748e-02
1.834683567285537720e-01
6.787799596786499023e-01
2.773762643337249756e-01
6.522012948989868164e-01
1.387536525726318359e-01
2.208382487297058105e-01
1.462972313165664673e-01
4.888716936111450195e-01
3.074783682823181152e-01
2.438526749610900879e-01
2.726821899414062500e-01
2.152197211980819702e-01
1.472021043300628662e-01
1.914758384227752686e-01
1.169805228710174561e-01
3.682270944118499756e-01
1.094697341322898865e-01
7.710916996002197266e-01
7.680047750473022461e-01
1.188475787639617920e-01
