6.296990811824798584e-02
8.520749211311340332e-01
1.346761137247085571e-01
8.477828502655029297e-01
1.383239179849624634e-01
9.075583517551422119e-02
2.966295182704925537e-01
2.135134339332580566e-01
7.861826419830322266e-01
1.128166317939758301e-01
1.981298476457595825e-01
2.053888142108917236e-01
6.696689128875732422e-01
4.669148027896881104e-01
1.530574262142181396e-01
2.415463775396347046e-01
1.277625411748886108e-01
7.558686137199401855e-01
8.739723563194274902e-01
2.891723513603210449e-01
5.129603147506713867e-01
7.326312661170959473e-01
7.470201700925827026e-02
7.622086256742477417e-02
1.997424364089965820e-01
8.553415536880493164e-02
6.861197352409362793e-01
2.080912590026855469e-01
3.478924334049224854e-01
3.823208212852478027e-01
2.456069141626358032e-01
6.050763279199600220e-02
7.847363352775573730e-01
8.034675568342208862e-02
2.391147911548614502e-01
1.422920078039169312e-01
2.579438388347625732e-01
1.202865764498710632e-01
2.980305850505828857e-01
8.614018559455871582e-01
2.170542776584625244e-01
1.091159060597419739e-01
7.417514175176620483e-02
8.949396014213562012e-02
7.477290928363800049e-02
1.860812157392501831e-01
1.713404655456542969e-01
6.575907468795776367e-01
6.142751127481460571e-02
7.512752413749694824e-01
1.142130196094512939e-01
6.766489148139953613e-02
1.576439142227172852e-01
2.683385014533996582e-01
1.254627853631973267e-01
1.327719390392303467e-01
8.260920047760009766e-01
1.344623267650604248e-01
1.737699061632156372e-01
1.715571880340576172e-01
2.838899195194244385e-01
1.615990251302719116e-01
1.038079857826232910e-01
7.845439016819000244e-02
7.505279034376144409e-02
1.774615645408630371e-01
7.118964195251464844e-02
1.174457669258117676e-01
4.743843078613281250e-01
1.585219651460647583e-01
7.613760232925415039e-02
6.277399063110351562e-01
4.073000252246856689e-01
1.244034916162490845e-01
2.795866727828979492e-01
9.512842446565628052e-02
7.374598830938339233e-02
6.577669829130172729e-02
1.090892702341079712e-01
9.052529186010360718e-02
7.795026302337646484e-01
5.821245312690734863e-01
6.533459424972534180e-01
4.531611204147338867e-01
5.962788462638854980e-01
5.986548662185668945e-01
8.756513148546218872e-02
1.253994107246398926e-01
7.326619029045104980e-01
2.913411259651184082e-01
6.822072863578796387e-01
8.129137009382247925e-02
7.216688990592956543e-02
4.615941047668457031e-01
4.494744539260864258e-01
2.321120649576187134e-01
2.489581853151321411e-01
7.555664181709289551e-01
8.888354152441024780e-02
1.331141144037246704e-01
3.723031580448150635e-01
1.716569066047668457e-01
3.429135680198669434e-01
1.300726681947708130e-01
2.672867774963378906e-01
8.939218521118164062e-02
1.354529559612274170e-01
3.124513030052185059e-01
5.182946920394897461e-01
2.689620554447174072e-01
3.757277131080627441e-01
6.461784243583679199e-02
8.241804689168930054e-02
8.709485530853271484e-01
1.917020380496978760e-01
6.780240684747695923e-02
8.256198167800903320e-01
6.588315963745117188e-02
1.118516847491264343e-01
5.884429216384887695e-01
6.158457323908805847e-02
9.886530786752700806e-02
1.161286681890487671e-01
5.004630684852600098e-01
7.889913916587829590e-01
1.062260493636131287e-01
1.040601432323455811e-01
1.954303681850433350e-01
8.825539797544479370e-02
1.098408401012420654e-01
8.605676889419555664e-01
4.170487523078918457e-01
8.032412528991699219e-01
2.689329087734222412e-01
5.054442882537841797e-01
3.092520833015441895e-01
7.914871573448181152e-01
3.178832232952117920e-01
3.255668282508850098e-01
6.715836375951766968e-02
6.194905042648315430e-01
5.483920574188232422e-01
5.142092704772949219e-01
2.443605363368988037e-01
2.321683913469314575e-01
7.372456043958663940e-02
5.047302842140197754e-01
8.068330287933349609e-01
3.909453451633453369e-01
1.074044927954673767e-01
6.629271805286407471e-02
1.553812623023986816e-01
8.240609616041183472e-02
1.077845543622970581e-01
1.493500918149948120e-01
1.443529725074768066e-01
2.136244922876358032e-01
1.884290426969528198e-01
3.117424249649047852e-01
5.642487406730651855e-01
2.061603367328643799e-01
4.001689851284027100e-01
1.116360053420066833e-01
1.766956001520156860e-01
7.669722437858581543e-01
4.922076165676116943e-01
3.860663175582885742e-01
2.199690639972686768e-01
8.630286157131195068e-02
3.072687983512878418e-01
7.527443766593933105e-02
7.273018360137939453e-02
2.885413765907287598e-01
5.922564864158630371e-01
8.961638808250427246e-02
8.458638787269592285e-01
2.926453053951263428e-01
8.655542880296707153e-02
7.855556607246398926e-01
1.685915887355804443e-01
1.597268134355545044e-01
1.122569516301155090e-01
1.510096788406372070e-01
1.420271843671798706e-01
1.156383827328681946e-01
1.024185866117477417e-01
1.327651888132095337e-01
5.320892930030822754e-01
2.594424486160278320e-01
3.571618795394897461e-01
6.741675734519958496e-02
4.031883180141448975e-01
1.051360070705413818e-01
5.811309814453125000e-01
2.478563189506530762e-01
5.679516792297363281e-01
9.610331803560256958e-02
2.090906500816345215e-01
4.193230569362640381e-01
7.631251960992813110e-02
6.308399140834808350e-02
1.669236272573471069e-01
8.512496352195739746e-01
1.624896228313446045e-01
3.605152666568756104e-01
8.251627087593078613e-01
4.961918890476226807e-01
1.172684505581855774e-01
8.849859237670898438e-01
1.035849526524543762e-01
4.764739573001861572e-01
7.272222638130187988e-02
1.909710466861724854e-01
5.768541097640991211e-01
1.664295643568038940e-01
6.986486166715621948e-02
6.480021476745605469e-01
2.659007310867309570e-01
5.791165232658386230e-01
1.052924767136573792e-01
8.025709390640258789e-01
8.854738473892211914e-01
5.262560248374938965e-01
1.393914520740509033e-01
1.362997889518737793e-01
1.480643153190612793e-01
4.900629818439483643e-01
4.686385095119476318e-01
1.931557059288024902e-01
5.342313051223754883e-01
4.104412496089935303e-01
7.593597769737243652e-01
8.951184898614883423e-02
6.311421990394592285e-01
7.752926349639892578e-01
2.960090637207031250e-01
3.722595870494842529e-01
8.444505333900451660e-01
2.085420191287994385e-01
1.974103301763534546e-01
8.049566745758056641e-01
1.340585947036743164e-01
7.158541679382324219e-01
2.006206214427947998e-01
2.431472092866897583e-01
4.445761740207672119e-01
8.629198372364044189e-02
8.678905367851257324e-01
1.440936475992202759e-01
6.686499118804931641e-01
3.762891590595245361e-01
1.144119352102279663e-01
1.182902082800865173e-01
1.149192377924919128e-01
1.013443693518638611e-01
8.680322021245956421e-02
2.615405917167663574e-01
6.404894590377807617e-01
1.839439719915390015e-01
7.232742905616760254e-01
7.681777328252792358e-02
4.298566579818725586e-01
4.254697859287261963e-01
6.786919385194778442e-02
2.613253593444824219e-01
2.716082930564880371e-01
1.451616585254669189e-01
1.911897212266921997e-01
7.978817075490951538e-02
6.466791033744812012e-01
7.566104531288146973e-01
7.698291540145874023e-01
2.793032526969909668e-01
1.517474353313446045e-01
6.040599942207336426e-01
1.097172647714614868e-01
7.412300705909729004e-01
2.674719691276550293e-01
7.681317925453186035e-01
1.019562408328056335e-01
1.646166890859603882e-01
8.394811749458312988e-01
1.453630775213241577e-01
6.492004394531250000e-01
3.517120778560638428e-01
3.077550232410430908e-01
7.446219772100448608e-02
1.555059850215911865e-01
2.322340607643127441e-01
1.429305970668792725e-01
9.850130230188369751e-02
5.293362140655517578e-01
6.030715107917785645e-01
4.988972544670104980e-01
1.397072076797485352e-01
6.395827978849411011e-02
1.644741147756576538e-01
7.707697153091430664e-01
2.917027175426483154e-01
8.324928581714630127e-02
7.075659632682800293e-01
4.530274569988250732e-01
2.785566747188568115e-01
8.884774893522262573e-02
1.015537604689598083e-01
6.949100643396377563e-02
1.435266733169555664e-01
6.254128217697143555e-01
6.652007102966308594e-01
3.985952734947204590e-01
4.322834014892578125e-01
1.344412118196487427e-01
1.045994684100151062e-01
1.452626287937164307e-01
5.502600073814392090e-01
3.496245145797729492e-01
8.127697706222534180e-01
4.681001901626586914e-01
1.486238241195678711e-01
1.830019205808639526e-01
4.331564307212829590e-01
3.060349524021148682e-01
4.249455630779266357e-01
8.202621936798095703e-01
3.047729432582855225e-01
2.146117091178894043e-01
1.346132904291152954e-01
1.391550600528717041e-01
1.206275001168251038e-01
7.885644584894180298e-02
5.644039064645767212e-02
1.461266130208969116e-01
3.317729234695434570e-01
8.680771291255950928e-02
2.816145420074462891e-01
7.385476827621459961e-01
2.026231884956359863e-01
6.039873138070106506e-02
1.292275935411453247e-01
3.837191760540008545e-01
6.827422231435775757e-02
3.670104146003723145e-01
5.811838507652282715e-01
3.006109893321990967e-01
7.131463885307312012e-01
6.468668580055236816e-02
8.899442851543426514e-02
5.589848756790161133e-01
1.899029314517974854e-01
6.234159469604492188e-01
1.214705407619476318e-01
6.223687902092933655e-02
7.019493728876113892e-02
8.948366343975067139e-02
2.782250344753265381e-01
9.874907881021499634e-02
7.172195911407470703e-01
1.379691958427429199e-01
1.592775285243988037e-01
4.502034187316894531e-01
1.207156404852867126e-01
3.553096055984497070e-01
1.739939004182815552e-01
9.155320376157760620e-02
6.146395802497863770e-01
3.178323507308959961e-01
2.261335402727127075e-01
8.448057770729064941e-01
2.849512398242950439e-01
1.913167536258697510e-01
3.228982388973236084e-01
1.460774838924407959e-01
1.380981057882308960e-01
1.438002288341522217e-01
9.248656779527664185e-02
7.895123958587646484e-02
1.936718374490737915e-01
9.906286001205444336e-02
8.136765956878662109e-01
6.986302137374877930e-02
7.209806144237518311e-02
6.243031099438667297e-02
7.050489783287048340e-01
6.109095811843872070e-01
1.619497239589691162e-01
2.113287597894668579e-01
2.367904335260391235e-01
2.425564676523208618e-01
1.723800599575042725e-01
2.941448688507080078e-01
5.950936675071716309e-02
9.064335376024246216e-02
9.020019322633743286e-02
7.767610251903533936e-02
1.079740971326828003e-01
3.657917678356170654e-02
4.088891446590423584e-01
1.949467509984970093e-01
6.280665993690490723e-01
9.401287883520126343e-02
1.926958560943603516e-01
7.331287115812301636e-02
6.119992733001708984e-01
4.090662300586700439e-01
5.647767186164855957e-01
7.768512964248657227e-01
3.646951317787170410e-01
2.845333814620971680e-01
1.771880835294723511e-01
1.367983818054199219e-01
6.815963238477706909e-02
6.447800248861312866e-02
2.846109867095947266e-01
2.934281826019287109e-01
6.382297873497009277e-01
6.340246647596359253e-02
2.832621634006500244e-01
9.932003170251846313e-02
1.081738844513893127e-01
1.452378630638122559e-01
7.332356274127960205e-02
4.497240781784057617e-01
8.443439602851867676e-01
5.990443006157875061e-02
1.063182428479194641e-01
3.379989862442016602e-01
6.822417676448822021e-02
1.395829617977142334e-01
2.128307074308395386e-01
1.056288778781890869e-01
1.207821294665336609e-01
1.336137354373931885e-01
4.491943717002868652e-01
4.698662757873535156e-01
1.171351149678230286e-01
8.155530691146850586e-02
1.239134892821311951e-01
1.173420920968055725e-01
4.464775621891021729e-01
3.078034222126007080e-01
3.394201099872589111e-01
6.139857321977615356e-02
8.509229868650436401e-02
7.947191596031188965e-01
9.364147484302520752e-02
2.403418719768524170e-01
8.729516714811325073e-02
8.257543444633483887e-01
1.079168245196342468e-01
5.935191735625267029e-02
3.762676417827606201e-01
6.020781397819519043e-01
5.202401280403137207e-01
6.818842142820358276e-02
6.481601297855377197e-02
2.964014410972595215e-01
2.378208637237548828e-01
1.364477127790451050e-01
8.113414049148559570e-02
1.514233946800231934e-01
1.185066774487495422e-01
1.635196357965469360e-01
8.902895450592041016e-02
1.855112016201019287e-01
6.912860274314880371e-02
7.861196249723434448e-02
7.966536283493041992e-01
2.410630881786346436e-01
1.353279948234558105e-01
8.815897703170776367e-01
1.785969287157058716e-01
5.490894317626953125e-01
9.635744988918304443e-02
7.844556570053100586e-01
3.185870945453643799e-01
9.746690094470977783e-02
7.628931403160095215e-01
7.268944382667541504e-01
4.056424498558044434e-01
5.454103276133537292e-02
2.905234396457672119e-01
2.881034612655639648e-01
7.224880158901214600e-02
5.184009671211242676e-01
7.134685665369033813e-02
1.535739749670028687e-01
2.408609837293624878e-01
1.118115633726119995e-01
8.575702458620071411e-02
4.608254730701446533e-01
1.259052753448486328e-01
3.686360120773315430e-01
9.017599374055862427e-02
6.474131345748901367e-01
4.218690693378448486e-01
3.417386710643768311e-01
1.394060999155044556e-01
2.097225785255432129e-01
9.340820461511611938e-02
1.289217025041580200e-01
7.465564012527465820e-01
9.272325038909912109e-02
4.882325232028961182e-01
8.530972003936767578e-01
1.745243221521377563e-01
8.672124147415161133e-02
5.217772126197814941e-01
1.011930331587791443e-01
6.546813845634460449e-01
9.228483587503433228e-02
2.366073727607727051e-01
2.537404298782348633e-01
7.733775377273559570e-01
2.608823776245117188e-01
4.470460414886474609e-01
1.913167536258697510e-01
9.512264281511306763e-02
6.669719815254211426e-01
1.575918346643447876e-01
1.640261709690093994e-01
1.811045855283737183e-01
4.048620760440826416e-01
1.231419965624809265e-01
2.662883698940277100e-01
4.292422831058502197e-01
1.048701182007789612e-01
3.249539434909820557e-01
7.808119654655456543e-01
7.127770781517028809e-02
5.318330526351928711e-01
8.811252564191818237e-02
1.643608808517456055e-01
1.149107739329338074e-01
8.993295580148696899e-02
4.372243881225585938e-01
1.484836786985397339e-01
4.115439951419830322e-01
4.211605191230773926e-01
8.470417857170104980e-01
8.849362730979919434e-01
8.774867057800292969e-01
6.431597471237182617e-02
2.576443254947662354e-01
2.844021916389465332e-01
3.716836869716644287e-01
8.740444779396057129e-01
2.057826966047286987e-01
2.149257510900497437e-01
2.064574211835861206e-01
1.198446527123451233e-01
7.800360918045043945e-01
6.637021899223327637e-02
9.117645025253295898e-02
7.367369532585144043e-01
7.109684497117996216e-02
1.163439601659774780e-01
2.383134365081787109e-01
3.775605261325836182e-01
8.640834689140319824e-01
9.893916547298431396e-02
7.682802528142929077e-02
1.334266662597656250e-01
6.917887330055236816e-01
8.313362002372741699e-01
5.703549459576606750e-02
6.905703544616699219e-01
7.808006554841995239e-02
6.484949588775634766e-01
1.880982071161270142e-01
6.856667995452880859e-01
4.527084529399871826e-01
8.190546184778213501e-02
1.560042202472686768e-01
5.837189555168151855e-01
6.885635107755661011e-02
7.228119671344757080e-02
5.170673727989196777e-01
8.837106078863143921e-02
1.286204457283020020e-01
1.856324821710586548e-01
2.720996439456939697e-01
7.366818189620971680e-02
7.214680910110473633e-01
2.201647907495498657e-01
1.852703988552093506e-01
7.199195027351379395e-02
2.435688376426696777e-01
8.024051189422607422e-01
5.578458309173583984e-01
8.336268067359924316e-01
3.018544614315032959e-01
4.591695964336395264e-01
3.204432129859924316e-01
4.059591293334960938e-01
9.279072284698486328e-02
9.265104681253433228e-02
5.934870988130569458e-02
5.672299265861511230e-01
7.183454036712646484e-01
7.646467685699462891e-01
1.102020591497421265e-01
3.739232122898101807e-01
8.754459768533706665e-02
1.174743175506591797e-01
8.111116886138916016e-01
5.516217350959777832e-01
1.535146385431289673e-01
9.054482728242874146e-02
6.194179505109786987e-02
6.011055782437324524e-02
2.839112281799316406e-01
7.610617876052856445e-01
2.983241677284240723e-01
7.983260601758956909e-02
8.523726463317871094e-02
2.575206458568572998e-01
5.524906516075134277e-01
8.702518045902252197e-02
3.151511549949645996e-01
3.172114491462707520e-01
8.545794486999511719e-01
1.307809501886367798e-01
8.704499900341033936e-02
1.822583228349685669e-01
3.025109469890594482e-01
1.763239800930023193e-01
7.399632036685943604e-02
3.643436133861541748e-01
8.147991299629211426e-01
7.737361788749694824e-01
5.779752731323242188e-01
1.067048385739326477e-01
7.660498470067977905e-02
4.897365868091583252e-01
4.623750448226928711e-01
3.209913671016693115e-01
4.151752591133117676e-01
5.211505889892578125e-01
1.295980513095855713e-01
6.747803837060928345e-02
6.635642051696777344e-02
1.536636650562286377e-01
1.239808201789855957e-01
6.639100611209869385e-02
3.032643496990203857e-01
7.636030316352844238e-01
3.453641235828399658e-01
6.999406218528747559e-01
3.157096803188323975e-01
1.462872475385665894e-01
1.183031052350997925e-01
8.222816139459609985e-02
5.592042207717895508e-01
8.850574493408203125e-01
7.511066645383834839e-02
8.505104780197143555e-01
8.767269849777221680e-01
6.111207604408264160e-01
1.600977331399917603e-01
7.709712386131286621e-01
6.508770585060119629e-02
2.036651223897933960e-01
6.331226825714111328e-01
6.997698545455932617e-01
6.285056471824645996e-01
1.131346300244331360e-01
1.353532671928405762e-01
3.852494060993194580e-01
8.144336342811584473e-01
2.321458309888839722e-01
9.190425276756286621e-02
4.900333285331726074e-01
2.860390543937683105e-01
2.038113772869110107e-01
1.848971992731094360e-01
3.250868022441864014e-01
1.265175640583038330e-01
2.853916585445404053e-01
7.536787986755371094e-01
5.039252638816833496e-01
7.609172165393829346e-02
5.630273222923278809e-01
7.247582077980041504e-02
2.272511273622512817e-01
6.757730841636657715e-01
1.049622595310211182e-01
8.663737028837203979e-02
8.003799617290496826e-02
3.808673620223999023e-01
8.807555437088012695e-01
2.607548832893371582e-01
5.797610878944396973e-01
6.711733341217041016e-02
6.446005403995513916e-02
8.149060606956481934e-02
8.037165999412536621e-01
3.442817330360412598e-01
7.155641317367553711e-01
5.561223626136779785e-01
1.287836283445358276e-01
6.722740083932876587e-02
6.429791450500488281e-02
3.140435516834259033e-01
8.703902363777160645e-01
7.212348282337188721e-02
8.502101898193359375e-02
7.754006981849670410e-01
1.695360243320465088e-01
6.987874209880828857e-02
3.177901804447174072e-01
7.281582057476043701e-02
1.797135323286056519e-01
1.403517574071884155e-01
3.334394693374633789e-01
7.091321796178817749e-02
1.497073918581008911e-01
1.122652441263198853e-01
1.252736747264862061e-01
7.233561277389526367e-01
2.903030812740325928e-01
2.285937070846557617e-01
8.499737828969955444e-02
1.226720586419105530e-01
1.446702778339385986e-01
1.015831157565116882e-01
1.346625089645385742e-01
1.764659583568572998e-01
1.126784533262252808e-01
1.520381569862365723e-01
8.743643760681152344e-01
1.398296654224395752e-01
2.212773859500885010e-01
1.378456801176071167e-01
4.369884133338928223e-01
3.208094537258148193e-01
7.146213948726654053e-02
3.111386299133300781e-01
8.572877645492553711e-01
1.115021482110023499e-01
1.337682008743286133e-01
6.062794104218482971e-02
1.084970831871032715e-01
1.732912808656692505e-01
4.403779506683349609e-01
3.892347514629364014e-01
1.600496470928192139e-01
7.710047364234924316e-01
3.094174265861511230e-01
5.496092438697814941e-01
2.587370574474334717e-01
1.756299138069152832e-01
6.577830910682678223e-01
1.331980824470520020e-01
6.211271882057189941e-02
8.123043775558471680e-01
4.379999637603759766e-01
6.516427397727966309e-01
6.548141241073608398e-01
6.966798007488250732e-02
5.781963467597961426e-01
1.402070373296737671e-01
1.378953903913497925e-01
2.929490506649017334e-01
7.478822022676467896e-02
7.169845700263977051e-02
1.787814497947692871e-01
1.336951404809951782e-01
4.867864549160003662e-01
6.785256862640380859e-01
5.999915003776550293e-01
6.881677359342575073e-02
7.342524528503417969e-01
6.003400683403015137e-01
1.884789764881134033e-01
7.674680352210998535e-01
3.833022117614746094e-01
3.408217728137969971e-01
8.030298352241516113e-02
7.694797515869140625e-01
2.789636850357055664e-01
6.990637630224227905e-02
7.225086092948913574e-01
2.355664819478988647e-01
6.956110000610351562e-01
8.423004299402236938e-02
2.666680812835693359e-01
3.557803928852081299e-01
3.021367490291595459e-01
4.393625557422637939e-01
7.897894382476806641e-01
2.400362491607666016e-01
2.212432622909545898e-01
5.639919638633728027e-02
7.363414764404296875e-01
9.043221920728683472e-02
6.350699067115783691e-02
7.979363799095153809e-01
7.925133705139160156e-01
2.458141893148422241e-01
9.146764129400253296e-02
5.499421358108520508e-01
3.441083729267120361e-01
7.631170153617858887e-01
1.731017678976058960e-01
8.058772087097167969e-01
5.953356623649597168e-02
3.869218528270721436e-01
7.325014472007751465e-02
4.926281869411468506e-01
7.611936330795288086e-02
3.406056761741638184e-01
3.042715489864349365e-01
1.798010468482971191e-01
1.502500325441360474e-01
1.504614204168319702e-01
7.130290269851684570e-01
7.374285459518432617e-01
2.151930630207061768e-01
2.776457965373992920e-01
1.065828278660774231e-01
4.101559519767761230e-01
7.357496619224548340e-01
8.087703585624694824e-01
1.234364956617355347e-01
1.512947380542755127e-01
7.775048911571502686e-02
1.116662025451660156e-01
1.703021377325057983e-01
2.293827980756759644e-01
8.722093105316162109e-01
1.594728231430053711e-01
6.683536767959594727e-01
2.826596200466156006e-01
6.835919022560119629e-01
1.477994769811630249e-01
1.790924817323684692e-01
6.929887086153030396e-02
6.893286854028701782e-02
2.944018840789794922e-01
8.068755269050598145e-01
6.998935341835021973e-01
3.679893314838409424e-01
1.154285967350006104e-01
8.212201595306396484e-01
8.751041293144226074e-01
5.161758661270141602e-01
1.009021252393722534e-01
1.948272585868835449e-01
8.142909407615661621e-01
4.882136583328247070e-01
6.993373036384582520e-01
1.419144719839096069e-01
8.451416492462158203e-01
8.553353548049926758e-01
4.712915718555450439e-01
7.947139739990234375e-01
2.959221899509429932e-01
6.973187625408172607e-02
4.160685539245605469e-01
2.202950417995452881e-01
7.029016017913818359e-01
2.290128320455551147e-01
4.249528348445892334e-01
6.541113257408142090e-01
1.224527209997177124e-01
5.534051656723022461e-01
5.138071179389953613e-01
6.340925097465515137e-01
6.635565310716629028e-02
2.926041781902313232e-01
5.581676959991455078e-01
4.272491335868835449e-01
3.636913001537322998e-01
2.405238449573516846e-01
2.443241029977798462e-01
6.186799407005310059e-01
5.799636244773864746e-01
1.440295726060867310e-01
1.437991857528686523e-01
1.913167536258697510e-01
6.547074764966964722e-02
1.859149187803268433e-01
1.704007238149642944e-01
5.770469903945922852e-01
2.418825775384902954e-01
7.307644188404083252e-02
3.225521445274353027e-01
3.148252069950103760e-01
7.777198404073715210e-02
2.319177538156509399e-01
7.754239439964294434e-02
6.424543261528015137e-01
6.303347945213317871e-01
7.002128660678863525e-02
2.087316513061523438e-01
7.014211267232894897e-02
3.620559573173522949e-01
2.753114700317382812e-01
1.603092700242996216e-01
8.032771944999694824e-02
7.821704447269439697e-02
4.831234514713287354e-01
1.452467739582061768e-01
5.344438180327415466e-02
9.356932342052459717e-02
2.195850610733032227e-01
2.943574488162994385e-01
6.777668595314025879e-01
8.016089349985122681e-02
8.368943631649017334e-02
7.893636226654052734e-01
5.036559104919433594e-01
6.909737735986709595e-02
8.889095187187194824e-01
7.372349500656127930e-01
4.426443576812744141e-01
1.044351309537887573e-01
1.780863702297210693e-01
7.138704508543014526e-02
1.251282691955566406e-01
2.039961665868759155e-01
1.700655072927474976e-01
3.384745121002197266e-01
8.605045676231384277e-01
5.377919673919677734e-01
1.067555993795394897e-01
3.693272471427917480e-01
1.253279447555541992e-01
2.375732809305191040e-01
4.825983643531799316e-01
1.768417656421661377e-01
4.370951652526855469e-01
1.758247315883636475e-01
8.747131228446960449e-01
1.209736615419387817e-01
1.375852674245834351e-01
6.524160504341125488e-01
3.773768246173858643e-01
4.191624820232391357e-01
6.702997684478759766e-01
3.059032857418060303e-01
2.733901739120483398e-01
8.903809785842895508e-01
7.907310724258422852e-01
3.849884569644927979e-01
8.352420330047607422e-01
6.251941621303558350e-02
7.186477780342102051e-01
3.860737383365631104e-01
6.363560259342193604e-02
7.036332041025161743e-02
3.153658807277679443e-01
2.610135972499847412e-01
9.426002949476242065e-02
1.875844150781631470e-01
8.727337121963500977e-01
9.126962721347808838e-02
7.471549510955810547e-02
2.057332694530487061e-01
1.417355239391326904e-01
1.864759325981140137e-01
8.430114388465881348e-02
1.094205379486083984e-01
6.291808187961578369e-02
4.806253612041473389e-01
3.060179650783538818e-01
3.296693861484527588e-01
6.435275673866271973e-01
7.737658619880676270e-01
1.442010700702667236e-01
7.249410450458526611e-02
2.910614609718322754e-01
6.008576750755310059e-01
8.176595717668533325e-02
1.966021806001663208e-01
2.915934026241302490e-01
6.861620396375656128e-02
8.470567464828491211e-01
2.015054672956466675e-01
1.061744093894958496e-01
1.142490282654762268e-01
3.599179685115814209e-01
3.597137331962585449e-01
5.583959817886352539e-01
1.399778127670288086e-01
2.581581175327301025e-01
8.189920336008071899e-02
4.646270871162414551e-01
2.860397398471832275e-01
2.610801756381988525e-01
2.696495950222015381e-01
1.611466407775878906e-01
6.589612364768981934e-02
1.919318437576293945e-01
1.031559258699417114e-01
3.851065337657928467e-01
7.311740517616271973e-02
8.287913799285888672e-01
6.774756312370300293e-01
1.325025409460067749e-01
