2.365500479936599731e-01
5.083945393562316895e-01
3.528244197368621826e-01
4.412449300289154053e-01
2.511937618255615234e-01
3.318345546722412109e-01
3.754633665084838867e-01
4.080742895603179932e-01
3.871619999408721924e-01
2.326317727565765381e-01
2.257888317108154297e-01
3.968166112899780273e-01
3.898238241672515869e-01
3.837805390357971191e-01
3.797318041324615479e-01
3.927560448646545410e-01
2.294542342424392700e-01
5.399792194366455078e-01
3.847420513629913330e-01
3.854140937328338623e-01
3.849092721939086914e-01
4.268228411674499512e-01
2.563142776489257812e-01
2.274353206157684326e-01
3.657325208187103271e-01
3.575511276721954346e-01
3.875102996826171875e-01
3.862483501434326172e-01
3.946087360382080078e-01
3.975821435451507568e-01
4.208352267742156982e-01
2.234433889389038086e-01
3.867584168910980225e-01
2.469631135463714600e-01
3.822531700134277344e-01
3.730632662773132324e-01
3.677501976490020752e-01
4.021838605403900146e-01
3.825762271881103516e-01
3.980053365230560303e-01
3.952642679214477539e-01
2.286813408136367798e-01
2.300845384597778320e-01
2.283103764057159424e-01
3.835955262184143066e-01
3.436562716960906982e-01
3.832515776157379150e-01
4.218396842479705811e-01
2.306192219257354736e-01
3.982944190502166748e-01
2.354545295238494873e-01
2.260629385709762573e-01
2.348352223634719849e-01
4.127654433250427246e-01
3.111354410648345947e-01
2.277619391679763794e-01
3.894458115100860596e-01
3.632160425186157227e-01
2.576191127300262451e-01
3.821051716804504395e-01
5.591448545455932617e-01
4.176196753978729248e-01
3.966276347637176514e-01
2.301867157220840454e-01
3.556081354618072510e-01
3.009975850582122803e-01
2.579981684684753418e-01
3.577769100666046143e-01
4.529921412467956543e-01
3.745912909507751465e-01
2.212986648082733154e-01
4.742635190486907959e-01
4.138445258140563965e-01
2.645218968391418457e-01
3.979653418064117432e-01
3.700582087039947510e-01
2.200004905462265015e-01
3.353396952152252197e-01
2.368786484003067017e-01
2.371031194925308228e-01
3.766450881958007812e-01
2.400780618190765381e-01
3.851934075355529785e-01
3.918831348419189453e-01
3.829525709152221680e-01
3.863188624382019043e-01
2.259568870067596436e-01
3.861887156963348389e-01
3.028669655323028564e-01
4.519097506999969482e-01
4.268232882022857666e-01
3.240809440612792969e-01
2.275422960519790649e-01
3.817945122718811035e-01
3.693674504756927490e-01
4.171570539474487305e-01
4.035384953022003174e-01
3.156347274780273438e-01
2.412889748811721802e-01
3.927350938320159912e-01
3.883980512619018555e-01
3.774764537811279297e-01
4.112161099910736084e-01
3.853903412818908691e-01
3.899094462394714355e-01
2.231647372245788574e-01
2.224668264389038086e-01
4.043753147125244141e-01
3.909777104854583740e-01
3.877735435962677002e-01
4.012261629104614258e-01
2.308121174573898315e-01
2.287510335445404053e-01
4.313271045684814453e-01
2.557190060615539551e-01
2.623332142829895020e-01
3.846805989742279053e-01
2.299152761697769165e-01
2.451875060796737671e-01
4.196976721286773682e-01
2.849939763545989990e-01
3.095586299896240234e-01
3.799977898597717285e-01
4.245191514492034912e-01
3.680222034454345703e-01
2.384153604507446289e-01
2.325724661350250244e-01
4.085994958877563477e-01
2.499620318412780762e-01
2.286392152309417725e-01
3.891238272190093994e-01
3.826008439064025879e-01
3.755019903182983398e-01
4.265584349632263184e-01
3.749817907810211182e-01
3.886578679084777832e-01
3.836495280265808105e-01
4.908083677291870117e-01
3.850598931312561035e-01
2.220003008842468262e-01
3.915478587150573730e-01
3.897399306297302246e-01
3.875938057899475098e-01
3.897545337677001953e-01
3.965703547000885010e-01
3.568214476108551025e-01
4.969959557056427002e-01
5.045086741447448730e-01
4.048218429088592529e-01
3.618767857551574707e-01
2.409406751394271851e-01
3.762264251708984375e-01
3.760159611701965332e-01
3.851742744445800781e-01
3.895574510097503662e-01
3.999916017055511475e-01
3.903595507144927979e-01
3.737505674362182617e-01
4.886437654495239258e-01
3.858412206172943115e-01
3.526883125305175781e-01
4.176937937736511230e-01
3.860334157943725586e-01
3.697892427444458008e-01
3.845947384834289551e-01
5.724924206733703613e-01
5.074282884597778320e-01
3.873172402381896973e-01
3.033302128314971924e-01
3.871193230152130127e-01
2.311524599790573120e-01
2.246254831552505493e-01
3.820752203464508057e-01
5.119054913520812988e-01
3.228919804096221924e-01
4.238907396793365479e-01
4.467479288578033447e-01
2.258898615837097168e-01
3.867121636867523193e-01
2.300987243652343750e-01
3.884943127632141113e-01
3.886548578739166260e-01
2.234817445278167725e-01
3.842582106590270996e-01
1.683492958545684814e-01
2.351526021957397461e-01
2.961674034595489502e-01
4.102511107921600342e-01
3.617080748081207275e-01
4.579065442085266113e-01
2.823401093482971191e-01
3.864592313766479492e-01
1.708147823810577393e-01
3.553864955902099609e-01
3.198997676372528076e-01
3.864460587501525879e-01
3.827446401119232178e-01
4.017506539821624756e-01
3.879087865352630615e-01
2.212572097778320312e-01
2.252229303121566772e-01
2.479215413331985474e-01
3.708475232124328613e-01
3.794011175632476807e-01
3.861085474491119385e-01
3.852232098579406738e-01
3.862182497978210449e-01
2.286846935749053955e-01
3.876143991947174072e-01
2.221731543540954590e-01
2.304049134254455566e-01
2.254088371992111206e-01
3.308511972427368164e-01
3.000302612781524658e-01
2.414559870958328247e-01
2.291955798864364624e-01
3.975941836833953857e-01
3.837943971157073975e-01
3.845250308513641357e-01
3.761873543262481689e-01
3.851021230220794678e-01
3.888192474842071533e-01
3.815266191959381104e-01
4.253417253494262695e-01
3.753368854522705078e-01
2.930495142936706543e-01
3.123230636119842529e-01
4.263515472412109375e-01
2.314309179782867432e-01
3.876487910747528076e-01
4.303647577762603760e-01
3.735961318016052246e-01
2.378863096237182617e-01
4.551370441913604736e-01
3.379264175891876221e-01
3.452711403369903564e-01
3.583936691284179688e-01
3.855876922607421875e-01
3.693130612373352051e-01
2.470831722021102905e-01
3.952877223491668701e-01
1.881673634052276611e-01
4.089483618736267090e-01
4.427146315574645996e-01
3.839717507362365723e-01
4.813573062419891357e-01
2.469270229339599609e-01
3.868885934352874756e-01
3.850933611392974854e-01
3.934623599052429199e-01
2.820665240287780762e-01
1.900912225246429443e-01
2.268669754266738892e-01
3.833019733428955078e-01
3.657686412334442139e-01
3.829912245273590088e-01
4.075074791908264160e-01
4.133206903934478760e-01
4.177011251449584961e-01
4.537186026573181152e-01
2.381107658147811890e-01
3.492548763751983643e-01
3.907208144664764404e-01
2.334520369768142700e-01
4.720739126205444336e-01
4.053187370300292969e-01
3.773755133152008057e-01
2.523924410343170166e-01
2.249020785093307495e-01
3.878171741962432861e-01
3.448883891105651855e-01
3.882016241550445557e-01
4.595189690589904785e-01
3.779698312282562256e-01
5.253847241401672363e-01
3.029917180538177490e-01
5.265395045280456543e-01
3.869489729404449463e-01
3.682512044906616211e-01
3.544550240039825439e-01
3.851917088031768799e-01
3.893886804580688477e-01
3.612084686756134033e-01
5.009248256683349609e-01
2.711040973663330078e-01
3.875501155853271484e-01
2.267168313264846802e-01
4.078901410102844238e-01
3.891216814517974854e-01
3.897156119346618652e-01
3.900591433048248291e-01
3.874213397502899170e-01
4.136392772197723389e-01
4.434543550014495850e-01
3.863903880119323730e-01
2.400449216365814209e-01
4.753598570823669434e-01
4.248248636722564697e-01
3.214552402496337891e-01
3.415120840072631836e-01
3.770217895507812500e-01
3.909178674221038818e-01
3.725184798240661621e-01
3.046503961086273193e-01
3.944391906261444092e-01
2.582400441169738770e-01
3.898735642433166504e-01
4.349134862422943115e-01
3.729149997234344482e-01
3.874308466911315918e-01
3.460757136344909668e-01
3.873967826366424561e-01
3.723141252994537354e-01
3.838057816028594971e-01
3.325320780277252197e-01
4.775024354457855225e-01
3.751359283924102783e-01
3.743531703948974609e-01
2.214819192886352539e-01
2.843799889087677002e-01
3.851056694984436035e-01
4.303123056888580322e-01
3.902013301849365234e-01
3.859792053699493408e-01
4.025304913520812988e-01
3.836146891117095947e-01
2.954029738903045654e-01
2.277037799358367920e-01
2.736246883869171143e-01
3.629098832607269287e-01
2.226091623306274414e-01
1.923307627439498901e-01
3.664327263832092285e-01
3.352160155773162842e-01
4.452208876609802246e-01
3.977143168449401855e-01
3.824156820774078369e-01
2.331386357545852661e-01
3.897414505481719971e-01
5.187667012214660645e-01
2.333573251962661743e-01
4.463768303394317627e-01
4.140371382236480713e-01
3.878019750118255615e-01
3.817435204982757568e-01
2.268453389406204224e-01
2.693863809108734131e-01
3.792943060398101807e-01
4.599221646785736084e-01
4.526301026344299316e-01
3.813470900058746338e-01
2.424424588680267334e-01
2.217921763658523560e-01
2.484105378389358521e-01
3.570989966392517090e-01
2.241092473268508911e-01
2.772416770458221436e-01
3.194070458412170410e-01
4.374676346778869629e-01
3.548915386199951172e-01
3.883810341358184814e-01
3.936648070812225342e-01
2.449649721384048462e-01
3.735597431659698486e-01
3.709219098091125488e-01
4.022967815399169922e-01
4.271259605884552002e-01
3.849849402904510498e-01
5.324433445930480957e-01
1.988602876663208008e-01
3.726523220539093018e-01
2.235995680093765259e-01
2.720906734466552734e-01
3.872568607330322266e-01
3.179964423179626465e-01
2.327697426080703735e-01
4.424912631511688232e-01
3.676026165485382080e-01
3.832415044307708740e-01
2.234155386686325073e-01
2.268302738666534424e-01
2.228405773639678955e-01
3.259350359439849854e-01
3.603014051914215088e-01
3.624863624572753906e-01
3.825514316558837891e-01
4.027303755283355713e-01
3.661029636859893799e-01
3.911346197128295898e-01
4.855997860431671143e-01
2.301710098981857300e-01
3.363332152366638184e-01
3.792313337326049805e-01
2.290390878915786743e-01
3.849488496780395508e-01
1.198648735880851746e-01
3.863004744052886963e-01
3.850373625755310059e-01
3.644812405109405518e-01
3.772337138652801514e-01
2.809667587280273438e-01
3.108543753623962402e-01
3.475418984889984131e-01
3.580758869647979736e-01
3.907299339771270752e-01
4.374209642410278320e-01
2.493942826986312866e-01
4.199071228504180908e-01
3.907208144664764404e-01
4.295696914196014404e-01
2.247189134359359741e-01
2.311942577362060547e-01
3.661301136016845703e-01
2.964187860488891602e-01
3.375367224216461182e-01
2.269380539655685425e-01
4.553476870059967041e-01
1.699836552143096924e-01
2.245904058218002319e-01
3.794563710689544678e-01
3.649162650108337402e-01
3.836447894573211670e-01
4.318937361240386963e-01
2.245925515890121460e-01
2.240637987852096558e-01
4.585851430892944336e-01
2.258095294237136841e-01
1.908529549837112427e-01
4.414611756801605225e-01
2.329464554786682129e-01
2.220371514558792114e-01
2.206041812896728516e-01
4.103759527206420898e-01
3.822617530822753906e-01
2.653930187225341797e-01
2.660878598690032959e-01
2.262315452098846436e-01
2.312392741441726685e-01
4.135779440402984619e-01
3.888590633869171143e-01
5.079199671745300293e-01
1.987319588661193848e-01
2.333367168903350830e-01
4.544703960418701172e-01
3.850665986537933350e-01
3.872502744197845459e-01
3.028757870197296143e-01
4.137907326221466064e-01
3.633402287960052490e-01
2.362370342016220093e-01
3.722153306007385254e-01
3.986899256706237793e-01
5.673184394836425781e-01
2.264452725648880005e-01
2.287736982107162476e-01
5.947775244712829590e-01
3.652565777301788330e-01
3.180456161499023438e-01
3.501555919647216797e-01
3.851102292537689209e-01
3.557305932044982910e-01
3.803981840610504150e-01
2.798597216606140137e-01
2.360144853591918945e-01
2.605401873588562012e-01
2.240286618471145630e-01
5.039975643157958984e-01
3.566807508468627930e-01
3.746290504932403564e-01
4.167668521404266357e-01
3.684008121490478516e-01
3.891389966011047363e-01
3.820380568504333496e-01
3.894655704498291016e-01
3.874370455741882324e-01
2.808980643749237061e-01
3.861294090747833252e-01
3.505379855632781982e-01
3.653251528739929199e-01
2.325093001127243042e-01
3.823637962341308594e-01
4.852237999439239502e-01
2.273680567741394043e-01
3.941924571990966797e-01
2.226928472518920898e-01
2.393561601638793945e-01
2.893775105476379395e-01
2.269276678562164307e-01
3.694282472133636475e-01
3.517891466617584229e-01
3.637239038944244385e-01
4.242273569107055664e-01
2.520039677619934082e-01
2.366201728582382202e-01
4.721688330173492432e-01
3.831757605075836182e-01
3.811281025409698486e-01
2.271511852741241455e-01
3.715831935405731201e-01
2.844074368476867676e-01
3.643991947174072266e-01
3.256631195545196533e-01
3.776459991931915283e-01
3.828537166118621826e-01
3.021710813045501709e-01
2.286984026432037354e-01
4.082656502723693848e-01
4.150836467742919922e-01
3.452160954475402832e-01
2.232774347066879272e-01
2.362114936113357544e-01
3.680978119373321533e-01
4.368371367454528809e-01
2.845900356769561768e-01
4.840500056743621826e-01
1.988602876663208008e-01
3.604575097560882568e-01
3.748285770416259766e-01
4.052014350891113281e-01
2.822189331054687500e-01
3.947864174842834473e-01
3.914757072925567627e-01
3.692690730094909668e-01
3.856422603130340576e-01
3.446508646011352539e-01
2.749580144882202148e-01
3.946592807769775391e-01
3.871335387229919434e-01
3.409737050533294678e-01
3.848829865455627441e-01
3.497055470943450928e-01
3.864008486270904541e-01
2.310517132282257080e-01
2.335559129714965820e-01
4.118785560131072998e-01
2.908458411693572998e-01
3.340107500553131104e-01
4.262003004550933838e-01
3.874035179615020752e-01
3.919926285743713379e-01
3.960702419281005859e-01
2.404284924268722534e-01
3.864604532718658447e-01
4.894417524337768555e-01
4.600420892238616943e-01
3.876049220561981201e-01
3.823031783103942871e-01
3.985737562179565430e-01
3.071817755699157715e-01
4.266927838325500488e-01
3.844301104545593262e-01
3.332129716873168945e-01
2.128269374370574951e-01
3.803416490554809570e-01
2.240537852048873901e-01
3.659802973270416260e-01
3.889636695384979248e-01
3.675137162208557129e-01
3.825831413269042969e-01
3.923530876636505127e-01
2.288720458745956421e-01
3.089673817157745361e-01
3.868388533592224121e-01
3.863030672073364258e-01
2.246419787406921387e-01
3.876575827598571777e-01
2.254685461521148682e-01
4.373961389064788818e-01
3.963279724121093750e-01
3.895166814327239990e-01
3.645432293415069580e-01
2.446026057004928589e-01
3.684654831886291504e-01
3.860706090927124023e-01
2.242678999900817871e-01
2.764376997947692871e-01
3.940585553646087646e-01
2.359135448932647705e-01
4.308339655399322510e-01
3.623313307762145996e-01
3.756005465984344482e-01
2.230939716100692749e-01
3.953954279422760010e-01
3.499214947223663330e-01
3.823823034763336182e-01
2.323126643896102905e-01
2.235017418861389160e-01
3.383750319480895996e-01
3.932107388973236084e-01
4.978251755237579346e-01
4.787537455558776855e-01
3.928654789924621582e-01
4.341452717781066895e-01
2.385034561157226562e-01
2.448625713586807251e-01
3.054536879062652588e-01
2.270846068859100342e-01
3.877781629562377930e-01
3.868099451065063477e-01
4.543345272541046143e-01
4.115649759769439697e-01
3.854291141033172607e-01
2.789674997329711914e-01
2.276463061571121216e-01
3.861351311206817627e-01
3.569383621215820312e-01
3.823907971382141113e-01
3.479355871677398682e-01
2.223987132310867310e-01
3.090845346450805664e-01
3.831820785999298096e-01
3.638440668582916260e-01
3.905203342437744141e-01
2.243096679449081421e-01
3.536198735237121582e-01
3.889741599559783936e-01
4.062115550041198730e-01
2.376247495412826538e-01
4.114385247230529785e-01
4.337116479873657227e-01
4.251732230186462402e-01
3.848991692066192627e-01
2.352520674467086792e-01
4.818623065948486328e-01
3.874591290950775146e-01
3.879136443138122559e-01
3.933393359184265137e-01
4.665778577327728271e-01
3.884047865867614746e-01
5.029594302177429199e-01
5.069437026977539062e-01
1.631353944540023804e-01
2.256914675235748291e-01
3.866776227951049805e-01
3.883593976497650146e-01
5.477560758590698242e-01
5.724248290061950684e-01
3.575031459331512451e-01
2.230939120054244995e-01
2.497956007719039917e-01
2.246488481760025024e-01
2.654559910297393799e-01
2.505960762500762939e-01
2.263741940259933472e-01
4.488778710365295410e-01
4.415239989757537842e-01
4.972977340221405029e-01
3.850868940353393555e-01
3.598541021347045898e-01
3.934541344642639160e-01
2.266571670770645142e-01
2.264164686203002930e-01
3.931273519992828369e-01
4.002268612384796143e-01
2.272846400737762451e-01
3.880304992198944092e-01
3.849572539329528809e-01
3.855924308300018311e-01
3.803072571754455566e-01
4.150336086750030518e-01
2.481631636619567871e-01
3.831648528575897217e-01
3.857407867908477783e-01
3.854219913482666016e-01
3.757114708423614502e-01
2.546337246894836426e-01
2.670443356037139893e-01
4.582060873508453369e-01
4.309194982051849365e-01
3.657466769218444824e-01
3.589711189270019531e-01
4.127995967864990234e-01
3.570272028446197510e-01
3.896729350090026855e-01
2.412786781787872314e-01
4.062978923320770264e-01
3.251896500587463379e-01
2.336346209049224854e-01
4.299566745758056641e-01
3.806087076663970947e-01
2.257522791624069214e-01
2.376229763031005859e-01
2.247172296047210693e-01
3.859831392765045166e-01
4.126179218292236328e-01
3.695952892303466797e-01
2.381191998720169067e-01
2.287031114101409912e-01
3.851246535778045654e-01
3.908927142620086670e-01
3.880069851875305176e-01
3.844499289989471436e-01
2.229204326868057251e-01
3.407359123229980469e-01
3.368543386459350586e-01
3.861792683601379395e-01
3.883386850357055664e-01
3.430224061012268066e-01
3.940718770027160645e-01
3.824933171272277832e-01
2.819016277790069580e-01
4.024184048175811768e-01
3.722246885299682617e-01
3.924761116504669189e-01
2.292658984661102295e-01
3.611322939395904541e-01
3.853578269481658936e-01
3.937099575996398926e-01
2.249886989593505859e-01
2.653892338275909424e-01
2.283888608217239380e-01
3.905789554119110107e-01
3.837526142597198486e-01
3.690974712371826172e-01
2.214887887239456177e-01
3.809624910354614258e-01
2.341118007898330688e-01
2.342678308486938477e-01
4.127388298511505127e-01
2.300200909376144409e-01
4.061835408210754395e-01
2.229717373847961426e-01
2.200778275728225708e-01
3.327642679214477539e-01
3.387852609157562256e-01
3.940640389919281006e-01
2.009918391704559326e-01
3.223919272422790527e-01
3.801094591617584229e-01
3.830597102642059326e-01
2.006296068429946899e-01
2.637432515621185303e-01
3.824607431888580322e-01
3.897572457790374756e-01
3.855218887329101562e-01
1.871314942836761475e-01
3.944919109344482422e-01
3.764901161193847656e-01
2.615707516670227051e-01
3.805221915245056152e-01
2.224453538656234741e-01
3.817210197448730469e-01
3.538702726364135742e-01
4.506120383739471436e-01
5.264083147048950195e-01
4.166032373905181885e-01
3.840008974075317383e-01
2.970727384090423584e-01
4.425190985202789307e-01
3.931033313274383545e-01
3.720282912254333496e-01
5.362824797630310059e-01
3.420289754867553711e-01
2.287032902240753174e-01
3.677625060081481934e-01
4.811583459377288818e-01
3.897773027420043945e-01
5.775682926177978516e-01
2.253943085670471191e-01
5.194233655929565430e-01
3.323575556278228760e-01
3.147095739841461182e-01
4.067514240741729736e-01
2.233891189098358154e-01
3.630837202072143555e-01
3.098400235176086426e-01
2.301480174064636230e-01
3.850158452987670898e-01
5.303771495819091797e-01
5.382417440414428711e-01
2.260336577892303467e-01
3.773403465747833252e-01
3.828324973583221436e-01
2.234979867935180664e-01
3.876134455204010010e-01
3.970910906791687012e-01
3.841778934001922607e-01
3.485552966594696045e-01
3.893065154552459717e-01
4.047197997570037842e-01
2.244302332401275635e-01
3.804986178874969482e-01
4.084191620349884033e-01
3.846182525157928467e-01
2.650483250617980957e-01
4.356450140476226807e-01
4.360983073711395264e-01
3.870041668415069580e-01
5.267955064773559570e-01
3.859211802482604980e-01
4.551850557327270508e-01
3.799217343330383301e-01
2.246510386466979980e-01
3.855284452438354492e-01
2.551502585411071777e-01
3.332785367965698242e-01
3.857234120368957520e-01
2.770546078681945801e-01
3.772162199020385742e-01
2.487343549728393555e-01
4.292036294937133789e-01
5.098962783813476562e-01
3.001401126384735107e-01
3.844877183437347412e-01
3.841401338577270508e-01
2.258038669824600220e-01
4.111017286777496338e-01
2.223270088434219360e-01
2.663072347640991211e-01
2.354648262262344360e-01
3.570259809494018555e-01
4.338541328907012939e-01
3.807366788387298584e-01
2.565969824790954590e-01
4.015357196331024170e-01
3.808814585208892822e-01
3.755503594875335693e-01
4.102170169353485107e-01
2.907624840736389160e-01
2.275356352329254150e-01
3.882996439933776855e-01
3.817165791988372803e-01
5.962957143783569336e-01
3.803311288356781006e-01
2.428354620933532715e-01
3.827615380287170410e-01
2.357770502567291260e-01
3.125055134296417236e-01
3.850646913051605225e-01
3.854195475578308105e-01
2.602695822715759277e-01
4.275878667831420898e-01
2.922050654888153076e-01
5.073572993278503418e-01
3.862681984901428223e-01
2.495253831148147583e-01
2.250669300556182861e-01
2.258058488368988037e-01
3.118398189544677734e-01
3.808490335941314697e-01
4.734618663787841797e-01
3.808975815773010254e-01
2.268303185701370239e-01
3.804328441619873047e-01
3.889849483966827393e-01
3.825436234474182129e-01
2.317874133586883545e-01
3.626582920551300049e-01
3.849983811378479004e-01
3.706097602844238281e-01
4.184584021568298340e-01
2.674438953399658203e-01
3.833769857883453369e-01
3.849895894527435303e-01
3.841403722763061523e-01
3.868497610092163086e-01
4.251645803451538086e-01
2.268004417419433594e-01
2.350458502769470215e-01
3.809986710548400879e-01
3.870244622230529785e-01
2.299224436283111572e-01
2.392253726720809937e-01
4.336748719215393066e-01
2.230935096740722656e-01
3.673181831836700439e-01
3.956837654113769531e-01
2.538954317569732666e-01
3.434661924839019775e-01
4.027607738971710205e-01
3.998363316059112549e-01
4.935291707515716553e-01
4.651854932308197021e-01
2.358813732862472534e-01
2.560400962829589844e-01
2.477899044752120972e-01
3.725767731666564941e-01
2.087135016918182373e-01
1.941606104373931885e-01
1.988602876663208008e-01
2.374613732099533081e-01
2.205114364624023438e-01
3.939808011054992676e-01
4.337335526943206787e-01
3.722460567951202393e-01
2.350854873657226562e-01
3.880501091480255127e-01
3.945315778255462646e-01
3.640585541725158691e-01
2.622083127498626709e-01
3.290260136127471924e-01
2.653123736381530762e-01
3.957821130752563477e-01
2.250636816024780273e-01
3.869718909263610840e-01
2.321942001581192017e-01
3.720705211162567139e-01
3.869163095951080322e-01
2.539503872394561768e-01
2.796432077884674072e-01
2.906481325626373291e-01
3.815209567546844482e-01
3.825201094150543213e-01
1.958350092172622681e-01
3.861745893955230713e-01
3.953282535076141357e-01
3.879447579383850098e-01
2.246814370155334473e-01
2.238795161247253418e-01
3.689653277397155762e-01
3.879492878913879395e-01
3.919877409934997559e-01
2.281905561685562134e-01
3.932738602161407471e-01
3.596882522106170654e-01
3.624454140663146973e-01
3.396544158458709717e-01
3.636663258075714111e-01
2.254847437143325806e-01
2.229337990283966064e-01
2.880531847476959229e-01
3.903033137321472168e-01
3.826484680175781250e-01
4.361684620380401611e-01
4.139662981033325195e-01
3.402123153209686279e-01
4.018093645572662354e-01
2.713502049446105957e-01
3.832206130027770996e-01
3.878596723079681396e-01
2.687640190124511719e-01
4.706658720970153809e-01
3.805741667747497559e-01
3.845701217651367188e-01
3.611002862453460693e-01
3.646150529384613037e-01
3.828335106372833252e-01
3.837805688381195068e-01
3.905206024646759033e-01
3.829201161861419678e-01
3.699403703212738037e-01
2.991470694541931152e-01
6.207321286201477051e-01
3.831204771995544434e-01
5.465820431709289551e-01
3.741451501846313477e-01
2.227498590946197510e-01
3.846518397331237793e-01
3.822236359119415283e-01
2.774972319602966309e-01
2.267619371414184570e-01
4.226951301097869873e-01
2.293805480003356934e-01
2.319825589656829834e-01
2.254190593957901001e-01
3.849959671497344971e-01
2.706688940525054932e-01
2.268810719251632690e-01
3.695131838321685791e-01
2.484737485647201538e-01
3.825622200965881348e-01
3.335710167884826660e-01
2.284176200628280640e-01
3.258703052997589111e-01
5.614186525344848633e-01
4.950631260871887207e-01
3.841196596622467041e-01
3.876542747020721436e-01
3.858804702758789062e-01
3.938340246677398682e-01
3.858207762241363525e-01
3.282824456691741943e-01
3.823341727256774902e-01
2.442724704742431641e-01
1.930019855499267578e-01
3.829990029335021973e-01
2.922621667385101318e-01
3.823841810226440430e-01
2.222784012556076050e-01
2.378861010074615479e-01
2.941975593566894531e-01
3.854445517063140869e-01
4.843146204948425293e-01
4.716652631759643555e-01
3.640286028385162354e-01
4.010024070739746094e-01
2.287858575582504272e-01
3.799923658370971680e-01
4.406579434871673584e-01
3.760060071945190430e-01
4.155880510807037354e-01
2.335095405578613281e-01
2.295769155025482178e-01
3.728092908859252930e-01
1.951712369918823242e-01
3.901152014732360840e-01
2.392913252115249634e-01
3.852367401123046875e-01
3.716570138931274414e-01
1.947410702705383301e-01
