9.088320285081863403e-02
8.354098796844482422e-01
1.639622002840042114e-01
8.180227875709533691e-01
2.470864057540893555e-01
9.052358567714691162e-02
1.820413023233413696e-01
1.925210803747177124e-01
7.732444405555725098e-01
1.486805081367492676e-01
2.206731736660003662e-01
1.377768516540527344e-01
4.400067031383514404e-01
4.609087705612182617e-01
1.223556697368621826e-01
2.381343990564346313e-01
2.090719938278198242e-01
5.510554313659667969e-01
8.884707093238830566e-01
2.238802164793014526e-01
6.069257855415344238e-01
7.640936374664306641e-01
1.213143840432167053e-01
1.084171533584594727e-01
1.375501453876495361e-01
9.631885588169097900e-02
6.249534487724304199e-01
1.963336169719696045e-01
2.671497464179992676e-01
4.154438972473144531e-01
2.845525443553924561e-01
7.293298840522766113e-02
7.593809366226196289e-01
1.096139475703239441e-01
3.182372450828552246e-01
1.607540845870971680e-01
3.069761991500854492e-01
1.548305749893188477e-01
3.664733171463012695e-01
8.273926973342895508e-01
1.681676506996154785e-01
1.368203014135360718e-01
1.223026961088180542e-01
9.099303185939788818e-02
8.347420394420623779e-02
1.749123036861419678e-01
1.530999392271041870e-01
4.977005720138549805e-01
8.891791850328445435e-02
7.279469370841979980e-01
1.404466778039932251e-01
9.501372277736663818e-02
1.426633149385452271e-01
3.478864133358001709e-01
1.582522243261337280e-01
1.489558070898056030e-01
7.885282635688781738e-01
1.186135709285736084e-01
1.248905435204505920e-01
1.552998721599578857e-01
2.597038447856903076e-01
2.114659249782562256e-01
9.635045379400253296e-02
1.269409209489822388e-01
1.105194240808486938e-01
1.542618870735168457e-01
1.114035174250602722e-01
1.002437099814414978e-01
5.459588766098022461e-01
1.251552700996398926e-01
7.992342859506607056e-02
5.533972978591918945e-01
3.619085848331451416e-01
1.111867725849151611e-01
2.534376084804534912e-01
1.178539469838142395e-01
8.045212924480438232e-02
8.402092009782791138e-02
1.498241126537322998e-01
1.219154223799705505e-01
7.665075659751892090e-01
4.676586389541625977e-01
6.855530142784118652e-01
4.246903657913208008e-01
6.304608583450317383e-01
5.202877521514892578e-01
1.296175867319107056e-01
1.238801106810569763e-01
7.093403339385986328e-01
2.530931830406188965e-01
5.964706540107727051e-01
1.104946285486221313e-01
1.107533574104309082e-01
5.023179054260253906e-01
2.877562344074249268e-01
3.482204973697662354e-01
2.647729516029357910e-01
7.164340615272521973e-01
1.253731548786163330e-01
1.193555220961570740e-01
3.449901938438415527e-01
1.486487239599227905e-01
3.976912498474121094e-01
1.749139726161956787e-01
3.366212248802185059e-01
1.153232529759407043e-01
1.524297893047332764e-01
3.513364195823669434e-01
4.860198795795440674e-01
2.422821968793869019e-01
3.714440166950225830e-01
8.336954563856124878e-02
1.072800233960151672e-01
8.616781234741210938e-01
1.810578107833862305e-01
1.399564594030380249e-01
8.188270330429077148e-01
8.767600357532501221e-02
1.229124292731285095e-01
4.742955863475799561e-01
7.992427796125411987e-02
1.199510917067527771e-01
1.459469497203826904e-01
4.288579523563385010e-01
8.162745833396911621e-01
1.245545297861099243e-01
1.096091717481613159e-01
2.842464447021484375e-01
1.087282821536064148e-01
1.289119124412536621e-01
8.698111772537231445e-01
3.198993504047393799e-01
8.262333869934082031e-01
2.082830816507339478e-01
4.052335321903228760e-01
3.836464881896972656e-01
7.964683175086975098e-01
2.395401298999786377e-01
3.488343358039855957e-01
8.580382913351058960e-02
6.966888904571533203e-01
4.539428055286407471e-01
5.720400214195251465e-01
1.409242302179336548e-01
1.937091201543807983e-01
9.534288197755813599e-02
5.265255570411682129e-01
6.115754842758178711e-01
2.931260168552398682e-01
1.281840950250625610e-01
1.055139303207397461e-01
1.424830704927444458e-01
9.577319771051406860e-02
1.292393803596496582e-01
1.745692640542984009e-01
1.206061318516731262e-01
1.635379493236541748e-01
1.583599448204040527e-01
3.352343440055847168e-01
4.919934272766113281e-01
2.074457257986068726e-01
5.047994852066040039e-01
1.235220804810523987e-01
2.386799454689025879e-01
7.570602297782897949e-01
3.444504439830780029e-01
2.973362207412719727e-01
2.231191694736480713e-01
1.273121833801269531e-01
1.984173804521560669e-01
1.263621002435684204e-01
1.141850203275680542e-01
2.537732422351837158e-01
4.670627713203430176e-01
9.651988744735717773e-02
8.529310226440429688e-01
2.383792549371719360e-01
9.614215046167373657e-02
7.831929326057434082e-01
1.619022637605667114e-01
1.261749565601348877e-01
1.060219109058380127e-01
1.344467401504516602e-01
1.379910409450531006e-01
1.267487555742263794e-01
1.233762502670288086e-01
1.350033879280090332e-01
4.828165471553802490e-01
2.387463450431823730e-01
3.457469046115875244e-01
1.237328201532363892e-01
4.211632013320922852e-01
1.139160543680191040e-01
5.315957665443420410e-01
2.493137568235397339e-01
5.269855260848999023e-01
1.169874072074890137e-01
1.887155324220657349e-01
2.835768163204193115e-01
9.196729212999343872e-02
9.557032585144042969e-02
1.792378574609756470e-01
7.184486389160156250e-01
1.370160579681396484e-01
3.254747688770294189e-01
7.980319857597351074e-01
3.962647318840026855e-01
1.434464007616043091e-01
8.770518302917480469e-01
2.800029516220092773e-01
3.346346616744995117e-01
9.440276771783828735e-02
1.755796223878860474e-01
4.723473787307739258e-01
2.257012277841567993e-01
8.355316519737243652e-02
7.854807972908020020e-01
2.851883471012115479e-01
6.371346712112426758e-01
1.259468048810958862e-01
7.738543748855590820e-01
8.589925169944763184e-01
3.993256390094757080e-01
1.062556803226470947e-01
1.026742458343505859e-01
1.220955103635787964e-01
4.098029732704162598e-01
5.603567361831665039e-01
1.589311510324478149e-01
3.369389772415161133e-01
3.840664923191070557e-01
7.677221298217773438e-01
1.102939248085021973e-01
6.802806258201599121e-01
7.889596819877624512e-01
3.542548716068267822e-01
3.889073133468627930e-01
7.999330163002014160e-01
1.725912988185882568e-01
2.043783962726593018e-01
7.949133515357971191e-01
1.714144349098205566e-01
6.065205335617065430e-01
1.673899590969085693e-01
2.388197332620620728e-01
3.685518801212310791e-01
9.878961741924285889e-02
8.548852205276489258e-01
1.056833788752555847e-01
6.043027639389038086e-01
2.261447012424468994e-01
8.896348625421524048e-02
1.206270232796669006e-01
1.150061860680580139e-01
1.285510808229446411e-01
9.322893619537353516e-02
3.093316853046417236e-01
6.393077969551086426e-01
1.873167008161544800e-01
7.004778981208801270e-01
1.045818999409675598e-01
3.714324831962585449e-01
4.058700501918792725e-01
1.084525063633918762e-01
1.674314737319946289e-01
2.934864461421966553e-01
1.150932163000106812e-01
2.253681421279907227e-01
1.260222792625427246e-01
5.571336746215820312e-01
6.284639239311218262e-01
7.426344156265258789e-01
2.937512695789337158e-01
1.360755711793899536e-01
4.940651655197143555e-01
9.900864213705062866e-02
7.380332946777343750e-01
2.079301625490188599e-01
7.187038660049438477e-01
1.304460763931274414e-01
1.850353628396987915e-01
8.509976267814636230e-01
2.020470649003982544e-01
4.180173277854919434e-01
2.945742011070251465e-01
2.864478528499603271e-01
1.218668073415756226e-01
1.227362453937530518e-01
1.423135399818420410e-01
1.658350676298141479e-01
9.760165214538574219e-02
3.261468112468719482e-01
5.782278180122375488e-01
5.028599500656127930e-01
1.545277088880538940e-01
8.884007483720779419e-02
1.192841082811355591e-01
7.365399599075317383e-01
2.193933427333831787e-01
1.254838854074478149e-01
7.461786866188049316e-01
4.434386491775512695e-01
3.496581315994262695e-01
1.252869218587875366e-01
8.240441977977752686e-02
1.058968082070350647e-01
1.589036583900451660e-01
6.163198947906494141e-01
7.406830787658691406e-01
4.269045591354370117e-01
4.674246311187744141e-01
1.485447585582733154e-01
1.362528949975967407e-01
1.342111974954605103e-01
4.601548910140991211e-01
2.666914463043212891e-01
7.718120813369750977e-01
6.181046366691589355e-01
3.348277211189270020e-01
2.210548669099807739e-01
3.858970403671264648e-01
2.008860558271408081e-01
4.111142456531524658e-01
8.248654603958129883e-01
2.313409447669982910e-01
4.220431447029113770e-01
1.757647693157196045e-01
1.014413759112358093e-01
1.064995229244232178e-01
9.128344804048538208e-02
7.298594713211059570e-02
1.788661479949951172e-01
3.267027139663696289e-01
1.146770268678665161e-01
3.338510394096374512e-01
6.763960123062133789e-01
1.974146515130996704e-01
9.505016356706619263e-02
1.476752907037734985e-01
3.257764875888824463e-01
1.126350238919258118e-01
2.050327658653259277e-01
6.276769042015075684e-01
2.926894724369049072e-01
7.618286013603210449e-01
9.734706580638885498e-02
1.604889184236526489e-01
4.423083066940307617e-01
2.018970400094985962e-01
6.406082510948181152e-01
1.195177957415580750e-01
9.523807466030120850e-02
1.042275205254554749e-01
1.146184653043746948e-01
2.504184544086456299e-01
1.240888983011245728e-01
6.641088128089904785e-01
1.822248548269271851e-01
1.170088276267051697e-01
3.954000771045684814e-01
1.061435714364051819e-01
2.972159385681152344e-01
1.530148684978485107e-01
9.750925749540328979e-02
4.456654191017150879e-01
3.750042617321014404e-01
3.417422175407409668e-01
8.774424791336059570e-01
2.617443203926086426e-01
1.798943877220153809e-01
3.400856256484985352e-01
1.349144577980041504e-01
1.416148990392684937e-01
1.391382664442062378e-01
1.021862849593162537e-01
1.223001033067703247e-01
2.021782547235488892e-01
1.060954704880714417e-01
7.609254717826843262e-01
1.038664951920509338e-01
1.087624579668045044e-01
8.041032403707504272e-02
7.114563584327697754e-01
4.379635751247406006e-01
1.315107494592666626e-01
1.529093533754348755e-01
2.993593513965606689e-01
1.946370899677276611e-01
1.538667678833007812e-01
3.397338688373565674e-01
9.193996340036392212e-02
1.156451925635337830e-01
1.082333549857139587e-01
9.947147965431213379e-02
1.381312012672424316e-01
4.127046093344688416e-02
3.894416391849517822e-01
2.210378199815750122e-01
6.247673034667968750e-01
1.029039472341537476e-01
1.691791117191314697e-01
1.150154694914817810e-01
5.710399746894836426e-01
2.370435744524002075e-01
5.851992964744567871e-01
7.105660438537597656e-01
3.261172771453857422e-01
3.535628020763397217e-01
1.877380758523941040e-01
1.597788631916046143e-01
1.014665886759757996e-01
8.692376315593719482e-02
2.563088536262512207e-01
2.625298798084259033e-01
4.901041686534881592e-01
1.080122962594032288e-01
3.370513916015625000e-01
1.484780758619308472e-01
1.255178302526473999e-01
1.179085820913314819e-01
9.689239412546157837e-02
2.135458439588546753e-01
7.138075828552246094e-01
7.907020300626754761e-02
1.358078718185424805e-01
3.571845591068267822e-01
1.125083565711975098e-01
1.422498077154159546e-01
2.150062471628189087e-01
1.578325033187866211e-01
1.340729296207427979e-01
7.827547192573547363e-02
5.537576079368591309e-01
4.904851019382476807e-01
1.585817635059356689e-01
7.967638224363327026e-02
1.250172108411788940e-01
1.057147234678268433e-01
5.371740460395812988e-01
3.286619186401367188e-01
2.099242359399795532e-01
6.144130602478981018e-02
1.197823658585548401e-01
7.227509617805480957e-01
8.067222684621810913e-02
2.140014767646789551e-01
9.615118801593780518e-02
8.031758666038513184e-01
1.119879633188247681e-01
9.029830992221832275e-02
2.822060286998748779e-01
6.482641696929931641e-01
4.901730716228485107e-01
9.813762456178665161e-02
8.666719496250152588e-02
3.548555076122283936e-01
3.119009137153625488e-01
1.245487257838249207e-01
1.123870387673377991e-01
1.573671102523803711e-01
2.728430628776550293e-01
1.403492838144302368e-01
1.297708749771118164e-01
1.643065810203552246e-01
1.012072563171386719e-01
1.020308583974838257e-01
7.879514098167419434e-01
4.210471808910369873e-01
1.114560440182685852e-01
8.885412812232971191e-01
2.097791433334350586e-01
3.569488823413848877e-01
1.089163720607757568e-01
7.047244906425476074e-01
2.459277957677841187e-01
1.077774167060852051e-01
7.550309300422668457e-01
7.382577061653137207e-01
2.943916022777557373e-01
6.655595451593399048e-02
2.045926749706268311e-01
2.547259330749511719e-01
1.076101511716842651e-01
4.387182891368865967e-01
9.403035044670104980e-02
1.692820489406585693e-01
2.903413474559783936e-01
1.323681026697158813e-01
1.178920939564704895e-01
4.472513198852539062e-01
1.289575845003128052e-01
3.869923949241638184e-01
1.295774728059768677e-01
5.798462629318237305e-01
4.832040667533874512e-01
2.529959678649902344e-01
2.037649750709533691e-01
2.359344512224197388e-01
1.360884010791778564e-01
1.609543263912200928e-01
7.271625399589538574e-01
1.731093972921371460e-01
4.679051935672760010e-01
8.345753550529479980e-01
1.865152865648269653e-01
1.138371899724006653e-01
4.273241162300109863e-01
9.899070113897323608e-02
5.881434082984924316e-01
1.206495910882949829e-01
1.934606730937957764e-01
2.065268754959106445e-01
6.152530908584594727e-01
2.938313484191894531e-01
4.092919230461120605e-01
1.798943877220153809e-01
1.522276997566223145e-01
5.901991724967956543e-01
1.592625677585601807e-01
1.538369953632354736e-01
1.973611116409301758e-01
4.945955872535705566e-01
8.800593763589859009e-02
2.897463738918304443e-01
4.969824254512786865e-01
1.783378869295120239e-01
1.984756588935852051e-01
7.566800713539123535e-01
1.163579970598220825e-01
4.100250303745269775e-01
1.716661900281906128e-01
2.399306297302246094e-01
1.349206119775772095e-01
1.013140082359313965e-01
4.575987160205841064e-01
1.671637594699859619e-01
2.424998730421066284e-01
4.797436892986297607e-01
8.367646932601928711e-01
8.893161416053771973e-01
7.080762982368469238e-01
8.899754285812377930e-02
2.700238525867462158e-01
1.878588795661926270e-01
2.441892027854919434e-01
8.572979569435119629e-01
3.196053802967071533e-01
2.191471606492996216e-01
1.756784468889236450e-01
9.286105632781982422e-02
8.465440273284912109e-01
8.631373196840286255e-02
1.048157960176467896e-01
6.495593190193176270e-01
1.112188026309013367e-01
1.258578002452850342e-01
1.780146062374114990e-01
3.077450692653656006e-01
8.383939862251281738e-01
9.490203857421875000e-02
1.118829771876335144e-01
1.396257579326629639e-01
6.995985507965087891e-01
8.297920227050781250e-01
8.222907781600952148e-02
7.012261152267456055e-01
8.790671080350875854e-02
4.933489859104156494e-01
2.267296314239501953e-01
5.311820507049560547e-01
3.071676194667816162e-01
1.191332712769508362e-01
1.931563466787338257e-01
7.783247828483581543e-01
9.849607944488525391e-02
9.274503588676452637e-02
5.580405592918395996e-01
8.897413313388824463e-02
1.314383149147033691e-01
1.381660252809524536e-01
2.335211336612701416e-01
1.114885509014129639e-01
6.511107683181762695e-01
2.023630440235137939e-01
2.437354773283004761e-01
1.099395528435707092e-01
1.869365721940994263e-01
7.731980681419372559e-01
4.596521854400634766e-01
7.183280587196350098e-01
2.933434545993804932e-01
4.345920085906982422e-01
2.783072888851165771e-01
3.154965937137603760e-01
1.541414856910705566e-01
1.058758646249771118e-01
1.035930365324020386e-01
4.521279335021972656e-01
6.950647830963134766e-01
6.276078820228576660e-01
9.441579878330230713e-02
3.034059405326843262e-01
1.232104673981666565e-01
1.519003957509994507e-01
7.831731438636779785e-01
6.610323190689086914e-01
1.423017680644989014e-01
1.396420598030090332e-01
7.929224520921707153e-02
8.938015997409820557e-02
1.488976925611495972e-01
7.306547164916992188e-01
2.763215899467468262e-01
8.845539391040802002e-02
1.266937553882598877e-01
3.717066943645477295e-01
6.066344380378723145e-01
1.276718378067016602e-01
2.609966993331909180e-01
2.993197441101074219e-01
8.469749093055725098e-01
1.120552793145179749e-01
1.221206933259963989e-01
1.705975234508514404e-01
1.820759326219558716e-01
2.130564302206039429e-01
8.219069987535476685e-02
3.235930204391479492e-01
8.272982835769653320e-01
6.382559537887573242e-01
5.008789300918579102e-01
1.008173152804374695e-01
1.230360716581344604e-01
3.390643000602722168e-01
4.961525499820709229e-01
2.064020782709121704e-01
3.532262742519378662e-01
4.283378422260284424e-01
1.280025541782379150e-01
1.120771020650863647e-01
1.137189418077468872e-01
2.055206447839736938e-01
1.340053379535675049e-01
8.218027651309967041e-02
1.988386660814285278e-01
6.294457316398620605e-01
2.554649114608764648e-01
4.613231122493743896e-01
2.406255453824996948e-01
1.246663033962249756e-01
1.348327249288558960e-01
1.217924058437347412e-01
5.216194987297058105e-01
8.716462254524230957e-01
9.950200468301773071e-02
8.305717706680297852e-01
7.136316299438476562e-01
6.646910309791564941e-01
1.634816378355026245e-01
6.827920079231262207e-01
8.829285949468612671e-02
2.655046582221984863e-01
4.863230586051940918e-01
7.664921879768371582e-01
4.832680821418762207e-01
8.277921378612518311e-02
9.472022205591201782e-02
2.399246394634246826e-01
6.746532320976257324e-01
1.519483029842376709e-01
1.421542465686798096e-01
4.777257442474365234e-01
3.049725890159606934e-01
2.091679275035858154e-01
3.346957862377166748e-01
2.942055165767669678e-01
1.649390608072280884e-01
1.983651667833328247e-01
6.186102628707885742e-01
4.931661486625671387e-01
9.370958060026168823e-02
4.683422744274139404e-01
8.636546134948730469e-02
4.072704911231994629e-01
5.791172981262207031e-01
1.155457943677902222e-01
1.040641590952873230e-01
1.215810477733612061e-01
3.849664032459259033e-01
8.765599131584167480e-01
3.415366113185882568e-01
7.079007029533386230e-01
1.021268591284751892e-01
8.362428098917007446e-02
1.108483821153640747e-01
7.887177467346191406e-01
2.092725038528442383e-01
6.623704433441162109e-01
4.516095221042633057e-01
1.322381198406219482e-01
9.445421397686004639e-02
7.543572783470153809e-02
3.708229362964630127e-01
8.531364202499389648e-01
1.074859350919723511e-01
7.629372179508209229e-02
7.390438318252563477e-01
1.387366354465484619e-01
1.010165363550186157e-01
3.106638491153717041e-01
1.231961771845817566e-01
1.610474139451980591e-01
1.732138544321060181e-01
3.744156658649444580e-01
1.081059798598289490e-01
1.125976294279098511e-01
1.409189254045486450e-01
1.456755250692367554e-01
7.504905462265014648e-01
2.284491509199142456e-01
1.590211093425750732e-01
1.523193866014480591e-01
9.733661264181137085e-02
1.526827067136764526e-01
1.318209469318389893e-01
1.075478419661521912e-01
2.515710890293121338e-01
1.165585145354270935e-01
1.419426202774047852e-01
8.730993270874023438e-01
1.178117021918296814e-01
3.524012863636016846e-01
1.662689894437789917e-01
3.773535788059234619e-01
2.362784296274185181e-01
8.651988208293914795e-02
2.517216503620147705e-01
8.379140496253967285e-01
1.416921466588973999e-01
2.081941813230514526e-01
8.212529867887496948e-02
1.309163421392440796e-01
1.361767202615737915e-01
4.168615341186523438e-01
2.693400979042053223e-01
1.199653148651123047e-01
7.525516748428344727e-01
2.548241019248962402e-01
4.554114639759063721e-01
2.434278130531311035e-01
1.387494653463363647e-01
6.457829475402832031e-01
1.418744325637817383e-01
8.611316233873367310e-02
8.305297493934631348e-01
5.412846803665161133e-01
4.230839908123016357e-01
5.848342180252075195e-01
1.140325218439102173e-01
2.709552049636840820e-01
1.323489993810653687e-01
1.615034043788909912e-01
2.658811211585998535e-01
1.035134643316268921e-01
7.947919517755508423e-02
1.814389824867248535e-01
1.324201673269271851e-01
3.508027791976928711e-01
4.959416389465332031e-01
5.471884608268737793e-01
1.029473841190338135e-01
7.195805907249450684e-01
7.676668167114257812e-01
1.547907441854476929e-01
7.569020390510559082e-01
3.428199887275695801e-01
4.490290880203247070e-01
1.267562955617904663e-01
6.810898780822753906e-01
3.006799221038818359e-01
1.430524885654449463e-01
5.599557757377624512e-01
2.630112767219543457e-01
7.084594368934631348e-01
1.071832329034805298e-01
2.005231827497482300e-01
2.530594170093536377e-01
3.287466466426849365e-01
3.140971660614013672e-01
8.006916642189025879e-01
2.581186294555664062e-01
2.402229160070419312e-01
7.484025508165359497e-02
7.332946658134460449e-01
1.132883131504058838e-01
9.661119431257247925e-02
7.051110863685607910e-01
7.934117317199707031e-01
1.972555965185165405e-01
1.432395726442337036e-01
5.330631732940673828e-01
2.780449390411376953e-01
7.944380640983581543e-01
1.477394253015518188e-01
8.787343502044677734e-01
8.575266599655151367e-02
3.511122465133666992e-01
9.657100588083267212e-02
5.479683876037597656e-01
1.156093254685401917e-01
3.312544226646423340e-01
3.293863236904144287e-01
1.823210716247558594e-01
1.741705983877182007e-01
1.666245758533477783e-01
7.015775442123413086e-01
7.312329411506652832e-01
3.184762895107269287e-01
4.587510526180267334e-01
1.304342895746231079e-01
2.850038707256317139e-01
7.420662641525268555e-01
7.175556421279907227e-01
1.666357070207595825e-01
1.721928268671035767e-01
1.143786162137985229e-01
1.705098599195480347e-01
1.242531165480613708e-01
2.043253481388092041e-01
8.855087757110595703e-01
1.805562973022460938e-01
6.540732979774475098e-01
2.750186622142791748e-01
6.564271450042724609e-01
9.239137917757034302e-02
2.243457585573196411e-01
7.246855646371841431e-02
1.172777190804481506e-01
1.776736080646514893e-01
8.059869408607482910e-01
6.334633231163024902e-01
2.086094021797180176e-01
1.225676015019416809e-01
7.538059353828430176e-01
8.645257949829101562e-01
3.908110558986663818e-01
1.302814632654190063e-01
1.409469991922378540e-01
7.786335945129394531e-01
5.199007391929626465e-01
6.205980777740478516e-01
1.408297568559646606e-01
8.243713378906250000e-01
8.385055065155029297e-01
3.419907093048095703e-01
7.779026627540588379e-01
2.861824631690979004e-01
1.061993688344955444e-01
3.089728057384490967e-01
1.641327738761901855e-01
7.683866620063781738e-01
3.451136052608489990e-01
3.294292390346527100e-01
7.056663036346435547e-01
1.415797919034957886e-01
4.346310198307037354e-01
6.091542840003967285e-01
6.042374372482299805e-01
1.056113764643669128e-01
3.301821947097778320e-01
4.591881930828094482e-01
3.252589404582977295e-01
4.497065246105194092e-01
2.920359075069427490e-01
2.938296198844909668e-01
5.375141501426696777e-01
5.617192387580871582e-01
1.997460424900054932e-01
1.679060012102127075e-01
1.798943877220153809e-01
9.127090871334075928e-02
2.193069458007812500e-01
1.225202083587646484e-01
5.843231678009033203e-01
1.382701992988586426e-01
9.753480553627014160e-02
3.170141875743865967e-01
3.000677525997161865e-01
1.157219186425209045e-01
3.651115000247955322e-01
9.933786094188690186e-02
5.937569737434387207e-01
5.123293399810791016e-01
1.057076081633567810e-01
1.498837023973464966e-01
1.138882562518119812e-01
2.458315938711166382e-01
2.894050180912017822e-01
1.793161630630493164e-01
1.027949154376983643e-01
1.182682737708091736e-01
2.258144319057464600e-01
1.541179567575454712e-01
1.067885756492614746e-01
1.292756050825119019e-01
1.692780256271362305e-01
2.275255620479583740e-01
6.518539190292358398e-01
9.911363571882247925e-02
1.237157955765724182e-01
7.830290794372558594e-01
3.710948526859283447e-01
1.112942695617675781e-01
8.855193257331848145e-01
5.692752003669738770e-01
4.246704876422882080e-01
8.210755884647369385e-02
2.095842957496643066e-01
1.054947152733802795e-01
1.009053513407707214e-01
2.949454486370086670e-01
3.736119270324707031e-01
4.327503740787506104e-01
8.649682402610778809e-01
5.283232927322387695e-01
1.107629388570785522e-01
2.001827508211135864e-01
1.494280993938446045e-01
2.138768583536148071e-01
4.155630171298980713e-01
2.783874869346618652e-01
4.223231375217437744e-01
1.850406378507614136e-01
8.786161541938781738e-01
1.399094760417938232e-01
1.264212727546691895e-01
5.460036396980285645e-01
4.503841400146484375e-01
3.874359428882598877e-01
4.881072342395782471e-01
2.710237801074981689e-01
4.323110282421112061e-01
7.988926768302917480e-01
7.764866948127746582e-01
2.116356045007705688e-01
7.294551730155944824e-01
8.196815848350524902e-02
7.497079372406005859e-01
3.043008148670196533e-01
8.242387324571609497e-02
8.953799307346343994e-02
3.868854343891143799e-01
2.095683366060256958e-01
1.131947562098503113e-01
1.227576807141304016e-01
8.490011096000671387e-01
1.164222136139869690e-01
1.121993288397789001e-01
1.702828556299209595e-01
1.827370375394821167e-01
1.558572947978973389e-01
9.180672466754913330e-02
1.854059696197509766e-01
8.549417555332183838e-02
4.647033810615539551e-01
2.453111708164215088e-01
1.833291798830032349e-01
5.371067523956298828e-01
7.821965813636779785e-01
1.431348770856857300e-01
9.409385919570922852e-02
2.355318963527679443e-01
5.765770673751831055e-01
1.314063221216201782e-01
2.665099203586578369e-01
1.921627223491668701e-01
7.590689510107040405e-02
8.596506118774414062e-01
2.389464825391769409e-01
1.202450767159461975e-01
1.379736363887786865e-01
2.874004840850830078e-01
2.332041710615158081e-01
5.496815443038940430e-01
1.304945945739746094e-01
2.639806270599365234e-01
1.228227317333221436e-01
4.792920053005218506e-01
2.717733085155487061e-01
3.616982996463775635e-01
1.966903209686279297e-01
1.868791133165359497e-01
1.020869016647338867e-01
1.907849609851837158e-01
1.145189851522445679e-01
2.850698828697204590e-01
1.151351407170295715e-01
8.257905244827270508e-01
6.962357759475708008e-01
1.095644235610961914e-01
