7.867831736803054810e-02
9.006274342536926270e-01
1.472695320844650269e-01
8.641725778579711914e-01
2.678683400154113770e-01
1.645990610122680664e-01
6.384516954421997070e-01
4.360802173614501953e-01
8.878433108329772949e-01
1.703834533691406250e-01
4.039797782897949219e-01
3.203205466270446777e-01
8.645321130752563477e-01
7.725372910499572754e-01
3.752919733524322510e-01
4.978320896625518799e-01
7.237589955329895020e-01
8.159709572792053223e-01
8.919081091880798340e-01
4.920889735221862793e-01
7.973886132240295410e-01
8.267869949340820312e-01
1.090280637145042419e-01
1.051234975457191467e-01
3.159376382827758789e-01
1.221930235624313354e-01
8.542630672454833984e-01
3.796949088573455811e-01
4.148189723491668701e-01
5.009139776229858398e-01
3.993551433086395264e-01
6.929940730333328247e-02
8.945409655570983887e-01
1.202649846673011780e-01
6.316055059432983398e-01
2.801119983196258545e-01
4.503303170204162598e-01
2.370613068342208862e-01
4.078122377395629883e-01
8.912085890769958496e-01
2.535977065563201904e-01
2.029817700386047363e-01
1.005330607295036316e-01
1.141601949930191040e-01
8.303447067737579346e-02
4.348171949386596680e-01
2.098943591117858887e-01
5.297464132308959961e-01
7.419849187135696411e-02
8.690494298934936523e-01
2.308296561241149902e-01
9.841326624155044556e-02
3.349308371543884277e-01
4.166469573974609375e-01
2.685795128345489502e-01
2.058153897523880005e-01
8.404334187507629395e-01
2.016729265451431274e-01
2.542862594127655029e-01
2.548633217811584473e-01
4.156860113143920898e-01
2.843550443649291992e-01
1.808970421552658081e-01
9.678142517805099487e-02
1.137367784976959229e-01
1.906687468290328979e-01
1.467629224061965942e-01
1.846807599067687988e-01
6.457520127296447754e-01
3.888563513755798340e-01
8.431755006313323975e-02
8.571834564208984375e-01
6.359264850616455078e-01
2.314591705799102783e-01
6.666862964630126953e-01
1.313991546630859375e-01
8.152695000171661377e-02
7.812619209289550781e-02
2.241803258657455444e-01
9.847111999988555908e-02
8.899878263473510742e-01
7.214096784591674805e-01
8.834455609321594238e-01
5.729749202728271484e-01
8.836654424667358398e-01
7.210847139358520508e-01
1.698930710554122925e-01
2.377230077981948853e-01
8.793280124664306641e-01
4.801693856716156006e-01
8.127999901771545410e-01
1.402039527893066406e-01
9.400585293769836426e-02
7.527137398719787598e-01
7.204138040542602539e-01
6.099340915679931641e-01
5.425965785980224609e-01
8.893268108367919922e-01
1.014138907194137573e-01
2.119275182485580444e-01
7.604256868362426758e-01
2.499653100967407227e-01
4.691769480705261230e-01
2.940947413444519043e-01
4.710027575492858887e-01
2.904040813446044922e-01
1.159172132611274719e-01
5.344210863113403320e-01
4.882815778255462646e-01
4.803104102611541748e-01
4.017764925956726074e-01
1.079354882240295410e-01
1.486005634069442749e-01
8.877425789833068848e-01
3.493630886077880859e-01
1.928242295980453491e-01
8.903525471687316895e-01
1.063333451747894287e-01
1.901599466800689697e-01
7.863254547119140625e-01
7.674699276685714722e-02
2.694361805915832520e-01
1.815180927515029907e-01
5.953336954116821289e-01
8.917331099510192871e-01
1.722974777221679688e-01
1.873603761196136475e-01
3.745823204517364502e-01
9.300109744071960449e-02
1.799448579549789429e-01
8.906152248382568359e-01
7.375419735908508301e-01
8.910450339317321777e-01
3.898179531097412109e-01
8.215460777282714844e-01
4.245904982089996338e-01
8.889978528022766113e-01
1.648316234350204468e-01
4.407916963100433350e-01
1.058629453182220459e-01
8.339121937751770020e-01
8.067712187767028809e-01
7.744098305702209473e-01
4.244105219841003418e-01
3.266503810882568359e-01
1.424635797739028931e-01
7.350072264671325684e-01
8.615218400955200195e-01
5.212306380271911621e-01
2.006056308746337891e-01
8.693134784698486328e-02
2.696344852447509766e-01
1.502633094787597656e-01
2.470962107181549072e-01
2.498898953199386597e-01
2.190542221069335938e-01
3.715710043907165527e-01
2.799057364463806152e-01
4.086330831050872803e-01
8.323199152946472168e-01
2.699100375175476074e-01
7.241528034210205078e-01
2.647755742073059082e-01
3.490454554557800293e-01
8.729842901229858398e-01
4.267494380474090576e-01
4.289131462574005127e-01
4.569368660449981689e-01
1.806569397449493408e-01
3.187749087810516357e-01
1.600980162620544434e-01
9.149533510208129883e-02
4.353506565093994141e-01
8.152592182159423828e-01
1.730394363403320312e-01
8.701986670494079590e-01
3.834166824817657471e-01
9.003097563982009888e-02
8.326916098594665527e-01
2.618231177330017090e-01
3.163629174232482910e-01
1.408639103174209595e-01
1.820236444473266602e-01
2.718967199325561523e-01
1.028879508376121521e-01
1.726088374853134155e-01
2.527243793010711670e-01
7.378823757171630859e-01
3.686884045600891113e-01
5.635597109794616699e-01
1.260091364383697510e-01
7.437018156051635742e-01
8.616138994693756104e-02
7.982814908027648926e-01
3.599246144294738770e-01
5.784758925437927246e-01
9.536476433277130127e-02
3.747694194316864014e-01
4.455954134464263916e-01
7.695524394512176514e-02
8.174909651279449463e-02
1.814032047986984253e-01
8.810245990753173828e-01
3.267494142055511475e-01
6.244314312934875488e-01
8.921376466751098633e-01
7.883841991424560547e-01
1.094114333391189575e-01
8.962329626083374023e-01
2.563310265541076660e-01
4.433884620666503906e-01
1.026088967919349670e-01
2.762790918350219727e-01
6.024149656295776367e-01
3.370623886585235596e-01
1.050162091851234436e-01
8.906250596046447754e-01
4.828550517559051514e-01
7.939481735229492188e-01
1.400350183248519897e-01
8.874356746673583984e-01
8.986575603485107422e-01
8.193015456199645996e-01
2.037009298801422119e-01
2.292809635400772095e-01
2.509342133998870850e-01
7.102097868919372559e-01
5.863246917724609375e-01
3.457837104797363281e-01
8.046989440917968750e-01
5.098437070846557617e-01
8.911989331245422363e-01
1.782528609037399292e-01
7.901493310928344727e-01
8.925445675849914551e-01
4.084114134311676025e-01
5.691483616828918457e-01
8.909252882003784180e-01
3.678892552852630615e-01
1.645834445953369141e-01
8.891299962997436523e-01
1.311547160148620605e-01
6.676315069198608398e-01
2.292878478765487671e-01
3.618634939193725586e-01
4.244808852672576904e-01
1.625578105449676514e-01
8.941673636436462402e-01
1.938035488128662109e-01
8.545747995376586914e-01
5.584877729415893555e-01
1.101534813642501831e-01
1.854512542486190796e-01
2.301071137189865112e-01
1.969508975744247437e-01
1.419622004032135010e-01
3.573962450027465820e-01
7.697401642799377441e-01
3.070232272148132324e-01
8.102057576179504395e-01
2.005913555622100830e-01
8.164259195327758789e-01
5.046688318252563477e-01
9.756818413734436035e-02
3.786444962024688721e-01
4.196443259716033936e-01
4.955332577228546143e-01
2.795316874980926514e-01
2.155275046825408936e-01
8.577019572257995605e-01
8.863284587860107422e-01
8.543784618377685547e-01
4.268432259559631348e-01
3.974487185478210449e-01
8.138210177421569824e-01
2.986723482608795166e-01
8.390319347381591797e-01
3.346945047378540039e-01
8.812412619590759277e-01
1.521597951650619507e-01
3.420591652393341064e-01
8.893780112266540527e-01
1.966878324747085571e-01
6.683737039566040039e-01
4.834028780460357666e-01
4.039024412631988525e-01
1.484227329492568970e-01
3.698309659957885742e-01
4.044278264045715332e-01
2.894697785377502441e-01
2.125094830989837646e-01
8.204887509346008301e-01
8.554850220680236816e-01
6.178864240646362305e-01
2.984636425971984863e-01
7.948306947946548462e-02
2.029623240232467651e-01
8.582008481025695801e-01
6.616705656051635742e-01
1.225781738758087158e-01
8.909250497817993164e-01
5.353152155876159668e-01
3.623991310596466064e-01
1.560367047786712646e-01
2.139267921447753906e-01
1.040668785572052002e-01
2.539787292480468750e-01
6.979918479919433594e-01
8.879785537719726562e-01
6.677183508872985840e-01
7.028808593750000000e-01
1.886114180088043213e-01
2.598387897014617920e-01
2.735033929347991943e-01
7.394620776176452637e-01
4.405062496662139893e-01
8.901928663253784180e-01
8.267316818237304688e-01
3.340674638748168945e-01
2.710401713848114014e-01
7.773914933204650879e-01
3.587366044521331787e-01
5.651496648788452148e-01
8.888307809829711914e-01
5.139397978782653809e-01
5.366043448448181152e-01
2.450234144926071167e-01
1.404291242361068726e-01
2.016860246658325195e-01
1.352082639932632446e-01
8.367700129747390747e-02
1.339453607797622681e-01
4.515603780746459961e-01
1.501001119613647461e-01
3.119038641452789307e-01
8.600132465362548828e-01
3.817360699176788330e-01
7.505086064338684082e-02
1.796707957983016968e-01
4.539488554000854492e-01
1.618286520242691040e-01
4.862476289272308350e-01
8.354310989379882812e-01
3.211606740951538086e-01
8.902848362922668457e-01
8.460710942745208740e-02
2.518019974231719971e-01
7.869408130645751953e-01
2.862446904182434082e-01
8.527172803878784180e-01
2.499950528144836426e-01
8.272015303373336792e-02
8.313225954771041870e-02
2.032534480094909668e-01
4.007806479930877686e-01
2.645216286182403564e-01
8.102433085441589355e-01
2.636080384254455566e-01
2.173970490694046021e-01
5.520075559616088867e-01
1.546569466590881348e-01
4.896320998668670654e-01
2.697525918483734131e-01
1.594462990760803223e-01
7.679593563079833984e-01
4.679584801197052002e-01
4.488233029842376709e-01
8.909602165222167969e-01
4.441002905368804932e-01
1.920229345560073853e-01
5.073291063308715820e-01
2.199293076992034912e-01
3.401845991611480713e-01
3.142540156841278076e-01
1.496693789958953857e-01
1.127164736390113831e-01
2.705821990966796875e-01
1.408553421497344971e-01
8.887155055999755859e-01
1.479970216751098633e-01
1.338311880826950073e-01
8.950541913509368896e-02
8.902401328086853027e-01
8.182746171951293945e-01
2.884021401405334473e-01
1.721145361661911011e-01
4.062927365303039551e-01
4.053938686847686768e-01
3.519365787506103516e-01
4.028305709362030029e-01
7.748765498399734497e-02
1.286994665861129761e-01
1.652792245149612427e-01
1.174972727894783020e-01
1.871596276760101318e-01
8.045114576816558838e-02
5.696734786033630371e-01
3.857965767383575439e-01
7.677108645439147949e-01
3.876214921474456787e-01
4.098262786865234375e-01
1.175304353237152100e-01
7.991421818733215332e-01
4.386016726493835449e-01
8.004180192947387695e-01
8.515442013740539551e-01
6.044313311576843262e-01
4.424946308135986328e-01
3.205482065677642822e-01
2.255742400884628296e-01
1.069547683000564575e-01
7.733935117721557617e-02
2.423121184110641479e-01
4.260785877704620361e-01
7.767792344093322754e-01
8.528933674097061157e-02
4.578632116317749023e-01
9.510930627584457397e-02
2.004370838403701782e-01
1.635550856590270996e-01
1.143935099244117737e-01
7.561669349670410156e-01
9.138830900192260742e-01
7.520505040884017944e-02
1.481622010469436646e-01
4.624350965023040771e-01
1.045157164335250854e-01
1.164055392146110535e-01
2.983627915382385254e-01
2.573423981666564941e-01
2.622081935405731201e-01
1.690141856670379639e-01
7.884685397148132324e-01
7.276268005371093750e-01
2.565046250820159912e-01
1.140421703457832336e-01
4.206803739070892334e-01
2.773623168468475342e-01
6.769621968269348145e-01
4.230284988880157471e-01
2.810185551643371582e-01
1.120961755514144897e-01
1.885832697153091431e-01
8.475089669227600098e-01
1.441729217767715454e-01
3.723249435424804688e-01
1.461206078529357910e-01
8.535050749778747559e-01
2.309149205684661865e-01
9.174355119466781616e-02
2.678145170211791992e-01
8.658487796783447266e-01
6.815457940101623535e-01
8.867187052965164185e-02
8.850833028554916382e-02
3.819963634014129639e-01
3.894948661327362061e-01
2.199633121490478516e-01
1.195619776844978333e-01
2.176407426595687866e-01
4.793516695499420166e-01
2.933782935142517090e-01
1.405927687883377075e-01
3.473569750785827637e-01
1.056007668375968933e-01
1.095429509878158569e-01
7.963099479675292969e-01
8.281672596931457520e-01
2.827562689781188965e-01
8.930097222328186035e-01
2.943906188011169434e-01
7.591313719749450684e-01
1.934459656476974487e-01
8.191112875938415527e-01
3.825633525848388672e-01
1.396531909704208374e-01
8.857365250587463379e-01
8.874071836471557617e-01
7.351849675178527832e-01
6.743168830871582031e-02
3.639361858367919922e-01
5.580652356147766113e-01
2.059767246246337891e-01
5.830781459808349609e-01
9.104073792695999146e-02
2.013269364833831787e-01
3.233518898487091064e-01
2.291396707296371460e-01
1.054515913128852844e-01
8.811312317848205566e-01
1.176367104053497314e-01
7.477734088897705078e-01
2.292665988206863403e-01
8.816757798194885254e-01
7.593902349472045898e-01
4.016916155815124512e-01
3.515332937240600586e-01
4.851706326007843018e-01
2.165147662162780762e-01
2.727501392364501953e-01
8.871914148330688477e-01
2.635017037391662598e-01
8.012969493865966797e-01
8.859094977378845215e-01
2.054749727249145508e-01
1.021120548248291016e-01
6.162660121917724609e-01
1.295701861381530762e-01
8.300640583038330078e-01
2.045378983020782471e-01
2.865345776081085205e-01
3.662445843219757080e-01
8.276896476745605469e-01
3.512706756591796875e-01
6.100723147392272949e-01
1.920229345560073853e-01
2.003016173839569092e-01
7.350230813026428223e-01
2.920466661453247070e-01
3.056786954402923584e-01
3.723896741867065430e-01
7.211857438087463379e-01
2.447380423545837402e-01
5.154089331626892090e-01
5.658795237541198730e-01
1.225182190537452698e-01
4.143009483814239502e-01
8.911195397377014160e-01
1.211186200380325317e-01
7.961863875389099121e-01
2.662195861339569092e-01
7.487575411796569824e-01
2.930549085140228271e-01
2.659678757190704346e-01
7.553033828735351562e-01
4.805422425270080566e-01
6.137748956680297852e-01
6.269657015800476074e-01
8.910023570060729980e-01
8.979200720787048340e-01
8.981729745864868164e-01
7.675831019878387451e-02
3.861382901668548584e-01
3.625367879867553711e-01
3.804552555084228516e-01
8.916136622428894043e-01
4.210415482521057129e-01
2.599284648895263672e-01
2.923630177974700928e-01
1.445390880107879639e-01
8.904014229774475098e-01
8.313758671283721924e-02
1.097418218851089478e-01
8.820258975028991699e-01
9.551143646240234375e-02
2.233458161354064941e-01
4.700288176536560059e-01
7.498880028724670410e-01
8.892797827720642090e-01
9.214404970407485962e-02
1.357377320528030396e-01
2.261596322059631348e-01
8.903357386589050293e-01
8.884964585304260254e-01
7.006070762872695923e-02
8.834316730499267578e-01
1.334590613842010498e-01
6.111426949501037598e-01
3.001680374145507812e-01
7.308762073516845703e-01
8.303855657577514648e-01
1.314344406127929688e-01
3.369905352592468262e-01
8.454031348228454590e-01
1.187791749835014343e-01
7.809931039810180664e-02
6.301026344299316406e-01
9.845574945211410522e-02
1.231715604662895203e-01
4.574205577373504639e-01
4.543674290180206299e-01
8.345372229814529419e-02
7.368555068969726562e-01
3.587652146816253662e-01
3.788149654865264893e-01
1.193779557943344116e-01
4.796932041645050049e-01
8.914175033569335938e-01
8.276858925819396973e-01
8.406431078910827637e-01
3.263529837131500244e-01
7.982429862022399902e-01
3.326018452644348145e-01
3.390386402606964111e-01
1.070950329303741455e-01
1.304847747087478638e-01
7.853535562753677368e-02
8.149445652961730957e-01
8.691906929016113281e-01
8.266305327415466309e-01
1.631907820701599121e-01
4.226484596729278564e-01
2.175208479166030884e-01
1.796795725822448730e-01
8.904608488082885742e-01
7.904899120330810547e-01
1.805044263601303101e-01
1.516098976135253906e-01
1.174245402216911316e-01
7.831150293350219727e-02
3.599699735641479492e-01
8.894595503807067871e-01
5.387470126152038574e-01
8.829391002655029297e-02
2.767593562602996826e-01
5.131102204322814941e-01
6.967523097991943359e-01
1.418062746524810791e-01
4.313026070594787598e-01
4.335148632526397705e-01
8.914524912834167480e-01
2.354058623313903809e-01
1.277796775102615356e-01
1.920075863599777222e-01
4.545132815837860107e-01
5.918990969657897949e-01
8.293327689170837402e-02
5.300344228744506836e-01
8.893011808395385742e-01
7.986339330673217773e-01
6.790225505828857422e-01
8.157324045896530151e-02
9.806896001100540161e-02
7.322539687156677246e-01
5.247498750686645508e-01
2.923012077808380127e-01
5.457418560981750488e-01
8.195988535881042480e-01
2.036420851945877075e-01
1.040872186422348022e-01
9.107264131307601929e-02
3.543796837329864502e-01
3.454939424991607666e-01
7.107281684875488281e-02
1.866593509912490845e-01
8.323583602905273438e-01
3.199230134487152100e-01
7.431850433349609375e-01
2.948697209358215332e-01
3.055117428302764893e-01
1.365657150745391846e-01
1.616147309541702271e-01
8.330429792404174805e-01
8.940986394882202148e-01
8.885306119918823242e-02
8.926308155059814453e-01
8.928261399269104004e-01
8.533957600593566895e-01
3.086471855640411377e-01
8.230316638946533203e-01
1.030069962143898010e-01
3.605235815048217773e-01
5.662878751754760742e-01
8.218490481376647949e-01
8.813335895538330078e-01
1.464537382125854492e-01
1.398515999317169189e-01
4.060899019241333008e-01
7.789609432220458984e-01
2.668764591217041016e-01
3.036172986030578613e-01
6.677993535995483398e-01
3.169727623462677002e-01
3.063585758209228516e-01
3.224631249904632568e-01
5.628154873847961426e-01
3.024509549140930176e-01
3.542741239070892334e-01
7.366983890533447266e-01
6.075039505958557129e-01
8.830826729536056519e-02
8.392407894134521484e-01
1.029944270849227905e-01
7.538940906524658203e-01
7.719651460647583008e-01
1.115372776985168457e-01
1.478616893291473389e-01
1.023977398872375488e-01
5.026288032531738281e-01
8.961331844329833984e-01
5.206375718116760254e-01
8.354203104972839355e-01
9.051974117755889893e-02
8.906920999288558960e-02
1.084176003932952881e-01
8.897848725318908691e-01
2.318638861179351807e-01
8.134570121765136719e-01
7.219359874725341797e-01
3.701257407665252686e-01
1.605956405401229858e-01
9.605691581964492798e-02
5.398027300834655762e-01
8.939951658248901367e-01
8.640965819358825684e-02
1.502405107021331787e-01
8.889794349670410156e-01
2.764431834220886230e-01
8.419676870107650757e-02
6.707034111022949219e-01
9.515412151813507080e-02
2.547380626201629639e-01
2.640295028686523438e-01
4.265767633914947510e-01
7.693308591842651367e-02
3.064481019973754883e-01
8.485156297683715820e-02
1.297001540660858154e-01
8.381842374801635742e-01
7.235182523727416992e-01
2.885158658027648926e-01
1.276260167360305786e-01
1.921281665563583374e-01
1.772181242704391479e-01
2.559773325920104980e-01
2.314878106117248535e-01
6.928986310958862305e-01
1.287130713462829590e-01
2.733240425586700439e-01
8.927366733551025391e-01
1.273159682750701904e-01
3.930145800113677979e-01
2.117162942886352539e-01
7.442926168441772461e-01
4.089203178882598877e-01
1.440539360046386719e-01
4.536207914352416992e-01
8.899910449981689453e-01
1.066380962729454041e-01
2.209446728229522705e-01
1.224649772047996521e-01
2.090586572885513306e-01
1.551171839237213135e-01
6.550945043563842773e-01
3.790229260921478271e-01
3.625540137290954590e-01
8.899417519569396973e-01
5.301883220672607422e-01
7.460744976997375488e-01
4.508711695671081543e-01
1.588108241558074951e-01
8.512590527534484863e-01
1.716481000185012817e-01
7.776312530040740967e-02
8.898645639419555664e-01
7.970805764198303223e-01
8.810088038444519043e-01
7.593784332275390625e-01
1.171532273292541504e-01
5.372798442840576172e-01
2.764916121959686279e-01
2.857117354869842529e-01
4.070356786251068115e-01
1.513341963291168213e-01
1.466335952281951904e-01
2.506022453308105469e-01
1.846069544553756714e-01
8.258818387985229492e-01
8.115646243095397949e-01
8.403187394142150879e-01
9.300121665000915527e-02
8.794197440147399902e-01
8.733052015304565430e-01
2.929828763008117676e-01
8.904282450675964355e-01
5.282349586486816406e-01
5.993965864181518555e-01
9.709750860929489136e-02
8.874984383583068848e-01
5.143024325370788574e-01
1.509999930858612061e-01
8.894857168197631836e-01
4.048918783664703369e-01
8.178356289863586426e-01
1.179857701063156128e-01
3.845402896404266357e-01
4.059178829193115234e-01
3.828712403774261475e-01
4.311817288398742676e-01
8.904840350151062012e-01
2.454184889793395996e-01
3.081485629081726074e-01
7.126496732234954834e-02
8.864202499389648438e-01
1.095709949731826782e-01
8.165950328111648560e-02
8.827260136604309082e-01
8.568020462989807129e-01
4.138451516628265381e-01
9.521104395389556885e-02
7.050199508666992188e-01
3.905913233757019043e-01
8.901004195213317871e-01
2.996255159378051758e-01
8.910991549491882324e-01
8.096258342266082764e-02
5.460644364356994629e-01
9.805245697498321533e-02
5.709711909294128418e-01
1.212324947118759155e-01
5.496783852577209473e-01
5.292516946792602539e-01
3.792350590229034424e-01
4.151615500450134277e-01
2.975475192070007324e-01
8.209764957427978516e-01
8.808900713920593262e-01
4.082859456539154053e-01
7.752052545547485352e-01
1.507501155138015747e-01
5.468919277191162109e-01
8.830652832984924316e-01
8.374188542366027832e-01
3.642652034759521484e-01
3.176696300506591797e-01
1.525531560182571411e-01
4.220127761363983154e-01
1.886033564805984497e-01
4.067720472812652588e-01
8.924385905265808105e-01
3.672501742839813232e-01
7.457457184791564941e-01
2.618469297885894775e-01
8.004519343376159668e-01
2.634369134902954102e-01
2.355252802371978760e-01
1.523227989673614502e-01
1.153181418776512146e-01
2.671147286891937256e-01
8.784430027008056641e-01
8.683623075485229492e-01
2.490295767784118652e-01
2.027666866779327393e-01
8.703078031539916992e-01
8.936157822608947754e-01
8.070747852325439453e-01
1.315504312515258789e-01
1.565463989973068237e-01
8.800586462020874023e-01
7.994586229324340820e-01
8.101368546485900879e-01
1.083506867289543152e-01
8.922658562660217285e-01
8.875153660774230957e-01
8.812581300735473633e-01
8.850693702697753906e-01
4.683758616447448730e-01
1.049742251634597778e-01
6.938106417655944824e-01
2.759328782558441162e-01
8.777542710304260254e-01
2.781674265861511230e-01
4.632454514503479004e-01
7.572249174118041992e-01
2.134286612272262573e-01
8.191992640495300293e-01
6.919889450073242188e-01
8.896573185920715332e-01
1.223921924829483032e-01
5.153063535690307617e-01
6.842160224914550781e-01
3.883045911788940430e-01
4.599590599536895752e-01
4.112276136875152588e-01
6.589204072952270508e-01
8.458876013755798340e-01
7.122699022293090820e-01
3.035771250724792480e-01
1.457145214080810547e-01
1.920229345560073853e-01
7.456802576780319214e-02
3.293455243110656738e-01
2.415021955966949463e-01
7.974744439125061035e-01
4.133791923522949219e-01
1.020312011241912842e-01
7.862434387207031250e-01
7.137151360511779785e-01
2.059373408555984497e-01
7.295283079147338867e-01
1.343798786401748657e-01
8.777379989624023438e-01
5.633130073547363281e-01
9.172648936510086060e-02
3.801536262035369873e-01
9.314806759357452393e-02
5.395469665527343750e-01
2.895160913467407227e-01
2.351612001657485962e-01
1.656383424997329712e-01
1.280127316713333130e-01
6.480790376663208008e-01
3.191407024860382080e-01
1.606040298938751221e-01
9.517556428909301758e-02
3.125553131103515625e-01
4.725011587142944336e-01
8.245728611946105957e-01
1.436926722526550293e-01
1.093058660626411438e-01
8.073483705520629883e-01
6.878907680511474609e-01
1.177181303501129150e-01
8.984802961349487305e-01
8.693448305130004883e-01
4.499470293521881104e-01
1.039273366332054138e-01
3.525360524654388428e-01
1.173791736364364624e-01
2.380856573581695557e-01
2.430005669593811035e-01
7.863211631774902344e-01
7.486856579780578613e-01
8.283044099807739258e-01
8.472052812576293945e-01
1.033665612339973450e-01
5.369185805320739746e-01
3.024553060531616211e-01
3.951575458049774170e-01
7.480120658874511719e-01
4.039710760116577148e-01
5.615464448928833008e-01
3.817725777626037598e-01
8.933005928993225098e-01
1.607361584901809692e-01
1.896025985479354858e-01
8.468945026397705078e-01
4.689371883869171143e-01
8.003249168395996094e-01
7.897993922233581543e-01
4.857864975929260254e-01
5.711561441421508789e-01
8.399577140808105469e-01
8.363859057426452637e-01
2.676064968109130859e-01
8.796123862266540527e-01
1.906755566596984863e-01
8.864462971687316895e-01
5.197405219078063965e-01
1.183818131685256958e-01
7.813958823680877686e-02
4.903731644153594971e-01
3.775137662887573242e-01
1.194352284073829651e-01
4.894026517868041992e-01
8.923551440238952637e-01
1.955858319997787476e-01
8.570416271686553955e-02
2.666390240192413330e-01
2.670304179191589355e-01
2.925345897674560547e-01
1.515159010887145996e-01
1.992580890655517578e-01
9.394876658916473389e-02
6.699733734130859375e-01
2.541193366050720215e-01
5.673663616180419922e-01
8.120423555374145508e-01
8.909193277359008789e-01
3.012140691280364990e-01
1.512319296598434448e-01
5.773917436599731445e-01
8.253175616264343262e-01
1.161426827311515808e-01
4.453310370445251465e-01
4.632983505725860596e-01
9.296443313360214233e-02
8.911703824996948242e-01
3.049782514572143555e-01
2.108392268419265747e-01
1.706342697143554688e-01
5.248023271560668945e-01
2.278928011655807495e-01
7.566131949424743652e-01
2.541715800762176514e-01
3.207370638847351074e-01
1.545883566141128540e-01
8.096465468406677246e-01
3.954086005687713623e-01
3.273530006408691406e-01
2.478050738573074341e-01
3.678035140037536621e-01
9.293255954980850220e-02
2.841414511203765869e-01
9.560861438512802124e-02
4.417577981948852539e-01
1.707219779491424561e-01
8.876655101776123047e-01
8.897346854209899902e-01
2.868238389492034912e-01
