1.757869496941566467e-02
9.165219068527221680e-01
9.049324691295623779e-02
7.667900919914245605e-01
2.305868119001388550e-01
6.455734372138977051e-02
4.418163001537322998e-01
2.144528776407241821e-01
8.708373308181762695e-01
5.317497625946998596e-02
2.726481258869171143e-01
2.223244905471801758e-01
7.545461058616638184e-01
3.445677757263183594e-01
6.173170730471611023e-02
2.028800845146179199e-01
3.884295225143432617e-01
5.368177294731140137e-01
9.306198358535766602e-01
2.144171148538589478e-01
4.883919358253479004e-01
7.536538839340209961e-01
3.888200968503952026e-02
2.611200138926506042e-02
2.082245647907257080e-01
4.386495426297187805e-02
7.440534830093383789e-01
1.605567336082458496e-01
3.229983150959014893e-01
2.721611857414245605e-01
1.907468140125274658e-01
1.085370406508445740e-02
8.277349472045898438e-01
5.224825441837310791e-02
1.629578322172164917e-01
9.281452000141143799e-02
1.410706341266632080e-01
1.633819490671157837e-01
4.534152448177337646e-01
8.513307571411132812e-01
1.856606602668762207e-01
4.308598488569259644e-02
3.747762739658355713e-02
7.077987492084503174e-02
9.072710573673248291e-02
1.442203670740127563e-01
3.509368598461151123e-01
5.895267724990844727e-01
9.037652984261512756e-03
8.334050774574279785e-01
7.334928959608078003e-02
1.502607110887765884e-02
1.972946971654891968e-01
3.069170713424682617e-01
1.525940746068954468e-01
7.473000884056091309e-02
7.308191061019897461e-01
4.634196683764457703e-02
4.095295816659927368e-02
1.643059402704238892e-01
4.541570544242858887e-01
1.318332999944686890e-01
8.750472962856292725e-02
5.439535528421401978e-02
3.471845015883445740e-02
9.444294869899749756e-02
2.925100922584533691e-02
1.163383871316909790e-01
2.665699124336242676e-01
2.460343241691589355e-01
2.158836834132671356e-02
6.132772564888000488e-01
3.375572264194488525e-01
2.835097536444664001e-02
1.779255867004394531e-01
6.174052506685256958e-02
1.353907492011785507e-02
1.182338409125804901e-02
7.084976881742477417e-02
4.727029055356979370e-02
8.629325628280639648e-01
5.644822120666503906e-01
8.554507493972778320e-01
4.778685569763183594e-01
8.645840883255004883e-01
6.139483451843261719e-01
5.269749835133552551e-02
1.057893186807632446e-01
3.414811789989471436e-01
2.091926336288452148e-01
6.010001897811889648e-01
6.049159169197082520e-02
4.672733694314956665e-02
2.803112566471099854e-01
4.126972556114196777e-01
3.360109329223632812e-01
3.829053640365600586e-01
8.169916272163391113e-01
7.514178007841110229e-02
5.093530938029289246e-02
5.986970663070678711e-01
1.315336674451828003e-01
4.488423168659210205e-01
1.358711272478103638e-01
2.550047039985656738e-01
1.080034896731376648e-01
7.002876698970794678e-02
5.603639483451843262e-01
4.621117413043975830e-01
1.800530999898910522e-01
2.345275580883026123e-01
3.214684128761291504e-02
3.167337179183959961e-02
8.859218358993530273e-01
1.757989972829818726e-01
6.156149879097938538e-02
8.179998397827148438e-01
3.247567638754844666e-02
8.134006708860397339e-02
6.716357469558715820e-01
9.218584746122360229e-03
5.849893018603324890e-02
1.088843718171119690e-01
6.722361445426940918e-01
8.511422872543334961e-01
1.167353540658950806e-01
5.167141556739807129e-02
1.661908924579620361e-01
3.454210609197616577e-02
5.305059999227523804e-02
8.533902168273925781e-01
2.803734540939331055e-01
8.318088054656982422e-01
2.757383286952972412e-01
3.895875215530395508e-01
3.358283936977386475e-01
8.996523618698120117e-01
2.843892574310302734e-01
5.124089121818542480e-01
2.123622409999370575e-02
7.775813341140747070e-01
6.893667578697204590e-01
3.938362300395965576e-01
3.045099675655364990e-01
2.363422513008117676e-01
3.509440273046493530e-02
2.833426296710968018e-01
6.315423846244812012e-01
6.112947463989257812e-01
1.335859149694442749e-01
2.412702701985836029e-02
1.209550201892852783e-01
9.933850169181823730e-02
1.929481774568557739e-01
7.629435509443283081e-02
1.391668319702148438e-01
2.049497961997985840e-01
1.441965997219085693e-01
2.010593414306640625e-01
5.961908698081970215e-01
3.095559477806091309e-01
5.662428140640258789e-01
1.054412722587585449e-01
1.561922580003738403e-01
7.520171403884887695e-01
5.099742412567138672e-01
2.342446893453598022e-01
1.661988347768783569e-01
8.319496363401412964e-02
4.159079790115356445e-01
3.949268534779548645e-02
3.898641467094421387e-02
3.826543688774108887e-01
6.699737906455993652e-01
1.285531967878341675e-01
8.250914216041564941e-01
1.187575161457061768e-01
6.135661154985427856e-02
7.696853876113891602e-01
1.141367852687835693e-01
1.591095477342605591e-01
1.030040755867958069e-01
1.121984794735908508e-01
1.701104491949081421e-01
5.281911790370941162e-02
7.828989624977111816e-02
1.800602525472640991e-01
4.865645170211791992e-01
3.361772894859313965e-01
3.362991511821746826e-01
3.030245564877986908e-02
5.756889581680297852e-01
4.567234963178634644e-02
6.888675093650817871e-01
1.460213661193847656e-01
3.870455324649810791e-01
3.765639662742614746e-02
1.961996555328369141e-01
3.878296613693237305e-01
2.125820890069007874e-02
2.541999518871307373e-02
2.054123282432556152e-01
7.390080690383911133e-01
1.108948513865470886e-01
7.754852175712585449e-01
8.290791511535644531e-01
3.586663901805877686e-01
8.880124986171722412e-02
9.384334683418273926e-01
1.360699832439422607e-01
1.607501208782196045e-01
2.954433299601078033e-02
2.163846939802169800e-01
4.409154951572418213e-01
1.938997060060501099e-01
2.150113694369792938e-02
8.428500890731811523e-01
3.193458318710327148e-01
7.494356632232666016e-01
7.835625857114791870e-02
8.611595034599304199e-01
8.822935819625854492e-01
4.931062459945678711e-01
1.327488124370574951e-01
1.520567387342453003e-01
8.423305302858352661e-02
5.830653905868530273e-01
6.546646952629089355e-01
6.067436188459396362e-02
5.377629995346069336e-01
4.850008785724639893e-01
8.245217800140380859e-01
9.284852445125579834e-02
6.016933917999267578e-01
7.863820195198059082e-01
2.204520255327224731e-01
4.310877323150634766e-01
8.661788702011108398e-01
9.418717771768569946e-02
2.155800610780715942e-01
8.679690361022949219e-01
8.989267796277999878e-02
5.347117185592651367e-01
5.062818154692649841e-02
2.088008970022201538e-01
3.198588788509368896e-01
5.358252674341201782e-02
9.176011681556701660e-01
2.805791050195693970e-02
5.549494624137878418e-01
1.406989544630050659e-01
8.699559420347213745e-02
6.649713963270187378e-02
6.157017126679420471e-02
1.606357395648956299e-01
1.892283260822296143e-01
3.738186657428741455e-01
7.973804473876953125e-01
1.033141389489173889e-01
7.962599396705627441e-01
5.697474628686904907e-02
5.041562914848327637e-01
2.907481789588928223e-01
2.229612693190574646e-02
1.002976372838020325e-01
3.343688845634460449e-01
9.010657668113708496e-02
3.193812668323516846e-01
5.231093987822532654e-02
6.888454556465148926e-01
8.595541119575500488e-01
6.203836202621459961e-01
2.334910035133361816e-01
1.550300121307373047e-01
7.824826836585998535e-01
7.454980164766311646e-02
7.074200510978698730e-01
1.279292255640029907e-01
6.996802687644958496e-01
9.592317789793014526e-02
1.336859464645385742e-01
8.640395998954772949e-01
8.403222262859344482e-02
4.087757170200347900e-01
4.763402938842773438e-01
2.609455883502960205e-01
3.713595867156982422e-02
9.985580295324325562e-02
1.815258711576461792e-01
1.504412293434143066e-01
1.644858717918395996e-01
3.280727863311767578e-01
7.256812453269958496e-01
3.229898810386657715e-01
1.184516549110412598e-01
1.474951207637786865e-02
1.168320924043655396e-01
7.270962595939636230e-01
2.893190681934356689e-01
4.271909967064857483e-02
8.753724098205566406e-01
2.770500481128692627e-01
1.150242760777473450e-01
1.116618737578392029e-01
9.053441882133483887e-02
2.986731193959712982e-02
1.061872541904449463e-01
6.051846146583557129e-01
8.780837655067443848e-01
5.887050032615661621e-01
2.559612393379211426e-01
1.223676204681396484e-01
1.086487993597984314e-01
1.144153550267219543e-01
2.971669137477874756e-01
3.624291419982910156e-01
8.445243239402770996e-01
6.526640057563781738e-01
6.504138559103012085e-02
1.184687316417694092e-01
4.482701420783996582e-01
1.930121183395385742e-01
1.813323795795440674e-01
8.694908618927001953e-01
1.894845515489578247e-01
3.418270051479339600e-01
1.549311727285385132e-01
1.357442233711481094e-02
2.138396538794040680e-02
5.017273873090744019e-02
1.732927188277244568e-02
6.226844713091850281e-02
3.896949589252471924e-01
7.926294207572937012e-02
8.846510201692581177e-02
8.549212813377380371e-01
1.826548278331756592e-01
1.356805767863988876e-02
1.926613599061965942e-01
1.889565438032150269e-01
7.130385190248489380e-02
3.316194713115692139e-01
6.843740344047546387e-01
2.151089757680892944e-01
8.514525890350341797e-01
1.045936904847621918e-02
1.614044606685638428e-01
4.775610268115997314e-01
1.486198455095291138e-01
6.085360646247863770e-01
4.919228702783584595e-02
1.672613061964511871e-02
4.842795059084892273e-02
6.391924619674682617e-02
4.907000660896301270e-01
2.805954217910766602e-02
5.123746991157531738e-01
9.011404216289520264e-02
1.275290548801422119e-01
1.201953738927841187e-01
1.379918456077575684e-01
3.556658327579498291e-01
1.938966959714889526e-01
1.176705062389373779e-01
6.504905819892883301e-01
1.721059381961822510e-01
2.998645901679992676e-01
9.302634596824645996e-01
9.810018539428710938e-02
2.382325083017349243e-01
1.672686338424682617e-01
6.885600090026855469e-02
1.636107265949249268e-01
1.776864677667617798e-01
4.414870962500572205e-02
5.627940967679023743e-02
1.518758982419967651e-01
9.725536406040191650e-02
7.452079653739929199e-01
8.071517199277877808e-02
3.203865140676498413e-02
2.367660403251647949e-02
8.964024186134338379e-01
3.611227273941040039e-01
1.800334304571151733e-01
1.751349568367004395e-01
3.153555691242218018e-01
1.589996069669723511e-01
1.102503910660743713e-01
2.924481928348541260e-01
1.000212784856557846e-02
7.803053408861160278e-02
6.687195599079132080e-02
5.697717890143394470e-02
1.905962079763412476e-01
7.218226324766874313e-03
6.407649517059326172e-01
3.323117494583129883e-01
7.644264101982116699e-01
1.625735759735107422e-01
1.890204101800918579e-01
8.071158081293106079e-02
7.961249947547912598e-01
4.484002292156219482e-01
6.071183681488037109e-01
6.547313928604125977e-01
4.092237949371337891e-01
3.053905665874481201e-01
1.782371997833251953e-01
1.500017791986465454e-01
5.172712728381156921e-02
1.304476615041494370e-02
8.464355021715164185e-02
3.242755234241485596e-01
6.442425847053527832e-01
2.514046989381313324e-02
3.436100780963897705e-01
7.742286473512649536e-02
7.929282635450363159e-02
6.590420007705688477e-02
4.471390321850776672e-02
4.513761997222900391e-01
6.603880524635314941e-01
1.348245609551668167e-02
4.452154040336608887e-02
3.254456520080566406e-01
2.298321574926376343e-02
6.468939781188964844e-02
1.450186669826507568e-01
1.243561282753944397e-01
4.147664830088615417e-02
7.304052263498306274e-02
7.958366274833679199e-01
4.995381236076354980e-01
1.642124652862548828e-01
7.714996486902236938e-02
2.292518615722656250e-01
1.307097543030977249e-02
4.477334320545196533e-01
3.494008481502532959e-01
1.965040415525436401e-01
1.657107099890708923e-02
5.628153681755065918e-02
6.461689472198486328e-01
3.814869374036788940e-02
2.311714291572570801e-01
2.205510996282100677e-02
7.709893584251403809e-01
7.066948711872100830e-02
2.416552603244781494e-02
3.121978938579559326e-01
7.047719359397888184e-01
4.649975001811981201e-01
3.010346367955207825e-02
5.581869184970855713e-02
3.427414894104003906e-01
2.217442095279693604e-01
7.509518414735794067e-02
4.912804812192916870e-02
1.974917501211166382e-01
1.999578922986984253e-01
1.057571843266487122e-01
4.443820193409919739e-02
1.174799799919128418e-01
4.166121035814285278e-02
1.115259379148483276e-01
8.698784708976745605e-01
3.639140725135803223e-01
3.577373549342155457e-02
9.460420608520507812e-01
2.979185581207275391e-01
4.243788719177246094e-01
6.400165706872940063e-02
6.245855689048767090e-01
5.166835188865661621e-01
3.312087059020996094e-02
7.317815423011779785e-01
8.178200721740722656e-01
3.433902561664581299e-01
4.798594862222671509e-03
2.708003818988800049e-01
1.733694076538085938e-01
1.114060729742050171e-01
5.597507953643798828e-01
5.050105229020118713e-02
9.916785359382629395e-02
1.424874216318130493e-01
7.421261072158813477e-02
2.194006890058517456e-01
2.908807992935180664e-01
1.862725801765918732e-02
2.362983673810958862e-01
5.710352212190628052e-02
8.627109527587890625e-01
5.811817049980163574e-01
3.847593367099761963e-01
1.286540031433105469e-01
2.849121391773223877e-01
1.113868057727813721e-01
6.172054260969161987e-02
8.565009236335754395e-01
8.334675431251525879e-02
5.956078767776489258e-01
8.900207281112670898e-01
1.254801154136657715e-01
3.952904790639877319e-02
3.861007690429687500e-01
9.612441807985305786e-02
7.892686724662780762e-01
2.893351949751377106e-02
6.472092121839523315e-02
1.467144638299942017e-01
7.425852417945861816e-01
2.158826142549514771e-01
6.448560953140258789e-01
2.382325083017349243e-01
1.625687330961227417e-01
4.733337461948394775e-01
1.006966903805732727e-01
9.440761804580688477e-02
1.270741224288940430e-01
2.143633663654327393e-01
1.013680770993232727e-01
2.681540846824645996e-01
4.929559528827667236e-01
1.794669479131698608e-01
4.156147539615631104e-01
7.932391762733459473e-01
8.426076173782348633e-02
5.652804970741271973e-01
7.858164608478546143e-02
1.831169277429580688e-01
1.492123752832412720e-01
3.795347362756729126e-02
7.762275338172912598e-01
3.939808011054992676e-01
2.456473410129547119e-01
4.908638596534729004e-01
8.397372364997863770e-01
9.001649022102355957e-01
8.841401934623718262e-01
1.437740959227085114e-02
1.605461537837982178e-01
1.575333923101425171e-01
3.019473552703857422e-01
8.359033465385437012e-01
1.497264951467514038e-01
2.067680060863494873e-01
1.883682757616043091e-01
5.799835175275802612e-02
8.082723021507263184e-01
8.889569900929927826e-03
5.083382129669189453e-02
7.456042170524597168e-01
3.058489970862865448e-02
8.565924316644668579e-02
3.667545318603515625e-01
3.194688856601715088e-01
8.861374855041503906e-01
1.476885750889778137e-02
3.522516041994094849e-02
5.121480301022529602e-02
8.278713226318359375e-01
7.806839346885681152e-01
9.133016690611839294e-03
8.248901367187500000e-01
3.229358419775962830e-02
5.148182511329650879e-01
1.579092442989349365e-01
7.426105141639709473e-01
2.686678171157836914e-01
5.332471802830696106e-02
2.254049330949783325e-01
5.178123116493225098e-01
2.286740764975547791e-02
1.988080702722072601e-02
6.355394124984741211e-01
2.070415951311588287e-02
7.917828112840652466e-02
2.710587978363037109e-01
3.701540231704711914e-01
3.278542309999465942e-02
5.421766638755798340e-01
2.935110926628112793e-01
1.333597898483276367e-01
2.264593727886676788e-02
1.114793419837951660e-01
8.001608848571777344e-01
6.888993978500366211e-01
7.106696963310241699e-01
1.636982560157775879e-01
4.284440875053405762e-01
1.991570740938186646e-01
1.397516876459121704e-01
7.397712767124176025e-02
7.512915134429931641e-02
8.024090528488159180e-02
7.054312825202941895e-01
7.578656673431396484e-01
7.348805665969848633e-01
1.195119768381118774e-01
3.146792948246002197e-01
7.264479994773864746e-02
1.528584361076354980e-01
8.086965680122375488e-01
2.633248269557952881e-01
6.281217932701110840e-02
5.456251651048660278e-02
2.613535337150096893e-02
1.900649257004261017e-02
1.528062075376510620e-01
7.733125090599060059e-01
2.161168456077575684e-01
1.270411256700754166e-02
1.042167320847511292e-01
3.619127571582794189e-01
6.798663735389709473e-01
8.011451363563537598e-02
2.263575494289398193e-01
2.435571849346160889e-01
7.753806710243225098e-01
9.313470125198364258e-02
3.095927461981773376e-02
1.428952366113662720e-01
3.424854278564453125e-01
3.623650074005126953e-01
2.555190026760101318e-02
3.760375678539276123e-01
8.398810625076293945e-01
8.829652667045593262e-01
1.930864602327346802e-01
6.650839745998382568e-02
4.784758016467094421e-02
6.884435415267944336e-01
3.697336912155151367e-01
1.330159008502960205e-01
3.188438713550567627e-01
4.889266192913055420e-01
4.819332435727119446e-02
4.504941776394844055e-02
1.772693917155265808e-02
3.012534976005554199e-01
1.074751764535903931e-01
9.619628079235553741e-03
2.708871364593505859e-01
7.913460135459899902e-01
2.026865929365158081e-01
6.274724602699279785e-01
2.311450690031051636e-01
1.580065041780471802e-01
9.045963734388351440e-02
5.635277181863784790e-02
5.889331102371215820e-01
8.557847738265991211e-01
1.116126682609319687e-02
8.858126997947692871e-01
9.295094609260559082e-01
6.115487217903137207e-01
2.231507450342178345e-01
5.129196643829345703e-01
6.873352080583572388e-02
4.449089169502258301e-01
6.416351199150085449e-01
6.094108223915100098e-01
7.320073843002319336e-01
1.243810728192329407e-01
1.717828959226608276e-01
1.460915058851242065e-01
7.445077896118164062e-01
3.131547570228576660e-01
3.007011711597442627e-01
4.657875299453735352e-01
5.807364583015441895e-01
1.279020011425018311e-01
9.924779832363128662e-02
3.996107578277587891e-01
1.028268709778785706e-01
1.970879584550857544e-01
5.244487524032592773e-01
3.807868659496307373e-01
1.913178525865077972e-02
2.663357555866241455e-01
2.585225366055965424e-02
1.987507641315460205e-01
8.087221384048461914e-01
3.931982815265655518e-02
5.328224971890449524e-02
4.922363162040710449e-02
2.109028846025466919e-01
9.374350905418395996e-01
3.365079164505004883e-01
8.868669271469116211e-01
2.174171991646289825e-02
1.064490992575883865e-02
1.625206321477890015e-02
8.306124806404113770e-01
2.131578773260116577e-01
5.225749015808105469e-01
2.675491571426391602e-01
2.518393099308013916e-01
3.780484944581985474e-02
1.646190583705902100e-01
5.095196366310119629e-01
8.760963082313537598e-01
2.017834223806858063e-02
8.019868284463882446e-02
8.644874095916748047e-01
1.033768132328987122e-01
2.949968911707401276e-02
2.405375838279724121e-01
7.224319130182266235e-02
1.333409547805786133e-01
2.523959279060363770e-01
2.602252960205078125e-01
4.060092195868492126e-02
1.348074674606323242e-01
5.218138173222541809e-02
9.625714272260665894e-02
6.488147974014282227e-01
5.173100829124450684e-01
1.816381216049194336e-01
5.916357785463333130e-02
3.096663579344749451e-02
2.967085316777229309e-02
1.820680052042007446e-01
1.263519227504730225e-01
1.454324275255203247e-01
3.686933219432830811e-02
2.568506300449371338e-01
9.406687021255493164e-01
2.772232331335544586e-02
9.809864312410354614e-02
9.826835244894027710e-02
4.723109006881713867e-01
2.853046059608459473e-01
3.247640281915664673e-02
2.526138722896575928e-01
8.765336275100708008e-01
5.708909779787063599e-02
1.676231771707534790e-01
1.302096713334321976e-02
6.505327671766281128e-02
6.202347204089164734e-02
4.370775222778320312e-01
2.427684962749481201e-01
2.022732496261596680e-01
8.679593205451965332e-01
2.444480955600738525e-01
6.126973032951354980e-01
1.335825473070144653e-01
1.014313623309135437e-01
6.688352823257446289e-01
1.359727978706359863e-01
9.030373767018318176e-03
9.234547019004821777e-01
6.619034409523010254e-01
7.953450679779052734e-01
6.608437299728393555e-01
3.374385088682174683e-02
3.986196517944335938e-01
1.309134811162948608e-01
1.230530515313148499e-01
3.169344663619995117e-01
2.304429560899734497e-02
6.087736040353775024e-02
3.622307479381561279e-01
4.541027918457984924e-02
7.820545434951782227e-01
5.470393896102905273e-01
4.770044088363647461e-01
2.818261086940765381e-02
5.972896218299865723e-01
6.636788845062255859e-01
7.096959650516510010e-02
8.453275561332702637e-01
4.715141355991363525e-01
3.936446905136108398e-01
5.691840872168540955e-02
7.491203546524047852e-01
4.231583774089813232e-01
3.420850634574890137e-02
8.505691289901733398e-01
2.326757311820983887e-01
8.275854587554931641e-01
3.247555717825889587e-02
2.395070493221282959e-01
4.086465537548065186e-01
3.220667243003845215e-01
3.343923985958099365e-01
8.691824078559875488e-01
1.970524191856384277e-01
2.144409716129302979e-01
1.028907764703035355e-02
8.534452319145202637e-01
1.016471236944198608e-01
1.745861582458019257e-02
8.071113228797912598e-01
7.543599605560302734e-01
3.543687760829925537e-01
2.904959022998809814e-02
4.280599951744079590e-01
2.695654332637786865e-01
7.764152288436889648e-01
1.418447792530059814e-01
8.592131733894348145e-01
1.314917206764221191e-02
2.879737019538879395e-01
1.120364293456077576e-02
2.935783267021179199e-01
4.934088140726089478e-02
2.351051419973373413e-01
2.277201414108276367e-01
2.164046168327331543e-01
3.059541881084442139e-01
1.582922637462615967e-01
4.105974733829498291e-01
8.215070962905883789e-01
1.458397060632705688e-01
3.082475662231445312e-01
4.301635175943374634e-02
3.687253892421722412e-01
7.985879778861999512e-01
6.198327541351318359e-01
7.315136492252349854e-02
1.800769567489624023e-01
9.392905235290527344e-02
5.500553548336029053e-02
1.356818377971649170e-01
1.151229515671730042e-01
8.845811486244201660e-01
1.501168757677078247e-01
6.956807971000671387e-01
1.075200214982032776e-01
5.698639154434204102e-01
1.244089677929878235e-01
2.004986405372619629e-01
7.543002720922231674e-03
4.227739945054054260e-02
1.798941344022750854e-01
8.537447452545166016e-01
6.911159157752990723e-01
2.262091785669326782e-01
2.329139225184917450e-02
5.849078893661499023e-01
8.866684436798095703e-01
6.180946230888366699e-01
7.457832992076873779e-02
2.114155590534210205e-01
5.730273127555847168e-01
5.498875379562377930e-01
8.102349042892456055e-01
9.989151731133460999e-03
7.699862122535705566e-01
8.468062877655029297e-01
2.949332296848297119e-01
8.474580645561218262e-01
3.757746219635009766e-01
1.357024814933538437e-02
4.145599007606506348e-01
1.884913295507431030e-01
5.706613659858703613e-01
7.972769439220428467e-02
6.722605228424072266e-01
3.089115619659423828e-01
6.597585231065750122e-02
5.152903795242309570e-01
6.523325443267822266e-01
7.551177144050598145e-01
3.432172164320945740e-02
2.889719605445861816e-01
7.290360331535339355e-01
3.214566409587860107e-01
2.296314388513565063e-01
8.707741647958755493e-02
3.521463572978973389e-01
7.588469386100769043e-01
6.483554244041442871e-01
4.517513513565063477e-02
6.276589632034301758e-02
2.382325083017349243e-01
1.731426268815994263e-02
9.085637331008911133e-02
9.840592741966247559e-02
6.277181506156921387e-01
3.392618522047996521e-02
1.277820114046335220e-02
4.053450524806976318e-01
4.401842951774597168e-01
8.103159070014953613e-02
4.304848313331604004e-01
8.334822952747344971e-02
6.487326622009277344e-01
3.287345767021179199e-01
4.116931557655334473e-02
2.950765192508697510e-01
1.210435852408409119e-02
3.546280264854431152e-01
1.438515335321426392e-01
9.483161568641662598e-02
3.826291859149932861e-02
4.651121422648429871e-02
4.182173907756805420e-01
1.173770353198051453e-01
2.865639701485633850e-02
1.378505378961563110e-01
1.648078113794326782e-01
3.813743591308593750e-01
4.032694697380065918e-01
2.752504870295524597e-02
7.163972407579421997e-02
4.579082429409027100e-01
3.005453050136566162e-01
3.815498203039169312e-02
9.262788295745849609e-01
5.646713972091674805e-01
1.722261756658554077e-01
1.010128855705261230e-01
1.636960953474044800e-01
2.825757861137390137e-02
3.415354713797569275e-02
5.141869187355041504e-01
9.981569647789001465e-02
4.260449111461639404e-01
4.586855471134185791e-01
4.562382400035858154e-01
9.972561150789260864e-03
2.020462751388549805e-01
8.613488078117370605e-02
1.941688358783721924e-01
3.113438189029693604e-01
1.273743808269500732e-01
3.437498807907104492e-01
2.240934669971466064e-01
9.270993471145629883e-01
5.903372913599014282e-02
1.798941045999526978e-01
8.597853183746337891e-01
3.697272241115570068e-01
3.289364874362945557e-01
6.371785998344421387e-01
5.311269760131835938e-01
8.222896605730056763e-02
8.267730474472045898e-01
5.508810281753540039e-01
2.551109492778778076e-01
8.235657215118408203e-01
4.343980550765991211e-02
6.669408679008483887e-01
6.732288002967834473e-01
3.580814599990844727e-02
7.313443347811698914e-03
4.045254886150360107e-01
1.071119531989097595e-01
3.305618837475776672e-02
1.397371888160705566e-01
9.138191938400268555e-01
5.391667783260345459e-02
2.611760236322879791e-02
9.896554797887802124e-02
1.122169662266969681e-02
1.330598741769790649e-01
6.850805878639221191e-02
3.589020669460296631e-02
3.673775494098663330e-02
3.863481283187866211e-01
1.780730485916137695e-01
6.759243607521057129e-01
5.930363535881042480e-01
8.579356074333190918e-01
1.246952712535858154e-01
7.189326733350753784e-02
3.597616851329803467e-01
6.183278560638427734e-01
7.506774365901947021e-02
1.927983462810516357e-01
4.983215928077697754e-01
2.592886611819267273e-02
8.699135184288024902e-01
1.432905644178390503e-01
9.394513815641403198e-02
2.559584751725196838e-02
2.565423846244812012e-01
2.166823148727416992e-01
7.318630218505859375e-01
1.619445085525512695e-01
1.710617542266845703e-01
4.531258717179298401e-02
2.237669527530670166e-01
2.269606143236160278e-01
9.903396666049957275e-02
1.031386405229568481e-01
1.599966883659362793e-01
1.395498961210250854e-02
1.231204494833946228e-01
5.762702226638793945e-02
4.758557677268981934e-01
7.352256774902343750e-02
8.489344120025634766e-01
7.539699673652648926e-01
6.129160150885581970e-02
