1.415771711617708206e-02
9.662973284721374512e-01
2.510105818510055542e-02
7.869175076484680176e-01
2.199985533952713013e-01
1.925345137715339661e-02
5.540933609008789062e-01
3.220405280590057373e-01
8.918676376342773438e-01
5.836383625864982605e-02
4.039042294025421143e-01
2.024068981409072876e-01
7.325007319450378418e-01
4.805928468704223633e-01
7.680100202560424805e-02
2.610445022583007812e-01
6.706820726394653320e-01
6.412274241447448730e-01
9.544868469238281250e-01
2.740038633346557617e-01
7.511329650878906250e-01
6.742346286773681641e-01
2.716269344091415405e-02
2.650530450046062469e-02
2.186093181371688843e-01
1.846252940595149994e-02
7.717812657356262207e-01
2.255576997995376587e-01
6.313776969909667969e-01
3.725976943969726562e-01
2.391334474086761475e-01
1.142561249434947968e-02
8.447060585021972656e-01
5.125717818737030029e-02
1.077180504798889160e-01
1.126382425427436829e-01
2.811960577964782715e-01
3.062395751476287842e-01
3.533459305763244629e-01
8.796276450157165527e-01
2.029461413621902466e-01
6.855501234531402588e-02
2.681404724717140198e-02
1.222625523805618286e-01
5.364463850855827332e-02
1.238206475973129272e-01
3.692458570003509521e-01
6.331489086151123047e-01
8.849927224218845367e-03
7.930776476860046387e-01
8.117302507162094116e-02
1.380788534879684448e-02
2.168966978788375854e-01
5.154978632926940918e-01
1.185901463031768799e-01
3.840010985732078552e-02
7.845150828361511230e-01
5.090182647109031677e-02
1.600776426494121552e-02
1.986097693443298340e-01
7.248079776763916016e-01
1.914369016885757446e-01
4.166984558105468750e-02
6.721532344818115234e-02
2.138205058872699738e-02
1.165860667824745178e-01
2.427106723189353943e-02
4.701006039977073669e-02
5.827230215072631836e-01
3.897773921489715576e-01
3.699365258216857910e-02
6.019372940063476562e-01
4.859114289283752441e-01
3.530394285917282104e-02
3.445331752300262451e-01
2.478974312543869019e-02
2.004488743841648102e-02
8.505072444677352905e-03
1.350712925195693970e-01
4.250989854335784912e-02
8.726232051849365234e-01
7.583266496658325195e-01
8.608923554420471191e-01
5.569535493850708008e-01
8.980883955955505371e-01
5.021070837974548340e-01
6.221943348646163940e-02
6.169831752777099609e-02
2.794864177703857422e-01
1.807388067245483398e-01
8.008902668952941895e-01
2.143296413123607635e-02
6.050918623805046082e-02
6.374312639236450195e-01
6.056550145149230957e-01
4.859218001365661621e-01
5.978773832321166992e-01
7.855224609375000000e-01
4.508047550916671753e-02
5.542476475238800049e-02
5.369371771812438965e-01
7.125417143106460571e-02
5.355110764503479004e-01
1.225024089217185974e-01
5.003538727760314941e-01
1.861819326877593994e-01
7.032752782106399536e-02
6.366136670112609863e-01
5.849613547325134277e-01
4.158992469310760498e-01
3.953914642333984375e-01
1.611321978271007538e-02
4.116186499595642090e-02
8.662292361259460449e-01
3.371574878692626953e-01
3.065948560833930969e-02
8.297483921051025391e-01
2.282522618770599365e-02
1.695879548788070679e-01
6.049650311470031738e-01
8.100374601781368256e-03
6.271057575941085815e-02
7.577858865261077881e-02
7.127214670181274414e-01
7.938449978828430176e-01
2.769911102950572968e-02
4.771030321717262268e-02
1.943947970867156982e-01
2.280627563595771790e-02
2.502845227718353271e-02
8.276717662811279297e-01
1.313271224498748779e-01
8.617056608200073242e-01
4.708755314350128174e-01
5.140327215194702148e-01
4.639085531234741211e-01
9.008870720863342285e-01
4.575972631573677063e-02
6.209723353385925293e-01
5.320641025900840759e-02
7.501956224441528320e-01
7.675799727439880371e-01
5.508708953857421875e-01
4.788998961448669434e-01
3.047843873500823975e-01
2.566962689161300659e-02
5.057553648948669434e-01
8.073664903640747070e-01
6.628636121749877930e-01
6.441634148359298706e-02
2.108988165855407715e-02
1.562159806489944458e-01
4.988900944590568542e-02
2.189629971981048584e-01
9.287505596876144409e-02
7.206074148416519165e-02
2.373308837413787842e-01
5.947289615869522095e-02
2.613745033740997314e-01
6.589020490646362305e-01
4.272595942020416260e-01
5.108236074447631836e-01
5.928968265652656555e-02
1.360605210065841675e-01
7.735154032707214355e-01
3.420406877994537354e-01
5.368666052818298340e-01
2.058916836977005005e-01
4.605158418416976929e-02
4.272769987583160400e-01
3.758567944169044495e-02
3.962795808911323547e-02
3.851415216922760010e-01
6.226617693901062012e-01
8.357200771570205688e-02
8.934946060180664062e-01
2.048670351505279541e-01
3.165336698293685913e-02
7.902665138244628906e-01
1.923855543136596680e-01
2.026367336511611938e-01
1.783850044012069702e-02
2.331673055887222290e-01
1.295333504676818848e-01
6.945486366748809814e-02
1.017628461122512817e-01
2.700051069259643555e-01
5.244191288948059082e-01
4.715015292167663574e-01
1.950373649597167969e-01
1.955440826714038849e-02
6.893018484115600586e-01
7.120859622955322266e-02
8.025050759315490723e-01
2.043850868940353394e-01
6.178126335144042969e-01
1.169542316347360611e-02
4.838552474975585938e-01
4.955668747425079346e-01
2.286000363528728485e-02
2.022018097341060638e-02
3.545022308826446533e-01
7.537477612495422363e-01
2.298687547445297241e-01
7.512991428375244141e-01
8.867388367652893066e-01
4.273155629634857178e-01
7.636487483978271484e-02
9.351311326026916504e-01
9.408950805664062500e-02
3.614500463008880615e-01
1.574621163308620453e-02
3.532760441303253174e-01
6.617590188980102539e-01
2.252164632081985474e-01
2.112333849072456360e-02
7.826921343803405762e-01
4.844054579734802246e-01
7.171664834022521973e-01
4.746855422854423523e-02
8.908846378326416016e-01
9.199828505516052246e-01
4.378746747970581055e-01
4.175264015793800354e-02
9.723311662673950195e-02
6.640327721834182739e-02
5.699622035026550293e-01
6.980773806571960449e-01
9.402514994144439697e-02
4.580845832824707031e-01
6.355661153793334961e-01
8.784098625183105469e-01
1.171701923012733459e-01
6.726719141006469727e-01
8.624688982963562012e-01
2.156844139099121094e-01
5.147128105163574219e-01
8.887991309165954590e-01
2.252254337072372437e-01
4.665012657642364502e-01
8.939622044563293457e-01
1.184570118784904480e-01
7.667084932327270508e-01
4.553135111927986145e-02
3.471072614192962646e-01
5.978801846504211426e-01
4.414077103137969971e-02
9.341948032379150391e-01
4.030049964785575867e-02
6.397196650505065918e-01
2.524108886718750000e-01
1.044608131051063538e-01
1.367835551500320435e-01
2.461157552897930145e-02
1.042112782597541809e-01
1.549006104469299316e-01
6.571133732795715332e-01
7.715646028518676758e-01
5.543071776628494263e-02
8.720430731773376465e-01
4.368333145976066589e-02
6.603543162345886230e-01
3.528959155082702637e-01
1.339517999440431595e-02
2.020150274038314819e-01
4.108760058879852295e-01
9.727068990468978882e-02
3.325576186180114746e-01
5.344272032380104065e-02
7.492555975914001465e-01
8.934271335601806641e-01
6.324024796485900879e-01
4.976291358470916748e-01
1.805038750171661377e-01
8.125124573707580566e-01
9.660217165946960449e-02
7.846580147743225098e-01
2.207754738628864288e-02
8.024643063545227051e-01
1.179524734616279602e-01
1.860037147998809814e-01
8.838751316070556641e-01
9.392976760864257812e-02
5.740990042686462402e-01
4.679297208786010742e-01
3.916017711162567139e-01
3.256642818450927734e-02
4.492583498358726501e-02
4.377641379833221436e-01
9.379184991121292114e-02
2.193919122219085693e-01
4.519728124141693115e-01
7.444671988487243652e-01
4.317370653152465820e-01
4.272593930363655090e-02
1.163279637694358826e-02
5.341412872076034546e-02
7.814162969589233398e-01
1.750885993242263794e-01
2.745582908391952515e-02
8.865955471992492676e-01
3.753760457038879395e-01
1.900642514228820801e-01
5.353684723377227783e-02
5.770388618111610413e-02
1.680728606879711151e-02
9.688438475131988525e-02
7.644789218902587891e-01
8.407267332077026367e-01
6.249216198921203613e-01
3.336167335510253906e-01
7.608657330274581909e-02
7.029587030410766602e-02
1.145741045475006104e-01
4.991858303546905518e-01
4.019058644771575928e-01
8.515844941139221191e-01
5.778608918190002441e-01
1.843917369842529297e-01
2.081703692674636841e-01
5.717072486877441406e-01
4.422264993190765381e-01
3.058651387691497803e-01
8.777155280113220215e-01
5.714336037635803223e-01
2.289188057184219360e-01
1.536453515291213989e-01
1.615755073726177216e-02
2.345491386950016022e-02
3.372846916317939758e-02
3.913190960884094238e-02
9.204750508069992065e-02
3.988134562969207764e-01
6.214156374335289001e-02
4.655602201819419861e-02
8.921222686767578125e-01
2.170170396566390991e-01
1.202712580561637878e-02
1.347019225358963013e-01
1.992538124322891235e-01
2.076073363423347473e-02
5.133140683174133301e-01
8.102768063545227051e-01
3.961757421493530273e-01
8.613597154617309570e-01
1.133518945425748825e-02
2.591358721256256104e-01
2.555805146694183350e-01
2.441180199384689331e-01
8.023684620857238770e-01
2.917763777077198029e-02
1.391053944826126099e-02
5.751261115074157715e-02
5.881116539239883423e-02
5.248417258262634277e-01
5.244668573141098022e-02
5.741296410560607910e-01
5.390548706054687500e-02
2.886094897985458374e-02
1.040700376033782959e-01
3.389260545372962952e-02
5.359172821044921875e-01
2.858975231647491455e-01
4.169415682554244995e-02
7.211449146270751953e-01
2.288324534893035889e-01
3.896301686763763428e-01
9.250242114067077637e-01
3.629473149776458740e-01
1.762410998344421387e-01
3.985287547111511230e-01
4.876774549484252930e-02
1.708086878061294556e-01
4.272305220365524292e-02
2.624959498643875122e-02
5.225345492362976074e-02
1.716437041759490967e-01
2.667592093348503113e-02
7.997459173202514648e-01
9.245283156633377075e-02
4.964191839098930359e-02
3.390417248010635376e-02
8.450341224670410156e-01
4.263508021831512451e-01
3.472785055637359619e-01
3.490968793630599976e-02
5.190292000770568848e-01
9.119643270969390869e-02
2.110535353422164917e-01
4.138299524784088135e-01
8.741482160985469818e-03
4.240996763110160828e-02
4.680500924587249756e-02
4.965959116816520691e-02
9.091996401548385620e-02
3.925988450646400452e-03
7.074500918388366699e-01
3.746233582496643066e-01
7.013792395591735840e-01
1.613787561655044556e-01
2.753735482692718506e-01
3.304583579301834106e-02
8.340498208999633789e-01
6.878971457481384277e-01
6.982772946357727051e-01
7.614166736602783203e-01
6.652714610099792480e-01
5.451773405075073242e-01
4.031872749328613281e-01
9.660917520523071289e-02
4.177006334066390991e-02
1.720150187611579895e-02
1.624625772237777710e-01
5.186873078346252441e-01
8.070909380912780762e-01
2.619354426860809326e-02
3.431067764759063721e-01
2.208634316921234131e-01
2.216565757989883423e-01
2.235210128128528595e-02
3.680581972002983093e-02
3.959221243858337402e-01
8.358849883079528809e-01
1.309620030224323273e-02
3.092613257467746735e-02
5.814160704612731934e-01
2.580297365784645081e-02
4.827237129211425781e-02
2.005714625120162964e-01
4.604173451662063599e-02
7.558412849903106689e-02
9.936811029911041260e-02
7.763472795486450195e-01
5.144658088684082031e-01
1.790424883365631104e-01
3.994243592023849487e-02
2.280132174491882324e-01
1.958702690899372101e-02
6.079613566398620605e-01
1.309516727924346924e-01
2.934078276157379150e-01
3.042095154523849487e-02
7.305879890918731689e-02
7.303068041801452637e-01
2.648175135254859924e-02
3.479855060577392578e-01
2.820437587797641754e-02
7.658908963203430176e-01
8.033709228038787842e-02
1.511198095977306366e-02
1.588277369737625122e-01
7.570412755012512207e-01
5.467229485511779785e-01
2.610898762941360474e-02
3.161665052175521851e-02
4.536143243312835693e-01
2.841072380542755127e-01
6.163469329476356506e-02
2.212891168892383575e-02
3.804724514484405518e-01
2.075011581182479858e-01
8.766168355941772461e-02
4.414668679237365723e-02
2.845411002635955811e-01
1.349268294870853424e-02
4.118876531720161438e-02
8.547412753105163574e-01
2.552412450313568115e-01
4.880128055810928345e-02
9.486165046691894531e-01
3.521063625812530518e-01
3.990184068679809570e-01
3.448554128408432007e-02
6.001666784286499023e-01
5.832731127738952637e-01
1.392692048102617264e-02
7.528241276741027832e-01
8.487021923065185547e-01
6.199929118156433105e-01
5.798855796456336975e-03
3.609164357185363770e-01
4.016266167163848877e-01
1.259619295597076416e-01
5.714495182037353516e-01
6.030971184372901917e-02
1.109913736581802368e-01
2.118380665779113770e-01
8.904920518398284912e-02
1.217248663306236267e-01
3.284763693809509277e-01
1.538746152073144913e-02
1.673163920640945435e-01
6.360619515180587769e-02
8.851211071014404297e-01
5.339717268943786621e-01
4.365442395210266113e-01
1.950982213020324707e-01
3.264775276184082031e-01
6.636904180049896240e-02
6.169643625617027283e-02
8.913353085517883301e-01
8.857804536819458008e-02
5.966721773147583008e-01
8.953069448471069336e-01
1.077702641487121582e-01
1.708607748150825500e-02
2.511305510997772217e-01
3.080129809677600861e-02
8.262994885444641113e-01
4.751809313893318176e-02
8.315391093492507935e-02
2.038872987031936646e-01
7.636117339134216309e-01
2.386773079633712769e-01
6.145132780075073242e-01
1.762410998344421387e-01
1.817809790372848511e-01
5.264033079147338867e-01
1.817187070846557617e-01
1.181136593222618103e-01
2.997330427169799805e-01
4.116738140583038330e-01
8.242526650428771973e-02
3.599395751953125000e-01
6.371715664863586426e-01
8.890350162982940674e-02
5.499746799468994141e-01
8.799299597740173340e-01
3.464946523308753967e-02
6.960402727127075195e-01
5.850572511553764343e-02
9.882704168558120728e-02
2.479234188795089722e-01
4.172594845294952393e-02
7.538359165191650391e-01
6.578438878059387207e-01
5.130653455853462219e-02
6.398957967758178711e-01
8.225855231285095215e-01
9.544962048530578613e-01
9.290951490402221680e-01
1.154057681560516357e-02
3.303091228008270264e-01
3.052276670932769775e-01
5.993779301643371582e-01
8.538485169410705566e-01
1.955321878194808960e-01
3.205170333385467529e-01
2.970336973667144775e-01
3.219948709011077881e-02
7.612068653106689453e-01
7.818651385605335236e-03
1.214380096644163132e-02
8.103625178337097168e-01
1.797837205231189728e-02
7.816147059202194214e-02
3.925073146820068359e-01
5.345351099967956543e-01
9.133851528167724609e-01
1.140588428825139999e-02
4.787937551736831665e-02
5.354072153568267822e-02
8.068845272064208984e-01
8.234923481941223145e-01
1.053450256586074829e-02
8.309941291809082031e-01
3.252120316028594971e-02
5.423505306243896484e-01
3.475491106510162354e-01
7.601747512817382812e-01
2.330317050218582153e-01
3.148018196225166321e-02
1.691328585147857666e-01
7.284093499183654785e-01
4.724002256989479065e-02
1.639121957123279572e-02
7.035732865333557129e-01
1.145347487181425095e-02
1.936283335089683533e-02
3.721024096012115479e-01
5.512016415596008301e-01
2.352256700396537781e-02
6.629874706268310547e-01
3.269686102867126465e-01
1.405464112758636475e-01
1.860550045967102051e-02
1.815716773271560669e-01
8.558307290077209473e-01
7.335683703422546387e-01
6.797869801521301270e-01
4.110259115695953369e-01
5.492175817489624023e-01
2.541761994361877441e-01
1.041059270501136780e-01
8.548475056886672974e-02
2.670330740511417389e-02
4.954680055379867554e-02
5.310091376304626465e-01
8.211074471473693848e-01
8.007775545120239258e-01
1.437598373740911484e-02
3.905031681060791016e-01
1.029268875718116760e-01
1.756360828876495361e-01
8.610352277755737305e-01
4.232590794563293457e-01
4.269057512283325195e-02
2.156466245651245117e-02
2.122574485838413239e-02
1.129816286265850067e-02
1.246856003999710083e-01
8.374020457267761230e-01
3.074822723865509033e-01
1.421367656439542770e-02
7.852179557085037231e-02
3.890843987464904785e-01
7.010766267776489258e-01
2.712836861610412598e-02
3.405124843120574951e-01
3.731805384159088135e-01
7.781165242195129395e-01
6.977576762437820435e-02
2.846087329089641571e-02
2.843160629272460938e-01
5.610269904136657715e-01
3.784211277961730957e-01
9.227142669260501862e-03
6.487450599670410156e-01
8.749274015426635742e-01
7.482107281684875488e-01
4.702327549457550049e-01
5.388420075178146362e-02
3.655522316694259644e-02
7.122774720191955566e-01
4.631070494651794434e-01
3.268829882144927979e-01
6.283347010612487793e-01
6.445507407188415527e-01
7.566908746957778931e-02
2.242817357182502747e-02
1.212092395871877670e-02
4.262609779834747314e-01
1.336038410663604736e-01
1.152379158884286880e-02
1.622182875871658325e-01
8.168693780899047852e-01
2.021133899688720703e-01
7.922981977462768555e-01
2.923561334609985352e-01
1.257759630680084229e-01
8.778719604015350342e-02
4.103124886751174927e-02
7.123862504959106445e-01
8.866188526153564453e-01
1.356525626033544540e-02
9.142420887947082520e-01
9.555941820144653320e-01
6.378154754638671875e-01
2.566339373588562012e-01
6.903146505355834961e-01
2.070468105375766754e-02
5.432502627372741699e-01
8.070436716079711914e-01
6.750525236129760742e-01
8.255642652511596680e-01
4.515175893902778625e-02
4.854559153318405151e-02
8.201891183853149414e-02
5.644611120223999023e-01
4.547230899333953857e-01
5.003153681755065918e-01
6.160560250282287598e-01
7.116211056709289551e-01
1.654935181140899658e-01
1.326531767845153809e-01
6.300044059753417969e-01
1.501330584287643433e-01
4.249691963195800781e-01
6.410140991210937500e-01
5.217581987380981445e-01
1.779185980558395386e-02
6.030436754226684570e-01
2.911602705717086792e-02
3.039723336696624756e-01
8.077537417411804199e-01
2.123658917844295502e-02
3.829467669129371643e-02
2.937894687056541443e-02
3.408587872982025146e-01
9.458854794502258301e-01
3.964875340461730957e-01
9.051352739334106445e-01
1.618186198174953461e-02
1.326452288776636124e-02
1.400178950279951096e-02
8.157667517662048340e-01
1.652640700340270996e-01
8.057699799537658691e-01
4.996415078639984131e-01
2.505233585834503174e-01
4.769407957792282104e-02
7.038096338510513306e-02
6.264865994453430176e-01
9.148072600364685059e-01
1.114394515752792358e-02
3.590301796793937683e-02
8.823809027671813965e-01
1.301815807819366455e-01
3.083637915551662445e-02
1.400960981845855713e-01
1.013903617858886719e-01
1.467685997486114502e-01
3.759367763996124268e-01
3.302628993988037109e-01
3.778567165136337280e-02
6.031600385904312134e-02
6.182309240102767944e-02
1.424843966960906982e-01
5.771800875663757324e-01
5.724264383316040039e-01
3.147135972976684570e-01
3.793275728821754456e-02
2.876957319676876068e-02
2.188694290816783905e-02
1.815387010574340820e-01
2.174243032932281494e-01
4.936650991439819336e-01
2.632783167064189911e-02
2.344977408647537231e-01
9.359877705574035645e-01
3.004841133952140808e-02
1.562356799840927124e-01
1.450240314006805420e-01
6.428276300430297852e-01
1.501189619302749634e-01
8.275294303894042969e-02
3.801651298999786377e-01
9.022300243377685547e-01
5.950124934315681458e-02
4.062436819076538086e-01
5.481042340397834778e-02
3.823286294937133789e-02
2.046649344265460968e-02
4.888372123241424561e-01
5.026248097419738770e-01
3.209848999977111816e-01
8.954168558120727539e-01
5.343778729438781738e-01
6.134725213050842285e-01
2.429618537425994873e-01
1.136200428009033203e-01
6.100592613220214844e-01
3.974416479468345642e-02
9.840151295065879822e-03
9.153352379798889160e-01
6.012073159217834473e-01
8.471031785011291504e-01
8.038299679756164551e-01
3.091246448457241058e-02
4.397652447223663330e-01
1.676306128501892090e-01
1.210838258266448975e-01
5.436277985572814941e-01
3.785641491413116455e-02
6.338626146316528320e-02
5.127132534980773926e-01
9.033036977052688599e-02
8.268912434577941895e-01
6.297950148582458496e-01
5.339715480804443359e-01
3.439774736762046814e-02
7.472701668739318848e-01
7.530033588409423828e-01
1.758241653442382812e-01
8.589370846748352051e-01
5.246586203575134277e-01
3.139140605926513672e-01
1.880825497210025787e-02
8.056783676147460938e-01
6.412560939788818359e-01
2.639952860772609711e-02
8.505585193634033203e-01
4.029060304164886475e-01
7.961747050285339355e-01
3.064677491784095764e-02
3.897308707237243652e-01
4.018081426620483398e-01
5.043579936027526855e-01
6.281014680862426758e-01
8.796653151512145996e-01
2.311548143625259399e-01
3.762429654598236084e-01
1.172122918069362640e-02
8.624946475028991699e-01
4.891592264175415039e-02
1.047983486205339432e-02
8.199033737182617188e-01
7.710237503051757812e-01
2.172126919031143188e-01
1.751913316547870636e-02
5.733603239059448242e-01
4.017011523246765137e-01
7.575267553329467773e-01
7.193406671285629272e-02
8.641079664230346680e-01
1.059688813984394073e-02
3.964352905750274658e-01
1.794139109551906586e-02
1.820613145828247070e-01
4.369353875517845154e-02
2.755404710769653320e-01
4.230135679244995117e-01
1.861472576856613159e-01
2.703190147876739502e-01
4.604784771800041199e-02
5.904585719108581543e-01
8.389480710029602051e-01
2.055920958518981934e-01
5.775007009506225586e-01
2.992985956370830536e-02
5.883781313896179199e-01
8.389962315559387207e-01
8.115391135215759277e-01
1.804521977901458740e-01
2.536440193653106689e-01
1.755876094102859497e-02
1.401337236166000366e-01
4.151767492294311523e-02
1.212236285209655762e-01
9.306259155273437500e-01
1.569508463144302368e-01
7.015777230262756348e-01
6.900528073310852051e-02
6.782998442649841309e-01
8.345898985862731934e-02
2.028575390577316284e-01
1.981482841074466705e-02
3.318411484360694885e-02
1.573694646358489990e-01
8.812974095344543457e-01
7.195452451705932617e-01
2.716094553470611572e-01
2.144140191376209259e-02
6.104531288146972656e-01
9.109961390495300293e-01
7.462915182113647461e-01
4.662721604108810425e-02
1.641821861267089844e-01
6.109947562217712402e-01
5.923066735267639160e-01
7.805392742156982422e-01
3.707772120833396912e-02
8.615488409996032715e-01
8.546898365020751953e-01
3.064304590225219727e-01
8.598076105117797852e-01
5.551838874816894531e-01
1.131992135196924210e-02
4.878914654254913330e-01
3.855445086956024170e-01
6.857719421386718750e-01
1.165357157588005066e-01
6.996251940727233887e-01
4.925014674663543701e-01
1.290722936391830444e-01
6.641693711280822754e-01
3.878514170646667480e-01
8.259127140045166016e-01
1.410121843218803406e-02
2.763623595237731934e-01
7.123671174049377441e-01
6.310780048370361328e-01
3.392912745475769043e-01
1.201568990945816040e-01
4.237819314002990723e-01
7.952873110771179199e-01
4.615088403224945068e-01
8.722388744354248047e-02
1.018892377614974976e-01
1.762410998344421387e-01
1.335912477225065231e-02
1.917838901281356812e-01
1.509775221347808838e-01
7.112240791320800781e-01
3.719606399536132812e-01
1.183419674634933472e-02
5.989022254943847656e-01
4.532537758350372314e-01
3.006024099886417389e-02
6.128922104835510254e-01
3.226524591445922852e-02
7.612261772155761719e-01
6.937397718429565430e-01
6.200881302356719971e-02
3.542053401470184326e-01
1.219898089766502380e-02
3.077498674392700195e-01
1.499523967504501343e-01
8.823677152395248413e-02
2.031056769192218781e-02
3.467454761266708374e-02
3.763906359672546387e-01
8.452104032039642334e-02
5.179329961538314819e-02
2.771712280809879303e-02
3.218866586685180664e-01
5.335212945938110352e-01
4.592032432556152344e-01
2.495715580880641937e-02
3.597551584243774414e-02
6.550800800323486328e-01
4.644322991371154785e-01
2.898663468658924103e-02
9.294825792312622070e-01
6.368365287780761719e-01
2.780285775661468506e-01
8.194952458143234253e-02
2.296005785465240479e-01
3.648006916046142578e-02
6.615901738405227661e-02
5.777605175971984863e-01
7.588708400726318359e-02
5.672392249107360840e-01
7.002286911010742188e-01
6.067554950714111328e-01
1.812657155096530914e-02
5.655280947685241699e-01
6.801387667655944824e-02
2.894425690174102783e-01
4.998291134834289551e-01
3.052935302257537842e-01
6.336178779602050781e-01
2.508220374584197998e-01
9.490354657173156738e-01
2.592743188142776489e-02
2.715867757797241211e-01
8.764259815216064453e-01
3.572075068950653076e-01
5.942349433898925781e-01
7.552155256271362305e-01
7.486762404441833496e-01
9.604014456272125244e-02
7.906151413917541504e-01
6.648253202438354492e-01
3.416492342948913574e-01
8.640724420547485352e-01
5.349171906709671021e-02
6.711723208427429199e-01
7.980143427848815918e-01
2.458923682570457458e-02
9.179080836474895477e-03
6.500660181045532227e-01
1.936087161302566528e-01
2.931179106235504150e-02
4.168164730072021484e-01
9.445445537567138672e-01
5.046096444129943848e-02
2.150501683354377747e-02
4.427466541528701782e-02
2.007965929806232452e-02
1.887303292751312256e-01
3.049813769757747650e-02
9.886101633310317993e-02
1.575450599193572998e-02
5.997393131256103516e-01
5.151608586311340332e-01
7.468298077583312988e-01
5.321506261825561523e-01
8.688356280326843262e-01
1.130935102701187134e-01
5.186121165752410889e-02
3.849308490753173828e-01
6.322148442268371582e-01
2.622674778103828430e-02
4.440067112445831299e-01
4.305698871612548828e-01
1.441074721515178680e-02
9.205212593078613281e-01
8.566980808973312378e-02
1.935588121414184570e-01
1.321968622505664825e-02
3.549908995628356934e-01
4.376133978366851807e-01
7.238069176673889160e-01
1.291937828063964844e-01
3.709024190902709961e-01
3.604036569595336914e-02
1.482956558465957642e-01
3.642855584621429443e-01
8.635629899799823761e-03
1.911354213953018188e-01
1.827614903450012207e-01
1.163669489324092865e-02
1.210037469863891602e-01
5.548994243144989014e-02
4.554305076599121094e-01
9.429652988910675049e-02
8.865550756454467773e-01
8.346680402755737305e-01
1.104052439332008362e-01
