3.539622202515602112e-02
9.899745583534240723e-01
6.807379424571990967e-02
9.317349195480346680e-01
2.502624690532684326e-01
5.973983183503150940e-02
7.066738605499267578e-01
3.225882351398468018e-01
9.565774202346801758e-01
6.776522099971771240e-02
2.613522708415985107e-01
2.185061126947402954e-01
7.737046480178833008e-01
4.148126244544982910e-01
8.579346537590026855e-02
2.838385999202728271e-01
2.750132977962493896e-01
7.236049771308898926e-01
9.648835659027099609e-01
2.086433321237564087e-01
6.906765699386596680e-01
9.150041341781616211e-01
4.805192723870277405e-02
4.064648970961570740e-02
1.304221898317337036e-01
5.547569692134857178e-02
9.235299229621887207e-01
1.863402277231216431e-01
4.200332462787628174e-01
1.831805706024169922e-01
2.119143158197402954e-01
1.787421852350234985e-02
9.366551041603088379e-01
7.948477566242218018e-02
1.717238426208496094e-01
1.580967903137207031e-01
3.661930859088897705e-01
1.532994806766510010e-01
3.721019923686981201e-01
9.533152580261230469e-01
1.961026191711425781e-01
9.716589748859405518e-02
5.518985912203788757e-02
1.388222128152847290e-01
1.189121380448341370e-01
2.816848158836364746e-01
1.595447361469268799e-01
6.785413622856140137e-01
2.070312388241291046e-02
9.377796649932861328e-01
1.013782173395156860e-01
3.590859100222587585e-02
2.631764411926269531e-01
3.882922232151031494e-01
2.028708606958389282e-01
5.374015495181083679e-02
9.090178012847900391e-01
7.932814210653305054e-02
3.845537081360816956e-02
1.479819715023040771e-01
7.850688099861145020e-01
1.444296687841415405e-01
1.572679430246353149e-01
1.177603155374526978e-01
4.924914613366127014e-02
2.218125462532043457e-01
6.431036442518234253e-02
8.946478366851806641e-02
5.670112967491149902e-01
2.746534049510955811e-01
4.669352993369102478e-02
9.330989122390747070e-01
5.008773803710937500e-01
1.847736835479736328e-01
2.954203188419342041e-01
7.069505751132965088e-02
5.023445934057235718e-02
2.756071276962757111e-02
1.166282370686531067e-01
8.171479403972625732e-02
9.307799935340881348e-01
6.010607481002807617e-01
9.333327412605285645e-01
6.727597713470458984e-01
9.480116367340087891e-01
6.442444920539855957e-01
1.006549820303916931e-01
1.447418183088302612e-01
3.768488168716430664e-01
1.877868771553039551e-01
7.687426805496215820e-01
5.233691260218620300e-02
9.888622909784317017e-02
6.611439585685729980e-01
4.837568998336791992e-01
6.979407072067260742e-01
6.562892794609069824e-01
8.530013561248779297e-01
1.108844131231307983e-01
1.638072878122329712e-01
4.671563506126403809e-01
1.620767861604690552e-01
6.035442948341369629e-01
1.093951463699340820e-01
3.238428831100463867e-01
5.572031065821647644e-02
1.481835991144180298e-01
7.467291951179504395e-01
4.727905988693237305e-01
4.107206463813781738e-01
3.213191032409667969e-01
5.280620232224464417e-02
8.906545490026473999e-02
9.466235637664794922e-01
2.586743831634521484e-01
5.292207747697830200e-02
9.117428064346313477e-01
6.336531043052673340e-02
1.301859021186828613e-01
7.885879874229431152e-01
2.333857305347919464e-02
1.083777323365211487e-01
1.340165287256240845e-01
7.125762104988098145e-01
8.852095007896423340e-01
6.443071365356445312e-02
7.284800708293914795e-02
1.951356530189514160e-01
7.797259837388992310e-02
7.598491758108139038e-02
9.248519539833068848e-01
1.972904801368713379e-01
9.309908151626586914e-01
2.438638508319854736e-01
5.865199565887451172e-01
4.473750591278076172e-01
9.568189978599548340e-01
3.469354510307312012e-01
6.533679962158203125e-01
6.395743787288665771e-02
9.232525229454040527e-01
9.046641588211059570e-01
6.326731443405151367e-01
4.189999997615814209e-01
2.275468707084655762e-01
5.847345292568206787e-02
6.445009708404541016e-01
7.920763492584228516e-01
8.290191888809204102e-01
1.628670692443847656e-01
5.510174855589866638e-02
2.351189255714416504e-01
7.659269869327545166e-02
2.114450335502624512e-01
1.056416109204292297e-01
1.428920924663543701e-01
2.149143218994140625e-01
2.349893897771835327e-01
2.338121086359024048e-01
8.144590258598327637e-01
3.110441267490386963e-01
7.679377794265747070e-01
1.332934200763702393e-01
2.237845361232757568e-01
8.877701759338378906e-01
4.644772112369537354e-01
4.097562134265899658e-01
3.779827654361724854e-01
7.892015576362609863e-02
2.998667657375335693e-01
1.002817824482917786e-01
7.263365387916564941e-02
4.189156293869018555e-01
8.007269501686096191e-01
1.239114403724670410e-01
9.291465282440185547e-01
1.605791151523590088e-01
9.171472489833831787e-02
9.296364784240722656e-01
1.640244424343109131e-01
1.963004767894744873e-01
1.049647480249404907e-01
2.080998271703720093e-01
1.812769770622253418e-01
1.765076071023941040e-01
1.347091346979141235e-01
2.758264243602752686e-01
5.455766916275024414e-01
4.292888939380645752e-01
5.628921389579772949e-01
4.133507236838340759e-02
8.278763890266418457e-01
4.475720599293708801e-02
9.012014269828796387e-01
2.116827070713043213e-01
6.275082826614379883e-01
3.828310593962669373e-02
2.982161045074462891e-01
4.650715589523315430e-01
5.680722370743751526e-02
4.550487548112869263e-02
4.149442613124847412e-01
9.172000288963317871e-01
1.177371740341186523e-01
8.934935331344604492e-01
9.356212615966796875e-01
3.422501683235168457e-01
1.644242256879806519e-01
9.724984169006347656e-01
1.314888149499893188e-01
3.397107422351837158e-01
5.286671593785285950e-02
1.618022471666336060e-01
6.276066899299621582e-01
3.138250410556793213e-01
3.330469503998756409e-02
8.034522533416748047e-01
5.510443449020385742e-01
8.664956092834472656e-01
5.627839267253875732e-02
9.444512128829956055e-01
9.550976157188415527e-01
5.668377280235290527e-01
1.341863870620727539e-01
1.281013935804367065e-01
1.136244311928749084e-01
8.723644018173217773e-01
8.366115093231201172e-01
9.379335492849349976e-02
4.457312226295471191e-01
8.093398809432983398e-01
9.410465955734252930e-01
9.771525114774703979e-02
9.540185928344726562e-01
8.759461045265197754e-01
3.547849953174591064e-01
6.922514438629150391e-01
9.351261258125305176e-01
2.230251878499984741e-01
3.406444489955902100e-01
9.479909539222717285e-01
7.515283674001693726e-02
9.014208316802978516e-01
5.011506676673889160e-01
3.011434674263000488e-01
3.558803498744964600e-01
1.002927348017692566e-01
9.595703482627868652e-01
5.352793261408805847e-02
7.684702873229980469e-01
1.994150131940841675e-01
8.510934561491012573e-02
1.053257510066032410e-01
7.443261146545410156e-02
2.497006058692932129e-01
2.041450440883636475e-01
6.084394454956054688e-01
9.349697232246398926e-01
1.646030843257904053e-01
9.416857361793518066e-01
1.090714335441589355e-01
4.937567412853240967e-01
3.091861307621002197e-01
3.797217458486557007e-02
3.288981318473815918e-01
5.678449273109436035e-01
1.390402913093566895e-01
2.186617702245712280e-01
1.613621264696121216e-01
8.773006200790405273e-01
9.319875240325927734e-01
8.497815132141113281e-01
3.812101781368255615e-01
1.604651808738708496e-01
9.111585021018981934e-01
1.172162517905235291e-01
8.855243921279907227e-01
1.389392614364624023e-01
8.537306785583496094e-01
1.759244650602340698e-01
2.156865447759628296e-01
9.453059434890747070e-01
1.133841350674629211e-01
4.407365620136260986e-01
4.751217365264892578e-01
2.787274718284606934e-01
6.958352774381637573e-02
1.421466022729873657e-01
2.322812825441360474e-01
2.452149391174316406e-01
1.640897244215011597e-01
5.568261146545410156e-01
8.518625497817993164e-01
3.659288287162780762e-01
1.285065263509750366e-01
4.178658127784729004e-02
1.635154485702514648e-01
9.126031398773193359e-01
4.156789779663085938e-01
6.219980493187904358e-02
9.394763708114624023e-01
4.524407386779785156e-01
1.602383702993392944e-01
1.706949621438980103e-01
8.922009170055389404e-02
4.333164542913436890e-02
1.849182844161987305e-01
8.919177055358886719e-01
9.401585459709167480e-01
7.657051682472229004e-01
3.023702502250671387e-01
1.085991859436035156e-01
1.272382885217666626e-01
1.051947176456451416e-01
3.803287744522094727e-01
5.756621956825256348e-01
9.443679451942443848e-01
8.332740068435668945e-01
1.888927370309829712e-01
1.567071229219436646e-01
5.818902850151062012e-01
2.205538749694824219e-01
2.777692079544067383e-01
9.429087042808532715e-01
6.282649040222167969e-01
4.927899241447448730e-01
1.737650334835052490e-01
4.085003212094306946e-02
5.572184547781944275e-02
6.506081670522689819e-02
3.755216300487518311e-02
7.254189252853393555e-02
4.585168659687042236e-01
1.153127551078796387e-01
9.961204975843429565e-02
9.481740593910217285e-01
2.813849747180938721e-01
3.110452555119991302e-02
1.950437724590301514e-01
2.946103215217590332e-01
4.879520460963249207e-02
5.605126023292541504e-01
8.939905166625976562e-01
4.581046998500823975e-01
9.002283811569213867e-01
2.656902931630611420e-02
1.199485436081886292e-01
3.753607273101806641e-01
2.023725509643554688e-01
9.314767122268676758e-01
9.167276322841644287e-02
3.392028436064720154e-02
7.820978015661239624e-02
1.102437898516654968e-01
4.697911739349365234e-01
7.397510111331939697e-02
6.990619897842407227e-01
1.253774911165237427e-01
1.608544141054153442e-01
1.880502551794052124e-01
1.584380567073822021e-01
5.087243914604187012e-01
1.968442946672439575e-01
7.233139127492904663e-02
8.648613691329956055e-01
2.262534201145172119e-01
2.929697334766387939e-01
9.561444520950317383e-01
4.687879681587219238e-01
1.627984344959259033e-01
2.738746404647827148e-01
7.557199150323867798e-02
1.820197105407714844e-01
1.600323617458343506e-01
6.534341722726821899e-02
9.521439671516418457e-02
2.790879011154174805e-01
1.381025314331054688e-01
9.205419421195983887e-01
1.653994172811508179e-01
6.571659445762634277e-02
5.146502330899238586e-02
9.480284452438354492e-01
4.925710558891296387e-01
2.622769474983215332e-01
1.394758969545364380e-01
3.633963465690612793e-01
1.933806389570236206e-01
2.155740261077880859e-01
5.216866135597229004e-01
2.416443452239036560e-02
6.037794426083564758e-02
1.332697272300720215e-01
8.463194966316223145e-02
8.134831488132476807e-02
6.945745553821325302e-03
8.546067476272583008e-01
3.354242444038391113e-01
9.113636016845703125e-01
1.636025756597518921e-01
3.519992232322692871e-01
6.729003787040710449e-02
8.676338791847229004e-01
8.297258615493774414e-01
9.114818572998046875e-01
8.738682270050048828e-01
6.350675821304321289e-01
5.663774013519287109e-01
2.681402564048767090e-01
2.741367220878601074e-01
6.199876219034194946e-02
2.669718675315380096e-02
1.031298786401748657e-01
4.031443297863006592e-01
8.354854583740234375e-01
4.477452114224433899e-02
4.540550112724304199e-01
5.285483002662658691e-01
8.693587034940719604e-02
6.322982907295227051e-02
7.378256320953369141e-02
4.724904000759124756e-01
7.882046103477478027e-01
3.558787330985069275e-02
9.304591268301010132e-02
4.027311503887176514e-01
3.778959810733795166e-02
1.131266131997108459e-01
2.054608315229415894e-01
1.368977278470993042e-01
1.612841337919235229e-01
1.573831886053085327e-01
9.336509108543395996e-01
4.643491804599761963e-01
1.396427601575851440e-01
1.015072241425514221e-01
4.032091498374938965e-01
3.095474839210510254e-02
7.237039208412170410e-01
4.545027017593383789e-01
1.786894351243972778e-01
4.489563032984733582e-02
1.031609550118446350e-01
8.975289463996887207e-01
9.535444527864456177e-02
2.807152271270751953e-01
4.994431138038635254e-02
9.318752884864807129e-01
9.852283447980880737e-02
4.199672862887382507e-02
1.861804127693176270e-01
7.597479224205017090e-01
4.778248965740203857e-01
5.701763555407524109e-02
6.108644604682922363e-02
7.094596624374389648e-01
1.964093148708343506e-01
4.977608844637870789e-02
6.140783429145812988e-02
2.161666899919509888e-01
1.968423277139663696e-01
2.008835524320602417e-01
8.454287797212600708e-02
2.035541832447052002e-01
5.039962008595466614e-02
1.172152236104011536e-01
9.558737874031066895e-01
5.553817152976989746e-01
8.438049256801605225e-02
9.746124148368835449e-01
4.375936090946197510e-01
4.801459610462188721e-01
4.914034903049468994e-02
7.948852181434631348e-01
7.122279405593872070e-01
4.474017769098281860e-02
9.172837734222412109e-01
9.242210388183593750e-01
4.925922751426696777e-01
1.360866334289312363e-02
3.341303467750549316e-01
3.040311634540557861e-01
2.622039318084716797e-01
6.842601299285888672e-01
9.892007708549499512e-02
1.775196492671966553e-01
2.539765238761901855e-01
9.489878267049789429e-02
9.346392005681991577e-02
5.070426464080810547e-01
2.553570643067359924e-02
4.774388968944549561e-01
6.930740177631378174e-02
9.185499548912048340e-01
5.172997117042541504e-01
3.847052156925201416e-01
1.324451714754104614e-01
4.107398390769958496e-01
2.085473835468292236e-01
7.757306843996047974e-02
9.406944513320922852e-01
1.121115311980247498e-01
4.509003460407257080e-01
9.481782913208007812e-01
2.653913497924804688e-01
4.958021268248558044e-02
4.977618455886840820e-01
1.136398613452911377e-01
9.241554737091064453e-01
8.900655061006546021e-02
1.077550277113914490e-01
1.633327752351760864e-01
9.455302357673645020e-01
2.594896554946899414e-01
6.607741117477416992e-01
1.627984344959259033e-01
2.453112304210662842e-01
5.327659845352172852e-01
1.278429329395294189e-01
1.686382144689559937e-01
2.098694890737533569e-01
3.200136125087738037e-01
2.533583045005798340e-01
4.066334962844848633e-01
8.220583200454711914e-01
9.901337325572967529e-02
3.445530831813812256e-01
8.995005488395690918e-01
8.345102518796920776e-02
8.081912994384765625e-01
1.468396037817001343e-01
2.088589668273925781e-01
2.265219241380691528e-01
4.113425314426422119e-02
9.132521152496337891e-01
5.682325959205627441e-01
1.331594586372375488e-01
7.607603669166564941e-01
9.538726806640625000e-01
9.741588830947875977e-01
9.569547772407531738e-01
3.030496463179588318e-02
2.608404457569122314e-01
1.671035438776016235e-01
4.885335862636566162e-01
9.454703330993652344e-01
2.160831689834594727e-01
1.799842864274978638e-01
2.582031190395355225e-01
9.477271139621734619e-02
8.837277293205261230e-01
2.264238521456718445e-02
5.588834360241889954e-02
8.358565568923950195e-01
3.955162689089775085e-02
1.668637096881866455e-01
3.492426872253417969e-01
3.333712816238403320e-01
9.460397362709045410e-01
3.098243661224842072e-02
5.469439923763275146e-02
9.407225251197814941e-02
9.336613416671752930e-01
9.208909869194030762e-01
2.086171880364418030e-02
8.822709918022155762e-01
3.929245844483375549e-02
8.245535492897033691e-01
1.869803667068481445e-01
8.694463372230529785e-01
2.620354294776916504e-01
7.006674259901046753e-02
1.429172158241271973e-01
8.575125336647033691e-01
8.439274132251739502e-02
3.786296397447586060e-02
7.661153674125671387e-01
4.245684668421745300e-02
8.789857476949691772e-02
7.395201921463012695e-01
3.184639215469360352e-01
4.704896360635757446e-02
7.560208439826965332e-01
4.365125894546508789e-01
2.326131463050842285e-01
4.328921064734458923e-02
2.640851438045501709e-01
9.266451597213745117e-01
8.193733692169189453e-01
9.346091747283935547e-01
2.082376927137374878e-01
5.172247886657714844e-01
1.610075682401657104e-01
1.948286294937133789e-01
1.487216800451278687e-01
7.213286310434341431e-02
7.748059928417205811e-02
7.490863800048828125e-01
9.307539463043212891e-01
8.549271821975708008e-01
8.369754999876022339e-02
4.671779572963714600e-01
1.154341623187065125e-01
1.365289092063903809e-01
9.531556963920593262e-01
7.511332631111145020e-01
1.079190596938133240e-01
7.978519797325134277e-02
4.408711567521095276e-02
3.263951838016510010e-02
1.714062690734863281e-01
8.838565945625305176e-01
1.638429760932922363e-01
2.629220858216285706e-02
1.146660149097442627e-01
4.202257990837097168e-01
8.382944464683532715e-01
4.683265462517738342e-02
2.687608003616333008e-01
4.178850650787353516e-01
9.258441329002380371e-01
1.211560964584350586e-01
8.025429397821426392e-02
1.839342415332794189e-01
4.340151846408843994e-01
4.196078181266784668e-01
2.668628096580505371e-02
6.995573639869689941e-01
9.345665574073791504e-01
9.374053478240966797e-01
5.029174089431762695e-01
4.275067895650863647e-02
7.329882681369781494e-02
6.199602484703063965e-01
4.727546572685241699e-01
3.483349680900573730e-01
5.293143391609191895e-01
5.568523406982421875e-01
1.067752912640571594e-01
4.577224329113960266e-02
2.732254751026630402e-02
3.264069855213165283e-01
1.622367650270462036e-01
2.819447219371795654e-02
1.609611958265304565e-01
9.424559473991394043e-01
2.825542390346527100e-01
8.570371866226196289e-01
1.988674998283386230e-01
1.958253532648086548e-01
1.485843211412429810e-01
1.004941090941429138e-01
8.881632089614868164e-01
9.608530998229980469e-01
3.332635387778282166e-02
9.603001475334167480e-01
9.699059724807739258e-01
8.523240089416503906e-01
2.429468333721160889e-01
8.333033323287963867e-01
8.414621651172637939e-02
5.636447668075561523e-01
9.131006002426147461e-01
8.186588287353515625e-01
8.529661893844604492e-01
1.132841482758522034e-01
1.683719754219055176e-01
2.300608605146408081e-01
7.144662141799926758e-01
3.039394915103912354e-01
4.730816483497619629e-01
7.523454427719116211e-01
7.950775027275085449e-01
1.013550013303756714e-01
2.190438807010650635e-01
7.860566377639770508e-01
1.807268261909484863e-01
4.133338630199432373e-01
9.333360791206359863e-01
4.328204691410064697e-01
4.768317565321922302e-02
1.740328371524810791e-01
5.242146179080009460e-02
4.518585801124572754e-01
9.431133270263671875e-01
8.921404182910919189e-02
9.649100899696350098e-02
6.905265152454376221e-02
2.634651362895965576e-01
9.714683890342712402e-01
5.079444646835327148e-01
9.526670575141906738e-01
4.296544194221496582e-02
2.353877015411853790e-02
3.109524585306644440e-02
9.351341724395751953e-01
2.242135703563690186e-01
8.384277224540710449e-01
5.291954874992370605e-01
1.450513154268264771e-01
7.215657830238342285e-02
2.122733443975448608e-01
6.252866983413696289e-01
9.392407536506652832e-01
2.603803202509880066e-02
6.700331717729568481e-02
9.307185411453247070e-01
1.562336385250091553e-01
5.296835675835609436e-02
2.163540273904800415e-01
1.407677829265594482e-01
1.821859031915664673e-01
3.561528027057647705e-01
4.883885085582733154e-01
6.061631813645362854e-02
1.463594585657119751e-01
3.809977695345878601e-02
4.539923965930938721e-01
6.036565303802490234e-01
6.307380795478820801e-01
1.685311198234558105e-01
4.655163362622261047e-02
7.432308048009872437e-02
5.227944254875183105e-02
1.470965743064880371e-01
2.002049833536148071e-01
2.011981457471847534e-01
7.033593207597732544e-02
3.247880339622497559e-01
9.689812064170837402e-01
2.750175446271896362e-02
1.124753803014755249e-01
1.436424702405929565e-01
6.872453093528747559e-01
2.459364831447601318e-01
3.696844354271888733e-02
3.341697454452514648e-01
9.502132534980773926e-01
1.180714219808578491e-01
1.284185200929641724e-01
3.630048036575317383e-02
1.087226271629333496e-01
7.830556482076644897e-02
5.175534486770629883e-01
2.108448147773742676e-01
2.439880520105361938e-01
9.368546605110168457e-01
2.272190600633621216e-01
6.363633871078491211e-01
2.153718620538711548e-01
2.125703543424606323e-01
8.172370195388793945e-01
1.336221098899841309e-01
2.339953556656837463e-02
9.561434388160705566e-01
8.178949356079101562e-01
9.268130660057067871e-01
9.402281045913696289e-01
5.649476125836372375e-02
3.859576880931854248e-01
2.048167884349822998e-01
1.873914897441864014e-01
7.565919160842895508e-01
3.793371468782424927e-02
1.081656068563461304e-01
2.272621095180511475e-01
7.000422477722167969e-02
8.458723425865173340e-01
7.442618608474731445e-01
8.222813606262207031e-01
5.822992697358131409e-02
7.596779465675354004e-01
8.378910422325134277e-01
1.884054243564605713e-01
9.342243671417236328e-01
7.112978100776672363e-01
5.644289851188659668e-01
7.583613693714141846e-02
9.182451367378234863e-01
5.953793525695800781e-01
6.215864792466163635e-02
9.452335238456726074e-01
3.270232975482940674e-01
9.102816581726074219e-01
5.967871472239494324e-02
3.118943572044372559e-01
3.888134658336639404e-01
3.883403241634368896e-01
7.857959270477294922e-01
9.314866065979003906e-01
2.397449910640716553e-01
2.932560145854949951e-01
2.104717865586280823e-02
9.305987358093261719e-01
8.951903879642486572e-02
3.246523439884185791e-02
8.985627293586730957e-01
8.434631824493408203e-01
5.114552974700927734e-01
7.117779552936553955e-02
6.861507892608642578e-01
4.155284166336059570e-01
8.720035552978515625e-01
2.034436762332916260e-01
9.236916303634643555e-01
3.085170127451419830e-02
5.004996657371520996e-01
4.070888087153434753e-02
2.865370512008666992e-01
8.681739121675491333e-02
4.481814205646514893e-01
5.101717710494995117e-01
2.512173056602478027e-01
1.771127134561538696e-01
1.401567608118057251e-01
6.891968846321105957e-01
8.866694569587707520e-01
2.276360094547271729e-01
3.609626591205596924e-01
5.636524781584739685e-02
5.541233420372009277e-01
8.967769145965576172e-01
9.612486362457275391e-01
9.571714699268341064e-02
2.558437287807464600e-01
6.542143225669860840e-02
2.172098010778427124e-01
5.907687544822692871e-02
1.995960921049118042e-01
9.602742195129394531e-01
2.184612452983856201e-01
8.990612030029296875e-01
1.978098303079605103e-01
9.012411832809448242e-01
1.541233211755752563e-01
1.494561731815338135e-01
3.700793534517288208e-02
8.103670924901962280e-02
3.901996910572052002e-01
9.408227205276489258e-01
8.991878628730773926e-01
2.241270840167999268e-01
9.770114719867706299e-02
7.866210341453552246e-01
9.624711871147155762e-01
9.006265997886657715e-01
1.101592555642127991e-01
1.805186122655868530e-01
6.697634458541870117e-01
7.868703603744506836e-01
9.465586543083190918e-01
1.042877063155174255e-01
9.102795124053955078e-01
8.831492066383361816e-01
4.729961752891540527e-01
9.513637423515319824e-01
6.112920641899108887e-01
2.553244866430759430e-02
5.389301180839538574e-01
1.751714497804641724e-01
8.910004496574401855e-01
2.321802973747253418e-01
7.592089176177978516e-01
4.522537589073181152e-01
1.426247656345367432e-01
7.009215354919433594e-01
7.618188261985778809e-01
8.188366293907165527e-01
3.410497307777404785e-02
2.329797744750976562e-01
9.056859016418457031e-01
3.480286300182342529e-01
3.526668250560760498e-01
1.950431317090988159e-01
3.330839872360229492e-01
8.750798106193542480e-01
8.357344269752502441e-01
1.176313832402229309e-01
6.426573544740676880e-02
1.627984344959259033e-01
2.128101885318756104e-02
2.048462033271789551e-01
1.026393696665763855e-01
8.759708404541015625e-01
1.455290168523788452e-01
2.543432824313640594e-02
7.566457986831665039e-01
4.178508520126342773e-01
4.642084613442420959e-02
5.270036458969116211e-01
6.702776253223419189e-02
7.874014377593994141e-01
8.434947729110717773e-01
6.678323447704315186e-02
2.681014537811279297e-01
2.208890020847320557e-02
4.447444975376129150e-01
2.079042345285415649e-01
2.005527019500732422e-01
6.364735960960388184e-02
7.861995697021484375e-02
1.930606365203857422e-01
1.519517749547958374e-01
7.884930819272994995e-02
1.459719687700271606e-01
2.066942006349563599e-01
4.476589560508728027e-01
4.007385373115539551e-01
3.544575721025466919e-02
5.866142362356185913e-02
7.467331886291503906e-01
3.240239322185516357e-01
7.279090583324432373e-02
9.729549288749694824e-01
6.810613870620727539e-01
4.390464723110198975e-01
1.393565088510513306e-01
3.315834701061248779e-01
6.543962657451629639e-02
7.617020606994628906e-02
6.659328937530517578e-01
2.432742565870285034e-01
4.991737008094787598e-01
7.878837585449218750e-01
8.488743901252746582e-01
2.950734272599220276e-02
2.358075380325317383e-01
1.372305899858474731e-01
3.423984050750732422e-01
5.725987553596496582e-01
2.062248289585113525e-01
5.792046785354614258e-01
1.969031244516372681e-01
9.704338908195495605e-01
5.399640277028083801e-02
2.186421453952789307e-01
9.444380402565002441e-01
3.276908695697784424e-01
9.048523306846618652e-01
9.087236523628234863e-01
6.924878358840942383e-01
1.689447015523910522e-01
9.582632780075073242e-01
5.873087048530578613e-01
3.405738472938537598e-01
9.511458277702331543e-01
1.003172621130943298e-01
7.116473913192749023e-01
8.366761803627014160e-01
5.179661139845848083e-02
1.663751155138015747e-02
6.148588657379150391e-01
1.949828118085861206e-01
4.612790048122406006e-02
1.721313744783401489e-01
9.586406350135803223e-01
9.165202826261520386e-02
3.761911764740943909e-02
1.262987256050109863e-01
3.084828704595565796e-02
1.320044994354248047e-01
7.158277928829193115e-02
1.270601004362106323e-01
4.646715521812438965e-02
6.749076247215270996e-01
3.412900567054748535e-01
8.803378343582153320e-01
8.998649716377258301e-01
9.379565715789794922e-01
2.198987156152725220e-01
1.028501614928245544e-01
5.194991230964660645e-01
7.432907223701477051e-01
5.358862504363059998e-02
3.434740006923675537e-01
4.160785675048828125e-01
4.333620145916938782e-02
9.442425966262817383e-01
2.163634002208709717e-01
1.275141984224319458e-01
4.677523672580718994e-02
4.453548491001129150e-01
2.731128633022308350e-01
9.051671028137207031e-01
1.340328007936477661e-01
2.788941860198974609e-01
6.149896234273910522e-02
5.621603727340698242e-01
2.325261086225509644e-01
1.143032908439636230e-01
1.020260676741600037e-01
2.744213342666625977e-01
3.220462054014205933e-02
1.702524870634078979e-01
2.279003150761127472e-02
6.582564115524291992e-01
1.410146653652191162e-01
9.432978034019470215e-01
8.698058128356933594e-01
5.975539609789848328e-02
