2.207260578870773315e-02
9.925640225410461426e-01
6.934253871440887451e-02
8.454450368881225586e-01
1.308773458003997803e-01
4.250375181436538696e-02
3.295938968658447266e-01
2.034732103347778320e-01
9.265953898429870605e-01
3.666896745562553406e-02
3.180707395076751709e-01
1.085519343614578247e-01
6.232000589370727539e-01
4.213397800922393799e-01
9.392306208610534668e-02
2.277686744928359985e-01
3.860891461372375488e-01
8.098177313804626465e-01
9.683086872100830078e-01
2.372508198022842407e-01
7.176163792610168457e-01
8.470484614372253418e-01
4.892522096633911133e-02
7.186876237392425537e-02
2.504147589206695557e-01
4.602292925119400024e-02
8.830113410949707031e-01
1.754120290279388428e-01
1.715520024299621582e-01
1.570387631654739380e-01
1.682973206043243408e-01
1.236983109265565872e-02
8.330438137054443359e-01
5.363149195909500122e-02
2.291326820850372314e-01
6.980986148118972778e-02
1.542770415544509888e-01
1.354491561651229858e-01
4.314552843570709229e-01
9.073483347892761230e-01
1.942165642976760864e-01
8.660180866718292236e-02
3.377713263034820557e-02
1.049388349056243896e-01
5.710367113351821899e-02
1.883804947137832642e-01
1.390297561883926392e-01
3.063092231750488281e-01
1.407071575522422791e-02
8.684265613555908203e-01
1.495927721261978149e-01
1.442919205874204636e-02
2.604309320449829102e-01
2.119322717189788818e-01
1.558614373207092285e-01
2.839668467640876770e-02
8.642480969429016113e-01
1.077041253447532654e-01
1.769961602985858917e-02
1.124501898884773254e-01
5.466477274894714355e-01
1.288961619138717651e-01
4.060753434896469116e-02
5.969915911555290222e-02
3.295790404081344604e-02
1.261149346828460693e-01
3.940817341208457947e-02
1.408955007791519165e-01
4.476362764835357666e-01
1.925747394561767578e-01
5.062568187713623047e-02
8.057058453559875488e-01
3.589009642601013184e-01
1.149128824472427368e-01
2.163782268762588501e-01
4.650030285120010376e-02
2.606199681758880615e-02
1.943329349160194397e-02
1.704751253128051758e-01
3.609003871679306030e-02
8.913094401359558105e-01
7.547321915626525879e-01
8.847141861915588379e-01
4.213942289352416992e-01
9.237751364707946777e-01
4.446927309036254883e-01
6.650614738464355469e-02
6.918777525424957275e-02
3.708859682083129883e-01
5.301637649536132812e-01
8.370699882507324219e-01
4.624442756175994873e-02
5.632085725665092468e-02
3.188318312168121338e-01
4.353466331958770752e-01
2.765683829784393311e-01
3.602299690246582031e-01
8.727535605430603027e-01
5.521751567721366882e-02
9.842213243246078491e-02
4.694581031799316406e-01
1.137059256434440613e-01
4.940408468246459961e-01
1.431508064270019531e-01
2.173532545566558838e-01
7.645034044981002808e-02
5.952090770006179810e-02
5.448470115661621094e-01
5.912141203880310059e-01
2.539083361625671387e-01
2.203333973884582520e-01
2.522557228803634644e-02
5.098414421081542969e-02
9.311565756797790527e-01
2.010884284973144531e-01
6.383296102285385132e-02
8.393393754959106445e-01
3.792155534029006958e-02
1.018840745091438293e-01
6.598743200302124023e-01
7.754370570182800293e-03
9.285732358694076538e-02
9.803618490695953369e-02
7.671290040016174316e-01
9.218975901603698730e-01
5.758345872163772583e-02
1.032693758606910706e-01
2.205440402030944824e-01
4.556325078010559082e-02
4.138345271348953247e-02
9.061775803565979004e-01
3.331556618213653564e-01
9.290169477462768555e-01
1.870247125625610352e-01
4.024536907672882080e-01
3.185014128684997559e-01
9.180625081062316895e-01
2.548626959323883057e-01
5.781614184379577637e-01
4.205863922834396362e-02
6.544529795646667480e-01
8.468021750450134277e-01
4.878896772861480713e-01
1.873276978731155396e-01
1.808747202157974243e-01
5.271667614579200745e-02
2.605480551719665527e-01
6.421684622764587402e-01
6.974260210990905762e-01
9.408393502235412598e-02
2.529868111014366150e-02
1.190290600061416626e-01
8.098701387643814087e-02
2.068312615156173706e-01
7.454209029674530029e-02
7.363104820251464844e-02
1.438245624303817749e-01
2.195677012205123901e-01
2.678134143352508545e-01
7.427667975425720215e-01
3.779642581939697266e-01
6.668537855148315430e-01
7.158553600311279297e-02
1.276955008506774902e-01
7.293290495872497559e-01
3.871677219867706299e-01
4.655290544033050537e-01
2.049355655908584595e-01
5.603648349642753601e-02
2.244935184717178345e-01
5.388247966766357422e-02
4.187859222292900085e-02
4.848085939884185791e-01
8.504445552825927734e-01
7.178282737731933594e-02
9.451944231986999512e-01
7.659879326820373535e-02
4.658915102481842041e-02
8.730573058128356934e-01
1.243157386779785156e-01
1.369553953409194946e-01
4.278649017214775085e-02
7.923997938632965088e-02
1.666634976863861084e-01
7.349778711795806885e-02
1.513954102993011475e-01
1.537761092185974121e-01
4.429346323013305664e-01
3.166142404079437256e-01
9.050252288579940796e-02
3.115103207528591156e-02
8.206267952919006348e-01
1.151487901806831360e-01
7.339158058166503906e-01
2.047071158885955811e-01
5.659863352775573730e-01
3.200258687138557434e-02
1.397112011909484863e-01
4.262537062168121338e-01
3.762567043304443359e-02
3.084104321897029877e-02
4.871113598346710205e-01
8.502144813537597656e-01
1.648626476526260376e-01
8.423478603363037109e-01
9.118226766586303711e-01
6.058872938156127930e-01
6.601507216691970825e-02
9.469131827354431152e-01
1.669608503580093384e-01
1.478489637374877930e-01
4.640687629580497742e-02
1.283301860094070435e-01
4.100322127342224121e-01
3.239504098892211914e-01
2.451657503843307495e-02
8.684092164039611816e-01
4.614408016204833984e-01
7.983311414718627930e-01
6.883962452411651611e-02
9.015690088272094727e-01
9.539833068847656250e-01
6.607086658477783203e-01
5.106293410062789917e-02
1.056306362152099609e-01
8.756732940673828125e-02
5.615324974060058594e-01
7.970325350761413574e-01
1.304507404565811157e-01
5.908596515655517578e-01
7.112060189247131348e-01
9.045550823211669922e-01
1.100856885313987732e-01
8.224108815193176270e-01
8.838768005371093750e-01
2.631041407585144043e-01
5.089464187622070312e-01
9.003689885139465332e-01
1.897113621234893799e-01
2.295836508274078369e-01
9.155917763710021973e-01
1.496697515249252319e-01
7.867589592933654785e-01
1.640856266021728516e-01
2.192981988191604614e-01
4.952469766139984131e-01
5.061990395188331604e-02
9.475848674774169922e-01
7.554721832275390625e-02
6.531795263290405273e-01
2.142498791217803955e-01
1.212147399783134460e-01
9.439109265804290771e-02
5.278327316045761108e-02
7.965077459812164307e-02
1.773177385330200195e-01
1.595591902732849121e-01
8.952288031578063965e-01
1.166257932782173157e-01
9.435793161392211914e-01
8.496205508708953857e-02
5.324836969375610352e-01
3.303173780441284180e-01
2.193170413374900818e-02
1.887458115816116333e-01
2.853511273860931396e-01
9.170950204133987427e-02
3.960825502872467041e-01
7.861074805259704590e-02
7.222256660461425781e-01
9.000625610351562500e-01
6.704199314117431641e-01
2.399007380008697510e-01
1.804215461015701294e-01
6.637454628944396973e-01
9.127828478813171387e-02
8.617256283760070801e-01
4.788567125797271729e-02
7.819597125053405762e-01
5.666147544980049133e-02
1.068492382764816284e-01
9.066742062568664551e-01
1.272624135017395020e-01
2.362550050020217896e-01
4.987845122814178467e-01
3.125910758972167969e-01
4.809299111366271973e-02
1.192342489957809448e-01
2.333452850580215454e-01
8.667452633380889893e-02
1.298960894346237183e-01
4.791234731674194336e-01
6.258903145790100098e-01
3.961097598075866699e-01
8.908446133136749268e-02
2.411594614386558533e-02
7.841421663761138916e-02
8.894942998886108398e-01
3.721820712089538574e-01
5.341942980885505676e-02
9.022555351257324219e-01
2.399192601442337036e-01
1.627891659736633301e-01
8.660309016704559326e-02
5.966224521398544312e-02
3.595523908734321594e-02
9.006337076425552368e-02
8.700532317161560059e-01
8.355886936187744141e-01
6.654669642448425293e-01
3.863148689270019531e-01
6.168274208903312683e-02
1.240335330367088318e-01
9.292424470186233521e-02
4.680801630020141602e-01
3.159060180187225342e-01
8.955951333045959473e-01
7.582235932350158691e-01
2.610802650451660156e-01
7.168830186128616333e-02
4.633133709430694580e-01
2.659663558006286621e-01
2.291076779365539551e-01
8.852927088737487793e-01
4.716150760650634766e-01
4.028669297695159912e-01
1.414311677217483521e-01
1.175327822566032410e-01
4.826180264353752136e-02
5.716766044497489929e-02
5.599327012896537781e-02
1.544280797243118286e-01
4.245527684688568115e-01
7.318367063999176025e-02
9.346792101860046387e-02
9.064053297042846680e-01
1.613724082708358765e-01
2.136253193020820618e-02
1.427139490842819214e-01
1.992956697940826416e-01
3.014933504164218903e-02
4.882452487945556641e-01
7.690641283988952637e-01
1.911787241697311401e-01
8.214389085769653320e-01
1.007874775677919388e-02
1.473166793584823608e-01
2.806683182716369629e-01
1.474962532520294189e-01
7.765929698944091797e-01
6.071785464882850647e-02
1.598449051380157471e-02
4.208150878548622131e-02
8.354514837265014648e-02
5.886983871459960938e-01
7.432804256677627563e-02
7.652372717857360840e-01
2.270548343658447266e-01
1.376684308052062988e-01
2.272890359163284302e-01
8.092149347066879272e-02
3.728491663932800293e-01
1.574087738990783691e-01
7.112163305282592773e-02
8.362629413604736328e-01
2.605782747268676758e-01
1.928577870130538940e-01
9.472672939300537109e-01
1.454308927059173584e-01
2.220366746187210083e-01
3.717863857746124268e-01
6.981237232685089111e-02
1.034889072179794312e-01
8.653546124696731567e-02
5.501882359385490417e-02
5.830337107181549072e-02
1.835167706012725830e-01
8.591295778751373291e-02
8.972859382629394531e-01
1.398529708385467529e-01
5.668064206838607788e-02
3.464587777853012085e-02
9.084831476211547852e-01
5.519310235977172852e-01
1.915184408426284790e-01
1.831544786691665649e-01
2.691126763820648193e-01
2.187920510768890381e-01
2.202368378639221191e-01
2.444933503866195679e-01
1.367896143347024918e-02
9.723669290542602539e-02
7.146196812391281128e-02
8.919425308704376221e-02
8.656807988882064819e-02
9.964264929294586182e-03
7.412512302398681641e-01
2.048986852169036865e-01
8.916642665863037109e-01
2.034570276737213135e-01
1.840648651123046875e-01
5.828825756907463074e-02
8.740968704223632812e-01
7.357221245765686035e-01
7.916275262832641602e-01
9.025151729583740234e-01
4.330058693885803223e-01
2.685582041740417480e-01
1.754572987556457520e-01
1.520622819662094116e-01
7.258450984954833984e-02
2.065636962652206421e-02
1.293864846229553223e-01
3.692059218883514404e-01
8.383871912956237793e-01
3.027805685997009277e-02
4.327114522457122803e-01
1.221553310751914978e-01
7.395202666521072388e-02
4.523137956857681274e-02
5.055110901594161987e-02
7.134079933166503906e-01
8.996018171310424805e-01
1.974722370505332947e-02
8.272910863161087036e-02
3.650201261043548584e-01
3.383006155490875244e-02
7.468950748443603516e-02
1.941704452037811279e-01
7.965423911809921265e-02
1.888927221298217773e-01
1.877411603927612305e-01
8.640332221984863281e-01
4.740929305553436279e-01
1.020782813429832458e-01
5.626982450485229492e-02
2.019259482622146606e-01
3.140603005886077881e-02
4.278919696807861328e-01
3.964167535305023193e-01
2.441065460443496704e-01
6.858226656913757324e-02
7.245776057243347168e-02
7.410416603088378906e-01
6.955572217702865601e-02
2.144063711166381836e-01
5.312337353825569153e-02
8.514712452888488770e-01
8.516817539930343628e-02
1.795398071408271790e-02
2.967742085456848145e-01
7.198330760002136230e-01
7.009947299957275391e-01
4.502930119633674622e-02
4.390988871455192566e-02
3.231312930583953857e-01
1.765886694192886353e-01
2.209561690688133240e-02
5.107345804572105408e-02
1.850824952125549316e-01
1.920417100191116333e-01
1.223294958472251892e-01
6.766685843467712402e-02
2.013032734394073486e-01
2.890327759087085724e-02
9.135863184928894043e-02
9.119433760643005371e-01
3.361481428146362305e-01
1.014613360166549683e-01
9.647715687751770020e-01
4.351811707019805908e-01
3.113087713718414307e-01
5.092278495430946350e-02
6.617295145988464355e-01
5.491014122962951660e-01
1.914714649319648743e-02
8.442450761795043945e-01
8.786203861236572266e-01
2.744262814521789551e-01
7.984250783920288086e-03
2.902321517467498779e-01
3.125965893268585205e-01
1.642743200063705444e-01
7.362926006317138672e-01
6.646791100502014160e-02
1.992184519767761230e-01
8.194256573915481567e-02
8.359112590551376343e-02
1.271996647119522095e-01
2.138649225234985352e-01
1.874550431966781616e-02
3.356039524078369141e-01
9.745270758867263794e-02
8.887372612953186035e-01
6.177211403846740723e-01
5.018131136894226074e-01
1.073910072445869446e-01
3.413219451904296875e-01
8.668324351310729980e-02
7.119698822498321533e-02
9.142642617225646973e-01
6.541583687067031860e-02
6.287401914596557617e-01
9.278247356414794922e-01
7.968828082084655762e-02
3.004489652812480927e-02
4.278052449226379395e-01
1.188683882355690002e-01
8.409380912780761719e-01
5.217172205448150635e-02
7.977903634309768677e-02
1.906823366880416870e-01
8.929509520530700684e-01
4.063341021537780762e-01
4.200088381767272949e-01
2.220366746187210083e-01
1.718509197235107422e-01
4.202386438846588135e-01
9.040936827659606934e-02
1.019556969404220581e-01
9.730001538991928101e-02
3.051530122756958008e-01
2.474593818187713623e-01
3.532651662826538086e-01
6.115873456001281738e-01
1.564645469188690186e-01
2.660442292690277100e-01
9.077249169349670410e-01
5.460968613624572754e-02
5.677695870399475098e-01
1.081325113773345947e-01
1.997757405042648315e-01
1.198448464274406433e-01
5.605796352028846741e-02
6.639750003814697266e-01
6.464116573333740234e-01
8.319472521543502808e-02
6.856237053871154785e-01
8.855248689651489258e-01
9.522690176963806152e-01
9.348548650741577148e-01
1.700229197740554810e-02
1.923405528068542480e-01
1.434861123561859131e-01
4.060518741607666016e-01
9.035485386848449707e-01
1.859892010688781738e-01
1.656443476676940918e-01
1.615939289331436157e-01
6.193886324763298035e-02
8.530934453010559082e-01
1.371037308126688004e-02
4.965050145983695984e-02
6.219679713249206543e-01
2.851864323019981384e-02
5.675403773784637451e-02
2.495320886373519897e-01
3.566541373729705811e-01
9.227912425994873047e-01
2.615018747746944427e-02
4.563269391655921936e-02
1.145355552434921265e-01
8.502880930900573730e-01
8.738653063774108887e-01
1.503572706133127213e-02
8.630009293556213379e-01
3.869429603219032288e-02
5.414770245552062988e-01
1.535898000001907349e-01
7.655322551727294922e-01
1.825022250413894653e-01
5.989449843764305115e-02
1.268704533576965332e-01
7.261710166931152344e-01
1.092780157923698425e-01
2.369387261569499969e-02
7.847106456756591797e-01
2.373844198882579803e-02
3.764893114566802979e-02
3.722734153270721436e-01
4.124914705753326416e-01
3.256434202194213867e-02
7.254468202590942383e-01
2.640640735626220703e-01
9.341015666723251343e-02
3.723293170332908630e-02
1.202888041734695435e-01
8.693243861198425293e-01
8.140534758567810059e-01
8.900291323661804199e-01
1.636033654212951660e-01
3.283123672008514404e-01
1.867851614952087402e-01
1.796114295721054077e-01
9.444804489612579346e-02
5.608061701059341431e-02
8.105655014514923096e-02
6.611953377723693848e-01
8.418806195259094238e-01
8.563098311424255371e-01
7.817982137203216553e-02
3.340228199958801270e-01
9.701547771692276001e-02
1.569861620664596558e-01
8.831204175949096680e-01
4.108221232891082764e-01
9.717185050249099731e-02
4.139339178800582886e-02
4.456228762865066528e-02
2.157850936055183411e-02
1.486850082874298096e-01
8.662113547325134277e-01
1.776150614023208618e-01
1.560683827847242355e-02
1.230488568544387817e-01
3.360159695148468018e-01
7.574845552444458008e-01
4.849585890769958496e-02
2.055769413709640503e-01
2.073965519666671753e-01
9.030833244323730469e-01
6.315891444683074951e-02
5.277227982878684998e-02
1.845729202032089233e-01
5.940417647361755371e-01
3.607781827449798584e-01
1.203214656561613083e-02
2.278097420930862427e-01
9.071999192237854004e-01
8.943380117416381836e-01
4.337504208087921143e-01
1.023336499929428101e-01
5.178231000900268555e-02
6.287384033203125000e-01
3.978351056575775146e-01
2.570896148681640625e-01
2.699614167213439941e-01
5.479581952095031738e-01
1.459476649761199951e-01
3.753669559955596924e-02
1.004464644938707352e-02
3.682652413845062256e-01
1.343873888254165649e-01
1.834643259644508362e-02
2.775620222091674805e-01
7.664825320243835449e-01
2.999442815780639648e-01
7.239173650741577148e-01
1.880482286214828491e-01
1.510150134563446045e-01
5.992123112082481384e-02
4.373749345541000366e-02
8.332211971282958984e-01
9.296807646751403809e-01
2.527973242104053497e-02
9.277830719947814941e-01
9.783047437667846680e-01
5.855971574783325195e-01
2.336980700492858887e-01
5.980723500251770020e-01
5.486669763922691345e-02
5.137814879417419434e-01
7.345402240753173828e-01
6.123355627059936523e-01
7.487719058990478516e-01
8.443505316972732544e-02
1.203552931547164917e-01
1.029238998889923096e-01
7.572762370109558105e-01
1.907489597797393799e-01
6.549588441848754883e-01
4.131074547767639160e-01
7.606223225593566895e-01
2.672407925128936768e-01
1.589269042015075684e-01
7.230696082115173340e-01
1.320940405130386353e-01
2.878221571445465088e-01
9.009777903556823730e-01
3.553337156772613525e-01
3.472370654344558716e-02
5.308591127395629883e-01
4.418785497546195984e-02
3.163811862468719482e-01
8.582219481468200684e-01
3.290459141135215759e-02
8.758235722780227661e-02
4.334657266736030579e-02
3.301169574260711670e-01
9.567208886146545410e-01
3.951801061630249023e-01
9.279147982597351074e-01
2.771166898310184479e-02
1.080408785492181778e-02
1.706177555024623871e-02
8.940854072570800781e-01
1.232124641537666321e-01
8.623629212379455566e-01
4.532521069049835205e-01
1.614534854888916016e-01
7.332982122898101807e-02
1.658013015985488892e-01
6.321023106575012207e-01
9.374014735221862793e-01
2.079107798635959625e-02
4.337485879659652710e-02
9.041939973831176758e-01
1.275064349174499512e-01
3.054242767393589020e-02
2.743850648403167725e-01
8.263406157493591309e-02
1.526211947202682495e-01
2.767980992794036865e-01
2.928384542465209961e-01
3.873259946703910828e-02
1.025854647159576416e-01
7.375906407833099365e-02
1.936216950416564941e-01
5.283901691436767578e-01
4.723285138607025146e-01
1.658016741275787354e-01
4.099000990390777588e-02
4.577337205410003662e-02
4.418083280324935913e-02
2.182412147521972656e-01
1.433469355106353760e-01
5.119871497154235840e-01
2.593423798680305481e-02
1.490225344896316528e-01
9.596828818321228027e-01
9.427484869956970215e-02
2.503333985805511475e-01
1.864925771951675415e-01
6.277287602424621582e-01
2.267640531063079834e-01
3.889120370149612427e-02
3.153992891311645508e-01
9.310358762741088867e-01
8.974876254796981812e-02
7.896970957517623901e-02
1.041572988033294678e-01
8.255635946989059448e-02
6.954319775104522705e-02
7.401632070541381836e-01
3.960909843444824219e-01
1.875550001859664917e-01
9.193150401115417480e-01
4.867139160633087158e-01
6.238415837287902832e-01
1.272411793470382690e-01
9.942227602005004883e-02
6.760876774787902832e-01
5.512646958231925964e-02
7.319648750126361847e-03
9.402113556861877441e-01
8.099396228790283203e-01
8.594164848327636719e-01
8.968700170516967773e-01
4.087319225072860718e-02
4.579939544200897217e-01
1.464190781116485596e-01
1.231836006045341492e-01
4.973147511482238770e-01
5.610457435250282288e-02
1.048341915011405945e-01
4.363084733486175537e-01
9.878873825073242188e-02
7.834312915802001953e-01
4.137269258499145508e-01
6.553367376327514648e-01
4.623131453990936279e-02
6.817384958267211914e-01
8.307894468307495117e-01
1.868281364440917969e-01
8.949540853500366211e-01
8.170723319053649902e-01
4.285020530223846436e-01
3.695536032319068909e-02
9.076279401779174805e-01
5.363316535949707031e-01
4.664935171604156494e-02
9.041627049446105957e-01
2.501497864723205566e-01
9.076415896415710449e-01
4.472176730632781982e-02
2.212693542242050171e-01
2.720353305339813232e-01
3.052666187286376953e-01
2.884894013404846191e-01
8.960583806037902832e-01
1.450562030076980591e-01
2.400447577238082886e-01
1.530820783227682114e-02
8.454900979995727539e-01
7.546006143093109131e-02
2.001881785690784454e-02
7.685592174530029297e-01
8.584251403808593750e-01
4.741235971450805664e-01
4.182811826467514038e-02
5.225782990455627441e-01
3.071912229061126709e-01
8.863010406494140625e-01
1.202457100152969360e-01
8.987938761711120605e-01
1.866640150547027588e-02
3.578998148441314697e-01
2.538180351257324219e-02
9.758487343788146973e-02
6.359609216451644897e-02
3.662770390510559082e-01
2.463140934705734253e-01
1.481387466192245483e-01
3.209192156791687012e-01
1.196895390748977661e-01
6.045011878013610840e-01
8.296908140182495117e-01
1.088631898164749146e-01
4.144808351993560791e-01
5.952539294958114624e-02
4.552604556083679199e-01
8.626928925514221191e-01
8.543003797531127930e-01
1.740675717592239380e-01
1.534560173749923706e-01
4.187350720167160034e-02
1.548710018396377563e-01
1.560849100351333618e-01
1.109157651662826538e-01
9.505235552787780762e-01
1.794939637184143066e-01
7.507517337799072266e-01
1.137363836169242859e-01
7.334919571876525879e-01
1.173595860600471497e-01
9.373554587364196777e-02
4.798844084143638611e-02
3.563682362437248230e-02
4.822292923927307129e-01
9.080131649971008301e-01
7.192055583000183105e-01
2.323206216096878052e-01
5.363325774669647217e-02
6.206561923027038574e-01
9.258838891983032227e-01
6.698721051216125488e-01
9.768887609243392944e-02
1.412142515182495117e-01
7.295797467231750488e-01
7.285502552986145020e-01
9.357414841651916504e-01
5.181720852851867676e-02
8.914976716041564941e-01
8.985493779182434082e-01
3.873274326324462891e-01
9.095708131790161133e-01
3.088479638099670410e-01
1.464928966015577316e-02
4.478842020034790039e-01
2.055851966142654419e-01
7.354968190193176270e-01
2.488254308700561523e-01
8.034614920616149902e-01
2.853518128395080566e-01
9.981489926576614380e-02
6.536340713500976562e-01
7.424934506416320801e-01
7.107673883438110352e-01
2.673448249697685242e-02
2.302139252424240112e-01
7.995740771293640137e-01
4.056914150714874268e-01
2.966967523097991943e-01
2.273020148277282715e-01
2.532602250576019287e-01
8.021928071975708008e-01
7.896818518638610840e-01
1.444467902183532715e-01
1.148224174976348877e-01
2.220366746187210083e-01
1.930999942123889923e-02
1.311880648136138916e-01
9.520742297172546387e-02
7.505671977996826172e-01
5.288536474108695984e-02
1.716202311217784882e-02
5.687945485115051270e-01
2.479721754789352417e-01
1.117470636963844299e-01
2.909792363643646240e-01
5.772689357399940491e-02
7.776774764060974121e-01
4.028524458408355713e-01
4.926713183522224426e-02
3.821293413639068604e-01
1.052969694137573242e-02
3.275472521781921387e-01
1.462711989879608154e-01
7.496379315853118896e-02
3.902187198400497437e-02
4.072028771042823792e-02
4.512157440185546875e-01
9.721665829420089722e-02
1.712534725666046143e-01
5.309282243251800537e-02
1.695311218500137329e-01
4.703201651573181152e-01
5.047914385795593262e-01
3.690171986818313599e-02
5.224320665001869202e-02
5.043497681617736816e-01
1.832034736871719360e-01
3.110482171177864075e-02
9.510014653205871582e-01
5.568361282348632812e-01
2.329425215721130371e-01
9.951370209455490112e-02
1.675995737314224243e-01
5.415351316332817078e-02
8.681298792362213135e-02
6.088712215423583984e-01
2.579100430011749268e-01
5.140016674995422363e-01
8.072720170021057129e-01
6.501814723014831543e-01
6.872392445802688599e-02
2.451064586639404297e-01
1.408806741237640381e-01
2.235419452190399170e-01
3.957921862602233887e-01
1.472288519144058228e-01
2.808403074741363525e-01
3.419681787490844727e-01
9.485568404197692871e-01
3.948963433504104614e-02
2.063494175672531128e-01
8.878384232521057129e-01
4.361879527568817139e-01
7.598913908004760742e-01
5.733991861343383789e-01
7.340657114982604980e-01
1.299667209386825562e-01
9.399641156196594238e-01
5.994767546653747559e-01
3.176523745059967041e-01
8.908029794692993164e-01
8.921778202056884766e-02
7.635621428489685059e-01
7.682875990867614746e-01
4.697025194764137268e-02
1.548184175044298172e-02
5.170004367828369141e-01
1.419349759817123413e-01
7.255147397518157959e-02
3.322744071483612061e-01
9.470447301864624023e-01
6.058087944984436035e-02
4.063786193728446960e-02
1.574628949165344238e-01
1.646669209003448486e-02
1.966224014759063721e-01
2.962640486657619476e-02
1.664588004350662231e-01
2.726228535175323486e-02
5.227124691009521484e-01
4.180378839373588562e-02
8.796286582946777344e-01
6.041024923324584961e-01
8.905296921730041504e-01
9.577788412570953369e-02
3.449580818414688110e-02
4.301685988903045654e-01
7.383878231048583984e-01
4.723784327507019043e-02
4.602149128913879395e-01
3.769899010658264160e-01
2.743859216570854187e-02
9.276977777481079102e-01
9.941824525594711304e-02
8.741630613803863525e-02
1.760587468743324280e-02
3.926055133342742920e-01
2.201928496360778809e-01
8.502227663993835449e-01
1.180888041853904724e-01
2.117138355970382690e-01
4.534988850355148315e-02
2.618353664875030518e-01
2.729182243347167969e-01
2.083952724933624268e-02
7.083465158939361572e-02
1.533671766519546509e-01
1.242711395025253296e-02
1.675110161304473877e-01
4.067857563495635986e-02
3.460058271884918213e-01
1.580037176609039307e-01
9.002012610435485840e-01
8.717504739761352539e-01
1.372010111808776855e-01
