1.361076254397630692e-02
9.651713371276855469e-01
5.311322584748268127e-02
8.399301171302795410e-01
2.014906108379364014e-01
4.859974235296249390e-02
6.518535614013671875e-01
1.326304674148559570e-01
9.075452685356140137e-01
3.532984852790832520e-02
5.188506841659545898e-01
1.331106126308441162e-01
3.912575244903564453e-01
3.419227898120880127e-01
4.229313880205154419e-02
2.130022794008255005e-01
4.619957208633422852e-01
3.980335593223571777e-01
9.428389668464660645e-01
2.031036317348480225e-01
7.839174270629882812e-01
7.696447372436523438e-01
3.107850998640060425e-02
1.993905901908874512e-01
1.617424339056015015e-01
4.123047366738319397e-02
8.399817347526550293e-01
1.293551325798034668e-01
1.577435731887817383e-01
2.360740751028060913e-01
1.370198577642440796e-01
1.102054864168167114e-02
7.267681360244750977e-01
6.616929918527603149e-02
1.164087876677513123e-01
6.387341022491455078e-02
1.149157360196113586e-01
9.030193090438842773e-02
4.596821069717407227e-01
8.878092765808105469e-01
1.106986850500106812e-01
9.398932009935379028e-02
4.034600779414176941e-02
1.664993166923522949e-01
5.576548725366592407e-02
2.545536458492279053e-01
1.910945773124694824e-01
1.961421072483062744e-01
1.052812766283750534e-02
8.593913912773132324e-01
9.562077373266220093e-02
1.753529347479343414e-02
2.902885377407073975e-01
2.005109041929244995e-01
1.460866034030914307e-01
2.620536461472511292e-02
7.964661121368408203e-01
1.166524589061737061e-01
2.293726801872253418e-02
1.469520926475524902e-01
3.316159844398498535e-01
1.153957620263099670e-01
6.340951472520828247e-02
6.529456377029418945e-02
3.630094230175018311e-02
1.671133935451507568e-01
2.869185246527194977e-02
1.494657695293426514e-01
1.937505900859832764e-01
1.747342050075531006e-01
1.833461523056030273e-01
5.407364368438720703e-01
2.989137470722198486e-01
7.394772768020629883e-02
1.967947185039520264e-01
4.161173105239868164e-02
1.787876337766647339e-02
1.079014968127012253e-02
2.284821569919586182e-01
3.805523365736007690e-02
8.536000847816467285e-01
6.649301052093505859e-01
8.358961939811706543e-01
3.711494207382202148e-01
9.082340598106384277e-01
5.088239908218383789e-01
4.244743287563323975e-02
9.855321049690246582e-02
1.656017154455184937e-01
5.099989771842956543e-01
6.227754950523376465e-01
4.525596648454666138e-02
6.654789298772811890e-02
2.702252566814422607e-01
5.133267045021057129e-01
2.663953304290771484e-01
3.362281918525695801e-01
8.363712430000305176e-01
7.350998371839523315e-02
9.033534675836563110e-02
4.039014279842376709e-01
1.225649043917655945e-01
2.661681771278381348e-01
1.027411743998527527e-01
1.980039030313491821e-01
2.992811501026153564e-01
4.271046817302703857e-02
3.273822963237762451e-01
3.795289993286132812e-01
1.688278615474700928e-01
1.373230367898941040e-01
2.246080711483955383e-02
4.026439040899276733e-02
9.403330683708190918e-01
1.467327773571014404e-01
3.909332305192947388e-02
7.989130616188049316e-01
3.823798149824142456e-02
2.190659940242767334e-01
5.635176897048950195e-01
8.523653261363506317e-03
8.399980515241622925e-02
7.245663553476333618e-02
5.972438454627990723e-01
8.032392859458923340e-01
2.354842983186244965e-02
9.076425433158874512e-02
9.216006845235824585e-02
6.108941510319709778e-02
4.139149934053421021e-02
8.707706928253173828e-01
4.838896915316581726e-02
8.957645893096923828e-01
1.403119713068008423e-01
4.653680026531219482e-01
2.879539132118225098e-01
9.137132167816162109e-01
1.087787449359893799e-01
4.196030795574188232e-01
5.216874927282333374e-02
2.600929141044616699e-01
8.102439045906066895e-01
4.856007993221282959e-01
1.905791610479354858e-01
1.700425446033477783e-01
3.317232057452201843e-02
2.241492867469787598e-01
6.623701453208923340e-01
6.765812039375305176e-01
9.144577383995056152e-02
2.236533910036087036e-02
1.112117394804954529e-01
6.859670579433441162e-02
1.505232602357864380e-01
5.108526721596717834e-02
7.620235532522201538e-02
1.567568778991699219e-01
1.695264279842376709e-01
1.462361216545104980e-01
6.150091290473937988e-01
4.157726764678955078e-01
4.758809804916381836e-01
5.033520236611366272e-02
1.071830466389656067e-01
7.525910735130310059e-01
4.676588475704193115e-01
4.103405475616455078e-01
1.777245253324508667e-01
4.745216667652130127e-02
2.641048431396484375e-01
4.285746812820434570e-02
3.401114791631698608e-02
4.754107892513275146e-01
3.005250692367553711e-01
1.722882241010665894e-01
9.071525335311889648e-01
8.232398331165313721e-02
4.924602061510086060e-02
6.567087769508361816e-01
9.003970772027969360e-02
1.595471054315567017e-01
4.664910584688186646e-02
1.023972630500793457e-01
1.718515008687973022e-01
2.877642214298248291e-02
1.949785798788070679e-01
1.740006506443023682e-01
6.858220696449279785e-01
2.322030365467071533e-01
3.590326905250549316e-01
2.339988760650157928e-02
6.524133086204528809e-01
1.545799244195222855e-02
7.570099234580993652e-01
1.873133927583694458e-01
4.675750136375427246e-01
1.748920045793056488e-02
7.371485978364944458e-02
1.752545386552810669e-01
1.973057538270950317e-02
1.599778607487678528e-02
1.016140878200531006e-01
8.115318417549133301e-01
1.287673562765121460e-01
8.063915967941284180e-01
8.808528184890747070e-01
3.325394392013549805e-01
4.446931183338165283e-02
9.495987296104431152e-01
3.345253169536590576e-01
1.646467298269271851e-01
3.337874636054039001e-02
1.359275430440902710e-01
4.549839496612548828e-01
4.262659251689910889e-01
1.521906442940235138e-02
7.109046578407287598e-01
3.963912725448608398e-01
7.824962139129638672e-01
5.131135135889053345e-02
9.036155343055725098e-01
9.318778514862060547e-01
5.656798481941223145e-01
8.200162649154663086e-02
9.826367348432540894e-02
9.285456687211990356e-02
3.218280076980590820e-01
5.906018614768981934e-01
1.175192371010780334e-01
4.454308748245239258e-01
2.729270160198211670e-01
8.715519905090332031e-01
1.612419635057449341e-01
8.112615942955017090e-01
8.899488449096679688e-01
2.849271297454833984e-01
6.710467934608459473e-01
8.875569701194763184e-01
1.218655481934547424e-01
2.998859882354736328e-01
9.035777449607849121e-01
3.634347394108772278e-02
7.014853358268737793e-01
1.152305379509925842e-01
1.913478523492813110e-01
1.261686235666275024e-01
5.295254290103912354e-02
9.205756187438964844e-01
5.740580335259437561e-02
6.105695962905883789e-01
2.965433299541473389e-01
4.367134347558021545e-02
1.965344101190567017e-01
5.133673921227455139e-02
1.367242187261581421e-01
1.595153212547302246e-01
1.186126694083213806e-01
7.477863430976867676e-01
9.187023341655731201e-02
7.304717898368835449e-01
1.445537656545639038e-01
5.372388362884521484e-01
2.543612718582153320e-01
2.042869664728641510e-02
1.076694875955581665e-01
2.207067459821701050e-01
1.291756629943847656e-01
2.444369792938232422e-01
1.931120753288269043e-01
6.801108121871948242e-01
8.764595985412597656e-01
5.832104086875915527e-01
1.763285398483276367e-01
1.716802716255187988e-01
6.370102167129516602e-01
1.719201207160949707e-01
7.843217253684997559e-01
6.401719897985458374e-02
8.055325150489807129e-01
4.224817082285881042e-02
1.994202136993408203e-01
8.898400664329528809e-01
5.612542107701301575e-02
2.063932567834854126e-01
3.599229753017425537e-01
2.599953114986419678e-01
2.962069772183895111e-02
5.109533295035362244e-02
9.229783713817596436e-02
1.125890687108039856e-01
1.050931587815284729e-01
5.579000115394592285e-01
6.425684690475463867e-01
1.914653778076171875e-01
8.751398324966430664e-02
2.388027496635913849e-02
2.969078160822391510e-02
8.229601979255676270e-01
3.305245041847229004e-01
2.963103912770748138e-02
8.568230867385864258e-01
3.429126739501953125e-01
1.194316148757934570e-01
1.101029217243194580e-01
3.768096491694450378e-02
2.642427198588848114e-02
9.423428028821945190e-02
4.410354495048522949e-01
8.232344985008239746e-01
5.798731446266174316e-01
4.893939793109893799e-01
3.574163839221000671e-02
7.456906884908676147e-02
1.394260227680206299e-01
5.225039720535278320e-01
1.193061172962188721e-01
9.067713618278503418e-01
6.324782967567443848e-01
3.469780981540679932e-01
8.738782256841659546e-02
4.924722015857696533e-01
1.474948823451995850e-01
1.386719197034835815e-01
9.078654050827026367e-01
7.586290240287780762e-01
3.559229373931884766e-01
1.226168349385261536e-01
3.372757136821746826e-02
3.732537105679512024e-02
5.654171109199523926e-02
3.576243668794631958e-02
2.921854518353939056e-02
4.250117540359497070e-01
1.116889864206314087e-01
3.627293184399604797e-02
9.135950803756713867e-01
1.367898434400558472e-01
1.605906337499618530e-02
1.491775512695312500e-01
7.503456622362136841e-02
1.895469799637794495e-02
1.804327219724655151e-01
6.566131114959716797e-01
1.484020054340362549e-01
8.213859796524047852e-01
1.031307410448789597e-02
2.645863890647888184e-01
3.442750275135040283e-01
9.648238867521286011e-02
6.905283331871032715e-01
4.180193692445755005e-02
1.463297940790653229e-02
3.437129035592079163e-02
4.372367635369300842e-02
5.196416378021240234e-01
1.483116596937179565e-01
6.545845270156860352e-01
9.707012772560119629e-02
8.577966690063476562e-02
1.926404684782028198e-01
9.678845852613449097e-02
2.512028217315673828e-01
1.668042987585067749e-01
1.148762479424476624e-01
8.319733142852783203e-01
2.632756829261779785e-01
1.683474034070968628e-01
9.450504779815673828e-01
1.233116164803504944e-01
7.819172739982604980e-02
3.003174960613250732e-01
3.148544579744338989e-02
1.265738159418106079e-01
1.004713699221611023e-01
4.391363263130187988e-02
7.681851834058761597e-02
9.192524850368499756e-02
1.635173708200454712e-01
8.680512905120849609e-01
2.184994965791702271e-01
4.518035426735877991e-02
4.786836728453636169e-02
9.108911752700805664e-01
6.778017282485961914e-01
1.687333583831787109e-01
1.548376083374023438e-01
2.263841778039932251e-01
1.318123787641525269e-01
1.076049506664276123e-01
1.465471833944320679e-01
1.110596675425767899e-02
7.417463511228561401e-02
9.682708978652954102e-02
1.112114936113357544e-01
1.241817474365234375e-01
2.684955857694149017e-02
6.018921136856079102e-01
1.394840627908706665e-01
8.109155893325805664e-01
2.064744234085083008e-01
2.246343344449996948e-01
4.203197360038757324e-02
8.442593216896057129e-01
4.781672060489654541e-01
7.171810865402221680e-01
8.160399198532104492e-01
4.220290780067443848e-01
2.311759591102600098e-01
1.333434283733367920e-01
6.962356716394424438e-02
1.451383680105209351e-01
1.689104549586772919e-02
9.630519151687622070e-02
3.207955658435821533e-01
7.410160303115844727e-01
2.203362807631492615e-02
1.793770343065261841e-01
3.475015237927436829e-02
2.969301342964172363e-01
7.320524752140045166e-02
8.033052831888198853e-02
5.700524449348449707e-01
8.492687344551086426e-01
1.811513490974903107e-02
7.493321597576141357e-02
2.237917035818099976e-01
2.174275554716587067e-02
2.711466141045093536e-02
1.335205584764480591e-01
4.310457408428192139e-02
2.726303935050964355e-01
3.599350750446319580e-01
8.022756576538085938e-01
4.528688788414001465e-01
8.198270946741104126e-02
8.644276857376098633e-02
3.613617122173309326e-01
3.697964176535606384e-02
3.070006370544433594e-01
2.476214319467544556e-01
5.777030065655708313e-02
1.407257020473480225e-01
4.145513847470283508e-02
5.181112885475158691e-01
6.644924730062484741e-02
1.466915756464004517e-01
2.990696765482425690e-02
7.859296798706054688e-01
1.071270033717155457e-01
1.693424768745899200e-02
1.950995922088623047e-01
6.907465457916259766e-01
4.508711695671081543e-01
3.392634913325309753e-02
2.942778170108795166e-02
2.113502025604248047e-01
1.464365869760513306e-01
2.841153554618358612e-02
6.645930558443069458e-02
1.666255146265029907e-01
1.394341140985488892e-01
1.245605051517486572e-01
6.258108466863632202e-02
1.019200906157493591e-01
3.583212196826934814e-02
1.384712606668472290e-01
8.046100139617919922e-01
3.575363755226135254e-01
7.074744999408721924e-02
9.595840573310852051e-01
2.177188545465469360e-01
2.750161588191986084e-01
2.922334335744380951e-02
6.180911064147949219e-01
4.154934883117675781e-01
1.677865348756313324e-02
7.581459283828735352e-01
8.348282575607299805e-01
5.296171903610229492e-01
6.787231657654047012e-03
2.919318079948425293e-01
1.364595293998718262e-01
4.176526963710784912e-01
2.834068536758422852e-01
9.740781038999557495e-02
1.266317814588546753e-01
1.887514889240264893e-01
9.227189421653747559e-02
9.012745320796966553e-02
6.708160042762756348e-01
1.443900819867849350e-02
1.449264287948608398e-01
8.220340311527252197e-02
8.558369874954223633e-01
2.638465762138366699e-01
4.535563886165618896e-01
5.123823881149291992e-02
4.355623722076416016e-01
1.736588925123214722e-01
4.497510567307472229e-02
9.024485945701599121e-01
6.089114025235176086e-02
5.616161227226257324e-01
8.952529430389404297e-01
8.625879138708114624e-02
2.875024080276489258e-02
1.644691526889801025e-01
5.112417414784431458e-02
7.011727094650268555e-01
4.461015388369560242e-02
3.816566243767738342e-02
2.242722809314727783e-01
7.324742674827575684e-01
3.391843736171722412e-01
3.070470392704010010e-01
7.819172739982604980e-02
2.495442032814025879e-01
3.562900424003601074e-01
6.621676683425903320e-02
1.184173077344894409e-01
9.954954683780670166e-02
1.778881251811981201e-01
2.066240161657333374e-01
3.007067441940307617e-01
5.030418634414672852e-01
1.677706390619277954e-01
1.718107014894485474e-01
9.063647389411926270e-01
6.746357679367065430e-02
6.614971160888671875e-01
1.021865382790565491e-01
1.407294869422912598e-01
1.086951494216918945e-01
7.636448740959167480e-02
6.263959407806396484e-01
5.365893840789794922e-01
1.799734979867935181e-01
5.068327784538269043e-01
8.746269345283508301e-01
9.551150202751159668e-01
9.310899972915649414e-01
1.389090530574321747e-02
1.056151315569877625e-01
8.437711745500564575e-02
1.835057139396667480e-01
8.858492374420166016e-01
1.462004035711288452e-01
1.369188576936721802e-01
1.574362069368362427e-01
6.326590478420257568e-02
8.127480149269104004e-01
1.260791905224323273e-02
1.451886817812919617e-02
6.545563340187072754e-01
2.069839648902416229e-02
4.728695005178451538e-02
2.422441840171813965e-01
3.646282255649566650e-01
9.008245468139648438e-01
1.438823807984590530e-02
4.145578294992446899e-02
9.448555856943130493e-02
8.050234317779541016e-01
8.667242527008056641e-01
1.238500326871871948e-02
8.044831156730651855e-01
2.451992779970169067e-02
4.128436446189880371e-01
9.151209145784378052e-02
4.437412023544311523e-01
1.032528877258300781e-01
6.417978554964065552e-02
8.245994150638580322e-02
7.327286005020141602e-01
6.680744886398315430e-02
1.732445694506168365e-02
5.144910812377929688e-01
2.118268050253391266e-02
2.665564604103565216e-02
4.368003010749816895e-01
3.449531197547912598e-01
2.007045783102512360e-02
4.536009728908538818e-01
3.042853176593780518e-01
9.767895936965942383e-02
1.932760328054428101e-02
3.012725710868835449e-01
8.188317418098449707e-01
7.579573392868041992e-01
8.353995084762573242e-01
1.431397348642349243e-01
2.697998881340026855e-01
1.030888035893440247e-01
2.798392176628112793e-01
8.989804983139038086e-02
8.960630744695663452e-02
7.653733342885971069e-02
4.503230154514312744e-01
8.253542184829711914e-01
5.915815830230712891e-01
2.922193892300128937e-02
2.384130507707595825e-01
8.430594950914382935e-02
2.435944080352783203e-01
8.868148922920227051e-01
4.434310197830200195e-01
5.066015943884849548e-02
3.317252919077873230e-02
3.890287131071090698e-02
1.329239364713430405e-02
2.093050032854080200e-01
8.300311565399169922e-01
1.575613766908645630e-01
1.203006040304899216e-02
7.677634805440902710e-02
2.469337433576583862e-01
6.917487382888793945e-01
2.669185400009155273e-02
1.447491645812988281e-01
2.814698219299316406e-01
7.902655601501464844e-01
2.726683206856250763e-02
4.039431735873222351e-02
1.438317894935607910e-01
5.181100368499755859e-01
2.324601709842681885e-01
1.191859878599643707e-02
1.965394318103790283e-01
8.898261189460754395e-01
6.993488073348999023e-01
2.232538759708404541e-01
2.314850874245166779e-02
5.438613519072532654e-02
7.406243085861206055e-01
2.371904104948043823e-01
2.902296781539916992e-01
2.814505994319915771e-01
5.998376011848449707e-01
2.116944193840026855e-01
2.792506664991378784e-02
1.361299678683280945e-02
4.011817574501037598e-01
3.818854093551635742e-01
1.559460908174514771e-02
1.330457031726837158e-01
6.048377156257629395e-01
2.505851984024047852e-01
5.360604524612426758e-01
1.524484306573867798e-01
7.589474320411682129e-02
5.989285930991172791e-02
5.874267965555191040e-02
7.090325355529785156e-01
9.079084396362304688e-01
1.492178998887538910e-02
9.288493990898132324e-01
9.413726329803466797e-01
5.160194039344787598e-01
3.525879681110382080e-01
4.862543344497680664e-01
3.983753547072410583e-02
5.351495742797851562e-01
6.856727600097656250e-01
7.244435548782348633e-01
8.105030059814453125e-01
1.005491316318511963e-01
2.567548751831054688e-01
4.391319304704666138e-02
8.075832724571228027e-01
1.886148750782012939e-01
3.643086850643157959e-01
2.528721094131469727e-01
7.104551792144775391e-01
9.107529371976852417e-02
2.211012244224548340e-01
3.302723765373229980e-01
1.310355067253112793e-01
3.328472673892974854e-01
5.990925431251525879e-01
3.031612634658813477e-01
1.784613169729709625e-02
6.634313464164733887e-01
5.371660739183425903e-02
4.510301947593688965e-01
7.520167231559753418e-01
3.094185516238212585e-02
6.450734287500381470e-02
3.230278566479682922e-02
1.938082128763198853e-01
9.589856266975402832e-01
3.286385238170623779e-01
9.166025519371032715e-01
2.875086106359958649e-02
1.403519324958324432e-02
1.614606939256191254e-02
8.330728411674499512e-01
1.542534381151199341e-01
8.719320297241210938e-01
2.850211262702941895e-01
1.662232577800750732e-01
5.290215834975242615e-02
2.028986215591430664e-01
5.891478061676025391e-01
8.895783424377441406e-01
1.215865928679704666e-02
4.924782738089561462e-02
8.347631692886352539e-01
9.869069606065750122e-02
2.697898633778095245e-02
3.087503910064697266e-01
9.845840185880661011e-02
1.398908793926239014e-01
1.469226777553558350e-01
2.121263593435287476e-01
2.337889745831489563e-02
1.333423405885696411e-01
1.061671152710914612e-01
5.031926929950714111e-02
5.820084810256958008e-01
5.578181147575378418e-01
9.833241999149322510e-02
4.190813377499580383e-02
8.451554179191589355e-02
1.395484954118728638e-01
2.363481968641281128e-01
1.110261082649230957e-01
3.228328824043273926e-01
4.634997248649597168e-02
1.739130765199661255e-01
9.396806359291076660e-01
3.447314351797103882e-02
8.305487781763076782e-02
2.342802882194519043e-01
6.485041975975036621e-01
2.175208330154418945e-01
1.117695644497871399e-01
2.498029470443725586e-01
9.182322621345520020e-01
6.490387022495269775e-02
7.747692614793777466e-02
4.830070212483406067e-02
4.159035906195640564e-02
3.712430596351623535e-02
4.787683784961700439e-01
2.826630771160125732e-01
1.327516436576843262e-01
9.168307185173034668e-01
2.257070392370223999e-01
4.421364963054656982e-01
6.757926940917968750e-02
2.487506903707981110e-02
4.080889523029327393e-01
1.058900281786918640e-01
8.853959850966930389e-03
9.229822158813476562e-01
5.367568731307983398e-01
7.005578875541687012e-01
5.446397662162780762e-01
4.222918674349784851e-02
3.317079842090606689e-01
1.364854425191879272e-01
1.019081920385360718e-01
2.324113994836807251e-01
5.687071382999420166e-02
1.022843942046165466e-01
2.758160233497619629e-01
1.329612433910369873e-01
7.782467603683471680e-01
6.209980249404907227e-01
3.523843586444854736e-01
3.007068671286106110e-02
7.821769118309020996e-01
7.391061186790466309e-01
2.636850476264953613e-01
8.627223372459411621e-01
1.120092123746871948e-01
4.179521799087524414e-01
3.664205223321914673e-02
8.184158205986022949e-01
2.010831385850906372e-01
3.843142837285995483e-02
8.279466629028320312e-01
1.727388352155685425e-01
8.598431348800659180e-01
4.507639259099960327e-02
1.834682077169418335e-01
1.560797542333602905e-01
2.177391946315765381e-01
2.457737475633621216e-01
9.061861038208007812e-01
1.522384285926818848e-01
2.531373798847198486e-01
1.105564180761575699e-02
8.703202009201049805e-01
7.104063779115676880e-02
1.223312597721815109e-02
7.082733511924743652e-01
6.812014579772949219e-01
3.810416162014007568e-01
4.659211635589599609e-02
2.505467534065246582e-01
1.228229030966758728e-01
7.663435935974121094e-01
1.241472065448760986e-01
8.541991710662841797e-01
1.402128860354423523e-02
1.884299814701080322e-01
3.391796350479125977e-02
1.186832189559936523e-01
3.594684973359107971e-02
4.100686013698577881e-01
1.669742614030838013e-01
2.071859091520309448e-01
4.556688368320465088e-01
8.785874396562576294e-02
6.372274160385131836e-01
7.712264060974121094e-01
1.122033745050430298e-01
6.826716661453247070e-01
4.322131723165512085e-02
3.683628141880035400e-01
8.255012035369873047e-01
7.212074995040893555e-01
1.595686823129653931e-01
1.387537121772766113e-01
3.830101341009140015e-02
1.317163556814193726e-01
4.306890368461608887e-01
1.638674288988113403e-01
9.301521778106689453e-01
3.347236812114715576e-01
7.146998047828674316e-01
8.179923146963119507e-02
6.455708146095275879e-01
1.597539633512496948e-01
7.675517350435256958e-02
4.940078780055046082e-02
2.916306629776954651e-02
2.694695293903350830e-01
8.618659973144531250e-01
5.517221093177795410e-01
1.075533404946327209e-01
2.995192818343639374e-02
6.955730319023132324e-01
9.388121962547302246e-01
7.088593840599060059e-01
9.908839315176010132e-02
1.865209788084030151e-01
5.244916081428527832e-01
5.874192118644714355e-01
8.368219733238220215e-01
3.915782645344734192e-02
8.141371011734008789e-01
9.068537950515747070e-01
2.084778845310211182e-01
8.876118063926696777e-01
2.906403541564941406e-01
1.439929939806461334e-02
4.800235331058502197e-01
1.794056892395019531e-01
6.264125108718872070e-01
2.834998965263366699e-01
6.301688551902770996e-01
9.316142648458480835e-02
8.126582205295562744e-02
6.697274446487426758e-01
3.905589878559112549e-01
7.852492928504943848e-01
2.226172015070915222e-02
1.532231122255325317e-01
6.720643639564514160e-01
9.439676254987716675e-02
1.246628761291503906e-01
2.862357497215270996e-01
3.644099533557891846e-01
8.794927597045898438e-01
7.191855907440185547e-01
8.298258483409881592e-02
2.805968560278415680e-02
7.819172739982604980e-02
1.215667184442281723e-02
2.383880913257598877e-01
7.801774144172668457e-02
4.400070607662200928e-01
7.269677519798278809e-02
1.334952469915151596e-02
4.887758791446685791e-01
3.387760221958160400e-01
6.052082031965255737e-02
5.570595860481262207e-01
5.589600652456283569e-02
7.041527032852172852e-01
4.002104997634887695e-01
4.279460757970809937e-02
1.671983003616333008e-01
1.153158396482467651e-02
2.511083781719207764e-01
1.300865858793258667e-01
4.559601843357086182e-02
5.229708552360534668e-02
3.554072603583335876e-02
2.726253867149353027e-01
7.201331108808517456e-02
1.021730452775955200e-01
1.053767502307891846e-01
1.346923261880874634e-01
3.905575275421142578e-01
5.426162481307983398e-01
2.133052982389926910e-02
3.626579418778419495e-02
3.850146234035491943e-01
1.811830103397369385e-01
2.195072174072265625e-02
9.476515650749206543e-01
6.408489942550659180e-01
8.644282817840576172e-02
2.634790837764739990e-01
1.646204143762588501e-01
4.135881736874580383e-02
1.174362823367118835e-01
4.321122765541076660e-01
1.383636593818664551e-01
4.662087559700012207e-01
7.158038020133972168e-01
3.278351426124572754e-01
2.559010684490203857e-02
1.237818673253059387e-01
9.211545437574386597e-02
1.444731950759887695e-01
3.082499504089355469e-01
3.559378087520599365e-01
3.177055418491363525e-01
2.077479511499404907e-01
9.450166225433349609e-01
3.853314369916915894e-02
1.789449900388717651e-01
8.786861896514892578e-01
3.354089856147766113e-01
3.908403813838958740e-01
3.889897465705871582e-01
3.942046165466308594e-01
1.410185545682907104e-01
8.777381777763366699e-01
2.889263629913330078e-01
1.883618980646133423e-01
8.833665847778320312e-01
3.060779273509979248e-01
6.990479230880737305e-01
8.053062558174133301e-01
3.002070076763629913e-02
8.982897736132144928e-03
3.280642628669738770e-01
1.098733842372894287e-01
4.310473427176475525e-02
4.805656671524047852e-01
9.356759190559387207e-01
6.672400981187820435e-02
2.242134883999824524e-02
9.693282842636108398e-02
1.557296421378850937e-02
1.409385800361633301e-01
4.254273697733879089e-02
1.012170836329460144e-01
2.056253515183925629e-02
5.003506541252136230e-01
8.911733329296112061e-02
8.513826131820678711e-01
2.606265246868133545e-01
8.451163768768310547e-01
1.027754619717597961e-01
3.382490947842597961e-02
4.489186108112335205e-01
6.613878011703491211e-01
4.761847108602523804e-02
2.518793344497680664e-01
3.693087697029113770e-01
1.980465278029441833e-02
9.172458648681640625e-01
2.175299376249313354e-01
2.142408639192581177e-01
2.158775553107261658e-02
1.468524485826492310e-01
2.164927273988723755e-01
7.326866984367370605e-01
1.466778367757797241e-01
1.282387822866439819e-01
3.959907963871955872e-02
2.964489459991455078e-01
9.705536067485809326e-02
2.144778147339820862e-02
7.193330675363540649e-02
2.147399038076400757e-01
1.295759715139865875e-02
8.356020599603652954e-02
1.020108815282583237e-02
2.692852020263671875e-01
2.041647732257843018e-01
8.943479061126708984e-01
8.056500554084777832e-01
3.110149800777435303e-01
