3.907128050923347473e-02
9.941851496696472168e-01
9.362708777189254761e-02
7.773742079734802246e-01
2.424517124891281128e-01
6.240481510758399963e-02
4.377048313617706299e-01
2.418165355920791626e-01
8.570969104766845703e-01
9.650957584381103516e-02
3.285135030746459961e-01
2.219027876853942871e-01
5.492687225341796875e-01
3.935211300849914551e-01
8.277191966772079468e-02
3.175804018974304199e-01
3.104111254215240479e-01
5.898414254188537598e-01
9.332488179206848145e-01
3.494009971618652344e-01
5.964491963386535645e-01
5.721288919448852539e-01
6.604517251253128052e-02
3.967784717679023743e-02
1.817071884870529175e-01
5.072736740112304688e-02
6.801798939704895020e-01
2.070623189210891724e-01
2.177892625331878662e-01
2.941558659076690674e-01
2.105324864387512207e-01
1.574724726378917694e-02
6.267207860946655273e-01
9.091835469007492065e-02
1.801851987838745117e-01
1.617840230464935303e-01
2.090915441513061523e-01
1.701200157403945923e-01
4.173478484153747559e-01
8.863273262977600098e-01
2.440648376941680908e-01
1.392275393009185791e-01
6.860906630754470825e-02
1.994587332010269165e-01
7.024022936820983887e-02
2.372469007968902588e-01
2.232391685247421265e-01
4.052693843841552734e-01
2.447517402470111847e-02
7.581102252006530762e-01
1.440159529447555542e-01
2.004378847777843475e-02
2.882677912712097168e-01
3.153415620326995850e-01
2.093165516853332520e-01
4.683725908398628235e-02
8.304586410522460938e-01
3.754021972417831421e-02
2.531510405242443085e-02
2.117711156606674194e-01
6.144604682922363281e-01
1.517820060253143311e-01
1.052642166614532471e-01
1.168089658021926880e-01
5.827598646283149719e-02
1.884482055902481079e-01
5.261637270450592041e-02
1.615847796201705933e-01
3.164185583591461182e-01
2.841974198818206787e-01
1.266882568597793579e-01
6.235316991806030273e-01
3.291301727294921875e-01
6.886700540781021118e-02
3.190298974514007568e-01
8.702974021434783936e-02
4.580726847052574158e-02
1.285318005830049515e-02
2.312502861022949219e-01
9.010574221611022949e-02
8.650922775268554688e-01
7.431450486183166504e-01
7.979535460472106934e-01
4.760909378528594971e-01
8.614458441734313965e-01
4.549519717693328857e-01
1.026371046900749207e-01
1.356063038110733032e-01
3.740237653255462646e-01
3.113079369068145752e-01
6.642073392868041992e-01
6.467150151729583740e-02
9.081266820430755615e-02
4.300942718982696533e-01
4.115614295005798340e-01
3.697547316551208496e-01
3.471838533878326416e-01
8.158768415451049805e-01
7.264230400323867798e-02
1.302647590637207031e-01
4.333108663558959961e-01
1.467957794666290283e-01
4.544260203838348389e-01
2.042247802019119263e-01
3.001940846443176270e-01
7.305724173784255981e-02
9.712091088294982910e-02
5.181147456169128418e-01
3.370969593524932861e-01
2.840171456336975098e-01
2.062938958406448364e-01
4.441453889012336731e-02
9.857536852359771729e-02
8.965272903442382812e-01
2.976337671279907227e-01
8.680525422096252441e-02
8.060285449028015137e-01
6.787276268005371094e-02
1.955895274877548218e-01
5.473144054412841797e-01
1.641311310231685638e-02
1.127680018544197083e-01
2.112896889448165894e-01
7.248477935791015625e-01
7.407047748565673828e-01
2.756911888718605042e-02
5.649581551551818848e-02
1.957975775003433228e-01
4.895839095115661621e-02
8.333131670951843262e-02
8.594203591346740723e-01
2.212020456790924072e-01
8.509070277214050293e-01
1.583953350782394409e-01
5.113314390182495117e-01
3.501429855823516846e-01
8.537113070487976074e-01
3.704343140125274658e-01
4.654338955879211426e-01
9.635900706052780151e-02
6.621419191360473633e-01
6.978295445442199707e-01
4.723637700080871582e-01
2.011474221944808960e-01
2.314710021018981934e-01
6.217719614505767822e-02
2.318086028099060059e-01
5.225186347961425781e-01
2.956813871860504150e-01
1.532543152570724487e-01
4.769828915596008301e-02
2.000923603773117065e-01
9.910783171653747559e-02
2.180581986904144287e-01
1.033587157726287842e-01
1.447480022907257080e-01
2.028234153985977173e-01
3.141636252403259277e-01
1.924323141574859619e-01
6.812515258789062500e-01
3.365777432918548584e-01
5.473290681838989258e-01
6.691557914018630981e-02
2.111503928899765015e-01
7.442963123321533203e-01
4.303708970546722412e-01
4.224644601345062256e-01
3.042327463626861572e-01
8.747452497482299805e-02
1.704265922307968140e-01
1.189529970288276672e-01
8.279842883348464966e-02
4.981611967086791992e-01
5.556938052177429199e-01
1.372179090976715088e-01
8.829868435859680176e-01
1.241928339004516602e-01
7.684569060802459717e-02
7.556460499763488770e-01
1.763907819986343384e-01
1.759170442819595337e-01
6.432523578405380249e-02
1.705693751573562622e-01
2.890422940254211426e-01
1.018522158265113831e-01
1.528619974851608276e-01
2.772356271743774414e-01
4.418151378631591797e-01
4.365242421627044678e-01
1.064798384904861450e-01
4.540285840630531311e-02
7.390858530998229980e-01
9.499058872461318970e-02
6.411291360855102539e-01
2.256024330854415894e-01
4.797064661979675293e-01
3.110099770128726959e-02
2.451425045728683472e-01
2.884080708026885986e-01
4.470403492450714111e-02
6.082698702812194824e-02
1.157149374485015869e-01
7.969283461570739746e-01
2.057439535856246948e-01
7.497069239616394043e-01
8.690372705459594727e-01
4.204962253570556641e-01
1.032157391309738159e-01
9.271516203880310059e-01
1.420415490865707397e-01
3.021101951599121094e-01
2.823630534112453461e-02
2.439400851726531982e-01
4.205612540245056152e-01
3.919922113418579102e-01
3.321649879217147827e-02
7.168047428131103516e-01
4.533296525478363037e-01
6.882979869842529297e-01
1.222630813717842102e-01
8.593088388442993164e-01
9.111002087593078613e-01
4.816444218158721924e-01
9.783679991960525513e-02
1.391620039939880371e-01
1.671899259090423584e-01
5.019360184669494629e-01
6.940479278564453125e-01
1.002043485641479492e-01
4.107057750225067139e-01
3.452387154102325439e-01
8.635253310203552246e-01
1.337572485208511353e-01
7.989107370376586914e-01
8.644484877586364746e-01
3.003777861595153809e-01
4.175187051296234131e-01
8.671505451202392578e-01
2.021151036024093628e-01
3.833058774471282959e-01
8.314189910888671875e-01
1.750623136758804321e-01
6.463398337364196777e-01
1.601316481828689575e-01
2.805446684360504150e-01
3.246812522411346436e-01
8.464711904525756836e-02
9.157729744911193848e-01
8.175056427717208862e-02
6.204065680503845215e-01
1.721918284893035889e-01
1.824240237474441528e-01
1.281064450740814209e-01
6.998225301504135132e-02
2.381422966718673706e-01
2.074808329343795776e-01
3.494395315647125244e-01
7.313773036003112793e-01
1.441743969917297363e-01
6.633816957473754883e-01
1.058549359440803528e-01
5.795995593070983887e-01
2.890160381793975830e-01
3.305093944072723389e-02
3.236896991729736328e-01
3.802421391010284424e-01
1.653557270765304565e-01
2.397408187389373779e-01
1.933811455965042114e-01
6.302805542945861816e-01
8.430060148239135742e-01
7.018281221389770508e-01
2.655401229858398438e-01
2.229671180248260498e-01
7.074456810951232910e-01
1.430199146270751953e-01
8.201254606246948242e-01
1.149985119700431824e-01
7.309963107109069824e-01
1.539981067180633545e-01
2.350987344980239868e-01
8.324977159500122070e-01
1.024978607892990112e-01
3.037157356739044189e-01
3.048977255821228027e-01
3.399545848369598389e-01
9.012364596128463745e-02
1.781809180974960327e-01
2.255891412496566772e-01
2.916001081466674805e-01
2.095877975225448608e-01
3.981165885925292969e-01
6.641138195991516113e-01
3.197521567344665527e-01
1.420660018920898438e-01
2.692538872361183167e-02
1.625417917966842651e-01
5.441856980323791504e-01
2.253513932228088379e-01
8.040711283683776855e-02
8.587335348129272461e-01
2.937095463275909424e-01
1.815577447414398193e-01
1.573668569326400757e-01
8.989449590444564819e-02
5.861267074942588806e-02
1.940807104110717773e-01
4.565135836601257324e-01
8.263155221939086914e-01
5.612147450447082520e-01
5.206844806671142578e-01
1.567649692296981812e-01
1.848205327987670898e-01
1.187939718365669250e-01
3.624007701873779297e-01
1.959672570228576660e-01
8.805021047592163086e-01
7.607182860374450684e-01
3.146977424621582031e-01
2.934847474098205566e-01
4.910367727279663086e-01
3.064336478710174561e-01
3.207170367240905762e-01
8.815408945083618164e-01
6.343601346015930176e-01
3.486469686031341553e-01
2.613295912742614746e-01
2.849178016185760498e-02
5.826548859477043152e-02
7.589518278837203979e-02
4.083492606878280640e-02
1.587883085012435913e-01
3.702057003974914551e-01
9.196944534778594971e-02
8.799861371517181396e-02
8.503540158271789551e-01
2.691282629966735840e-01
3.333062678575515747e-02
2.535370588302612305e-01
3.127640783786773682e-01
6.349731981754302979e-02
4.654724299907684326e-01
7.458559274673461914e-01
2.835113108158111572e-01
8.041077256202697754e-01
1.539270766079425812e-02
2.530207037925720215e-01
3.888733685016632080e-01
2.005959302186965942e-01
7.036128044128417969e-01
1.121890395879745483e-01
2.667644619941711426e-02
8.472873270511627197e-02
1.210837140679359436e-01
5.382760763168334961e-01
1.045583412051200867e-01
5.954475402832031250e-01
1.087926402688026428e-01
1.251881867647171021e-01
2.552430629730224609e-01
1.186647713184356689e-01
3.765763938426971436e-01
3.048240542411804199e-01
9.080569446086883545e-02
5.668547153472900391e-01
2.609341442584991455e-01
2.386943697929382324e-01
9.285969734191894531e-01
2.851809859275817871e-01
4.165970683097839355e-01
4.321153163909912109e-01
1.005485206842422485e-01
1.119542568922042847e-01
1.558051407337188721e-01
8.152309805154800415e-02
9.785386919975280762e-02
2.333193719387054443e-01
8.336108177900314331e-02
8.164316415786743164e-01
1.446969807147979736e-01
7.929398864507675171e-02
5.037954077124595642e-02
8.361160755157470703e-01
4.684320390224456787e-01
3.035676777362823486e-01
9.711226820945739746e-02
3.065121173858642578e-01
1.892121732234954834e-01
2.497801333665847778e-01
3.141983747482299805e-01
1.789192296564579010e-02
6.588295847177505493e-02
1.497866362333297729e-01
6.786888837814331055e-02
2.014085054397583008e-01
9.667020291090011597e-03
7.001362442970275879e-01
2.555789351463317871e-01
7.710022926330566406e-01
2.316448241472244263e-01
3.546251356601715088e-01
5.295117944478988647e-02
7.535820007324218750e-01
4.014670848846435547e-01
6.746515035629272461e-01
8.205730319023132324e-01
5.811044573783874512e-01
3.565002083778381348e-01
2.270422279834747314e-01
1.887792348861694336e-01
9.494731575250625610e-02
2.743300795555114746e-02
8.042183518409729004e-02
5.388136506080627441e-01
7.069699764251708984e-01
6.871701031923294067e-02
2.889464497566223145e-01
1.997186988592147827e-01
1.725855469703674316e-01
5.434531345963478088e-02
5.933818593621253967e-02
5.811401605606079102e-01
8.797035217285156250e-01
1.508723851293325424e-02
8.404496312141418457e-02
3.474450707435607910e-01
4.122103005647659302e-02
6.285309046506881714e-02
1.391495764255523682e-01
1.444676965475082397e-01
1.783259212970733643e-01
2.011773139238357544e-01
5.820294022560119629e-01
4.994334578514099121e-01
2.354282736778259277e-01
6.102653592824935913e-02
2.838738560676574707e-01
2.967007644474506378e-02
3.760115802288055420e-01
2.887206673622131348e-01
3.570537865161895752e-01
8.772388100624084473e-02
1.138294562697410583e-01
5.908355712890625000e-01
9.443132579326629639e-02
3.092539012432098389e-01
3.918035700917243958e-02
7.215208411216735840e-01
8.530183881521224976e-02
3.249454498291015625e-02
2.849834859371185303e-01
7.108947634696960449e-01
4.862947762012481689e-01
5.545919761061668396e-02
4.823541641235351562e-02
4.031450748443603516e-01
2.421508729457855225e-01
5.627349391579627991e-02
5.021262541413307190e-02
3.002704083919525146e-01
2.258979380130767822e-01
1.894124448299407959e-01
1.144954338669776917e-01
3.113004863262176514e-01
3.516500070691108704e-02
8.750520646572113037e-02
8.329704403877258301e-01
4.096892178058624268e-01
1.090096160769462585e-01
9.378275871276855469e-01
3.069577217102050781e-01
4.379585981369018555e-01
7.183744758367538452e-02
6.759284734725952148e-01
4.444671571254730225e-01
2.381886355578899384e-02
8.331247568130493164e-01
7.722381353378295898e-01
2.815311551094055176e-01
1.040350645780563354e-02
3.238370716571807861e-01
4.644027054309844971e-01
2.013848721981048584e-01
3.472234606742858887e-01
1.184214800596237183e-01
1.691381931304931641e-01
2.327150851488113403e-01
1.334401667118072510e-01
1.184318065643310547e-01
3.549098670482635498e-01
2.665002644062042236e-02
2.422993779182434082e-01
8.797893673181533813e-02
7.627665996551513672e-01
4.077415764331817627e-01
4.964145123958587646e-01
2.029496431350708008e-01
4.343673884868621826e-01
1.708938777446746826e-01
9.912831336259841919e-02
8.442921042442321777e-01
1.325771510601043701e-01
5.098182559013366699e-01
8.772020936012268066e-01
1.685692071914672852e-01
4.377979412674903870e-02
1.832187920808792114e-01
7.868684083223342896e-02
7.894538044929504395e-01
8.840824663639068604e-02
1.160314008593559265e-01
2.309324741363525391e-01
7.708047628402709961e-01
3.491137921810150146e-01
3.972405493259429932e-01
4.165970683097839355e-01
2.599494755268096924e-01
5.320211648941040039e-01
1.862965673208236694e-01
1.943548172712326050e-01
1.501839607954025269e-01
2.969855964183807373e-01
1.453037708997726440e-01
3.541699945926666260e-01
6.899341344833374023e-01
1.272550523281097412e-01
3.079598546028137207e-01
8.539917469024658203e-01
9.201776236295700073e-02
5.855594873428344727e-01
1.157027184963226318e-01
1.509472876787185669e-01
2.444173246622085571e-01
7.458364218473434448e-02
6.532263159751892090e-01
4.725901782512664795e-01
6.582935154438018799e-02
5.408316850662231445e-01
8.313981890678405762e-01
9.114025235176086426e-01
9.195609092712402344e-01
1.776214689016342163e-02
2.069069594144821167e-01
1.800002157688140869e-01
3.828331530094146729e-01
8.727823495864868164e-01
2.162910997867584229e-01
1.983527392148971558e-01
2.721878588199615479e-01
6.753973662853240967e-02
7.465267777442932129e-01
1.957569830119609833e-02
3.369273990392684937e-02
5.903816819190979004e-01
4.094118997454643250e-02
1.169761121273040771e-01
3.136687278747558594e-01
3.751899898052215576e-01
8.775791525840759277e-01
1.767931878566741943e-02
8.217933773994445801e-02
9.736248105764389038e-02
7.506793141365051270e-01
8.487883806228637695e-01
2.097472921013832092e-02
7.932508587837219238e-01
5.577194318175315857e-02
4.146163761615753174e-01
2.168768644332885742e-01
7.126113176345825195e-01
2.824227809906005859e-01
8.858486264944076538e-02
2.244627624750137329e-01
6.771714091300964355e-01
5.550907552242279053e-02
2.475808560848236084e-02
5.080237984657287598e-01
3.061377443373203278e-02
8.815480768680572510e-02
4.086852967739105225e-01
3.889991044998168945e-01
5.904561653733253479e-02
5.750097036361694336e-01
3.430453836917877197e-01
1.487433463335037231e-01
3.454357013106346130e-02
1.085965782403945923e-01
8.368234038352966309e-01
7.741597890853881836e-01
8.147530555725097656e-01
3.333025574684143066e-01
3.808697164058685303e-01
1.604245156049728394e-01
1.863452643156051636e-01
1.598962843418121338e-01
9.475971758365631104e-02
1.006161645054817200e-01
4.612620770931243896e-01
7.392134070396423340e-01
7.316901087760925293e-01
1.594891846179962158e-01
3.892274498939514160e-01
1.595972031354904175e-01
2.757930755615234375e-01
7.932453155517578125e-01
4.931357502937316895e-01
1.171575784683227539e-01
8.900597691535949707e-02
4.760546609759330750e-02
3.879963234066963196e-02
2.024218589067459106e-01
8.480885028839111328e-01
2.249557077884674072e-01
2.051481604576110840e-02
1.238450109958648682e-01
4.085553586483001709e-01
7.133976817131042480e-01
8.568777889013290405e-02
2.465538382530212402e-01
2.729730010032653809e-01
8.439981937408447266e-01
1.197942420840263367e-01
7.288501411676406860e-02
2.450626492500305176e-01
5.071292519569396973e-01
3.654391169548034668e-01
1.561149861663579941e-02
3.568511903285980225e-01
8.818972110748291016e-01
5.217213630676269531e-01
4.359612166881561279e-01
7.250948250293731689e-02
9.040774405002593994e-02
4.904182553291320801e-01
3.479267954826354980e-01
4.263490140438079834e-01
3.802388012409210205e-01
5.809442996978759766e-01
1.576748192310333252e-01
5.076882243156433105e-02
2.564440853893756866e-02
4.344191551208496094e-01
2.120689153671264648e-01
1.645845547318458557e-02
2.301819175481796265e-01
7.511423826217651367e-01
2.962565124034881592e-01
4.975803792476654053e-01
2.487189322710037231e-01
2.068799883127212524e-01
1.160137355327606201e-01
7.135298848152160645e-02
3.553666174411773682e-01
8.843331336975097656e-01
1.640419475734233856e-02
9.060094356536865234e-01
9.482032060623168945e-01
5.413241386413574219e-01
2.778654098510742188e-01
5.818347334861755371e-01
7.019213587045669556e-02
5.352318286895751953e-01
6.908312439918518066e-01
7.194615602493286133e-01
5.757883191108703613e-01
1.091020852327346802e-01
1.778643876314163208e-01
9.312708675861358643e-02
6.504666805267333984e-01
2.428396493196487427e-01
3.262974023818969727e-01
3.651298284530639648e-01
5.487191677093505859e-01
1.950496286153793335e-01
2.440597862005233765e-01
2.635505795478820801e-01
1.995611935853958130e-01
2.983568906784057617e-01
4.428420960903167725e-01
4.018902182579040527e-01
2.564847841858863831e-02
5.116312503814697266e-01
4.836111143231391907e-02
2.783694863319396973e-01
7.334493398666381836e-01
3.645812720060348511e-02
9.172364324331283569e-02
7.937951385974884033e-02
2.600140869617462158e-01
9.251505136489868164e-01
4.089023172855377197e-01
8.516314625740051270e-01
4.978058859705924988e-02
1.129895634949207306e-02
1.944544725120067596e-02
8.597007989883422852e-01
2.418069541454315186e-01
6.526246070861816406e-01
3.197589814662933350e-01
1.987822353839874268e-01
1.048188358545303345e-01
1.362061053514480591e-01
5.660105347633361816e-01
8.489490151405334473e-01
2.736825682222843170e-02
4.478864371776580811e-02
8.416053652763366699e-01
1.977989524602890015e-01
6.596945971250534058e-02
2.943474948406219482e-01
1.561286747455596924e-01
1.879190951585769653e-01
2.359689176082611084e-01
4.084589183330535889e-01
7.173805683851242065e-02
1.490546166896820068e-01
3.174882009625434875e-02
9.565676748752593994e-02
6.127496957778930664e-01
5.016883015632629395e-01
1.869565993547439575e-01
8.001824468374252319e-02
6.758902221918106079e-02
5.676487460732460022e-02
2.297269701957702637e-01
2.130096554756164551e-01
3.412523567676544189e-01
5.806639045476913452e-02
3.093381524085998535e-01
9.335435032844543457e-01
4.212819412350654602e-02
2.138527333736419678e-01
1.731928288936614990e-01
5.569635033607482910e-01
2.751418650150299072e-01
5.111053586006164551e-02
3.207898437976837158e-01
8.919485211372375488e-01
1.140975877642631531e-01
1.468145400285720825e-01
7.428880035877227783e-02
1.368503272533416748e-01
6.955099850893020630e-02
6.321891546249389648e-01
2.624680101871490479e-01
2.073711752891540527e-01
8.802187442779541016e-01
2.924447953701019287e-01
5.650288462638854980e-01
2.087210416793823242e-01
9.695374965667724609e-02
5.127645730972290039e-01
1.024843081831932068e-01
1.314998324960470200e-02
9.087604880332946777e-01
6.212301254272460938e-01
5.286862850189208984e-01
7.188680768013000488e-01
7.333629578351974487e-02
5.179792046546936035e-01
2.181152999401092529e-01
1.779038906097412109e-01
3.223859071731567383e-01
3.668459504842758179e-02
1.205151751637458801e-01
2.489979714155197144e-01
9.095466136932373047e-02
6.623243689537048340e-01
6.332924962043762207e-01
4.657295048236846924e-01
7.016717642545700073e-02
5.906964540481567383e-01
7.938419580459594727e-01
2.440709769725799561e-01
8.313699364662170410e-01
2.628557682037353516e-01
5.032068490982055664e-01
6.249733269214630127e-02
8.244954347610473633e-01
2.711688280105590820e-01
6.488414108753204346e-02
8.164974451065063477e-01
2.672757804393768311e-01
8.275154232978820801e-01
6.497268378734588623e-02
2.528842091560363770e-01
2.824403941631317139e-01
3.662500083446502686e-01
3.429236412048339844e-01
8.735567927360534668e-01
1.943256407976150513e-01
2.721448838710784912e-01
1.528071705251932144e-02
8.459298014640808105e-01
8.081113547086715698e-02
3.722458332777023315e-02
7.912659645080566406e-01
7.662823796272277832e-01
2.680867314338684082e-01
6.237222254276275635e-02
4.481766223907470703e-01
3.219653666019439697e-01
7.719153761863708496e-01
2.249978184700012207e-01
8.398232460021972656e-01
2.083771303296089172e-02
2.804170548915863037e-01
3.026000969111919403e-02
1.817118525505065918e-01
9.871884435415267944e-02
3.956212103366851807e-01
2.653588652610778809e-01
1.952012032270431519e-01
3.487311601638793945e-01
1.134776100516319275e-01
5.808566808700561523e-01
8.431750535964965820e-01
2.091071605682373047e-01
4.670624434947967529e-01
4.550958797335624695e-02
3.796231150627136230e-01
8.389807939529418945e-01
8.180745244026184082e-01
2.290577739477157593e-01
2.614623010158538818e-01
8.505691587924957275e-02
3.105987608432769775e-01
3.124362416565418243e-02
1.853407472372055054e-01
9.249339699745178223e-01
2.266656160354614258e-01
5.823299288749694824e-01
1.188286915421485901e-01
4.171485006809234619e-01
1.777851879596710205e-01
1.569009274244308472e-01
7.622221857309341431e-02
7.496802508831024170e-02
3.982900381088256836e-01
8.659744858741760254e-01
6.127543449401855469e-01
1.324284523725509644e-01
7.642497867345809937e-02
5.966371893882751465e-01
9.074258804321289062e-01
5.712926983833312988e-01
1.104787439107894897e-01
2.170248180627822876e-01
4.992794096469879150e-01
7.123987674713134766e-01
8.062608242034912109e-01
9.990739822387695312e-02
8.182969689369201660e-01
8.672586679458618164e-01
4.120950996875762939e-01
8.633850812911987305e-01
3.324353098869323730e-01
1.634383015334606171e-02
5.588558316230773926e-01
2.301336228847503662e-01
6.619986891746520996e-01
2.428737878799438477e-01
5.681762695312500000e-01
3.313581049442291260e-01
1.877486258745193481e-01
5.231929421424865723e-01
3.736483752727508545e-01
7.603806853294372559e-01
2.906302362680435181e-02
1.992418318986892700e-01
5.591589808464050293e-01
2.259344011545181274e-01
3.789653182029724121e-01
2.101623415946960449e-01
3.552985489368438721e-01
7.863917350769042969e-01
7.086912989616394043e-01
1.147242784500122070e-01
1.349628567695617676e-01
4.165970683097839355e-01
1.847753673791885376e-02
2.109862267971038818e-01
1.502517014741897583e-01
4.642969965934753418e-01
1.002342551946640015e-01
1.361272763460874557e-02
4.935322999954223633e-01
2.714482545852661133e-01
6.145435571670532227e-02
5.910824537277221680e-01
7.749898731708526611e-02
6.340599656105041504e-01
3.770823180675506592e-01
9.740093350410461426e-02
2.268239110708236694e-01
2.169481664896011353e-02
4.145448207855224609e-01
1.871084868907928467e-01
1.345013380050659180e-01
5.512609705328941345e-02
7.228501886129379272e-02
3.128065764904022217e-01
1.364834159612655640e-01
1.163523271679878235e-01
1.749265193939208984e-01
2.249131947755813599e-01
4.755463004112243652e-01
5.201660990715026855e-01
4.546267166733741760e-02
6.411410868167877197e-02
4.904327094554901123e-01
2.474522590637207031e-01
7.991961389780044556e-02
9.366558194160461426e-01
6.009802222251892090e-01
1.588900834321975708e-01
8.839476108551025391e-02
2.690897285938262939e-01
7.211923599243164062e-02
1.134645715355873108e-01
5.242604613304138184e-01
1.690571159124374390e-01
5.543382167816162109e-01
4.177826344966888428e-01
3.829009830951690674e-01
5.449260771274566650e-02
2.473883926868438721e-01
1.344325095415115356e-01
2.848266065120697021e-01
2.906633019447326660e-01
2.204516977071762085e-01
4.047479331493377686e-01
2.239847332239151001e-01
9.375745654106140137e-01
3.825562819838523865e-02
2.695882022380828857e-01
7.265611886978149414e-01
4.389668703079223633e-01
3.883398473262786865e-01
6.848281621932983398e-01
5.280618071556091309e-01
1.905409991741180420e-01
7.812036275863647461e-01
6.527097821235656738e-01
3.570553064346313477e-01
8.496070504188537598e-01
1.119766980409622192e-01
7.310793399810791016e-01
5.792263746261596680e-01
6.480249762535095215e-02
1.731076650321483612e-02
5.067284703254699707e-01
1.782559603452682495e-01
5.383651703596115112e-02
4.974648356437683105e-01
9.083120822906494141e-01
1.150948777794837952e-01
3.007514402270317078e-02
2.022509872913360596e-01
3.628891333937644958e-02
2.229347229003906250e-01
4.926545545458793640e-02
9.496895223855972290e-02
4.370792210102081299e-02
6.405273079872131348e-01
1.741785556077957153e-01
5.708435177803039551e-01
4.051374793052673340e-01
8.640599250793457031e-01
1.477859765291213989e-01
1.046973615884780884e-01
4.336987435817718506e-01
7.322980761528015137e-01
4.864642024040222168e-02
3.584858179092407227e-01
3.292458653450012207e-01
2.263055555522441864e-02
8.998995423316955566e-01
2.162167131900787354e-01
1.572163999080657959e-01
3.860909119248390198e-02
3.499650061130523682e-01
3.160974979400634766e-01
6.583710908889770508e-01
1.585140377283096313e-01
1.689413636922836304e-01
7.204850018024444580e-02
3.596432805061340332e-01
2.343280911445617676e-01
1.138167735189199448e-02
1.580113321542739868e-01
3.491340577602386475e-01
2.386008203029632568e-02
1.364353448152542114e-01
4.108291491866111755e-02
3.587765097618103027e-01
1.499736011028289795e-01
8.613001704216003418e-01
8.121263980865478516e-01
1.518292129039764404e-01
