2.786490134894847870e-02
9.624414443969726562e-01
1.120341867208480835e-01
8.538578748703002930e-01
2.816993594169616699e-01
8.736713230609893799e-02
6.828376054763793945e-01
2.293406575918197632e-01
9.311863183975219727e-01
5.282532796263694763e-02
4.712510406970977783e-01
1.839152425527572632e-01
7.801267504692077637e-01
4.096502363681793213e-01
1.867403686046600342e-01
3.363902866840362549e-01
5.004335045814514160e-01
7.557969093322753906e-01
9.679664373397827148e-01
3.924439847469329834e-01
7.880381941795349121e-01
8.027456998825073242e-01
6.320129334926605225e-02
4.207321628928184509e-02
4.179458618164062500e-01
5.325295776128768921e-02
8.722763061523437500e-01
2.696299850940704346e-01
4.473163187503814697e-01
3.977537751197814941e-01
2.033099532127380371e-01
1.782273501157760620e-02
8.714454770088195801e-01
1.113518401980400085e-01
2.505910694599151611e-01
1.820585131645202637e-01
3.592294752597808838e-01
1.120712906122207642e-01
5.020059943199157715e-01
9.231796860694885254e-01
2.766180336475372314e-01
1.098838374018669128e-01
5.326425656676292419e-02
3.354020416736602783e-01
5.023468285799026489e-02
1.607832908630371094e-01
5.712110400199890137e-01
6.569828391075134277e-01
2.451052702963352203e-02
8.677828907966613770e-01
1.461796611547470093e-01
3.249846398830413818e-02
2.601772844791412354e-01
3.914590179920196533e-01
2.201353013515472412e-01
8.736785501241683960e-02
8.498637080192565918e-01
1.112295836210250854e-01
5.848931148648262024e-02
2.638224363327026367e-01
5.896859169006347656e-01
1.206609234213829041e-01
7.112956792116165161e-02
8.582995831966400146e-02
7.734955102205276489e-02
2.005118727684020996e-01
6.345409154891967773e-02
3.428936302661895752e-01
4.629347920417785645e-01
2.873551547527313232e-01
1.128738597035408020e-01
7.202391624450683594e-01
6.127918958663940430e-01
6.271988153457641602e-02
5.068838596343994141e-01
9.645566344261169434e-02
3.461040928959846497e-02
2.170141600072383881e-02
1.877749860286712646e-01
6.329468637704849243e-02
9.286013841629028320e-01
8.263881206512451172e-01
9.229524731636047363e-01
6.040633320808410645e-01
9.508074522018432617e-01
7.067968249320983887e-01
7.697408646345138550e-02
1.190517842769622803e-01
5.459480285644531250e-01
3.942019343376159668e-01
7.528378963470458984e-01
9.344878047704696655e-02
8.369159698486328125e-02
6.154613494873046875e-01
6.118619441986083984e-01
4.600607156753540039e-01
6.091035008430480957e-01
8.948467969894409180e-01
1.047045141458511353e-01
1.055368334054946899e-01
7.285870909690856934e-01
1.814327389001846313e-01
6.409606933593750000e-01
2.059328556060791016e-01
3.056609034538269043e-01
1.280833035707473755e-01
5.306087806820869446e-02
7.309359312057495117e-01
5.965849757194519043e-01
4.006091058254241943e-01
1.650158464908599854e-01
3.672683984041213989e-02
7.085747271776199341e-02
9.386343359947204590e-01
3.046678900718688965e-01
7.676515728235244751e-02
9.255252480506896973e-01
4.224821552634239197e-02
2.443787008523941040e-01
7.458323836326599121e-01
1.656063832342624664e-02
9.413652122020721436e-02
1.922712922096252441e-01
8.048370480537414551e-01
9.356086254119873047e-01
6.810817867517471313e-02
1.085085645318031311e-01
3.002633452415466309e-01
4.336878657341003418e-02
6.991793215274810791e-02
9.388464689254760742e-01
6.905162930488586426e-01
9.116499423980712891e-01
4.672510325908660889e-01
5.958412289619445801e-01
4.212363958358764648e-01
9.332939982414245605e-01
2.550950050354003906e-01
6.662141084671020508e-01
6.357739865779876709e-02
8.544597029685974121e-01
8.309882879257202148e-01
7.324231863021850586e-01
4.570215046405792236e-01
2.529217898845672607e-01
4.797337949275970459e-02
2.687401771545410156e-01
8.731693625450134277e-01
6.571198701858520508e-01
1.779034435749053955e-01
2.989212051033973694e-02
1.289624422788619995e-01
9.957756102085113525e-02
2.763128280639648438e-01
1.001542434096336365e-01
1.069316267967224121e-01
2.568769454956054688e-01
2.303548306226730347e-01
2.010395079851150513e-01
7.714377641677856445e-01
5.823410153388977051e-01
5.898187756538391113e-01
1.001883149147033691e-01
2.306462526321411133e-01
8.732594251632690430e-01
5.081022381782531738e-01
4.381003677845001221e-01
2.801882922649383545e-01
7.255335152149200439e-02
4.215213060379028320e-01
7.231121510267257690e-02
4.524680972099304199e-02
5.837402939796447754e-01
6.894682645797729492e-01
7.061372697353363037e-02
9.172198176383972168e-01
1.924432218074798584e-01
5.257004126906394958e-02
8.330678939819335938e-01
1.493191123008728027e-01
1.991878747940063477e-01
6.108594313263893127e-02
9.573554247617721558e-02
2.497984021902084351e-01
3.259044140577316284e-02
1.875456124544143677e-01
2.087449878454208374e-01
5.289277434349060059e-01
5.100554227828979492e-01
2.280072718858718872e-01
4.993340745568275452e-02
8.959847688674926758e-01
3.592645004391670227e-02
8.121915459632873535e-01
3.171461224555969238e-01
5.921234488487243652e-01
7.122063636779785156e-02
3.114982247352600098e-01
5.798170566558837891e-01
3.068536147475242615e-02
3.463215753436088562e-02
9.956099838018417358e-02
7.720979452133178711e-01
1.989206820726394653e-01
8.720815181732177734e-01
9.049353599548339844e-01
6.343141794204711914e-01
5.352545529603958130e-02
9.668079614639282227e-01
3.929150104522705078e-01
3.160160779953002930e-01
4.235927760601043701e-02
2.556031346321105957e-01
5.710383653640747070e-01
4.413645267486572266e-01
3.589015826582908630e-02
8.918310403823852539e-01
5.079336762428283691e-01
8.466209173202514648e-01
7.587743550539016724e-02
9.249071478843688965e-01
9.404313564300537109e-01
7.589983940124511719e-01
9.041658788919448853e-02
1.049532517790794373e-01
1.607630848884582520e-01
6.002613306045532227e-01
7.487733364105224609e-01
1.154663115739822388e-01
5.736148953437805176e-01
5.283539891242980957e-01
9.138897657394409180e-01
1.237279996275901794e-01
6.997761726379394531e-01
8.777138590812683105e-01
4.667766690254211426e-01
5.303084254264831543e-01
9.449889063835144043e-01
1.779640913009643555e-01
3.662173151969909668e-01
8.960034847259521484e-01
6.720481067895889282e-02
5.568466782569885254e-01
1.123542338609695435e-01
3.427920937538146973e-01
3.812755346298217773e-01
8.808995783329010010e-02
9.514088630676269531e-01
6.742581725120544434e-02
7.415949702262878418e-01
2.059458792209625244e-01
4.942388087511062622e-02
2.189278602600097656e-01
7.755897194147109985e-02
1.479769200086593628e-01
2.245958447456359863e-01
5.452037453651428223e-01
7.977051734924316406e-01
9.802763909101486206e-02
8.627343773841857910e-01
1.838121563196182251e-01
7.157535552978515625e-01
4.951078295707702637e-01
3.929666429758071899e-02
1.480867564678192139e-01
4.829297661781311035e-01
1.870279610157012939e-01
4.502400457859039307e-01
1.552834063768386841e-01
7.505561709403991699e-01
8.951218128204345703e-01
8.079227209091186523e-01
5.060126781463623047e-01
2.275207638740539551e-01
8.970298767089843750e-01
6.376764178276062012e-02
9.005175232887268066e-01
1.711048036813735962e-01
9.005562067031860352e-01
8.954819291830062866e-02
2.695280313491821289e-01
9.019994735717773438e-01
1.300509124994277954e-01
5.388035178184509277e-01
5.162230730056762695e-01
3.558336794376373291e-01
6.149031221866607666e-02
1.799256354570388794e-01
4.271002113819122314e-01
2.483980804681777954e-01
2.031317055225372314e-01
4.875359535217285156e-01
7.457146048545837402e-01
4.059107303619384766e-01
1.640855371952056885e-01
3.242168948054313660e-02
8.226761221885681152e-02
8.105399608612060547e-01
6.800903081893920898e-01
1.359070688486099243e-01
9.296326637268066406e-01
4.879284203052520752e-01
2.959522902965545654e-01
1.520191282033920288e-01
8.245324343442916870e-02
4.898289591073989868e-02
1.208024621009826660e-01
6.358076333999633789e-01
9.181296229362487793e-01
7.577246427536010742e-01
6.149950623512268066e-01
1.171702444553375244e-01
1.589633375406265259e-01
1.237770766019821167e-01
5.380311012268066406e-01
4.483340382575988770e-01
9.258338212966918945e-01
8.183230757713317871e-01
3.328111767768859863e-01
1.294651776552200317e-01
5.524504184722900391e-01
2.725149393081665039e-01
2.807798385620117188e-01
9.368532896041870117e-01
6.666067838668823242e-01
5.320651531219482422e-01
2.690534889698028564e-01
7.141172140836715698e-02
5.393304675817489624e-02
7.351466268301010132e-02
4.055059701204299927e-02
7.175541669130325317e-02
5.162238478660583496e-01
1.008997112512588501e-01
9.713090211153030396e-02
9.195530414581298828e-01
2.380226105451583862e-01
4.177718237042427063e-02
2.318185418844223022e-01
2.287431508302688599e-01
4.783919826149940491e-02
4.428610205650329590e-01
8.752955794334411621e-01
3.014918863773345947e-01
9.195075631141662598e-01
2.246389910578727722e-02
3.461153507232666016e-01
5.930323600769042969e-01
2.265859693288803101e-01
8.761155009269714355e-01
6.853371858596801758e-02
1.899484544992446899e-02
4.535085707902908325e-02
1.205598860979080200e-01
6.602604389190673828e-01
4.402101784944534302e-02
6.612124443054199219e-01
3.211096823215484619e-01
1.290359348058700562e-01
3.486895859241485596e-01
1.563611775636672974e-01
5.274662375450134277e-01
3.121646046638488770e-01
1.171332821249961853e-01
8.730643391609191895e-01
3.406252861022949219e-01
3.088496923446655273e-01
9.643634557723999023e-01
3.237169981002807617e-01
1.329514086246490479e-01
4.505894780158996582e-01
9.996023774147033691e-02
2.495513260364532471e-01
1.772971302270889282e-01
6.912435591220855713e-02
8.305617421865463257e-02
1.506915390491485596e-01
9.804668277502059937e-02
8.634397983551025391e-01
1.725841611623764038e-01
7.857713848352432251e-02
3.765024244785308838e-02
8.918412327766418457e-01
6.937501430511474609e-01
3.893029391765594482e-01
2.919713854789733887e-01
5.146110653877258301e-01
3.549747765064239502e-01
1.611417531967163086e-01
3.499283492565155029e-01
2.219847217202186584e-02
9.092114120721817017e-02
9.200995415449142456e-02
1.168934106826782227e-01
2.849472165107727051e-01
3.264521714299917221e-03
8.312869668006896973e-01
3.408939838409423828e-01
8.710799813270568848e-01
2.022798359394073486e-01
2.697314023971557617e-01
1.116036176681518555e-01
8.214768767356872559e-01
5.767264366149902344e-01
8.034744858741760254e-01
8.217540979385375977e-01
5.528239607810974121e-01
4.550079107284545898e-01
3.932455182075500488e-01
1.650920361280441284e-01
7.761566340923309326e-02
3.158627450466156006e-02
1.215037629008293152e-01
5.592660903930664062e-01
8.412238955497741699e-01
4.889048635959625244e-02
3.896880149841308594e-01
2.695177793502807617e-01
2.370746284723281860e-01
7.293278723955154419e-02
8.445405215024948120e-02
7.592202425003051758e-01
8.346688151359558105e-01
3.118692338466644287e-02
6.608383357524871826e-02
5.812554955482482910e-01
4.252448678016662598e-02
2.829334139823913574e-02
1.223950758576393127e-01
1.062957271933555603e-01
1.774120330810546875e-01
2.524854242801666260e-01
7.519959211349487305e-01
5.893918275833129883e-01
2.262037843465805054e-01
7.092389464378356934e-02
4.505533576011657715e-01
2.854251861572265625e-02
5.605178475379943848e-01
5.319175124168395996e-01
1.366817057132720947e-01
5.802174285054206848e-02
1.215510889887809753e-01
7.153838276863098145e-01
7.834932208061218262e-02
3.480139672756195068e-01
5.937141925096511841e-02
7.518343329429626465e-01
1.017965301871299744e-01
1.928840950131416321e-02
2.770589590072631836e-01
8.510336279869079590e-01
5.378071069717407227e-01
6.024908274412155151e-02
5.780678987503051758e-02
4.028478264808654785e-01
1.714881956577301025e-01
4.719483479857444763e-02
9.554503858089447021e-02
2.406910806894302368e-01
3.059710860252380371e-01
1.312923133373260498e-01
9.328993409872055054e-02
2.621043622493743896e-01
6.001804769039154053e-02
2.245842516422271729e-01
9.175119400024414062e-01
5.494263172149658203e-01
8.432018011808395386e-02
9.729631543159484863e-01
3.529796600341796875e-01
5.930967330932617188e-01
8.533581346273422241e-02
7.710785865783691406e-01
6.568028926849365234e-01
3.994784504175186157e-02
8.889138698577880859e-01
9.083660840988159180e-01
4.625642001628875732e-01
1.400597020983695984e-02
4.197084009647369385e-01
4.130204916000366211e-01
2.035085111856460571e-01
5.874248147010803223e-01
6.094192340970039368e-02
1.892369538545608521e-01
1.976091563701629639e-01
9.048805385828018188e-02
2.834381163120269775e-01
4.719439744949340820e-01
3.471345454454421997e-02
2.323406934738159180e-01
1.167879328131675720e-01
9.046442508697509766e-01
6.236711740493774414e-01
6.882766485214233398e-01
1.716011762619018555e-01
5.857225656509399414e-01
1.492855697870254517e-01
1.107138320803642273e-01
9.276252388954162598e-01
1.224595680832862854e-01
6.445121169090270996e-01
9.320039749145507812e-01
2.052484154701232910e-01
5.249784514307975769e-02
3.246522247791290283e-01
8.353494107723236084e-02
8.264410495758056641e-01
7.103358954191207886e-02
8.991250395774841309e-02
3.493095636367797852e-01
8.228991031646728516e-01
4.126344025135040283e-01
7.140137553215026855e-01
1.329514086246490479e-01
3.582254946231842041e-01
7.090959548950195312e-01
1.225265711545944214e-01
2.188829630613327026e-01
1.514922231435775757e-01
5.333275198936462402e-01
2.048180401325225830e-01
5.472534298896789551e-01
7.308085560798645020e-01
1.715556234121322632e-01
5.542222261428833008e-01
8.935992121696472168e-01
8.864994347095489502e-02
7.531500458717346191e-01
1.276754587888717651e-01
3.374726176261901855e-01
2.277209162712097168e-01
4.491214454174041748e-02
8.585431575775146484e-01
6.074291467666625977e-01
4.517169594764709473e-01
7.092143893241882324e-01
8.937773108482360840e-01
9.555949568748474121e-01
9.471512436866760254e-01
3.253027051687240601e-02
2.785540521144866943e-01
2.698754072189331055e-01
4.106148183345794678e-01
9.158729910850524902e-01
2.386806756258010864e-01
3.129321634769439697e-01
1.604600399732589722e-01
7.261868566274642944e-02
9.154641032218933105e-01
2.073797583580017090e-02
2.746981754899024963e-02
8.287606835365295410e-01
3.624612092971801758e-02
5.620345845818519592e-02
4.178399443626403809e-01
4.630762636661529541e-01
9.422617554664611816e-01
2.435797825455665588e-02
7.807230949401855469e-02
1.236615777015686035e-01
8.489789962768554688e-01
9.052126407623291016e-01
2.436419203877449036e-02
8.998119235038757324e-01
5.501305311918258667e-02
5.469118952751159668e-01
2.114957869052886963e-01
8.008211255073547363e-01
3.961175382137298584e-01
6.781107187271118164e-02
3.073702156543731689e-01
8.181571960449218750e-01
1.050888672471046448e-01
3.394166007637977600e-02
8.071357011795043945e-01
3.666033595800399780e-02
5.015665292739868164e-02
3.318648934364318848e-01
6.309459209442138672e-01
3.542589768767356873e-02
7.590604424476623535e-01
3.845053613185882568e-01
2.591046094894409180e-01
4.263906553387641907e-02
1.439130455255508423e-01
8.979791402816772461e-01
8.296322226524353027e-01
8.228694200515747070e-01
3.732503354549407959e-01
5.385327935218811035e-01
1.502213329076766968e-01
2.751031517982482910e-01
1.041192784905433655e-01
8.223035186529159546e-02
9.080498665571212769e-02
7.981733083724975586e-01
8.597046136856079102e-01
8.635234832763671875e-01
1.033328697085380554e-01
5.002149939537048340e-01
1.572395563125610352e-01
2.804449498653411865e-01
9.048172831535339355e-01
6.257552504539489746e-01
1.177504509687423706e-01
7.628843188285827637e-02
4.712498933076858521e-02
2.593851275742053986e-02
2.740539610385894775e-01
9.053554534912109375e-01
2.747735679149627686e-01
3.200959786772727966e-02
1.087654978036880493e-01
5.303283333778381348e-01
7.577778697013854980e-01
7.838605344295501709e-02
3.428266942501068115e-01
3.894559144973754883e-01
8.482745885848999023e-01
1.439047306776046753e-01
7.237657904624938965e-02
2.514801919460296631e-01
6.333636641502380371e-01
5.360398292541503906e-01
2.692980319261550903e-02
6.222578287124633789e-01
9.134163856506347656e-01
8.223899006843566895e-01
5.987717509269714355e-01
2.300766669213771820e-02
5.961340665817260742e-02
8.497780561447143555e-01
5.890438556671142578e-01
3.021337389945983887e-01
5.619789958000183105e-01
7.394918203353881836e-01
1.413463056087493896e-01
5.809953063726425171e-02
2.368527092039585114e-02
4.522444903850555420e-01
2.033331394195556641e-01
3.017259575426578522e-02
1.662637591361999512e-01
8.286889195442199707e-01
2.336747646331787109e-01
8.316432237625122070e-01
4.599803984165191650e-01
2.235386520624160767e-01
6.631566584110260010e-02
5.153171345591545105e-02
7.106384634971618652e-01
9.218174815177917480e-01
2.645253390073776245e-02
9.460877180099487305e-01
9.766049981117248535e-01
7.064673304557800293e-01
3.497365713119506836e-01
7.437789440155029297e-01
5.802178010344505310e-02
6.220942139625549316e-01
7.855610847473144531e-01
8.366624116897583008e-01
7.877177596092224121e-01
1.275005489587783813e-01
1.876246780157089233e-01
9.146296232938766479e-02
6.696776151657104492e-01
3.354948759078979492e-01
5.244230628013610840e-01
4.796303510665893555e-01
7.318500876426696777e-01
1.424899846315383911e-01
3.280887603759765625e-01
5.569653511047363281e-01
1.878035366535186768e-01
4.207729101181030273e-01
7.487469911575317383e-01
6.272023916244506836e-01
3.044437058269977570e-02
6.669808626174926758e-01
5.729077756404876709e-02
3.387717604637145996e-01
8.386958241462707520e-01
8.805819600820541382e-02
8.719456195831298828e-02
4.658208787441253662e-02
3.521785438060760498e-01
9.667711853981018066e-01
5.752297639846801758e-01
9.339967966079711914e-01
3.872175514698028564e-02
2.133239246904850006e-02
4.728147387504577637e-02
9.037337899208068848e-01
2.699663937091827393e-01
7.679470181465148926e-01
6.230884790420532227e-01
3.615741729736328125e-01
5.050053447484970093e-02
1.998150050640106201e-01
7.620280385017395020e-01
9.175388216972351074e-01
2.508564852178096771e-02
5.885656177997589111e-02
9.282479286193847656e-01
2.328341901302337646e-01
3.913201391696929932e-02
4.059163033962249756e-01
1.041076481342315674e-01
1.814100295305252075e-01
4.677193462848663330e-01
4.317533373832702637e-01
3.444388881325721741e-02
2.489785104990005493e-01
8.050777763128280640e-02
6.129205971956253052e-02
7.666107416152954102e-01
6.915590763092041016e-01
1.265697926282882690e-01
8.966248482465744019e-02
4.645444452762603760e-02
7.564248144626617432e-02
2.063277065753936768e-01
1.798024922609329224e-01
3.704871833324432373e-01
5.537666752934455872e-02
2.606823742389678955e-01
9.596261978149414062e-01
7.234157621860504150e-02
2.024643123149871826e-01
1.362750083208084106e-01
7.215577960014343262e-01
4.316193163394927979e-01
3.287169337272644043e-02
4.871203601360321045e-01
9.336639046669006348e-01
1.185299307107925415e-01
1.139277070760726929e-01
5.901226773858070374e-02
1.107707619667053223e-01
1.632831096649169922e-01
5.491133332252502441e-01
3.555819094181060791e-01
1.723759174346923828e-01
9.379793405532836914e-01
6.288338303565979004e-01
7.287068963050842285e-01
2.981176376342773438e-01
8.556134253740310669e-02
8.111938238143920898e-01
2.125407606363296509e-01
2.165009081363677979e-02
9.483335614204406738e-01
8.026837110519409180e-01
8.358447551727294922e-01
8.552785515785217285e-01
6.191389635205268860e-02
5.185783505439758301e-01
2.457368820905685425e-01
1.718510091304779053e-01
5.354354381561279297e-01
5.991195887327194214e-02
8.298137784004211426e-02
4.041882157325744629e-01
1.677761524915695190e-01
8.578099012374877930e-01
6.953044533729553223e-01
5.778466463088989258e-01
4.779923707246780396e-02
7.950026988983154297e-01
7.633372545242309570e-01
2.078834325075149536e-01
9.198483824729919434e-01
4.923008084297180176e-01
4.309452474117279053e-01
5.445532873272895813e-02
8.868985772132873535e-01
6.657902002334594727e-01
9.335371851921081543e-02
9.005770087242126465e-01
4.250563979148864746e-01
8.776519894599914551e-01
6.234008818864822388e-02
3.383885025978088379e-01
3.389006853103637695e-01
4.861113727092742920e-01
5.349151492118835449e-01
9.267219901084899902e-01
2.285827398300170898e-01
4.005030989646911621e-01
2.242446690797805786e-02
9.114201664924621582e-01
1.018576472997665405e-01
2.950532734394073486e-02
9.007635116577148438e-01
8.676924109458923340e-01
6.151369810104370117e-01
6.690107285976409912e-02
5.587012767791748047e-01
4.708487689495086670e-01
8.861539363861083984e-01
1.765655428171157837e-01
9.373741149902343750e-01
2.633653581142425537e-02
2.640675306320190430e-01
3.992082551121711731e-02
2.366139739751815796e-01
9.400819242000579834e-02
5.039182901382446289e-01
3.720403909683227539e-01
2.357839643955230713e-01
4.988497197628021240e-01
1.574329882860183716e-01
7.355208992958068848e-01
9.078416228294372559e-01
1.104703992605209351e-01
5.599246025085449219e-01
5.857617780566215515e-02
5.968966484069824219e-01
9.121629595756530762e-01
9.280736446380615234e-01
1.873414814472198486e-01
2.527659833431243896e-01
6.666471064090728760e-02
1.938942670822143555e-01
2.110708206892013550e-01
3.009158372879028320e-01
9.416331648826599121e-01
2.014630585908889771e-01
7.577469944953918457e-01
3.869394063949584961e-01
8.316833972930908203e-01
1.628283709287643433e-01
2.189218699932098389e-01
2.905365452170372009e-02
6.037710234522819519e-02
1.588797420263290405e-01
8.968249559402465820e-01
8.670049905776977539e-01
1.644221246242523193e-01
7.573562115430831909e-02
6.556038260459899902e-01
9.424529671669006348e-01
8.146895170211791992e-01
1.088135167956352234e-01
3.315378427505493164e-01
8.429508805274963379e-01
7.869023680686950684e-01
8.738103508949279785e-01
1.158527955412864685e-01
9.074232578277587891e-01
8.768424391746520996e-01
5.496971607208251953e-01
9.095064401626586914e-01
5.534387826919555664e-01
2.566363476216793060e-02
6.310977339744567871e-01
3.023738563060760498e-01
7.770239710807800293e-01
3.305293917655944824e-01
8.350833058357238770e-01
2.686960995197296143e-01
1.408496499061584473e-01
7.736656069755554199e-01
5.265305042266845703e-01
8.624750971794128418e-01
3.759957477450370789e-02
2.554671764373779297e-01
7.779127359390258789e-01
5.114156007766723633e-01
5.660240054130554199e-01
2.141939699649810791e-01
5.082665085792541504e-01
8.430420160293579102e-01
7.411518096923828125e-01
9.278462082147598267e-02
6.307260692119598389e-02
1.329514086246490479e-01
2.467884309589862823e-02
1.735025346279144287e-01
1.455481797456741333e-01
7.411968111991882324e-01
8.641161769628524780e-02
2.960442006587982178e-02
7.536745667457580566e-01
5.730160474777221680e-01
6.108173727989196777e-02
6.197432875633239746e-01
6.612608581781387329e-02
8.157230019569396973e-01
6.411058306694030762e-01
5.031094700098037720e-02
3.262268900871276855e-01
3.047426976263523102e-02
6.249366998672485352e-01
2.168433368206024170e-01
7.247401028871536255e-02
9.954641759395599365e-02
6.131617352366447449e-02
6.871058940887451172e-01
1.402060538530349731e-01
5.955826491117477417e-02
1.418655514717102051e-01
2.048566192388534546e-01
5.999925732612609863e-01
6.180773973464965820e-01
4.214520379900932312e-02
7.414605468511581421e-02
6.612553000450134277e-01
4.169797599315643311e-01
5.831228941679000854e-02
9.649376273155212402e-01
8.443878293037414551e-01
1.916618645191192627e-01
4.383292421698570251e-02
2.866393327713012695e-01
6.593936681747436523e-02
1.354271024465560913e-01
7.092812657356262207e-01
3.185279071331024170e-01
6.768472790718078613e-01
5.135738849639892578e-01
6.642799377441406250e-01
3.797365725040435791e-02
4.092639684677124023e-01
1.727365106344223022e-01
3.776328563690185547e-01
4.592825174331665039e-01
2.810896635055541992e-01
6.593592166900634766e-01
4.363041222095489502e-01
9.638872742652893066e-01
5.562759190797805786e-02
2.332389354705810547e-01
9.081417322158813477e-01
4.411922097206115723e-01
6.637677550315856934e-01
7.550684809684753418e-01
5.860541462898254395e-01
3.336238861083984375e-01
8.584102392196655273e-01
7.892853021621704102e-01
2.009152323007583618e-01
8.747467398643493652e-01
1.872219741344451904e-01
8.363785743713378906e-01
7.797971963882446289e-01
6.469518691301345825e-02
2.146567218005657196e-02
6.324495077133178711e-01
1.726241111755371094e-01
7.066625356674194336e-02
4.764112830162048340e-01
9.506536722183227539e-01
8.536319434642791748e-02
3.218202292919158936e-02
2.044114172458648682e-01
3.938511386513710022e-02
1.985787451267242432e-01
7.481708377599716187e-02
1.467625945806503296e-01
4.085766524076461792e-02
5.843006968498229980e-01
2.748708426952362061e-01
7.524148225784301758e-01
6.410995125770568848e-01
9.307144284248352051e-01
1.797045320272445679e-01
6.815524399280548096e-02
5.306829214096069336e-01
7.252194881439208984e-01
5.643099173903465271e-02
3.662620186805725098e-01
4.560073912143707275e-01
4.119750857353210449e-02
9.420813322067260742e-01
1.968054175376892090e-01
1.214331910014152527e-01
3.838300704956054688e-02
3.684094846248626709e-01
1.828989535570144653e-01
8.632304668426513672e-01
2.101238965988159180e-01
2.272251695394515991e-01
8.356051892042160034e-02
4.824219048023223877e-01
2.372650653123855591e-01
7.894404977560043335e-02
2.327852994203567505e-01
2.892123460769653320e-01
2.709866687655448914e-02
1.391307711601257324e-01
2.552508935332298279e-02
5.974370837211608887e-01
1.382566392421722412e-01
9.141667485237121582e-01
9.177342653274536133e-01
1.799274235963821411e-01
