1.603089272975921631e-02
9.493702650070190430e-01
8.790841698646545410e-02
8.261258006095886230e-01
2.270698845386505127e-01
4.868976771831512451e-02
3.619431555271148682e-01
1.251772940158843994e-01
8.554844260215759277e-01
7.046468555927276611e-02
1.795587241649627686e-01
1.387628763914108276e-01
8.189385533332824707e-01
5.214897990226745605e-01
8.430779725313186646e-02
2.243719398975372314e-01
3.770560920238494873e-01
3.692287206649780273e-01
9.428150057792663574e-01
2.242490500211715698e-01
7.537524700164794922e-01
7.017049789428710938e-01
5.278527364134788513e-02
8.240756392478942871e-02
2.308777868747711182e-01
2.878089994192123413e-02
8.018001317977905273e-01
2.349088937044143677e-01
4.615052938461303711e-01
5.302021503448486328e-01
1.460092067718505859e-01
1.151114888489246368e-02
8.352697491645812988e-01
4.966252669692039490e-02
1.173036172986030579e-01
1.323065906763076782e-01
2.147386670112609863e-01
1.162353307008743286e-01
3.027031719684600830e-01
8.838523030281066895e-01
8.190982043743133545e-02
4.436203092336654663e-02
3.568524494767189026e-02
7.201232016086578369e-02
5.150990933179855347e-02
1.961217224597930908e-01
3.564684689044952393e-01
7.095069289207458496e-01
1.265757065266370773e-02
8.510754108428955078e-01
8.304857462644577026e-02
1.526734977960586548e-02
2.092328816652297974e-01
3.335508108139038086e-01
1.627531200647354126e-01
8.149477839469909668e-02
8.460683822631835938e-01
6.393927335739135742e-02
3.011394850909709930e-02
9.012458473443984985e-02
4.042396843433380127e-01
1.101121529936790466e-01
5.742328241467475891e-02
4.925814270973205566e-02
4.499593749642372131e-02
1.348018199205398560e-01
2.687407471239566803e-02
8.143705129623413086e-02
1.830535680055618286e-01
1.531959623098373413e-01
4.089997336268424988e-02
6.868227124214172363e-01
4.431634843349456787e-01
5.725984647870063782e-02
3.683523237705230713e-01
6.042532995343208313e-02
1.805492118000984192e-02
1.091795042157173157e-02
1.477386206388473511e-01
3.803337365388870239e-02
8.522243499755859375e-01
7.417743802070617676e-01
7.932975888252258301e-01
2.605961263179779053e-01
8.647532463073730469e-01
4.295155107975006104e-01
5.026363208889961243e-02
7.106771320104598999e-02
5.740557312965393066e-01
1.836720854043960571e-01
4.980839788913726807e-01
5.423512682318687439e-02
4.172480478882789612e-02
2.859217822551727295e-01
3.790333867073059082e-01
2.319392263889312744e-01
4.994862675666809082e-01
7.520620226860046387e-01
3.825119137763977051e-02
1.003309115767478943e-01
3.563840985298156738e-01
1.112197116017341614e-01
3.674813807010650635e-01
1.396801620721817017e-01
2.175740599632263184e-01
1.103337258100509644e-01
6.123873963952064514e-02
3.581837415695190430e-01
2.980653345584869385e-01
3.626187443733215332e-01
1.909463256597518921e-01
4.036198183894157410e-02
3.806184977293014526e-02
9.166731238365173340e-01
1.970371156930923462e-01
6.788344681262969971e-02
8.119046688079833984e-01
3.063538298010826111e-02
1.428869217634201050e-01
5.112810730934143066e-01
1.452744659036397934e-02
8.679616451263427734e-02
1.008979380130767822e-01
6.362325549125671387e-01
8.272182941436767578e-01
5.199452489614486694e-02
5.158501863479614258e-02
1.459543257951736450e-01
3.681754320859909058e-02
9.444201737642288208e-02
8.885152339935302734e-01
2.828667163848876953e-01
8.872352838516235352e-01
1.915036290884017944e-01
3.090107738971710205e-01
2.896986603736877441e-01
8.731589317321777344e-01
1.210140138864517212e-01
5.314858555793762207e-01
3.912641480565071106e-02
4.769748449325561523e-01
6.971528530120849609e-01
4.510409832000732422e-01
3.854409158229827881e-01
1.547440439462661743e-01
2.641902305185794830e-02
2.087046951055526733e-01
5.167036056518554688e-01
2.866221964359283447e-01
6.612932682037353516e-02
2.194626256823539734e-02
7.024758309125900269e-02
7.970993965864181519e-02
1.692477762699127197e-01
8.271461725234985352e-02
6.399701535701751709e-02
1.682120710611343384e-01
2.950724959373474121e-01
1.472054570913314819e-01
7.751057147979736328e-01
2.262946367263793945e-01
5.188575983047485352e-01
5.291108414530754089e-02
1.937736421823501587e-01
6.944687962532043457e-01
4.274573624134063721e-01
2.296258062124252319e-01
2.726674079895019531e-01
6.590076535940170288e-02
1.716893911361694336e-01
5.458121001720428467e-02
2.699187584221363068e-02
5.481390357017517090e-01
4.473591744899749756e-01
1.265873163938522339e-01
8.795441985130310059e-01
1.729211956262588501e-01
4.030938819050788879e-02
8.472915291786193848e-01
1.049821898341178894e-01
9.577257186174392700e-02
4.256952181458473206e-02
1.073198243975639343e-01
1.220829114317893982e-01
3.059243410825729370e-02
1.104792505502700806e-01
1.471456289291381836e-01
4.188366234302520752e-01
3.063912093639373779e-01
2.531380653381347656e-01
3.331757709383964539e-02
7.388554215431213379e-01
4.026507586240768433e-02
6.303445100784301758e-01
1.709870100021362305e-01
7.057141661643981934e-01
4.419843479990959167e-02
1.777439564466476440e-01
3.326528370380401611e-01
2.134682051837444305e-02
1.924790628254413605e-02
2.755177319049835205e-01
8.197969794273376465e-01
1.116715297102928162e-01
7.971733212471008301e-01
8.575151562690734863e-01
5.221014618873596191e-01
5.606914684176445007e-02
9.358236193656921387e-01
1.619448065757751465e-01
2.298529893159866333e-01
2.876452542841434479e-02
3.108074069023132324e-01
3.801172077655792236e-01
2.517106235027313232e-01
1.695927046239376068e-02
8.093094825744628906e-01
2.859828770160675049e-01
7.453038692474365234e-01
5.490213632583618164e-02
8.743302822113037109e-01
9.253608584403991699e-01
4.962949752807617188e-01
6.911312788724899292e-02
6.504055857658386230e-02
5.628875643014907837e-02
6.161634325981140137e-01
4.739210903644561768e-01
1.279394626617431641e-01
3.225572407245635986e-01
5.542530417442321777e-01
8.753422498703002930e-01
7.517643272876739502e-02
5.991324782371520996e-01
8.296176791191101074e-01
3.103455007076263428e-01
4.670526683330535889e-01
8.674343228340148926e-01
1.751594245433807373e-01
2.394012957811355591e-01
7.788917422294616699e-01
7.491090148687362671e-02
7.982667088508605957e-01
1.281591951847076416e-01
1.389619410037994385e-01
3.047898411750793457e-01
4.843469709157943726e-02
9.329229593276977539e-01
1.095779761672019958e-01
5.713814496994018555e-01
2.399121820926666260e-01
5.104510858654975891e-02
1.151329353451728821e-01
4.142047464847564697e-02
1.276260763406753540e-01
1.396097540855407715e-01
5.080050230026245117e-01
7.083913683891296387e-01
6.911557167768478394e-02
6.805177330970764160e-01
1.381431519985198975e-01
6.899544000625610352e-01
3.497564196586608887e-01
2.830082178115844727e-02
7.691676169633865356e-02
2.604881227016448975e-01
1.550012528896331787e-01
1.941167563199996948e-01
9.079775959253311157e-02
6.509349346160888672e-01
8.533908128738403320e-01
5.818525552749633789e-01
1.341728419065475464e-01
1.512665599584579468e-01
7.901374697685241699e-01
1.007591933012008667e-01
7.347862124443054199e-01
6.326691061258316040e-02
7.028160691261291504e-01
8.148583024740219116e-02
1.283903121948242188e-01
8.804955482482910156e-01
8.044481277465820312e-02
2.499119341373443604e-01
4.016810059547424316e-01
2.178194820880889893e-01
6.315320730209350586e-02
1.753489673137664795e-01
2.712306380271911621e-01
6.796061992645263672e-02
8.765885978937149048e-02
2.022351473569869995e-01
6.277922391891479492e-01
2.426861524581909180e-01
9.514722973108291626e-02
2.098431810736656189e-02
6.938618421554565430e-02
8.465729355812072754e-01
4.637393057346343994e-01
5.256845429539680481e-02
8.225243687629699707e-01
2.372793257236480713e-01
3.644667267799377441e-01
8.180572837591171265e-02
8.983661979436874390e-02
2.043787017464637756e-02
8.480431884527206421e-02
5.110716223716735840e-01
7.775507569313049316e-01
7.105650901794433594e-01
4.054564237594604492e-01
8.736828714609146118e-02
6.616865843534469604e-02
2.305394113063812256e-01
5.426042079925537109e-01
2.832218110561370850e-01
9.110107421875000000e-01
6.328423619270324707e-01
1.892758905887603760e-01
1.931370198726654053e-01
4.912289083003997803e-01
1.368470340967178345e-01
2.499856054782867432e-01
8.728591799736022949e-01
3.721003830432891846e-01
2.483015060424804688e-01
9.538046270608901978e-02
3.292436525225639343e-02
2.852851897478103638e-02
4.537743330001831055e-02
3.589791059494018555e-02
6.484220176935195923e-02
4.484546482563018799e-01
7.142118364572525024e-02
6.470206379890441895e-02
8.298244476318359375e-01
2.885813415050506592e-01
2.041708119213581085e-02
1.516309082508087158e-01
8.932115882635116577e-02
9.152790904045104980e-02
2.511603236198425293e-01
7.059085965156555176e-01
2.901029884815216064e-01
8.390098214149475098e-01
1.609304174780845642e-02
4.120085239410400391e-01
2.931233942508697510e-01
1.108410656452178955e-01
5.262554883956909180e-01
5.051375925540924072e-02
1.756571233272552490e-02
2.738201804459095001e-02
5.633885040879249573e-02
5.202127099037170410e-01
1.013111248612403870e-01
6.864541172981262207e-01
7.898769527673721313e-02
9.168500453233718872e-02
2.151536643505096436e-01
9.191396832466125488e-02
4.053824245929718018e-01
1.590725183486938477e-01
7.300625741481781006e-02
7.556740045547485352e-01
2.246509790420532227e-01
2.432703822851181030e-01
9.298562407493591309e-01
1.473513841629028320e-01
2.077690660953521729e-01
3.022362589836120605e-01
6.356905400753021240e-02
1.240695714950561523e-01
8.463630825281143188e-02
5.176152288913726807e-02
5.433290824294090271e-02
1.000706776976585388e-01
7.566249370574951172e-02
9.103428125381469727e-01
1.250510215759277344e-01
2.820988930761814117e-02
3.466684371232986450e-02
7.967829108238220215e-01
6.552172899246215820e-01
1.751774400472640991e-01
9.516613930463790894e-02
1.974386423826217651e-01
2.307944893836975098e-01
1.216498091816902161e-01
2.042044103145599365e-01
1.206976268440485001e-02
8.227135986089706421e-02
9.727154672145843506e-02
1.084438189864158630e-01
1.691938191652297974e-01
1.915445737540721893e-02
6.775391697883605957e-01
2.793099284172058105e-01
6.895483732223510742e-01
1.719051599502563477e-01
1.643745005130767822e-01
4.180613160133361816e-02
7.568290829658508301e-01
4.496874511241912842e-01
7.414156794548034668e-01
7.795968055725097656e-01
4.157463014125823975e-01
2.400176972150802612e-01
1.533630490303039551e-01
8.207251131534576416e-02
5.019065737724304199e-02
2.766459994018077850e-02
1.079782545566558838e-01
4.435783624649047852e-01
7.796915173530578613e-01
2.029942162334918976e-02
2.931353151798248291e-01
9.178534150123596191e-02
7.404691725969314575e-02
6.326817721128463745e-02
3.967079892754554749e-02
5.002748370170593262e-01
6.986229419708251953e-01
1.509643066674470901e-02
5.851851031184196472e-02
2.903686761856079102e-01
2.815603464841842651e-02
3.700747713446617126e-02
8.273368328809738159e-02
8.130734413862228394e-02
1.813409924507141113e-01
1.517781615257263184e-01
7.781257629394531250e-01
4.150274693965911865e-01
1.308064609766006470e-01
5.948413535952568054e-02
2.154104411602020264e-01
4.535520076751708984e-02
3.950940370559692383e-01
2.333485037088394165e-01
1.159293875098228455e-01
5.163032189011573792e-02
5.528412386775016785e-02
4.841597974300384521e-01
6.282016634941101074e-02
2.395635247230529785e-01
2.615683898329734802e-02
7.784801721572875977e-01
8.106904476881027222e-02
1.747797057032585144e-02
2.021760493516921997e-01
6.347925066947937012e-01
3.704799115657806396e-01
2.941283769905567169e-02
3.512267768383026123e-02
2.488476932048797607e-01
1.701952069997787476e-01
6.951900571584701538e-02
6.464957445859909058e-02
2.256881445646286011e-01
1.397684961557388306e-01
1.615966409444808960e-01
7.369521260261535645e-02
3.085133731365203857e-01
2.661461755633354187e-02
1.033834666013717651e-01
8.778562545776367188e-01
5.649458169937133789e-01
2.280692607164382935e-01
9.506241679191589355e-01
2.205767482519149780e-01
4.401970505714416504e-01
4.947267472743988037e-02
7.162498831748962402e-01
3.641747534275054932e-01
2.980364114046096802e-02
8.108366131782531738e-01
7.880743145942687988e-01
3.171581923961639404e-01
6.239830516278743744e-03
4.165327548980712891e-01
1.985676288604736328e-01
1.400065720081329346e-01
6.594436168670654297e-01
4.379031434655189514e-02
1.235069409012794495e-01
1.759501397609710693e-01
7.026802748441696167e-02
6.269391626119613647e-02
5.193390250205993652e-01
6.092935428023338318e-02
1.994418948888778687e-01
6.754204630851745605e-02
7.785947918891906738e-01
3.395321965217590332e-01
5.599944591522216797e-01
3.688889741897583008e-01
3.017393350601196289e-01
1.571419388055801392e-01
6.805222481489181519e-02
8.502129912376403809e-01
9.146453440189361572e-02
5.320110321044921875e-01
8.583006858825683594e-01
5.983984470367431641e-02
2.506220340728759766e-02
3.360660970211029053e-01
6.529860198497772217e-02
7.136316895484924316e-01
5.934429168701171875e-02
1.099422425031661987e-01
1.994471251964569092e-01
7.819684743881225586e-01
3.205886185169219971e-01
3.614673018455505371e-01
2.077690660953521729e-01
1.995891630649566650e-01
4.627034962177276611e-01
1.210378110408782959e-01
1.381460577249526978e-01
1.217580959200859070e-01
2.003534138202667236e-01
1.907653063535690308e-01
3.345543146133422852e-01
6.467316746711730957e-01
1.914013028144836426e-01
5.973725914955139160e-01
9.096300005912780762e-01
4.636094346642494202e-02
7.023422122001647949e-01
8.644572645425796509e-02
1.594056040048599243e-01
1.974722146987915039e-01
7.266213744878768921e-02
4.780288934707641602e-01
6.384336352348327637e-01
1.079026684165000916e-01
4.917199015617370605e-01
7.876447439193725586e-01
9.353635907173156738e-01
9.224053621292114258e-01
1.888811960816383362e-02
3.038798272609710693e-01
1.642660498619079590e-01
2.804127335548400879e-01
8.764082193374633789e-01
2.011781632900238037e-01
2.054562121629714966e-01
1.628738045692443848e-01
5.199784785509109497e-02
7.938209772109985352e-01
1.017199549823999405e-02
1.860936172306537628e-02
7.531427741050720215e-01
2.102204598486423492e-02
8.274750411510467529e-02
2.023859918117523193e-01
3.319428861141204834e-01
9.013586640357971191e-01
5.085695907473564148e-02
3.600067645311355591e-02
8.461073040962219238e-02
8.060307502746582031e-01
9.167556762695312500e-01
1.282937079668045044e-02
7.638240456581115723e-01
2.931486256420612335e-02
6.457918286323547363e-01
1.636565327644348145e-01
7.207475900650024414e-01
4.286614656448364258e-01
5.896389111876487732e-02
2.317274063825607300e-01
6.862626075744628906e-01
5.498955398797988892e-02
1.444091554731130600e-02
5.621142983436584473e-01
1.639325730502605438e-02
2.510827034711837769e-02
4.099483788013458252e-01
3.964773714542388916e-01
2.150879241526126862e-02
5.595779418945312500e-01
4.120652973651885986e-01
2.551858425140380859e-01
1.751724444329738617e-02
1.794294565916061401e-01
8.340277075767517090e-01
7.318664789199829102e-01
8.118674755096435547e-01
2.348065525293350220e-01
3.155136108398437500e-01
1.074565872550010681e-01
2.407604455947875977e-01
1.136528253555297852e-01
4.676590114831924438e-02
3.970694541931152344e-02
6.735121607780456543e-01
7.191064953804016113e-01
6.610532999038696289e-01
5.970747396349906921e-02
3.572664856910705566e-01
7.511133700609207153e-02
1.012087538838386536e-01
8.603141903877258301e-01
5.295559167861938477e-01
1.199423000216484070e-01
4.144180938601493835e-02
4.619980230927467346e-02
1.624856330454349518e-02
1.225697919726371765e-01
8.675228953361511230e-01
1.173765361309051514e-01
2.030432038009166718e-02
1.624253988265991211e-01
2.347245067358016968e-01
6.475449204444885254e-01
6.061776354908943176e-02
1.347417533397674561e-01
2.941810190677642822e-01
8.280228376388549805e-01
8.710622787475585938e-02
4.367129877209663391e-02
1.534606814384460449e-01
7.300385236740112305e-01
2.087028175592422485e-01
2.225573360919952393e-02
1.941248178482055664e-01
8.701781630516052246e-01
8.458561301231384277e-01
3.417711257934570312e-01
3.909331560134887695e-02
3.906897455453872681e-02
4.505452215671539307e-01
2.891145348548889160e-01
1.817267835140228271e-01
3.491842448711395264e-01
6.470054984092712402e-01
1.181651204824447632e-01
2.055771835148334503e-02
1.793716661632061005e-02
4.708179235458374023e-01
2.418743222951889038e-01
1.575259119272232056e-02
1.032121405005455017e-01
7.037314772605895996e-01
1.242916733026504517e-01
5.863208174705505371e-01
1.988616883754730225e-01
1.706869453191757202e-01
5.973058938980102539e-02
4.544839635491371155e-02
7.721961140632629395e-01
9.028571248054504395e-01
1.439151819795370102e-02
9.064759016036987305e-01
9.401947855949401855e-01
7.220180630683898926e-01
3.153363764286041260e-01
5.898246169090270996e-01
4.704917222261428833e-02
5.584124326705932617e-01
7.179275751113891602e-01
7.369337081909179688e-01
7.429010868072509766e-01
8.758291602134704590e-02
9.824799001216888428e-02
6.866335123777389526e-02
7.742239832878112793e-01
2.682899236679077148e-01
1.963127851486206055e-01
2.893195450305938721e-01
7.326170206069946289e-01
2.376734465360641479e-01
2.151728868484497070e-01
3.109346032142639160e-01
2.285728305578231812e-01
3.173988461494445801e-01
5.514387488365173340e-01
6.774002313613891602e-01
1.649457775056362152e-02
5.032204985618591309e-01
2.957943640649318695e-02
3.236227333545684814e-01
6.827461719512939453e-01
1.111965849995613098e-01
6.113955378532409668e-02
3.233548253774642944e-02
3.323929011821746826e-01
9.188187718391418457e-01
2.451940923929214478e-01
8.343326449394226074e-01
2.420083433389663696e-02
1.589079201221466064e-02
1.355653721839189529e-02
8.766859173774719238e-01
2.021705806255340576e-01
6.003231406211853027e-01
4.657996296882629395e-01
1.945530325174331665e-01
7.299753278493881226e-02
8.103659003973007202e-02
5.978112220764160156e-01
9.022536873817443848e-01
2.003294415771961212e-02
9.278121590614318848e-02
8.372372388839721680e-01
1.143590062856674194e-01
2.595606632530689240e-02
2.317785769701004028e-01
5.259301513433456421e-02
1.168271228671073914e-01
1.548949629068374634e-01
3.446570038795471191e-01
2.710436098277568817e-02
9.636128693819046021e-02
3.024905025959014893e-01
7.446341216564178467e-02
4.977657794952392578e-01
4.467197358608245850e-01
1.087389588356018066e-01
5.110856890678405762e-02
5.233418941497802734e-02
1.064822822809219360e-01
3.618148863315582275e-01
1.212812662124633789e-01
2.549944519996643066e-01
3.205225244164466858e-02
2.119007855653762817e-01
9.344453811645507812e-01
4.657520726323127747e-02
2.389926910400390625e-01
1.901284009218215942e-01
4.744992256164550781e-01
2.522195875644683838e-01
3.896921500563621521e-02
2.432500720024108887e-01
8.843345046043395996e-01
7.400493323802947998e-02
2.414947003126144409e-01
4.940178617835044861e-02
5.958592891693115234e-02
9.950274974107742310e-02
6.049038767814636230e-01
1.803497374057769775e-01
1.373839229345321655e-01
8.875715136528015137e-01
3.141172230243682861e-01
5.853525400161743164e-01
9.969890117645263672e-02
8.854278922080993652e-02
3.867183625698089600e-01
1.022491306066513062e-01
1.142681948840618134e-02
8.923057317733764648e-01
6.479884386062622070e-01
7.690656781196594238e-01
7.052557468414306641e-01
3.350339457392692566e-02
1.773893833160400391e-01
1.172505989670753479e-01
1.345722973346710205e-01
3.107354640960693359e-01
7.374142855405807495e-02
1.016061529517173767e-01
5.821807980537414551e-01
1.246195733547210693e-01
7.711625695228576660e-01
4.692512154579162598e-01
4.470401406288146973e-01
3.896801546216011047e-02
7.724424004554748535e-01
8.774431943893432617e-01
1.921821236610412598e-01
8.309256434440612793e-01
3.017814457416534424e-01
5.123276710510253906e-01
4.468938708305358887e-02
8.407485485076904297e-01
2.975791096687316895e-01
5.299287661910057068e-02
7.797791957855224609e-01
2.412778735160827637e-01
8.641648292541503906e-01
5.049544572830200195e-02
2.247350960969924927e-01
2.420722246170043945e-01
4.738012850284576416e-01
5.416501760482788086e-01
8.465986847877502441e-01
1.667988598346710205e-01
1.776602566242218018e-01
1.404910255223512650e-02
8.420187830924987793e-01
6.613615155220031738e-02
1.445035822689533234e-02
8.337506651878356934e-01
8.004775643348693848e-01
2.892539203166961670e-01
6.506701558828353882e-02
4.227457344532012939e-01
2.346712201833724976e-01
7.398101091384887695e-01
1.037903726100921631e-01
7.538656592369079590e-01
1.476374361664056778e-02
3.318802714347839355e-01
2.214697003364562988e-02
2.225307971239089966e-01
3.111107833683490753e-02
3.303047120571136475e-01
1.400626003742218018e-01
1.873756051063537598e-01
2.560344636440277100e-01
4.697509855031967163e-02
7.157666683197021484e-01
8.410701155662536621e-01
1.467486321926116943e-01
4.849729835987091064e-01
3.578152135014533997e-02
3.874485492706298828e-01
8.073334693908691406e-01
6.833781003952026367e-01
1.506726443767547607e-01
1.536691784858703613e-01
4.642464593052864075e-02
9.854617714881896973e-02
1.775389313697814941e-01
1.523406058549880981e-01
9.213791489601135254e-01
2.403012812137603760e-01
3.540581762790679932e-01
2.053510397672653198e-01
4.243633151054382324e-01
1.115997657179832458e-01
1.199969723820686340e-01
4.460526630282402039e-02
2.471482381224632263e-02
1.339649856090545654e-01
8.861188292503356934e-01
7.352346777915954590e-01
1.364056617021560669e-01
5.792214721441268921e-02
7.882571816444396973e-01
9.211728572845458984e-01
5.763000845909118652e-01
7.685446739196777344e-02
1.912623643875122070e-01
6.469203233718872070e-01
6.837580800056457520e-01
7.670570611953735352e-01
3.313832730054855347e-02
9.113695621490478516e-01
8.676106333732604980e-01
4.086202979087829590e-01
8.360013961791992188e-01
2.627791464328765869e-01
1.492563821375370026e-02
6.074342131614685059e-01
1.534962356090545654e-01
5.375137925148010254e-01
1.489619761705398560e-01
5.569646358489990234e-01
5.603436827659606934e-01
1.227073445916175842e-01
6.090111136436462402e-01
6.093636751174926758e-01
7.651368975639343262e-01
2.105311490595340729e-02
1.869467049837112427e-01
7.204168438911437988e-01
4.020434617996215820e-01
1.749630272388458252e-01
1.756646931171417236e-01
4.798372983932495117e-01
8.242445588111877441e-01
6.717908382415771484e-01
9.006969630718231201e-02
5.990856513381004333e-02
2.077690660953521729e-01
8.789430372416973114e-03
1.813610196113586426e-01
1.086658164858818054e-01
4.306846559047698975e-01
1.430667936801910400e-01
1.564997248351573944e-02
4.763409495353698730e-01
2.966345250606536865e-01
8.824308961629867554e-02
4.039467573165893555e-01
3.664846718311309814e-02
7.198110818862915039e-01
6.037051081657409668e-01
2.717869170010089874e-02
1.742399781942367554e-01
1.967803202569484711e-02
2.661196291446685791e-01
1.962502598762512207e-01
7.202508300542831421e-02
3.266616538166999817e-02
3.183729574084281921e-02
4.572616815567016602e-01
1.056749969720840454e-01
6.828247010707855225e-02
1.818512380123138428e-01
6.815625727176666260e-02
4.219534993171691895e-01
5.233346819877624512e-01
3.512833267450332642e-02
3.564725443720817566e-02
7.795072197914123535e-01
3.344201743602752686e-01
3.414713591337203979e-02
9.425834417343139648e-01
5.257085561752319336e-01
3.314876258373260498e-01
7.992255687713623047e-02
1.986306309700012207e-01
2.872192487120628357e-02
9.460665285587310791e-02
4.541171789169311523e-01
3.133771717548370361e-01
5.499611496925354004e-01
5.951253771781921387e-01
5.484141707420349121e-01
6.908676028251647949e-02
2.504039406776428223e-01
1.180450767278671265e-01
3.067673146724700928e-01
2.346956431865692139e-01
2.187227308750152588e-01
2.488225102424621582e-01
2.613376975059509277e-01
9.358958601951599121e-01
3.210390731692314148e-02
1.376312673091888428e-01
7.455269694328308105e-01
4.201352596282958984e-01
3.809984028339385986e-01
7.470623850822448730e-01
6.090990900993347168e-01
1.490532606840133667e-01
8.636718392372131348e-01
6.819018125534057617e-01
1.165861710906028748e-01
8.409779071807861328e-01
8.805488049983978271e-02
6.671761274337768555e-01
4.054497480392456055e-01
4.201188310980796814e-02
1.203858200460672379e-02
4.217398166656494141e-01
1.873803734779357910e-01
3.320112079381942749e-02
2.903975844383239746e-01
9.109022617340087891e-01
7.175277918577194214e-02
3.435223177075386047e-02
1.748588085174560547e-01
3.597413748502731323e-02
1.866075843572616577e-01
6.717470288276672363e-02
1.313304901123046875e-01
2.499227970838546753e-02
2.782566249370574951e-01
2.864964008331298828e-01
7.028619647026062012e-01
3.881181180477142334e-01
8.619313240051269531e-01
1.053182333707809448e-01
4.368178918957710266e-02
4.898096919059753418e-01
6.928398013114929199e-01
3.401866182684898376e-02
1.874848902225494385e-01
2.322836518287658691e-01
1.799577660858631134e-02
8.997014760971069336e-01
1.396190524101257324e-01
2.120334059000015259e-01
3.015349619090557098e-02
4.189498722553253174e-01
1.433346718549728394e-01
7.252908349037170410e-01
1.628667861223220825e-01
9.270167350769042969e-02
3.907036781311035156e-02
3.437045812606811523e-01
1.137462779879570007e-01
4.330912604928016663e-02
6.567853689193725586e-02
1.442459225654602051e-01
1.583450846374034882e-02
8.891874551773071289e-02
3.073478303849697113e-02
2.905198037624359131e-01
1.507631540298461914e-01
8.775369524955749512e-01
7.223247289657592773e-01
1.556065231561660767e-01
