2.034339495003223419e-02
9.428493380546569824e-01
1.245839893817901611e-01
7.565875053405761719e-01
2.845706045627593994e-01
1.131929606199264526e-01
4.555817246437072754e-01
3.148637712001800537e-01
8.846751451492309570e-01
8.530553430318832397e-02
3.461537063121795654e-01
2.738609910011291504e-01
6.776970028877258301e-01
4.385536313056945801e-01
1.918148398399353027e-01
3.557073175907135010e-01
3.185865581035614014e-01
4.885647594928741455e-01
9.435375332832336426e-01
4.030052721500396729e-01
7.234501242637634277e-01
6.434350013732910156e-01
4.742538928985595703e-02
1.347959190607070923e-01
2.295428365468978882e-01
1.420258432626724243e-01
7.597851753234863281e-01
2.440734952688217163e-01
2.863948047161102295e-01
3.334259092807769775e-01
2.689381241798400879e-01
2.063982747495174408e-02
8.339227437973022461e-01
1.177764758467674255e-01
3.118579983711242676e-01
1.609442681074142456e-01
3.038039803504943848e-01
2.371204495429992676e-01
4.908249676227569580e-01
8.524445891380310059e-01
3.373528420925140381e-01
1.050070673227310181e-01
3.650403767824172974e-02
2.854270040988922119e-01
1.792575716972351074e-01
2.476544231176376343e-01
3.230741620063781738e-01
5.120304822921752930e-01
2.113430015742778778e-02
7.904490828514099121e-01
2.177629321813583374e-01
2.755427919328212738e-02
2.934277057647705078e-01
4.307211041450500488e-01
2.733537554740905762e-01
2.370098531246185303e-01
7.673148512840270996e-01
1.362138688564300537e-01
4.619970917701721191e-02
3.036978244781494141e-01
5.350987315177917480e-01
2.110604941844940186e-01
1.226746886968612671e-01
7.428899407386779785e-02
2.614700794219970703e-02
1.846354901790618896e-01
7.463300973176956177e-02
1.643766313791275024e-01
3.407528698444366455e-01
3.577374219894409180e-01
1.130244806408882141e-01
7.021492719650268555e-01
4.750042259693145752e-01
1.798681765794754028e-01
2.786924242973327637e-01
8.435875922441482544e-02
5.500552430748939514e-02
5.096033588051795959e-02
1.387020200490951538e-01
6.325100362300872803e-02
8.606750369071960449e-01
7.597749233245849609e-01
8.543739318847656250e-01
5.132273435592651367e-01
8.893275856971740723e-01
5.476534962654113770e-01
9.476032108068466187e-02
1.926430910825729370e-01
1.802568137645721436e-01
5.942071080207824707e-01
5.925770998001098633e-01
1.184820234775543213e-01
8.892050385475158691e-02
4.827488064765930176e-01
4.611431956291198730e-01
4.623118638992309570e-01
5.323637127876281738e-01
8.128179311752319336e-01
6.841646879911422729e-02
2.117632627487182617e-01
5.088976621627807617e-01
2.076906710863113403e-01
5.911323428153991699e-01
2.859290838241577148e-01
3.421202600002288818e-01
1.864423602819442749e-01
9.958936274051666260e-02
5.641534328460693359e-01
3.749659657478332520e-01
2.478459477424621582e-01
2.714906334877014160e-01
2.969690598547458649e-02
7.883940637111663818e-02
8.859391808509826660e-01
3.038781285285949707e-01
8.400882780551910400e-02
8.247076869010925293e-01
6.938130408525466919e-02
1.705582886934280396e-01
6.181387901306152344e-01
2.125492505729198456e-02
1.230968311429023743e-01
1.454317569732666016e-01
8.232959508895874023e-01
8.600970506668090820e-01
2.141055464744567871e-01
9.876385331153869629e-02
2.870365977287292480e-01
1.355037987232208252e-01
1.812009513378143311e-01
8.800490498542785645e-01
3.091879487037658691e-01
8.829227685928344727e-01
3.212946355342864990e-01
5.047444701194763184e-01
3.608573973178863525e-01
8.966411352157592773e-01
4.248594343662261963e-01
6.530044078826904297e-01
8.027594536542892456e-02
5.035792589187622070e-01
7.376878857612609863e-01
6.065729856491088867e-01
4.232390820980072021e-01
2.736496925354003906e-01
7.805518805980682373e-02
4.704882502555847168e-01
6.940439343452453613e-01
5.280341506004333496e-01
2.054158300161361694e-01
2.358840592205524445e-02
2.295907288789749146e-01
1.807070523500442505e-01
2.624248862266540527e-01
1.783681660890579224e-01
1.806983649730682373e-01
2.370860278606414795e-01
2.826965451240539551e-01
1.986677199602127075e-01
7.135198712348937988e-01
3.918089270591735840e-01
5.884678363800048828e-01
1.800587475299835205e-01
2.369555681943893433e-01
7.687421441078186035e-01
5.535397529602050781e-01
5.996872782707214355e-01
2.669155597686767578e-01
8.530003577470779419e-02
2.831683754920959473e-01
8.800419420003890991e-02
4.095366969704627991e-02
4.722437858581542969e-01
4.613880217075347900e-01
1.208013743162155151e-01
8.487023711204528809e-01
1.265989840030670166e-01
1.297111213207244873e-01
6.812603473663330078e-01
2.026193290948867798e-01
2.049963027238845825e-01
1.768657416105270386e-01
2.239015549421310425e-01
2.463276982307434082e-01
5.146761611104011536e-02
1.375039368867874146e-01
2.878371477127075195e-01
3.738742470741271973e-01
4.820367693901062012e-01
3.281344473361968994e-01
3.063465654850006104e-02
7.769847512245178223e-01
4.283415898680686951e-02
7.507939338684082031e-01
2.429710626602172852e-01
4.900151789188385010e-01
1.039840131998062134e-01
3.481555879116058350e-01
4.943723082542419434e-01
6.824038177728652954e-02
3.452399745583534241e-02
2.477271407842636108e-01
7.148410081863403320e-01
2.510248124599456787e-01
8.621206283569335938e-01
8.411929011344909668e-01
4.613471627235412598e-01
1.012268140912055969e-01
9.381826519966125488e-01
2.060595154762268066e-01
3.008506298065185547e-01
9.089316427707672119e-02
2.727188169956207275e-01
5.902464389801025391e-01
3.478854596614837646e-01
4.248983412981033325e-02
7.229984998703002930e-01
4.175071120262145996e-01
6.870195269584655762e-01
1.714331656694412231e-01
8.899396657943725586e-01
9.028137922286987305e-01
4.934521615505218506e-01
1.653713434934616089e-01
1.907349675893783569e-01
1.312407404184341431e-01
4.994473755359649658e-01
6.630542278289794922e-01
9.402400255203247070e-02
5.312779545783996582e-01
4.798490703105926514e-01
8.519008755683898926e-01
9.770762175321578979e-02
7.453359961509704590e-01
7.934712767601013184e-01
2.932017147541046143e-01
4.179665148258209229e-01
8.730234503746032715e-01
2.560731172561645508e-01
4.605585038661956787e-01
8.656663298606872559e-01
8.840087801218032837e-02
7.609924674034118652e-01
3.907390534877777100e-01
2.749452888965606689e-01
2.707718610763549805e-01
1.362489610910415649e-01
8.899677395820617676e-01
1.182907745242118835e-01
5.975999832153320312e-01
2.364516407251358032e-01
6.058404967188835144e-02
1.432815939188003540e-01
9.977503865957260132e-02
1.908503770828247070e-01
2.835999429225921631e-01
5.143570303916931152e-01
7.542794942855834961e-01
2.257950156927108765e-01
6.973905563354492188e-01
1.857873499393463135e-01
5.956932306289672852e-01
3.589171171188354492e-01
4.917160421609878540e-02
1.188649684190750122e-01
4.460615217685699463e-01
1.551059037446975708e-01
3.880753815174102783e-01
1.718352735042572021e-01
5.516417026519775391e-01
8.622431755065917969e-01
6.437603235244750977e-01
3.430239558219909668e-01
2.936668992042541504e-01
6.930621862411499023e-01
1.350984126329421997e-01
6.848717927932739258e-01
2.211998999118804932e-01
7.420241832733154297e-01
2.380745410919189453e-01
2.321401238441467285e-01
8.328756093978881836e-01
1.477854698896408081e-01
4.673341512680053711e-01
4.371970295906066895e-01
4.084531366825103760e-01
4.621840268373489380e-02
2.864014208316802979e-01
3.284424245357513428e-01
2.752546072006225586e-01
2.586669623851776123e-01
3.808542788028717041e-01
6.629850268363952637e-01
3.574590086936950684e-01
2.742348909378051758e-01
5.745846033096313477e-02
3.691450953483581543e-01
8.192076683044433594e-01
3.474531769752502441e-01
6.217837706208229065e-02
8.859881162643432617e-01
4.254924356937408447e-01
2.436064332723617554e-01
1.985929459333419800e-01
1.969738602638244629e-01
5.227112770080566406e-02
2.410786598920822144e-01
5.796523690223693848e-01
8.580321669578552246e-01
7.678878307342529297e-01
3.963092565536499023e-01
1.763088256120681763e-01
1.957739740610122681e-01
1.348513215780258179e-01
4.802830815315246582e-01
3.678369820117950439e-01
8.683436512947082520e-01
6.513707637786865234e-01
2.503017783164978027e-01
2.355950772762298584e-01
4.678100645542144775e-01
3.139803111553192139e-01
3.393099904060363770e-01
8.898801207542419434e-01
6.000352501869201660e-01
4.758659005165100098e-01
1.368215531110763550e-01
1.535780578851699829e-01
8.990208059549331665e-02
1.333759129047393799e-01
3.653075546026229858e-02
8.202813565731048584e-02
4.220594167709350586e-01
2.169777750968933105e-01
1.124949157238006592e-01
8.236679434776306152e-01
2.329756766557693481e-01
4.480719193816184998e-02
3.045965433120727539e-01
3.032454252243041992e-01
8.729013800621032715e-02
4.054228067398071289e-01
7.097475528717041016e-01
3.467200696468353271e-01
8.219003677368164062e-01
2.568142302334308624e-02
1.797914355993270874e-01
3.302410840988159180e-01
3.093186616897583008e-01
6.748089194297790527e-01
1.766597926616668701e-01
1.923917233943939209e-02
6.667359173297882080e-02
1.305574476718902588e-01
6.900575160980224609e-01
8.850273489952087402e-02
6.168016791343688965e-01
3.120431602001190186e-01
2.275301218032836914e-01
2.460480332374572754e-01
1.828678697347640991e-01
4.004438817501068115e-01
2.951285839080810547e-01
2.119352668523788452e-01
8.186978101730346680e-01
3.900815248489379883e-01
3.691107034683227539e-01
9.443885684013366699e-01
3.021909594535827637e-01
1.592618972063064575e-01
3.832548856735229492e-01
8.905827999114990234e-02
1.777916699647903442e-01
2.305113822221755981e-01
9.681985527276992798e-02
5.579158291220664978e-02
3.098655343055725098e-01
1.639542877674102783e-01
8.523581624031066895e-01
1.602835804224014282e-01
6.954089552164077759e-02
5.309984833002090454e-02
8.504699468612670898e-01
4.552105963230133057e-01
3.591476678848266602e-01
2.131192833185195923e-01
3.720382452011108398e-01
3.224163949489593506e-01
2.315558791160583496e-01
3.952616453170776367e-01
2.473849803209304810e-02
1.325976401567459106e-01
1.440223008394241333e-01
1.732055246829986572e-01
1.248137727379798889e-01
1.559673156589269638e-02
7.157014608383178711e-01
3.301653265953063965e-01
8.087120056152343750e-01
3.178949356079101562e-01
3.598994910717010498e-01
6.502610445022583008e-02
8.456397652626037598e-01
5.834223031997680664e-01
6.471923589706420898e-01
5.902495980262756348e-01
5.804643034934997559e-01
3.859989643096923828e-01
3.550388514995574951e-01
2.477674782276153564e-01
1.203346028923988342e-01
2.475183457136154175e-02
1.602549701929092407e-01
5.488631129264831543e-01
7.659858465194702148e-01
4.296271875500679016e-02
5.225010514259338379e-01
4.170546680688858032e-02
2.352067083120346069e-01
1.568867564201354980e-01
7.770478725433349609e-02
5.595493316650390625e-01
7.721617221832275391e-01
6.558037549257278442e-02
1.183669939637184143e-01
5.344697237014770508e-01
2.950266934931278229e-02
8.908667415380477905e-02
1.700758934020996094e-01
1.900681555271148682e-01
2.125437259674072266e-01
1.530510783195495605e-01
7.675265073776245117e-01
5.706515312194824219e-01
1.844068467617034912e-01
1.455052047967910767e-01
2.873714268207550049e-01
3.590261563658714294e-02
5.343793034553527832e-01
4.636135101318359375e-01
4.152631461620330811e-01
8.480930328369140625e-02
1.268267929553985596e-01
6.970717906951904297e-01
1.134970858693122864e-01
3.513787984848022461e-01
1.109369769692420959e-01
7.012912034988403320e-01
1.118042543530464172e-01
1.668900810182094574e-02
3.215923309326171875e-01
7.432874441146850586e-01
5.396981835365295410e-01
7.664245367050170898e-02
7.054492831230163574e-02
4.404895901679992676e-01
2.971055805683135986e-01
1.527204364538192749e-01
1.347442716360092163e-01
3.048889935016632080e-01
2.878709733486175537e-01
1.742370575666427612e-01
8.125841617584228516e-02
3.475315570831298828e-01
9.702921658754348755e-02
1.986252069473266602e-01
8.897270560264587402e-01
2.859832942485809326e-01
1.127000451087951660e-01
9.517581462860107422e-01
3.450726568698883057e-01
5.056832432746887207e-01
1.431615054607391357e-01
5.798227190971374512e-01
6.610812544822692871e-01
7.933039218187332153e-02
7.589842081069946289e-01
8.490767478942871094e-01
3.539291024208068848e-01
2.352415770292282104e-02
3.585762083530426025e-01
4.213170111179351807e-01
1.772842556238174438e-01
5.602102875709533691e-01
7.992662489414215088e-02
1.808274239301681519e-01
2.657251656055450439e-01
8.161424100399017334e-02
3.988603353500366211e-01
3.535884022712707520e-01
2.595315501093864441e-02
2.959097921848297119e-01
6.221931427717208862e-02
7.463021278381347656e-01
5.281105041503906250e-01
3.995303213596343994e-01
1.388224512338638306e-01
3.858587443828582764e-01
2.358854115009307861e-01
1.019774302840232849e-01
8.959280252456665039e-01
1.064289286732673645e-01
6.534720659255981445e-01
8.903017044067382812e-01
2.355626970529556274e-01
6.665894389152526855e-02
4.775584936141967773e-01
1.442601531744003296e-01
8.051623702049255371e-01
7.937571406364440918e-02
1.484612375497817993e-01
3.118160963058471680e-01
7.341459989547729492e-01
3.936617970466613770e-01
5.578386187553405762e-01
1.592618972063064575e-01
1.945924907922744751e-01
4.696666002273559570e-01
2.130180895328521729e-01
1.732459217309951782e-01
2.704719901084899902e-01
3.484089970588684082e-01
2.391647994518280029e-01
4.241771101951599121e-01
6.754867434501647949e-01
4.168883264064788818e-01
3.496340215206146240e-01
8.583866953849792480e-01
7.648578286170959473e-02
6.107243299484252930e-01
1.904449015855789185e-01
2.382109463214874268e-01
1.838104128837585449e-01
6.997259706258773804e-02
6.812766790390014648e-01
5.124639272689819336e-01
2.001844644546508789e-01
6.383838057518005371e-01
8.378838896751403809e-01
9.176321029663085938e-01
8.811838626861572266e-01
7.584270089864730835e-02
2.676028609275817871e-01
2.866697907447814941e-01
3.152727484703063965e-01
8.676892518997192383e-01
2.446738928556442261e-01
2.757269740104675293e-01
3.321324288845062256e-01
1.463683992624282837e-01
8.273949027061462402e-01
2.687511034309864044e-02
1.354977786540985107e-01
7.757799625396728516e-01
4.498202726244926453e-02
1.741243004798889160e-01
4.406611025333404541e-01
3.807312846183776855e-01
8.936839103698730469e-01
8.693550527095794678e-02
6.610865890979766846e-02
1.582758575677871704e-01
7.634391188621520996e-01
8.117132186889648438e-01
2.682416886091232300e-02
8.074476122856140137e-01
4.442544281482696533e-02
5.552183389663696289e-01
2.233363986015319824e-01
7.126666307449340820e-01
1.388383954763412476e-01
6.456939876079559326e-02
2.706294953823089600e-01
7.341051697731018066e-01
8.600435405969619751e-02
3.407197818160057068e-02
7.371814250946044922e-01
8.925929665565490723e-02
1.227045431733131409e-01
3.989931344985961914e-01
4.027846157550811768e-01
2.836909517645835876e-02
5.639892816543579102e-01
3.902358412742614746e-01
2.165851742029190063e-01
6.666738539934158325e-02
1.198150441050529480e-01
8.616706132888793945e-01
7.743787169456481934e-01
7.669305801391601562e-01
4.309405684471130371e-01
3.776985704898834229e-01
2.206545174121856689e-01
2.450322955846786499e-01
9.720583260059356689e-02
1.907591074705123901e-01
1.701934635639190674e-01
6.920120120048522949e-01
7.930190563201904297e-01
7.661697268486022949e-01
2.200382798910140991e-01
4.561518132686614990e-01
1.297411620616912842e-01
2.329348474740982056e-01
8.618339300155639648e-01
2.794840037822723389e-01
8.591046929359436035e-02
9.769880026578903198e-02
7.930832356214523315e-02
1.964838430285453796e-02
2.558573484420776367e-01
8.657445907592773438e-01
3.493916988372802734e-01
4.285584390163421631e-02
8.498578518629074097e-02
4.634262323379516602e-01
6.699497699737548828e-01
4.382043331861495972e-02
3.260035216808319092e-01
2.341638952493667603e-01
8.000736236572265625e-01
1.828796267509460449e-01
9.175737947225570679e-02
1.918859630823135376e-01
3.730174005031585693e-01
4.202567040920257568e-01
1.107311695814132690e-01
4.160020351409912109e-01
8.535594940185546875e-01
7.986081242561340332e-01
4.674842357635498047e-01
5.014032125473022461e-02
4.450168460607528687e-02
7.462469935417175293e-01
4.257576763629913330e-01
4.718382656574249268e-01
4.548946321010589600e-01
6.894197463989257812e-01
1.295382380485534668e-01
6.182643026113510132e-02
1.978263445198535919e-02
4.448115825653076172e-01
1.557456851005554199e-01
5.443089455366134644e-02
2.595982849597930908e-01
7.989344000816345215e-01
3.776096105575561523e-01
6.136673688888549805e-01
3.243469893932342529e-01
2.824944257736206055e-01
1.702243685722351074e-01
7.252391427755355835e-02
7.127544879913330078e-01
8.792286515235900879e-01
5.235955864191055298e-02
9.130494594573974609e-01
9.439357519149780273e-01
6.773655414581298828e-01
6.850377917289733887e-01
5.756539106369018555e-01
1.692990511655807495e-01
5.294621586799621582e-01
5.898773670196533203e-01
6.052043437957763672e-01
8.215810060501098633e-01
2.261818051338195801e-01
2.717285752296447754e-01
2.060096412897109985e-01
6.427962183952331543e-01
2.911114394664764404e-01
4.321496784687042236e-01
5.400634407997131348e-01
5.628390908241271973e-01
1.719203293323516846e-01
2.356455475091934204e-01
3.663894534111022949e-01
1.625041216611862183e-01
2.791497707366943359e-01
5.950581431388854980e-01
4.590264856815338135e-01
4.541019722819328308e-02
4.695892930030822754e-01
1.158131286501884460e-01
2.756397724151611328e-01
7.993493676185607910e-01
1.058752164244651794e-01
7.915212213993072510e-02
6.073556840419769287e-02
3.010156154632568359e-01
9.175467491149902344e-01
4.795515835285186768e-01
8.968292474746704102e-01
6.029183045029640198e-02
4.025208950042724609e-02
3.033610619604587555e-02
8.348569273948669434e-01
2.081773877143859863e-01
6.580551266670227051e-01
3.264373540878295898e-01
3.216316103935241699e-01
5.998147651553153992e-02
2.171886116266250610e-01
6.767164468765258789e-01
8.417222499847412109e-01
2.734994888305664062e-02
8.194582909345626831e-02
8.575882315635681152e-01
2.285382449626922607e-01
3.508006408810615540e-02
3.085892200469970703e-01
1.171434372663497925e-01
2.610931992530822754e-01
3.023259639739990234e-01
4.213490486145019531e-01
5.162150785326957703e-02
2.788847088813781738e-01
1.038302108645439148e-01
1.953623443841934204e-01
5.366485714912414551e-01
4.308310449123382568e-01
2.575564384460449219e-01
1.989329010248184204e-01
1.064402386546134949e-01
8.938708156347274780e-02
2.278495132923126221e-01
2.659973502159118652e-01
2.896951436996459961e-01
1.180110797286033630e-01
2.485932409763336182e-01
9.321900606155395508e-01
1.462599784135818481e-01
2.192555814981460571e-01
2.186000198125839233e-01
6.168826222419738770e-01
2.524062991142272949e-01
2.002710700035095215e-01
4.314688146114349365e-01
8.816741704940795898e-01
8.205944299697875977e-02
1.168303936719894409e-01
4.971853643655776978e-02
1.340756714344024658e-01
9.313705563545227051e-02
5.143961906433105469e-01
2.940527200698852539e-01
3.279512822628021240e-01
9.046299457550048828e-01
2.342799752950668335e-01
5.510368347167968750e-01
2.210162878036499023e-01
1.499777287244796753e-01
6.809147000312805176e-01
2.140607982873916626e-01
2.649369649589061737e-02
9.237928390502929688e-01
5.837303400039672852e-01
7.469149231910705566e-01
7.186631560325622559e-01
6.531283259391784668e-02
4.678778946399688721e-01
2.303251624107360840e-01
1.682165116071701050e-01
3.843221962451934814e-01
4.248285666108131409e-02
1.203717663884162903e-01
3.409242928028106689e-01
2.065089493989944458e-01
7.582253813743591309e-01
6.379920244216918945e-01
7.038425207138061523e-01
4.115784540772438049e-02
6.469590067863464355e-01
7.629000544548034668e-01
1.984608471393585205e-01
8.415510058403015137e-01
3.330814540386199951e-01
4.404049515724182129e-01
1.407653838396072388e-01
8.124438524246215820e-01
4.583199620246887207e-01
8.595843613147735596e-02
8.234883546829223633e-01
3.391831219196319580e-01
8.556862473487854004e-01
1.044690310955047607e-01
3.422248363494873047e-01
4.258435964584350586e-01
3.328745663166046143e-01
4.867594540119171143e-01
8.613310456275939941e-01
2.758585214614868164e-01
3.654652237892150879e-01
2.945059724152088165e-02
8.589966893196105957e-01
1.922722458839416504e-01
2.732457593083381653e-02
7.671757936477661133e-01
7.939793467521667480e-01
4.606301784515380859e-01
1.428926289081573486e-01
4.468437135219573975e-01
4.899570643901824951e-01
8.004359602928161621e-01
2.575478553771972656e-01
8.746042251586914062e-01
4.356264695525169373e-02
3.308950364589691162e-01
4.710809141397476196e-02
2.882702946662902832e-01
5.580728501081466675e-02
4.105380773544311523e-01
3.064490556716918945e-01
2.921332418918609619e-01
3.483680486679077148e-01
1.741977035999298096e-01
6.163465380668640137e-01
8.131796717643737793e-01
2.464047968387603760e-01
5.239074826240539551e-01
6.813937425613403320e-02
3.397911787033081055e-01
8.656377196311950684e-01
8.464430570602416992e-01
2.090128511190414429e-01
2.738130986690521240e-01
1.362441182136535645e-01
1.631618887186050415e-01
2.724503278732299805e-01
2.472662627696990967e-01
9.290392994880676270e-01
1.776716709136962891e-01
6.305475234985351562e-01
1.053016781806945801e-01
6.791762113571166992e-01
2.602449953556060791e-01
1.942870914936065674e-01
3.780218586325645447e-02
3.299275413155555725e-02
4.259295761585235596e-01
8.244536519050598145e-01
7.368870377540588379e-01
2.865827977657318115e-01
1.571442037820816040e-01
5.377303361892700195e-01
9.046198725700378418e-01
6.142320036888122559e-01
1.085062175989151001e-01
2.995475232601165771e-01
5.995140671730041504e-01
6.565498113632202148e-01
8.575252890586853027e-01
9.534994512796401978e-02
8.078663349151611328e-01
7.663024067878723145e-01
3.666341900825500488e-01
8.292011022567749023e-01
4.969953894615173340e-01
5.048984289169311523e-02
5.799833536148071289e-01
2.946122884750366211e-01
6.197231411933898926e-01
1.429740488529205322e-01
7.758405804634094238e-01
2.419417947530746460e-01
1.804166883230209351e-01
5.518433451652526855e-01
4.699985384941101074e-01
7.713455557823181152e-01
4.759917780756950378e-02
2.278952449560165405e-01
7.497753500938415527e-01
4.053016006946563721e-01
4.877460598945617676e-01
2.282454967498779297e-01
2.969898581504821777e-01
7.998968362808227539e-01
5.600968599319458008e-01
1.291077584028244019e-01
8.456678688526153564e-02
1.592618972063064575e-01
2.389768138527870178e-02
1.700999140739440918e-01
2.554469704627990723e-01
5.524919033050537109e-01
2.422023862600326538e-01
4.972385615110397339e-02
5.585252642631530762e-01
3.836825191974639893e-01
1.542817801237106323e-01
5.093415379524230957e-01
1.254776418209075928e-01
7.395946383476257324e-01
5.356161594390869141e-01
8.062546700239181519e-02
3.073095679283142090e-01
2.334452793002128601e-02
4.547014534473419189e-01
2.629977464675903320e-01
1.115123778581619263e-01
1.376424878835678101e-01
7.074436545372009277e-02
3.192947804927825928e-01
1.459320783615112305e-01
5.917656049132347107e-02
1.985266953706741333e-01
2.874570190906524658e-01
4.810396432876586914e-01
4.616355299949645996e-01
2.935426682233810425e-02
6.382647156715393066e-02
5.515411496162414551e-01
3.543035387992858887e-01
4.293049499392509460e-02
9.044064879417419434e-01
6.802712678909301758e-01
2.197315692901611328e-01
1.410858184099197388e-01
2.788595259189605713e-01
8.639714121818542480e-02
1.019837707281112671e-01
6.676521301269531250e-01
2.434337735176086426e-01
5.415180325508117676e-01
4.402270913124084473e-01
4.255415201187133789e-01
8.329199254512786865e-02
2.886860370635986328e-01
1.480074077844619751e-01
3.751473426818847656e-01
4.387356340885162354e-01
2.522379159927368164e-01
5.551099181175231934e-01
3.015352487564086914e-01
9.297567009925842285e-01
7.605780661106109619e-02
2.727787196636199951e-01
8.658041954040527344e-01
3.466559350490570068e-01
4.535325467586517334e-01
6.184152960777282715e-01
3.980592489242553711e-01
1.787503510713577271e-01
9.502737522125244141e-01
4.338855445384979248e-01
4.313562810420989990e-01
8.653251528739929199e-01
1.725807040929794312e-01
7.205433249473571777e-01
7.633063793182373047e-01
6.544346362352371216e-02
1.429340988397598267e-02
5.705363750457763672e-01
1.973429620265960693e-01
1.640493273735046387e-01
4.024721682071685791e-01
9.224741458892822266e-01
7.430480420589447021e-02
6.385985016822814941e-02
2.085122466087341309e-01
2.759425714612007141e-02
2.290710955858230591e-01
1.092494726181030273e-01
1.164238676428794861e-01
4.688572511076927185e-02
6.534740924835205078e-01
2.603042721748352051e-01
7.415812015533447266e-01
6.698035001754760742e-01
8.191641569137573242e-01
2.464048862457275391e-01
7.838111370801925659e-02
4.639157354831695557e-01
5.949336290359497070e-01
7.579179853200912476e-02
3.406051695346832275e-01
4.577772021293640137e-01
1.034457236528396606e-01
8.994389772415161133e-01
1.067482307553291321e-01
1.649825572967529297e-01
6.254042685031890869e-02
3.281454443931579590e-01
3.327308893203735352e-01
7.295743823051452637e-01
2.462442517280578613e-01
2.625760436058044434e-01
5.547441169619560242e-02
2.964113950729370117e-01
2.681676149368286133e-01
1.389091610908508301e-01
2.174190282821655273e-01
2.241589725017547607e-01
3.856993839144706726e-02
2.394124418497085571e-01
5.191903933882713318e-02
3.761710226535797119e-01
2.517192959785461426e-01
8.919064998626708984e-01
8.879669904708862305e-01
1.152806952595710754e-01
