1.468237210065126419e-02
9.881978631019592285e-01
5.218005180358886719e-02
8.031395673751831055e-01
1.280952692031860352e-01
3.703706711530685425e-02
4.948100745677947998e-01
2.360954731702804565e-01
9.163709282875061035e-01
4.297936707735061646e-02
5.451778769493103027e-01
5.068576708436012268e-02
8.305514454841613770e-01
4.602261185646057129e-01
8.299367129802703857e-02
3.288748562335968018e-01
4.773375689983367920e-01
6.652624607086181641e-01
9.538880586624145508e-01
2.976683676242828369e-01
5.591613650321960449e-01
7.724003195762634277e-01
2.767556719481945038e-02
3.291383013129234314e-02
1.834503859281539917e-01
1.962517946958541870e-02
7.753490209579467773e-01
1.200223267078399658e-01
1.113208755850791931e-01
2.795622944831848145e-01
1.201298534870147705e-01
1.239526085555553436e-02
7.003225088119506836e-01
5.364090576767921448e-02
5.469122901558876038e-02
5.846836045384407043e-02
8.482053875923156738e-02
6.212022528052330017e-02
5.954939126968383789e-01
9.090882539749145508e-01
2.835854887962341309e-01
7.553032040596008301e-02
3.991863131523132324e-02
5.548675358295440674e-02
2.945064939558506012e-02
3.348094522953033447e-01
1.137950420379638672e-01
6.442310810089111328e-01
9.148457087576389313e-03
8.431437015533447266e-01
8.674621582031250000e-02
1.650280319154262543e-02
3.479313254356384277e-01
2.720473408699035645e-01
1.275790929794311523e-01
2.065251581370830536e-02
8.017352223396301270e-01
4.814266040921211243e-02
1.471559517085552216e-02
2.415907233953475952e-01
4.646853506565093994e-01
1.684928089380264282e-01
2.680054865777492523e-02
5.423935130238533020e-02
2.511604502797126770e-02
1.137028858065605164e-01
2.233435213565826416e-02
4.488784074783325195e-02
4.889464676380157471e-01
7.322378456592559814e-02
2.821915596723556519e-02
8.362252712249755859e-01
5.019512176513671875e-01
2.639916725456714630e-02
3.425208330154418945e-01
2.768466994166374207e-02
1.862864382565021515e-02
9.739461354911327362e-03
2.014548331499099731e-01
4.148412123322486877e-02
8.869243860244750977e-01
7.494485378265380859e-01
8.724449872970581055e-01
5.105681419372558594e-01
8.745178580284118652e-01
6.529695987701416016e-01
4.320727288722991943e-02
8.422806113958358765e-02
5.530918240547180176e-01
3.591542541980743408e-01
6.138129234313964844e-01
3.141367435455322266e-02
5.782017111778259277e-02
4.966491162776947021e-01
3.885613679885864258e-01
5.341682434082031250e-01
5.215257406234741211e-01
7.764796018600463867e-01
4.641559720039367676e-02
6.046669930219650269e-02
6.122483611106872559e-01
7.226546853780746460e-02
5.711619257926940918e-01
8.520463109016418457e-02
2.059871852397918701e-01
8.673177659511566162e-02
3.806826472282409668e-02
5.246009826660156250e-01
4.938814938068389893e-01
1.761400550603866577e-01
2.558147013187408447e-01
1.999675109982490540e-02
3.692311421036720276e-02
9.313138127326965332e-01
2.300963550806045532e-01
3.496479243040084839e-02
7.728568911552429199e-01
2.863570675253868103e-02
1.051484718918800354e-01
7.124201059341430664e-01
5.905461963266134262e-03
8.873656392097473145e-02
8.242400735616683960e-02
9.040191769599914551e-01
7.905470132827758789e-01
2.527740783989429474e-02
4.901817068457603455e-02
1.298886984586715698e-01
2.292705327272415161e-02
3.552960604429244995e-02
9.252161979675292969e-01
3.354546427726745605e-02
8.729590773582458496e-01
3.987151682376861572e-01
5.545942783355712891e-01
4.149953424930572510e-01
9.123337864875793457e-01
8.551348000764846802e-02
5.423774719238281250e-01
3.393105044960975647e-02
7.248078584671020508e-01
7.524911165237426758e-01
5.864048600196838379e-01
2.701347470283508301e-01
1.828093975782394409e-01
3.600646927952766418e-02
4.201012551784515381e-01
8.958599567413330078e-01
5.648136734962463379e-01
7.024638354778289795e-02
2.288097329437732697e-02
1.193793341517448425e-01
4.136887565255165100e-02
1.329511106014251709e-01
6.061377376317977905e-02
5.210709571838378906e-02
1.471941322088241577e-01
9.440013766288757324e-02
1.516652256250381470e-01
7.448909282684326172e-01
2.699631154537200928e-01
6.764546036720275879e-01
4.779858887195587158e-02
1.719589382410049438e-01
8.241693377494812012e-01
7.432588338851928711e-01
4.823690950870513916e-01
2.792966067790985107e-01
3.708833828568458557e-02
2.232650220394134521e-01
3.641164675354957581e-02
3.164182230830192566e-02
4.034450948238372803e-01
5.613966584205627441e-01
9.376439452171325684e-02
9.221997857093811035e-01
2.099214196205139160e-01
3.194000944495201111e-02
7.492651939392089844e-01
1.298671364784240723e-01
1.444736123085021973e-01
3.417676687240600586e-02
6.489164382219314575e-02
5.469867587089538574e-02
3.809412196278572083e-02
1.290087252855300903e-01
1.632033586502075195e-01
5.762683749198913574e-01
4.402160942554473877e-01
5.268108844757080078e-01
2.435924112796783447e-02
6.128077507019042969e-01
3.285612538456916809e-02
7.270964384078979492e-01
1.718172281980514526e-01
4.277616441249847412e-01
2.042445540428161621e-02
8.182360231876373291e-02
3.182905316352844238e-01
1.959510892629623413e-02
1.858955249190330505e-02
2.882393300533294678e-01
8.349743485450744629e-01
2.102195173501968384e-01
8.252817988395690918e-01
8.695610165596008301e-01
5.957222580909729004e-01
3.221840038895606995e-02
9.529696702957153320e-01
3.480741381645202637e-01
1.516799181699752808e-01
2.439071424305438995e-02
1.681466251611709595e-01
5.623887777328491211e-01
2.976597249507904053e-01
1.491029281169176102e-02
7.410737872123718262e-01
3.846455812454223633e-01
7.836284637451171875e-01
5.461901798844337463e-02
9.180644154548645020e-01
9.281063079833984375e-01
3.751445114612579346e-01
4.224145412445068359e-02
1.155139431357383728e-01
5.074546486139297485e-02
6.219953894615173340e-01
7.571792006492614746e-01
9.097937494516372681e-02
5.780389904975891113e-01
5.686076879501342773e-01
8.163956999778747559e-01
8.734344691038131714e-02
8.640837669372558594e-01
7.930180430412292480e-01
2.586176693439483643e-01
6.090779304504394531e-01
9.119470715522766113e-01
1.001196205615997314e-01
2.962833046913146973e-01
8.814370036125183105e-01
6.607297807931900024e-02
6.754562854766845703e-01
6.706662476062774658e-02
3.043617308139801025e-01
1.290720105171203613e-01
5.071814358234405518e-02
9.474887847900390625e-01
1.550657898187637329e-01
7.314209342002868652e-01
1.757741123437881470e-01
5.056425929069519043e-02
7.200141996145248413e-02
3.469638526439666748e-02
1.291500478982925415e-01
1.618126034736633301e-01
2.139300554990768433e-01
7.462762594223022461e-01
8.221632242202758789e-02
7.619144320487976074e-01
5.765486136078834534e-02
5.424849987030029297e-01
3.275839388370513916e-01
1.569180190563201904e-02
1.010648906230926514e-01
4.780974984169006348e-01
5.801459029316902161e-02
2.673184275627136230e-01
5.917312949895858765e-02
6.369878053665161133e-01
8.896129727363586426e-01
7.194438576698303223e-01
2.518237829208374023e-01
2.728027403354644775e-01
8.498584628105163574e-01
9.142169356346130371e-02
7.995917201042175293e-01
3.254232928156852722e-02
6.985780000686645508e-01
2.926101535558700562e-02
7.646012306213378906e-02
9.025405645370483398e-01
4.531750828027725220e-02
3.895959258079528809e-01
4.743227660655975342e-01
3.280009627342224121e-01
3.586394712328910828e-02
5.026168748736381531e-02
3.282258212566375732e-01
7.499575614929199219e-02
6.873434036970138550e-02
5.073713064193725586e-01
7.678927183151245117e-01
1.841882914304733276e-01
5.079247057437896729e-02
1.523501705378293991e-02
6.249511986970901489e-02
7.146096229553222656e-01
3.040699660778045654e-01
2.906981483101844788e-02
8.931336998939514160e-01
4.305945038795471191e-01
1.834096610546112061e-01
6.812616437673568726e-02
4.259499907493591309e-02
2.310000360012054443e-02
8.627729862928390503e-02
6.434247493743896484e-01
8.539418578147888184e-01
6.384991407394409180e-01
3.586605787277221680e-01
6.006126478314399719e-02
5.529243871569633484e-02
3.678580746054649353e-02
4.642456173896789551e-01
2.501201629638671875e-01
8.836065530776977539e-01
6.371680498123168945e-01
2.686628401279449463e-01
3.497206419706344604e-02
4.953677952289581299e-01
1.958441287279129028e-01
3.146391510963439941e-01
9.168690443038940430e-01
7.846239805221557617e-01
4.574426412582397461e-01
9.537471830844879150e-02
1.548992190510034561e-02
3.699463978409767151e-02
3.674904629588127136e-02
3.338121995329856873e-02
6.305596977472305298e-02
4.070162773132324219e-01
6.144255772233009338e-02
3.588381037116050720e-02
8.913851380348205566e-01
2.968728840351104736e-01
1.536382641643285751e-02
7.555378973484039307e-02
5.151356384158134460e-02
1.823554933071136475e-02
4.847387671470642090e-01
9.076785445213317871e-01
3.346572220325469971e-01
8.996842503547668457e-01
1.337168272584676743e-02
7.449387758970260620e-02
2.147504091262817383e-01
2.487061321735382080e-01
8.947592973709106445e-01
3.161663562059402466e-02
1.546909380704164505e-02
3.040053509175777435e-02
5.235126614570617676e-02
5.936260223388671875e-01
4.274582117795944214e-02
6.882913112640380859e-01
9.279787540435791016e-02
6.633796542882919312e-02
3.141950964927673340e-01
5.720493569970130920e-02
3.939741551876068115e-01
2.362591028213500977e-01
1.292464733123779297e-01
6.799116134643554688e-01
3.696824312210083008e-01
3.557920157909393311e-01
9.570704698562622070e-01
2.024507075548171997e-01
1.476014405488967896e-01
4.669023156166076660e-01
3.865769505500793457e-02
9.257034957408905029e-02
3.774154558777809143e-02
4.142022877931594849e-02
6.321977078914642334e-02
1.510414332151412964e-01
4.396193847060203552e-02
8.708387017250061035e-01
1.571595072746276855e-01
3.853428363800048828e-02
2.326631546020507812e-02
8.393742442131042480e-01
4.869294464588165283e-01
2.144431173801422119e-01
6.017629429697990417e-02
1.284277886152267456e-01
3.589533865451812744e-01
1.695733219385147095e-01
5.300712585449218750e-01
1.102054305374622345e-02
5.081145092844963074e-02
7.347122579813003540e-02
5.761494487524032593e-02
8.974469453096389771e-02
4.141170997172594070e-03
7.785573601722717285e-01
1.308453381061553955e-01
8.693309426307678223e-01
1.588750481605529785e-01
2.218126803636550903e-01
3.680657967925071716e-02
7.884939908981323242e-01
5.624108314514160156e-01
7.729038000106811523e-01
6.009241342544555664e-01
6.165357232093811035e-01
4.477123022079467773e-01
1.260793358087539673e-01
9.498029202222824097e-02
3.669652715325355530e-02
1.662766747176647186e-02
1.158226430416107178e-01
4.557532072067260742e-01
8.301247358322143555e-01
1.928952336311340332e-02
5.173025131225585938e-01
3.671803325414657593e-02
6.242312118411064148e-02
2.621360309422016144e-02
3.689531609416007996e-02
5.472446680068969727e-01
8.917791247367858887e-01
1.286805327981710434e-02
5.640524625778198242e-02
4.902654290199279785e-01
2.532602660357952118e-02
2.244936116039752960e-02
1.482116729021072388e-01
3.042194992303848267e-02
1.063703447580337524e-01
1.108011007308959961e-01
7.507465481758117676e-01
6.213762760162353516e-01
1.293934434652328491e-01
3.163608908653259277e-02
1.803641021251678467e-01
1.848056726157665253e-02
5.782286524772644043e-01
3.762327134609222412e-01
1.093061864376068115e-01
7.444868981838226318e-02
5.715753883123397827e-02
7.729457616806030273e-01
3.903769701719284058e-02
1.999837756156921387e-01
2.083762548863887787e-02
7.391692996025085449e-01
8.847891539335250854e-02
1.315248291939496994e-02
3.592024147510528564e-01
8.169105052947998047e-01
2.920459210872650146e-01
1.604001037776470184e-02
4.214710369706153870e-02
6.065196990966796875e-01
1.995517164468765259e-01
4.153787717223167419e-02
2.273004688322544098e-02
2.843986749649047852e-01
3.541373610496520996e-01
1.028857007622718811e-01
4.637060314416885376e-02
2.148976027965545654e-01
1.919799298048019409e-02
5.638145655393600464e-02
8.960396647453308105e-01
1.656801551580429077e-01
5.932787060737609863e-02
9.645581841468811035e-01
2.904105186462402344e-01
5.620524287223815918e-01
2.337197959423065186e-02
6.322563886642456055e-01
6.089326739311218262e-01
1.909936964511871338e-02
8.631182312965393066e-01
8.251371383666992188e-01
3.507616519927978516e-01
6.207463797181844711e-03
2.803810834884643555e-01
3.484130799770355225e-01
1.607472151517868042e-01
5.259799361228942871e-01
4.709818959236145020e-02
1.133841052651405334e-01
2.524219453334808350e-01
6.661682575941085815e-02
5.618322268128395081e-02
4.440983831882476807e-01
1.451500598341226578e-02
4.148155078291893005e-02
3.901558741927146912e-02
7.818783521652221680e-01
7.123122215270996094e-01
6.252783536911010742e-01
2.128938734531402588e-01
2.745452523231506348e-01
5.495716631412506104e-02
3.259214386343955994e-02
8.939578533172607422e-01
4.319471493363380432e-02
4.934253990650177002e-01
9.066788554191589355e-01
8.950470387935638428e-02
2.260214276611804962e-02
4.957695901393890381e-01
3.877308964729309082e-02
8.303588628768920898e-01
4.568704217672348022e-02
3.800272569060325623e-02
1.407251507043838501e-01
7.653934359550476074e-01
3.793580532073974609e-01
6.567514538764953613e-01
1.476014405488967896e-01
2.217790037393569946e-01
4.147424101829528809e-01
7.134107500314712524e-02
1.237374320626258850e-01
1.461233049631118774e-01
3.689651191234588623e-01
1.641856431961059570e-01
4.655234217643737793e-01
6.486111879348754883e-01
3.079800866544246674e-02
2.080130726099014282e-01
8.304102420806884766e-01
4.861730709671974182e-02
6.494508981704711914e-01
5.639890953898429871e-02
1.123157441616058350e-01
1.966109424829483032e-01
3.882724046707153320e-02
7.958249449729919434e-01
6.699841618537902832e-01
5.233666300773620605e-02
7.439363002777099609e-01
8.570704460144042969e-01
9.630129933357238770e-01
9.273157715797424316e-01
1.157253514975309372e-02
2.047681510448455811e-01
3.679933249950408936e-01
4.908204376697540283e-01
9.070731401443481445e-01
1.771888136863708496e-01
1.234576255083084106e-01
1.759248226881027222e-01
3.937046229839324951e-02
8.443618416786193848e-01
8.262082003057003021e-03
1.762912236154079437e-02
8.179039955139160156e-01
2.004144154489040375e-02
4.353602230548858643e-02
2.790813744068145752e-01
5.534008145332336426e-01
9.241162538528442383e-01
1.059431862086057663e-02
3.705132380127906799e-02
7.694711536169052124e-02
6.705139875411987305e-01
8.622642159461975098e-01
9.400486014783382416e-03
8.563673496246337891e-01
2.826230041682720184e-02
6.312292814254760742e-01
1.066760569810867310e-01
8.091856241226196289e-01
3.088856339454650879e-01
4.390898346900939941e-02
7.244198024272918701e-02
6.634867787361145020e-01
4.685583710670471191e-02
1.639913208782672882e-02
7.143520116806030273e-01
1.606620661914348602e-02
7.633922155946493149e-03
3.135061860084533691e-01
4.470501542091369629e-01
2.108884602785110474e-02
7.492975592613220215e-01
4.299143850803375244e-01
1.490625143051147461e-01
1.981264725327491760e-02
2.187881916761398315e-01
8.741294741630554199e-01
7.985975146293640137e-01
8.760626912117004395e-01
2.669334411621093750e-01
6.240147352218627930e-01
9.193971753120422363e-02
1.405149996280670166e-01
7.882920652627944946e-02
4.575396701693534851e-02
3.322620317339897156e-02
7.901163101196289062e-01
8.356252312660217285e-01
8.536198735237121582e-01
3.622346743941307068e-02
3.954187631607055664e-01
9.302439540624618530e-02
9.181187301874160767e-02
7.711825370788574219e-01
2.050929814577102661e-01
5.679366737604141235e-02
3.054777905344963074e-02
2.995817735791206360e-02
1.393640507012605667e-02
1.121000945568084717e-01
8.605784177780151367e-01
1.354474574327468872e-01
1.271430123597383499e-02
6.601139903068542480e-02
4.569753110408782959e-01
7.484201788902282715e-01
3.128014504909515381e-02
2.860411405563354492e-01
3.444013297557830811e-01
8.321312665939331055e-01
3.648825734853744507e-02
5.140242725610733032e-02
2.895090878009796143e-01
3.124295473098754883e-01
4.374909996986389160e-01
1.162221934646368027e-02
7.507902979850769043e-01
8.821903467178344727e-01
7.797918319702148438e-01
5.136242508888244629e-01
2.805718220770359039e-02
4.070017486810684204e-02
7.250319719314575195e-01
4.864131808280944824e-01
2.295327633619308472e-01
5.141567587852478027e-01
6.461499333381652832e-01
1.143111288547515869e-01
2.777637355029582977e-02
1.621474139392375946e-02
4.817579984664916992e-01
1.396787017583847046e-01
1.366671081632375717e-02
1.765578836202621460e-01
8.135935068130493164e-01
1.985644698143005371e-01
6.728776097297668457e-01
2.976978123188018799e-01
2.045764476060867310e-01
3.686766326427459717e-02
7.046933472156524658e-02
5.309039354324340820e-01
9.148550629615783691e-01
1.564537547528743744e-02
9.405058622360229492e-01
9.519575238227844238e-01
6.729606986045837402e-01
3.358864486217498779e-01
7.283888459205627441e-01
2.157147973775863647e-02
6.250924468040466309e-01
7.744612693786621094e-01
7.049772143363952637e-01
7.871710658073425293e-01
9.569115191698074341e-02
9.988971799612045288e-02
7.808496057987213135e-02
7.601650357246398926e-01
1.687615960836410522e-01
2.657393217086791992e-01
5.122649669647216797e-01
5.866392254829406738e-01
1.251790970563888550e-01
1.507139652967453003e-01
4.259056150913238525e-01
2.529106438159942627e-01
2.789126336574554443e-01
5.658982992172241211e-01
3.912957608699798584e-01
2.018053457140922546e-02
4.233897328376770020e-01
2.682506106793880463e-02
4.013594985008239746e-01
8.475334644317626953e-01
2.620339952409267426e-02
6.422269344329833984e-02
4.041769728064537048e-02
2.134252637624740601e-01
9.534024596214294434e-01
4.740965366363525391e-01
9.177017211914062500e-01
1.989129558205604553e-02
8.988783694803714752e-03
1.284377556294202805e-02
8.655382394790649414e-01
1.071234419941902161e-01
6.977146863937377930e-01
1.811921149492263794e-01
8.143179118633270264e-02
5.858658254146575928e-02
1.416869014501571655e-01
6.158843040466308594e-01
9.075308442115783691e-01
1.551130693405866623e-02
3.668617084622383118e-02
8.967693448066711426e-01
1.387988030910491943e-01
2.735748514533042908e-02
9.748735278844833374e-02
9.463454782962799072e-02
1.824693083763122559e-01
1.152265220880508423e-01
3.242268860340118408e-01
2.258392795920372009e-02
1.066357269883155823e-01
3.224030509591102600e-02
3.934542462229728699e-02
7.363283038139343262e-01
5.978155136108398438e-01
8.061362802982330322e-02
4.169141501188278198e-02
2.164764143526554108e-02
1.714405789971351624e-02
1.719993352890014648e-01
1.486301273107528687e-01
4.384587705135345459e-01
2.784314379096031189e-02
1.185279265046119690e-01
9.546359181404113770e-01
6.001437082886695862e-02
1.487437039613723755e-01
2.392840087413787842e-01
7.099658250808715820e-01
1.441794633865356445e-01
2.886701002717018127e-02
3.250212669372558594e-01
9.243414998054504395e-01
4.392781108617782593e-02
1.966141909360885620e-01
6.685501337051391602e-02
4.635202884674072266e-02
2.429771423339843750e-02
5.794413685798645020e-01
1.266257017850875854e-01
7.974765449762344360e-02
9.073933959007263184e-01
4.433252811431884766e-01
5.169438719749450684e-01
1.257254928350448608e-01
1.146478131413459778e-01
6.966364979743957520e-01
2.686483599245548248e-02
7.533167954534292221e-03
9.277179241180419922e-01
7.571057677268981934e-01
6.587036252021789551e-01
8.791640400886535645e-01
2.833582647144794464e-02
5.207135677337646484e-01
1.233188211917877197e-01
1.037660539150238037e-01
4.533737599849700928e-01
3.583298251032829285e-02
8.670093119144439697e-02
3.959610760211944580e-01
7.566706091165542603e-02
7.507023811340332031e-01
6.210364699363708496e-01
8.021690845489501953e-01
2.865027263760566711e-02
7.731609940528869629e-01
7.734848260879516602e-01
2.560268044471740723e-01
8.859494328498840332e-01
3.307841122150421143e-01
4.992903470993041992e-01
2.299937419593334198e-02
8.999332189559936523e-01
2.122967690229415894e-01
3.320939466357231140e-02
8.201830983161926270e-01
1.539345234632492065e-01
8.347752690315246582e-01
2.526679821312427521e-02
1.870618760585784912e-01
3.300140202045440674e-01
3.538701832294464111e-01
1.793633997440338135e-01
9.115270972251892090e-01
1.357456892728805542e-01
3.535798788070678711e-01
1.066814083606004715e-02
9.059431552886962891e-01
5.169294029474258423e-02
1.262289844453334808e-02
8.626737594604492188e-01
7.175590395927429199e-01
3.371652960777282715e-01
2.706595510244369507e-02
6.394916176795959473e-01
4.036799371242523193e-01
6.395919322967529297e-01
1.117524132132530212e-01
8.439153432846069336e-01
1.394261233508586884e-02
3.547774255275726318e-01
1.663864776492118835e-02
2.618428468704223633e-01
4.704819619655609131e-02
2.775196731090545654e-01
2.820543050765991211e-01
1.956218034029006958e-01
3.612120449542999268e-01
4.125396534800529480e-02
6.851565837860107422e-01
8.566677570343017578e-01
1.760575175285339355e-01
4.666149616241455078e-01
3.190531581640243530e-02
4.151937961578369141e-01
8.791514039039611816e-01
8.928655982017517090e-01
3.253018558025360107e-01
1.483253538608551025e-01
2.810023538768291473e-02
1.126236766576766968e-01
3.836079314351081848e-02
1.016557887196540833e-01
9.432550668716430664e-01
1.484008878469467163e-01
7.053453326225280762e-01
6.956683099269866943e-02
6.730211377143859863e-01
1.119756922125816345e-01
1.643903851509094238e-01
2.542541176080703735e-02
2.561002224683761597e-02
3.516651988029479980e-01
8.601958751678466797e-01
8.746957778930664062e-01
7.523892819881439209e-02
3.248837590217590332e-02
6.854295730590820312e-01
9.378892183303833008e-01
7.650390863418579102e-01
8.193057030439376831e-02
1.332746148109436035e-01
7.499389052391052246e-01
7.836640477180480957e-01
8.195585012435913086e-01
3.569126874208450317e-02
7.952308058738708496e-01
8.072580099105834961e-01
1.876834630966186523e-01
8.993582725524902344e-01
4.498869478702545166e-01
1.330610737204551697e-02
6.012346744537353516e-01
1.635132730007171631e-01
7.177374958992004395e-01
1.794832497835159302e-01
5.779109597206115723e-01
6.035313010215759277e-01
9.637352824211120605e-02
6.045772433280944824e-01
3.536772131919860840e-01
8.524870276451110840e-01
1.576451957225799561e-02
2.055888026952743530e-01
6.691530346870422363e-01
3.525008559226989746e-01
3.722761571407318115e-01
2.451745569705963135e-01
2.662497460842132568e-01
7.816193699836730957e-01
7.152740359306335449e-01
2.637575939297676086e-02
4.812594503164291382e-02
1.476014405488967896e-01
1.084597688168287277e-02
2.959924042224884033e-01
1.012455224990844727e-01
6.290476918220520020e-01
1.285936981439590454e-01
9.333592839539051056e-03
6.478232741355895996e-01
5.097115039825439453e-01
4.950500652194023132e-02
3.470585346221923828e-01
4.167412966489791870e-02
7.267962098121643066e-01
5.311837792396545410e-01
4.321595281362533569e-02
1.912152022123336792e-01
8.800204843282699585e-03
4.178964793682098389e-01
1.181643083691596985e-01
3.683093190193176270e-02
3.063137643039226532e-02
2.670092880725860596e-02
2.372821718454360962e-01
1.092696115374565125e-01
2.531998232007026672e-02
4.043520614504814148e-02
1.202110499143600464e-01
4.829044640064239502e-01
4.908260703086853027e-01
3.045496530830860138e-02
2.759547345340251923e-02
5.673731565475463867e-01
2.596829533576965332e-01
2.381171844899654388e-02
9.526813626289367676e-01
6.525575518608093262e-01
1.810018271207809448e-01
1.000384464859962463e-01
2.055916637182235718e-01
3.724373131990432739e-02
8.336673676967620850e-02
5.075519084930419922e-01
9.214762598276138306e-02
5.122129917144775391e-01
5.292491912841796875e-01
5.566377639770507812e-01
3.510436415672302246e-02
2.296670675277709961e-01
9.935677796602249146e-02
2.383437603712081909e-01
4.296007156372070312e-01
2.175015658140182495e-01
4.164946675300598145e-01
2.843244671821594238e-01
9.597021937370300293e-01
2.743840217590332031e-02
3.500164747238159180e-01
8.951538801193237305e-01
4.842986166477203369e-01
3.089150488376617432e-01
6.575545072555541992e-01
3.735912740230560303e-01
5.180798470973968506e-02
9.577077031135559082e-01
5.255949497222900391e-01
2.769082784652709961e-01
8.923375010490417480e-01
5.861624330282211304e-02
7.618713974952697754e-01
6.985839605331420898e-01
2.563291974365711212e-02
8.524773642420768738e-03
5.866814851760864258e-01
1.577770560979843140e-01
3.371929004788398743e-02
2.709421813488006592e-01
9.517089128494262695e-01
6.788767874240875244e-02
1.903183944523334503e-02
5.501731112599372864e-02
1.575798168778419495e-02
1.750300675630569458e-01
1.880653947591781616e-02
1.144848838448524475e-01
1.653579063713550568e-02
4.041453003883361816e-01
1.514277011156082153e-01
7.648758888244628906e-01
4.032015502452850342e-01
8.980393409729003906e-01
3.242526575922966003e-02
2.465331926941871643e-02
4.655216932296752930e-01
6.707414984703063965e-01
2.630880847573280334e-02
5.127598047256469727e-01
5.529627799987792969e-01
1.627856120467185974e-02
9.085639119148254395e-01
5.001774057745933533e-02
4.514363780617713928e-02
1.581081375479698181e-02
4.716739058494567871e-01
2.037718296051025391e-01
8.548520803451538086e-01
3.456717729568481445e-01
1.230800151824951172e-01
4.241161420941352844e-02
1.298761516809463501e-01
1.612791866064071655e-01
8.333559148013591766e-03
8.380531519651412964e-02
1.101410761475563049e-01
1.316777430474758148e-02
3.251557424664497375e-02
2.263568155467510223e-02
3.142281472682952881e-01
1.428994685411453247e-01
9.058134555816650391e-01
7.782807946205139160e-01
6.173412129282951355e-02
