2.711506001651287079e-02
8.415120840072631836e-01
3.188506886363029480e-02
8.896293640136718750e-01
5.032056942582130432e-02
3.634088858962059021e-02
5.727737545967102051e-01
1.123742237687110901e-01
9.144974350929260254e-01
3.565284982323646545e-02
6.891464591026306152e-01
6.904715299606323242e-01
8.920025825500488281e-01
6.047157049179077148e-01
1.078865006566047668e-01
8.502073585987091064e-02
9.466834366321563721e-02
7.859805226325988770e-01
9.582131505012512207e-01
3.760713040828704834e-01
6.894621253013610840e-01
9.550960063934326172e-01
1.162548810243606567e-01
3.628291189670562744e-01
2.735726833343505859e-01
3.962115570902824402e-02
7.807164788246154785e-01
7.186865061521530151e-02
2.002554088830947876e-01
2.178884148597717285e-01
2.225813865661621094e-01
1.870457082986831665e-02
8.617936372756958008e-01
3.249430283904075623e-02
6.354321539402008057e-02
4.939979314804077148e-02
8.848694711923599243e-02
9.775833040475845337e-02
4.367733597755432129e-01
9.527305960655212402e-01
7.387646287679672241e-02
1.036994457244873047e-01
4.433719441294670105e-02
1.097265034914016724e-01
5.961970612406730652e-02
4.375250265002250671e-02
1.105493530631065369e-01
3.902035653591156006e-01
2.643156796693801880e-02
9.499292969703674316e-01
1.387329548597335815e-01
2.405006624758243561e-02
1.022221669554710388e-01
2.074610143899917603e-01
8.901114761829376221e-02
7.036790251731872559e-02
9.519016146659851074e-01
3.517050296068191528e-02
7.533910870552062988e-02
1.241769492626190186e-01
1.438758224248886108e-01
1.098600104451179504e-01
3.988850116729736328e-02
4.233554005622863770e-02
1.331202387809753418e-01
6.695536524057388306e-02
2.925027161836624146e-02
2.806387245655059814e-01
6.490957140922546387e-01
2.209150195121765137e-01
2.094168663024902344e-01
8.765344023704528809e-01
6.130025982856750488e-01
7.902172952890396118e-02
7.736254483461380005e-02
4.906964302062988281e-02
3.410807624459266663e-02
3.629245981574058533e-02
4.347066581249237061e-02
4.223527014255523682e-02
8.712657690048217773e-01
9.882614016532897949e-02
9.204949736595153809e-01
8.692544698715209961e-01
9.565683603286743164e-01
6.533495187759399414e-01
4.575813189148902893e-02
6.898082792758941650e-02
6.132037043571472168e-01
2.386419922113418579e-01
5.384014844894409180e-01
7.581614702939987183e-02
4.355393722653388977e-02
2.345780283212661743e-01
1.143956184387207031e-01
5.441245436668395996e-01
6.272125840187072754e-01
9.104371666908264160e-01
7.601447403430938721e-02
4.480808600783348083e-02
8.040679693222045898e-01
1.022868081927299500e-01
4.941760003566741943e-01
2.534882128238677979e-01
2.757036983966827393e-01
1.143899038434028625e-01
5.176310986280441284e-02
1.602569371461868286e-01
1.881365180015563965e-01
8.381942659616470337e-02
2.517251968383789062e-01
3.731552883982658386e-02
4.607525840401649475e-02
9.588652849197387695e-01
8.734919130802154541e-02
1.186593994498252869e-01
9.461085200309753418e-01
2.757834456861019135e-02
3.732928335666656494e-01
9.201865196228027344e-01
2.144444920122623444e-02
4.040323570370674133e-02
1.398593187332153320e-01
6.781032085418701172e-01
9.512397050857543945e-01
6.499537080526351929e-02
7.461214065551757812e-02
8.625322580337524414e-02
3.669854253530502319e-02
1.404825896024703979e-01
9.541351199150085449e-01
2.571138739585876465e-01
9.258919358253479004e-01
1.103708669543266296e-01
8.628327846527099609e-01
7.044164538383483887e-01
9.373126626014709473e-01
2.020566910505294800e-01
3.946804702281951904e-01
4.227275773882865906e-02
8.852783441543579102e-01
7.032399773597717285e-01
1.157218217849731445e-01
3.349605202674865723e-01
8.225606381893157959e-02
3.267741575837135315e-02
5.994896292686462402e-01
3.157564699649810791e-01
3.646938800811767578e-01
6.268957257270812988e-02
3.839520737528800964e-02
7.447440177202224731e-02
2.639050185680389404e-01
5.316668003797531128e-02
9.077315032482147217e-02
5.867582932114601135e-02
5.007840692996978760e-02
1.292733252048492432e-01
3.221394121646881104e-01
8.091132044792175293e-01
6.888152360916137695e-01
9.124770760536193848e-01
1.222388818860054016e-01
4.157918095588684082e-01
7.854110598564147949e-01
1.987674087285995483e-01
1.929959803819656372e-01
2.505655884742736816e-01
6.702484935522079468e-02
8.146165609359741211e-01
7.150273025035858154e-02
2.943236380815505981e-02
1.677771061658859253e-01
8.849284052848815918e-01
4.586514830589294434e-02
9.576901197433471680e-01
4.168771505355834961e-01
4.694059491157531738e-02
5.926420092582702637e-01
1.401929110288619995e-01
6.147205084562301636e-02
2.830135077238082886e-02
4.605192691087722778e-02
2.035146802663803101e-01
2.021842002868652344e-01
6.513117998838424683e-02
1.097462773323059082e-01
5.361894369125366211e-01
3.794853985309600830e-01
6.594018340110778809e-01
5.380667001008987427e-02
9.234911799430847168e-01
1.581707000732421875e-01
5.843844413757324219e-01
1.709596812725067139e-01
8.341102004051208496e-01
5.767136439681053162e-02
7.465201616287231445e-02
4.344002604484558105e-01
2.719113789498806000e-02
3.396737203001976013e-02
8.074508607387542725e-02
9.146609306335449219e-01
6.894028931856155396e-02
8.828088641166687012e-01
9.416695237159729004e-01
9.288899302482604980e-01
3.565589338541030884e-02
9.601255059242248535e-01
3.357202410697937012e-01
1.363184154033660889e-01
3.541212156414985657e-02
1.171204894781112671e-01
6.195139884948730469e-01
1.968846470117568970e-01
2.187263593077659607e-02
9.245248436927795410e-01
8.699910044670104980e-01
8.825029730796813965e-01
4.092523455619812012e-02
9.455766081809997559e-01
9.610671401023864746e-01
8.431634902954101562e-01
7.426518946886062622e-02
3.967575356364250183e-02
1.072488874197006226e-01
7.657962441444396973e-01
4.005774557590484619e-01
9.252225607633590698e-02
6.858670115470886230e-01
6.170933246612548828e-01
9.254978299140930176e-01
3.114676475524902344e-02
9.061660170555114746e-01
8.562579154968261719e-01
3.958168327808380127e-01
9.457314014434814453e-01
9.544199705123901367e-01
7.382154464721679688e-02
2.104262560606002808e-01
6.697614789009094238e-01
2.063877880573272705e-01
6.385461091995239258e-01
1.277713924646377563e-01
1.229003816843032837e-01
1.352497041225433350e-01
3.220128640532493591e-02
9.566786289215087891e-01
3.642550483345985413e-02
8.417390584945678711e-01
4.862431287765502930e-01
1.570025682449340820e-01
2.002808749675750732e-01
6.153545528650283813e-02
3.277054056525230408e-02
3.410680219531059265e-02
2.889442443847656250e-01
7.685856223106384277e-01
7.659260928630828857e-02
7.934023141860961914e-01
7.400987297296524048e-02
6.950430274009704590e-01
3.714100122451782227e-01
6.991089135408401489e-02
2.564752399921417236e-01
6.702763438224792480e-01
1.414416581392288208e-01
2.480467557907104492e-01
1.149626970291137695e-01
8.655659556388854980e-01
7.470750212669372559e-01
9.528099298477172852e-01
3.257312774658203125e-01
4.522834420204162598e-01
4.408468604087829590e-01
5.302063375711441040e-02
7.941479682922363281e-01
2.918588742613792419e-02
9.284765124320983887e-01
6.252179294824600220e-02
1.043970212340354919e-01
9.551376104354858398e-01
1.368873268365859985e-01
4.184885621070861816e-01
6.264828443527221680e-01
1.534717530012130737e-01
3.015664219856262207e-02
2.309230864048004150e-01
5.128554701805114746e-01
3.307949379086494446e-02
4.818457365036010742e-02
5.753480792045593262e-01
7.480268478393554688e-01
1.809014230966567993e-01
6.146031990647315979e-02
3.064946271479129791e-02
1.571092158555984497e-01
8.981146216392517090e-01
4.334529638290405273e-01
1.233296692371368408e-01
9.465281963348388672e-01
5.851187109947204590e-01
3.767733275890350342e-02
1.328627169132232666e-01
1.246953606605529785e-01
4.638965800404548645e-02
4.441062361001968384e-02
4.946616590023040771e-01
9.342482089996337891e-01
4.093994200229644775e-01
2.618476450443267822e-01
5.153707042336463928e-02
4.441155493259429932e-02
5.757970735430717468e-02
7.605691552162170410e-01
1.740378886461257935e-01
9.530827999114990234e-01
9.232849478721618652e-01
1.381548196077346802e-01
7.052083313465118408e-02
8.248617649078369141e-01
2.614717185497283936e-01
6.757144331932067871e-01
9.441363215446472168e-01
4.898715913295745850e-01
5.280395746231079102e-01
1.610973328351974487e-01
2.818517759442329407e-02
3.583673760294914246e-02
5.239705741405487061e-02
2.985661849379539490e-02
1.781454682350158691e-01
3.777811825275421143e-01
4.690574854612350464e-02
1.304422914981842041e-01
9.401031136512756348e-01
9.039953351020812988e-02
7.052056491374969482e-02
1.677238494157791138e-01
2.119453251361846924e-01
4.499006643891334534e-02
3.731173574924468994e-01
2.887060940265655518e-01
6.809939146041870117e-01
9.317665696144104004e-01
5.549935251474380493e-02
1.314286589622497559e-01
5.189113616943359375e-01
1.156070977449417114e-01
8.810684084892272949e-01
2.839542180299758911e-02
2.901900932192802429e-02
4.342523962259292603e-02
7.271019369363784790e-02
4.858149886131286621e-01
6.452412903308868408e-02
8.566986322402954102e-01
6.869436800479888916e-02
6.993467360734939575e-02
2.095369249582290649e-01
5.125254392623901367e-02
5.901641249656677246e-01
1.572056561708450317e-01
1.188787817955017090e-01
7.589806914329528809e-01
3.319149017333984375e-01
2.536934912204742432e-01
9.576205015182495117e-01
1.289034634828567505e-01
2.403456717729568481e-01
3.260129392147064209e-01
3.828037530183792114e-02
3.677596747875213623e-01
6.774351000785827637e-02
3.189786151051521301e-02
5.516063049435615540e-02
1.398074924945831299e-01
6.082518771290779114e-02
9.380730986595153809e-01
1.116426736116409302e-01
4.140494391322135925e-02
4.106330499053001404e-02
9.241248965263366699e-01
3.697848916053771973e-01
1.676659882068634033e-01
7.676026970148086548e-02
2.908783257007598877e-01
1.411392092704772949e-01
1.449926942586898804e-01
6.888983249664306641e-01
3.216728940606117249e-02
8.102983236312866211e-02
7.147604227066040039e-02
4.679802432656288147e-02
1.102223098278045654e-01
5.588334053754806519e-02
7.189489006996154785e-01
1.839070767164230347e-01
8.201227784156799316e-01
1.665258854627609253e-01
3.278799951076507568e-01
6.405642628669738770e-02
7.846690416336059570e-01
2.725900411605834961e-01
9.219843149185180664e-01
8.514726161956787109e-01
9.218267798423767090e-01
5.485729575157165527e-01
2.341282963752746582e-01
9.504959732294082642e-02
1.909505277872085571e-01
2.731167711317539215e-02
2.304422855377197266e-01
7.522373795509338379e-01
9.235854744911193848e-01
3.039070591330528259e-02
3.815473318099975586e-01
2.030022442340850830e-01
1.644854843616485596e-01
4.661589860916137695e-02
2.535321749746799469e-02
4.236218929290771484e-01
5.996255278587341309e-01
2.273681014776229858e-02
4.532086849212646484e-02
4.397323131561279297e-01
3.463048115372657776e-02
1.418259292840957642e-01
2.040477395057678223e-01
1.677215844392776489e-01
8.785478770732879639e-02
5.073195323348045349e-02
7.652989625930786133e-01
8.411696553230285645e-01
5.856855213642120361e-02
1.440022438764572144e-01
4.984382390975952148e-01
3.862010687589645386e-02
8.015079498291015625e-01
3.109723329544067383e-01
1.679303497076034546e-01
4.439782351255416870e-02
2.967741526663303375e-02
7.536305785179138184e-01
6.381490081548690796e-02
4.574199616909027100e-01
4.889631643891334534e-02
9.285480380058288574e-01
5.812250450253486633e-02
2.646815031766891479e-02
1.288095861673355103e-01
9.447792172431945801e-01
4.759137332439422607e-01
8.261211216449737549e-02
4.599345102906227112e-02
5.287710428237915039e-01
2.939030826091766357e-01
9.059856086969375610e-02
4.414664581418037415e-02
1.220526844263076782e-01
8.921804279088973999e-02
2.046191543340682983e-01
2.830926515161991119e-02
3.528602793812751770e-02
2.889638580381870270e-02
1.844176501035690308e-01
9.435665011405944824e-01
4.647445678710937500e-01
4.508979618549346924e-02
9.642536044120788574e-01
6.472547352313995361e-02
4.724015295505523682e-01
2.742117270827293396e-02
8.995521664619445801e-01
8.350550532341003418e-01
6.817108392715454102e-02
8.811652064323425293e-01
9.440922737121582031e-01
2.800368666648864746e-01
2.061143890023231506e-02
6.415759921073913574e-01
2.772400677204132080e-01
1.373741626739501953e-01
1.571620702743530273e-01
5.258022993803024292e-02
6.611362844705581665e-02
1.577723920345306396e-01
4.400158673524856567e-02
4.579558596014976501e-02
5.642649531364440918e-01
5.188770964741706848e-02
1.331963390111923218e-01
3.724519908428192139e-02
8.212943673133850098e-01
5.626509785652160645e-01
8.998177200555801392e-02
6.582049280405044556e-02
5.065925121307373047e-01
7.786534726619720459e-02
1.211261749267578125e-01
8.628239035606384277e-01
2.725333161652088165e-02
8.037009835243225098e-01
9.517408609390258789e-01
2.390098273754119873e-01
3.973204642534255981e-02
7.294157743453979492e-01
6.290657073259353638e-02
7.241069674491882324e-01
4.530590400099754333e-02
1.204169094562530518e-01
2.467414736747741699e-01
9.326332211494445801e-01
1.998993754386901855e-01
5.072074532508850098e-01
2.403456717729568481e-01
4.021655619144439697e-01
3.685722947120666504e-01
9.708842635154724121e-02
2.105367928743362427e-01
1.417673230171203613e-01
6.753935813903808594e-01
1.443396508693695068e-01
1.865661591291427612e-01
8.595004081726074219e-01
3.253550827503204346e-02
1.176188737154006958e-01
9.436789155006408691e-01
5.094799771904945374e-02
9.261692166328430176e-01
9.212803840637207031e-02
1.487795412540435791e-01
8.150459825992584229e-02
2.803818881511688232e-02
9.003450274467468262e-01
4.842450916767120361e-01
2.151860892772674561e-01
8.984251022338867188e-01
9.392377138137817383e-01
9.545172452926635742e-01
9.606867432594299316e-01
3.066615760326385498e-02
1.848506927490234375e-01
1.677439212799072266e-01
2.092162668704986572e-01
9.515523910522460938e-01
4.299968779087066650e-01
2.902896106243133545e-01
2.165617048740386963e-01
5.153896287083625793e-02
9.446933865547180176e-01
2.145701088011264801e-02
1.678036153316497803e-01
9.000475406646728516e-01
6.184629723429679871e-02
3.667029365897178650e-02
2.053304165601730347e-01
3.309701085090637207e-01
9.552664160728454590e-01
4.653346911072731018e-02
2.182267233729362488e-02
2.076020985841751099e-01
8.463931083679199219e-01
9.557375907897949219e-01
3.268168866634368896e-02
4.447217285633087158e-01
3.239506110548973083e-02
6.891225576400756836e-01
1.405447870492935181e-01
8.594773411750793457e-01
8.464651703834533691e-01
6.425216794013977051e-02
1.783161163330078125e-01
9.213728904724121094e-01
2.288902923464775085e-02
3.486141189932823181e-02
8.787850737571716309e-01
2.419222518801689148e-02
1.095990762114524841e-01
1.063578650355339050e-01
8.758437633514404297e-01
2.273318730294704437e-02
7.437764406204223633e-01
3.222460150718688965e-01
8.174097537994384766e-02
2.565710246562957764e-02
3.042929172515869141e-01
9.151570796966552734e-01
8.100535869598388672e-01
8.941853046417236328e-01
1.414259672164916992e-01
2.276224344968795776e-01
8.039780706167221069e-02
6.601182222366333008e-01
9.401402622461318970e-02
3.869774937629699707e-02
3.713610768318176270e-02
9.225503206253051758e-01
9.378709197044372559e-01
9.074097275733947754e-01
1.125500127673149109e-01
4.579248428344726562e-01
5.314887315034866333e-02
7.320852577686309814e-02
9.486540555953979492e-01
7.918249815702438354e-02
9.894757717847824097e-02
3.098935820162296295e-02
3.060156665742397308e-02
3.189970925450325012e-02
1.410194188356399536e-01
9.212509393692016602e-01
2.602489888668060303e-01
2.964272908866405487e-02
8.611427992582321167e-02
1.163936033844947815e-01
7.472955584526062012e-01
2.420358359813690186e-02
2.031938582658767700e-01
5.693877935409545898e-01
9.506836533546447754e-01
9.380174428224563599e-02
2.712064981460571289e-02
1.920731514692306519e-01
4.919212460517883301e-01
6.612707376480102539e-01
3.475391119718551636e-02
3.282676339149475098e-01
9.536512494087219238e-01
8.810648918151855469e-01
7.646691799163818359e-01
1.650689095258712769e-01
4.171973466873168945e-02
9.350128173828125000e-01
1.311145573854446411e-01
2.185276150703430176e-01
2.630064189434051514e-01
6.860518455505371094e-01
5.797418579459190369e-02
3.673673793673515320e-02
3.950760886073112488e-02
1.405614316463470459e-01
2.229754626750946045e-01
2.622398734092712402e-02
1.384751349687576294e-01
5.671650171279907227e-01
1.513303369283676147e-01
8.234083652496337891e-01
1.561741977930068970e-01
2.608208358287811279e-01
1.400327384471893311e-01
7.425563782453536987e-02
9.072189331054687500e-01
9.547314047813415527e-01
3.016596660017967224e-02
9.564040899276733398e-01
9.527705311775207520e-01
8.968111276626586914e-01
1.445829272270202637e-01
7.982629537582397461e-01
4.812786728143692017e-02
6.458646059036254883e-01
6.546981334686279297e-01
9.040147662162780762e-01
9.241905808448791504e-01
8.529812097549438477e-02
9.564651548862457275e-02
2.958469688892364502e-01
7.375938892364501953e-01
1.907009482383728027e-01
2.725991010665893555e-01
2.578204870223999023e-01
7.584294080734252930e-01
4.017503261566162109e-01
2.436181157827377319e-01
5.041490793228149414e-01
5.390188843011856079e-02
6.127914786338806152e-01
4.668310880661010742e-01
6.179618239402770996e-01
3.089053928852081299e-02
2.905779778957366943e-01
3.608637303113937378e-02
7.794727683067321777e-01
9.184616804122924805e-01
3.829342424869537354e-01
7.081737369298934937e-02
3.150096535682678223e-02
1.948611736297607422e-01
9.601847529411315918e-01
4.324534833431243896e-01
9.045846462249755859e-01
2.857917174696922302e-02
2.643309906125068665e-02
2.488839812576770782e-02
9.554035067558288574e-01
1.316917240619659424e-01
8.487489223480224609e-01
5.370555520057678223e-01
2.632073163986206055e-01
5.056896060705184937e-02
2.430554293096065521e-02
8.015618920326232910e-01
9.475665688514709473e-01
3.859717026352882385e-02
4.553972184658050537e-02
9.532275199890136719e-01
9.998360276222229004e-02
2.713374607264995575e-02
1.290517598390579224e-01
4.993037506937980652e-02
1.209074854850769043e-01
1.861589252948760986e-01
3.031322956085205078e-01
3.787896409630775452e-02
4.541459679603576660e-02
1.390036195516586304e-01
2.066244333982467651e-01
6.779341101646423340e-01
2.436786442995071411e-01
6.664191931486129761e-02
4.225074499845504761e-02
7.915396243333816528e-02
2.952385507524013519e-02
2.057818025350570679e-01
5.069989338517189026e-02
9.774508327245712280e-02
4.242941364645957947e-02
2.326624095439910889e-01
9.581991434097290039e-01
7.646830379962921143e-02
6.659845113754272461e-01
3.120615519583225250e-02
1.407021731138229370e-01
2.740371823310852051e-01
1.288489699363708496e-01
3.506203591823577881e-01
9.495901465415954590e-01
5.747390538454055786e-02
9.775587171316146851e-02
2.660823613405227661e-02
4.789390787482261658e-02
9.424113482236862183e-02
8.694232702255249023e-01
3.004913628101348877e-01
2.178719788789749146e-01
9.416887760162353516e-01
2.825499773025512695e-01
3.598887622356414795e-01
2.565442621707916260e-01
1.017760336399078369e-01
8.084216117858886719e-01
3.736981377005577087e-02
2.432355657219886780e-02
9.512805938720703125e-01
9.107078313827514648e-01
8.579391241073608398e-01
3.958190083503723145e-01
3.408759832382202148e-02
4.540681242942810059e-01
3.555760160088539124e-02
7.454634457826614380e-02
7.661272883415222168e-01
2.689260803163051605e-02
3.274285420775413513e-02
6.595758348703384399e-02
1.048237383365631104e-01
9.138194918632507324e-01
5.022746920585632324e-01
3.039560019969940186e-01
3.793575987219810486e-02
9.435440897941589355e-01
9.297959804534912109e-01
7.137385010719299316e-02
9.554782509803771973e-01
4.143616855144500732e-01
7.504361867904663086e-01
3.803522139787673950e-02
9.448298811912536621e-01
1.492514908313751221e-01
8.332198113203048706e-02
9.340070486068725586e-01
1.786837428808212280e-01
8.722868561744689941e-01
2.218409329652786255e-01
2.781842648983001709e-01
5.357911586761474609e-01
5.652111768722534180e-01
3.361091017723083496e-01
9.519983530044555664e-01
9.450214356184005737e-02
1.913384944200515747e-01
2.533817477524280548e-02
9.044698476791381836e-01
7.246273756027221680e-02
3.344546630978584290e-02
9.085805416107177734e-01
6.179584264755249023e-01
9.287334084510803223e-01
4.374880343675613403e-02
6.669688224792480469e-01
5.635969638824462891e-01
9.314613938331604004e-01
1.038578003644943237e-01
9.443899393081665039e-01
2.923217415809631348e-02
4.675789773464202881e-01
3.912496939301490784e-02
8.552827239036560059e-01
4.942015931010246277e-02
6.986684203147888184e-01
3.458571732044219971e-01
2.457813471555709839e-01
4.027863740921020508e-01
1.071126982569694519e-01
6.757755279541015625e-01
9.119260311126708984e-01
2.464712560176849365e-01
7.429203391075134277e-01
4.633253812789916992e-02
1.320652067661285400e-01
9.458646774291992188e-01
2.927953898906707764e-01
8.188731968402862549e-02
1.796959489583969116e-01
4.778308048844337463e-02
8.506005257368087769e-02
7.444607466459274292e-02
1.344181150197982788e-01
9.577082991600036621e-01
4.892877638339996338e-01
8.894627094268798828e-01
1.351029425859451294e-01
9.153969287872314453e-01
6.298005580902099609e-02
1.986219882965087891e-01
3.434386104345321655e-02
2.091255411505699158e-02
1.199725344777107239e-01
9.523925781250000000e-01
9.433965086936950684e-01
2.719802260398864746e-01
5.655893683433532715e-02
6.658899188041687012e-01
9.523124694824218750e-01
8.234614729881286621e-01
8.903799206018447876e-02
4.349240064620971680e-01
8.713905811309814453e-01
7.089675068855285645e-01
8.479158878326416016e-01
4.054812341928482056e-02
9.515042304992675781e-01
9.116684794425964355e-01
2.447543591260910034e-01
9.454919695854187012e-01
7.632760405540466309e-01
2.790680155158042908e-02
3.949968516826629639e-01
2.729624807834625244e-01
9.058021903038024902e-01
8.913860470056533813e-02
3.332310914993286133e-01
2.728237211704254150e-01
7.765608280897140503e-02
8.479347229003906250e-01
9.003930091857910156e-01
7.896270751953125000e-01
2.708726003766059875e-02
1.275018602609634399e-01
4.215728342533111572e-01
2.522541880607604980e-01
2.085476666688919067e-01
1.519854664802551270e-01
1.793263256549835205e-01
8.065254092216491699e-01
7.387219071388244629e-01
6.069147214293479919e-02
2.015492320060729980e-01
2.403456717729568481e-01
2.485770359635353088e-02
1.304104626178741455e-01
6.800638139247894287e-02
9.005983471870422363e-01
1.883218735456466675e-01
2.361832000315189362e-02
1.280545294284820557e-01
4.986595809459686279e-01
3.891253843903541565e-02
3.858973085880279541e-01
6.270787864923477173e-02
6.548273563385009766e-01
1.168477088212966919e-01
3.314964845776557922e-02
5.592096447944641113e-01
3.511602804064750671e-02
2.814670801162719727e-01
1.616272777318954468e-01
5.075858533382415771e-02
3.417444601655006409e-02
3.265867009758949280e-02
4.247823953628540039e-01
6.727983802556991577e-02
3.284679353237152100e-02
1.136931777000427246e-01
1.556645780801773071e-01
5.982536673545837402e-01
2.969413995742797852e-01
5.544187873601913452e-02
4.262599349021911621e-02
7.083525657653808594e-01
7.161781787872314453e-01
3.622026368975639343e-02
9.602304697036743164e-01
8.265713453292846680e-01
2.766851782798767090e-01
3.734311088919639587e-02
2.415463477373123169e-01
2.348803915083408356e-02
6.003517284989356995e-02
9.326718747615814209e-02
7.076986134052276611e-02
6.388047337532043457e-01
9.052231907844543457e-01
9.394256472587585449e-01
9.465215355157852173e-02
7.317236810922622681e-02
7.256752997636795044e-02
1.904935240745544434e-01
8.218619823455810547e-01
3.025015592575073242e-01
6.279748082160949707e-01
3.474670946598052979e-01
9.573898911476135254e-01
4.941382631659507751e-02
3.378495275974273682e-01
9.407392144203186035e-01
5.613223910331726074e-01
9.164435267448425293e-01
1.875941902399063110e-01
5.461227297782897949e-01
5.002901330590248108e-02
9.625986218452453613e-01
8.533474206924438477e-01
1.483832895755767822e-01
9.217423796653747559e-01
3.915828764438629150e-01
9.258378744125366211e-01
1.215382665395736694e-01
4.741065576672554016e-02
2.172347158193588257e-02
1.626425683498382568e-01
1.299232542514801025e-01
4.183144867420196533e-02
6.733005493879318237e-02
9.538263678550720215e-01
4.308720305562019348e-02
3.054392524063587189e-02
5.548495426774024963e-02
3.162403777241706848e-02
8.193995803594589233e-02
4.997782409191131592e-02
2.813253924250602722e-02
3.994192183017730713e-02
4.161548316478729248e-01
1.521869152784347534e-01
4.759946465492248535e-01
8.245545029640197754e-01
9.476250410079956055e-01
8.100375533103942871e-02
5.105147138237953186e-02
4.127124845981597900e-01
9.201021194458007812e-01
5.243955925107002258e-02
3.364599347114562988e-01
6.290956735610961914e-01
2.180269919335842133e-02
9.458497166633605957e-01
1.083947494626045227e-01
5.169965624809265137e-01
3.031440079212188721e-02
8.844603598117828369e-02
3.224197328090667725e-01
9.348742365837097168e-01
6.074920669198036194e-02
1.385629028081893921e-01
4.042601212859153748e-02
2.466042935848236084e-01
2.228434830904006958e-01
9.943652153015136719e-02
2.719825208187103271e-01
1.322194337844848633e-01
2.571129426360130310e-02
1.034515053033828735e-01
1.311627477407455444e-01
3.698732554912567139e-01
1.323156356811523438e-01
9.482818841934204102e-01
9.099556207656860352e-01
1.049057841300964355e-01
