1.722653396427631378e-02
8.451449871063232422e-01
1.708933711051940918e-02
8.598312139511108398e-01
2.984048426151275635e-02
2.846261672675609589e-02
8.392401337623596191e-01
2.539272904396057129e-01
8.943834900856018066e-01
3.580072149634361267e-02
4.642664790153503418e-01
2.326721251010894775e-01
8.648735284805297852e-01
7.335447669029235840e-01
8.193936944007873535e-02
1.152896806597709656e-01
8.589237928390502930e-02
7.584425210952758789e-01
9.556405544281005859e-01
5.140224695205688477e-01
6.569592952728271484e-01
9.391740560531616211e-01
9.981858730316162109e-02
1.470690518617630005e-01
4.180822074413299561e-01
3.149445354938507080e-02
5.538631081581115723e-01
4.859407618641853333e-02
2.229812890291213989e-01
1.521605402231216431e-01
2.472767978906631470e-01
1.356264762580394745e-02
5.630177855491638184e-01
1.958414725959300995e-02
5.202123895287513733e-02
8.250240981578826904e-02
1.101927459239959717e-01
6.385235488414764404e-02
2.918844223022460938e-01
9.383721947669982910e-01
5.946885421872138977e-02
2.765217125415802002e-01
3.334612771868705750e-02
9.019047021865844727e-02
5.899797752499580383e-02
4.163153097033500671e-02
6.222289428114891052e-02
4.117851257324218750e-01
1.632159203290939331e-02
9.253130555152893066e-01
1.135380491614341736e-01
1.582404226064682007e-02
1.405231952667236328e-01
1.588713675737380981e-01
7.302577048540115356e-02
8.648427575826644897e-02
9.456734061241149902e-01
2.726364322006702423e-02
3.898166120052337646e-02
1.648289710283279419e-01
1.878037899732589722e-01
1.558188199996948242e-01
2.846152335405349731e-02
3.204346448183059692e-02
5.714878812432289124e-02
4.120555147528648376e-02
2.241260744631290436e-02
1.297370791435241699e-01
5.078879594802856445e-01
2.446957826614379883e-01
1.409289687871932983e-01
8.087636828422546387e-01
5.792679786682128906e-01
7.789693772792816162e-02
5.370130017399787903e-02
3.284556791186332703e-02
1.819260232150554657e-02
1.611759141087532043e-02
2.380802109837532043e-02
2.279783412814140320e-02
8.856830596923828125e-01
1.388654261827468872e-01
7.772769927978515625e-01
8.962453007698059082e-01
9.531639218330383301e-01
7.343509793281555176e-01
5.323970317840576172e-02
3.569085523486137390e-02
6.393313407897949219e-01
2.161011993885040283e-01
6.718887090682983398e-01
2.838456071913242340e-02
2.587508782744407654e-02
2.431039214134216309e-01
8.248130977153778076e-02
6.941503286361694336e-01
6.372191905975341797e-01
8.725045919418334961e-01
5.375516414642333984e-02
4.673330485820770264e-02
6.889374852180480957e-01
4.939866065979003906e-02
6.710546612739562988e-01
2.135013043880462646e-01
5.345283150672912598e-01
2.845991216599941254e-02
5.840051546692848206e-02
1.234073564410209656e-01
9.382419288158416748e-02
4.734541848301887512e-02
2.357183843851089478e-01
2.234034426510334015e-02
2.340891025960445404e-02
9.476023316383361816e-01
8.572129905223846436e-02
5.393871665000915527e-02
9.345252513885498047e-01
2.097271382808685303e-02
3.245994746685028076e-01
8.486902713775634766e-01
1.390557643026113510e-02
3.822356462478637695e-02
1.167318969964981079e-01
8.076294660568237305e-01
9.489148855209350586e-01
1.052867993712425232e-01
6.706912815570831299e-02
6.609412282705307007e-02
2.755394391715526581e-02
4.981859400868415833e-02
9.510666728019714355e-01
6.016970425844192505e-02
8.885691165924072266e-01
2.058573514223098755e-01
7.202072143554687500e-01
8.519444465637207031e-01
8.989359736442565918e-01
2.077344954013824463e-01
5.253644585609436035e-01
2.137353830039501190e-02
6.395765542984008789e-01
4.462853670120239258e-01
1.468994170427322388e-01
3.760875761508941650e-01
9.473452717065811157e-02
2.069270052015781403e-02
6.855431199073791504e-01
3.511658012866973877e-01
6.046845316886901855e-01
9.422282874584197998e-02
2.372709475457668304e-02
7.791242003440856934e-02
6.446801871061325073e-02
1.304530799388885498e-01
4.784243553876876831e-02
4.712525010108947754e-02
7.769542932510375977e-02
8.018071204423904419e-02
3.874129354953765869e-01
8.833562731742858887e-01
6.891238093376159668e-01
9.158955812454223633e-01
1.308377236127853394e-01
4.588003754615783691e-01
7.845858931541442871e-01
3.444300591945648193e-01
3.948793411254882812e-01
5.388010740280151367e-01
4.393600299954414368e-02
7.305250763893127441e-01
4.017982631921768188e-02
2.034697495400905609e-02
2.447576373815536499e-01
8.948042988777160645e-01
2.402633987367153168e-02
9.328047633171081543e-01
4.078033566474914551e-01
3.826881572604179382e-02
4.477855265140533447e-01
2.524143457412719727e-01
4.814876988530158997e-02
2.353886142373085022e-02
8.551837503910064697e-02
4.131399691104888916e-01
2.383714467287063599e-01
4.166286438703536987e-02
3.110931813716888428e-01
5.940743684768676758e-01
4.869161546230316162e-01
6.367855668067932129e-01
3.820264339447021484e-02
9.129994511604309082e-01
1.755528897047042847e-01
6.987715959548950195e-01
3.480650186538696289e-01
6.461423039436340332e-01
6.028955057263374329e-02
8.317346870899200439e-02
6.313764452934265137e-01
1.872114464640617371e-02
2.383381128311157227e-02
4.061187431216239929e-02
8.879843354225158691e-01
7.205884903669357300e-02
9.089792966842651367e-01
9.442186951637268066e-01
8.539227247238159180e-01
5.225477740168571472e-02
9.565519094467163086e-01
3.727332651615142822e-01
1.313511729240417480e-01
2.562453784048557281e-02
1.570138037204742432e-01
7.960341572761535645e-01
1.557347029447555542e-01
1.479271613061428070e-02
7.937628626823425293e-01
8.652731776237487793e-01
8.924857378005981445e-01
2.531185932457447052e-02
9.437157511711120605e-01
9.576715230941772461e-01
8.676777482032775879e-01
9.493090212345123291e-02
2.104999497532844543e-02
7.742706686258316040e-02
6.953182220458984375e-01
5.946160554885864258e-01
5.874173343181610107e-02
4.745714366436004639e-01
6.530672311782836914e-01
8.903911113739013672e-01
1.891516521573066711e-02
8.812001943588256836e-01
8.680583834648132324e-01
3.743743002414703369e-01
9.315082430839538574e-01
9.499360918998718262e-01
5.843356251716613770e-02
2.499339133501052856e-01
6.745765805244445801e-01
2.339862138032913208e-01
4.634132385253906250e-01
4.272890836000442505e-02
2.070989757776260376e-01
1.127097979187965393e-01
2.267496846616268158e-02
9.538604021072387695e-01
2.470188774168491364e-02
5.929708480834960938e-01
3.547591567039489746e-01
1.615166813135147095e-01
1.367035210132598877e-01
2.753206528723239899e-02
2.056596241891384125e-02
2.025770582258701324e-02
2.927488088607788086e-01
7.120214104652404785e-01
7.665292918682098389e-02
7.506781816482543945e-01
6.011229380965232849e-02
6.277825236320495605e-01
1.208447590470314026e-01
5.159436538815498352e-02
1.550711244344711304e-01
6.340122222900390625e-01
2.370156049728393555e-01
2.758430838584899902e-01
1.095286905765533447e-01
8.573315739631652832e-01
6.561037302017211914e-01
9.433659315109252930e-01
3.764376640319824219e-01
7.202394008636474609e-01
6.090470552444458008e-01
3.904778882861137390e-02
8.266676068305969238e-01
2.588644251227378845e-02
9.016901850700378418e-01
8.074794709682464600e-02
6.966104358434677124e-02
9.487575888633728027e-01
1.444382965564727783e-01
6.438298225402832031e-01
5.658616423606872559e-01
1.018562838435173035e-01
2.480600588023662567e-02
1.329605430364608765e-01
4.137267768383026123e-01
2.916761860251426697e-02
3.394939005374908447e-02
3.342759013175964355e-01
7.863755226135253906e-01
1.928135454654693604e-01
6.010023504495620728e-02
2.286577224731445312e-02
4.439824074506759644e-02
8.861489892005920410e-01
4.139224290847778320e-01
3.186580538749694824e-02
9.387761354446411133e-01
7.053772211074829102e-01
2.210152707993984222e-02
1.265559792518615723e-01
1.450375914573669434e-01
2.705377340316772461e-02
2.812223508954048157e-02
6.670356392860412598e-01
9.299151897430419922e-01
2.635770738124847412e-01
2.425756305456161499e-01
3.436486050486564636e-02
2.548984624445438385e-02
3.138321638107299805e-02
6.856171488761901855e-01
2.103582173585891724e-01
9.453395009040832520e-01
9.182514548301696777e-01
1.281247586011886597e-01
3.533370792865753174e-02
6.810621619224548340e-01
3.074658513069152832e-01
7.276676297187805176e-01
9.436441659927368164e-01
3.094026744365692139e-01
5.944473743438720703e-01
1.717234104871749878e-01
3.252879157662391663e-02
2.612151205539703369e-02
2.002989314496517181e-02
1.888076961040496826e-02
2.111881524324417114e-01
2.875428199768066406e-01
2.638143859803676605e-02
1.309303492307662964e-01
9.192080497741699219e-01
1.596871018409729004e-01
3.939376398921012878e-02
1.753696352243423462e-01
2.217634320259094238e-01
2.327066101133823395e-02
4.027450084686279297e-01
4.686945974826812744e-01
3.849659860134124756e-01
9.195948839187622070e-01
2.782172709703445435e-02
9.226414561271667480e-02
3.805862367153167725e-01
9.275107830762863159e-02
8.914431929588317871e-01
2.059477753937244415e-02
1.884006895124912262e-02
8.881296217441558838e-02
7.227276265621185303e-02
3.670971691608428955e-01
3.069596923887729645e-02
8.291565775871276855e-01
7.179374992847442627e-02
8.647531270980834961e-02
1.300502717494964600e-01
2.640329487621784210e-02
7.049658894538879395e-01
1.230697855353355408e-01
1.086055636405944824e-01
6.424443721771240234e-01
1.698054969310760498e-01
3.238565325736999512e-01
9.550417065620422363e-01
1.945198178291320801e-01
2.388804554939270020e-01
1.779862344264984131e-01
2.974270284175872803e-02
3.178593218326568604e-01
4.791600257158279419e-02
1.741520315408706665e-02
4.152282699942588806e-02
1.004637777805328369e-01
2.231578528881072998e-02
9.389384984970092773e-01
4.448916390538215637e-02
3.293667733669281006e-02
2.209301665425300598e-02
9.307311177253723145e-01
2.073062956333160400e-01
1.597540825605392456e-01
3.901617601513862610e-02
3.654774427413940430e-01
1.926447898149490356e-01
1.110772937536239624e-01
7.577382326126098633e-01
1.970518194139003754e-02
2.744276821613311768e-02
2.981034852564334869e-02
4.638602584600448608e-02
3.831643983721733093e-02
3.185423091053962708e-02
6.376115083694458008e-01
2.084163129329681396e-01
8.408436179161071777e-01
6.191840022802352905e-02
3.380029797554016113e-01
4.118533059954643250e-02
7.482895255088806152e-01
2.125719934701919556e-01
9.370718598365783691e-01
8.524401783943176270e-01
8.073048591613769531e-01
6.701794266700744629e-01
3.870803415775299072e-01
6.093121320009231567e-02
7.528207451105117798e-02
1.694329082965850830e-02
2.430703043937683105e-01
5.612689852714538574e-01
8.641090989112854004e-01
1.643519848585128784e-02
2.157651484012603760e-01
2.270678132772445679e-01
1.743326187133789062e-01
2.794333547353744507e-02
1.846881583333015442e-02
4.403308928012847900e-01
6.341907978057861328e-01
1.353326253592967987e-02
6.111004576086997986e-02
5.431397557258605957e-01
2.206605672836303711e-02
1.817955821752548218e-01
4.240608513355255127e-01
1.262830644845962524e-01
4.730492085218429565e-02
2.290066331624984741e-02
8.342587947845458984e-01
8.473298549652099609e-01
4.161772131919860840e-02
1.603988856077194214e-01
3.685199022293090820e-01
2.532357722520828247e-02
8.090930581092834473e-01
5.741195082664489746e-01
2.123115509748458862e-01
1.385060884058475494e-02
1.676374301314353943e-02
8.190749883651733398e-01
6.633462756872177124e-02
6.540703773498535156e-01
2.016954869031906128e-02
8.850808739662170410e-01
3.864644095301628113e-02
1.586245186626911163e-02
9.972804784774780273e-02
9.321675896644592285e-01
4.617068767547607422e-01
5.879486724734306335e-02
3.027501888573169708e-02
4.940424859523773193e-01
2.585969865322113037e-01
1.266804784536361694e-01
3.201090544462203979e-02
1.573505848646163940e-01
5.999887734651565552e-02
2.279581874608993530e-01
2.381128072738647461e-02
2.276641130447387695e-02
1.776132173836231232e-02
7.170535624027252197e-02
9.430657029151916504e-01
5.140545368194580078e-01
2.440762519836425781e-02
9.601658582687377930e-01
4.375173524022102356e-02
6.790943741798400879e-01
1.891804859042167664e-02
8.894120454788208008e-01
8.333826661109924316e-01
2.478791028261184692e-02
9.111095070838928223e-01
9.362350702285766602e-01
4.198760688304901123e-01
1.436004042625427246e-02
8.043597340583801270e-01
2.858055233955383301e-01
9.130623936653137207e-02
1.307314038276672363e-01
5.318363383412361145e-02
5.144352838397026062e-02
9.442264586687088013e-02
4.941382631659507751e-02
3.371892869472503662e-02
2.551220357418060303e-01
1.897226646542549133e-02
8.925072848796844482e-02
2.644707262516021729e-02
7.085587978363037109e-01
6.961826086044311523e-01
6.723505258560180664e-02
4.130228981375694275e-02
2.496846169233322144e-01
5.838998407125473022e-02
8.622349053621292114e-02
7.873591780662536621e-01
1.937795802950859070e-02
7.891375422477722168e-01
9.388506412506103516e-01
3.508382737636566162e-01
1.981439813971519470e-02
6.902794837951660156e-01
5.796641111373901367e-02
5.061227083206176758e-01
2.951379120349884033e-02
8.093096315860748291e-02
1.658937186002731323e-01
9.228667616844177246e-01
2.044329345226287842e-01
7.355337738990783691e-01
2.388804554939270020e-01
3.835328519344329834e-01
4.781674444675445557e-01
8.174742013216018677e-02
6.011556088924407959e-02
2.224131673574447632e-01
5.522254109382629395e-01
1.342972368001937866e-01
2.047752887010574341e-01
7.835873365402221680e-01
2.505699917674064636e-02
7.576125860214233398e-02
9.261459708213806152e-01
3.793139010667800903e-02
8.943888545036315918e-01
5.231800675392150879e-02
5.599831044673919678e-02
6.475610285997390747e-02
1.747914217412471771e-02
7.868913412094116211e-01
3.037524819374084473e-01
6.395696848630905151e-02
8.776797056198120117e-01
9.381715059280395508e-01
9.501985907554626465e-01
9.566100239753723145e-01
2.102603204548358917e-02
3.239960074424743652e-01
2.631124854087829590e-01
2.132689356803894043e-01
9.481353759765625000e-01
2.467555254697799683e-01
2.391306608915328979e-01
1.484889537096023560e-01
4.471705481410026550e-02
8.979992866516113281e-01
1.403722539544105530e-02
1.152097508311271667e-01
7.743384242057800293e-01
3.550609201192855835e-02
3.182731568813323975e-02
2.356342077255249023e-01
3.411396145820617676e-01
9.518778324127197266e-01
2.426265925168991089e-02
1.454064156860113144e-02
1.086864396929740906e-01
7.350419759750366211e-01
9.532602429389953613e-01
1.798447594046592712e-02
5.677990913391113281e-01
1.857388764619827271e-02
6.866053938865661621e-01
2.047345042228698730e-01
8.668348789215087891e-01
5.641987919807434082e-01
4.014847055077552795e-02
7.463295012712478638e-02
9.162576198577880859e-01
1.370760146528482437e-02
1.925218105316162109e-02
8.406681418418884277e-01
2.136448398232460022e-02
1.022485122084617615e-01
6.628286093473434448e-02
7.289921641349792480e-01
1.640563458204269409e-02
7.958582639694213867e-01
8.747202903032302856e-02
4.832300171256065369e-02
2.262172847986221313e-02
2.295328378677368164e-01
9.241160750389099121e-01
8.792713880538940430e-01
9.005918502807617188e-01
1.845984905958175659e-01
1.640407592058181763e-01
6.254985928535461426e-02
3.168393969535827637e-01
5.126679316163063049e-02
4.008667171001434326e-02
1.868969388306140900e-02
9.361686110496520996e-01
9.271150231361389160e-01
8.574910163879394531e-01
1.330320537090301514e-01
5.292710065841674805e-01
2.610699273645877838e-02
5.429640039801597595e-02
9.345080852508544922e-01
6.126817315816879272e-02
7.434844225645065308e-02
2.540691569447517395e-02
2.087701484560966492e-02
2.152667939662933350e-02
3.960851952433586121e-02
9.243028759956359863e-01
3.828876912593841553e-01
2.149467729032039642e-02
4.762495309114456177e-02
7.269863039255142212e-02
6.453690528869628906e-01
1.686617732048034668e-02
2.250465899705886841e-01
5.639599561691284180e-01
9.470598101615905762e-01
6.206270679831504822e-02
3.519537299871444702e-02
1.798006445169448853e-01
6.035212278366088867e-01
5.871367454528808594e-01
1.890747621655464172e-02
3.848030567169189453e-01
9.447119832038879395e-01
6.231710910797119141e-01
6.725282073020935059e-01
1.596529930830001831e-01
3.707208111882209778e-02
9.235080480575561523e-01
4.234316051006317139e-01
2.829923033714294434e-01
2.691282331943511963e-01
5.232471227645874023e-01
3.565538302063941956e-02
1.983329467475414276e-02
2.390232123434543610e-02
2.031634896993637085e-01
1.805071234703063965e-01
1.694302074611186981e-02
1.331519782543182373e-01
5.859655737876892090e-01
1.370966136455535889e-01
8.631269931793212891e-01
1.713866591453552246e-01
2.937851250171661377e-01
1.851522028446197510e-01
3.322034329175949097e-02
8.515831828117370605e-01
9.517844915390014648e-01
1.676993258297443390e-02
9.511826038360595703e-01
9.497219324111938477e-01
8.417607545852661133e-01
6.822211295366287231e-02
8.255081176757812500e-01
2.280990593135356903e-02
4.136083722114562988e-01
8.505980968475341797e-01
9.038464426994323730e-01
9.116942286491394043e-01
7.924277335405349731e-02
8.803819864988327026e-02
3.296124935150146484e-01
7.241138219833374023e-01
2.866012752056121826e-01
1.159983128309249878e-01
5.556966066360473633e-01
4.246135652065277100e-01
4.331748783588409424e-01
2.649067342281341553e-01
5.943084359169006348e-01
3.718451038002967834e-02
4.676934778690338135e-01
3.834294676780700684e-01
6.539797186851501465e-01
2.091032266616821289e-02
2.488770186901092529e-01
1.840909942984580994e-02
4.958167076110839844e-01
8.845894932746887207e-01
2.415257841348648071e-01
6.817367672920227051e-02
5.813955888152122498e-02
3.498991429805755615e-01
9.577949047088623047e-01
4.820048511028289795e-01
8.757655620574951172e-01
1.766540110111236572e-02
1.413817703723907471e-02
1.715970784425735474e-02
9.527161717414855957e-01
1.185181140899658203e-01
5.103458762168884277e-01
3.715423047542572021e-01
3.423020839691162109e-01
1.846452057361602783e-02
1.491923816502094269e-02
8.567145466804504395e-01
9.362729787826538086e-01
1.864258758723735809e-02
6.094963103532791138e-02
9.484426379203796387e-01
1.041038483381271362e-01
2.007320895791053772e-02
1.251116096973419189e-01
2.741376683115959167e-02
1.670234352350234985e-01
1.241537779569625854e-01
5.010913014411926270e-01
3.655968233942985535e-02
4.594384133815765381e-02
9.540972113609313965e-02
2.191119641065597534e-01
6.275320053100585938e-01
3.860938251018524170e-01
4.208174720406532288e-02
4.125429317355155945e-02
7.327362895011901855e-02
1.955332979559898376e-02
1.180291548371315002e-01
4.482547193765640259e-02
4.779835790395736694e-02
3.232945874333381653e-02
1.501564532518386841e-01
9.551476240158081055e-01
3.606021776795387268e-02
3.293200433254241943e-01
2.634138986468315125e-02
3.639215826988220215e-01
1.391755640506744385e-01
9.257994592189788818e-02
3.032189011573791504e-01
9.445140361785888672e-01
3.986326977610588074e-02
1.253245323896408081e-01
1.592514477670192719e-02
3.756731376051902771e-02
5.698204785585403442e-02
4.986704289913177490e-01
2.676370739936828613e-01
3.763757944107055664e-01
9.281719326972961426e-01
4.366285800933837891e-01
5.952261686325073242e-01
4.027604162693023682e-01
7.571823894977569580e-02
7.852404713630676270e-01
2.767391316592693329e-02
1.327095180749893188e-02
9.475641250610351562e-01
8.915562033653259277e-01
7.861167788505554199e-01
4.850017726421356201e-01
1.744781434535980225e-02
5.627429485321044922e-01
3.530360385775566101e-02
7.121329009532928467e-02
7.997078299522399902e-01
1.717907562851905823e-02
2.107724919915199280e-02
3.168516606092453003e-02
6.663001328706741333e-02
8.563129901885986328e-01
6.965748071670532227e-01
3.044976294040679932e-01
2.148414589464664459e-02
9.324319362640380859e-01
9.080008864402770996e-01
3.009344078600406647e-02
9.510741233825683594e-01
5.519711375236511230e-01
6.633940935134887695e-01
1.891475729644298553e-02
9.385855197906494141e-01
1.635618656873703003e-01
3.627302497625350952e-02
8.479644656181335449e-01
1.566596031188964844e-01
7.922497391700744629e-01
2.663221955299377441e-01
3.235293328762054443e-01
5.782684087753295898e-01
3.460657596588134766e-01
4.130014181137084961e-01
9.495041370391845703e-01
5.922249704599380493e-02
1.844622343778610229e-01
1.596829853951931000e-02
8.756807446479797363e-01
8.230566978454589844e-02
2.216338552534580231e-02
9.152826666831970215e-01
4.917471110820770264e-01
7.709397077560424805e-01
3.835994750261306763e-02
7.046831846237182617e-01
5.996650457382202148e-01
9.244126081466674805e-01
3.315919637680053711e-01
9.305564165115356445e-01
1.889600045979022980e-02
3.799307346343994141e-01
3.707343339920043945e-02
8.370583057403564453e-01
2.516012825071811676e-02
5.186884999275207520e-01
5.760775208473205566e-01
3.327660262584686279e-01
4.223318099975585938e-01
5.342517420649528503e-02
5.431268215179443359e-01
9.062493443489074707e-01
3.460868895053863525e-01
6.022531986236572266e-01
2.356973849236965179e-02
1.900462508201599121e-01
9.401066303253173828e-01
3.719465732574462891e-01
7.341328263282775879e-02
1.776847094297409058e-01
1.833331026136875153e-02
2.814908139407634735e-02
3.197348862886428833e-02
1.420147269964218140e-01
9.543427824974060059e-01
3.490175306797027588e-01
9.243667721748352051e-01
1.331546157598495483e-01
8.743939995765686035e-01
5.292908102273941040e-02
1.502884477376937866e-01
1.630109362304210663e-02
1.846597157418727875e-02
2.791027128696441650e-01
9.405146241188049316e-01
9.377855658531188965e-01
2.708790600299835205e-01
7.172989845275878906e-02
6.152784824371337891e-01
9.466046690940856934e-01
8.264968991279602051e-01
9.560370445251464844e-02
1.937660127878189087e-01
8.560655117034912109e-01
7.984766960144042969e-01
8.653618097305297852e-01
1.895162090659141541e-02
9.496115446090698242e-01
9.015405178070068359e-01
3.718240559101104736e-02
9.408819675445556641e-01
7.813951373100280762e-01
1.404569391161203384e-02
4.944084882736206055e-01
1.954535841941833496e-01
9.080805182456970215e-01
2.792567946016788483e-02
2.840944826602935791e-01
3.716485202312469482e-01
1.532882750034332275e-01
7.524835467338562012e-01
8.613766431808471680e-01
7.257779836654663086e-01
1.634695008397102356e-02
8.879293501377105713e-02
4.523964822292327881e-01
2.243461608886718750e-01
3.681971132755279541e-01
1.013298109173774719e-01
3.318169414997100830e-01
8.289691805839538574e-01
7.470792531967163086e-01
4.436964541673660278e-02
2.149675488471984863e-01
2.388804554939270020e-01
1.666153036057949066e-02
8.197553455829620361e-02
4.762694984674453735e-02
9.072563052177429199e-01
1.280444115400314331e-01
1.490875799208879471e-02
1.585214436054229736e-01
6.954964399337768555e-01
2.928250655531883240e-02
6.626679897308349609e-01
3.427628055214881897e-02
6.076704859733581543e-01
9.139259904623031616e-02
2.844275347888469696e-02
3.435649871826171875e-01
1.550904195755720139e-02
5.058584809303283691e-01
2.935389578342437744e-01
8.352032303810119629e-02
2.263594418764114380e-02
2.465159259736537933e-02
1.756900846958160400e-01
2.937087230384349823e-02
1.701086945831775665e-02
5.488971620798110962e-02
1.935450583696365356e-01
5.490893125534057617e-01
7.106295824050903320e-01
4.448435455560684204e-02
3.028874099254608154e-02
4.159514605998992920e-01
5.942906141281127930e-01
1.934569142758846283e-02
9.573445320129394531e-01
7.522370815277099609e-01
1.895113885402679443e-01
2.646690234541893005e-02
2.616846859455108643e-01
1.847124099731445312e-02
2.581447176635265350e-02
1.872469186782836914e-01
3.696729987859725952e-02
6.119919419288635254e-01
9.057182073593139648e-01
9.215774536132812500e-01
4.838874191045761108e-02
1.080883517861366272e-01
4.607418552041053772e-02
2.157859504222869873e-01
5.889006853103637695e-01
2.019704729318618774e-01
7.209634780883789062e-01
2.708424627780914307e-01
9.546700119972229004e-01
2.981195785105228424e-02
4.455310404300689697e-01
8.931199908256530762e-01
1.693904399871826172e-01
8.903168439865112305e-01
2.926140427589416504e-01
3.557879626750946045e-01
5.866479128599166870e-02
9.215526580810546875e-01
6.590629816055297852e-01
1.797143071889877319e-01
8.604019880294799805e-01
1.439902037382125854e-01
8.719937801361083984e-01
7.937268167734146118e-02
2.660089172422885895e-02
1.364479120820760727e-02
3.681550920009613037e-01
9.167383611202239990e-02
2.381718344986438751e-02
6.427512317895889282e-02
9.481956362724304199e-01
2.141194604337215424e-02
2.511495910584926605e-02
3.712590783834457397e-02
1.678937114775180817e-02
5.098606646060943604e-02
2.577800117433071136e-02
2.431289292871952057e-02
3.066559694707393646e-02
5.051233768463134766e-01
1.409975141286849976e-01
7.360893487930297852e-01
8.753433823585510254e-01
9.424518942832946777e-01
8.651334792375564575e-02
2.892754040658473969e-02
3.229558169841766357e-01
8.449939489364624023e-01
2.699225209653377533e-02
4.180794060230255127e-01
5.022510290145874023e-01
1.415952108800411224e-02
9.463198781013488770e-01
6.833805888891220093e-02
5.845146179199218750e-01
2.739253640174865723e-02
1.670944094657897949e-01
2.306344360113143921e-01
9.186880588531494141e-01
3.673745319247245789e-02
3.537529706954956055e-01
2.119756117463111877e-02
5.622866749763488770e-01
2.672430872917175293e-01
5.831887200474739075e-02
3.667287230491638184e-01
1.509860306978225708e-01
1.776205375790596008e-02
1.193404719233512878e-01
1.572041660547256470e-01
5.534446835517883301e-01
5.339461937546730042e-02
9.415934681892395020e-01
8.887745738029479980e-01
8.263845741748809814e-02
