3.148102760314941406e-02
9.232225418090820312e-01
3.601715341210365295e-02
9.186028838157653809e-01
5.786337330937385559e-02
1.082486435770988464e-01
8.417056202888488770e-01
4.372922182083129883e-01
8.959338665008544922e-01
3.586918488144874573e-02
7.970323562622070312e-01
7.847337126731872559e-01
7.898349761962890625e-01
7.401834726333618164e-01
2.172016203403472900e-01
1.721044033765792847e-01
1.822172999382019043e-01
8.754878044128417969e-01
9.298837780952453613e-01
4.642897546291351318e-01
8.263128995895385742e-01
9.312044382095336914e-01
1.572871655225753784e-01
1.340854465961456299e-01
5.347505211830139160e-01
8.163343369960784912e-02
8.685153126716613770e-01
1.070131659507751465e-01
4.759230315685272217e-01
1.206148415803909302e-01
3.339588642120361328e-01
1.456207688897848129e-02
8.452569246292114258e-01
2.622849494218826294e-02
1.660189479589462280e-01
7.198243588209152222e-02
2.420103698968887329e-01
1.535175293684005737e-01
3.522921204566955566e-01
9.274141788482666016e-01
7.295820862054824829e-02
6.828037649393081665e-02
4.764803126454353333e-02
4.354215785861015320e-02
1.555071622133255005e-01
5.782059952616691589e-02
3.124521672725677490e-01
5.134628415107727051e-01
2.444822341203689575e-02
9.150987863540649414e-01
8.919220417737960815e-02
1.992765627801418304e-02
1.910309940576553345e-01
2.942744195461273193e-01
1.090053990483283997e-01
2.411453574895858765e-01
9.110947847366333008e-01
5.604964122176170349e-02
3.024789988994598389e-01
2.787588238716125488e-01
2.985736727714538574e-01
1.384669989347457886e-01
4.500126838684082031e-02
4.985800758004188538e-02
1.951597779989242554e-01
8.196238428354263306e-02
4.589033871889114380e-02
5.991601943969726562e-01
7.439702749252319336e-01
4.784380197525024414e-01
3.043349273502826691e-02
7.892767786979675293e-01
7.720122337341308594e-01
6.882957369089126587e-02
6.259679049253463745e-02
9.112837165594100952e-02
2.622108906507492065e-02
3.443725407123565674e-02
3.243851661682128906e-02
4.802539944648742676e-02
8.868704438209533691e-01
1.482119262218475342e-01
8.758545517921447754e-01
8.749291300773620605e-01
9.277613759040832520e-01
7.692625522613525391e-01
4.457442089915275574e-02
7.389188557863235474e-02
7.600268125534057617e-01
5.923322439193725586e-01
8.174896836280822754e-01
9.546442329883575439e-02
3.086322918534278870e-02
4.659217596054077148e-01
2.692668139934539795e-01
8.117423057556152344e-01
7.917217016220092773e-01
8.946946859359741211e-01
6.825238466262817383e-02
9.409675747156143188e-02
7.555090785026550293e-01
3.361225724220275879e-01
4.662047624588012695e-01
4.492397606372833252e-01
6.077845096588134766e-01
2.490726411342620850e-01
6.353507190942764282e-02
3.911461532115936279e-01
4.000772237777709961e-01
7.198383659124374390e-02
2.727507054805755615e-01
3.965842723846435547e-02
2.613826654851436615e-02
9.338551759719848633e-01
5.340695753693580627e-02
1.196714714169502258e-01
9.203594326972961426e-01
3.934942558407783508e-02
2.374936491250991821e-01
8.499290943145751953e-01
2.307351678609848022e-02
6.093628704547882080e-02
1.907074302434921265e-01
8.980228304862976074e-01
9.215621352195739746e-01
3.101786077022552490e-01
1.105887517333030701e-01
1.622465997934341431e-01
3.544383123517036438e-02
2.135099917650222778e-01
9.283260107040405273e-01
6.489125490188598633e-01
9.164673686027526855e-01
1.791726797819137573e-01
8.099929690361022949e-01
8.460127115249633789e-01
8.986660242080688477e-01
2.856282889842987061e-01
5.777759552001953125e-01
2.500754594802856445e-02
8.917580842971801758e-01
5.264528989791870117e-01
3.912487626075744629e-01
4.796178340911865234e-01
1.387698054313659668e-01
3.532488271594047546e-02
7.429316639900207520e-01
5.251973867416381836e-01
5.912911891937255859e-01
2.014753073453903198e-01
3.557442128658294678e-02
7.319896668195724487e-02
4.667689800262451172e-01
2.553624510765075684e-01
3.432287871837615967e-01
1.369691938161849976e-01
2.574841082096099854e-01
1.643017083406448364e-01
5.057817101478576660e-01
8.478507995605468750e-01
6.938508152961730957e-01
8.858246803283691406e-01
2.991554439067840576e-01
6.206312179565429688e-01
8.433876037597656250e-01
3.583107590675354004e-01
3.294335007667541504e-01
6.598299145698547363e-01
1.446038186550140381e-01
9.086952805519104004e-01
6.072580441832542419e-02
3.090756572782993317e-02
4.985520541667938232e-01
8.808766603469848633e-01
4.272742196917533875e-02
9.328204393386840820e-01
4.175519049167633057e-01
5.849464982748031616e-02
8.401160836219787598e-01
3.202244639396667480e-01
5.262381955981254578e-02
4.247384145855903625e-02
9.219603985548019409e-02
2.065479904413223267e-01
2.278663516044616699e-01
5.296305567026138306e-02
3.570371568202972412e-01
7.003322839736938477e-01
6.377586722373962402e-01
7.855547666549682617e-01
3.351766616106033325e-02
8.585680127143859863e-01
1.846715807914733887e-01
7.528542876243591309e-01
3.482162356376647949e-01
8.516799211502075195e-01
3.589507639408111572e-01
8.904965966939926147e-02
7.830619215965270996e-01
3.882168233394622803e-02
3.403837233781814575e-02
7.455394417047500610e-02
8.851464390754699707e-01
1.069721803069114685e-01
8.402167558670043945e-01
9.190461039543151855e-01
8.284825682640075684e-01
7.303764671087265015e-02
9.328573942184448242e-01
4.417776763439178467e-01
1.380259245634078979e-01
8.099797368049621582e-02
3.268223106861114502e-01
7.831590175628662109e-01
3.486792743206024170e-01
1.753042079508304596e-02
9.134151935577392578e-01
8.888877630233764648e-01
8.864197731018066406e-01
4.865129292011260986e-02
9.162750244140625000e-01
9.333806037902832031e-01
8.700326681137084961e-01
3.716708421707153320e-01
4.060133174061775208e-02
1.235349774360656738e-01
7.643828392028808594e-01
8.554707765579223633e-01
5.817554891109466553e-02
5.245616436004638672e-01
7.258108258247375488e-01
8.957632780075073242e-01
2.956036664545536041e-02
8.990972638130187988e-01
8.601283431053161621e-01
4.792408049106597900e-01
9.090232849121093750e-01
9.243360757827758789e-01
7.895629107952117920e-02
6.621964573860168457e-01
7.956705093383789062e-01
2.369503974914550781e-01
7.399030327796936035e-01
1.022028475999832153e-01
2.621932327747344971e-01
1.950126737356185913e-01
3.684300184249877930e-02
9.295628070831298828e-01
2.621996402740478516e-02
8.586935400962829590e-01
6.315852403640747070e-01
1.909459978342056274e-01
2.481525093317031860e-01
1.366025060415267944e-01
2.522683329880237579e-02
3.766532987356185913e-02
1.665508896112442017e-01
7.455262541770935059e-01
1.602780520915985107e-01
8.855953216552734375e-01
1.942924559116363525e-01
7.289668321609497070e-01
6.504212617874145508e-01
1.381107419729232788e-01
4.572336077690124512e-01
7.825843691825866699e-01
3.039970397949218750e-01
5.781211256980895996e-01
1.003588214516639709e-01
8.546167612075805664e-01
8.347032070159912109e-01
9.266341924667358398e-01
5.054258108139038086e-01
5.672057867050170898e-01
5.977353453636169434e-01
4.770155251026153564e-02
9.130684137344360352e-01
8.615434169769287109e-02
9.078581929206848145e-01
1.365677416324615479e-01
3.223348557949066162e-01
9.282054901123046875e-01
1.960357725620269775e-01
6.533058881759643555e-01
4.950595498085021973e-01
2.143561393022537231e-01
2.652886882424354553e-02
5.801475048065185547e-01
4.718739986419677734e-01
3.921641781926155090e-02
4.748655855655670166e-02
7.111012339591979980e-01
7.819745540618896484e-01
3.423923552036285400e-01
2.645199596881866455e-01
2.818169631063938141e-02
1.000607088208198547e-01
8.803075551986694336e-01
3.606732487678527832e-01
1.378407329320907593e-01
9.119887948036193848e-01
6.354037523269653320e-01
8.762256801128387451e-02
2.169113457202911377e-01
3.733134269714355469e-01
5.469604954123497009e-02
5.179735273122787476e-02
6.981586813926696777e-01
9.134848117828369141e-01
6.828094720840454102e-01
4.348480999469757080e-01
1.693682223558425903e-01
6.185611709952354431e-02
1.061788573861122131e-01
7.403142452239990234e-01
3.284708261489868164e-01
9.234852790832519531e-01
8.813351392745971680e-01
5.580392107367515564e-02
7.031148672103881836e-02
8.235591650009155273e-01
3.325457572937011719e-01
6.554598212242126465e-01
9.215452671051025391e-01
3.337938487529754639e-01
5.931608676910400391e-01
8.226614445447921753e-02
2.844974398612976074e-02
4.640470445156097412e-02
6.025464460253715515e-02
2.555103600025177002e-02
1.900827437639236450e-01
3.124813139438629150e-01
4.036539420485496521e-02
1.283148825168609619e-01
9.133907556533813477e-01
1.738782972097396851e-01
9.204989671707153320e-02
2.841689288616180420e-01
6.322866082191467285e-01
5.897865816950798035e-02
7.445995807647705078e-01
7.338927984237670898e-01
6.272534728050231934e-01
9.077452421188354492e-01
4.930578544735908508e-02
2.190747708082199097e-01
5.138731002807617188e-01
1.947602927684783936e-01
9.130512475967407227e-01
4.472471401095390320e-02
2.633978053927421570e-02
3.961855173110961914e-02
2.139774560928344727e-01
5.009518861770629883e-01
5.134759843349456787e-02
8.393407464027404785e-01
1.513791382312774658e-01
2.623634636402130127e-01
2.171106338500976562e-01
7.658764719963073730e-02
5.555985569953918457e-01
5.622286796569824219e-01
4.922826290130615234e-01
8.460729122161865234e-01
2.904668748378753662e-01
3.225519657135009766e-01
9.297185540199279785e-01
1.928654164075851440e-01
2.366192787885665894e-01
3.967966437339782715e-01
3.724860027432441711e-02
5.471903681755065918e-01
1.604278087615966797e-01
2.391854114830493927e-02
6.072549521923065186e-02
1.903561204671859741e-01
8.686784654855728149e-02
9.071320891380310059e-01
7.379657775163650513e-02
5.576784908771514893e-02
2.511171996593475342e-02
9.029377102851867676e-01
4.684782326221466064e-01
3.657018840312957764e-01
3.183261752128601074e-01
5.028911232948303223e-01
4.716558754444122314e-01
2.456923425197601318e-01
7.883820533752441406e-01
3.079454973340034485e-02
1.061887964606285095e-01
6.522443145513534546e-02
5.085530504584312439e-02
1.836147755384445190e-01
5.162423476576805115e-02
6.918921470642089844e-01
3.323691189289093018e-01
8.006740808486938477e-01
3.558934628963470459e-01
3.370367288589477539e-01
5.666914954781532288e-02
8.116273880004882812e-01
4.512325525283813477e-01
9.001395106315612793e-01
7.407456040382385254e-01
8.818820714950561523e-01
7.421841621398925781e-01
4.632872045040130615e-01
2.281508147716522217e-01
2.567650079727172852e-01
2.157255262136459351e-02
3.423166573047637939e-01
6.774923801422119141e-01
8.773084878921508789e-01
2.877587638795375824e-02
4.803910553455352783e-01
2.486521303653717041e-01
7.597711682319641113e-02
1.116387769579887390e-01
3.132863342761993408e-02
7.445735335350036621e-01
6.458603143692016602e-01
1.732599921524524689e-02
3.206779435276985168e-02
5.081562995910644531e-01
2.677294239401817322e-02
1.546118706464767456e-01
2.892719805240631104e-01
4.686277806758880615e-01
4.386356100440025330e-02
3.237381577491760254e-02
8.657834529876708984e-01
6.976171731948852539e-01
1.302142292261123657e-01
1.833225339651107788e-01
5.990675687789916992e-01
6.041577830910682678e-02
7.847217321395874023e-01
5.288835763931274414e-01
3.638077378273010254e-01
2.771041542291641235e-02
2.873569913208484650e-02
7.696791887283325195e-01
9.919338673353195190e-02
7.235641479492187500e-01
3.918180987238883972e-02
9.030002951622009277e-01
8.767457306385040283e-02
2.774430625140666962e-02
3.696067631244659424e-01
9.235665202140808105e-01
7.177298665046691895e-01
1.043346002697944641e-01
4.606917500495910645e-02
6.535189151763916016e-01
2.686613798141479492e-01
2.228718549013137817e-01
7.186087220907211304e-02
3.743221759796142578e-01
4.087291359901428223e-01
3.349270224571228027e-01
2.896240539848804474e-02
2.595597691833972931e-02
4.610524326562881470e-02
2.993682026863098145e-01
9.452379941940307617e-01
6.728027462959289551e-01
6.026148423552513123e-02
9.385644793510437012e-01
9.246688336133956909e-02
4.011006653308868408e-01
3.504960611462593079e-02
8.825235366821289062e-01
6.559560298919677734e-01
9.917249530553817749e-02
8.899778127670288086e-01
9.177771806716918945e-01
5.905286073684692383e-01
2.092949487268924713e-02
8.018710017204284668e-01
3.622194528579711914e-01
2.401288151741027832e-01
3.515530228614807129e-01
4.249750450253486633e-02
5.745989084243774414e-02
3.754479587078094482e-01
4.347188398241996765e-02
7.970317453145980835e-02
7.060891985893249512e-01
5.048048496246337891e-02
3.965176939964294434e-01
4.452792182564735413e-02
8.263090252876281738e-01
8.547289967536926270e-01
1.699000597000122070e-01
8.245700597763061523e-02
6.020653843879699707e-01
1.642254590988159180e-01
1.570512205362319946e-01
8.544062972068786621e-01
3.577484935522079468e-02
8.253837823867797852e-01
9.220637679100036621e-01
4.262848794460296631e-01
4.333591833710670471e-02
7.024332284927368164e-01
1.602141410112380981e-01
8.572198748588562012e-01
3.508285805583000183e-02
1.572489887475967407e-01
3.409180641174316406e-01
9.010432362556457520e-01
1.758715212345123291e-01
7.608445882797241211e-01
2.366192787885665894e-01
6.299119591712951660e-01
6.518441438674926758e-01
9.163559228181838989e-02
2.785223424434661865e-01
3.432861566543579102e-01
6.692638397216796875e-01
2.287173867225646973e-01
4.139435291290283203e-01
8.665742874145507812e-01
5.295423418283462524e-02
1.138923242688179016e-01
9.170575737953186035e-01
8.353208005428314209e-02
9.155368208885192871e-01
3.202888965606689453e-01
3.055347800254821777e-01
8.947917073965072632e-02
2.773468755185604095e-02
8.946776986122131348e-01
7.692683935165405273e-01
4.549456834793090820e-01
8.879649043083190918e-01
9.161403775215148926e-01
9.273102283477783203e-01
9.337242841720581055e-01
4.966561496257781982e-02
3.772449195384979248e-01
2.217034399509429932e-01
3.386524319648742676e-01
9.256064891815185547e-01
5.591995120048522949e-01
5.025417804718017578e-01
3.511759042739868164e-01
9.019610285758972168e-02
9.136457443237304688e-01
1.945488341152667999e-02
2.854267954826354980e-01
8.064139485359191895e-01
5.304264649748802185e-02
4.814423993229866028e-02
5.230742096900939941e-01
2.585316598415374756e-01
9.262591004371643066e-01
8.212202787399291992e-02
1.820127852261066437e-02
4.200063049793243408e-01
8.592633008956909180e-01
9.278517961502075195e-01
2.882712893187999725e-02
8.232570886611938477e-01
2.316004410386085510e-02
7.448414564132690430e-01
3.866498470306396484e-01
8.682147860527038574e-01
8.378764390945434570e-01
7.865045964717864990e-02
3.088786303997039795e-01
9.088462591171264648e-01
1.712351664900779724e-02
3.567257151007652283e-02
8.736295700073242188e-01
2.525465562939643860e-02
3.161811232566833496e-01
1.775524467229843140e-01
8.046512007713317871e-01
2.238159254193305969e-02
7.406309247016906738e-01
1.421498209238052368e-01
8.964049071073532104e-02
2.169230394065380096e-02
5.312510132789611816e-01
9.054149389266967773e-01
9.028894901275634766e-01
9.062041044235229492e-01
2.445786148309707642e-01
4.500096440315246582e-01
1.196916848421096802e-01
5.690150260925292969e-01
1.242156699299812317e-01
9.371131658554077148e-02
4.056532308459281921e-02
9.103206992149353027e-01
8.897783756256103516e-01
9.187093377113342285e-01
2.784647643566131592e-01
5.911149382591247559e-01
2.426746860146522522e-02
5.384435132145881653e-02
9.247512221336364746e-01
2.862050533294677734e-01
2.075009644031524658e-01
4.530889168381690979e-02
2.638373523950576782e-02
3.510876372456550598e-02
2.204760611057281494e-01
8.984180092811584473e-01
6.764311194419860840e-01
3.872926533222198486e-02
7.841902226209640503e-02
2.472713738679885864e-01
7.544975876808166504e-01
2.138499729335308075e-02
2.720721364021301270e-01
6.206571459770202637e-01
9.285424947738647461e-01
2.088522613048553467e-01
3.671072423458099365e-02
2.434064149856567383e-01
6.525238156318664551e-01
8.277629613876342773e-01
5.868305265903472900e-02
5.298006534576416016e-01
9.281127452850341797e-01
8.371182680130004883e-01
8.348004221916198730e-01
1.867428123950958252e-01
5.140212550759315491e-02
9.168427586555480957e-01
4.024208784103393555e-01
5.122282505035400391e-01
4.336518943309783936e-01
7.082634568214416504e-01
7.311511784791946411e-02
3.681989386677742004e-02
3.650749102234840393e-02
2.920928001403808594e-01
2.166028469800949097e-01
2.477593161165714264e-02
3.053718805313110352e-01
7.071648240089416504e-01
2.781490683555603027e-01
8.784202933311462402e-01
2.983632385730743408e-01
3.471139967441558838e-01
3.084130585193634033e-01
4.937069118022918701e-02
8.561353683471679688e-01
9.268230795860290527e-01
3.622988611459732056e-02
9.282234907150268555e-01
9.264979362487792969e-01
8.530839085578918457e-01
9.327497333288192749e-02
7.931706309318542480e-01
1.420449316501617432e-01
3.859063386917114258e-01
7.473565936088562012e-01
8.839529156684875488e-01
8.778210282325744629e-01
1.401161402463912964e-01
3.051721453666687012e-01
4.381852447986602783e-01
5.666344165802001953e-01
3.733887374401092529e-01
5.884795784950256348e-01
4.669908881187438965e-01
7.699143290519714355e-01
4.301372170448303223e-01
3.466694951057434082e-01
8.473329544067382812e-01
5.987766385078430176e-02
7.362859249114990234e-01
7.030345797538757324e-01
7.365521788597106934e-01
3.480546921491622925e-02
2.225320190191268921e-01
3.047364763915538788e-02
6.894205808639526367e-01
8.785225749015808105e-01
7.238966822624206543e-01
2.823967933654785156e-01
5.333317071199417114e-02
2.925903201103210449e-01
9.334926009178161621e-01
7.325956225395202637e-01
9.021589756011962891e-01
2.819482423365116119e-02
2.426999434828758240e-02
2.320207841694355011e-02
9.302158355712890625e-01
2.862433195114135742e-01
8.758957982063293457e-01
7.288103103637695312e-01
4.399529695510864258e-01
5.421754345297813416e-02
2.543677017092704773e-02
8.488113880157470703e-01
9.239586591720581055e-01
2.384902723133563995e-02
1.283627897500991821e-01
9.252040982246398926e-01
1.514998227357864380e-01
2.730229869484901428e-02
7.390784472227096558e-02
4.138205200433731079e-02
2.403497397899627686e-01
2.061462253332138062e-01
5.338517427444458008e-01
4.517806693911552429e-02
4.998595640063285828e-02
1.191984638571739197e-01
3.056764602661132812e-01
7.556332349777221680e-01
3.229035437107086182e-01
1.330921798944473267e-01
8.147259056568145752e-02
5.311994254589080811e-02
3.908988460898399353e-02
3.590227961540222168e-01
6.919282674789428711e-02
9.001310914754867554e-02
4.801865294575691223e-02
4.193639755249023438e-01
9.297097325325012207e-01
4.743102937936782837e-02
6.459195613861083984e-01
2.998288534581661224e-02
3.165120184421539307e-01
3.129493892192840576e-01
1.466803103685379028e-01
3.236268162727355957e-01
9.223844408988952637e-01
1.433603614568710327e-01
1.432434618473052979e-01
1.650608517229557037e-02
5.533256009221076965e-02
2.268277108669281006e-01
7.274060845375061035e-01
4.784817397594451904e-01
5.498056411743164062e-01
9.183842539787292480e-01
7.649167776107788086e-01
5.827195644378662109e-01
3.387672007083892822e-01
8.799829334020614624e-02
9.153809547424316406e-01
1.644120812416076660e-01
2.021582238376140594e-02
9.258887767791748047e-01
8.771231770515441895e-01
8.633170127868652344e-01
6.216727495193481445e-01
5.132286250591278076e-02
6.446433067321777344e-01
6.631420552730560303e-02
8.089748769998550415e-02
7.687699198722839355e-01
1.741481944918632507e-02
2.472600154578685760e-02
4.046484455466270447e-02
1.009076908230781555e-01
8.864418268203735352e-01
5.060651898384094238e-01
5.044013857841491699e-01
3.109751828014850616e-02
9.186787605285644531e-01
8.941359519958496094e-01
5.673214420676231384e-02
9.278000593185424805e-01
4.753383696079254150e-01
7.804560065269470215e-01
6.443948298692703247e-02
9.180722832679748535e-01
4.609162807464599609e-01
9.393858164548873901e-02
8.979147672653198242e-01
3.057791888713836670e-01
8.418231606483459473e-01
3.573552370071411133e-01
4.519053697586059570e-01
7.112494707107543945e-01
5.454916357994079590e-01
6.536338925361633301e-01
9.231936335563659668e-01
2.011431306600570679e-01
2.665344178676605225e-01
3.539181873202323914e-02
8.432295918464660645e-01
9.559701383113861084e-02
3.762236610054969788e-02
8.906434178352355957e-01
7.124274969100952148e-01
8.853437304496765137e-01
1.042374297976493835e-01
8.377726078033447266e-01
5.941439270973205566e-01
9.032315611839294434e-01
2.920323014259338379e-01
9.172174930572509766e-01
5.052568763494491577e-02
5.211355686187744141e-01
2.144752629101276398e-02
8.798457980155944824e-01
3.250960633158683777e-02
6.681773066520690918e-01
5.471810102462768555e-01
5.821776390075683594e-01
6.318234801292419434e-01
1.806370615959167480e-01
7.204427719116210938e-01
8.970470428466796875e-01
3.893742263317108154e-01
7.657642960548400879e-01
4.420300200581550598e-02
2.994959652423858643e-01
9.200348258018493652e-01
6.050232648849487305e-01
1.493384093046188354e-01
2.745448052883148193e-01
4.535862058401107788e-02
6.607042998075485229e-02
9.834977239370346069e-02
2.690175175666809082e-01
9.302710890769958496e-01
4.422322511672973633e-01
9.034340381622314453e-01
2.016716897487640381e-01
9.216993451118469238e-01
9.384018927812576294e-02
1.844556629657745361e-01
2.361452206969261169e-02
2.557130157947540283e-02
4.057993888854980469e-01
9.193924069404602051e-01
9.204904437065124512e-01
5.569097399711608887e-01
6.906044483184814453e-02
7.760578393936157227e-01
9.272687435150146484e-01
8.213505148887634277e-01
1.164995506405830383e-01
4.897652864456176758e-01
8.978534340858459473e-01
8.520103096961975098e-01
8.959794640541076660e-01
2.543488517403602600e-02
9.196323752403259277e-01
8.504571914672851562e-01
1.812004595994949341e-01
9.093564748764038086e-01
7.429109811782836914e-01
2.758867107331752777e-02
6.272775530815124512e-01
2.991554439067840576e-01
9.137581586837768555e-01
4.918639734387397766e-02
4.971142411231994629e-01
4.486410617828369141e-01
1.662908941507339478e-01
7.664627432823181152e-01
8.866395950317382812e-01
6.877858638763427734e-01
1.868862099945545197e-02
3.200634121894836426e-01
6.203265786170959473e-01
3.220744132995605469e-01
5.745357275009155273e-01
1.481455862522125244e-01
6.416092514991760254e-01
7.664932608604431152e-01
6.817038655281066895e-01
3.389351069927215576e-02
2.275889962911605835e-01
2.366192787885665894e-01
1.979195326566696167e-02
7.272113114595413208e-02
1.026058644056320190e-01
9.034664034843444824e-01
2.103445529937744141e-01
2.030548267066478729e-02
2.709506452083587646e-01
5.169432163238525391e-01
4.300787299871444702e-02
1.755211353302001953e-01
5.510415509343147278e-02
6.080204844474792480e-01
2.662303149700164795e-01
2.841865643858909607e-02
7.629511952400207520e-01
2.539001964032649994e-02
5.399157404899597168e-01
1.188232228159904480e-01
1.116006895899772644e-01
5.150169879198074341e-02
6.323557347059249878e-02
2.596420049667358398e-01
4.390754178166389465e-02
1.913752593100070953e-02
3.335636556148529053e-01
4.831774532794952393e-01
7.319393157958984375e-01
6.715763807296752930e-01
4.811210185289382935e-02
3.797503560781478882e-02
7.821363806724548340e-01
7.975887656211853027e-01
3.937691450119018555e-02
9.327898621559143066e-01
8.046681880950927734e-01
2.644353806972503662e-01
4.511607810854911804e-02
3.554578721523284912e-01
2.468813583254814148e-02
2.621693722903728485e-02
2.002956867218017578e-01
9.687488526105880737e-02
6.468726396560668945e-01
8.934023976325988770e-01
9.169272780418395996e-01
1.326227486133575439e-01
2.152052968740463257e-01
9.700635075569152832e-02
2.855758666992187500e-01
7.958338856697082520e-01
1.880432069301605225e-01
7.308840155601501465e-01
4.630076587200164795e-01
9.290278553962707520e-01
7.640457153320312500e-02
3.318178653717041016e-01
9.077026844024658203e-01
6.098064184188842773e-01
9.036821126937866211e-01
5.940063595771789551e-01
4.684919118881225586e-01
1.504665911197662354e-01
9.142352938652038574e-01
8.675337433815002441e-01
2.645954191684722900e-01
8.651037216186523438e-01
4.275192022323608398e-01
8.943070173263549805e-01
2.272351235151290894e-01
5.776369199156761169e-02
1.709557883441448212e-02
3.915123641490936279e-01
9.482443332672119141e-02
6.712481379508972168e-02
6.998775899410247803e-02
9.238457679748535156e-01
4.190822318196296692e-02
2.558682858943939209e-02
7.477954030036926270e-02
2.653482928872108459e-02
1.254814565181732178e-01
7.437489181756973267e-02
2.786540053784847260e-02
4.445201531052589417e-02
4.519315958023071289e-01
3.451597392559051514e-01
8.877492547035217285e-01
8.752955198287963867e-01
9.212770462036132812e-01
3.521017730236053467e-01
1.554386913776397705e-01
5.085144639015197754e-01
8.645896315574645996e-01
8.227623254060745239e-02
4.165697395801544189e-01
6.697151660919189453e-01
2.106038853526115417e-02
9.220818281173706055e-01
1.167119666934013367e-01
6.224271655082702637e-01
3.853375464677810669e-02
3.765673339366912842e-01
3.580985665321350098e-01
8.968436121940612793e-01
9.430962800979614258e-02
5.489484667778015137e-01
5.924207717180252075e-02
6.521199941635131836e-01
3.243602216243743896e-01
1.721789687871932983e-01
3.391814529895782471e-01
9.411848336458206177e-02
2.614885754883289337e-02
4.034418463706970215e-01
1.594952344894409180e-01
5.098796486854553223e-01
4.366139471530914307e-01
9.168593883514404297e-01
8.845824003219604492e-01
1.402121633291244507e-01
