1.441912539303302765e-02
8.016324043273925781e-01
1.557858008891344070e-02
8.234968185424804688e-01
1.845787093043327332e-02
8.457083255052566528e-02
3.272931873798370361e-01
3.143615424633026123e-01
8.167199492454528809e-01
2.408816479146480560e-02
6.061886548995971680e-01
5.387973189353942871e-01
7.674067616462707520e-01
7.304149866104125977e-01
1.712117195129394531e-01
1.592954397201538086e-01
2.620548009872436523e-02
6.040182113647460938e-01
9.221826791763305664e-01
5.581619739532470703e-01
4.888689517974853516e-01
8.948071002960205078e-01
1.107067093253135681e-01
6.569120287895202637e-02
2.228089720010757446e-01
4.417372867465019226e-02
6.783431172370910645e-01
1.406797468662261963e-01
3.481122553348541260e-01
1.641255021095275879e-01
3.204426467418670654e-01
1.008549146354198456e-02
7.544355392456054688e-01
1.677911728620529175e-02
9.866353124380111694e-02
1.008463874459266663e-01
1.087168380618095398e-01
1.728506386280059814e-01
3.721491694450378418e-01
9.000602364540100098e-01
6.619265675544738770e-02
2.588629126548767090e-01
2.693271636962890625e-02
1.769935339689254761e-02
6.257285177707672119e-02
4.330679401755332947e-02
1.913277953863143921e-01
4.174576997756958008e-01
1.422549411654472351e-02
8.946555256843566895e-01
5.690450966358184814e-02
1.148933079093694687e-02
2.309366166591644287e-01
2.693404257297515869e-01
1.137823686003684998e-01
4.380099102854728699e-02
9.004157185554504395e-01
1.815871335566043854e-02
6.907411664724349976e-02
2.926465868949890137e-01
2.488947063684463501e-01
1.977593600749969482e-01
5.557026341557502747e-02
2.195765264332294464e-02
9.255327284336090088e-02
7.895224541425704956e-02
4.018527641892433167e-02
2.738064825534820557e-01
5.506343245506286621e-01
2.676870524883270264e-01
1.515899412333965302e-02
6.544138789176940918e-01
5.750400424003601074e-01
9.914067387580871582e-02
3.972339630126953125e-02
3.008897230029106140e-02
1.734367385506629944e-02
1.320758648216724396e-02
3.517052158713340759e-02
2.064883336424827576e-02
7.355511784553527832e-01
1.229987442493438721e-01
7.059671878814697266e-01
8.211231231689453125e-01
9.188464879989624023e-01
7.079687714576721191e-01
3.086689300835132599e-02
3.269207850098609924e-02
5.800078511238098145e-01
1.790274083614349365e-01
4.887619018554687500e-01
5.736834555864334106e-02
2.644397318363189697e-02
4.418564736843109131e-01
1.722985208034515381e-01
4.864947795867919922e-01
7.613062262535095215e-01
8.373351693153381348e-01
4.328250139951705933e-02
5.725096911191940308e-02
5.453847050666809082e-01
1.941832602024078369e-01
5.362641811370849609e-01
3.781575262546539307e-01
4.267659187316894531e-01
1.430489867925643921e-01
2.234202064573764801e-02
2.140835076570510864e-01
2.265149354934692383e-01
5.202058330178260803e-02
2.497828751802444458e-01
1.621630787849426270e-02
2.523697726428508759e-02
9.179483056068420410e-01
1.854857206344604492e-01
1.475588232278823853e-01
8.977879881858825684e-01
1.930927857756614685e-02
1.761985719203948975e-01
7.648227214813232422e-01
1.123219449073076248e-02
3.852218389511108398e-02
2.341718971729278564e-01
6.306598186492919922e-01
8.896340131759643555e-01
1.213083192706108093e-01
5.006180331110954285e-02
7.224595546722412109e-02
2.403295226395130157e-02
1.564135402441024780e-01
9.100098013877868652e-01
2.081393748521804810e-01
8.176109790802001953e-01
1.632308810949325562e-01
6.332458853721618652e-01
8.073936104774475098e-01
8.610788583755493164e-01
2.095086276531219482e-01
5.430536866188049316e-01
1.378239504992961884e-02
7.011064887046813965e-01
6.369094848632812500e-01
4.014601707458496094e-01
5.962628126144409180e-01
2.708306014537811279e-01
2.109606005251407623e-02
5.918004512786865234e-01
4.458474814891815186e-01
7.278162240982055664e-01
2.060502320528030396e-01
1.999363861978054047e-02
9.490142762660980225e-02
2.327187508344650269e-01
2.404010444879531860e-01
5.181651562452316284e-02
9.270621091127395630e-02
4.321109130978584290e-02
1.637725979089736938e-01
4.803985059261322021e-01
6.915293931961059570e-01
5.125436782836914062e-01
8.540030717849731445e-01
1.215576082468032837e-01
5.385006666183471680e-01
6.880496740341186523e-01
1.771726161241531372e-01
2.468253970146179199e-01
3.893096745014190674e-01
1.142308115959167480e-01
7.525195479393005371e-01
3.754775971174240112e-02
1.430714875459671021e-02
2.569824457168579102e-01
7.848606705665588379e-01
2.986334636807441711e-02
8.901650309562683105e-01
3.969260454177856445e-01
2.288245595991611481e-02
7.017089128494262695e-01
3.584836125373840332e-01
6.670790910720825195e-02
2.398861385881900787e-02
6.693723797798156738e-02
3.156156837940216064e-01
1.294372230768203735e-01
7.112755626440048218e-02
3.642302751541137695e-01
4.825595021247863770e-01
5.199307799339294434e-01
5.949608683586120605e-01
2.779610082507133484e-02
8.652192950248718262e-01
1.083720177412033081e-01
4.440855979919433594e-01
1.955839693546295166e-01
7.712926268577575684e-01
1.538504362106323242e-01
7.703012973070144653e-02
6.187075972557067871e-01
1.622160337865352631e-02
1.559201162308454514e-02
5.540531873703002930e-02
8.178699016571044922e-01
1.982163339853286743e-01
7.976711392402648926e-01
8.977407217025756836e-01
7.582206726074218750e-01
2.329870499670505524e-02
9.255684018135070801e-01
3.088099360466003418e-01
5.372315272688865662e-02
2.114049717783927917e-02
2.140176445245742798e-01
5.473036766052246094e-01
1.842890232801437378e-01
1.037354487925767899e-02
6.335203051567077637e-01
8.364416360855102539e-01
8.295934796333312988e-01
3.609057888388633728e-02
8.838915228843688965e-01
9.306997656822204590e-01
7.846213579177856445e-01
1.342927068471908569e-01
3.691856935620307922e-02
6.690582633018493652e-02
7.029486298561096191e-01
5.642830133438110352e-01
7.271896302700042725e-02
4.103251993656158447e-01
6.988319158554077148e-01
8.525861501693725586e-01
3.423659130930900574e-02
7.084960341453552246e-01
5.374481081962585449e-01
4.741422533988952637e-01
8.726365566253662109e-01
9.089521765708923340e-01
7.983972877264022827e-02
5.594209432601928711e-01
7.670606970787048340e-01
1.478375494480133057e-01
7.514554262161254883e-01
5.309726297855377197e-02
3.218599557876586914e-01
1.703313738107681274e-01
3.704954311251640320e-02
9.173576235771179199e-01
2.113499678671360016e-02
6.976841688156127930e-01
5.697707533836364746e-01
9.437831491231918335e-02
1.313846260309219360e-01
6.544844061136245728e-02
1.743779331445693970e-02
2.336371317505836487e-02
2.153439521789550781e-01
7.685570716857910156e-01
1.089733242988586426e-01
7.845272421836853027e-01
1.209203451871871948e-01
5.446352958679199219e-01
5.786703228950500488e-01
4.552010819315910339e-02
2.737683951854705811e-01
6.370295882225036621e-01
2.680430114269256592e-01
3.242320716381072998e-01
2.459824457764625549e-02
6.703822016716003418e-01
7.811540365219116211e-01
9.086183309555053711e-01
4.756557643413543701e-01
4.543174505233764648e-01
4.990960657596588135e-01
3.039462119340896606e-02
7.448811531066894531e-01
2.956047095358371735e-02
8.030621409416198730e-01
8.623896539211273193e-02
1.556324809789657593e-01
9.169252514839172363e-01
1.512530446052551270e-01
5.953996181488037109e-01
4.437549114227294922e-01
1.416323482990264893e-01
1.443360000848770142e-02
2.184240520000457764e-01
4.451397657394409180e-01
5.840436741709709167e-02
4.451254382729530334e-02
3.621501326560974121e-01
7.218629717826843262e-01
2.776151597499847412e-01
1.698984503746032715e-01
1.196878775954246521e-02
7.180349528789520264e-02
8.695054650306701660e-01
2.936638593673706055e-01
4.456138610839843750e-02
8.897667527198791504e-01
7.270359396934509277e-01
1.736641861498355865e-02
1.913358271121978760e-01
2.640477418899536133e-01
2.834300138056278229e-02
3.421577811241149902e-02
6.413083076477050781e-01
8.454366922378540039e-01
5.134931206703186035e-01
1.660029143095016479e-01
3.853273764252662659e-02
4.637338593602180481e-02
3.848834335803985596e-02
5.333542227745056152e-01
3.130591511726379395e-01
8.938968777656555176e-01
7.861177921295166016e-01
5.489744618535041809e-02
1.463308632373809814e-01
6.901831030845642090e-01
2.976752519607543945e-01
7.532657384872436523e-01
8.946698307991027832e-01
1.783803999423980713e-01
6.193912625312805176e-01
6.644654273986816406e-02
2.820576354861259460e-02
2.502638660371303558e-02
2.183807827532291412e-02
1.593545451760292053e-02
1.173884123563766479e-01
3.780381977558135986e-01
4.447083547711372375e-02
1.172108203172683716e-01
8.768412470817565918e-01
2.928409576416015625e-01
5.505264922976493835e-02
2.397530972957611084e-01
4.266743957996368408e-01
3.361330181360244751e-02
4.416395723819732666e-01
6.569696664810180664e-01
2.672423124313354492e-01
8.742172122001647949e-01
3.533361852169036865e-02
3.462250530719757080e-01
3.692028522491455078e-01
1.411937475204467773e-01
8.435550332069396973e-01
2.100326865911483765e-02
1.392123103141784668e-02
1.838018745183944702e-02
1.343920826911926270e-01
2.511824667453765869e-01
2.416401728987693787e-02
6.819479465484619141e-01
9.171065688133239746e-02
9.133408963680267334e-02
2.876805961132049561e-01
4.873932152986526489e-02
6.113911271095275879e-01
1.696051508188247681e-01
1.460137069225311279e-01
5.022065043449401855e-01
1.869070678949356079e-01
3.523850440979003906e-01
9.227995872497558594e-01
1.634533405303955078e-01
1.463506370782852173e-01
4.078471362590789795e-01
2.164892293512821198e-02
3.018943965435028076e-01
1.304951906204223633e-01
1.658374257385730743e-02
4.457565769553184509e-02
1.260358840227127075e-01
2.362181805074214935e-02
8.793555498123168945e-01
5.173214524984359741e-02
2.260653115808963776e-02
1.532809529453516006e-02
8.154650926589965820e-01
3.174079656600952148e-01
1.758944839239120483e-01
8.221060037612915039e-02
4.878704249858856201e-01
1.855606138706207275e-01
1.154141128063201904e-01
6.694071292877197266e-01
1.428592298179864883e-02
4.317717999219894409e-02
4.790417477488517761e-02
2.810199372470378876e-02
7.392732799053192139e-02
3.987300395965576172e-02
6.532796621322631836e-01
2.396262586116790771e-01
7.520461678504943848e-01
2.189361304044723511e-01
3.594969511032104492e-01
4.120212793350219727e-02
6.152186989784240723e-01
4.385157525539398193e-01
8.850827217102050781e-01
5.562166571617126465e-01
7.552061080932617188e-01
5.759470462799072266e-01
5.065796971321105957e-01
1.231284588575363159e-01
8.811070770025253296e-02
1.291736681014299393e-02
3.770802915096282959e-01
5.660707950592041016e-01
7.649685144424438477e-01
1.488489750772714615e-02
2.200353145599365234e-01
1.488115936517715454e-01
2.029243670403957367e-02
3.792645037174224854e-02
1.575847715139389038e-02
4.742052257061004639e-01
6.535166501998901367e-01
1.085815951228141785e-02
4.684359580278396606e-02
4.957059621810913086e-01
1.555515173822641373e-02
9.482046216726303101e-02
5.192091464996337891e-01
8.392487466335296631e-02
3.337711095809936523e-02
1.431566383689641953e-02
8.206002116203308105e-01
5.599049925804138184e-01
8.704620599746704102e-02
1.481660455465316772e-01
3.698400557041168213e-01
2.429526112973690033e-02
7.434965968132019043e-01
4.165905416011810303e-01
2.532123029232025146e-01
1.306612230837345123e-02
1.187164895236492157e-02
6.649879217147827148e-01
4.476576298475265503e-02
6.100686192512512207e-01
1.732157543301582336e-02
8.721543550491333008e-01
3.492881730198860168e-02
1.548964343965053558e-02
2.002703547477722168e-01
8.578872680664062500e-01
5.718464851379394531e-01
3.196153044700622559e-02
2.821563929319381714e-02
4.574688374996185303e-01
2.554667294025421143e-01
1.903968304395675659e-01
1.931203156709671021e-02
3.440077602863311768e-01
3.463341891765594482e-01
2.926834225654602051e-01
1.737485826015472412e-02
3.352491185069084167e-02
1.501900143921375275e-02
6.185414642095565796e-02
9.318168163299560547e-01
4.119758605957031250e-01
2.453370764851570129e-02
9.362979531288146973e-01
1.049340143799781799e-01
4.290997684001922607e-01
1.920002140104770660e-02
8.342330455780029297e-01
6.242436766624450684e-01
5.540368333458900452e-02
7.996256947517395020e-01
8.874434232711791992e-01
3.560932576656341553e-01
1.161053031682968140e-02
6.937099099159240723e-01
3.172385096549987793e-01
1.734796315431594849e-01
2.885019481182098389e-01
1.721013896167278290e-02
5.512579530477523804e-02
2.560542225837707520e-01
2.413738146424293518e-02
3.043970465660095215e-02
5.090429186820983887e-01
1.680490002036094666e-02
1.418295055627822876e-01
1.830498315393924713e-02
6.340968608856201172e-01
5.370149016380310059e-01
1.532758623361587524e-01
5.947354808449745178e-02
1.931446492671966553e-01
1.255116164684295654e-01
9.231387823820114136e-02
7.518734931945800781e-01
2.437026984989643097e-02
7.576900720596313477e-01
8.921443223953247070e-01
2.622477710247039795e-01
1.911140605807304382e-02
6.273115277290344238e-01
9.285571426153182983e-02
5.281963944435119629e-01
3.273275122046470642e-02
1.188214197754859924e-01
2.221854776144027710e-01
8.283901810646057129e-01
2.412438094615936279e-01
6.259067058563232422e-01
1.463506370782852173e-01
4.463769197463989258e-01
3.027139604091644287e-01
1.299726217985153198e-01
1.834240704774856567e-01
2.559694647789001465e-01
5.952756404876708984e-01
1.012576669454574585e-01
2.993701398372650146e-01
7.176937460899353027e-01
1.314580813050270081e-02
2.243903279304504395e-01
8.717552423477172852e-01
7.437687367200851440e-02
8.408985733985900879e-01
2.275869399309158325e-01
9.531848132610321045e-02
1.051395237445831299e-01
1.897873915731906891e-02
8.095301389694213867e-01
4.470696449279785156e-01
1.242072507739067078e-01
7.308090329170227051e-01
8.776360154151916504e-01
9.185550212860107422e-01
9.304299950599670410e-01
2.352049015462398529e-02
4.386019110679626465e-01
2.856234610080718994e-01
2.257276475429534912e-01
9.007942676544189453e-01
2.930656075477600098e-01
6.196284294128417969e-01
1.854105144739151001e-01
3.511683642864227295e-02
8.405945301055908203e-01
1.073099579662084579e-02
1.074079349637031555e-01
7.275145053863525391e-01
3.013999946415424347e-02
3.495342656970024109e-02
1.805826723575592041e-01
1.627434939146041870e-01
9.119245409965515137e-01
2.317813225090503693e-02
1.092823687940835953e-02
3.038242459297180176e-01
6.125190258026123047e-01
9.149200320243835449e-01
1.533653400838375092e-02
6.233818531036376953e-01
1.336221117526292801e-02
6.184328198432922363e-01
3.227184116840362549e-01
8.192710280418395996e-01
7.231150865554809570e-01
4.689941555261611938e-02
1.619351059198379517e-01
8.452064394950866699e-01
1.036520209163427353e-02
1.223120000213384628e-02
7.350386977195739746e-01
1.549781952053308487e-02
2.080708444118499756e-01
7.418321818113327026e-02
6.993249058723449707e-01
1.091748662292957306e-02
7.664633989334106445e-01
1.199206635355949402e-01
1.045879274606704712e-01
1.340696401894092560e-02
2.965132296085357666e-01
7.971559166908264160e-01
6.931810975074768066e-01
8.604943752288818359e-01
3.003169894218444824e-01
2.118280977010726929e-01
8.372204005718231201e-02
2.238941490650177002e-01
3.497175499796867371e-02
3.524173423647880554e-02
1.758999563753604889e-02
8.301054835319519043e-01
8.161830902099609375e-01
8.428064584732055664e-01
1.238871663808822632e-01
4.863633215427398682e-01
2.457871660590171814e-02
2.192994952201843262e-02
8.990601897239685059e-01
2.200499027967453003e-01
1.500450074672698975e-01
2.267278544604778290e-02
1.611350104212760925e-02
1.747071743011474609e-02
1.041445359587669373e-01
8.377146124839782715e-01
3.623985648155212402e-01
2.084488980472087860e-02
6.164159998297691345e-02
1.215012446045875549e-01
5.387422442436218262e-01
1.266689412295818329e-02
2.881002426147460938e-01
4.951122701168060303e-01
8.939670920372009277e-01
1.283376961946487427e-01
3.347061574459075928e-02
2.061329185962677002e-01
4.931611418724060059e-01
5.873746275901794434e-01
2.376162074506282806e-02
5.294792056083679199e-01
9.102818965911865234e-01
6.923396587371826172e-01
7.154681682586669922e-01
9.800262004137039185e-02
2.713625691831111908e-02
8.786745071411132812e-01
4.244785010814666748e-01
3.428298234939575195e-01
3.403088748455047607e-01
5.573443770408630371e-01
3.469809517264366150e-02
1.740636862814426422e-02
1.768996939063072205e-02
2.100759446620941162e-01
2.656873464584350586e-01
1.425961032509803772e-02
2.349207401275634766e-01
5.384721755981445312e-01
2.523715496063232422e-01
7.605926990509033203e-01
3.436931073665618896e-01
3.827613294124603271e-01
2.053215056657791138e-01
4.364282265305519104e-02
7.965285181999206543e-01
9.148688316345214844e-01
1.441529113799333572e-02
9.196030497550964355e-01
9.105206131935119629e-01
8.019882440567016602e-01
8.022635430097579956e-02
6.888086199760437012e-01
1.374869346618652344e-01
3.255597054958343506e-01
7.733187675476074219e-01
7.909318804740905762e-01
8.353192806243896484e-01
6.793990731239318848e-02
8.814827352762222290e-02
3.089456558227539062e-01
2.588923871517181396e-01
2.358225435018539429e-01
1.589541882276535034e-01
4.506174623966217041e-01
6.682677865028381348e-01
4.523899555206298828e-01
2.416405081748962402e-01
6.573717594146728516e-01
5.011918395757675171e-02
4.564886093139648438e-01
6.414167284965515137e-01
7.277686595916748047e-01
1.227373816072940826e-02
4.242048412561416626e-02
1.333991996943950653e-02
5.879227519035339355e-01
8.061816692352294922e-01
5.669604539871215820e-01
2.425293251872062683e-02
2.887947298586368561e-02
3.870214223861694336e-01
9.283129572868347168e-01
5.363940596580505371e-01
8.457899093627929688e-01
1.415186841040849686e-02
1.059145014733076096e-02
1.208303496241569519e-02
9.100347757339477539e-01
1.818653792142868042e-01
8.023663759231567383e-01
6.241368055343627930e-01
5.542795658111572266e-01
1.697977073490619659e-02
1.771610789000988007e-02
7.822130918502807617e-01
8.907333016395568848e-01
1.782150939106941223e-02
2.212290652096271515e-02
8.979166746139526367e-01
8.694636821746826172e-02
1.317359879612922668e-02
2.469948120415210724e-02
2.535188011825084686e-02
2.209846973419189453e-01
1.323622763156890869e-01
3.955571651458740234e-01
1.845781691372394562e-02
2.484306693077087402e-02
3.076047822833061218e-02
1.314239352941513062e-01
6.942840218544006348e-01
4.265404939651489258e-01
6.979040801525115967e-02
2.834411151707172394e-02
2.042704634368419647e-02
1.680556125938892365e-02
1.695351153612136841e-01
6.269355863332748413e-02
5.657539889216423035e-02
2.984796650707721710e-02
1.873185634613037109e-01
9.201111197471618652e-01
2.596984989941120148e-02
1.676629036664962769e-01
2.252030745148658752e-02
3.409169018268585205e-01
3.350040018558502197e-01
6.993345171213150024e-02
3.563973605632781982e-01
8.966543078422546387e-01
2.806244976818561554e-02
1.597397178411483765e-01
1.115187630057334900e-02
4.321805387735366821e-02
7.845748960971832275e-02
4.107216298580169678e-01
3.597189188003540039e-01
3.878645002841949463e-01
8.827928900718688965e-01
5.000171065330505371e-01
4.959684610366821289e-01
4.289000034332275391e-01
5.595682188868522644e-02
6.428726911544799805e-01
1.855520345270633698e-02
1.056023035198450089e-02
9.059725403785705566e-01
8.206074833869934082e-01
7.949953675270080566e-01
4.692639708518981934e-01
2.582318335771560669e-02
4.664859473705291748e-01
3.039549477398395538e-02
5.072411894798278809e-02
7.530440688133239746e-01
1.145645510405302048e-02
1.910110935568809509e-02
3.258221969008445740e-02
1.162169501185417175e-01
7.897394299507141113e-01
1.955263912677764893e-01
3.276949524879455566e-01
1.511552277952432632e-02
8.795254826545715332e-01
8.023796677589416504e-01
2.563410997390747070e-02
9.111679196357727051e-01
3.808387815952301025e-01
6.905555129051208496e-01
2.273842506110668182e-02
8.305425643920898438e-01
1.997404545545578003e-01
1.018673926591873169e-01
8.187757134437561035e-01
4.494139552116394043e-01
6.592556834220886230e-01
1.338079273700714111e-01
3.720470070838928223e-01
5.050477981567382812e-01
4.564318656921386719e-01
5.540302395820617676e-01
8.974750041961669922e-01
1.053613200783729553e-01
3.534632027149200439e-01
1.217707898467779160e-02
7.826827764511108398e-01
1.510726362466812134e-01
1.693856716156005859e-02
8.131458163261413574e-01
3.544816374778747559e-01
7.394106388092041016e-01
7.243520021438598633e-02
6.441380977630615234e-01
5.422979593276977539e-01
8.561723232269287109e-01
3.062800765037536621e-01
8.909130096435546875e-01
1.670789159834384918e-02
5.132272243499755859e-01
1.240740250796079636e-02
7.829862833023071289e-01
2.821109071373939514e-02
5.777181982994079590e-01
4.331681430339813232e-01
4.432285726070404053e-01
3.216172456741333008e-01
1.481826156377792358e-01
4.650857150554656982e-01
7.714270949363708496e-01
2.643985152244567871e-01
6.009616255760192871e-01
1.895603723824024200e-02
2.246607542037963867e-01
8.803377151489257812e-01
3.083597421646118164e-01
2.713907063007354736e-01
2.299642860889434814e-01
2.376836352050304413e-02
3.747960552573204041e-02
1.666201651096343994e-02
3.035914301872253418e-01
9.194630384445190430e-01
3.698365390300750732e-01
8.319168686866760254e-01
1.385817080736160278e-01
7.605473995208740234e-01
1.340272575616836548e-01
2.371610701084136963e-01
1.635994389653205872e-02
1.343885250389575958e-02
2.838024795055389404e-01
8.861691951751708984e-01
8.858798742294311523e-01
2.515739500522613525e-01
1.603652387857437134e-01
6.833012700080871582e-01
9.085241556167602539e-01
7.727003693580627441e-01
1.109256222844123840e-01
3.594720363616943359e-01
7.192792296409606934e-01
6.145490407943725586e-01
8.239440321922302246e-01
2.338857576251029968e-02
9.007860422134399414e-01
7.050977349281311035e-01
5.170126631855964661e-02
8.926871418952941895e-01
7.339617609977722168e-01
1.209949143230915070e-02
4.419004321098327637e-01
2.525070309638977051e-01
8.478099703788757324e-01
3.918327018618583679e-02
3.907286822795867920e-01
3.861989676952362061e-01
1.150939688086509705e-01
6.879630088806152344e-01
8.341270685195922852e-01
6.893765330314636230e-01
1.309692300856113434e-02
1.752077490091323853e-01
5.883263945579528809e-01
3.585137128829956055e-01
3.942673802375793457e-01
9.811941534280776978e-02
2.546618580818176270e-01
3.837076723575592041e-01
3.691251277923583984e-01
2.658350579440593719e-02
1.314364224672317505e-01
1.463506370782852173e-01
1.096834149211645126e-02
9.622088819742202759e-02
1.348746865987777710e-01
8.290209174156188965e-01
1.292660534381866455e-01
1.077625807374715805e-02
1.952648609876632690e-01
5.627217292785644531e-01
3.083726018667221069e-02
5.154548957943916321e-02
5.818197876214981079e-02
4.266158938407897949e-01
3.170500099658966064e-01
2.235233969986438751e-02
4.347589612007141113e-01
1.318619586527347565e-02
3.899360299110412598e-01
1.998616755008697510e-01
3.670509904623031616e-02
2.043646015226840973e-02
1.732871122658252716e-02
1.514949053525924683e-01
8.051912486553192139e-02
1.185710821300745010e-02
1.866772621870040894e-01
3.942667841911315918e-01
5.614506006240844727e-01
2.340206503868103027e-01
5.161864683032035828e-02
2.900037541985511780e-02
5.317450165748596191e-01
7.021757364273071289e-01
1.987830735743045807e-02
9.279687404632568359e-01
6.811412572860717773e-01
1.268062740564346313e-01
1.908675022423267365e-02
2.637722194194793701e-01
1.222627609968185425e-02
1.410857122391462326e-02
2.480643391609191895e-01
2.330279722809791565e-02
3.593071103096008301e-01
8.854974508285522461e-01
8.461663722991943359e-01
6.941597908735275269e-02
1.201253682374954224e-01
1.080238744616508484e-01
3.388705551624298096e-01
7.568193078041076660e-01
1.333465725183486938e-01
6.732158064842224121e-01
2.745539844036102295e-01
9.238469600677490234e-01
2.118712477385997772e-02
4.143601655960083008e-01
8.422594666481018066e-01
8.370202779769897461e-02
8.310096859931945801e-01
5.458533763885498047e-01
2.744809091091156006e-01
5.010247603058815002e-02
8.908567428588867188e-01
7.596309185028076172e-01
2.642457485198974609e-01
7.101197838783264160e-01
3.124557137489318848e-01
8.052991628646850586e-01
2.244956344366073608e-01
2.811836265027523041e-02
1.019485015422105789e-02
4.191764593124389648e-01
2.266856580972671509e-01
1.910888589918613434e-02
3.451183438301086426e-02
9.000907540321350098e-01
1.650930754840373993e-02
1.656259596347808838e-02
2.343973517417907715e-02
1.459806505590677261e-02
9.218381345272064209e-02
3.570261597633361816e-02
1.355230249464511871e-02
1.604231446981430054e-02
4.054305553436279297e-01
1.970029175281524658e-01
7.893698215484619141e-01
7.824795246124267578e-01
8.884872794151306152e-01
1.483977884054183960e-01
1.426725238561630249e-01
3.093517422676086426e-01
7.161737084388732910e-01
2.095392346382141113e-02
3.082512915134429932e-01
5.464048981666564941e-01
1.169609557837247849e-02
8.867615461349487305e-01
3.150895237922668457e-02
6.133302450180053711e-01
2.072066441178321838e-02
2.217437326908111572e-01
3.375340700149536133e-01
8.000292181968688965e-01
5.089579150080680847e-02
3.155539333820343018e-01
2.149894088506698608e-02
3.582871258258819580e-01
3.625862598419189453e-01
5.777714401483535767e-02
4.030704796314239502e-01
5.815290659666061401e-02
1.464136969298124313e-02
2.238195240497589111e-01
9.422641992568969727e-02
5.654917359352111816e-01
1.452759802341461182e-01
8.922706246376037598e-01
7.753787636756896973e-01
4.790210351347923279e-02
