2.785823866724967957e-02
7.684980630874633789e-01
3.596608713269233704e-02
9.345872998237609863e-01
3.993311151862144470e-02
4.280984401702880859e-02
2.167760729789733887e-01
1.667713224887847900e-01
8.333542346954345703e-01
3.283838927745819092e-02
6.053556203842163086e-01
5.183751583099365234e-01
8.643174767494201660e-01
5.117017030715942383e-01
1.463063806295394897e-01
9.774687886238098145e-02
4.218789190053939819e-02
7.289470434188842773e-01
9.589546322822570801e-01
4.663604497909545898e-01
5.962939858436584473e-01
9.431871175765991211e-01
1.041238605976104736e-01
1.197530031204223633e-01
2.971768379211425781e-01
4.729665070772171021e-02
6.627209782600402832e-01
1.143638417124748230e-01
2.099471986293792725e-01
1.080447807908058167e-01
2.167546153068542480e-01
1.949927769601345062e-02
6.343285441398620605e-01
3.774084523320198059e-02
1.181623786687850952e-01
7.542110979557037354e-02
6.746048480272293091e-02
1.097169741988182068e-01
4.768068492412567139e-01
9.516725540161132812e-01
7.712667435407638550e-02
7.549251616001129150e-02
4.192569479346275330e-02
5.277054384350776672e-02
7.200054824352264404e-02
5.902914330363273621e-02
1.131605729460716248e-01
4.076582789421081543e-01
2.587561123073101044e-02
9.205958843231201172e-01
9.969148039817810059e-02
2.635288797318935394e-02
1.062707155942916870e-01
1.692417860031127930e-01
4.604480415582656860e-02
5.118371918797492981e-02
9.263027906417846680e-01
4.060581699013710022e-02
7.286176085472106934e-02
2.913236618041992188e-01
2.126017361879348755e-01
1.645237207412719727e-01
4.221415519714355469e-02
4.498405754566192627e-02
7.161749154329299927e-02
6.399013102054595947e-02
3.387622162699699402e-02
1.217415854334831238e-01
6.378695368766784668e-01
1.410777419805526733e-01
2.820418216288089752e-02
8.308476209640502930e-01
5.073816180229187012e-01
6.408789008855819702e-02
7.595779001712799072e-02
4.283720627427101135e-02
2.224144339561462402e-02
2.950140833854675293e-02
3.809066489338874817e-02
3.743416815996170044e-02
8.840338587760925293e-01
5.691093951463699341e-02
8.302181363105773926e-01
7.981961369514465332e-01
9.541193842887878418e-01
6.572855114936828613e-01
4.062019661068916321e-02
4.452347755432128906e-02
4.195491373538970947e-01
2.665273547172546387e-01
6.280630826950073242e-01
5.705726146697998047e-02
3.483775630593299866e-02
1.652745455503463745e-01
1.551886051893234253e-01
5.561605095863342285e-01
5.835859775543212891e-01
8.986533284187316895e-01
4.126369580626487732e-02
4.737209156155586243e-02
6.297435760498046875e-01
1.165001615881919861e-01
3.684159815311431885e-01
3.496923148632049561e-01
4.135716557502746582e-01
5.238360166549682617e-02
3.154982998967170715e-02
1.808403432369232178e-01
1.987568736076354980e-01
1.182638481259346008e-01
1.545475870370864868e-01
3.021192364394664764e-02
4.006997868418693542e-02
9.548977613449096680e-01
6.468927860260009766e-02
5.805429071187973022e-02
9.394675493240356445e-01
2.812073193490505219e-02
1.114998608827590942e-01
7.578018903732299805e-01
2.331587672233581543e-02
5.235424637794494629e-02
2.949800193309783936e-01
8.139487504959106445e-01
9.465716481208801270e-01
1.479462236166000366e-01
6.346213817596435547e-02
6.332889944314956665e-02
4.395932331681251526e-02
1.086085140705108643e-01
9.566653370857238770e-01
1.978872865438461304e-01
9.061143398284912109e-01
1.761440634727478027e-01
3.636085391044616699e-01
7.518361806869506836e-01
9.035667777061462402e-01
2.017204016447067261e-01
3.223091363906860352e-01
3.053177706897258759e-02
4.967273175716400146e-01
5.690445899963378906e-01
3.361498415470123291e-01
6.259567737579345703e-01
1.482707560062408447e-01
2.875378727912902832e-02
5.317285060882568359e-01
4.835823774337768555e-01
6.144365072250366211e-01
9.492588788270950317e-02
3.570443391799926758e-02
6.995616853237152100e-02
1.538759171962738037e-01
1.547754853963851929e-01
9.816985577344894409e-02
7.827682048082351685e-02
8.618701994419097900e-02
7.462290674448013306e-02
3.020627200603485107e-01
8.043897151947021484e-01
3.922161757946014404e-01
8.950471878051757812e-01
1.668296456336975098e-01
2.463663667440414429e-01
7.459148168563842773e-01
1.050810143351554871e-01
2.559003531932830811e-01
5.492382645606994629e-01
4.674448072910308838e-02
7.140601277351379395e-01
4.831889644265174866e-02
2.745244279503822327e-02
2.455491423606872559e-01
8.630729913711547852e-01
3.463424369692802429e-02
9.471341371536254883e-01
4.019061028957366943e-01
3.028001636266708374e-02
7.467821240425109863e-01
1.926162838935852051e-01
1.249070242047309875e-01
3.538758680224418640e-02
4.589453712105751038e-02
2.390771508216857910e-01
6.883418560028076172e-02
6.654021888971328735e-02
1.051144823431968689e-01
5.202705264091491699e-01
3.325886726379394531e-01
4.571600854396820068e-01
4.776563122868537903e-02
9.207925796508789062e-01
6.628552824258804321e-02
5.182585120201110840e-01
2.806558907032012939e-01
8.510195612907409668e-01
8.165474236011505127e-02
8.010121434926986694e-02
7.627964019775390625e-01
2.321255952119827271e-02
2.951830811798572540e-02
5.641013011336326599e-02
8.068196773529052734e-01
6.922308355569839478e-02
8.706656098365783691e-01
9.220080375671386719e-01
7.476086020469665527e-01
2.826922200620174408e-02
9.607188701629638672e-01
1.658643931150436401e-01
4.837452247738838196e-02
3.624349087476730347e-02
3.330710530281066895e-01
5.071632266044616699e-01
1.593690812587738037e-01
2.339798025786876678e-02
7.911188602447509766e-01
7.922960519790649414e-01
8.449397087097167969e-01
4.079075157642364502e-02
9.376125931739807129e-01
9.626817703247070312e-01
8.936467766761779785e-01
1.628456413745880127e-01
4.641102254390716553e-02
7.193389534950256348e-02
6.525953412055969238e-01
6.180759072303771973e-01
5.035746470093727112e-02
5.427195429801940918e-01
7.159880995750427246e-01
8.381180763244628906e-01
3.457095846533775330e-02
8.691126108169555664e-01
5.709588527679443359e-01
3.336870670318603516e-01
9.326480627059936523e-01
9.510001540184020996e-01
6.277187168598175049e-02
4.139180183410644531e-01
6.546527743339538574e-01
8.551645278930664062e-02
5.038868188858032227e-01
9.567173570394515991e-02
1.623564958572387695e-01
1.328134387731552124e-01
3.751747682690620422e-02
9.585878252983093262e-01
3.197962045669555664e-02
7.396906614303588867e-01
4.800895154476165771e-01
6.139668077230453491e-02
7.191003859043121338e-02
3.949934989213943481e-02
2.773352339863777161e-02
3.392695635557174683e-02
2.371120303869247437e-01
7.350919246673583984e-01
1.076021343469619751e-01
8.278929591178894043e-01
4.996770992875099182e-02
5.759376287460327148e-01
3.478109240531921387e-01
5.661706253886222839e-02
3.144864737987518311e-01
6.080380082130432129e-01
2.047220468521118164e-01
1.552557647228240967e-01
4.647654667496681213e-02
6.806883215904235840e-01
7.894692420959472656e-01
9.437701106071472168e-01
3.273938596248626709e-01
5.416895151138305664e-01
5.266126394271850586e-01
3.830845281481742859e-02
8.230413794517517090e-01
4.358633607625961304e-02
8.118166923522949219e-01
5.377657711505889893e-02
8.745166659355163574e-02
9.577908515930175781e-01
1.144090369343757629e-01
5.504110455513000488e-01
2.708989083766937256e-01
1.186636388301849365e-01
2.806337177753448486e-02
2.112404406070709229e-01
3.433310687541961670e-01
4.322044551372528076e-02
7.067433744668960571e-02
5.668355226516723633e-01
7.498158812522888184e-01
2.340353578329086304e-01
7.691673189401626587e-02
2.568556554615497589e-02
7.368014007806777954e-02
8.988944292068481445e-01
1.052742674946784973e-01
5.686323344707489014e-02
9.297113418579101562e-01
5.012760162353515625e-01
4.093713685870170593e-02
1.056425049901008606e-01
1.424661427736282349e-01
4.356843605637550354e-02
5.144095793366432190e-02
6.009557843208312988e-01
8.652839660644531250e-01
3.428917527198791504e-01
1.747733950614929199e-01
8.639559894800186157e-02
4.983277246356010437e-02
4.609502106904983521e-02
7.138754129409790039e-01
3.315290808677673340e-01
9.472947716712951660e-01
8.704196214675903320e-01
4.180078953504562378e-02
4.050728306174278259e-02
6.764484643936157227e-01
2.530441582202911377e-01
7.615258097648620605e-01
9.457680583000183105e-01
1.242765411734580994e-01
3.251857161521911621e-01
8.967187255620956421e-02
4.103794693946838379e-02
4.061868414282798767e-02
3.722928091883659363e-02
3.375576063990592957e-02
6.890017539262771606e-02
1.903709471225738525e-01
3.791689872741699219e-02
1.426167786121368408e-01
8.960610628128051758e-01
1.336534023284912109e-01
4.540073871612548828e-02
2.203423529863357544e-01
2.299612164497375488e-01
3.233350813388824463e-02
4.581763446331024170e-01
7.237153053283691406e-01
2.757789492607116699e-01
8.865021467208862305e-01
4.031121358275413513e-02
1.155586317181587219e-01
2.539524734020233154e-01
1.164336130023002625e-01
8.468983769416809082e-01
3.850258514285087585e-02
3.166227415204048157e-02
2.830872870981693268e-02
8.016958087682723999e-02
3.314574956893920898e-01
3.488152101635932922e-02
8.468849658966064453e-01
8.378140628337860107e-02
1.282861828804016113e-01
1.975794881582260132e-01
4.780346900224685669e-02
5.493292212486267090e-01
2.272677719593048096e-01
1.957520544528961182e-01
6.738927364349365234e-01
2.308983206748962402e-01
3.039028048515319824e-01
9.594072699546813965e-01
1.900573223829269409e-01
8.599867671728134155e-02
1.628246307373046875e-01
3.388694673776626587e-02
2.034758627414703369e-01
9.339746087789535522e-02
2.869470790028572083e-02
5.203578993678092957e-02
1.240989118814468384e-01
6.057246401906013489e-02
9.300875067710876465e-01
5.120496079325675964e-02
4.356030002236366272e-02
3.479552268981933594e-02
9.025971293449401855e-01
2.151214182376861572e-01
1.088185533881187439e-01
8.858595788478851318e-02
2.736462354660034180e-01
8.791109174489974976e-02
1.358797103166580200e-01
6.361688971519470215e-01
3.270062804222106934e-02
5.028307437896728516e-02
6.202033162117004395e-02
4.700597748160362244e-02
7.972379773855209351e-02
2.798656187951564789e-02
8.117295503616333008e-01
1.586452424526214600e-01
6.234782338142395020e-01
1.151482909917831421e-01
1.376635879278182983e-01
7.241746783256530762e-02
6.757616400718688965e-01
2.097837179899215698e-01
9.287368059158325195e-01
6.453887820243835449e-01
7.519195079803466797e-01
6.067278981208801270e-01
4.066184163093566895e-01
1.353482007980346680e-01
7.960101962089538574e-02
2.447409741580486298e-02
1.679522097110748291e-01
4.567131400108337402e-01
8.347037434577941895e-01
2.839163132011890411e-02
3.201116919517517090e-01
7.719342410564422607e-02
6.162135675549507141e-02
3.978830948472023010e-02
2.891189046204090118e-02
2.399408370256423950e-01
6.021605134010314941e-01
2.052174322307109833e-02
4.221620783209800720e-02
5.007501244544982910e-01
3.460409864783287048e-02
6.599178165197372437e-02
3.973915278911590576e-01
6.064666435122489929e-02
4.568533971905708313e-02
2.157412655651569366e-02
8.378229141235351562e-01
6.776407361030578613e-01
5.517549067735671997e-02
6.841313838958740234e-02
1.338786333799362183e-01
6.778554618358612061e-02
7.423238158226013184e-01
4.899348616600036621e-01
2.088868618011474609e-01
2.114382199943065643e-02
2.772416733205318451e-02
7.584880590438842773e-01
8.435095846652984619e-02
6.630067229270935059e-01
3.490021824836730957e-02
8.743054866790771484e-01
4.741846024990081787e-02
2.833177149295806885e-02
1.381856650114059448e-01
9.202476739883422852e-01
5.875490307807922363e-01
5.227278545498847961e-02
4.501866176724433899e-02
4.747359454631805420e-01
2.641399502754211426e-01
1.065982654690742493e-01
3.519754856824874878e-02
1.191922277212142944e-01
8.332919329404830933e-02
1.227701902389526367e-01
3.270648792386054993e-02
3.748185187578201294e-02
2.780519984662532806e-02
3.938244655728340149e-02
9.376956224441528320e-01
3.233925104141235352e-01
4.600973427295684814e-02
9.658498764038085938e-01
1.124108210206031799e-01
4.186430275440216064e-01
3.995131328701972961e-02
8.779316544532775879e-01
7.604296803474426270e-01
6.559985131025314331e-02
8.857323527336120605e-01
9.191535711288452148e-01
2.855667471885681152e-01
2.247235737740993500e-02
6.346786618232727051e-01
2.441985756158828735e-01
9.615761786699295044e-02
2.105024307966232300e-01
2.889307774603366852e-02
5.305584520101547241e-02
8.759521692991256714e-02
4.732723534107208252e-02
4.915702715516090393e-02
3.410846292972564697e-01
4.439466819167137146e-02
9.203799068927764893e-02
4.489296302199363708e-02
5.831583738327026367e-01
5.728992223739624023e-01
1.278653144836425781e-01
7.015798985958099365e-02
1.222769841551780701e-01
4.875870421528816223e-02
8.927441388368606567e-02
7.564595341682434082e-01
3.487895056605339050e-02
8.200860619544982910e-01
9.363477826118469238e-01
1.592432111501693726e-01
2.874992787837982178e-02
5.779072642326354980e-01
9.344846755266189575e-02
4.144155681133270264e-01
2.774288505315780640e-02
1.352028399705886841e-01
6.397261470556259155e-02
8.486478924751281738e-01
2.086790204048156738e-01
5.044346451759338379e-01
8.599867671728134155e-02
3.294735550880432129e-01
2.292629927396774292e-01
1.229527220129966736e-01
7.122091203927993774e-02
1.008156314492225647e-01
6.382089257240295410e-01
6.113182008266448975e-02
2.130503356456756592e-01
5.649870634078979492e-01
3.056736290454864502e-02
1.363261938095092773e-01
9.227179884910583496e-01
5.826577916741371155e-02
8.555278778076171875e-01
8.283258229494094849e-02
6.701684743165969849e-02
6.059399992227554321e-02
2.864726074039936066e-02
8.672561645507812500e-01
4.331770241260528564e-01
4.515273496508598328e-02
8.247194290161132812e-01
9.164416193962097168e-01
9.540501236915588379e-01
9.621269702911376953e-01
3.556764125823974609e-02
2.108890116214752197e-01
2.522761523723602295e-01
2.089814692735671997e-01
9.471687674522399902e-01
4.176701605319976807e-01
2.823036313056945801e-01
2.020404934883117676e-01
5.971406027674674988e-02
9.269095063209533691e-01
2.276521176099777222e-02
6.411405652761459351e-02
7.680087685585021973e-01
4.446880146861076355e-02
4.196995496749877930e-02
2.866830229759216309e-01
9.584908187389373779e-02
9.528209567070007324e-01
3.941270336508750916e-02
2.551691234111785889e-02
3.630690872669219971e-01
7.666231393814086914e-01
9.544086456298828125e-01
2.647035010159015656e-02
6.417906284332275391e-01
2.327820099890232086e-02
7.608113288879394531e-01
1.568162441253662109e-01
8.319981694221496582e-01
5.542406439781188965e-01
5.454604700207710266e-02
7.638783007860183716e-02
9.006740450859069824e-01
1.999276876449584961e-02
2.768019586801528931e-02
8.525035977363586426e-01
2.849503792822360992e-02
1.438954472541809082e-01
8.091135323047637939e-02
6.162242889404296875e-01
2.176694385707378387e-02
8.698258996009826660e-01
6.455177068710327148e-02
5.498034507036209106e-02
3.058897145092487335e-02
1.340003460645675659e-01
8.407450914382934570e-01
8.702554106712341309e-01
9.201760292053222656e-01
2.540244162082672119e-01
3.401555120944976807e-01
9.028536081314086914e-02
8.607637137174606323e-02
5.538115277886390686e-02
4.633051529526710510e-02
2.757698111236095428e-02
9.329026937484741211e-01
9.067169427871704102e-01
9.076268672943115234e-01
1.718957275152206421e-01
3.492367565631866455e-01
3.024676255881786346e-02
5.396578460931777954e-02
9.403786063194274902e-01
7.506719976663589478e-02
1.621102392673492432e-01
3.708684816956520081e-02
2.922265604138374329e-02
3.604349493980407715e-02
5.679520964622497559e-02
9.150851964950561523e-01
4.478377401828765869e-01
2.794924937188625336e-02
9.746824204921722412e-02
9.442857652902603149e-02
4.881692826747894287e-01
2.813925407826900482e-02
2.431579828262329102e-01
5.531552433967590332e-01
9.532259702682495117e-01
8.520566672086715698e-02
3.766986727714538574e-02
1.913298964500427246e-01
4.601032435894012451e-01
4.858134090900421143e-01
4.202650114893913269e-02
4.550771415233612061e-01
9.431166052818298340e-01
7.898663282394409180e-01
7.107615470886230469e-01
6.061633303761482239e-02
3.676082938909530640e-02
9.384576082229614258e-01
3.281044960021972656e-01
3.114651143550872803e-01
3.453121781349182129e-01
5.966074466705322266e-01
5.763762816786766052e-02
4.137752205133438110e-02
3.275666013360023499e-02
9.191036969423294067e-02
9.548120945692062378e-02
2.787259593605995178e-02
1.430801302194595337e-01
4.316654503345489502e-01
1.575874537229537964e-01
7.849655151367187500e-01
1.687444597482681274e-01
3.247280716896057129e-01
5.279895663261413574e-02
5.247153341770172119e-02
8.217110037803649902e-01
9.546276330947875977e-01
2.626332268118858337e-02
9.540960192680358887e-01
9.544250965118408203e-01
8.361179232597351074e-01
1.399432867765426636e-01
7.443707585334777832e-01
4.022050648927688599e-02
3.199195563793182373e-01
7.142075896263122559e-01
8.933711647987365723e-01
8.782302141189575195e-01
1.174631863832473755e-01
1.676190793514251709e-01
4.210805296897888184e-01
4.357179701328277588e-01
2.303044646978378296e-01
1.050931960344314575e-01
4.289860725402832031e-01
6.562547683715820312e-01
3.011516332626342773e-01
2.045473158359527588e-01
7.005022168159484863e-01
5.558826401829719543e-02
2.645500600337982178e-01
3.856029510498046875e-01
4.461312592029571533e-01
2.834968641400337219e-02
6.415440887212753296e-02
2.466370910406112671e-02
7.402960062026977539e-01
8.863205313682556152e-01
1.218547001481056213e-01
3.936994075775146484e-02
4.091965407133102417e-02
1.548339575529098511e-01
9.620122313499450684e-01
4.575919806957244873e-01
9.223793745040893555e-01
2.783307805657386780e-02
2.562697418034076691e-02
2.721646428108215332e-02
9.511216878890991211e-01
2.392806708812713623e-01
6.510757207870483398e-01
4.970969259738922119e-01
4.279378056526184082e-01
3.210398554801940918e-02
3.143630549311637878e-02
8.718353509902954102e-01
9.409695267677307129e-01
3.783671557903289795e-02
6.125655025243759155e-02
9.485136270523071289e-01
1.991654336452484131e-01
2.622224017977714539e-02
6.800547242164611816e-02
3.948771581053733826e-02
1.979072988033294678e-01
1.107493788003921509e-01
2.583686411380767822e-01
2.589840069413185120e-02
4.182475805282592773e-02
6.782274693250656128e-02
1.046483069658279419e-01
6.132196784019470215e-01
9.990172833204269409e-02
6.734599918127059937e-02
5.013698339462280273e-02
3.016024641692638397e-02
3.812944144010543823e-02
9.199939668178558350e-02
5.198822543025016785e-02
3.347252309322357178e-02
7.006189972162246704e-02
1.241072863340377808e-01
9.583459496498107910e-01
3.454159945249557495e-02
2.537888288497924805e-01
4.011857137084007263e-02
1.590604037046432495e-01
2.157518267631530762e-01
1.425684392452239990e-01
3.187272846698760986e-01
9.442028999328613281e-01
3.918414562940597534e-02
8.157655596733093262e-02
2.544244378805160522e-02
5.725665390491485596e-02
1.308438926935195923e-01
6.324887275695800781e-01
3.510013520717620850e-01
4.960034191608428955e-01
9.351158142089843750e-01
8.099674433469772339e-02
4.988532066345214844e-01
3.626250326633453369e-01
7.183489203453063965e-02
8.659038543701171875e-01
3.716513141989707947e-02
2.199063077569007874e-02
9.420362710952758789e-01
8.510980010032653809e-01
8.106011152267456055e-01
5.443077087402343750e-01
3.654590249061584473e-02
4.904009401798248291e-01
4.403045028448104858e-02
7.933636754751205444e-02
6.897096037864685059e-01
2.370545081794261932e-02
3.762641549110412598e-02
3.584644198417663574e-02
7.087447494268417358e-02
8.961980938911437988e-01
2.481155991554260254e-01
4.607345759868621826e-01
3.188160806894302368e-02
9.240909218788146973e-01
8.819946646690368652e-01
3.812910988926887512e-02
9.436126351356506348e-01
4.793814122676849365e-01
5.758745670318603516e-01
3.894304111599922180e-02
9.212487936019897461e-01
1.961936503648757935e-01
3.919774666428565979e-02
7.846437692642211914e-01
3.191498816013336182e-01
5.913643240928649902e-01
1.650510877370834351e-01
4.224266707897186279e-01
6.498481631278991699e-01
2.491264641284942627e-01
4.675968885421752930e-01
9.489271640777587891e-01
1.282674223184585571e-01
1.413737237453460693e-01
2.803262323141098022e-02
8.648467659950256348e-01
9.344539791345596313e-02
3.249919041991233826e-02
9.059042334556579590e-01
2.285830825567245483e-01
7.365143299102783203e-01
5.089274048805236816e-02
7.084866166114807129e-01
5.156422853469848633e-01
8.957071900367736816e-01
1.632766574621200562e-01
9.400193095207214355e-01
3.413851931691169739e-02
3.889573514461517334e-01
3.193992003798484802e-02
7.976155281066894531e-01
4.051597416400909424e-02
6.729295849800109863e-01
3.304930031299591064e-01
2.707003355026245117e-01
2.063868343830108643e-01
5.885650590062141418e-02
3.366445004940032959e-01
8.795592188835144043e-01
1.849413067102432251e-01
4.853206872940063477e-01
3.274025022983551025e-02
1.709401309490203857e-01
9.260842204093933105e-01
4.600889086723327637e-01
9.321310371160507202e-02
9.962774068117141724e-02
3.622615709900856018e-02
3.393969684839248657e-02
3.440417721867561340e-02
2.633046507835388184e-01
9.590242505073547363e-01
3.344914615154266357e-01
8.629411458969116211e-01
2.088076770305633545e-01
8.936722278594970703e-01
8.423928171396255493e-02
2.171116918325424194e-01
2.983047068119049072e-02
2.283572964370250702e-02
3.702426850795745850e-01
9.389412403106689453e-01
9.192926287651062012e-01
2.018631845712661743e-01
4.681470245122909546e-02
4.366665482521057129e-01
9.504785537719726562e-01
7.104148268699645996e-01
5.987639352679252625e-02
2.832351326942443848e-01
7.660190463066101074e-01
7.151926755905151367e-01
8.701160550117492676e-01
3.664908185601234436e-02
9.419885873794555664e-01
8.496071696281433105e-01
7.301668077707290649e-02
9.205359816551208496e-01
6.493607163429260254e-01
2.848707884550094604e-02
2.728572487831115723e-01
2.282523959875106812e-01
8.641695380210876465e-01
4.395438730716705322e-02
2.446847409009933472e-01
3.670501708984375000e-01
8.950328826904296875e-02
6.517955660820007324e-01
8.497279882431030273e-01
4.464160799980163574e-01
2.660370990633964539e-02
1.619343310594558716e-01
5.101485848426818848e-01
2.910344004631042480e-01
4.543589651584625244e-01
8.149767667055130005e-02
1.048819646239280701e-01
6.218692064285278320e-01
5.407457947731018066e-01
3.208443522453308105e-02
8.068724721670150757e-02
8.599867671728134155e-02
2.675824053585529327e-02
8.134038746356964111e-02
8.954925835132598877e-02
9.150405526161193848e-01
1.331011056900024414e-01
2.283948101103305817e-02
1.945761144161224365e-01
5.660806894302368164e-01
3.497928380966186523e-02
1.316487491130828857e-01
6.548045575618743896e-02
4.966937899589538574e-01
1.862977594137191772e-01
3.968052938580513000e-02
5.981211066246032715e-01
2.797278389334678650e-02
2.708789110183715820e-01
1.262368708848953247e-01
3.397784382104873657e-02
3.587538376450538635e-02
3.274703770875930786e-02
2.107404470443725586e-01
5.691760033369064331e-02
1.667011901736259460e-02
8.254352957010269165e-02
3.308277726173400879e-01
5.762810707092285156e-01
1.776207387447357178e-01
4.313373193144798279e-02
4.832133278250694275e-02
5.053505301475524902e-01
5.595180392265319824e-01
2.721495740115642548e-02
9.612435102462768555e-01
7.401276230812072754e-01
3.101690411567687988e-01
4.960371181368827820e-02
1.439638435840606689e-01
2.384085953235626221e-02
2.871051430702209473e-02
1.190367564558982849e-01
6.525094062089920044e-02
5.310676693916320801e-01
8.873599171638488770e-01
9.105684161186218262e-01
1.046562492847442627e-01
8.109598606824874878e-02
8.780486136674880981e-02
1.424929499626159668e-01
8.173692822456359863e-01
1.394200474023818970e-01
6.563336849212646484e-01
2.739886343479156494e-01
9.596059918403625488e-01
3.755501285195350647e-02
1.753228157758712769e-01
8.706557750701904297e-01
2.462415397167205811e-01
8.558697700500488281e-01
2.353556901216506958e-01
3.835313916206359863e-01
4.240868613123893738e-02
9.206103682518005371e-01
7.478172779083251953e-01
1.965436935424804688e-01
7.761834859848022461e-01
7.434976845979690552e-02
8.708949089050292969e-01
1.961499899625778198e-01
4.115337878465652466e-02
2.326849475502967834e-02
2.838923931121826172e-01
5.148036777973175049e-02
3.738676756620407104e-02
5.349130928516387939e-02
9.458844065666198730e-01
4.057802632451057434e-02
3.437163308262825012e-02
6.398656219244003296e-02
2.612083591520786285e-02
8.829335868358612061e-02
4.509643837809562683e-02
2.754794992506504059e-02
3.696500882506370544e-02
3.539216816425323486e-01
1.790922284126281738e-01
6.630227565765380859e-01
7.807270288467407227e-01
9.461578726768493652e-01
1.522000432014465332e-01
6.523072719573974609e-02
2.736140489578247070e-01
8.325635194778442383e-01
3.661089017987251282e-02
1.837722361087799072e-01
4.388119280338287354e-01
2.467557229101657867e-02
9.328434467315673828e-01
3.130962327122688293e-02
3.102420568466186523e-01
3.278210386633872986e-02
9.240302443504333496e-02
3.273346126079559326e-01
9.460020661354064941e-01
4.587986320257186890e-02
3.618168532848358154e-01
3.630728647112846375e-02
2.598496675491333008e-01
2.086021453142166138e-01
8.407579362392425537e-02
4.259816706180572510e-01
6.076407432556152344e-02
2.862530387938022614e-02
1.090852618217468262e-01
5.508243665099143982e-02
2.713814079761505127e-01
9.569694846868515015e-02
9.260537624359130859e-01
8.652256131172180176e-01
2.945176139473915100e-02
