1.747160963714122772e-02
7.425686717033386230e-01
3.596860170364379883e-02
7.378279566764831543e-01
7.979503273963928223e-02
4.097804427146911621e-02
3.152278363704681396e-01
2.945441007614135742e-01
7.741457819938659668e-01
1.263364404439926147e-01
6.042932271957397461e-01
4.335637986660003662e-01
7.136025428771972656e-01
5.581098198890686035e-01
1.792225837707519531e-01
2.144885957241058350e-01
1.197577938437461853e-01
6.267405748367309570e-01
9.047133326530456543e-01
5.611693859100341797e-01
5.688772797584533691e-01
8.749650120735168457e-01
2.047795802354812622e-01
6.361450999975204468e-02
2.823822796344757080e-01
7.655794918537139893e-02
7.267730832099914551e-01
1.918658465147018433e-01
4.178270399570465088e-01
2.104251384735107422e-01
3.734489679336547852e-01
1.378295943140983582e-02
7.068293094635009766e-01
3.406621143221855164e-02
1.126687526702880859e-01
1.637240797281265259e-01
6.574641168117523193e-02
2.160955965518951416e-01
4.646473824977874756e-01
8.839068412780761719e-01
1.367865949869155884e-01
2.120663225650787354e-01
6.966435909271240234e-02
1.749746054410934448e-01
7.912667095661163330e-02
6.867533922195434570e-02
2.582867145538330078e-01
5.191465020179748535e-01
1.582920365035533905e-02
8.711483478546142578e-01
3.164063692092895508e-01
1.928626000881195068e-02
2.394078522920608521e-01
4.863418042659759521e-01
8.790072798728942871e-02
1.171121150255203247e-01
8.813225030899047852e-01
4.463365301489830017e-02
1.389092206954956055e-01
2.511821389198303223e-01
2.185961455106735229e-01
2.447241693735122681e-01
8.295633643865585327e-02
3.916683048009872437e-02
1.074635908007621765e-01
7.784479111433029175e-02
3.967310488224029541e-02
2.583492398262023926e-01
5.831795334815979004e-01
2.965232729911804199e-01
1.257012486457824707e-01
5.237656831741333008e-01
4.990038573741912842e-01
1.956856399774551392e-01
1.303735524415969849e-01
5.951767787337303162e-02
4.257891699671745300e-02
1.820345409214496613e-02
3.169596195220947266e-02
3.865502774715423584e-02
7.862880229949951172e-01
1.344146877527236938e-01
7.333436012268066406e-01
7.770977616310119629e-01
8.896311521530151367e-01
4.488804936408996582e-01
5.162326991558074951e-02
6.397521495819091797e-02
5.979626774787902832e-01
2.395196855068206787e-01
5.663422346115112305e-01
7.008942961692810059e-02
2.259334363043308258e-02
3.639035224914550781e-01
2.783857583999633789e-01
4.684788584709167480e-01
5.539029836654663086e-01
7.501834630966186523e-01
7.528230547904968262e-02
9.668754786252975464e-02
5.659205317497253418e-01
1.896834820508956909e-01
4.945391714572906494e-01
3.385175764560699463e-01
4.730649888515472412e-01
1.266890615224838257e-01
4.124504700303077698e-02
2.963057756423950195e-01
1.141439378261566162e-01
2.727359533309936523e-01
2.250535935163497925e-01
2.951142191886901855e-02
3.331213817000389099e-02
8.864136338233947754e-01
3.046938776969909668e-01
9.456830471754074097e-02
8.344562649726867676e-01
3.077521175146102905e-02
2.961695194244384766e-01
6.615622639656066895e-01
1.352208200842142105e-02
6.286308914422988892e-02
3.736135661602020264e-01
6.448966264724731445e-01
8.400245904922485352e-01
1.851558983325958252e-01
5.271176621317863464e-02
1.494515687227249146e-01
7.993016391992568970e-02
7.787248492240905762e-02
8.643158674240112305e-01
1.208375319838523865e-01
7.910999059677124023e-01
2.326818853616714478e-01
6.659019589424133301e-01
6.872956156730651855e-01
8.260097503662109375e-01
3.629900515079498291e-01
6.014022827148437500e-01
5.630341544747352600e-02
6.478379368782043457e-01
6.555382013320922852e-01
3.370257914066314697e-01
5.005256533622741699e-01
1.943675875663757324e-01
3.315547853708267212e-02
5.891131162643432617e-01
4.721422493457794189e-01
5.364245772361755371e-01
2.375770956277847290e-01
4.472163319587707520e-02
1.540650427341461182e-01
1.076588183641433716e-01
2.791498303413391113e-01
1.190834641456604004e-01
9.903220087289810181e-02
2.409667521715164185e-01
1.050481498241424561e-01
3.959485292434692383e-01
7.443338036537170410e-01
6.513859629631042480e-01
8.050981163978576660e-01
3.311657607555389404e-01
4.976578354835510254e-01
6.985544562339782715e-01
3.371886014938354492e-01
4.149915575981140137e-01
3.622636198997497559e-01
1.725754290819168091e-01
7.212464809417724609e-01
7.792792469263076782e-02
2.082185074687004089e-02
3.279789090156555176e-01
6.797878146171569824e-01
2.289569936692714691e-02
8.552263379096984863e-01
4.503183066844940186e-01
4.336541146039962769e-02
7.084392309188842773e-01
3.843253552913665771e-01
2.230989784002304077e-01
2.920659445226192474e-02
1.663098931312561035e-01
4.790447354316711426e-01
1.748708188533782959e-01
9.104572981595993042e-02
3.966622948646545410e-01
4.969912469387054443e-01
5.871090292930603027e-01
5.228785276412963867e-01
3.686534985899925232e-02
7.963300347328186035e-01
1.245753914117813110e-01
5.190235972404479980e-01
4.379864931106567383e-01
7.375599741935729980e-01
7.083091884851455688e-02
2.227459549903869629e-01
5.715828537940979004e-01
2.950445376336574554e-02
2.689512073993682861e-02
7.965791225433349609e-02
7.863043546676635742e-01
2.232148349285125732e-01
7.961186170578002930e-01
8.690755963325500488e-01
7.557186484336853027e-01
3.930871933698654175e-02
9.139886498451232910e-01
4.599913358688354492e-01
6.722988933324813843e-02
3.690705075860023499e-02
3.701721131801605225e-01
6.838846802711486816e-01
2.419455349445343018e-01
1.427928172051906586e-02
5.012200474739074707e-01
7.205860018730163574e-01
7.742300629615783691e-01
4.541213437914848328e-02
8.439224958419799805e-01
9.217025041580200195e-01
7.428942918777465820e-01
2.408020496368408203e-01
5.650792643427848816e-02
8.154401928186416626e-02
6.835123300552368164e-01
5.117607712745666504e-01
1.317630410194396973e-01
5.737587809562683105e-01
7.287201285362243652e-01
7.891799211502075195e-01
4.046010598540306091e-02
7.859699130058288574e-01
7.059859037399291992e-01
3.529113829135894775e-01
8.636534214019775391e-01
8.749915361404418945e-01
3.086397349834442139e-01
5.272092223167419434e-01
5.540355443954467773e-01
1.645133495330810547e-01
7.373329997062683105e-01
1.677915155887603760e-01
3.201142251491546631e-01
2.796569466590881348e-01
5.148120969533920288e-02
8.931815028190612793e-01
2.432616613805294037e-02
6.819577813148498535e-01
5.539850592613220215e-01
1.521135270595550537e-01
2.246870845556259155e-01
3.739785030484199524e-02
2.360316365957260132e-02
3.041817247867584229e-02
4.466153383255004883e-01
7.164418101310729980e-01
1.408270597457885742e-01
7.419388294219970703e-01
1.713201105594635010e-01
6.180102825164794922e-01
4.161152243614196777e-01
1.744215041399002075e-01
3.488849401473999023e-01
5.660517811775207520e-01
2.844334542751312256e-01
3.040664494037628174e-01
2.840481698513031006e-01
7.192547917366027832e-01
7.313670516014099121e-01
8.521925806999206543e-01
4.745102226734161377e-01
5.366868972778320312e-01
6.210222244262695312e-01
6.987648457288742065e-02
7.996807098388671875e-01
4.782469198107719421e-02
7.837160825729370117e-01
2.089535295963287354e-01
1.673547774553298950e-01
9.016414880752563477e-01
3.087961375713348389e-01
5.874425768852233887e-01
5.461743474006652832e-01
2.798105478286743164e-01
1.677689142525196075e-02
3.311525583267211914e-01
4.849306046962738037e-01
4.040211811661720276e-02
1.312470734119415283e-01
4.081864655017852783e-01
7.133800983428955078e-01
3.110756576061248779e-01
9.131015092134475708e-02
2.112673595547676086e-02
1.457303911447525024e-01
8.490027189254760742e-01
2.620374858379364014e-01
6.112723052501678467e-02
8.477281332015991211e-01
4.974251687526702881e-01
4.601448774337768555e-02
3.669287562370300293e-01
2.071565836668014526e-01
6.770429015159606934e-02
4.292436316609382629e-02
5.268781781196594238e-01
7.995210289955139160e-01
3.846705257892608643e-01
3.561061024665832520e-01
1.020268350839614868e-01
1.728489547967910767e-01
3.289245069026947021e-02
5.792846679687500000e-01
3.551472127437591553e-01
8.597600460052490234e-01
7.650020122528076172e-01
2.319027185440063477e-01
5.738341063261032104e-02
6.213085651397705078e-01
3.002168238162994385e-01
7.425884604454040527e-01
8.457548022270202637e-01
4.983683526515960693e-01
4.577602148056030273e-01
1.833829283714294434e-01
3.406040742993354797e-02
6.848320364952087402e-02
3.392356634140014648e-02
2.186959236860275269e-02
1.507447063922882080e-01
3.360938429832458496e-01
4.217974096536636353e-02
2.416148036718368530e-01
8.057764768600463867e-01
3.646650314331054688e-01
4.650994762778282166e-02
3.152224421501159668e-01
4.303707778453826904e-01
6.361945718526840210e-02
4.067494273185729980e-01
3.706907331943511963e-01
3.121558427810668945e-01
7.820787429809570312e-01
3.045307099819183350e-02
2.731463015079498291e-01
5.251287817955017090e-01
2.265996336936950684e-01
7.440655827522277832e-01
3.742188587784767151e-02
2.203976549208164215e-02
7.580983638763427734e-02
1.466095447540283203e-01
3.389283418655395508e-01
7.888389378786087036e-02
7.771097421646118164e-01
1.010129973292350769e-01
1.551170647144317627e-01
1.456507742404937744e-01
4.782205447554588318e-02
6.786538362503051758e-01
3.533889949321746826e-01
1.434273123741149902e-01
5.720921158790588379e-01
1.907839179039001465e-01
3.063802719116210938e-01
9.027773737907409668e-01
2.658237516880035400e-01
1.907615661621093750e-01
4.584170281887054443e-01
9.910532087087631226e-02
4.531831741333007812e-01
1.560529470443725586e-01
1.981218345463275909e-02
9.103304892778396606e-02
1.709079444408416748e-01
1.365144699811935425e-01
8.351536989212036133e-01
1.110762804746627808e-01
3.486095741391181946e-02
3.257561475038528442e-02
7.832054495811462402e-01
4.380502998828887939e-01
3.500206768512725830e-01
1.140238419175148010e-01
5.549196600914001465e-01
2.316458076238632202e-01
2.531871795654296875e-01
6.081046462059020996e-01
2.243156731128692627e-02
5.117762833833694458e-02
7.368282228708267212e-02
3.930828720331192017e-02
7.056039571762084961e-02
5.725500732660293579e-02
5.706886053085327148e-01
3.714460134506225586e-01
7.085852622985839844e-01
2.356855869293212891e-01
4.759784340858459473e-01
9.669111669063568115e-02
6.010430455207824707e-01
4.459752440452575684e-01
8.279500603675842285e-01
7.135337591171264648e-01
7.581773400306701660e-01
5.472308397293090820e-01
4.985862672328948975e-01
2.078772336244583130e-01
1.679107397794723511e-01
1.741901412606239319e-02
4.433162808418273926e-01
5.440279245376586914e-01
7.436719536781311035e-01
2.212719805538654327e-02
2.644037902355194092e-01
1.642258316278457642e-01
3.227391839027404785e-01
8.633833378553390503e-02
2.142092585563659668e-02
5.683140754699707031e-01
6.403574943542480469e-01
1.377026736736297607e-02
1.014865711331367493e-01
4.855843782424926758e-01
3.070915862917900085e-02
1.217978820204734802e-01
4.157380759716033936e-01
1.302387863397598267e-01
8.657177537679672241e-02
4.487986117601394653e-02
7.737119793891906738e-01
6.290006637573242188e-01
1.665450036525726318e-01
2.900021672248840332e-01
5.443404316902160645e-01
4.817588627338409424e-02
6.599944829940795898e-01
4.357655048370361328e-01
2.203253656625747681e-01
3.684987127780914307e-02
1.961067132651805878e-02
6.312175989151000977e-01
1.236978173255920410e-01
5.899268984794616699e-01
4.035170376300811768e-02
8.368271589279174805e-01
8.322823047637939453e-02
2.614628709852695465e-02
2.791890203952789307e-01
7.933146357536315918e-01
5.308822393417358398e-01
6.881343573331832886e-02
4.862034693360328674e-02
4.719997942447662354e-01
4.006431698799133301e-01
1.897703409194946289e-01
5.548769235610961914e-02
3.506362140178680420e-01
3.250930011272430420e-01
2.729538977146148682e-01
3.256688639521598816e-02
1.027531921863555908e-01
1.887062750756740570e-02
1.146685779094696045e-01
9.052138924598693848e-01
4.806127250194549561e-01
2.986804023385047913e-02
9.313474297523498535e-01
8.507037162780761719e-02
5.218922495841979980e-01
2.217816375195980072e-02
7.658106088638305664e-01
6.924277544021606445e-01
6.595730036497116089e-02
7.077490091323852539e-01
8.209177255630493164e-01
5.826160311698913574e-01
1.513234898447990417e-02
6.448725461959838867e-01
4.588410258293151855e-01
1.707285195589065552e-01
3.205059468746185303e-01
3.862684592604637146e-02
9.652695804834365845e-02
2.847647666931152344e-01
5.823361873626708984e-02
8.559123426675796509e-02
4.045449197292327881e-01
3.242151066660881042e-02
1.924977600574493408e-01
4.108764603734016418e-02
6.771917343139648438e-01
5.167645215988159180e-01
2.673970162868499756e-01
7.142732292413711548e-02
2.820579409599304199e-01
1.278329491615295410e-01
2.691099047660827637e-01
7.307456731796264648e-01
3.252063319087028503e-02
7.729061841964721680e-01
8.421866893768310547e-01
3.407263755798339844e-01
1.994881220161914825e-02
4.938659667968750000e-01
1.511538326740264893e-01
6.764560341835021973e-01
4.466085508465766907e-02
2.253188043832778931e-01
1.727996766567230225e-01
7.774081826210021973e-01
3.683252036571502686e-01
5.273476839065551758e-01
1.907615661621093750e-01
4.716672599315643311e-01
5.140570402145385742e-01
1.845036894083023071e-01
2.189568132162094116e-01
3.145180940628051758e-01
6.188412308692932129e-01
2.442625164985656738e-01
4.233877062797546387e-01
5.667113065719604492e-01
2.691637165844440460e-02
1.933192908763885498e-01
8.731511235237121582e-01
9.233669936656951904e-02
8.036988377571105957e-01
1.727726161479949951e-01
7.986103743314743042e-02
2.125020325183868408e-01
3.229453042149543762e-02
6.185424923896789551e-01
3.712429404258728027e-01
1.543668955564498901e-01
6.314461231231689453e-01
8.359927535057067871e-01
9.077755808830261230e-01
9.232690930366516113e-01
6.371463835239410400e-02
2.767826318740844727e-01
3.008957207202911377e-01
3.185495138168334961e-01
8.767569661140441895e-01
3.968826234340667725e-01
4.252587854862213135e-01
1.786934137344360352e-01
8.158952742815017700e-02
7.583183050155639648e-01
1.540108583867549896e-02
2.020805925130844116e-01
6.300839185714721680e-01
7.171044498682022095e-02
3.907871991395950317e-02
2.120526134967803955e-01
1.919067502021789551e-01
8.860902190208435059e-01
3.223557770252227783e-02
1.444561872631311417e-02
1.018760129809379578e-01
7.057822346687316895e-01
8.774814009666442871e-01
1.581129617989063263e-02
4.913806021213531494e-01
2.159734070301055908e-02
6.476374268531799316e-01
3.791824579238891602e-01
7.776681184768676758e-01
6.209646463394165039e-01
8.169700205326080322e-02
3.804471790790557861e-01
7.929291129112243652e-01
1.396344136446714401e-02
1.888366788625717163e-02
6.369134187698364258e-01
1.961597986519336700e-02
2.332323491573333740e-01
3.844558298587799072e-01
7.248282432556152344e-01
1.602771133184432983e-02
5.887998342514038086e-01
1.466300338506698608e-01
9.849940240383148193e-02
4.207885265350341797e-02
3.990480601787567139e-01
8.057364821434020996e-01
5.129152536392211914e-01
8.350512981414794922e-01
2.536237835884094238e-01
2.442563474178314209e-01
1.553156524896621704e-01
2.940845489501953125e-01
5.958501994609832764e-02
5.191173776984214783e-02
3.202228620648384094e-02
8.025367856025695801e-01
7.899863719940185547e-01
6.752806305885314941e-01
1.509676128625869751e-01
5.825684666633605957e-01
3.295003995299339294e-02
6.416103988885879517e-02
8.447241187095642090e-01
1.369257569313049316e-01
9.734632819890975952e-02
5.427368730306625366e-02
5.647299438714981079e-02
2.185225673019886017e-02
1.592859476804733276e-01
7.856243848800659180e-01
4.299145638942718506e-01
2.526939474046230316e-02
1.667917519807815552e-01
1.689540147781372070e-01
5.482153296470642090e-01
2.199597842991352081e-02
2.033458650112152100e-01
6.225879788398742676e-01
8.898055553436279297e-01
1.686333715915679932e-01
2.796287462115287781e-02
2.911053895950317383e-01
5.467483997344970703e-01
4.468347728252410889e-01
4.134003072977066040e-02
4.765865802764892578e-01
8.485621809959411621e-01
5.658077597618103027e-01
6.551411151885986328e-01
1.370737999677658081e-01
6.336120516061782837e-02
7.998569011688232422e-01
4.526807963848114014e-01
3.065972328186035156e-01
2.967336773872375488e-01
5.557411313056945801e-01
1.113202422857284546e-01
4.728157073259353638e-02
3.833121061325073242e-02
3.833366334438323975e-01
2.323951572179794312e-01
1.772628352046012878e-02
2.228872627019882202e-01
6.039910316467285156e-01
2.390201687812805176e-01
7.263392210006713867e-01
1.966171413660049438e-01
4.534812271595001221e-01
2.191586643457412720e-01
1.062763780355453491e-01
8.314710855484008789e-01
9.110778570175170898e-01
2.066135406494140625e-02
9.038429260253906250e-01
8.746331334114074707e-01
7.446303963661193848e-01
1.021890789270401001e-01
6.851863861083984375e-01
1.070017516613006592e-01
4.505960047245025635e-01
7.125377058982849121e-01
7.455367445945739746e-01
8.025367259979248047e-01
1.817062944173812866e-01
2.066576778888702393e-01
3.842961192131042480e-01
6.513375639915466309e-01
4.129891693592071533e-01
2.957381904125213623e-01
5.108071565628051758e-01
6.891323924064636230e-01
5.104133486747741699e-01
3.118553757667541504e-01
5.198149085044860840e-01
1.532139927148818970e-01
3.441784679889678955e-01
7.060621380805969238e-01
6.926066875457763672e-01
2.514839544892311096e-02
2.897194921970367432e-01
3.639919683337211609e-02
5.957551598548889160e-01
7.700130343437194824e-01
3.561471998691558838e-01
7.235763967037200928e-02
7.486750930547714233e-02
4.014522433280944824e-01
9.223784804344177246e-01
6.024646759033203125e-01
7.971136569976806641e-01
2.230547741055488586e-02
1.883801259100437164e-02
1.803929172456264496e-02
8.749368190765380859e-01
2.544752657413482666e-01
7.943579554557800293e-01
6.667020320892333984e-01
4.615889787673950195e-01
5.419219285249710083e-02
2.223516628146171570e-02
6.792541146278381348e-01
8.863148093223571777e-01
2.300543338060379028e-02
1.004425585269927979e-01
8.731863498687744141e-01
1.889757364988327026e-01
2.115624956786632538e-02
2.005584686994552612e-01
3.508327156305313110e-02
1.859684586524963379e-01
2.603937089443206787e-01
4.670287668704986572e-01
4.115910828113555908e-02
1.414763033390045166e-01
5.059119686484336853e-02
1.880499571561813354e-01
6.272006034851074219e-01
2.490337491035461426e-01
1.008426472544670105e-01
6.454244256019592285e-02
1.595191359519958496e-01
4.307511076331138611e-02
2.958043515682220459e-01
5.321103334426879883e-02
1.029062792658805847e-01
9.589212387800216675e-02
4.195256233215332031e-01
9.002702832221984863e-01
1.078665256500244141e-01
3.207428157329559326e-01
2.356995828449726105e-02
2.670663297176361084e-01
3.219150900840759277e-01
1.804853975772857666e-01
3.656022548675537109e-01
8.699908256530761719e-01
9.467089921236038208e-02
2.395142465829849243e-01
2.390154823660850525e-02
5.091224983334541321e-02
8.808332681655883789e-02
4.077408015727996826e-01
4.609370529651641846e-01
4.636937677860260010e-01
8.268280625343322754e-01
5.744911432266235352e-01
4.165613651275634766e-01
4.959472715854644775e-01
1.744469255208969116e-01
6.751939058303833008e-01
4.397203028202056885e-02
1.657647266983985901e-02
8.671515583992004395e-01
7.661921381950378418e-01
7.084434032440185547e-01
5.311156511306762695e-01
3.295283392071723938e-02
4.855917990207672119e-01
8.337584882974624634e-02
2.721381485462188721e-01
7.413038015365600586e-01
1.690563000738620758e-02
3.974806517362594604e-02
5.002567172050476074e-02
1.632403284311294556e-01
7.827721834182739258e-01
5.947084426879882812e-01
4.201655089855194092e-01
2.522379532456398010e-02
8.386120796203613281e-01
7.997072339057922363e-01
8.100787550210952759e-02
8.450328111648559570e-01
5.210693478584289551e-01
6.148282885551452637e-01
5.420617759227752686e-02
8.546591997146606445e-01
3.180021345615386963e-01
7.232891768217086792e-02
7.912841439247131348e-01
3.258629441261291504e-01
6.399565339088439941e-01
2.638676762580871582e-01
4.556926786899566650e-01
5.571247935295104980e-01
6.000797748565673828e-01
5.037382245063781738e-01
8.703860044479370117e-01
1.295289546251296997e-01
3.608137071132659912e-01
1.657093130052089691e-02
7.795853614807128906e-01
1.093518882989883423e-01
2.268296480178833008e-02
7.926898002624511719e-01
5.774374604225158691e-01
6.286696195602416992e-01
4.682373628020286560e-02
5.472269058227539062e-01
5.464978218078613281e-01
7.451254129409790039e-01
4.106009900569915771e-01
8.247143030166625977e-01
4.018879681825637817e-02
4.852942526340484619e-01
2.325497753918170929e-02
7.841372489929199219e-01
5.471869930624961853e-02
4.653263688087463379e-01
4.243253469467163086e-01
3.891250193119049072e-01
4.094235897064208984e-01
1.394413262605667114e-01
3.363437950611114502e-01
7.645702362060546875e-01
3.399078845977783203e-01
5.551047325134277344e-01
2.746355161070823669e-02
4.477154612541198730e-01
8.254063725471496582e-01
4.843731224536895752e-01
1.988702118396759033e-01
3.655497431755065918e-01
4.751663655042648315e-02
1.155880913138389587e-01
3.456601873040199280e-02
3.036347329616546631e-01
9.039935469627380371e-01
4.977044761180877686e-01
8.009893894195556641e-01
1.149130463600158691e-01
7.482413053512573242e-01
2.413071244955062866e-01
3.295740783214569092e-01
3.397696465253829956e-02
1.913872361183166504e-02
3.122347295284271240e-01
8.602706193923950195e-01
7.540163397789001465e-01
4.285186231136322021e-01
1.168524324893951416e-01
7.327128648757934570e-01
8.880090713500976562e-01
6.615574359893798828e-01
1.132165119051933289e-01
4.457747042179107666e-01
6.775811910629272461e-01
5.257890820503234863e-01
7.373419404029846191e-01
2.423479966819286346e-02
8.484637141227722168e-01
8.005205392837524414e-01
2.490494102239608765e-01
8.601580262184143066e-01
6.414490938186645508e-01
2.521574124693870544e-02
4.664297103881835938e-01
3.504685163497924805e-01
7.869373559951782227e-01
6.140042096376419067e-02
4.354046881198883057e-01
4.412454962730407715e-01
2.985644936561584473e-01
7.262456417083740234e-01
7.809807658195495605e-01
6.690552830696105957e-01
2.398977614939212799e-02
2.669046819210052490e-01
6.468465924263000488e-01
2.596194744110107422e-01
4.416657090187072754e-01
1.489830762147903442e-01
3.327269852161407471e-01
5.739158987998962402e-01
6.732094287872314453e-01
1.106696352362632751e-01
1.451420485973358154e-01
1.907615661621093750e-01
1.551249995827674866e-02
2.529854774475097656e-01
2.012395560741424561e-01
8.023319244384765625e-01
3.038858473300933838e-01
1.713920570909976959e-02
3.202458620071411133e-01
6.114324331283569336e-01
7.064864039421081543e-02
3.764674663543701172e-01
1.084182858467102051e-01
5.796668529510498047e-01
3.563390076160430908e-01
2.833983674645423889e-02
3.567125499248504639e-01
2.112996391952037811e-02
4.469111859798431396e-01
2.983477711677551270e-01
8.694472908973693848e-02
2.738612703979015350e-02
3.911064565181732178e-02
3.341954648494720459e-01
8.214782178401947021e-02
4.481437429785728455e-02
2.373604327440261841e-01
3.577313423156738281e-01
5.668267011642456055e-01
4.440049529075622559e-01
8.169741183519363403e-02
7.077904045581817627e-02
5.977797508239746094e-01
5.721310377120971680e-01
2.747908048331737518e-02
9.184682965278625488e-01
7.383055686950683594e-01
3.534127175807952881e-01
2.666153758764266968e-02
3.499445617198944092e-01
1.615986227989196777e-02
3.326106071472167969e-02
1.946190595626831055e-01
5.755748227238655090e-02
5.433555841445922852e-01
8.847878575325012207e-01
8.127869963645935059e-01
9.452250599861145020e-02
1.078860834240913391e-01
7.095613330602645874e-02
3.958456814289093018e-01
6.163259148597717285e-01
2.750922739505767822e-01
6.498567461967468262e-01
4.242565631866455078e-01
9.086906909942626953e-01
5.890161544084548950e-02
3.848222494125366211e-01
8.086305260658264160e-01
3.766047954559326172e-01
8.043442964553833008e-01
5.400448441505432129e-01
4.960323274135589600e-01
8.294863253831863403e-02
8.717256188392639160e-01
7.497010231018066406e-01
2.931977212429046631e-01
7.874207496643066406e-01
3.274262845516204834e-01
7.472789287567138672e-01
1.780208349227905273e-01
7.740530371665954590e-02
1.403282303363084793e-02
4.208612442016601562e-01
2.726496458053588867e-01
2.914808504283428192e-02
7.892704010009765625e-02
8.697891831398010254e-01
3.897950053215026855e-02
2.906791679561138153e-02
2.878979966044425964e-02
1.869917847216129303e-02
1.083044856786727905e-01
3.621349856257438660e-02
2.537901140749454498e-02
4.003327339887619019e-02
6.593087315559387207e-01
2.688835561275482178e-01
7.111628055572509766e-01
7.896993160247802734e-01
8.567803502082824707e-01
2.548088431358337402e-01
1.799223572015762329e-01
4.773087799549102783e-01
7.689071893692016602e-01
3.851595893502235413e-02
5.134179592132568359e-01
5.966191887855529785e-01
1.560959219932556152e-02
8.520103693008422852e-01
1.040607020258903503e-01
5.637381672859191895e-01
3.940916433930397034e-02
2.566325366497039795e-01
4.938052892684936523e-01
7.777484655380249023e-01
6.189727410674095154e-02
4.750288128852844238e-01
5.512157827615737915e-02
3.572241961956024170e-01
3.964498639106750488e-01
1.471516937017440796e-01
5.376565456390380859e-01
2.781281769275665283e-01
1.810170337557792664e-02
2.445543706417083740e-01
1.193987727165222168e-01
5.390636920928955078e-01
7.337543368339538574e-02
8.432677388191223145e-01
7.542915940284729004e-01
9.863360226154327393e-02
