2.544358745217323303e-02
8.096585273742675781e-01
2.621413208544254303e-02
8.786745071411132812e-01
4.742890968918800354e-02
3.720722347497940063e-02
4.096241593360900879e-01
1.220134720206260681e-01
8.935583829879760742e-01
3.695552051067352295e-02
4.332040250301361084e-01
1.924923658370971680e-01
8.946459293365478516e-01
6.735562086105346680e-01
1.533639729022979736e-01
1.052250117063522339e-01
1.135937571525573730e-01
8.506539463996887207e-01
9.472616314888000488e-01
4.215836822986602783e-01
5.966770052909851074e-01
9.471992850303649902e-01
1.183374822139739990e-01
2.408287823200225830e-01
1.875299364328384399e-01
3.217693045735359192e-02
5.710020661354064941e-01
1.069073155522346497e-01
1.737935692071914673e-01
1.804238557815551758e-01
1.845823079347610474e-01
1.955975778400897980e-02
7.526662349700927734e-01
3.159883618354797363e-02
7.371842116117477417e-02
9.609998017549514771e-02
1.748115569353103638e-01
7.607807964086532593e-02
4.685210585594177246e-01
9.443110823631286621e-01
8.917953819036483765e-02
2.240969836711883545e-01
4.958975315093994141e-02
4.361354187130928040e-02
7.207909226417541504e-02
7.285471260547637939e-02
6.805969774723052979e-02
4.819700717926025391e-01
2.508497238159179688e-02
9.223145842552185059e-01
6.408458948135375977e-02
2.458172291517257690e-02
7.976900786161422729e-02
1.699308454990386963e-01
6.955837458372116089e-02
9.565003961324691772e-02
9.316710829734802246e-01
3.163865953683853149e-02
5.675356462597846985e-02
5.300911068916320801e-01
1.657751500606536865e-01
1.387033760547637939e-01
3.412541374564170837e-02
4.562465101480484009e-02
8.210951834917068481e-02
6.912205368280410767e-02
3.976027294993400574e-02
1.690525263547897339e-01
6.131063103675842285e-01
4.356139898300170898e-01
3.486283496022224426e-02
8.113082647323608398e-01
5.833037495613098145e-01
7.145942747592926025e-02
5.638913437724113464e-02
4.096131026744842529e-02
2.737580798566341400e-02
2.420395053923130035e-02
3.565989434719085693e-02
3.678946942090988159e-02
8.829029798507690430e-01
7.959651201963424683e-02
8.831000328063964844e-01
9.065080285072326660e-01
9.454241991043090820e-01
7.452980875968933105e-01
4.577934369444847107e-02
4.536158218979835510e-02
6.915748715400695801e-01
2.727210521697998047e-01
5.947679877281188965e-01
4.476793110370635986e-02
3.739231079816818237e-02
3.938676118850708008e-01
1.189653426408767700e-01
7.347146868705749512e-01
7.891453504562377930e-01
9.211038351058959961e-01
5.790738388895988464e-02
4.265472665429115295e-02
7.828660011291503906e-01
5.936437472701072693e-02
4.435772895812988281e-01
1.424923241138458252e-01
4.001801311969757080e-01
4.201938956975936890e-02
5.277709662914276123e-02
2.029110491275787354e-01
1.653906852006912231e-01
6.503020972013473511e-02
1.634528785943984985e-01
3.159571439027786255e-02
4.060090333223342896e-02
9.528851509094238281e-01
7.603061199188232422e-02
7.253807783126831055e-02
9.286149740219116211e-01
3.035151213407516479e-02
2.441449612379074097e-01
9.117998480796813965e-01
2.119628898799419403e-02
4.934702068567276001e-02
1.835513561964035034e-01
6.809958815574645996e-01
9.405619502067565918e-01
2.882171869277954102e-01
6.322199106216430664e-02
5.854743346571922302e-02
3.897091001272201538e-02
9.749452769756317139e-02
9.458280801773071289e-01
6.114987283945083618e-02
9.271894097328186035e-01
1.735588759183883667e-01
8.568829298019409180e-01
7.688018083572387695e-01
8.986364006996154785e-01
1.869338750839233398e-01
4.893163144588470459e-01
2.925878949463367462e-02
8.127709627151489258e-01
4.167938530445098877e-01
3.884959518909454346e-01
3.934981524944305420e-01
7.984865456819534302e-02
3.120560944080352783e-02
5.800556540489196777e-01
5.858760476112365723e-01
4.545903801918029785e-01
1.024101227521896362e-01
3.233729675412178040e-02
7.074999809265136719e-02
1.113338246941566467e-01
1.442954987287521362e-01
6.917246431112289429e-02
5.954578518867492676e-02
6.893821060657501221e-02
1.478727757930755615e-01
3.048928976058959961e-01
8.290032148361206055e-01
4.725858271121978760e-01
9.268698692321777344e-01
1.376392394304275513e-01
3.689190447330474854e-01
8.554351925849914551e-01
1.460876762866973877e-01
2.382132709026336670e-01
5.639799237251281738e-01
6.132103130221366882e-02
7.201654911041259766e-01
5.337762832641601562e-02
3.081946633756160736e-02
2.876558303833007812e-01
8.980972170829772949e-01
5.159639567136764526e-02
9.517028927803039551e-01
3.893620371818542480e-01
4.595077782869338989e-02
6.776373386383056641e-01
3.682426214218139648e-01
1.067323833703994751e-01
2.962534315884113312e-02
7.498848438262939453e-02
3.858062326908111572e-01
1.874604523181915283e-01
7.450436800718307495e-02
4.894973933696746826e-01
6.467545032501220703e-01
6.045452356338500977e-01
7.348763942718505859e-01
4.422601312398910522e-02
8.769115805625915527e-01
1.603899747133255005e-01
5.591621398925781250e-01
2.519737184047698975e-01
8.476231694221496582e-01
6.167336553335189819e-02
7.740294188261032104e-02
8.169485926628112793e-01
2.640338428318500519e-02
2.775998972356319427e-02
5.542664602398872375e-02
9.240742921829223633e-01
9.042927622795104980e-02
8.634731769561767578e-01
9.344916343688964844e-01
7.991476655006408691e-01
5.809551104903221130e-02
9.494026899337768555e-01
2.211610823869705200e-01
6.043784320354461670e-02
3.028764203190803528e-02
3.459712862968444824e-01
4.628329873085021973e-01
1.309318244457244873e-01
2.136761136353015900e-02
8.578976988792419434e-01
8.804868459701538086e-01
8.913848400115966797e-01
4.348051175475120544e-02
9.398141503334045410e-01
9.494842886924743652e-01
8.712165355682373047e-01
1.117601990699768066e-01
3.946213424205780029e-02
7.350952923297882080e-02
8.367131948471069336e-01
6.421416401863098145e-01
6.794127821922302246e-02
4.709092974662780762e-01
7.114209532737731934e-01
9.112006425857543945e-01
4.818516597151756287e-02
8.926674127578735352e-01
8.163347244262695312e-01
2.998409569263458252e-01
9.233362674713134766e-01
9.443570971488952637e-01
5.021573603153228760e-02
4.370414316654205322e-01
8.462827205657958984e-01
2.046123296022415161e-01
5.788096785545349121e-01
6.865169852972030640e-02
2.417246699333190918e-01
1.172496154904365540e-01
3.892445936799049377e-02
9.474654197692871094e-01
3.140305355191230774e-02
9.071798920631408691e-01
4.623382687568664551e-01
1.549282222986221313e-01
1.117375716567039490e-01
3.659439086914062500e-02
2.893732674419879913e-02
3.309296816587448120e-02
1.656616330146789551e-01
7.920258045196533203e-01
1.012171655893325806e-01
8.583035469055175781e-01
6.712020188570022583e-02
7.718733549118041992e-01
1.828631758689880371e-01
1.056493595242500305e-01
3.621413111686706543e-01
7.277925014495849609e-01
1.291387528181076050e-01
3.884539604187011719e-01
4.193660244345664978e-02
8.611384630203247070e-01
8.581252098083496094e-01
9.388058781623840332e-01
3.837507963180541992e-01
6.428294181823730469e-01
5.480151176452636719e-01
4.371558502316474915e-02
8.673816323280334473e-01
3.238272294402122498e-02
9.185934066772460938e-01
1.048995405435562134e-01
1.333994120359420776e-01
9.452055096626281738e-01
1.437428444623947144e-01
6.513006687164306641e-01
5.363873243331909180e-01
1.882708370685577393e-01
2.671158313751220703e-02
1.109408065676689148e-01
6.432934403419494629e-01
4.991081357002258301e-02
3.359011560678482056e-02
5.644934177398681641e-01
7.510086297988891602e-01
1.641403138637542725e-01
5.061905831098556519e-02
2.502185665071010590e-02
7.459045946598052979e-02
9.031133651733398438e-01
6.146928071975708008e-01
3.611169382929801941e-02
9.267970919609069824e-01
6.309545636177062988e-01
3.157486394047737122e-02
2.203029096126556396e-01
1.610709130764007568e-01
4.096455872058868408e-02
4.849140346050262451e-02
6.303974986076354980e-01
9.291036128997802734e-01
4.655083715915679932e-01
2.787529826164245605e-01
6.224468722939491272e-02
3.381301835179328918e-02
4.080360755324363708e-02
6.180991530418395996e-01
3.147518634796142578e-01
9.402411580085754395e-01
9.169247746467590332e-01
1.129725649952888489e-01
4.687962308526039124e-02
6.725909113883972168e-01
3.562958240509033203e-01
6.876035332679748535e-01
9.406571388244628906e-01
3.596805930137634277e-01
7.274261116981506348e-01
1.273630708456039429e-01
3.697450459003448486e-02
3.882196545600891113e-02
3.146588057279586792e-02
3.428797423839569092e-02
1.678756475448608398e-01
2.608813047409057617e-01
3.399737179279327393e-02
8.755145967006683350e-02
9.243648052215576172e-01
1.116535738110542297e-01
5.349628999829292297e-02
3.183815181255340576e-01
2.754085958003997803e-01
3.944541141390800476e-02
3.544969856739044189e-01
6.670750975608825684e-01
1.791038364171981812e-01
9.267209768295288086e-01
3.831253945827484131e-02
1.762675344944000244e-01
4.572410285472869873e-01
1.093873381614685059e-01
9.000155329704284668e-01
3.427344188094139099e-02
2.459217049181461334e-02
7.775557041168212891e-02
8.779525011777877808e-02
3.156204521656036377e-01
5.254258215427398682e-02
8.145985603332519531e-01
7.312839478254318237e-02
8.334258943796157837e-02
2.437128573656082153e-01
3.808725625276565552e-02
6.562279462814331055e-01
1.524651646614074707e-01
2.954920232295989990e-01
7.362998127937316895e-01
3.360290229320526123e-01
3.032314479351043701e-01
9.468675255775451660e-01
1.695625185966491699e-01
2.329351603984832764e-01
2.971959114074707031e-01
3.819888830184936523e-02
3.478920459747314453e-01
1.891378909349441528e-01
2.534990198910236359e-02
6.109735369682312012e-02
1.282859146595001221e-01
3.038390353322029114e-02
9.340117573738098145e-01
6.787427514791488647e-02
3.937787562608718872e-02
3.449142351746559143e-02
9.273892045021057129e-01
2.968728244304656982e-01
2.292268574237823486e-01
4.564415290951728821e-02
3.152722120285034180e-01
3.463969528675079346e-01
9.877777099609375000e-02
4.689049422740936279e-01
2.759410440921783447e-02
4.443516582250595093e-02
4.803649708628654480e-02
3.606393560767173767e-02
4.461308941245079041e-02
4.200803488492965698e-02
5.759099125862121582e-01
2.000183314085006714e-01
8.010401129722595215e-01
1.449720263481140137e-01
2.973001599311828613e-01
6.390092521905899048e-02
5.926643610000610352e-01
3.036461770534515381e-01
9.389597177505493164e-01
7.235383987426757812e-01
8.494908809661865234e-01
5.440210103988647461e-01
3.379170298576354980e-01
7.935278862714767456e-02
1.183759421110153198e-01
2.603086084127426147e-02
3.015968799591064453e-01
6.739258766174316406e-01
8.807186484336853027e-01
2.516750991344451904e-02
4.374987483024597168e-01
2.089952379465103149e-01
5.376177653670310974e-02
4.963180422782897949e-02
3.028715960681438446e-02
5.319327116012573242e-01
7.880614995956420898e-01
2.121852338314056396e-02
3.791824355721473694e-02
4.392313063144683838e-01
3.559769317507743835e-02
1.501250565052032471e-01
3.284528553485870361e-01
1.115915104746818542e-01
4.241799190640449524e-02
2.473521418869495392e-02
9.042252302169799805e-01
7.495886683464050293e-01
5.242166668176651001e-02
1.005314514040946960e-01
3.969452083110809326e-01
4.017701745033264160e-02
7.602353692054748535e-01
5.389592051506042480e-01
1.927408277988433838e-01
2.419834211468696594e-02
2.908929437398910522e-02
7.699651122093200684e-01
5.250605195760726929e-02
7.479449510574340820e-01
3.479792550206184387e-02
8.938812613487243652e-01
5.080344900488853455e-02
2.391068637371063232e-02
1.514507234096527100e-01
9.397518038749694824e-01
6.260396242141723633e-01
6.383182853460311890e-02
4.422107338905334473e-02
3.581281602382659912e-01
2.843294739723205566e-01
1.670843511819839478e-01
3.322772681713104248e-02
2.229384332895278931e-01
2.444914132356643677e-01
1.977484077215194702e-01
3.330786153674125671e-02
3.685297816991806030e-02
2.852161601185798645e-02
6.455656141042709351e-02
9.277194142341613770e-01
7.127285599708557129e-01
7.481604069471359253e-02
9.533572793006896973e-01
4.580321162939071655e-02
5.345666408538818359e-01
2.705768868327140808e-02
8.923289775848388672e-01
7.016283273696899414e-01
3.816561400890350342e-02
8.307688832283020020e-01
9.283338189125061035e-01
2.613923847675323486e-01
2.146999537944793701e-02
7.425607442855834961e-01
2.743501365184783936e-01
7.354777306318283081e-02
1.673492789268493652e-01
4.365239664912223816e-02
4.874035716056823730e-02
1.750771850347518921e-01
5.703968927264213562e-02
3.079992346465587616e-02
6.292101144790649414e-01
3.081060200929641724e-02
1.112711429595947266e-01
3.939050436019897461e-02
7.912433743476867676e-01
8.709225058555603027e-01
1.001402437686920166e-01
6.395898014307022095e-02
3.757458627223968506e-01
6.875200569629669189e-02
1.472233831882476807e-01
8.096785545349121094e-01
3.211167827248573303e-02
8.279772996902465820e-01
9.423265457153320312e-01
3.125627934932708740e-01
3.350600600242614746e-02
7.941667437553405762e-01
6.491440534591674805e-02
7.276414036750793457e-01
4.047053679823875427e-02
1.101803779602050781e-01
1.072369441390037537e-01
9.107843637466430664e-01
2.114868909120559692e-01
6.971568465232849121e-01
2.329351603984832764e-01
4.704298973083496094e-01
5.174020528793334961e-01
1.023974567651748657e-01
9.941610693931579590e-02
2.517645657062530518e-01
5.228546857833862305e-01
6.057774275541305542e-02
3.405784964561462402e-01
8.674699664115905762e-01
3.368158638477325439e-02
5.903168767690658569e-02
9.201706647872924805e-01
4.685484990477561951e-02
9.229214191436767578e-01
9.783659130334854126e-02
1.158922314643859863e-01
1.100657582283020020e-01
3.267544135451316833e-02
9.262890815734863281e-01
5.065012574195861816e-01
7.012776285409927368e-02
9.027981162071228027e-01
9.284735321998596191e-01
9.450722932815551758e-01
9.490380287170410156e-01
3.078363649547100067e-02
2.640209197998046875e-01
1.805906891822814941e-01
1.517266631126403809e-01
9.438914656639099121e-01
3.989853262901306152e-01
4.123339653015136719e-01
1.088725030422210693e-01
3.961018845438957214e-02
9.352651238441467285e-01
2.144360356032848358e-02
7.326591014862060547e-02
7.760840058326721191e-01
4.924686625599861145e-02
4.492373391985893250e-02
2.230628132820129395e-01
2.157140523195266724e-01
9.452618360519409180e-01
2.831050381064414978e-02
2.321380749344825745e-02
2.222012430429458618e-01
7.901352047920227051e-01
9.454097151756286621e-01
2.597657218575477600e-02
5.623266100883483887e-01
2.785072103142738342e-02
7.709296345710754395e-01
2.874864041805267334e-01
8.811757564544677734e-01
8.274681568145751953e-01
6.291327625513076782e-02
1.572408527135848999e-01
9.193925857543945312e-01
2.027266845107078552e-02
2.637575939297676086e-02
7.489600777626037598e-01
2.584976330399513245e-02
9.199911355972290039e-02
1.245061978697776794e-01
6.348176598548889160e-01
2.484829723834991455e-02
7.019259929656982422e-01
8.376989513635635376e-02
7.830644398927688599e-02
2.429212443530559540e-02
3.704598546028137207e-01
9.237856864929199219e-01
9.052414298057556152e-01
9.177339076995849609e-01
1.294416934251785278e-01
3.503991067409515381e-01
1.091809794306755066e-01
1.543339788913726807e-01
7.502947002649307251e-02
5.477124452590942383e-02
2.546856366097927094e-02
9.296959042549133301e-01
9.049633741378784180e-01
9.401144385337829590e-01
1.110318750143051147e-01
4.775776863098144531e-01
4.527490213513374329e-02
4.504026100039482117e-02
9.338679313659667969e-01
3.297469913959503174e-01
1.098307222127914429e-01
3.581460937857627869e-02
3.011552616953849792e-02
2.628443203866481781e-02
7.671479135751724243e-02
9.277993440628051758e-01
3.996298611164093018e-01
3.132657334208488464e-02
1.070284023880958557e-01
2.493599355220794678e-01
7.015688419342041016e-01
2.614376507699489594e-02
1.845927238464355469e-01
6.161094903945922852e-01
9.487861990928649902e-01
9.034793078899383545e-02
4.133479669690132141e-02
1.907093077898025513e-01
5.206456184387207031e-01
6.094871163368225098e-01
3.207969665527343750e-02
4.165116548538208008e-01
9.446099996566772461e-01
8.176645636558532715e-01
6.296310424804687500e-01
1.367745250463485718e-01
5.007121711969375610e-02
9.297414422035217285e-01
3.955338299274444580e-01
3.392667472362518311e-01
2.677240371704101562e-01
6.757691502571105957e-01
5.487303063273429871e-02
3.268953040242195129e-02
3.471561148762702942e-02
1.651480495929718018e-01
2.538874447345733643e-01
2.339693903923034668e-02
1.483327746391296387e-01
6.214753985404968262e-01
1.288534402847290039e-01
8.413648605346679688e-01
1.693962812423706055e-01
2.542811334133148193e-01
1.892405301332473755e-01
4.493451863527297974e-02
7.765923142433166504e-01
9.434680938720703125e-01
2.302453480660915375e-02
9.451446533203125000e-01
9.438533186912536621e-01
8.906813263893127441e-01
9.926906973123550415e-02
8.351199626922607422e-01
3.689177334308624268e-02
2.657456696033477783e-01
8.344948887825012207e-01
9.094086289405822754e-01
9.074912667274475098e-01
9.333564341068267822e-02
5.832829326391220093e-02
3.247815072536468506e-01
5.243837833404541016e-01
2.682875990867614746e-01
1.509158611297607422e-01
5.534191727638244629e-01
6.495475769042968750e-01
2.755156457424163818e-01
3.166643381118774414e-01
6.167675256729125977e-01
6.270031630992889404e-02
7.331938147544860840e-01
4.551253318786621094e-01
7.655374407768249512e-01
2.668683230876922607e-02
6.996756047010421753e-02
2.853463403880596161e-02
6.298370361328125000e-01
8.981099128723144531e-01
4.169749319553375244e-01
5.930747091770172119e-02
3.597523644566535950e-02
4.803042709827423096e-01
9.489369988441467285e-01
4.742512404918670654e-01
8.516516685485839844e-01
2.762711606919765472e-02
2.239673957228660583e-02
2.613158710300922394e-02
9.461973309516906738e-01
2.034743726253509521e-01
7.745255231857299805e-01
5.393965840339660645e-01
6.037510633468627930e-01
2.816047705709934235e-02
2.415022067725658417e-02
8.763965964317321777e-01
9.334843754768371582e-01
2.912216074764728546e-02
5.612127110362052917e-02
9.423356652259826660e-01
8.344443887472152710e-02
2.884300425648689270e-02
6.539163738489151001e-02
3.937146440148353577e-02
1.523023098707199097e-01
9.804299473762512207e-02
5.676954984664916992e-01
5.098488181829452515e-02
4.940926283597946167e-02
5.403521656990051270e-02
2.228163778781890869e-01
7.300864458084106445e-01
3.170271217823028564e-01
8.971199393272399902e-02
4.444351792335510254e-02
5.454308539628982544e-02
2.639082260429859161e-02
1.031056717038154602e-01
4.608342796564102173e-02
5.056285858154296875e-02
3.479283303022384644e-02
1.585492640733718872e-01
9.473322629928588867e-01
3.973584622144699097e-02
2.932278811931610107e-01
2.813945338129997253e-02
5.593335032463073730e-01
2.785018086433410645e-01
1.462493091821670532e-01
3.113245069980621338e-01
9.403162002563476562e-01
6.961459666490554810e-02
9.763932973146438599e-02
2.200909145176410675e-02
4.694590345025062561e-02
6.068262457847595215e-02
5.845479369163513184e-01
3.398956954479217529e-01
2.606533765792846680e-01
9.320898056030273438e-01
5.223238468170166016e-01
5.524774193763732910e-01
5.457997918128967285e-01
8.118830621242523193e-02
8.903546333312988281e-01
4.056088626384735107e-02
2.116915583610534668e-02
9.430944323539733887e-01
9.271531105041503906e-01
7.789691090583801270e-01
5.138883590698242188e-01
3.184773027896881104e-02
4.903346598148345947e-01
5.242159217596054077e-02
7.259161770343780518e-02
7.462551593780517578e-01
2.449218370020389557e-02
3.215970844030380249e-02
4.036186262965202332e-02
1.498235464096069336e-01
9.181855320930480957e-01
3.657632768154144287e-01
4.496148526668548584e-01
3.092101030051708221e-02
9.264245033264160156e-01
9.251745939254760742e-01
7.147215306758880615e-02
9.464792013168334961e-01
2.796209454536437988e-01
7.005935907363891602e-01
2.989017032086849213e-02
9.393926262855529785e-01
1.987083256244659424e-01
6.266658008098602295e-02
9.179427623748779297e-01
1.705752462148666382e-01
8.458005189895629883e-01
9.925272315740585327e-02
3.141184151172637939e-01
4.224438071250915527e-01
4.176646769046783447e-01
4.845626950263977051e-01
9.423372745513916016e-01
9.387414157390594482e-02
1.957478523254394531e-01
2.367554232478141785e-02
8.780266046524047852e-01
6.563831120729446411e-02
2.719849348068237305e-02
9.237877726554870605e-01
7.621068954467773438e-01
8.487702012062072754e-01
6.895036250352859497e-02
7.028980851173400879e-01
5.950780510902404785e-01
9.293314218521118164e-01
3.292874097824096680e-01
9.372699260711669922e-01
2.586568892002105713e-02
5.532486438751220703e-01
2.837993949651718140e-02
8.950381278991699219e-01
3.318200260400772095e-02
7.963925600051879883e-01
5.667448639869689941e-01
4.518211781978607178e-01
6.514282226562500000e-01
4.782266169786453247e-02
8.308560252189636230e-01
8.695181608200073242e-01
2.588725388050079346e-01
7.313019633293151855e-01
3.089622221887111664e-02
1.162846386432647705e-01
9.366020560264587402e-01
1.696737259626388550e-01
1.265131384134292603e-01
1.909078061580657959e-01
2.607799693942070007e-02
5.411396175622940063e-02
3.022772260010242462e-02
2.025312185287475586e-01
9.463669657707214355e-01
4.150937497615814209e-01
9.053519964218139648e-01
1.954140812158584595e-01
9.277647137641906738e-01
4.951366782188415527e-02
2.223843932151794434e-01
2.451593056321144104e-02
2.839777804911136627e-02
3.533848524093627930e-01
9.369680881500244141e-01
9.243798255920410156e-01
2.279996871948242188e-01
6.922855228185653687e-02
6.375129222869873047e-01
9.429720640182495117e-01
7.563242912292480469e-01
1.094055101275444031e-01
4.105577170848846436e-01
8.554512262344360352e-01
8.633126020431518555e-01
7.867611646652221680e-01
3.859491646289825439e-02
9.445866942405700684e-01
8.656215667724609375e-01
7.906899601221084595e-02
9.275080561637878418e-01
8.624550104141235352e-01
2.237269468605518341e-02
5.911327600479125977e-01
2.440183162689208984e-01
9.334758520126342773e-01
4.071965441107749939e-02
4.038757681846618652e-01
3.724808394908905029e-01
9.215049445629119873e-02
8.281657099723815918e-01
8.939408659934997559e-01
7.704752087593078613e-01
2.580993995070457458e-02
1.095891892910003662e-01
3.762718737125396729e-01
2.451314479112625122e-01
4.115300774574279785e-01
1.109675765037536621e-01
3.009874522686004639e-01
6.195015311241149902e-01
6.120802760124206543e-01
4.133418574929237366e-02
1.925262063741683960e-01
2.329351603984832764e-01
2.443845011293888092e-02
6.379156559705734253e-02
6.500531733036041260e-02
8.869150876998901367e-01
1.153489574790000916e-01
2.042289264500141144e-02
1.564720422029495239e-01
5.872017145156860352e-01
3.384624794125556946e-02
8.186875283718109131e-02
4.166966304183006287e-02
6.508179306983947754e-01
1.130266189575195312e-01
3.111440874636173248e-02
1.855864822864532471e-01
2.576296031475067139e-02
4.550457298755645752e-01
9.271136671304702759e-02
7.728451490402221680e-02
4.707090184092521667e-02
4.147535935044288635e-02
1.416187882423400879e-01
4.812563210725784302e-02
1.972953975200653076e-02
1.009233966469764709e-01
2.650721967220306396e-01
6.084602475166320801e-01
4.987610280513763428e-01
5.364219099283218384e-02
3.474290668964385986e-02
3.729899525642395020e-01
5.319344401359558105e-01
3.937196359038352966e-02
9.490187168121337891e-01
8.515332937240600586e-01
2.040945142507553101e-01
6.293945759534835815e-02
2.835516035556793213e-01
2.641640417277812958e-02
4.393216595053672791e-02
1.033450216054916382e-01
4.686695709824562073e-02
4.766998887062072754e-01
9.221612811088562012e-01
9.208616018295288086e-01
8.608368784189224243e-02
1.130955442786216736e-01
1.180453151464462280e-01
2.165930271148681641e-01
7.481823563575744629e-01
1.405266225337982178e-01
6.842337846755981445e-01
3.387484848499298096e-01
9.470787644386291504e-01
4.379648715257644653e-02
2.461351603269577026e-01
9.248673319816589355e-01
1.649779975414276123e-01
8.883888125419616699e-01
5.690346956253051758e-01
3.037770390510559082e-01
9.201759845018386841e-02
9.598968029022216797e-01
7.308688163757324219e-01
1.968075037002563477e-01
7.544868588447570801e-01
1.258600652217864990e-01
9.229325652122497559e-01
1.637020558118820190e-01
3.999240323901176453e-02
2.234432473778724670e-02
4.246225953102111816e-01
1.358279734849929810e-01
3.284044563770294189e-02
5.573610961437225342e-02
9.416869878768920898e-01
3.308156877756118774e-02
3.330957517027854919e-02
4.040725529193878174e-02
2.552785351872444153e-02
7.978733628988265991e-02
3.423157706856727600e-02
2.768407016992568970e-02
3.163379430770874023e-02
4.555549919605255127e-01
1.321830749511718750e-01
9.123760461807250977e-01
8.691305518150329590e-01
9.357522130012512207e-01
1.091371774673461914e-01
6.152861192822456360e-02
2.925993502140045166e-01
8.648475408554077148e-01
4.046252369880676270e-02
3.903442025184631348e-01
7.268217206001281738e-01
2.181571722030639648e-02
9.370602369308471680e-01
6.723594665527343750e-02
7.348409295082092285e-01
3.528515994548797607e-02
1.451213359832763672e-01
3.012545406818389893e-01
9.281898140907287598e-01
5.148420855402946472e-02
4.016017019748687744e-01
4.719600081443786621e-02
5.221475362777709961e-01
2.995224893093109131e-01
5.159898474812507629e-02
3.223124146461486816e-01
1.126367226243019104e-01
2.568450756371021271e-02
1.504233330488204956e-01
1.601273417472839355e-01
3.313682377338409424e-01
5.375418439507484436e-02
9.387493729591369629e-01
8.968335390090942383e-01
8.020316064357757568e-02
