2.033521607518196106e-02
7.575380802154541016e-01
2.422860264778137207e-02
8.795898556709289551e-01
2.890729345381259918e-02
4.467005282640457153e-02
3.535836637020111084e-01
3.276711106300354004e-01
8.654810786247253418e-01
2.719761058688163757e-02
5.018475055694580078e-01
6.986264586448669434e-01
8.495876789093017578e-01
6.780492067337036133e-01
3.133949637413024902e-01
2.442969530820846558e-01
5.064732581377029419e-02
8.351513147354125977e-01
8.946904540061950684e-01
5.124321579933166504e-01
7.826397418975830078e-01
8.974252343177795410e-01
1.570318639278411865e-01
2.484330981969833374e-01
2.547739148139953613e-01
4.905686154961585999e-02
6.635928153991699219e-01
1.681107133626937866e-01
4.057574272155761719e-01
2.336282432079315186e-01
4.097456932067871094e-01
1.592320948839187622e-02
6.857716441154479980e-01
2.456518821418285370e-02
1.688597500324249268e-01
1.440135389566421509e-01
1.292991638183593750e-01
1.943499743938446045e-01
5.350904464721679688e-01
8.887963891029357910e-01
1.072758957743644714e-01
1.284460127353668213e-01
3.913540765643119812e-02
1.197854802012443542e-01
4.365879669785499573e-02
5.104647204279899597e-02
2.247784584760665894e-01
6.284013986587524414e-01
2.018521539866924286e-02
8.807989954948425293e-01
2.639245688915252686e-01
2.009143121540546417e-02
3.395579159259796143e-01
1.304452866315841675e-01
8.238194882869720459e-02
6.897972524166107178e-02
8.821811676025390625e-01
3.267433866858482361e-02
6.814967095851898193e-02
2.229400426149368286e-01
2.872861027717590332e-01
3.047907054424285889e-01
4.221014678478240967e-02
3.556912019848823547e-02
7.373576611280441284e-02
7.346580922603607178e-02
4.590324684977531433e-02
2.443523406982421875e-01
7.164818048477172852e-01
5.258997082710266113e-01
3.709816932678222656e-02
7.090166807174682617e-01
5.172004103660583496e-01
7.190058380365371704e-02
1.180566251277923584e-01
7.709842920303344727e-02
2.286383882164955139e-02
1.881277374923229218e-02
3.189252316951751709e-02
2.943821437656879425e-02
8.509303927421569824e-01
1.289579421281814575e-01
8.002196550369262695e-01
8.177789449691772461e-01
8.933567404747009277e-01
7.467981576919555664e-01
4.136409610509872437e-02
5.888752639293670654e-02
5.167655944824218750e-01
2.875361144542694092e-01
7.891117930412292480e-01
8.447066694498062134e-02
2.473154291510581970e-02
3.915729522705078125e-01
2.367983162403106689e-01
7.595008611679077148e-01
7.345125675201416016e-01
7.935386300086975098e-01
4.804481565952301025e-02
7.397663593292236328e-02
7.078453898429870605e-01
1.490812003612518311e-01
5.950695872306823730e-01
4.910040497779846191e-01
6.700801849365234375e-01
3.231285884976387024e-02
6.021131575107574463e-02
4.265711903572082520e-01
2.563138306140899658e-01
1.057054176926612854e-01
2.442605793476104736e-01
2.686687000095844269e-02
3.014796786010265350e-02
8.962879180908203125e-01
9.986324608325958252e-02
6.620969623327255249e-02
8.583152890205383301e-01
2.056244760751724243e-02
2.845302820205688477e-01
8.404177427291870117e-01
1.776765473186969757e-02
3.649304434657096863e-02
3.589345514774322510e-01
8.252552151679992676e-01
8.818897008895874023e-01
1.253960728645324707e-01
3.531974181532859802e-02
1.452506184577941895e-01
3.579857200384140015e-02
9.090794622898101807e-02
8.858395218849182129e-01
2.246447354555130005e-01
7.916028499603271484e-01
1.869682520627975464e-01
6.628236174583435059e-01
7.778067588806152344e-01
8.342832326889038086e-01
1.271954029798507690e-01
6.226934194564819336e-01
2.240584418177604675e-02
6.801273226737976074e-01
6.709602475166320801e-01
4.425277709960937500e-01
6.612856984138488770e-01
1.473447829484939575e-01
3.065026178956031799e-02
7.526941895484924316e-01
6.733819246292114258e-01
7.192097306251525879e-01
7.476085424423217773e-02
3.145353868603706360e-02
6.697139143943786621e-02
3.409847021102905273e-01
3.645869791507720947e-01
1.119996160268783569e-01
9.172959625720977783e-02
8.763739466667175293e-02
1.220986917614936829e-01
5.555279254913330078e-01
7.899467945098876953e-01
5.374844670295715332e-01
8.292983174324035645e-01
2.182916402816772461e-01
5.557773113250732422e-01
7.669895291328430176e-01
3.421411216259002686e-01
4.387294054031372070e-01
2.821562290191650391e-01
5.379194021224975586e-02
7.860527038574218750e-01
4.599148035049438477e-02
2.171695791184902191e-02
3.270328044891357422e-01
8.428533673286437988e-01
2.801101282238960266e-02
9.065682888031005859e-01
5.159996747970581055e-01
3.732444718480110168e-02
7.238683700561523438e-01
2.979100048542022705e-01
1.334728151559829712e-01
3.995535522699356079e-02
4.311951622366905212e-02
4.265825748443603516e-01
1.873495727777481079e-01
7.971657067537307739e-02
4.488486647605895996e-01
5.058454871177673340e-01
4.509548842906951904e-01
6.398408412933349609e-01
4.235122352838516235e-02
8.391360640525817871e-01
1.672389060258865356e-01
4.734630584716796875e-01
1.532347202301025391e-01
8.074263334274291992e-01
1.211472004652023315e-01
1.476376950740814209e-01
6.828215122222900391e-01
2.344397269189357758e-02
2.627923525869846344e-02
5.047602578997612000e-02
8.353815078735351562e-01
9.271498769521713257e-02
7.897457480430603027e-01
8.737812042236328125e-01
8.270415663719177246e-01
3.565469756722450256e-02
8.991658091545104980e-01
2.500957250595092773e-01
6.456395238637924194e-02
2.650685235857963562e-02
2.572765946388244629e-01
6.702290177345275879e-01
2.740651071071624756e-01
1.723796129226684570e-02
7.623105049133300781e-01
7.376000285148620605e-01
8.019059300422668457e-01
3.585333004593849182e-02
8.725673556327819824e-01
8.994429707527160645e-01
7.662081122398376465e-01
2.068255841732025146e-01
7.706492394208908081e-02
8.224929869174957275e-02
6.937627792358398438e-01
6.558722257614135742e-01
3.266184777021408081e-02
6.717717647552490234e-01
7.299290299415588379e-01
8.408833742141723633e-01
3.934576734900474548e-02
8.361458182334899902e-01
7.783861756324768066e-01
3.529297411441802979e-01
8.362019062042236328e-01
8.858738541603088379e-01
7.578694075345993042e-02
3.574692010879516602e-01
7.641031742095947266e-01
2.218881547451019287e-01
4.734337031841278076e-01
4.749032482504844666e-02
4.251050353050231934e-01
2.165017127990722656e-01
3.324491158127784729e-02
8.951758742332458496e-01
2.415319345891475677e-02
8.229367136955261230e-01
4.726116955280303955e-01
1.521698534488677979e-01
1.436519920825958252e-01
3.446060419082641602e-02
2.434106916189193726e-02
2.960983105003833771e-02
4.038877189159393311e-01
7.971724867820739746e-01
1.182884648442268372e-01
7.814257144927978516e-01
7.023045420646667480e-02
6.601289510726928711e-01
6.037840247154235840e-01
8.399367332458496094e-02
2.530706226825714111e-01
7.050110101699829102e-01
2.057918012142181396e-01
2.886736392974853516e-01
1.620101630687713623e-01
7.828885912895202637e-01
7.598520517349243164e-01
8.856981396675109863e-01
5.723113417625427246e-01
6.825124025344848633e-01
6.460134983062744141e-01
6.189673393964767456e-02
8.230381608009338379e-01
3.245693817734718323e-02
7.989732027053833008e-01
1.025801151990890503e-01
1.188724711537361145e-01
8.925876021385192871e-01
1.945706158876419067e-01
5.751863718032836914e-01
6.206839680671691895e-01
2.565063536167144775e-01
2.548359148204326630e-02
4.319848418235778809e-01
4.447603821754455566e-01
4.161839187145233154e-02
4.946791753172874451e-02
5.412844419479370117e-01
8.067837357521057129e-01
4.063943326473236084e-01
3.433909416198730469e-01
1.960988156497478485e-02
4.721379280090332031e-02
8.589773774147033691e-01
4.210403263568878174e-01
6.649341434240341187e-02
8.553203344345092773e-01
6.712389588356018066e-01
9.936982393264770508e-02
1.374517381191253662e-01
2.086991220712661743e-01
3.439648076891899109e-02
6.844672560691833496e-02
7.013950943946838379e-01
8.421050310134887695e-01
4.976808130741119385e-01
3.799540102481842041e-01
1.155561953783035278e-01
6.432438641786575317e-02
3.822413831949234009e-02
6.752786040306091309e-01
4.230425059795379639e-01
8.733722567558288574e-01
8.519047498703002930e-01
5.532601475715637207e-02
5.865052342414855957e-02
7.683764100074768066e-01
3.991242349147796631e-01
7.775888442993164062e-01
8.808263540267944336e-01
2.700981795787811279e-01
6.923136711120605469e-01
1.600978672504425049e-01
2.364738471806049347e-02
3.254557028412818909e-02
2.631210163235664368e-02
2.004788629710674286e-02
1.713972985744476318e-01
4.726910591125488281e-01
3.051040880382061005e-02
1.200533285737037659e-01
8.686750531196594238e-01
1.702532321214675903e-01
4.844818264245986938e-02
4.535034894943237305e-01
2.872311174869537354e-01
3.542979061603546143e-02
7.504017353057861328e-01
6.642922163009643555e-01
5.460041761398315430e-01
8.083147406578063965e-01
5.248128250241279602e-02
1.529340445995330811e-01
6.018850207328796387e-01
2.448498904705047607e-01
8.457611203193664551e-01
4.297337308526039124e-02
2.210663072764873505e-02
2.531248517334461212e-02
1.011211052536964417e-01
3.703250586986541748e-01
3.632694482803344727e-02
6.114742159843444824e-01
1.163926869630813599e-01
2.504617869853973389e-01
4.075140058994293213e-01
5.739831924438476562e-02
7.535226941108703613e-01
1.997295022010803223e-01
2.268498986959457397e-01
6.301021575927734375e-01
2.517833411693572998e-01
3.812295496463775635e-01
8.954139947891235352e-01
1.071221157908439636e-01
2.522535622119903564e-01
3.704404532909393311e-01
2.770120464265346527e-02
2.423100173473358154e-01
6.865715235471725464e-02
2.185487747192382812e-02
6.289722025394439697e-02
2.176608145236968994e-01
4.252779483795166016e-02
8.613482117652893066e-01
4.728827998042106628e-02
2.917892672121524811e-02
2.168715186417102814e-02
8.237824440002441406e-01
4.574612677097320557e-01
2.302427142858505249e-01
1.616697907447814941e-01
5.515666007995605469e-01
1.670587360858917236e-01
1.467478275299072266e-01
7.860928773880004883e-01
2.272940427064895630e-02
5.879298225045204163e-02
3.780747577548027039e-02
3.628013655543327332e-02
1.518985480070114136e-01
3.135346621274948120e-02
7.200502753257751465e-01
4.531208872795104980e-01
7.250763177871704102e-01
1.172161325812339783e-01
4.577718079090118408e-01
8.673616498708724976e-02
6.266854405403137207e-01
3.615008294582366943e-01
8.580084443092346191e-01
7.836114168167114258e-01
6.848517060279846191e-01
6.872467398643493652e-01
5.072183609008789062e-01
1.177955046296119690e-01
1.958749294281005859e-01
1.891636848449707031e-02
3.423863351345062256e-01
5.117564201354980469e-01
7.337633967399597168e-01
2.409502118825912476e-02
4.584125280380249023e-01
2.013500928878784180e-01
2.580342292785644531e-01
1.226264089345932007e-01
2.194683812558650970e-02
6.741862297058105469e-01
7.484259605407714844e-01
1.575143076479434967e-02
2.472723647952079773e-02
6.350924372673034668e-01
2.230111882090568542e-02
1.366067528724670410e-01
5.282626748085021973e-01
1.857787519693374634e-01
3.874204680323600769e-02
1.918859407305717468e-02
8.204628229141235352e-01
7.613251805305480957e-01
6.262066960334777832e-02
1.220963075757026672e-01
3.665656149387359619e-01
3.031955845654010773e-02
7.687132358551025391e-01
4.858269095420837402e-01
4.975561201572418213e-01
1.829794421792030334e-02
2.174586988985538483e-02
8.276207447052001953e-01
1.218267753720283508e-01
6.313554644584655762e-01
2.175450138747692108e-02
8.552089929580688477e-01
3.595209866762161255e-02
2.055710740387439728e-02
1.484759896993637085e-01
8.873259425163269043e-01
6.280405521392822266e-01
6.478449702262878418e-02
3.438119217753410339e-02
6.502810120582580566e-01
4.324457943439483643e-01
2.124091386795043945e-01
4.134441539645195007e-02
2.492446005344390869e-01
1.444558799266815186e-01
1.932870745658874512e-01
2.373693324625492096e-02
3.364118188619613647e-02
2.425586432218551636e-02
6.913219392299652100e-02
8.826321959495544434e-01
5.810994505882263184e-01
5.307419970631599426e-02
9.066379666328430176e-01
4.856202006340026855e-02
5.875948667526245117e-01
2.523163333535194397e-02
8.366413712501525879e-01
7.627713680267333984e-01
3.552499786019325256e-02
8.034413456916809082e-01
8.513966798782348633e-01
4.964894354343414307e-01
1.755289733409881592e-02
6.921934485435485840e-01
3.508883118629455566e-01
1.093744337558746338e-01
1.323347836732864380e-01
3.233529627323150635e-02
5.505516752600669861e-02
1.607404947280883789e-01
3.445720672607421875e-02
5.336067080497741699e-02
4.471875131130218506e-01
3.072214312851428986e-02
8.870653808116912842e-02
5.120642110705375671e-02
7.052336931228637695e-01
6.806680560111999512e-01
1.496803611516952515e-01
8.689849823713302612e-02
2.515305578708648682e-01
8.689904212951660156e-02
1.682588011026382446e-01
7.498866319656372070e-01
2.492289617657661438e-02
7.744274735450744629e-01
8.816357254981994629e-01
3.892941176891326904e-01
2.562949620187282562e-02
7.026519775390625000e-01
6.748162209987640381e-02
5.621095299720764160e-01
3.157285973429679871e-02
1.748394370079040527e-01
2.014078348875045776e-01
8.534379601478576660e-01
2.344420850276947021e-01
6.309427022933959961e-01
2.522535622119903564e-01
4.310073554515838623e-01
5.108735561370849609e-01
1.754660904407501221e-01
1.155835613608360291e-01
4.940109252929687500e-01
6.534805893898010254e-01
2.132503837347030640e-01
4.386111795902252197e-01
6.878522038459777832e-01
2.921475842595100403e-02
2.936192154884338379e-01
8.730027079582214355e-01
5.445189028978347778e-02
8.028196692466735840e-01
6.660703569650650024e-02
2.367121279239654541e-01
9.605705738067626953e-02
2.145067043602466583e-02
8.207498788833618164e-01
4.055984318256378174e-01
9.722761064767837524e-02
8.228952288627624512e-01
8.682218790054321289e-01
8.931811451911926270e-01
8.993085622787475586e-01
2.686385251581668854e-02
5.087772607803344727e-01
4.166210293769836426e-01
3.311465382575988770e-01
8.863672614097595215e-01
3.717658221721649170e-01
5.878222584724426270e-01
3.094081580638885498e-01
4.366184398531913757e-02
8.391611576080322266e-01
1.684303395450115204e-02
1.084680035710334778e-01
6.695863008499145508e-01
4.452820122241973877e-02
3.835399448871612549e-02
5.282412171363830566e-01
1.793833374977111816e-01
8.893616199493408203e-01
3.051712550222873688e-02
1.802564412355422974e-02
7.901684194803237915e-02
7.416481971740722656e-01
8.876325488090515137e-01
2.119396813213825226e-02
6.387186050415039062e-01
1.941869035363197327e-02
7.616425752639770508e-01
3.605989813804626465e-01
8.380562663078308105e-01
7.554319500923156738e-01
6.548652797937393188e-02
1.042087674140930176e-01
8.606557250022888184e-01
1.683233864605426788e-02
1.937826350331306458e-02
7.983796000480651855e-01
2.036913298070430756e-02
1.776359081268310547e-01
2.514504492282867432e-01
7.068555951118469238e-01
1.871656812727451324e-02
7.281432151794433594e-01
9.032230079174041748e-02
9.648457169532775879e-02
2.511187642812728882e-02
3.197722733020782471e-01
8.436674475669860840e-01
7.839234471321105957e-01
8.894078135490417480e-01
3.372769653797149658e-01
4.350021183490753174e-01
6.486748158931732178e-02
2.053946405649185181e-01
4.042700678110122681e-02
8.853728324174880981e-02
2.234039641916751862e-02
8.720852136611938477e-01
8.640991449356079102e-01
8.611829876899719238e-01
2.046656012535095215e-01
4.735698401927947998e-01
2.491854317486286163e-02
4.854616150259971619e-02
8.285256028175354004e-01
1.997127085924148560e-01
2.209594696760177612e-01
4.258197918534278870e-02
2.337680570781230927e-02
2.426151931285858154e-02
1.445281654596328735e-01
8.354139924049377441e-01
5.669566392898559570e-01
2.333394810557365417e-02
6.524128466844558716e-02
1.705978959798812866e-01
6.601426005363464355e-01
2.025724574923515320e-02
3.041278123855590820e-01
6.825913786888122559e-01
8.956546187400817871e-01
2.095388472080230713e-01
3.622798621654510498e-02
2.891893982887268066e-01
6.546793580055236816e-01
7.238885760307312012e-01
2.666619792580604553e-02
4.586421847343444824e-01
8.795771002769470215e-01
8.422532081604003906e-01
7.069485187530517578e-01
1.691906154155731201e-01
4.406250640749931335e-02
8.534794449806213379e-01
5.344390869140625000e-01
4.589655101299285889e-01
4.253172874450683594e-01
6.668445467948913574e-01
8.169320225715637207e-02
2.874674089252948761e-02
2.582470327615737915e-02
1.901920884847640991e-01
1.242615059018135071e-01
2.080746740102767944e-02
2.630944848060607910e-01
7.307942509651184082e-01
2.104984670877456665e-01
7.890356183052062988e-01
4.412076175212860107e-01
5.451747775077819824e-01
2.216534316539764404e-01
1.083889007568359375e-01
8.466281890869140625e-01
8.932567238807678223e-01
2.139262482523918152e-02
8.934677839279174805e-01
8.878471255302429199e-01
8.009192347526550293e-01
1.276113837957382202e-01
8.191644549369812012e-01
3.967974707484245300e-02
4.132340252399444580e-01
7.615836262702941895e-01
8.056794404983520508e-01
8.388525247573852539e-01
2.595258653163909912e-01
1.123266369104385376e-01
5.529344081878662109e-01
7.323024272918701172e-01
1.308694034814834595e-01
2.558242082595825195e-01
5.312932133674621582e-01
7.622972130775451660e-01
4.736569225788116455e-01
2.456941604614257812e-01
6.860336065292358398e-01
7.463055849075317383e-02
1.340748667716979980e-01
5.297065377235412598e-01
7.027901411056518555e-01
2.000580355525016785e-02
1.702496856451034546e-01
2.550230361521244049e-02
6.798910498619079590e-01
8.692575097084045410e-01
6.175159811973571777e-01
9.525924175977706909e-02
3.682603314518928528e-02
5.717989802360534668e-01
8.991675376892089844e-01
5.958534479141235352e-01
8.221237063407897949e-01
1.985890977084636688e-02
1.701248809695243835e-02
2.262749150395393372e-02
8.919522166252136230e-01
4.767984449863433838e-01
7.855190038681030273e-01
6.034003496170043945e-01
5.937706828117370605e-01
3.365743160247802734e-02
2.113561704754829407e-02
7.781726121902465820e-01
8.781961798667907715e-01
2.227877452969551086e-02
3.893563523888587952e-02
8.808050155639648438e-01
8.163687586784362793e-02
2.024636976420879364e-02
2.030931115150451660e-01
3.085318207740783691e-02
3.288976550102233887e-01
1.014697402715682983e-01
5.187230110168457031e-01
3.037359006702899933e-02
6.891560554504394531e-02
4.709431901574134827e-02
1.481692045927047729e-01
8.147333860397338867e-01
9.900961071252822876e-02
1.157993823289871216e-01
3.803679347038269043e-02
4.202033206820487976e-02
2.316357754170894623e-02
2.536282539367675781e-01
7.667659223079681396e-02
5.176189541816711426e-02
4.445274546742439270e-02
1.910783946514129639e-01
8.923431038856506348e-01
4.818031191825866699e-02
3.202033936977386475e-01
2.474803663790225983e-02
5.487984418869018555e-01
2.865740358829498291e-01
1.848708689212799072e-01
5.642238855361938477e-01
8.794480562210083008e-01
9.815048426389694214e-02
1.119183748960494995e-01
1.714531145989894867e-02
7.524514198303222656e-02
1.183251291513442993e-01
6.100274920463562012e-01
3.234905898571014404e-01
5.945078730583190918e-01
8.621975779533386230e-01
3.658261895179748535e-01
5.599576234817504883e-01
4.302291572093963623e-01
6.969761103391647339e-02
8.696084022521972656e-01
3.045342117547988892e-02
1.631334796547889709e-02
8.622846603393554688e-01
8.655661940574645996e-01
8.285861611366271973e-01
6.067832708358764648e-01
2.457349933683872223e-02
6.360671520233154297e-01
5.441280081868171692e-02
6.958971917629241943e-02
7.687562704086303711e-01
1.838099956512451172e-02
2.242176793515682220e-02
5.443728715181350708e-02
1.140958219766616821e-01
8.232120275497436523e-01
6.463780999183654785e-01
6.586912870407104492e-01
2.389792539179325104e-02
8.343676328659057617e-01
8.132956624031066895e-01
3.882190212607383728e-02
8.911430239677429199e-01
6.133586168289184570e-01
6.281321048736572266e-01
2.951860986649990082e-02
8.858664631843566895e-01
2.714695930480957031e-01
7.206624001264572144e-02
8.261588811874389648e-01
5.665578842163085938e-01
6.550361514091491699e-01
1.609665751457214355e-01
3.777586221694946289e-01
7.998927235603332520e-01
6.723301410675048828e-01
5.842834711074829102e-01
8.875814080238342285e-01
1.284318268299102783e-01
2.934469580650329590e-01
2.067728340625762939e-02
8.232475519180297852e-01
1.490936279296875000e-01
2.812349051237106323e-02
8.585603833198547363e-01
5.296475291252136230e-01
8.131234645843505859e-01
5.728855356574058533e-02
7.647774815559387207e-01
5.557599663734436035e-01
8.284792304039001465e-01
2.054908871650695801e-01
8.564727306365966797e-01
2.727082744240760803e-02
5.291839241981506348e-01
1.862449012696743011e-02
8.082090020179748535e-01
3.114973939955234528e-02
5.653757452964782715e-01
5.687680244445800781e-01
4.116773605346679688e-01
4.818933010101318359e-01
8.174054324626922607e-02
5.021273493766784668e-01
8.204716444015502930e-01
3.242760598659515381e-01
7.335510253906250000e-01
2.594339288771152496e-02
5.074206590652465820e-01
8.746971487998962402e-01
7.381750345230102539e-01
8.605444431304931641e-02
2.394231110811233521e-01
2.469565719366073608e-02
2.417236194014549255e-02
4.639378190040588379e-02
2.624411880970001221e-01
8.946548104286193848e-01
4.360827505588531494e-01
8.707573413848876953e-01
2.459208518266677856e-01
8.537474274635314941e-01
1.329101920127868652e-01
1.548967510461807251e-01
2.068282291293144226e-02
2.162825502455234528e-02
3.363170623779296875e-01
8.791506886482238770e-01
8.987032175064086914e-01
3.676867187023162842e-01
1.450857818126678467e-01
6.934369802474975586e-01
8.863581418991088867e-01
7.716609835624694824e-01
1.502735018730163574e-01
5.918241739273071289e-01
7.778908610343933105e-01
5.679661035537719727e-01
8.483240008354187012e-01
2.324861101806163788e-02
8.828778862953186035e-01
8.590353131294250488e-01
9.262319654226303101e-02
8.602287173271179199e-01
7.027016282081604004e-01
1.895218528807163239e-02
4.017494916915893555e-01
2.756631374359130859e-01
8.659006357192993164e-01
3.904627263545989990e-02
3.824207484722137451e-01
5.438840985298156738e-01
1.098210513591766357e-01
7.165761590003967285e-01
8.400121927261352539e-01
5.464282035827636719e-01
2.102801389992237091e-02
7.461055368185043335e-02
6.205829381942749023e-01
4.037851691246032715e-01
3.093466460704803467e-01
1.554103195667266846e-01
2.698256969451904297e-01
6.772204041481018066e-01
6.991382837295532227e-01
3.564924001693725586e-02
1.848691254854202271e-01
2.522535622119903564e-01
1.741569302976131439e-02
1.635501831769943237e-01
1.989447176456451416e-01
8.681751489639282227e-01
1.300740838050842285e-01
1.755783148109912872e-02
4.559985697269439697e-01
7.572634220123291016e-01
3.227675706148147583e-02
4.540149867534637451e-01
5.045114457607269287e-02
5.853153467178344727e-01
1.433836519718170166e-01
2.073079161345958710e-02
5.660411715507507324e-01
2.052770741283893585e-02
5.756450891494750977e-01
2.831772863864898682e-01
7.750897854566574097e-02
3.522060438990592957e-02
2.922949567437171936e-02
3.606638610363006592e-01
4.673766344785690308e-02
1.963333599269390106e-02
1.987117677927017212e-01
5.547041296958923340e-01
7.108228206634521484e-01
3.805787265300750732e-01
4.685648530721664429e-02
5.760004743933677673e-02
7.034407854080200195e-01
6.855131983757019043e-01
2.675404585897922516e-02
9.010618925094604492e-01
7.543402314186096191e-01
2.709617614746093750e-01
2.459094114601612091e-02
3.266182839870452881e-01
1.834612339735031128e-02
2.312756329774856567e-02
3.315517306327819824e-01
6.089284271001815796e-02
6.747155785560607910e-01
8.591021895408630371e-01
8.358975648880004883e-01
6.073186546564102173e-02
7.507945597171783447e-02
7.008304446935653687e-02
2.691534757614135742e-01
7.584931254386901855e-01
3.681074678897857666e-01
6.599689722061157227e-01
3.429421186447143555e-01
8.952616453170776367e-01
5.722146853804588318e-02
4.833133518695831299e-01
8.351942896842956543e-01
4.753287732601165771e-01
8.522242903709411621e-01
5.509392619132995605e-01
5.279687047004699707e-01
9.700058400630950928e-02
8.963842988014221191e-01
6.982034444808959961e-01
3.402558565139770508e-01
8.024128079414367676e-01
2.231738567352294922e-01
8.429387807846069336e-01
1.615128815174102783e-01
4.085028171539306641e-02
1.661660708487033844e-02
4.597387313842773438e-01
5.955628678202629089e-02
2.481226809322834015e-02
9.108276665210723877e-02
8.885798454284667969e-01
2.183166705071926117e-02
2.421291172504425049e-02
6.956277787685394287e-02
2.009443566203117371e-02
8.634333312511444092e-02
2.922132425010204315e-02
2.722433209419250488e-02
3.066307120025157928e-02
5.413485765457153320e-01
2.415706366300582886e-01
6.065878272056579590e-01
7.706137299537658691e-01
8.826094269752502441e-01
1.438007205724716187e-01
4.334511235356330872e-02
3.101374208927154541e-01
8.342439532279968262e-01
2.351986616849899292e-02
4.430021047592163086e-01
6.450204253196716309e-01
1.779982075095176697e-02
8.761163949966430664e-01
5.811213701963424683e-02
6.162959337234497070e-01
2.166407741606235504e-02
2.580667138099670410e-01
4.811323583126068115e-01
8.812455534934997559e-01
3.510908409953117371e-02
6.310983896255493164e-01
3.605920448899269104e-02
4.331303536891937256e-01
2.780896127223968506e-01
8.969170600175857544e-02
4.096402525901794434e-01
1.496523469686508179e-01
2.117405831813812256e-02
1.153105199337005615e-01
1.217109411954879761e-01
5.312867760658264160e-01
1.713220179080963135e-01
8.756964206695556641e-01
7.839968800544738770e-01
4.327490180730819702e-02
