3.508409857749938965e-02
6.980143189430236816e-01
4.097308963537216187e-02
7.761071324348449707e-01
5.212040245532989502e-02
5.366417765617370605e-02
4.665483832359313965e-01
2.166146785020828247e-01
7.333053946495056152e-01
9.484545141458511353e-02
6.281354427337646484e-01
3.845745027065277100e-01
7.298560142517089844e-01
4.778740108013153076e-01
1.190331131219863892e-01
2.378571182489395142e-01
9.321187436580657959e-02
7.677332162857055664e-01
9.362029433250427246e-01
5.329344868659973145e-01
3.390488326549530029e-01
9.110201597213745117e-01
9.623389691114425659e-02
9.277858585119247437e-02
2.548113167285919189e-01
5.790424719452857971e-02
7.533578276634216309e-01
1.033485084772109985e-01
3.353580236434936523e-01
2.587454319000244141e-01
3.168106377124786377e-01
2.472966536879539490e-02
6.109999418258666992e-01
3.703336790204048157e-02
7.921917736530303955e-02
1.175862550735473633e-01
9.033577889204025269e-02
1.283970475196838379e-01
4.192805886268615723e-01
9.127970933914184570e-01
9.737057238817214966e-02
1.474491655826568604e-01
5.854631587862968445e-02
1.793523579835891724e-01
1.121185049414634705e-01
1.589925289154052734e-01
1.389690786600112915e-01
5.553403496742248535e-01
3.420847281813621521e-02
9.112933278083801270e-01
1.009542942047119141e-01
3.341552242636680603e-02
3.196963667869567871e-01
3.712601661682128906e-01
1.785275489091873169e-01
1.266068816184997559e-01
9.071112871170043945e-01
4.195528849959373474e-02
5.971880629658699036e-02
1.073737740516662598e-01
2.503317296504974365e-01
2.237584143877029419e-01
7.563155889511108398e-02
5.468280240893363953e-02
9.854128211736679077e-02
9.695871174335479736e-02
4.917782545089721680e-02
2.402780354022979736e-01
5.370147228240966797e-01
2.576706707477569580e-01
2.868392467498779297e-01
6.831130981445312500e-01
4.320129454135894775e-01
8.592822402715682983e-02
7.800889760255813599e-02
6.087255477905273438e-02
4.177922382950782776e-02
3.271498158574104309e-02
5.514827743172645569e-02
4.881547391414642334e-02
7.360712289810180664e-01
1.590225547552108765e-01
7.169721126556396484e-01
8.316891193389892578e-01
9.295591115951538086e-01
5.670195221900939941e-01
8.105060458183288574e-02
8.326101303100585938e-02
4.664904177188873291e-01
2.563832104206085205e-01
5.973903536796569824e-01
5.808707326650619507e-02
5.010779201984405518e-02
2.085024714469909668e-01
1.303565353155136108e-01
4.900517463684082031e-01
5.570900440216064453e-01
8.445850014686584473e-01
7.051176577806472778e-02
1.083646714687347412e-01
6.708076000213623047e-01
1.060340702533721924e-01
4.535243809223175049e-01
3.523425459861755371e-01
4.191584587097167969e-01
6.469756364822387695e-02
6.811859458684921265e-02
3.121389448642730713e-01
1.751813590526580811e-01
1.079885810613632202e-01
1.950336694717407227e-01
4.681895673274993896e-02
5.536212399601936340e-02
9.356137514114379883e-01
1.493538618087768555e-01
1.095793992280960083e-01
9.040948748588562012e-01
4.307105392217636108e-02
4.477196037769317627e-01
7.997723817825317383e-01
3.017300553619861603e-02
8.407747745513916016e-02
1.138502657413482666e-01
7.061328291893005371e-01
9.014995098114013672e-01
2.255794852972030640e-01
6.980469822883605957e-02
1.550926715135574341e-01
4.851258918642997742e-02
8.119461685419082642e-02
9.178856015205383301e-01
1.849738657474517822e-01
8.438464999198913574e-01
2.728203237056732178e-01
2.787156999111175537e-01
7.494066357612609863e-01
8.734357357025146484e-01
1.328282207250595093e-01
4.707951843738555908e-01
8.647930622100830078e-02
6.066846251487731934e-01
6.164209842681884766e-01
2.992253899574279785e-01
5.702378749847412109e-01
2.579216361045837402e-01
3.534300625324249268e-02
4.983919858932495117e-01
4.420370459556579590e-01
3.781240582466125488e-01
1.595823317766189575e-01
4.284360259771347046e-02
1.106838807463645935e-01
1.110681444406509399e-01
1.301781535148620605e-01
1.078590452671051025e-01
9.891881793737411499e-02
1.210346296429634094e-01
1.761472523212432861e-01
3.723186850547790527e-01
7.128255367279052734e-01
5.670375823974609375e-01
8.809341192245483398e-01
1.551697105169296265e-01
4.348582029342651367e-01
7.575032711029052734e-01
4.079048931598663330e-01
2.863754630088806152e-01
4.610190093517303467e-01
1.199928075075149536e-01
6.234363913536071777e-01
1.078522130846977234e-01
4.339209571480751038e-02
3.846633136272430420e-01
7.654182910919189453e-01
4.494738206267356873e-02
9.284430146217346191e-01
3.942089080810546875e-01
5.021486058831214905e-02
5.927067399024963379e-01
3.038130402565002441e-01
8.018895983695983887e-02
4.169093817472457886e-02
1.225460395216941833e-01
1.692569702863693237e-01
1.744448542594909668e-01
1.052650511264801025e-01
2.987560331821441650e-01
5.706687569618225098e-01
5.266424417495727539e-01
6.621300578117370605e-01
4.464064538478851318e-02
8.203673958778381348e-01
1.622812449932098389e-01
5.670070052146911621e-01
2.636855840682983398e-01
4.657233953475952148e-01
1.146272048354148865e-01
1.810712665319442749e-01
4.344120919704437256e-01
4.244516789913177490e-02
4.541460797190666199e-02
6.805635988712310791e-02
8.692744374275207520e-01
1.213294863700866699e-01
7.717358469963073730e-01
9.057973027229309082e-01
5.861840248107910156e-01
6.443122029304504395e-02
9.439213275909423828e-01
6.430546641349792480e-01
7.131788134574890137e-02
5.843201279640197754e-02
3.218562304973602295e-01
6.994794011116027832e-01
4.465973675251007080e-01
3.038609400391578674e-02
4.220616221427917480e-01
8.147664666175842285e-01
8.063443899154663086e-01
6.024234741926193237e-02
8.936665058135986328e-01
9.463526606559753418e-01
7.401152253150939941e-01
1.311709284782409668e-01
6.286605447530746460e-02
1.604687273502349854e-01
6.557289361953735352e-01
4.701411426067352295e-01
1.167261749505996704e-01
3.747674822807312012e-01
6.996597647666931152e-01
7.548622488975524902e-01
4.309963062405586243e-02
7.254417538642883301e-01
7.761207222938537598e-01
3.245413601398468018e-01
9.010989069938659668e-01
9.145527482032775879e-01
1.533006876707077026e-01
3.600545823574066162e-01
7.135894298553466797e-01
2.158797830343246460e-01
6.265956163406372070e-01
1.083122491836547852e-01
3.553678095340728760e-01
2.015849500894546509e-01
4.335872828960418701e-02
9.332067966461181641e-01
4.398385807871818542e-02
5.630397796630859375e-01
5.675857663154602051e-01
1.533062160015106201e-01
2.926738560199737549e-01
5.129682272672653198e-02
3.536988049745559692e-02
4.725072160363197327e-02
3.401905894279479980e-01
7.723183035850524902e-01
1.402138024568557739e-01
7.981346845626831055e-01
1.383161544799804688e-01
4.712543189525604248e-01
2.329505681991577148e-01
9.585423767566680908e-02
3.015243709087371826e-01
7.165907621383666992e-01
3.602208197116851807e-01
4.497234225273132324e-01
2.788187265396118164e-01
7.653210163116455078e-01
8.115398287773132324e-01
9.119929671287536621e-01
4.144030213356018066e-01
5.143241286277770996e-01
5.057038068771362305e-01
7.216122746467590332e-02
7.723212242126464844e-01
4.732021316885948181e-02
7.675870656967163086e-01
1.272492110729217529e-01
1.716379076242446899e-01
9.285612106323242188e-01
1.619012802839279175e-01
6.054239869117736816e-01
5.605434775352478027e-01
2.337996512651443481e-01
4.321828857064247131e-02
2.536110877990722656e-01
4.794629514217376709e-01
6.528969109058380127e-02
6.859345734119415283e-02
4.746271669864654541e-01
7.663466930389404297e-01
2.062893062829971313e-01
1.392847299575805664e-01
3.554155305027961731e-02
1.697136908769607544e-01
8.734784126281738281e-01
1.533269286155700684e-01
8.257709443569183350e-02
8.993103504180908203e-01
5.548064708709716797e-01
5.488903075456619263e-02
1.008049547672271729e-01
1.991910636425018311e-01
6.008209288120269775e-02
8.076532185077667236e-02
5.683130621910095215e-01
8.749210834503173828e-01
4.023716449737548828e-01
2.016806006431579590e-01
9.826081246137619019e-02
8.280698210000991821e-02
9.569457918405532837e-02
4.273492693901062012e-01
3.085694611072540283e-01
9.100388288497924805e-01
8.116317987442016602e-01
2.461332231760025024e-01
7.830673456192016602e-02
7.061278223991394043e-01
2.298451811075210571e-01
6.544533967971801758e-01
9.080969095230102539e-01
5.818703770637512207e-01
4.038257002830505371e-01
1.275552213191986084e-01
5.239333584904670715e-02
5.531522631645202637e-02
4.754398763179779053e-02
4.625625535845756531e-02
1.762440651655197144e-01
2.640654444694519043e-01
4.552465677261352539e-02
1.536680608987808228e-01
8.771245479583740234e-01
2.737954854965209961e-01
6.407383829355239868e-02
1.739483773708343506e-01
3.693718016147613525e-01
6.412671506404876709e-02
3.172313570976257324e-01
5.461540818214416504e-01
3.413847386837005615e-01
8.411411046981811523e-01
4.669819399714469910e-02
1.529309004545211792e-01
3.096323609352111816e-01
1.535134911537170410e-01
8.507035970687866211e-01
5.619996413588523865e-02
3.544157370924949646e-02
6.131935864686965942e-02
1.779183000326156616e-01
3.523479402065277100e-01
6.890953332185745239e-02
8.386046290397644043e-01
1.073613613843917847e-01
1.140785962343215942e-01
1.171895638108253479e-01
5.345705151557922363e-02
6.618106961250305176e-01
2.595742344856262207e-01
1.509672999382019043e-01
5.152724981307983398e-01
1.411693245172500610e-01
4.026530683040618896e-01
9.346175789833068848e-01
2.486305236816406250e-01
2.007212936878204346e-01
5.140684843063354492e-01
7.596953958272933960e-02
2.333025485277175903e-01
1.445124298334121704e-01
3.187934309244155884e-02
6.758107244968414307e-02
1.268322914838790894e-01
5.865383893251419067e-02
8.483147025108337402e-01
1.431510895490646362e-01
7.639762014150619507e-02
5.412409082055091858e-02
8.799731731414794922e-01
5.534476041793823242e-01
2.317187488079071045e-01
6.835073232650756836e-02
4.014167487621307373e-01
2.212505787611007690e-01
1.847143024206161499e-01
6.096236705780029297e-01
3.838050737977027893e-02
4.755337163805961609e-02
8.403569459915161133e-02
4.997724667191505432e-02
6.185067445039749146e-02
7.305813580751419067e-02
7.736281752586364746e-01
1.931540220975875854e-01
7.853968143463134766e-01
2.372701913118362427e-01
4.209198951721191406e-01
5.939182639122009277e-02
5.667194128036499023e-01
5.123032927513122559e-01
8.818544745445251465e-01
8.085417747497558594e-01
7.930495142936706543e-01
6.478841304779052734e-01
3.849410712718963623e-01
1.698573082685470581e-01
1.702601611614227295e-01
3.790711611509323120e-02
4.142684638500213623e-01
6.637321114540100098e-01
7.960986495018005371e-01
3.895944356918334961e-02
3.790695667266845703e-01
2.057316452264785767e-01
2.980461120605468750e-01
5.749609693884849548e-02
3.952694684267044067e-02
2.969285249710083008e-01
7.117460966110229492e-01
2.644393779337406158e-02
8.363931626081466675e-02
5.531529188156127930e-01
3.963288664817810059e-02
1.713053286075592041e-01
3.236110508441925049e-01
1.697224080562591553e-01
1.087938174605369568e-01
4.945563524961471558e-02
8.060035109519958496e-01
6.032055020332336426e-01
1.540694683790206909e-01
1.495099216699600220e-01
6.908650994300842285e-01
7.610785961151123047e-02
6.409317255020141602e-01
2.917646467685699463e-01
2.199794799089431763e-01
5.852684751152992249e-02
4.708673432469367981e-02
6.195210814476013184e-01
1.080178320407867432e-01
4.492901265621185303e-01
6.217306479811668396e-02
8.346521258354187012e-01
1.089047938585281372e-01
3.443770483136177063e-02
2.286468446254730225e-01
8.482370376586914062e-01
3.695624470710754395e-01
7.706782966852188110e-02
5.286797881126403809e-02
4.677482247352600098e-01
2.419753521680831909e-01
1.373716443777084351e-01
5.769207701086997986e-02
3.100935220718383789e-01
1.645964384078979492e-01
3.644615113735198975e-01
4.564504325389862061e-02
5.563972890377044678e-02
4.441917315125465393e-02
9.002016484737396240e-02
9.443146586418151855e-01
4.008959531784057617e-01
9.417096525430679321e-02
9.537117481231689453e-01
6.957195699214935303e-02
5.119621753692626953e-01
3.899344429373741150e-02
7.994534969329833984e-01
7.432805895805358887e-01
5.641601979732513428e-02
8.571685552597045898e-01
8.473796844482421875e-01
4.206514656543731689e-01
2.712034992873668671e-02
7.117708325386047363e-01
3.640268146991729736e-01
1.678811907768249512e-01
2.342135161161422729e-01
9.601452201604843140e-02
8.879114687442779541e-02
2.029457837343215942e-01
6.392325460910797119e-02
6.125747784972190857e-02
5.153007507324218750e-01
4.408308863639831543e-02
2.140355557203292847e-01
4.843576252460479736e-02
6.455109119415283203e-01
5.247059464454650879e-01
1.549639701843261719e-01
1.019804850220680237e-01
4.145592153072357178e-01
1.225480213761329651e-01
1.972299367189407349e-01
7.163004875183105469e-01
4.797912389039993286e-02
7.977428436279296875e-01
8.948045372962951660e-01
2.538574934005737305e-01
3.673370555043220520e-02
5.452768802642822266e-01
7.931898534297943115e-02
6.175924539566040039e-01
6.215253844857215881e-02
1.719079613685607910e-01
1.915390938520431519e-01
8.841363787651062012e-01
3.586816489696502686e-01
5.038414597511291504e-01
2.007212936878204346e-01
4.450481832027435303e-01
3.115697503089904785e-01
1.410433948040008545e-01
2.207182049751281738e-01
3.863214254379272461e-01
4.113953411579132080e-01
1.417742669582366943e-01
2.913239300251007080e-01
6.204762458801269531e-01
4.512477293610572815e-02
1.276852637529373169e-01
8.883474469184875488e-01
6.395855545997619629e-02
8.518422842025756836e-01
9.481482952833175659e-02
1.561415046453475952e-01
1.739190369844436646e-01
5.009812861680984497e-02
7.820446491241455078e-01
5.402092933654785156e-01
1.067789047956466675e-01
7.324288487434387207e-01
8.884952664375305176e-01
9.301162958145141602e-01
9.451462626457214355e-01
4.791033640503883362e-02
3.667730093002319336e-01
2.321056723594665527e-01
2.140837907791137695e-01
9.128915667533874512e-01
4.222779870033264160e-01
3.518474400043487549e-01
2.657571732997894287e-01
7.244315743446350098e-02
8.700732588768005371e-01
2.991355583071708679e-02
1.939678639173507690e-01
6.560620069503784180e-01
6.332781910896301270e-02
7.079033553600311279e-02
3.672534823417663574e-01
1.549036949872970581e-01
9.173539280891418457e-01
3.724101930856704712e-02
3.073152154684066772e-02
4.259462654590606689e-01
7.260598540306091309e-01
9.207220077514648438e-01
3.318298235535621643e-02
6.062467098236083984e-01
3.860946372151374817e-02
6.193304657936096191e-01
3.438216149806976318e-01
8.014351129531860352e-01
4.907216429710388184e-01
7.552275806665420532e-02
2.205753177404403687e-01
8.291406035423278809e-01
2.730758488178253174e-02
3.821609169244766235e-02
7.482892274856567383e-01
3.581862524151802063e-02
1.241487190127372742e-01
4.056331217288970947e-01
7.029367685317993164e-01
3.156211599707603455e-02
6.733385324478149414e-01
1.517403274774551392e-01
9.780391305685043335e-02
4.424487054347991943e-02
3.728540539741516113e-01
8.322209119796752930e-01
7.036247253417968750e-01
8.570668101310729980e-01
2.268345355987548828e-01
2.185369282960891724e-01
1.115153059363365173e-01
5.995771884918212891e-01
8.688617497682571411e-02
5.422917008399963379e-02
4.042768478393554688e-02
8.758172988891601562e-01
8.561860918998718262e-01
7.891737818717956543e-01
2.786823809146881104e-01
5.022386312484741211e-01
4.767423495650291443e-02
6.624487042427062988e-02
8.981866836547851562e-01
2.038900852203369141e-01
7.947739213705062866e-02
5.228973552584648132e-02
4.480752721428871155e-02
3.828138113021850586e-02
1.557943969964981079e-01
8.303825855255126953e-01
3.444177210330963135e-01
4.074033349752426147e-02
9.016242623329162598e-02
1.497120261192321777e-01
5.796238183975219727e-01
3.564722836017608643e-02
1.743299365043640137e-01
6.418761610984802246e-01
9.315584897994995117e-01
1.005613282322883606e-01
6.151762232184410095e-02
2.526909112930297852e-01
5.495716333389282227e-01
5.322200059890747070e-01
4.872428625822067261e-02
4.319543242454528809e-01
8.993015885353088379e-01
6.868331432342529297e-01
6.894806027412414551e-01
1.763275414705276489e-01
5.647018551826477051e-02
8.761665821075439453e-01
3.025021255016326904e-01
2.584120333194732666e-01
3.411941826343536377e-01
4.440126717090606689e-01
1.608486324548721313e-01
4.226671531796455383e-02
4.758194088935852051e-02
2.948616147041320801e-01
2.786962687969207764e-01
3.493962064385414124e-02
1.858697831630706787e-01
5.273711085319519043e-01
1.980824172496795654e-01
7.317422032356262207e-01
9.451323747634887695e-02
2.976534962654113770e-01
1.863644421100616455e-01
6.908449530601501465e-02
7.552316784858703613e-01
9.323871731758117676e-01
3.505309671163558960e-02
9.343030452728271484e-01
9.243485331535339355e-01
7.553802132606506348e-01
1.596976220607757568e-01
5.596073865890502930e-01
6.345641613006591797e-02
2.854030430316925049e-01
6.413211822509765625e-01
8.337644934654235840e-01
7.728855609893798828e-01
7.514607161283493042e-02
1.868309527635574341e-01
3.209261298179626465e-01
7.272933125495910645e-01
2.436189204454421997e-01
2.353266924619674683e-01
3.745630681514739990e-01
6.339247226715087891e-01
4.941798448562622070e-01
3.271851539611816406e-01
4.776718914508819580e-01
1.246621832251548767e-01
2.897631227970123291e-01
5.904563069343566895e-01
5.611286163330078125e-01
3.854153677821159363e-02
1.336086243391036987e-01
3.843002021312713623e-02
4.803451895713806152e-01
7.340267896652221680e-01
2.923862338066101074e-01
6.475880742073059082e-02
6.443300843238830566e-02
2.026764899492263794e-01
9.459624886512756348e-01
4.302921891212463379e-01
7.986529469490051270e-01
3.936715424060821533e-02
3.164247050881385803e-02
3.012689575552940369e-02
9.247428774833679199e-01
1.602826118469238281e-01
7.444271445274353027e-01
4.470064043998718262e-01
4.441857635974884033e-01
6.580608338117599487e-02
3.446497023105621338e-02
7.250609993934631348e-01
9.201991558074951172e-01
3.757887706160545349e-02
8.520732820034027100e-02
9.154996275901794434e-01
1.289609521627426147e-01
3.747855499386787415e-02
9.979984164237976074e-02
4.684569314122200012e-02
1.895525008440017700e-01
1.540573686361312866e-01
4.742258191108703613e-01
6.382444500923156738e-02
6.981800496578216553e-02
9.875850379467010498e-02
2.371360957622528076e-01
5.459302663803100586e-01
2.586171329021453857e-01
1.443317681550979614e-01
1.101759225130081177e-01
8.684124797582626343e-02
4.597256332635879517e-02
2.308746725320816040e-01
7.791098952293395996e-02
3.295420706272125244e-01
7.877860218286514282e-02
2.896926701068878174e-01
9.379203915596008301e-01
7.869601994752883911e-02
5.296267271041870117e-01
5.098763108253479004e-02
1.775796562433242798e-01
1.655619889497756958e-01
1.266578286886215210e-01
2.290354818105697632e-01
8.922204971313476562e-01
1.115869507193565369e-01
1.718543171882629395e-01
3.791342303156852722e-02
6.705216318368911743e-02
6.689862161874771118e-02
4.185356497764587402e-01
2.862287163734436035e-01
4.177868962287902832e-01
8.751719594001770020e-01
3.354329168796539307e-01
5.192494988441467285e-01
4.980112016201019287e-01
1.535837799310684204e-01
7.046658992767333984e-01
5.734242498874664307e-02
2.871737256646156311e-02
9.088917374610900879e-01
8.863864541053771973e-01
7.491780519485473633e-01
5.056915283203125000e-01
5.136076733469963074e-02
4.843480587005615234e-01
7.114572077989578247e-02
1.851540356874465942e-01
6.559698581695556641e-01
3.188399598002433777e-02
5.619027838110923767e-02
5.553919449448585510e-02
1.029239743947982788e-01
7.855025529861450195e-01
6.156680583953857422e-01
3.828150629997253418e-01
5.079564452171325684e-02
8.658124804496765137e-01
8.221357464790344238e-01
9.008044004440307617e-02
9.078413248062133789e-01
4.764269292354583740e-01
6.836298108100891113e-01
4.899156093597412109e-02
8.840704560279846191e-01
2.486158460378646851e-01
9.107619524002075195e-02
8.439868092536926270e-01
2.669353783130645752e-01
6.103329062461853027e-01
2.919024527072906494e-01
4.294031262397766113e-01
5.063700079917907715e-01
3.535197675228118896e-01
6.208345890045166016e-01
8.991762995719909668e-01
1.099940687417984009e-01
3.514714837074279785e-01
3.039933368563652039e-02
8.161964416503906250e-01
1.392123401165008545e-01
4.086213931441307068e-02
8.360731601715087891e-01
2.911072969436645508e-01
7.855167984962463379e-01
5.525081232190132141e-02
6.672800779342651367e-01
5.925309062004089355e-01
8.528996706008911133e-01
2.566343843936920166e-01
8.980724215507507324e-01
4.014790803194046021e-02
3.881388902664184570e-01
5.091048777103424072e-02
8.062731027603149414e-01
6.163479387760162354e-02
3.896196782588958740e-01
4.517679512500762939e-01
4.846642613410949707e-01
3.272269368171691895e-01
7.364033162593841553e-02
7.096931338310241699e-01
7.943373918533325195e-01
3.348052799701690674e-01
4.994346201419830322e-01
4.241118952631950378e-02
1.088477373123168945e-01
8.691452741622924805e-01
4.247207343578338623e-01
1.860687732696533203e-01
2.318947762250900269e-01
4.851321130990982056e-02
1.318901777267456055e-01
6.542761623859405518e-02
2.713182568550109863e-01
9.323520064353942871e-01
4.924624860286712646e-01
7.751744985580444336e-01
1.616720408201217651e-01
8.100091814994812012e-01
9.895235300064086914e-02
3.297619223594665527e-01
3.983245417475700378e-02
3.190673515200614929e-02
3.781266510486602783e-01
8.914309144020080566e-01
9.318695068359375000e-01
2.844612598419189453e-01
1.010562777519226074e-01
7.468443512916564941e-01
9.285338521003723145e-01
7.620368003845214844e-01
1.007366627454757690e-01
1.709267944097518921e-01
7.384092807769775391e-01
7.255859971046447754e-01
8.420658707618713379e-01
3.911456093192100525e-02
8.919729590415954590e-01
8.814485073089599609e-01
7.939632236957550049e-02
8.959887027740478516e-01
6.622237563133239746e-01
3.006127104163169861e-02
2.683856189250946045e-01
2.474630922079086304e-01
8.796405792236328125e-01
9.607507288455963135e-02
3.052364587783813477e-01
3.587114810943603516e-01
1.533015221357345581e-01
7.477988600730895996e-01
8.639935255050659180e-01
5.826253890991210938e-01
3.262538462877273560e-02
2.073148041963577271e-01
6.165266036987304688e-01
2.853714823722839355e-01
4.392112493515014648e-01
3.761883676052093506e-01
1.429599076509475708e-01
7.921682000160217285e-01
6.875840425491333008e-01
9.430429339408874512e-02
1.987338662147521973e-01
2.007212936878204346e-01
2.924479544162750244e-02
1.656448096036911011e-01
1.346086412668228149e-01
8.375068902969360352e-01
2.017565667629241943e-01
2.887454256415367126e-02
1.070138663053512573e-01
4.926500618457794189e-01
7.572932541370391846e-02
6.365744471549987793e-01
6.101271510124206543e-02
3.942649662494659424e-01
1.559080630540847778e-01
4.690948873758316040e-02
3.496170639991760254e-01
3.346059098839759827e-02
2.443746626377105713e-01
1.369332969188690186e-01
8.373173326253890991e-02
4.828315973281860352e-02
4.752063006162643433e-02
2.311891019344329834e-01
9.105326980352401733e-02
3.297206386923789978e-02
1.269378066062927246e-01
3.445726335048675537e-01
3.046677708625793457e-01
5.043538212776184082e-01
6.404895335435867310e-02
4.919452965259552002e-02
6.427631378173828125e-01
4.705183506011962891e-01
4.530746117234230042e-02
9.458757638931274414e-01
5.838481783866882324e-01
3.793992996215820312e-01
4.381162673234939575e-02
2.954246699810028076e-01
3.679457679390907288e-02
8.270597457885742188e-02
1.834454685449600220e-01
5.890797078609466553e-02
5.255716443061828613e-01
9.111667871475219727e-01
8.670323491096496582e-01
9.359819442033767700e-02
1.264211684465408325e-01
9.023402631282806396e-02
2.922473549842834473e-01
5.954011678695678711e-01
2.925506234169006348e-01
5.810775756835937500e-01
1.917352974414825439e-01
9.396025538444519043e-01
5.797963216900825500e-02
3.527872264385223389e-01
8.418465852737426758e-01
4.219493567943572998e-01
8.036965727806091309e-01
3.836607635021209717e-01
4.015249311923980713e-01
9.010657668113708496e-02
9.292445182800292969e-01
6.695365905761718750e-01
2.748495340347290039e-01
7.613787651062011719e-01
2.391820996999740601e-01
6.939449906349182129e-01
2.500183284282684326e-01
7.266640663146972656e-02
2.723809517920017242e-02
3.502855598926544189e-01
1.876909136772155762e-01
4.668919369578361511e-02
9.874907881021499634e-02
9.163979887962341309e-01
7.498110830783843994e-02
3.908257186412811279e-02
6.141666322946548462e-02
3.315035253763198853e-02
7.493902742862701416e-02
6.964543461799621582e-02
4.773574322462081909e-02
4.971842467784881592e-02
4.845222830772399902e-01
2.609655559062957764e-01
8.053109645843505859e-01
8.220527172088623047e-01
9.055715203285217285e-01
1.285586655139923096e-01
7.008405029773712158e-02
3.459058701992034912e-01
8.366488814353942871e-01
4.634074866771697998e-02
2.876550257205963135e-01
4.445047378540039062e-01
2.782148867845535278e-02
8.941631913185119629e-01
1.060083955526351929e-01
4.874662756919860840e-01
4.527766630053520203e-02
2.202980965375900269e-01
3.070535361766815186e-01
8.886817097663879395e-01
8.105240017175674438e-02
3.855787813663482666e-01
5.839572846889495850e-02
4.101254642009735107e-01
2.336258143186569214e-01
7.518433779478073120e-02
3.740592300891876221e-01
2.130649685859680176e-01
4.024429619312286377e-02
1.962298005819320679e-01
1.423458307981491089e-01
3.110335469245910645e-01
5.642062425613403320e-01
8.968858122825622559e-01
8.039408922195434570e-01
1.398124694824218750e-01
