2.895345538854598999e-02
8.874758481979370117e-01
3.997796028852462769e-02
8.138415813446044922e-01
6.390976905822753906e-02
5.419124662876129150e-02
3.502889573574066162e-01
2.050473839044570923e-01
8.414196372032165527e-01
4.692566394805908203e-02
6.255815625190734863e-01
6.016394495964050293e-01
7.231214046478271484e-01
4.907363653182983398e-01
1.992678046226501465e-01
1.248270422220230103e-01
4.699935391545295715e-02
7.942936420440673828e-01
9.402859807014465332e-01
2.154748886823654175e-01
6.328526735305786133e-01
9.307468533515930176e-01
1.710410416126251221e-01
9.492727369070053101e-02
3.536262214183807373e-01
4.087109118700027466e-02
7.558225393295288086e-01
1.142588928341865540e-01
2.678153216838836670e-01
1.598434001207351685e-01
2.449877858161926270e-01
1.954829879105091095e-02
8.025897145271301270e-01
3.388779610395431519e-02
1.095044910907745361e-01
6.065576523542404175e-02
4.056504368782043457e-02
1.310901641845703125e-01
4.537380933761596680e-01
9.319404959678649902e-01
1.280912011861801147e-01
2.165079712867736816e-01
5.573159456253051758e-02
1.622780412435531616e-01
8.972124010324478149e-02
7.538268715143203735e-02
1.367444843053817749e-01
2.825197577476501465e-01
2.763344161212444305e-02
9.163715243339538574e-01
1.012951284646987915e-01
2.728179842233657837e-02
1.670231223106384277e-01
2.045362144708633423e-01
1.225355193018913269e-01
7.482213526964187622e-02
9.219092130661010742e-01
4.556630179286003113e-02
1.432965248823165894e-01
2.378780543804168701e-01
2.571640014648437500e-01
1.082117334008216858e-01
7.204808294773101807e-02
3.364611044526100159e-02
9.053509682416915894e-02
7.869290560483932495e-02
3.666886687278747559e-02
3.768209815025329590e-01
6.367833614349365234e-01
5.722705125808715820e-01
6.304828077554702759e-02
8.257118463516235352e-01
5.293790102005004883e-01
1.572217643260955811e-01
5.539809167385101318e-02
4.976531863212585449e-02
3.057186678051948547e-02
3.301851823925971985e-02
3.365313261747360229e-02
6.174788996577262878e-02
8.744575381278991699e-01
1.670905500650405884e-01
8.706857562065124512e-01
8.793024420738220215e-01
9.364719986915588379e-01
7.373468279838562012e-01
8.309669047594070435e-02
4.761766269803047180e-02
7.525297999382019043e-01
4.051164090633392334e-01
5.742462277412414551e-01
6.684516370296478271e-02
4.089127853512763977e-02
2.510581910610198975e-01
2.472580224275588989e-01
5.909083485603332520e-01
5.019368529319763184e-01
8.769461512565612793e-01
8.508741855621337891e-02
4.731930047273635864e-02
6.588697433471679688e-01
1.391331255435943604e-01
3.839749097824096680e-01
2.320165932178497314e-01
6.004194617271423340e-01
1.789180040359497070e-01
6.804938614368438721e-02
2.335800975561141968e-01
8.860822767019271851e-02
1.173967719078063965e-01
1.591611057519912720e-01
3.433718159794807434e-02
4.205013066530227661e-02
9.413958191871643066e-01
1.329197883605957031e-01
6.060433760285377502e-02
9.177971482276916504e-01
4.029799252748489380e-02
2.474978864192962646e-01
8.382463455200195312e-01
2.306920848786830902e-02
6.462091207504272461e-02
1.985201835632324219e-01
6.895020008087158203e-01
9.316179156303405762e-01
1.610700786113739014e-01
1.174056828022003174e-01
1.380219906568527222e-01
6.189236417412757874e-02
1.109073758125305176e-01
9.370339512825012207e-01
2.961049973964691162e-01
8.728726506233215332e-01
1.872872561216354370e-01
6.449342370033264160e-01
7.242925763130187988e-01
9.114824533462524414e-01
3.160457909107208252e-01
3.634019494056701660e-01
3.745548054575920105e-02
7.271257042884826660e-01
4.557988643646240234e-01
3.135480284690856934e-01
4.789365828037261963e-01
1.458231955766677856e-01
3.659063205122947693e-02
8.378275632858276367e-01
4.409420192241668701e-01
3.875690400600433350e-01
9.383524209260940552e-02
3.904662653803825378e-02
7.715349644422531128e-02
4.029588997364044189e-01
1.470281034708023071e-01
1.121193692088127136e-01
9.689884632825851440e-02
1.246123760938644409e-01
1.158438622951507568e-01
3.550653755664825439e-01
7.448257803916931152e-01
3.460781872272491455e-01
8.718993067741394043e-01
2.548455595970153809e-01
3.915869891643524170e-01
8.223412632942199707e-01
2.903921604156494141e-01
2.386036664247512817e-01
2.633830308914184570e-01
8.700013160705566406e-02
8.129509091377258301e-01
6.070140749216079712e-02
2.902333065867424011e-02
3.104978799819946289e-01
8.387671113014221191e-01
4.995974525809288025e-02
9.269607067108154297e-01
4.264240860939025879e-01
5.881685018539428711e-02
8.045762181282043457e-01
2.825273871421813965e-01
7.090647518634796143e-02
3.613725304603576660e-02
9.605751186609268188e-02
3.302896618843078613e-01
2.279374301433563232e-01
5.902725458145141602e-02
3.556178510189056396e-01
4.396511912345886230e-01
4.766071438789367676e-01
6.725810170173645020e-01
4.371846467256546021e-02
8.878974318504333496e-01
1.916157752275466919e-01
7.246432900428771973e-01
2.170701473951339722e-01
7.785125374794006348e-01
1.740405559539794922e-01
8.984383940696716309e-02
3.705340325832366943e-01
3.619336709380149841e-02
4.458900541067123413e-02
9.025832265615463257e-02
8.720710277557373047e-01
1.074004471302032471e-01
8.762799501419067383e-01
9.213726520538330078e-01
7.638702392578125000e-01
7.806807011365890503e-02
9.444885253906250000e-01
3.856919109821319580e-01
3.361905515193939209e-01
5.668291077017784119e-02
1.916100978851318359e-01
6.310230493545532227e-01
1.600457578897476196e-01
2.106872573494911194e-02
8.441358208656311035e-01
8.337299227714538574e-01
8.306226730346679688e-01
3.707854822278022766e-02
9.196672439575195312e-01
9.465774297714233398e-01
8.711041808128356934e-01
1.444482058286666870e-01
6.079238653182983398e-02
8.431881666183471680e-02
7.971916198730468750e-01
5.107143521308898926e-01
6.039801612496376038e-02
8.398310542106628418e-01
6.803655624389648438e-01
9.042845368385314941e-01
4.468743503093719482e-02
8.093851804733276367e-01
8.440291285514831543e-01
4.159768819808959961e-01
9.122218489646911621e-01
9.296297430992126465e-01
9.453979134559631348e-02
2.670723497867584229e-01
7.670023441314697266e-01
2.484818994998931885e-01
6.650159358978271484e-01
1.372730284929275513e-01
2.232028990983963013e-01
2.150269746780395508e-01
3.338269144296646118e-02
9.394742846488952637e-01
3.073474951088428497e-02
8.721594810485839844e-01
3.811827600002288818e-01
1.914502680301666260e-01
1.224461868405342102e-01
9.791617840528488159e-02
4.491049051284790039e-02
2.915013395249843597e-02
2.866174280643463135e-01
6.772930026054382324e-01
1.376235485076904297e-01
7.558929324150085449e-01
8.025186508893966675e-02
6.437190175056457520e-01
4.198215007781982422e-01
7.963921129703521729e-02
4.500360488891601562e-01
4.993657767772674561e-01
1.333804875612258911e-01
5.095951557159423828e-01
1.548430025577545166e-01
8.484227061271667480e-01
7.163597345352172852e-01
9.267905354499816895e-01
5.574448704719543457e-01
5.383603572845458984e-01
4.759830832481384277e-01
8.014371991157531738e-02
8.752564191818237305e-01
3.755913302302360535e-02
8.803634047508239746e-01
1.133801713585853577e-01
1.015733852982521057e-01
9.354137182235717773e-01
1.955316513776779175e-01
6.337642669677734375e-01
7.080683708190917969e-01
1.871710121631622314e-01
4.464419558644294739e-02
8.798915147781372070e-02
2.131942957639694214e-01
3.865095227956771851e-02
6.543197482824325562e-02
5.412874221801757812e-01
7.269650697708129883e-01
2.819513976573944092e-01
7.737053185701370239e-02
2.355650998651981354e-02
1.201985105872154236e-01
8.704128265380859375e-01
5.065313577651977539e-01
6.198362633585929871e-02
9.186181426048278809e-01
4.425179660320281982e-01
2.530493773519992828e-02
2.448570579290390015e-01
1.074790209531784058e-01
4.936973005533218384e-02
4.909469187259674072e-02
5.620562434196472168e-01
9.042202830314636230e-01
4.619767069816589355e-01
4.662642180919647217e-01
6.156671792268753052e-02
7.788894325494766235e-02
3.781799972057342529e-02
7.567781209945678711e-01
3.034270405769348145e-01
9.290573000907897949e-01
8.994153738021850586e-01
9.323214739561080933e-02
5.184032395482063293e-02
7.303315401077270508e-01
2.617054283618927002e-01
7.460868358612060547e-01
9.282333254814147949e-01
4.662331640720367432e-01
6.193721890449523926e-01
1.148952543735504150e-01
3.504195436835289001e-02
3.336698561906814575e-02
3.869899734854698181e-02
2.906858362257480621e-02
2.038013190031051636e-01
2.720755338668823242e-01
3.475262597203254700e-02
1.416447907686233521e-01
8.972883820533752441e-01
1.655756831169128418e-01
8.533535897731781006e-02
1.476276218891143799e-01
3.662626147270202637e-01
5.275148525834083557e-02
4.128746092319488525e-01
3.570653796195983887e-01
4.039827585220336914e-01
8.926053047180175781e-01
7.284676283597946167e-02
2.626380324363708496e-01
4.586483240127563477e-01
1.773161441087722778e-01
8.484117984771728516e-01
3.001404367387294769e-02
2.897210419178009033e-02
4.902233555912971497e-02
9.530704468488693237e-02
3.892273306846618652e-01
7.444643229246139526e-02
8.567728996276855469e-01
1.091616824269294739e-01
1.134675666689872742e-01
3.104022741317749023e-01
5.655292794108390808e-02
6.381808519363403320e-01
2.112549543380737305e-01
9.190473705530166626e-02
7.437055110931396484e-01
1.543944627046585083e-01
1.923598349094390869e-01
9.399780035018920898e-01
1.807810515165328979e-01
2.574759423732757568e-01
2.900616228580474854e-01
3.422562032938003540e-02
4.602234065532684326e-01
1.004817858338356018e-01
2.577250450849533081e-02
6.611055135726928711e-02
1.385348886251449585e-01
1.116821393370628357e-01
9.123496413230895996e-01
7.382246106863021851e-02
3.132226690649986267e-02
4.311168566346168518e-02
8.978590965270996094e-01
4.650236368179321289e-01
1.706527322530746460e-01
1.455813050270080566e-01
3.545221388339996338e-01
8.827848732471466064e-02
1.110184341669082642e-01
6.815127134323120117e-01
3.443372622132301331e-02
8.691591769456863403e-02
5.374296754598617554e-02
6.521625071763992310e-02
1.663524508476257324e-01
7.378676533699035645e-02
5.985473990440368652e-01
2.560593783855438232e-01
6.814964413642883301e-01
1.837719231843948364e-01
4.133977591991424561e-01
9.917383641004562378e-02
7.767770290374755859e-01
2.719944119453430176e-01
8.449590206146240234e-01
8.227456212043762207e-01
8.780227303504943848e-01
5.505362153053283691e-01
4.140913486480712891e-01
1.333235502243041992e-01
2.584007382392883301e-01
2.505915053188800812e-02
4.224330484867095947e-01
7.186877727508544922e-01
8.730964660644531250e-01
5.646698549389839172e-02
1.922860443592071533e-01
2.365267872810363770e-01
2.992949187755584717e-01
7.255861163139343262e-02
2.752937003970146179e-02
7.712283730506896973e-01
6.651967167854309082e-01
1.903404295444488525e-02
5.318250134587287903e-02
4.979472160339355469e-01
3.878554329276084900e-02
2.025404125452041626e-01
3.062642514705657959e-01
3.382245302200317383e-01
7.656632363796234131e-02
4.059178382158279419e-02
7.429543137550354004e-01
7.380936741828918457e-01
6.465558707714080811e-02
2.299363762140274048e-01
5.502552986145019531e-01
3.505983203649520874e-02
7.648113369941711426e-01
3.429511487483978271e-01
2.062335908412933350e-01
2.932413108646869659e-02
2.629081718623638153e-02
8.428699374198913574e-01
6.417787820100784302e-02
5.382760167121887207e-01
3.121807798743247986e-02
8.834830522537231445e-01
5.604330822825431824e-02
3.238710388541221619e-02
2.906312346458435059e-01
9.117864966392517090e-01
6.433091163635253906e-01
1.877595782279968262e-01
4.514141753315925598e-02
5.172719955444335938e-01
4.523045718669891357e-01
1.093116700649261475e-01
4.860513657331466675e-02
2.708596587181091309e-01
1.632040143013000488e-01
2.872795164585113525e-01
3.156782686710357666e-02
3.930952772498130798e-02
2.543989010155200958e-02
1.515799760818481445e-01
9.235479235649108887e-01
6.551449298858642578e-01
3.994852676987648010e-02
9.519499540328979492e-01
1.369888782501220703e-01
5.083280205726623535e-01
2.242371253669261932e-02
8.448141217231750488e-01
7.045339345932006836e-01
7.799894362688064575e-02
8.825994133949279785e-01
9.030983448028564453e-01
2.222450673580169678e-01
1.914594881236553192e-02
5.457655191421508789e-01
5.265850424766540527e-01
1.264901459217071533e-01
1.793954372406005859e-01
8.072642236948013306e-02
1.077309772372245789e-01
1.946521550416946411e-01
4.969317466020584106e-02
5.389250814914703369e-02
7.076127529144287109e-01
7.658524066209793091e-02
2.242045551538467407e-01
5.119822174310684204e-02
8.196466565132141113e-01
7.077894210815429688e-01
1.831996738910675049e-01
6.989961862564086914e-02
4.412147700786590576e-01
1.745662838220596313e-01
1.326198428869247437e-01
8.197561502456665039e-01
2.987014502286911011e-02
7.497392892837524414e-01
9.232932925224304199e-01
4.700311422348022461e-01
3.421938419342041016e-02
7.591745853424072266e-01
9.222657978534698486e-02
8.107999563217163086e-01
4.125874489545822144e-02
1.119271218776702881e-01
2.964981198310852051e-01
8.540394902229309082e-01
2.071460634469985962e-01
6.368662714958190918e-01
2.574759423732757568e-01
3.954305350780487061e-01
5.904902815818786621e-01
6.487825512886047363e-02
1.831068843603134155e-01
1.161468178033828735e-01
7.037334442138671875e-01
2.066409885883331299e-01
2.192878574132919312e-01
7.692487239837646484e-01
3.762106969952583313e-02
1.212238669395446777e-01
9.171466231346130371e-01
6.056164950132369995e-02
9.122879505157470703e-01
1.986826062202453613e-01
1.503397226333618164e-01
1.040865033864974976e-01
2.820606343448162079e-02
7.774203419685363770e-01
4.411996304988861084e-01
2.013874650001525879e-01
8.111357688903808594e-01
9.192003011703491211e-01
9.377713799476623535e-01
9.470185637474060059e-01
4.637643322348594666e-02
2.827728390693664551e-01
2.673345804214477539e-01
3.191540837287902832e-01
9.249525070190429688e-01
4.058911800384521484e-01
2.807069122791290283e-01
1.718889623880386353e-01
8.370643854141235352e-02
9.188801050186157227e-01
2.095024660229682922e-02
1.592327803373336792e-01
7.454605698585510254e-01
9.389474242925643921e-02
5.625935271382331848e-02
2.363937944173812866e-01
2.137508392333984375e-01
9.337218999862670898e-01
8.086916059255599976e-02
2.074616588652133942e-02
1.709578335285186768e-01
8.283207416534423828e-01
9.370055794715881348e-01
3.509118780493736267e-02
5.065342187881469727e-01
2.329078689217567444e-02
7.041406035423278809e-01
2.810820341110229492e-01
8.383967280387878418e-01
6.749581694602966309e-01
6.714003533124923706e-02
3.375032246112823486e-01
9.034168124198913574e-01
1.939532719552516937e-02
3.274847939610481262e-02
8.887417912483215332e-01
1.914994418621063232e-02
1.773963272571563721e-01
2.628623843193054199e-01
7.446144819259643555e-01
2.574391290545463562e-02
7.430998682975769043e-01
1.235963106155395508e-01
6.452032178640365601e-02
2.769603021442890167e-02
3.796012699604034424e-01
9.034700393676757812e-01
8.545278906822204590e-01
8.738514780998229980e-01
2.848138213157653809e-01
2.234943956136703491e-01
1.135251447558403015e-01
2.319239079952239990e-01
4.960586130619049072e-02
6.404207646846771240e-02
4.989135265350341797e-02
8.984213471412658691e-01
9.044777750968933105e-01
9.181115627288818359e-01
2.388338148593902588e-01
4.955835640430450439e-01
3.141048178076744080e-02
6.188815832138061523e-02
9.242962002754211426e-01
2.304223328828811646e-01
7.345400005578994751e-02
3.866763785481452942e-02
4.041038453578948975e-02
3.172861412167549133e-02
1.005071774125099182e-01
8.974824547767639160e-01
3.023748695850372314e-01
3.211205080151557922e-02
4.348260164260864258e-02
1.136084720492362976e-01
6.953405737876892090e-01
2.409509941935539246e-02
1.631201952695846558e-01
6.022305488586425781e-01
9.400804042816162109e-01
6.670744717121124268e-02
3.662078455090522766e-02
1.903916448354721069e-01
5.148070454597473145e-01
4.629262089729309082e-01
5.121434479951858521e-02
4.089769124984741211e-01
9.272587895393371582e-01
8.118577599525451660e-01
7.289977669715881348e-01
1.758992075920104980e-01
6.056063249707221985e-02
8.988090157508850098e-01
2.108780890703201294e-01
2.728282213211059570e-01
4.496133029460906982e-01
6.992982625961303711e-01
3.834303095936775208e-02
4.252221807837486267e-02
4.584691300988197327e-02
2.839503884315490723e-01
1.620673090219497681e-01
2.356978878378868103e-02
2.563513815402984619e-01
7.514123320579528809e-01
2.678175866603851318e-01
7.926980257034301758e-01
3.011361360549926758e-01
2.260324805974960327e-01
2.305569946765899658e-01
9.185383468866348267e-02
8.850599527359008789e-01
9.362592697143554688e-01
2.776344679296016693e-02
9.367483854293823242e-01
9.350543022155761719e-01
7.666763663291931152e-01
9.937424212694168091e-02
8.139972686767578125e-01
7.441787421703338623e-02
2.324823588132858276e-01
7.188181877136230469e-01
8.535959124565124512e-01
8.804035186767578125e-01
1.107094362378120422e-01
8.553335070610046387e-02
3.739899098873138428e-01
7.649925351142883301e-01
2.209342867136001587e-01
3.148707449436187744e-01
4.384698569774627686e-01
5.165327191352844238e-01
2.805525958538055420e-01
3.649678230285644531e-01
6.820482015609741211e-01
7.235868275165557861e-02
3.275561928749084473e-01
6.800914406776428223e-01
6.635073423385620117e-01
3.723638504743576050e-02
2.885312139987945557e-01
3.586053475737571716e-02
6.058111786842346191e-01
8.355320692062377930e-01
4.548220038414001465e-01
8.972841501235961914e-02
5.145888775587081909e-02
4.155518114566802979e-01
9.460151791572570801e-01
3.343122899532318115e-01
8.449141979217529297e-01
2.913991361856460571e-02
2.643941529095172882e-02
2.580524049699306488e-02
9.337867498397827148e-01
1.939624249935150146e-01
8.182486891746520996e-01
6.661717891693115234e-01
3.584164381027221680e-01
4.240266978740692139e-02
2.384844608604907990e-02
7.598589062690734863e-01
9.264193773269653320e-01
2.533123828470706940e-02
8.773688226938247681e-02
9.285302758216857910e-01
1.374410986900329590e-01
2.775285392999649048e-02
2.586079239845275879e-01
3.936945647001266479e-02
1.589635908603668213e-01
2.061134129762649536e-01
6.243873834609985352e-01
6.966697424650192261e-02
6.816990673542022705e-02
1.902533471584320068e-01
3.511325418949127197e-01
7.308688759803771973e-01
3.893453776836395264e-01
1.096698343753814697e-01
5.556730180978775024e-02
1.886144131422042847e-01
4.111957922577857971e-02
2.158630937337875366e-01
4.706326872110366821e-02
1.038717851042747498e-01
3.892388939857482910e-02
3.318018913269042969e-01
9.394452571868896484e-01
4.928048327565193176e-02
6.924004554748535156e-01
2.885041385889053345e-02
2.031061053276062012e-01
2.409587800502777100e-01
2.205423712730407715e-01
3.027934730052947998e-01
9.272774457931518555e-01
7.257144898176193237e-02
1.224991604685783386e-01
1.878589950501918793e-02
3.998053073883056641e-02
1.501354277133941650e-01
6.305425763130187988e-01
5.547425150871276855e-01
1.737861484289169312e-01
9.157645106315612793e-01
5.095502734184265137e-01
5.151459574699401855e-01
1.844399124383926392e-01
1.224987134337425232e-01
9.011429548263549805e-01
5.136926099658012390e-02
2.131686732172966003e-02
9.272937178611755371e-01
8.801669478416442871e-01
8.117232918739318848e-01
6.201808452606201172e-01
5.045416206121444702e-02
4.732846021652221680e-01
5.602493509650230408e-02
1.006248742341995239e-01
6.815869212150573730e-01
2.775700762867927551e-02
3.039383888244628906e-02
3.949429094791412354e-02
8.487713336944580078e-02
8.903965950012207031e-01
6.019839048385620117e-01
3.697705864906311035e-01
4.629591107368469238e-02
9.114140272140502930e-01
8.890163302421569824e-01
4.239977523684501648e-02
9.343471527099609375e-01
6.391121149063110352e-01
6.904094815254211426e-01
4.538204148411750793e-02
9.247300028800964355e-01
2.226877212524414062e-01
7.305521517992019653e-02
8.903812170028686523e-01
2.233766913414001465e-01
8.209859728813171387e-01
1.601620316505432129e-01
2.754954099655151367e-01
4.485791623592376709e-01
4.532052874565124512e-01
5.642284154891967773e-01
9.287413954734802246e-01
1.297212243080139160e-01
3.814506828784942627e-01
2.912729233503341675e-02
8.189422488212585449e-01
1.118428930640220642e-01
3.184359148144721985e-02
8.580904603004455566e-01
7.192553877830505371e-01
8.322558403015136719e-01
5.770437046885490417e-02
6.981930732727050781e-01
5.357358455657958984e-01
8.807432055473327637e-01
2.120158225297927856e-01
9.232795834541320801e-01
5.028169974684715271e-02
3.888928294181823730e-01
3.545146435499191284e-02
8.217820525169372559e-01
6.312073022127151489e-02
5.977011919021606445e-01
3.838181495666503906e-01
5.875056982040405273e-01
5.489409565925598145e-01
9.153439104557037354e-02
6.817677617073059082e-01
9.037726521492004395e-01
4.109084010124206543e-01
7.564221620559692383e-01
8.308473974466323853e-02
2.387629598379135132e-01
9.149178266525268555e-01
5.052099227905273438e-01
1.266898214817047119e-01
2.216057479381561279e-01
4.591080546379089355e-02
8.806676417589187622e-02
1.505319476127624512e-01
1.628099828958511353e-01
9.416649937629699707e-01
4.067343473434448242e-01
7.893182635307312012e-01
1.904153972864151001e-01
9.183534979820251465e-01
1.307927519083023071e-01
3.306785225868225098e-01
2.717776969075202942e-02
2.557735703885555267e-02
3.293542861938476562e-01
9.238898158073425293e-01
9.167700409889221191e-01
4.683826565742492676e-01
5.957501381635665894e-02
7.540635466575622559e-01
9.247602820396423340e-01
7.092980146408081055e-01
9.686171263456344604e-02
5.432129502296447754e-01
8.270929455757141113e-01
7.390922307968139648e-01
8.588105440139770508e-01
2.960552647709846497e-02
9.245777726173400879e-01
8.871987462043762207e-01
4.346024692058563232e-01
9.071286916732788086e-01
7.259714007377624512e-01
2.674905955791473389e-02
5.294476151466369629e-01
2.442339509725570679e-01
9.037908315658569336e-01
4.464931413531303406e-02
4.828163683414459229e-01
3.248172998428344727e-01
2.901867032051086426e-01
8.206048607826232910e-01
8.937563896179199219e-01
7.079566717147827148e-01
2.788519486784934998e-02
1.443347930908203125e-01
4.910089969635009766e-01
2.922573983669281006e-01
3.937668800354003906e-01
1.536201536655426025e-01
3.812327682971954346e-01
7.803289294242858887e-01
8.011700510978698730e-01
5.759889259934425354e-02
2.436516284942626953e-01
2.574759423732757568e-01
2.444244734942913055e-02
2.217717319726943970e-01
6.798563897609710693e-02
8.824400901794433594e-01
1.596622765064239502e-01
2.119859494268894196e-02
2.811938524246215820e-01
4.388410449028015137e-01
3.800941258668899536e-02
4.014770686626434326e-01
1.515148282051086426e-01
5.631057024002075195e-01
1.752851456403732300e-01
3.443861752748489380e-02
6.864314675331115723e-01
3.384865820407867432e-02
3.062950968742370605e-01
1.892860382795333862e-01
1.323387920856475830e-01
5.379040911793708801e-02
3.292952850461006165e-02
4.464984834194183350e-01
6.169760599732398987e-02
2.311705984175205231e-02
2.056302726268768311e-01
3.838222026824951172e-01
6.714358329772949219e-01
7.071318626403808594e-01
8.515777438879013062e-02
4.928049072623252869e-02
6.434965729713439941e-01
5.492755174636840820e-01
3.562439233064651489e-02
9.452199935913085938e-01
8.083059191703796387e-01
1.790059804916381836e-01
4.417854920029640198e-02
3.499434590339660645e-01
2.441632188856601715e-02
3.358035907149314880e-02
1.143653914332389832e-01
6.012980267405509949e-02
5.837085247039794922e-01
8.849035501480102539e-01
8.843500018119812012e-01
6.423231959342956543e-02
9.687928855419158936e-02
1.209824308753013611e-01
1.467155814170837402e-01
7.644844651222229004e-01
2.114339023828506470e-01
7.111781835556030273e-01
3.946162164211273193e-01
9.413498640060424805e-01
1.290050595998764038e-01
3.171687126159667969e-01
8.935711979866027832e-01
6.946191936731338501e-02
9.134954810142517090e-01
4.984471201896667480e-01
3.166311085224151611e-01
1.892524808645248413e-01
9.374814033508300781e-01
8.016697168350219727e-01
2.894559800624847412e-01
8.323197364807128906e-01
2.706358432769775391e-01
8.898652791976928711e-01
8.110620826482772827e-02
3.997086733579635620e-02
2.026532776653766632e-02
3.528226017951965332e-01
1.468781530857086182e-01
3.110539354383945465e-02
7.950726151466369629e-02
9.341021180152893066e-01
3.623181581497192383e-02
3.383364528417587280e-02
4.330264404416084290e-02
2.488905750215053558e-02
1.272190511226654053e-01
5.424062162637710571e-02
2.602411247789859772e-02
4.672516882419586182e-02
4.170949161052703857e-01
2.006445825099945068e-01
8.112163543701171875e-01
7.877226471900939941e-01
9.309747815132141113e-01
1.271918267011642456e-01
8.515760302543640137e-02
3.897211253643035889e-01
8.391098380088806152e-01
1.042618304491043091e-01
3.121938407421112061e-01
4.906748235225677490e-01
2.146434038877487183e-02
9.263475537300109863e-01
1.696380227804183960e-01
4.620549678802490234e-01
2.659664489328861237e-02
1.217001006007194519e-01
4.661086797714233398e-01
8.989918231964111328e-01
6.021506711840629578e-02
2.744202017784118652e-01
3.898023068904876709e-02
4.630788266658782959e-01
3.483505249023437500e-01
1.121624484658241272e-01
2.927503585815429688e-01
1.983479410409927368e-01
2.492417953908443451e-02
2.474691122770309448e-01
1.828010678291320801e-01
3.903124034404754639e-01
5.898125097155570984e-02
9.178791642189025879e-01
8.749942183494567871e-01
1.346825659275054932e-01
