4.218056425452232361e-02
9.179407358169555664e-01
1.429315805435180664e-01
8.656131625175476074e-01
1.927107572555541992e-01
4.419752955436706543e-02
1.889164298772811890e-01
1.628726124763488770e-01
8.053441643714904785e-01
1.060369461774826050e-01
1.187836378812789917e-01
1.370273083448410034e-01
7.268147468566894531e-01
4.774794876575469971e-01
1.583109945058822632e-01
2.329438477754592896e-01
9.202349931001663208e-02
6.264398097991943359e-01
9.095740914344787598e-01
1.981278955936431885e-01
5.348650813102722168e-01
7.101510167121887207e-01
5.792504549026489258e-02
5.183679237961769104e-02
1.264397054910659790e-01
5.310340970754623413e-02
5.448542237281799316e-01
1.850447654724121094e-01
2.659699320793151855e-01
2.430830597877502441e-01
1.708433926105499268e-01
3.448957577347755432e-02
7.609294056892395020e-01
6.995546072721481323e-02
1.958162784576416016e-01
1.682376712560653687e-01
2.918561100959777832e-01
9.638299793004989624e-02
1.770285665988922119e-01
8.936727643013000488e-01
1.281535029411315918e-01
1.201012730598449707e-01
8.439052850008010864e-02
7.429612427949905396e-02
4.167890921235084534e-02
1.511120945215225220e-01
2.032712250947952271e-01
6.400870084762573242e-01
3.797713294625282288e-02
5.116799473762512207e-01
6.932257860898971558e-02
5.183915048837661743e-02
1.612810045480728149e-01
2.010474801063537598e-01
1.203589662909507751e-01
8.479920029640197754e-02
7.929508686065673828e-01
1.575991064310073853e-01
1.339338272809982300e-01
1.918770074844360352e-01
1.988412886857986450e-01
1.132766604423522949e-01
5.730267986655235291e-02
8.576484024524688721e-02
8.694992214441299438e-02
1.806438416242599487e-01
9.326210618019104004e-02
3.836984559893608093e-02
3.680028021335601807e-01
1.177024990320205688e-01
5.169772356748580933e-02
8.131275177001953125e-01
3.061028122901916504e-01
7.327024638652801514e-02
4.470475614070892334e-01
6.414967030286788940e-02
5.273033306002616882e-02
3.578602522611618042e-02
1.357187777757644653e-01
1.017014384269714355e-01
8.110891580581665039e-01
5.303419232368469238e-01
6.318891048431396484e-01
2.598697841167449951e-01
6.462244391441345215e-01
3.198354840278625488e-01
8.291231095790863037e-02
1.237787678837776184e-01
7.994087934494018555e-01
2.282120436429977417e-01
7.344448566436767578e-01
8.706530928611755371e-02
7.493415474891662598e-02
4.639330804347991943e-01
2.841870188713073730e-01
2.982678413391113281e-01
1.708703190088272095e-01
7.997885942459106445e-01
7.995818555355072021e-02
7.539966702461242676e-02
3.630720376968383789e-01
1.431198865175247192e-01
3.385377526283264160e-01
8.575919270515441895e-02
1.512525230646133423e-01
6.581360101699829102e-02
6.392480432987213135e-02
4.995618164539337158e-01
3.451111912727355957e-01
2.351772338151931763e-01
2.886447310447692871e-01
4.025562852621078491e-02
1.100231558084487915e-01
9.141662716865539551e-01
2.314397245645523071e-01
6.161116808652877808e-02
8.127923607826232910e-01
5.963066965341567993e-02
1.354769617319107056e-01
4.678380787372589111e-01
3.453395143151283264e-02
5.883300676941871643e-02
1.558055728673934937e-01
3.696573674678802490e-01
8.617361187934875488e-01
5.855641141533851624e-02
7.933002710342407227e-02
2.332529425621032715e-01
5.482243373990058899e-02
8.196799457073211670e-02
8.891290426254272461e-01
3.461043834686279297e-01
8.568655252456665039e-01
1.347116082906723022e-01
4.670651555061340332e-01
2.048497498035430908e-01
6.867120862007141113e-01
2.081824094057083130e-01
3.000757694244384766e-01
5.929027497768402100e-02
4.512245953083038330e-01
4.524217545986175537e-01
5.891194343566894531e-01
1.773666590452194214e-01
1.523781418800354004e-01
8.460816740989685059e-02
4.013320803642272949e-01
7.330977916717529297e-01
3.557491302490234375e-01
1.014283150434494019e-01
5.274935439229011536e-02
1.318101733922958374e-01
4.469602555036544800e-02
1.309251934289932251e-01
1.354786604642868042e-01
9.795290976762771606e-02
2.106566727161407471e-01
1.965961605310440063e-01
1.542102545499801636e-01
5.202457308769226074e-01
1.891191899776458740e-01
4.992642402648925781e-01
8.592057973146438599e-02
2.123160511255264282e-01
7.566624879837036133e-01
4.304457604885101318e-01
3.719235062599182129e-01
1.882863044738769531e-01
1.249791085720062256e-01
1.805071234703063965e-01
1.015462875366210938e-01
6.349411606788635254e-02
2.601805627346038818e-01
6.635315418243408203e-01
6.597913056612014771e-02
8.896311521530151367e-01
1.565897315740585327e-01
4.865168407559394836e-02
6.985256671905517578e-01
1.970793455839157104e-01
1.405143439769744873e-01
7.070642709732055664e-02
1.418226957321166992e-01
1.476827412843704224e-01
9.403296560049057007e-02
8.518833667039871216e-02
1.899686157703399658e-01
3.360740244388580322e-01
2.315219193696975708e-01
2.018712162971496582e-01
8.382603526115417480e-02
5.769232511520385742e-01
1.091087833046913147e-01
4.985175132751464844e-01
2.623834013938903809e-01
4.936290085315704346e-01
3.961761668324470520e-02
1.846552044153213501e-01
3.988913595676422119e-01
4.689978808164596558e-02
4.205323383212089539e-02
7.277739793062210083e-02
7.916468381881713867e-01
2.023333460092544556e-01
3.976969718933105469e-01
8.214352726936340332e-01
1.882595866918563843e-01
6.451044976711273193e-02
9.146330952644348145e-01
6.135202944278717041e-02
1.773593425750732422e-01
5.534708499908447266e-02
1.583434343338012695e-01
3.449941873550415039e-01
3.362879753112792969e-01
4.402232170104980469e-02
8.205049633979797363e-01
2.253000140190124512e-01
6.680979728698730469e-01
7.360681891441345215e-02
8.368843197822570801e-01
9.142634868621826172e-01
5.248692631721496582e-01
1.069000735878944397e-01
1.253549158573150635e-01
7.210532575845718384e-02
5.263923406600952148e-01
4.080525040626525879e-01
1.970991641283035278e-01
4.688070714473724365e-01
2.727758884429931641e-01
8.377307057380676270e-01
8.957768231630325317e-02
7.095770239830017090e-01
8.439565896987915039e-01
2.368781119585037231e-01
2.907646000385284424e-01
8.744002580642700195e-01
2.260033935308456421e-01
1.133453547954559326e-01
7.439844012260437012e-01
1.606260836124420166e-01
2.879911959171295166e-01
1.091157570481300354e-01
1.555358022451400757e-01
1.783567816019058228e-01
5.874394252896308899e-02
8.924914002418518066e-01
4.643325880169868469e-02
6.741142868995666504e-01
3.086819946765899658e-01
9.494095295667648315e-02
1.558060944080352783e-01
7.125414907932281494e-02
7.766580581665039062e-02
9.687864780426025391e-02
1.504333764314651489e-01
5.087879896163940430e-01
1.253610104322433472e-01
5.831189155578613281e-01
5.465145409107208252e-02
4.204554557800292969e-01
1.126760914921760559e-01
5.989829823374748230e-02
7.295678555965423584e-02
1.840101480484008789e-01
1.412704885005950928e-01
1.744125783443450928e-01
5.867238715291023254e-02
4.347860813140869141e-01
6.593248248100280762e-01
7.171813845634460449e-01
1.444235146045684814e-01
1.171728894114494324e-01
6.245939731597900391e-01
6.971947103738784790e-02
7.819794416427612305e-01
1.930511742830276489e-01
7.737600207328796387e-01
8.646573871374130249e-02
1.945028901100158691e-01
8.383954167366027832e-01
1.569664031267166138e-01
4.978103339672088623e-01
4.533407390117645264e-01
2.497585713863372803e-01
5.194187536835670471e-02
6.197245791554450989e-02
1.865668445825576782e-01
1.346576660871505737e-01
9.435213357210159302e-02
4.165748953819274902e-01
7.140693664550781250e-01
3.992278873920440674e-01
1.829541176557540894e-01
3.756024688482284546e-02
1.108473688364028931e-01
6.580007672309875488e-01
1.380891501903533936e-01
5.496046692132949829e-02
7.518822550773620605e-01
3.080727458000183105e-01
1.974014937877655029e-01
8.101369440555572510e-02
7.527043670415878296e-02
6.172038242220878601e-02
1.211946383118629456e-01
4.504598379135131836e-01
7.446762323379516602e-01
4.757210016250610352e-01
4.125463366508483887e-01
1.432822197675704956e-01
1.179982349276542664e-01
1.069482341408729553e-01
4.267995953559875488e-01
2.799448668956756592e-01
7.836838364601135254e-01
6.482708454132080078e-01
1.427031904458999634e-01
1.447261422872543335e-01
4.061252474784851074e-01
1.892301291227340698e-01
3.270072042942047119e-01
8.554598093032836914e-01
3.909898698329925537e-01
1.190053373575210571e-01
1.817521303892135620e-01
5.680057406425476074e-02
7.908412814140319824e-02
4.411444067955017090e-02
4.197763279080390930e-02
1.737868636846542358e-01
3.142580687999725342e-01
7.495046406984329224e-02
2.671610713005065918e-01
6.883885860443115234e-01
2.074030339717864990e-01
3.952167183160781860e-02
1.169904991984367371e-01
1.077990904450416565e-01
8.349636942148208618e-02
2.073742747306823730e-01
6.772422790527343750e-01
1.204891651868820190e-01
7.902132272720336914e-01
5.978922545909881592e-02
1.433151364326477051e-01
6.591413021087646484e-01
1.202312335371971130e-01
7.030777335166931152e-01
1.289808005094528198e-01
4.349930584430694580e-02
5.258819088339805603e-02
9.504805505275726318e-02
2.406304329633712769e-01
4.935343936085700989e-02
5.259413123130798340e-01
1.556991785764694214e-01
6.908050924539566040e-02
3.759666383266448975e-01
5.117976292967796326e-02
2.261951416730880737e-01
8.466320484876632690e-02
5.058827623724937439e-02
5.734743475914001465e-01
2.722661495208740234e-01
2.862071990966796875e-01
8.852368593215942383e-01
2.503139674663543701e-01
1.976960152387619019e-01
4.222181439399719238e-01
1.265952140092849731e-01
9.082213789224624634e-02
1.084037348628044128e-01
1.004766970872879028e-01
1.005878597497940063e-01
1.262556165456771851e-01
7.388196140527725220e-02
8.543407917022705078e-01
7.620836049318313599e-02
9.215665608644485474e-02
4.079200327396392822e-02
7.740404605865478516e-01
4.232375919818878174e-01
1.926549375057220459e-01
1.094629019498825073e-01
2.485786229372024536e-01
1.573895215988159180e-01
1.307452172040939331e-01
1.740567982196807861e-01
4.289836063981056213e-02
1.804625093936920166e-01
7.701060175895690918e-02
4.637418687343597412e-02
1.614192575216293335e-01
3.059030696749687195e-02
3.735632002353668213e-01
2.055175900459289551e-01
6.557053327560424805e-01
7.239879667758941650e-02
2.243801653385162354e-01
9.946639090776443481e-02
6.066361665725708008e-01
2.053905725479125977e-01
4.505786895751953125e-01
7.634460926055908203e-01
2.825984060764312744e-01
3.096118867397308350e-01
1.685419082641601562e-01
7.484778016805648804e-02
6.029072403907775879e-02
4.298562183976173401e-02
2.132721990346908569e-01
2.626542150974273682e-01
6.996423602104187012e-01
5.381384491920471191e-02
2.308048605918884277e-01
1.002428978681564331e-01
1.102636009454727173e-01
1.229988485574722290e-01
5.821689218282699585e-02
3.149210810661315918e-01
8.105351924896240234e-01
4.009803012013435364e-02
1.110837310552597046e-01
2.526457905769348145e-01
6.807459890842437744e-02
1.247367635369300842e-01
1.478169113397598267e-01
1.118353679776191711e-01
1.213024258613586426e-01
1.219143122434616089e-01
5.498185157775878906e-01
4.450469017028808594e-01
1.208040639758110046e-01
3.666224703192710876e-02
1.371939927339553833e-01
8.971863240003585815e-02
3.761546015739440918e-01
2.621603906154632568e-01
1.153761446475982666e-01
5.937626957893371582e-02
9.987481683492660522e-02
7.323583364486694336e-01
3.944898024201393127e-02
2.267039120197296143e-01
4.751732945442199707e-02
7.154781818389892578e-01
1.288087666034698486e-01
4.188861325383186340e-02
2.624416947364807129e-01
7.543918490409851074e-01
2.969495654106140137e-01
5.222503840923309326e-02
7.543843984603881836e-02
3.382498323917388916e-01
1.948865354061126709e-01
9.506639093160629272e-02
8.331353217363357544e-02
1.404295861721038818e-01
1.752206385135650635e-01
7.362634688615798950e-02
1.632192879915237427e-01
2.072479724884033203e-01
4.890544340014457703e-02
5.045532435178756714e-02
7.718498706817626953e-01
2.344995290040969849e-01
1.558106690645217896e-01
9.181649088859558105e-01
1.888651102781295776e-01
3.364257216453552246e-01
8.935078233480453491e-02
7.193617224693298340e-01
1.648714840412139893e-01
6.150081008672714233e-02
7.163439393043518066e-01
7.496119141578674316e-01
2.014501839876174927e-01
3.094745427370071411e-02
1.621471494436264038e-01
2.784435153007507324e-01
8.352072536945343018e-02
4.072020351886749268e-01
5.658025294542312622e-02
2.809717357158660889e-01
1.230016499757766724e-01
1.518894582986831665e-01
8.062342554330825806e-02
3.998781442642211914e-01
1.124685257673263550e-01
1.477749794721603394e-01
1.238799914717674255e-01
4.430611431598663330e-01
4.009810984134674072e-01
2.089842557907104492e-01
1.978173255920410156e-01
1.743264794349670410e-01
1.134968772530555725e-01
1.574222445487976074e-01
7.252911925315856934e-01
1.583121418952941895e-01
3.242592513561248779e-01
8.421095013618469238e-01
9.472262859344482422e-02
6.919334828853607178e-02
3.700644075870513916e-01
4.546193778514862061e-02
3.986362516880035400e-01
1.408476829528808594e-01
1.751521229743957520e-01
1.722676903009414673e-01
7.996282577514648438e-01
2.403764128684997559e-01
3.260335922241210938e-01
1.976960152387619019e-01
1.495837122201919556e-01
3.528674840927124023e-01
1.485331207513809204e-01
1.723345369100570679e-01
1.149441823363304138e-01
4.270854890346527100e-01
5.683009326457977295e-02
3.347865939140319824e-01
3.399283587932586670e-01
1.451214253902435303e-01
1.169768199324607849e-01
6.670363545417785645e-01
1.110766381025314331e-01
3.978509902954101562e-01
1.559267789125442505e-01
2.193980216979980469e-01
2.094103842973709106e-01
8.155310899019241333e-02
4.126695096492767334e-01
1.657262444496154785e-01
2.232272326946258545e-01
3.506683409214019775e-01
8.468436598777770996e-01
9.112825989723205566e-01
9.097435474395751953e-01
4.087395220994949341e-02
1.890046149492263794e-01
2.376870661973953247e-01
1.965495944023132324e-01
8.930937647819519043e-01
2.386770397424697876e-01
1.326217204332351685e-01
1.297186166048049927e-01
6.110440939664840698e-02
8.413717746734619141e-01
3.585998341441154480e-02
7.106223702430725098e-02
6.553381681442260742e-01
6.003674119710922241e-02
7.839897274971008301e-02
1.630179286003112793e-01
8.102555572986602783e-02
8.603898286819458008e-01
4.079577326774597168e-02
1.090691611170768738e-01
9.785539656877517700e-02
7.210735678672790527e-01
8.709425926208496094e-01
3.873051330447196960e-02
6.413288712501525879e-01
7.503405213356018066e-02
4.551194012165069580e-01
1.318876445293426514e-01
4.676868915557861328e-01
4.509851932525634766e-01
9.885057061910629272e-02
1.930636316537857056e-01
7.850119471549987793e-01
6.189572811126708984e-02
5.290809273719787598e-02
4.790585935115814209e-01
5.315086618065834045e-02
5.062998086214065552e-02
1.612785756587982178e-01
2.456587553024291992e-01
5.369037389755249023e-02
6.886859536170959473e-01
1.667280197143554688e-01
2.074633985757827759e-01
6.269571930170059204e-02
1.667965799570083618e-01
8.193004131317138672e-01
4.347894787788391113e-01
7.634261846542358398e-01
1.843811571598052979e-01
3.935151100158691406e-01
1.620686799287796021e-01
4.026887714862823486e-01
1.493622958660125732e-01
6.884679943323135376e-02
3.808119520545005798e-02
3.787665665149688721e-01
7.869225144386291504e-01
6.232837438583374023e-01
7.190654426813125610e-02
2.580789923667907715e-01
1.543970555067062378e-01
1.379791498184204102e-01
8.713890314102172852e-01
4.702305793762207031e-01
1.097291111946105957e-01
1.189839020371437073e-01
4.814865812659263611e-02
3.878711163997650146e-02
1.527000218629837036e-01
8.040171265602111816e-01
2.041148245334625244e-01
5.615152418613433838e-02
7.677832245826721191e-02
3.803465962409973145e-01
4.618864953517913818e-01
9.501006454229354858e-02
2.571489512920379639e-01
2.663546800613403320e-01
8.924484252929687500e-01
1.187009811401367188e-01
8.820054680109024048e-02
1.263106167316436768e-01
1.551505625247955322e-01
1.530268937349319458e-01
3.820062428712844849e-02
3.111798167228698730e-01
8.252844810485839844e-01
6.901330947875976562e-01
5.543298125267028809e-01
1.290309280157089233e-01
6.730575859546661377e-02
2.324976474046707153e-01
4.498381912708282471e-01
1.379951089620590210e-01
2.396949529647827148e-01
4.661214649677276611e-01
2.015154957771301270e-01
6.321880966424942017e-02
6.021333113312721252e-02
2.873453497886657715e-01
2.233147621154785156e-01
4.502741247415542603e-02
1.845995038747787476e-01
6.206755042076110840e-01
1.647069305181503296e-01
3.839998841285705566e-01
2.692566812038421631e-01
9.489676356315612793e-02
5.653890222311019897e-02
9.417308866977691650e-02
4.598247110843658447e-01
9.054755568504333496e-01
4.680135101079940796e-02
8.766186237335205078e-01
9.095059633255004883e-01
5.436224937438964844e-01
1.194011867046356201e-01
6.857491135597229004e-01
4.997204616665840149e-02
2.603624761104583740e-01
5.130148530006408691e-01
7.616274952888488770e-01
6.356925368309020996e-01
5.498672649264335632e-02
7.468359172344207764e-02
1.732563674449920654e-01
8.026344776153564453e-01
6.544456630945205688e-02
1.118512824177742004e-01
3.704002797603607178e-01
3.308694958686828613e-01
7.559154182672500610e-02
2.003758251667022705e-01
2.055606991052627563e-01
2.535078227519989014e-01
2.419759929180145264e-01
6.581109762191772461e-01
4.560083448886871338e-01
5.848290398716926575e-02
6.275720000267028809e-01
5.073456838726997375e-02
2.579399049282073975e-01
5.478141307830810547e-01
5.721045657992362976e-02
4.239043220877647400e-02
7.070802897214889526e-02
3.342778980731964111e-01
9.099479317665100098e-01
2.948709428310394287e-01
5.759509801864624023e-01
6.820003688335418701e-02
3.755148127675056458e-02
7.720750570297241211e-02
7.617728710174560547e-01
2.274638861417770386e-01
6.638315320014953613e-01
4.186460375785827637e-01
1.640374809503555298e-01
6.446538865566253662e-02
5.518471449613571167e-02
3.098320364952087402e-01
8.678483963012695312e-01
8.081085979938507080e-02
5.645351856946945190e-02
8.252297639846801758e-01
1.182753443717956543e-01
5.704855173826217651e-02
2.733958661556243896e-01
8.044015616178512573e-02
8.832284063100814819e-02
1.539748609066009521e-01
3.176048099994659424e-01
4.591101408004760742e-02
7.848729938268661499e-02
6.433261185884475708e-02
1.399387717247009277e-01
7.888140082359313965e-01
3.099144101142883301e-01
1.870137304067611694e-01
7.481693476438522339e-02
6.511200219392776489e-02
7.299955934286117554e-02
1.229660212993621826e-01
1.449775546789169312e-01
5.315578579902648926e-01
6.929276883602142334e-02
8.236331492662429810e-02
9.023178219795227051e-01
1.223254576325416565e-01
1.647941768169403076e-01
6.191765516996383667e-02
6.383795738220214844e-01
2.389515936374664307e-01
8.303809165954589844e-02
2.525162398815155029e-01
8.155027627944946289e-01
1.430615633726119995e-01
1.232591569423675537e-01
4.691912978887557983e-02
1.584677398204803467e-01
1.011343225836753845e-01
5.674759149551391602e-01
2.754394710063934326e-01
1.406985074281692505e-01
7.667564153671264648e-01
1.603017300367355347e-01
5.686255097389221191e-01
1.763291209936141968e-01
1.404086053371429443e-01
6.200962662696838379e-01
9.164509922266006470e-02
4.410534352064132690e-02
8.469473719596862793e-01
5.461807250976562500e-01
4.807501137256622314e-01
5.511768460273742676e-01
5.885668098926544189e-02
5.530133247375488281e-01
1.864178031682968140e-01
2.139794975519180298e-01
1.773891299962997437e-01
1.119269281625747681e-01
4.013858363032341003e-02
2.311226278543472290e-01
7.734002172946929932e-02
3.693997263908386230e-01
6.980256438255310059e-01
6.075179576873779297e-01
5.641523748636245728e-02
7.458148598670959473e-01
7.847783565521240234e-01
9.513534605503082275e-02
8.005524277687072754e-01
3.081340193748474121e-01
5.404583811759948730e-01
7.913660258054733276e-02
8.080641627311706543e-01
2.376174330711364746e-01
5.456965044140815735e-02
6.046646237373352051e-01
2.213831096887588501e-01
6.981607675552368164e-01
4.958820343017578125e-02
2.113215327262878418e-01
2.905877828598022461e-01
2.428301721811294556e-01
2.105084806680679321e-01
8.306153416633605957e-01
1.177407428622245789e-01
1.759871244430541992e-01
3.632244467735290527e-02
7.298638820648193359e-01
7.101637870073318481e-02
3.918631747364997864e-02
7.652736306190490723e-01
6.737957596778869629e-01
1.630253046751022339e-01
4.694065824151039124e-02
5.454155206680297852e-01
1.562356501817703247e-01
8.043182492256164551e-01
1.059819608926773071e-01
8.513974547386169434e-01
4.245517402887344360e-02
3.257561028003692627e-01
8.987626433372497559e-02
3.595031499862670898e-01
1.218740120530128479e-01
2.532989680767059326e-01
3.838514983654022217e-01
1.148782968521118164e-01
1.016857400536537170e-01
5.639501661062240601e-02
5.201061367988586426e-01
7.643036842346191406e-01
1.401902884244918823e-01
4.895639121532440186e-01
7.585755735635757446e-02
2.994482219219207764e-01
7.713770270347595215e-01
6.596639156341552734e-01
9.704238176345825195e-02
2.258454412221908569e-01
7.302573323249816895e-02
1.469922363758087158e-01
4.654236510396003723e-02
1.750048995018005371e-01
9.071733355522155762e-01
1.711427718400955200e-01
4.538952112197875977e-01
3.293142616748809814e-01
6.337544322013854980e-01
6.761293113231658936e-02
2.035575807094573975e-01
6.009493023157119751e-02
6.096197664737701416e-02
1.694993376731872559e-01
8.500082492828369141e-01
6.939731836318969727e-01
1.456997245550155640e-01
8.826581388711929321e-02
7.935053110122680664e-01
9.053853750228881836e-01
4.739761948585510254e-01
9.842719137668609619e-02
9.659758955240249634e-02
8.082357645034790039e-01
4.067818522453308105e-01
5.461415648460388184e-01
1.344381123781204224e-01
8.774516582489013672e-01
8.249676823616027832e-01
4.707766473293304443e-01
8.255617618560791016e-01
2.359475940465927124e-01
5.631511658430099487e-02
4.605495631694793701e-01
2.158426642417907715e-01
6.847864985466003418e-01
4.078006148338317871e-01
4.783261716365814209e-01
5.531037449836730957e-01
1.068863868713378906e-01
6.308084130287170410e-01
5.522342920303344727e-01
5.487312078475952148e-01
7.131899148225784302e-02
2.447069138288497925e-01
4.468744695186614990e-01
2.931886911392211914e-01
2.792193889617919922e-01
2.153877764940261841e-01
3.935279250144958496e-01
5.177503228187561035e-01
6.394280195236206055e-01
2.197659760713577271e-01
1.628266423940658569e-01
1.976960152387619019e-01
5.041132867336273193e-02
2.151811867952346802e-01
1.054507791996002197e-01
4.573874175548553467e-01
1.760195046663284302e-01
5.158769339323043823e-02
4.085959196090698242e-01
2.403976023197174072e-01
5.391915887594223022e-02
3.043409585952758789e-01
8.731705695390701294e-02
7.027072310447692871e-01
5.094364285469055176e-01
5.960461869835853577e-02
9.254269301891326904e-02
6.148437783122062683e-02
2.049223184585571289e-01
9.893617033958435059e-02
7.758034765720367432e-02
8.096821606159210205e-02
7.843124121427536011e-02
3.245884180068969727e-01
1.825864315032958984e-01
9.476228058338165283e-02
8.526922762393951416e-02
1.125543564558029175e-01
2.759727835655212402e-01
6.750861406326293945e-01
7.558272778987884521e-02
1.072096750140190125e-01
5.438302755355834961e-01
2.582988739013671875e-01
6.444889307022094727e-02
9.170725941658020020e-01
7.249986529350280762e-01
1.843603402376174927e-01
4.332286119461059570e-02
2.392722070217132568e-01
6.816300749778747559e-02
7.051904499530792236e-02
2.026610225439071655e-01
2.541119456291198730e-01
3.097342550754547119e-01
6.300098896026611328e-01
5.254294872283935547e-01
8.454040437936782837e-02
3.108988106250762939e-01
2.111458778381347656e-01
2.396616339683532715e-01
3.870071768760681152e-01
1.633016169071197510e-01
3.179935514926910400e-01
2.431320995092391968e-01
9.016599059104919434e-01
1.280764043331146240e-01
7.757779210805892944e-02
2.869689166545867920e-01
4.056638181209564209e-01
2.854536473751068115e-01
5.571775436401367188e-01
3.086586594581604004e-01
3.686583340167999268e-01
9.265854358673095703e-01
8.458213806152343750e-01
2.108081579208374023e-01
8.303133249282836914e-01
4.941458627581596375e-02
8.294397592544555664e-01
3.658342659473419189e-01
4.860297217965126038e-02
4.505860805511474609e-02
2.373010665178298950e-01
2.556281685829162598e-01
6.787641346454620361e-02
9.591533988714218140e-02
8.619639277458190918e-01
7.428891211748123169e-02
5.366351082921028137e-02
1.401501148939132690e-01
1.810712963342666626e-01
1.101022213697433472e-01
4.133317247033119202e-02
6.772436946630477905e-02
3.729320690035820007e-02
6.048117280006408691e-01
1.569281816482543945e-01
2.719313800334930420e-01
6.009932756423950195e-01
7.998691797256469727e-01
9.105371683835983276e-02
3.752601891756057739e-02
3.649342954158782959e-01
5.366302728652954102e-01
5.934584885835647583e-02
2.223746031522750854e-01
1.447760909795761108e-01
3.831783682107925415e-02
8.690822720527648926e-01
1.452144384384155273e-01
5.809600651264190674e-02
7.934682816267013550e-02
3.419605493545532227e-01
1.411502808332443237e-01
4.885734617710113525e-01
1.329308003187179565e-01
1.016681566834449768e-01
1.110444888472557068e-01
3.719331324100494385e-01
1.331970691680908203e-01
1.692632287740707397e-01
1.464703083038330078e-01
2.428615838289260864e-01
6.996508687734603882e-02
6.057634204626083374e-02
8.336427807807922363e-02
1.709113717079162598e-01
1.584850996732711792e-01
8.562348484992980957e-01
7.996928691864013672e-01
5.869355797767639160e-02
