2.981574274599552155e-02
9.312143325805664062e-01
8.599506318569183350e-02
8.388699293136596680e-01
1.608176976442337036e-01
6.328325718641281128e-02
8.725296705961227417e-02
2.822673916816711426e-01
9.134870171546936035e-01
1.248533651232719421e-01
5.281333327293395996e-01
1.160459145903587341e-01
7.814195752143859863e-01
3.079197704792022705e-01
2.922251522541046143e-01
3.431297242641448975e-01
9.907517582178115845e-02
7.252652049064636230e-01
9.365669488906860352e-01
2.841552197933197021e-01
8.100988864898681641e-01
8.096446394920349121e-01
4.769549891352653503e-02
3.753360360860824585e-02
3.423168957233428955e-01
3.970637544989585876e-02
7.804421782493591309e-01
2.672957777976989746e-01
2.354343235492706299e-01
4.069187045097351074e-01
2.939264774322509766e-01
2.649054862558841705e-02
9.125291705131530762e-01
6.079359725117683411e-02
3.195050954818725586e-01
1.422887295484542847e-01
4.370901584625244141e-01
1.135782003402709961e-01
2.182074338197708130e-01
9.214294552803039551e-01
1.031050235033035278e-01
8.982108533382415771e-02
5.889147520065307617e-02
4.626962542533874512e-02
3.535608574748039246e-02
1.855400800704956055e-01
1.723479181528091431e-01
5.876837372779846191e-01
3.002814203500747681e-02
7.765266895294189453e-01
8.047975599765777588e-02
3.333692625164985657e-02
1.035271584987640381e-01
4.196495413780212402e-01
1.054301559925079346e-01
6.661318242549896240e-02
8.813008069992065430e-01
1.364533752202987671e-01
6.126276776194572449e-02
1.635471731424331665e-01
3.459894955158233643e-01
1.889973580837249756e-01
6.679576635360717773e-02
5.724511295557022095e-02
4.449131339788436890e-02
1.219980716705322266e-01
5.103550106287002563e-02
3.929381817579269409e-02
5.964353680610656738e-01
2.144684642553329468e-01
3.462166711688041687e-02
6.914185285568237305e-01
3.263413012027740479e-01
6.005182862281799316e-02
1.688901335000991821e-01
6.462077796459197998e-02
3.114813379943370819e-02
2.850415557622909546e-02
6.498508155345916748e-02
5.973435193300247192e-02
8.930457234382629395e-01
7.282592058181762695e-01
8.707881569862365723e-01
5.831264853477478027e-01
9.213551878929138184e-01
7.224006056785583496e-01
5.790711939334869385e-02
8.942976593971252441e-02
7.785210013389587402e-01
2.328099012374877930e-01
5.510792136192321777e-01
4.972388967871665955e-02
4.894679039716720581e-02
5.763201117515563965e-01
3.025598824024200439e-01
3.414715230464935303e-01
4.189490377902984619e-01
8.911940455436706543e-01
5.547855794429779053e-02
8.973875641822814941e-02
6.178213953971862793e-01
1.336635649204254150e-01
6.181498765945434570e-01
1.597402989864349365e-01
4.458146989345550537e-01
6.518801301717758179e-02
6.784762442111968994e-02
4.482682943344116211e-01
4.626357555389404297e-01
4.105601608753204346e-01
2.550591230392456055e-01
3.585376217961311340e-02
3.965577855706214905e-02
8.625637888908386230e-01
2.275078892707824707e-01
4.302160441875457764e-02
8.796796202659606934e-01
4.025472328066825867e-02
1.481617093086242676e-01
7.737781405448913574e-01
3.040075488388538361e-02
5.456354841589927673e-02
9.557069092988967896e-02
5.986503362655639648e-01
9.130902886390686035e-01
1.046001687645912170e-01
6.756930798292160034e-02
1.685510575771331787e-01
4.417457431554794312e-02
5.410458147525787354e-02
9.226758480072021484e-01
5.619263276457786560e-02
9.166034460067749023e-01
2.687389254570007324e-01
2.962042987346649170e-01
5.936607122421264648e-01
9.154509305953979492e-01
4.046548306941986084e-01
4.441408812999725342e-01
3.930238634347915649e-02
8.426849842071533203e-01
8.242867588996887207e-01
6.706796288490295410e-01
4.198149442672729492e-01
2.858023941516876221e-01
3.975012525916099548e-02
5.290736556053161621e-01
8.858633041381835938e-01
4.850677251815795898e-01
1.118719950318336487e-01
4.490189254283905029e-02
1.355005651712417603e-01
3.679987043142318726e-02
1.164690032601356506e-01
1.080819442868232727e-01
8.102672547101974487e-02
2.941075861454010010e-01
1.206350177526473999e-01
3.154602646827697754e-01
7.719979882240295410e-01
3.902811706066131592e-01
7.402870655059814453e-01
5.874461680650711060e-02
2.400298118591308594e-01
8.801296353340148926e-01
2.934264242649078369e-01
3.969924747943878174e-01
3.488940596580505371e-01
4.992679879069328308e-02
1.309342533349990845e-01
5.459784716367721558e-02
4.453070834279060364e-02
3.822838068008422852e-01
6.258708834648132324e-01
5.109288543462753296e-02
9.072564244270324707e-01
2.926224172115325928e-01
3.946408629417419434e-02
9.000339508056640625e-01
1.710213124752044678e-01
1.138022243976593018e-01
7.918626070022583008e-02
8.067923784255981445e-02
1.752976924180984497e-01
8.929325640201568604e-02
6.385569274425506592e-02
2.222042828798294067e-01
5.253046154975891113e-01
3.392320275306701660e-01
3.439478278160095215e-01
4.690254107117652893e-02
8.625612854957580566e-01
8.144149184226989746e-02
8.224210739135742188e-01
3.424167037010192871e-01
5.006405115127563477e-01
3.831752017140388489e-02
2.234123498201370239e-01
6.138192415237426758e-01
3.320859000086784363e-02
3.006886877119541168e-02
7.908093929290771484e-02
8.999090194702148438e-01
2.447292506694793701e-01
8.208686113357543945e-01
9.164824485778808594e-01
8.207049965858459473e-01
5.936526134610176086e-02
9.395863413810729980e-01
7.945973426103591919e-02
4.777565896511077881e-01
3.884857520461082458e-02
1.539660394191741943e-01
6.430361270904541016e-01
2.264075726270675659e-01
3.477732092142105103e-02
6.130549907684326172e-01
3.706098794937133789e-01
7.454850077629089355e-01
4.969565197825431824e-02
9.216570258140563965e-01
9.423462748527526855e-01
6.291459202766418457e-01
7.204843312501907349e-02
1.283065825700759888e-01
7.536126673221588135e-02
7.213357090950012207e-01
5.845776200294494629e-01
1.105825603008270264e-01
6.595794558525085449e-01
7.648809552192687988e-01
9.256804585456848145e-01
1.156125888228416443e-01
5.297051668167114258e-01
9.160038232803344727e-01
3.140745460987091064e-01
7.375122904777526855e-01
9.276102781295776367e-01
1.807928830385208130e-01
1.751159429550170898e-01
9.200725555419921875e-01
1.270004361867904663e-01
7.587203979492187500e-01
1.348976492881774902e-01
2.003177106380462646e-01
3.680243194103240967e-01
9.167203307151794434e-02
9.270292520523071289e-01
9.685224294662475586e-02
8.271205425262451172e-01
4.527074694633483887e-01
7.514701783657073975e-02
6.400815397500991821e-02
5.359874293208122253e-02
6.504982709884643555e-02
5.963279306888580322e-02
1.305813938379287720e-01
7.508657574653625488e-01
1.381125599145889282e-01
8.470595479011535645e-01
7.076336443424224854e-02
5.163238048553466797e-01
6.817370653152465820e-01
4.605875536799430847e-02
2.072618752717971802e-01
3.598908782005310059e-01
8.668813109397888184e-02
3.309660851955413818e-01
6.843210756778717041e-02
8.388344645500183105e-01
8.989986777305603027e-01
8.948099613189697266e-01
2.334529310464859009e-01
1.716941744089126587e-01
6.729806661605834961e-01
6.199355050921440125e-02
7.833046317100524902e-01
8.223313838243484497e-02
8.223171234130859375e-01
9.237958490848541260e-02
1.339987367391586304e-01
9.288152456283569336e-01
1.586457937955856323e-01
4.948803484439849854e-01
3.076944053173065186e-01
3.292415142059326172e-01
4.751920700073242188e-02
4.009918496012687683e-02
3.074219822883605957e-01
1.085229441523551941e-01
9.163384884595870972e-02
2.686167359352111816e-01
7.748250961303710938e-01
4.528300166130065918e-01
1.362273693084716797e-01
2.900672703981399536e-02
6.953111290931701660e-02
8.756968379020690918e-01
2.782932817935943604e-01
4.815407469868659973e-02
8.655256628990173340e-01
5.751256346702575684e-01
3.343504369258880615e-01
7.056533545255661011e-02
7.707641273736953735e-02
3.938485682010650635e-02
9.178601205348968506e-02
7.651279568672180176e-01
8.903310894966125488e-01
5.915883183479309082e-01
4.203915297985076904e-01
8.258078247308731079e-02
7.207660377025604248e-02
1.561632007360458374e-01
7.058302164077758789e-01
2.600592374801635742e-01
9.346404075622558594e-01
6.086468100547790527e-01
1.478766947984695435e-01
1.530475169420242310e-01
5.647335052490234375e-01
2.397606074810028076e-01
5.959223508834838867e-01
9.311634898185729980e-01
3.073010444641113281e-01
3.944559097290039062e-01
1.161633655428886414e-01
6.003011390566825867e-02
4.302280396223068237e-02
4.532717168331146240e-02
3.272800520062446594e-02
1.323894560337066650e-01
2.619150280952453613e-01
9.469607472419738770e-02
2.227677106857299805e-01
8.725419640541076660e-01
3.329357802867889404e-01
2.953358925879001617e-02
1.257695257663726807e-01
3.547357022762298584e-01
4.983385652303695679e-02
3.302286863327026367e-01
6.143512129783630371e-01
3.107455670833587646e-01
7.992014884948730469e-01
3.011993132531642914e-02
8.853005617856979370e-02
5.560221672058105469e-01
1.677998751401901245e-01
8.376973867416381836e-01
7.630129903554916382e-02
3.197474777698516846e-02
3.514856100082397461e-02
6.301639974117279053e-02
4.657463133335113525e-01
3.770140931010246277e-02
8.462063670158386230e-01
1.573412567377090454e-01
8.917414397001266479e-02
3.549852371215820312e-01
9.161445498466491699e-02
6.067832708358764648e-01
3.050533533096313477e-01
8.423223346471786499e-02
8.364973664283752441e-01
2.521425783634185791e-01
4.239872395992279053e-01
9.381698369979858398e-01
2.194103896617889404e-01
1.928419172763824463e-01
3.551819622516632080e-01
5.181923136115074158e-02
1.784737557172775269e-01
1.268799901008605957e-01
6.641010940074920654e-02
7.067438215017318726e-02
1.182622238993644714e-01
6.421252340078353882e-02
9.035840034484863281e-01
6.019147858023643494e-02
5.233571678400039673e-02
3.171507269144058228e-02
8.994320631027221680e-01
5.646610260009765625e-01
2.635121941566467285e-01
9.918991476297378540e-02
3.591012954711914062e-01
1.454282104969024658e-01
1.602598577737808228e-01
3.861937820911407471e-01
2.958609350025653839e-02
4.350402578711509705e-02
5.379752069711685181e-02
4.140693321824073792e-02
1.475717723369598389e-01
1.607330143451690674e-02
4.787120819091796875e-01
2.579317390918731689e-01
7.769318819046020508e-01
6.531040370464324951e-02
2.990649640560150146e-01
4.821361228823661804e-02
8.366848230361938477e-01
5.690298676490783691e-01
8.429917097091674805e-01
8.222036957740783691e-01
1.648699641227722168e-01
4.386496543884277344e-01
2.048285305500030518e-01
8.659613132476806641e-02
4.494506865739822388e-02
3.289417177438735962e-02
2.347526550292968750e-01
5.736396908760070801e-01
8.493886590003967285e-01
3.145109117031097412e-02
4.936805367469787598e-01
1.008805260062217712e-01
4.394796118140220642e-02
9.070840477943420410e-02
3.835096210241317749e-02
5.802294015884399414e-01
9.062279462814331055e-01
2.735549584031105042e-02
7.471117377281188965e-02
4.507009387016296387e-01
4.056176543235778809e-02
1.040351837873458862e-01
1.732345074415206909e-01
1.242555007338523865e-01
5.811014026403427124e-02
4.672300443053245544e-02
8.150466084480285645e-01
6.827427744865417480e-01
1.296463906764984131e-01
3.676973655819892883e-02
1.252393424510955811e-01
6.524161994457244873e-02
7.479279637336730957e-01
1.886307597160339355e-01
2.705034911632537842e-01
2.036504819989204407e-02
8.653925359249114990e-02
8.058615922927856445e-01
3.425213694572448730e-02
3.069561123847961426e-01
3.471147641539573669e-02
9.013941884040832520e-01
5.495277419686317444e-02
3.635301068425178528e-02
1.841479837894439697e-01
7.003973722457885742e-01
6.738579273223876953e-01
3.312155231833457947e-02
4.457854479551315308e-02
4.117778837680816650e-01
2.844215333461761475e-01
1.023869439959526062e-01
5.703695863485336304e-02
1.435721218585968018e-01
2.475461363792419434e-01
7.844021916389465332e-02
6.716689467430114746e-02
2.187940627336502075e-01
4.660175368189811707e-02
7.651244848966598511e-02
8.585025072097778320e-01
4.124961793422698975e-01
8.190768957138061523e-02
9.372477531433105469e-01
1.405951380729675293e-01
5.557069182395935059e-01
5.383937060832977295e-02
8.382128477096557617e-01
2.741082906723022461e-01
5.584038421511650085e-02
8.859393596649169922e-01
9.080492258071899414e-01
4.737701416015625000e-01
2.577907405793666840e-02
2.784087359905242920e-01
3.894495368003845215e-01
1.108916923403739929e-01
7.369729876518249512e-01
4.470568522810935974e-02
4.389501363039016724e-02
2.320264428853988647e-01
1.326610445976257324e-01
7.705924659967422485e-02
2.323872298002243042e-01
3.114183247089385986e-02
6.790326237678527832e-01
7.541061192750930786e-02
8.193185925483703613e-01
5.716212391853332520e-01
3.663246333599090576e-01
2.020108699798583984e-01
1.172436401247978210e-01
6.735138595104217529e-02
1.164950877428054810e-01
8.892310261726379395e-01
1.026225313544273376e-01
5.947471857070922852e-01
9.310224056243896484e-01
1.484643220901489258e-01
4.799280688166618347e-02
3.202429711818695068e-01
5.584179610013961792e-02
7.122610211372375488e-01
4.531920701265335083e-02
2.169169783592224121e-01
3.065688014030456543e-01
8.478573560714721680e-01
3.783877491950988770e-01
4.642705917358398438e-01
1.928419172763824463e-01
1.308228373527526855e-01
3.890509009361267090e-01
9.035065770149230957e-02
1.482134461402893066e-01
2.077804058790206909e-01
5.611084699630737305e-01
7.654669135808944702e-02
3.904695808887481689e-01
6.540237665176391602e-01
9.236615896224975586e-02
2.888309955596923828e-01
9.173887968063354492e-01
6.715065985918045044e-02
5.777041912078857422e-01
9.883853048086166382e-02
4.725380614399909973e-02
1.975797861814498901e-01
7.555382698774337769e-02
3.785736560821533203e-01
2.817601263523101807e-01
6.239897608757019043e-01
5.621957182884216309e-01
9.271354079246520996e-01
9.379903674125671387e-01
9.405735731124877930e-01
2.956825308501720428e-02
3.627585768699645996e-01
2.753149569034576416e-01
4.447161555290222168e-01
9.302057027816772461e-01
2.981076836585998535e-01
1.855212152004241943e-01
1.869115829467773438e-01
4.858860000967979431e-02
8.852615356445312500e-01
2.959420904517173767e-02
5.758306756615638733e-02
8.865762352943420410e-01
3.600066900253295898e-02
1.022927537560462952e-01
3.778691291809082031e-01
2.441344410181045532e-01
9.382555484771728516e-01
3.203468024730682373e-02
5.430800840258598328e-02
9.052688628435134888e-02
9.120894670486450195e-01
9.215278625488281250e-01
2.727792039513587952e-02
8.930619955062866211e-01
5.748834460973739624e-02
6.096045374870300293e-01
1.378860473632812500e-01
6.794148087501525879e-01
6.385441422462463379e-01
6.370579451322555542e-02
3.350261151790618896e-01
8.727556467056274414e-01
3.127165511250495911e-02
3.738011047244071960e-02
7.828304767608642578e-01
4.006616026163101196e-02
1.048564389348030090e-01
2.281570881605148315e-01
4.409448504447937012e-01
3.516482189297676086e-02
6.436372399330139160e-01
1.090668141841888428e-01
3.358370661735534668e-01
4.684643819928169250e-02
2.564431726932525635e-01
9.134899973869323730e-01
7.823376655578613281e-01
8.251639008522033691e-01
3.696171045303344727e-01
5.652073621749877930e-01
2.191361486911773682e-01
2.363480776548385620e-01
6.617327779531478882e-02
5.082486569881439209e-02
4.347209259867668152e-02
8.491030335426330566e-01
8.912997841835021973e-01
6.478969454765319824e-01
7.055900245904922485e-02
4.143742918968200684e-01
9.519516676664352417e-02
1.164735257625579834e-01
8.784950971603393555e-01
7.120981812477111816e-01
8.678654581308364868e-02
5.871868878602981567e-02
3.840712457895278931e-02
3.016001731157302856e-02
1.560246348381042480e-01
8.747300505638122559e-01
3.094129562377929688e-01
2.952566556632518768e-02
1.357052624225616455e-01
4.661461710929870605e-01
6.788085699081420898e-01
6.791273504495620728e-02
4.658855199813842773e-01
4.189989864826202393e-01
8.933674693107604980e-01
8.894348889589309692e-02
8.241821825504302979e-02
1.637085229158401489e-01
3.248517811298370361e-01
3.417025804519653320e-01
3.331061825156211853e-02
4.587509036064147949e-01
9.169546961784362793e-01
6.854307055473327637e-01
6.076748371124267578e-01
5.681250989437103271e-02
5.549461767077445984e-02
7.782639265060424805e-01
6.138091683387756348e-01
2.480031996965408325e-01
5.216782689094543457e-01
5.560231804847717285e-01
4.609201475977897644e-02
4.350303485989570618e-02
3.576419875025749207e-02
3.369971811771392822e-01
7.763090729713439941e-02
2.801760099828243256e-02
1.961174309253692627e-01
7.054603099822998047e-01
2.885598242282867432e-01
5.424668192863464355e-01
3.090708553791046143e-01
1.806170046329498291e-01
7.832096517086029053e-02
8.239272236824035645e-02
8.559766411781311035e-01
9.362922310829162598e-01
3.183298185467720032e-02
9.381949901580810547e-01
9.399182796478271484e-01
7.368718385696411133e-01
1.694137006998062134e-01
7.460311055183410645e-01
4.165748134255409241e-02
3.264947831630706787e-01
4.830965995788574219e-01
8.206198811531066895e-01
8.284250497817993164e-01
3.490272536873817444e-02
4.813084006309509277e-02
2.658831477165222168e-01
8.381788730621337891e-01
1.659811884164810181e-01
7.439704984426498413e-02
5.748509764671325684e-01
3.144727051258087158e-01
3.967756330966949463e-01
2.181362211704254150e-01
4.224322736263275146e-01
2.719988524913787842e-01
4.414174556732177734e-01
6.784676313400268555e-01
7.520819902420043945e-01
3.208437561988830566e-02
6.858367919921875000e-01
3.240117430686950684e-02
2.662479877471923828e-01
7.848849892616271973e-01
3.477856144309043884e-02
1.085170358419418335e-01
5.948021635413169861e-02
4.618460536003112793e-01
9.358926415443420410e-01
4.492242932319641113e-01
8.009515404701232910e-01
3.847079351544380188e-02
3.128220885992050171e-02
4.995710775256156921e-02
9.259588122367858887e-01
2.747699618339538574e-01
9.241960644721984863e-01
7.733592987060546875e-01
2.112618088722229004e-01
5.826333165168762207e-02
2.970645576715469360e-02
5.522903203964233398e-01
9.344103336334228516e-01
4.215024411678314209e-02
3.477564081549644470e-02
8.995003700256347656e-01
6.787822395563125610e-02
3.815231472253799438e-02
2.778501808643341064e-01
5.690471455454826355e-02
8.832708001136779785e-02
1.745249181985855103e-01
3.678975105285644531e-01
3.149313107132911682e-02
1.258005052804946899e-01
4.914597049355506897e-02
6.224319338798522949e-02
5.251914858818054199e-01
6.365910172462463379e-01
1.802086830139160156e-01
4.592036083340644836e-02
6.398355960845947266e-02
5.441864952445030212e-02
1.253839582204818726e-01
1.628362685441970825e-01
6.776189804077148438e-02
3.857294470071792603e-02
1.721377074718475342e-01
9.378043413162231445e-01
3.170975670218467712e-02
1.388083398342132568e-01
4.594286531209945679e-02
6.633817553520202637e-01
4.222724735736846924e-01
7.474380731582641602e-02
3.827089071273803711e-01
9.346921443939208984e-01
4.002849012613296509e-02
8.476101607084274292e-02
3.666700795292854309e-02
9.994014352560043335e-02
5.008848011493682861e-02
5.292307734489440918e-01
2.727910578250885010e-01
2.794810235500335693e-01
9.046930670738220215e-01
2.806679606437683105e-01
5.530802607536315918e-01
3.484781682491302490e-01
1.224844902753829956e-01
6.839187145233154297e-01
5.946955457329750061e-02
3.001335635781288147e-02
9.149439930915832520e-01
7.492030858993530273e-01
8.968543410301208496e-01
6.886399388313293457e-01
3.576404228806495667e-02
5.425998568534851074e-01
1.630098521709442139e-01
2.420596182346343994e-01
4.645936489105224609e-01
5.011821910738945007e-02
4.087010771036148071e-02
2.791925668716430664e-01
5.284211412072181702e-02
8.710169792175292969e-01
7.190574407577514648e-01
6.874542236328125000e-01
5.024129897356033325e-02
8.252140879631042480e-01
8.442351222038269043e-01
8.034143596887588501e-02
9.064456820487976074e-01
4.590108096599578857e-01
5.113516449928283691e-01
3.588038310408592224e-02
8.132280707359313965e-01
3.439995944499969482e-01
5.131063237786293030e-02
8.331729173660278320e-01
3.148465454578399658e-01
8.777751922607421875e-01
4.928036779165267944e-02
2.815590500831604004e-01
3.002817332744598389e-01
4.107883572578430176e-01
3.039323985576629639e-01
9.246771335601806641e-01
1.719644516706466675e-01
2.164368629455566406e-01
2.590083144605159760e-02
8.746290802955627441e-01
5.927497521042823792e-02
3.236489370465278625e-02
9.006646871566772461e-01
8.799933791160583496e-01
6.834715008735656738e-01
3.629929572343826294e-02
5.591699481010437012e-01
3.568885922431945801e-01
9.043055772781372070e-01
1.785708516836166382e-01
9.131395816802978516e-01
2.723190933465957642e-02
5.944193601608276367e-01
4.247456789016723633e-02
3.852502405643463135e-01
4.421048238873481750e-02
3.159342408180236816e-01
5.874447822570800781e-01
6.413757801055908203e-02
2.102246135473251343e-01
1.633366346359252930e-01
4.379415810108184814e-01
8.862292170524597168e-01
2.580946981906890869e-01
4.165107309818267822e-01
5.170378834009170532e-02
5.056385397911071777e-01
8.072656393051147461e-01
8.748815059661865234e-01
9.217040240764617920e-02
2.842879593372344971e-01
4.574067890644073486e-02
9.984210878610610962e-02
4.593984782695770264e-02
1.663802266120910645e-01
9.388148188591003418e-01
1.984542310237884521e-01
7.691814303398132324e-01
4.792199656367301941e-02
7.264097929000854492e-01
5.248265340924263000e-02
1.093531996011734009e-01
3.670626133680343628e-02
4.780926927924156189e-02
1.824488639831542969e-01
9.177889227867126465e-01
8.575135469436645508e-01
1.586646735668182373e-01
5.354715511202812195e-02
8.068454265594482422e-01
9.301217198371887207e-01
6.038777828216552734e-01
7.252404838800430298e-02
1.995679885149002075e-01
9.095438122749328613e-01
5.793588757514953613e-01
8.177463412284851074e-01
7.086106389760971069e-02
9.221698045730590820e-01
9.126125574111938477e-01
1.710160523653030396e-01
8.890762925148010254e-01
4.779692590236663818e-01
2.908304706215858459e-02
6.274306178092956543e-01
2.686387002468109131e-01
7.957178354263305664e-01
1.132393032312393188e-01
6.971169710159301758e-01
7.339105606079101562e-01
1.366991251707077026e-01
7.615158557891845703e-01
6.457573771476745605e-01
6.567111611366271973e-01
3.429732844233512878e-02
4.300529658794403076e-01
7.834304571151733398e-01
3.868750333786010742e-01
4.963079094886779785e-01
2.351959198713302612e-01
6.123807430267333984e-01
7.538818120956420898e-01
6.878215074539184570e-01
5.833694338798522949e-02
1.300601512193679810e-01
1.928419172763824463e-01
3.309597820043563843e-02
2.078835368156433105e-01
1.138471513986587524e-01
8.690143823623657227e-01
2.696055769920349121e-01
3.229947015643119812e-02
1.370403617620468140e-01
4.853919744491577148e-01
6.070592626929283142e-02
3.600272834300994873e-01
6.288014352321624756e-02
8.527069687843322754e-01
7.138556838035583496e-01
4.121484607458114624e-02
6.410103291273117065e-02
3.097968176007270813e-02
3.631650507450103760e-01
2.464585751295089722e-01
8.271379023790359497e-02
5.502425134181976318e-02
4.176278039813041687e-02
2.478659301996231079e-01
1.339707225561141968e-01
3.695436939597129822e-02
5.739164352416992188e-02
2.515282630920410156e-01
4.365954101085662842e-01
7.279931306838989258e-01
5.220488831400871277e-02
6.460134685039520264e-02
6.815317869186401367e-01
5.041839480400085449e-01
3.795125335454940796e-02
9.394751191139221191e-01
8.084414005279541016e-01
4.159637093544006348e-01
5.274755880236625671e-02
2.947954833507537842e-01
4.601221531629562378e-02
5.372718349099159241e-02
2.416801601648330688e-01
3.548828884959220886e-02
6.524354815483093262e-01
9.166077375411987305e-01
7.803758382797241211e-01
9.988210350275039673e-02
2.391967177391052246e-01
1.353130787611007690e-01
3.743367493152618408e-01
5.906304121017456055e-01
1.545237600803375244e-01
5.654647350311279297e-01
4.289909005165100098e-01
9.403442740440368652e-01
5.294844135642051697e-02
1.192766129970550537e-01
8.344948291778564453e-01
5.632812380790710449e-01
8.055451512336730957e-01
6.927446126937866211e-01
5.650403499603271484e-01
3.341885507106781006e-01
9.359698295593261719e-01
8.623546957969665527e-01
1.806062608957290649e-01
8.875795006752014160e-01
4.115361347794532776e-02
8.504959344863891602e-01
4.209486842155456543e-01
3.269989416003227234e-02
2.870275080204010010e-02
5.593178272247314453e-01
3.253716230392456055e-01
3.329552337527275085e-02
8.732748031616210938e-02
9.357172846794128418e-01
6.201694160699844360e-02
3.902501240372657776e-02
1.086578518152236938e-01
1.021650508046150208e-01
2.604789733886718750e-01
5.189072340726852417e-02
2.059810459613800049e-01
3.180901333689689636e-02
5.405192375183105469e-01
1.860741674900054932e-01
6.653591990470886230e-01
8.340882062911987305e-01
9.053235054016113281e-01
2.304964363574981689e-01
3.369869291782379150e-02
1.683592498302459717e-01
7.919915914535522461e-01
5.049331486225128174e-02
2.433503568172454834e-01
4.377223849296569824e-01
2.971841767430305481e-02
9.275617599487304688e-01
1.682175248861312866e-01
7.597468793392181396e-02
7.247560471296310425e-02
4.563758373260498047e-01
2.189045995473861694e-01
7.111353278160095215e-01
1.380963474512100220e-01
2.908711731433868408e-01
8.459801226854324341e-02
5.183590650558471680e-01
4.364266991615295410e-01
1.368523687124252319e-01
1.269180178642272949e-01
2.928690910339355469e-01
4.441899433732032776e-02
1.982682943344116211e-01
8.224321901798248291e-02
6.467623710632324219e-01
3.255313634872436523e-02
9.140408635139465332e-01
8.792076110839843750e-01
6.011065468192100525e-02
