2.427551522850990295e-02
8.768680095672607422e-01
1.852427273988723755e-01
8.390383124351501465e-01
1.514586955308914185e-01
8.328158408403396606e-02
4.783443510532379150e-01
2.182399630546569824e-01
8.238029479980468750e-01
1.059100255370140076e-01
4.245837032794952393e-01
3.216857016086578369e-01
8.143543601036071777e-01
6.272643208503723145e-01
1.786147207021713257e-01
2.754948139190673828e-01
2.552643418312072754e-01
7.164123654365539551e-01
8.434370160102844238e-01
4.100513756275177002e-01
5.612716078758239746e-01
8.354911208152770996e-01
8.066075295209884644e-02
9.722242504358291626e-02
2.777609229087829590e-01
3.470445051789283752e-02
7.624266147613525391e-01
2.199143469333648682e-01
4.427192807197570801e-01
5.050641894340515137e-01
3.063234686851501465e-01
1.772503741085529327e-02
8.422103524208068848e-01
3.875556215643882751e-02
5.592767596244812012e-01
1.834125816822052002e-01
4.762305617332458496e-01
1.400953084230422974e-01
2.344380021095275879e-01
8.426596522331237793e-01
7.869195938110351562e-02
1.460787653923034668e-01
4.604849964380264282e-02
4.763994365930557251e-02
4.762921482324600220e-02
7.764600962400436401e-02
3.782270550727844238e-01
7.199444770812988281e-01
2.131693623960018158e-02
8.023863434791564941e-01
1.153759285807609558e-01
2.385443262755870819e-02
1.183004602789878845e-01
4.868162274360656738e-01
9.869608283042907715e-02
1.379452198743820190e-01
7.097420096397399902e-01
1.277771145105361938e-01
4.345056414604187012e-02
2.243344187736511230e-01
2.769674956798553467e-01
1.409582197666168213e-01
9.204834699630737305e-02
3.366713225841522217e-02
4.230812937021255493e-02
1.181117966771125793e-01
4.186087846755981445e-02
1.171260103583335876e-01
4.721497893333435059e-01
2.497170567512512207e-01
2.759809419512748718e-02
6.402539014816284180e-01
3.867730498313903809e-01
5.494953319430351257e-02
5.177423954010009766e-01
1.307437419891357422e-01
2.293151803314685822e-02
2.192518487572669983e-02
6.560605019330978394e-02
3.641567006707191467e-02
8.384469151496887207e-01
7.769327163696289062e-01
8.205224275588989258e-01
4.446654319763183594e-01
8.194073438644409180e-01
7.088093757629394531e-01
5.709567666053771973e-02
8.453688025474548340e-02
7.605718970298767090e-01
3.852977156639099121e-01
6.143314242362976074e-01
7.418464124202728271e-02
3.173140808939933777e-02
4.827680289745330811e-01
4.571537077426910400e-01
4.070170223712921143e-01
4.315661191940307617e-01
8.353886008262634277e-01
4.710662364959716797e-02
1.380119770765304565e-01
6.224456429481506348e-01
2.175714820623397827e-01
4.637770354747772217e-01
2.242736518383026123e-01
2.680829167366027832e-01
1.419458091259002686e-01
7.951543480157852173e-02
5.710473060607910156e-01
4.725354909896850586e-01
2.455161660909652710e-01
4.308552742004394531e-01
4.725807160139083862e-02
6.869288533926010132e-02
8.433399200439453125e-01
1.519722789525985718e-01
5.438689514994621277e-02
8.339231610298156738e-01
3.844410181045532227e-02
1.214072555303573608e-01
6.797039508819580078e-01
2.086208388209342957e-02
8.495386689901351929e-02
1.107833012938499451e-01
7.381051182746887207e-01
8.412379622459411621e-01
1.336565464735031128e-01
5.549072846770286560e-02
3.126095831394195557e-01
5.839259177446365356e-02
8.665463328361511230e-02
8.415692448616027832e-01
2.897453904151916504e-01
8.345599174499511719e-01
3.177478313446044922e-01
6.758578419685363770e-01
4.339840412139892578e-01
8.343971371650695801e-01
3.366014063358306885e-01
4.186035394668579102e-01
4.017719626426696777e-02
7.094685435295104980e-01
7.798892259597778320e-01
4.201425313949584961e-01
3.849784433841705322e-01
2.518065571784973145e-01
5.660381168127059937e-02
4.322963058948516846e-01
8.685740828514099121e-01
6.443573832511901855e-01
1.351043432950973511e-01
3.002476133406162262e-02
1.392799764871597290e-01
1.071134060621261597e-01
1.520148664712905884e-01
1.206941753625869751e-01
1.294368207454681396e-01
2.194268554449081421e-01
3.996007740497589111e-01
3.525273501873016357e-01
8.040327429771423340e-01
2.841918170452117920e-01
6.060585379600524902e-01
8.809506893157958984e-02
2.799072563648223877e-01
7.745652794837951660e-01
4.072419703006744385e-01
3.323776423931121826e-01
3.462835848331451416e-01
7.139173895120620728e-02
2.692150473594665527e-01
4.876944050192832947e-02
3.010820411145687103e-02
3.549724519252777100e-01
6.273071169853210449e-01
8.132221549749374390e-02
8.342366814613342285e-01
2.816916108131408691e-01
5.314495041966438293e-02
7.243392467498779297e-01
1.101269051432609558e-01
1.655428558588027954e-01
6.965393573045730591e-02
8.523113280534744263e-02
1.136322394013404846e-01
1.406198143959045410e-01
6.034901738166809082e-02
1.254259496927261353e-01
4.909980893135070801e-01
2.378379404544830322e-01
4.085041880607604980e-01
4.171031713485717773e-02
6.689454913139343262e-01
1.304427534341812134e-01
6.686946153640747070e-01
2.271602451801300049e-01
3.289495706558227539e-01
2.892180718481540680e-02
1.120517849922180176e-01
4.949268400669097900e-01
1.798455230891704559e-02
2.551357075572013855e-02
3.802770078182220459e-01
8.360393047332763672e-01
2.259470373392105103e-01
6.956807971000671387e-01
8.397759199142456055e-01
5.090307593345642090e-01
9.958617389202117920e-02
8.436861634254455566e-01
2.221114635467529297e-01
3.776033520698547363e-01
2.631909400224685669e-02
1.734299659729003906e-01
5.757839679718017578e-01
2.389470487833023071e-01
2.630402892827987671e-02
8.349876999855041504e-01
4.500059187412261963e-01
7.174252867698669434e-01
7.785492390394210815e-02
8.194645047187805176e-01
8.434982895851135254e-01
6.651741862297058105e-01
9.962909668684005737e-02
1.272238940000534058e-01
1.458533257246017456e-01
4.796326458454132080e-01
6.197041869163513184e-01
7.155212759971618652e-02
5.526162981986999512e-01
6.549398899078369141e-01
8.397701978683471680e-01
1.201753988862037659e-01
6.882061958312988281e-01
8.391445875167846680e-01
2.744705080986022949e-01
5.498446226119995117e-01
8.394460678100585938e-01
1.317836195230484009e-01
2.851267755031585693e-01
8.410825133323669434e-01
1.677037030458450317e-01
5.478278398513793945e-01
2.574947476387023926e-01
1.597446203231811523e-01
3.640095591545104980e-01
7.186742126941680908e-02
8.433867692947387695e-01
9.953492134809494019e-02
8.312216997146606445e-01
3.308210372924804688e-01
9.978390485048294067e-02
1.105554997920989990e-01
1.075902730226516724e-01
7.869814336299896240e-02
7.718666642904281616e-02
2.312542945146560669e-01
8.170690536499023438e-01
1.339595019817352295e-01
8.266344070434570312e-01
6.824366748332977295e-02
6.966740489006042480e-01
4.368753433227539062e-01
3.238672763109207153e-02
2.882448136806488037e-01
4.360730350017547607e-01
1.015550121665000916e-01
3.034301698207855225e-01
6.278253346681594849e-02
7.028892040252685547e-01
8.231708407402038574e-01
6.254537105560302734e-01
3.269982933998107910e-01
1.851053833961486816e-01
6.837352514266967773e-01
9.640819579362869263e-02
7.612681388854980469e-01
2.207645028829574585e-01
8.102840185165405273e-01
1.777324229478836060e-01
1.880663037300109863e-01
8.371434807777404785e-01
1.260150223970413208e-01
4.953361451625823975e-01
3.780524730682373047e-01
2.338405847549438477e-01
3.153517097234725952e-02
1.593112945556640625e-01
3.715204000473022461e-01
1.456244140863418579e-01
1.139338165521621704e-01
5.904816389083862305e-01
7.273298501968383789e-01
5.772916674613952637e-01
1.919519901275634766e-01
3.501800820231437683e-02
2.180004417896270752e-01
8.322004675865173340e-01
5.145124793052673340e-01
4.807101935148239136e-02
8.337411284446716309e-01
3.646471202373504639e-01
2.911549210548400879e-01
8.560049533843994141e-02
8.786395937204360962e-02
2.905426546931266785e-02
1.342356503009796143e-01
6.088691353797912598e-01
8.352189064025878906e-01
5.258925557136535645e-01
4.135314524173736572e-01
1.225008741021156311e-01
1.347709894180297852e-01
1.740090698003768921e-01
5.520642995834350586e-01
3.151703774929046631e-01
8.374697566032409668e-01
8.003925085067749023e-01
1.879180371761322021e-01
1.817596703767776489e-01
7.045079469680786133e-01
3.003221452236175537e-01
6.687368750572204590e-01
8.425814509391784668e-01
4.763565361499786377e-01
5.813585519790649414e-01
2.129336446523666382e-01
4.244119301438331604e-02
6.584848463535308838e-02
8.918665349483489990e-02
2.310158126056194305e-02
1.672794818878173828e-01
4.889182448387145996e-01
8.355485647916793823e-02
2.471143752336502075e-01
8.304235935211181641e-01
2.273928523063659668e-01
2.390104159712791443e-02
1.368953287601470947e-01
3.520962297916412354e-01
5.462339147925376892e-02
4.279087185859680176e-01
6.500194668769836426e-01
2.535630166530609131e-01
8.335794210433959961e-01
2.394576743245124817e-02
2.345722019672393799e-01
6.811900138854980469e-01
1.746751517057418823e-01
8.300932645797729492e-01
1.000540852546691895e-01
2.419063076376914978e-02
3.042931668460369110e-02
5.234537646174430847e-02
3.310033977031707764e-01
5.688624829053878784e-02
6.606050729751586914e-01
3.573548495769500732e-01
1.536365002393722534e-01
5.059114098548889160e-01
8.668128401041030884e-02
4.245341420173645020e-01
2.218021601438522339e-01
9.293927252292633057e-02
6.703928112983703613e-01
4.054684340953826904e-01
3.792379200458526611e-01
8.430556058883666992e-01
2.964563071727752686e-01
2.030377686023712158e-01
3.864237368106842041e-01
5.305479466915130615e-02
1.720454394817352295e-01
7.161530107259750366e-02
6.755848228931427002e-02
5.322387441992759705e-02
1.201787590980529785e-01
1.539594829082489014e-01
8.277769684791564941e-01
6.713114678859710693e-02
3.496595472097396851e-02
2.318577282130718231e-02
8.328641653060913086e-01
6.127861142158508301e-01
2.253751158714294434e-01
2.239204943180084229e-01
3.385172188282012939e-01
3.749012351036071777e-01
2.264259755611419678e-01
4.946141242980957031e-01
2.287172712385654449e-02
1.294637471437454224e-01
7.872172445058822632e-02
7.556451857089996338e-02
9.118381887674331665e-02
4.885485395789146423e-02
6.222608685493469238e-01
2.899546325206756592e-01
6.396906971931457520e-01
1.333677321672439575e-01
2.047839611768722534e-01
5.076923593878746033e-02
7.193122506141662598e-01
3.374415338039398193e-01
7.342686653137207031e-01
8.103653788566589355e-01
3.568018972873687744e-01
4.143694043159484863e-01
2.032396644353866577e-01
1.347278654575347900e-01
6.093645468354225159e-02
2.576459199190139771e-02
2.918104231357574463e-01
4.002086818218231201e-01
8.158652186393737793e-01
2.788410335779190063e-02
3.240197300910949707e-01
1.147023662924766541e-01
3.835335373878479004e-02
6.356348842382431030e-02
3.354766592383384705e-02
5.746798515319824219e-01
7.286634445190429688e-01
1.982771418988704681e-02
7.657370716333389282e-02
4.527329802513122559e-01
3.093198500573635101e-02
1.282223761081695557e-01
2.034985572099685669e-01
1.203372851014137268e-01
1.621906310319900513e-01
3.786931186914443970e-02
7.743346691131591797e-01
5.624039173126220703e-01
1.514186263084411621e-01
9.725881367921829224e-02
2.012104392051696777e-01
1.003617346286773682e-01
4.779975116252899170e-01
6.355677843093872070e-01
2.576519250869750977e-01
3.647287935018539429e-02
7.347915321588516235e-02
7.794064283370971680e-01
8.499581366777420044e-02
2.162675410509109497e-01
2.803670428693294525e-02
8.385558128356933594e-01
6.657727062702178955e-02
2.205408550798892975e-02
2.250542491674423218e-01
8.246927261352539062e-01
6.053662300109863281e-01
3.395537659525871277e-02
3.158274665474891663e-02
4.933377206325531006e-01
5.669178366661071777e-01
1.159535422921180725e-01
7.840306311845779419e-02
3.201729953289031982e-01
3.720076978206634521e-01
2.183123379945755005e-01
4.417765140533447266e-02
1.972735822200775146e-01
3.561001271009445190e-02
1.740956604480743408e-01
7.620709538459777832e-01
1.184237003326416016e-01
1.823849380016326904e-01
8.446717858314514160e-01
4.552419185638427734e-01
5.146142840385437012e-01
8.571615070104598999e-02
7.645813822746276855e-01
3.266968727111816406e-01
8.111471682786941528e-02
8.400297164916992188e-01
8.366411924362182617e-01
4.581508934497833252e-01
1.695798523724079132e-02
3.850907683372497559e-01
4.593203067779541016e-01
9.809781610965728760e-02
6.765909790992736816e-01
3.813192620873451233e-02
6.902559846639633179e-02
2.739768922328948975e-01
7.323051989078521729e-02
1.598876714706420898e-01
5.521970987319946289e-01
7.000783085823059082e-02
6.285769343376159668e-01
1.010915040969848633e-01
8.022569417953491211e-01
5.073736310005187988e-01
3.015923202037811279e-01
3.455438315868377686e-01
2.271810173988342285e-01
1.538249105215072632e-01
1.612461805343627930e-01
8.395183682441711426e-01
1.368880867958068848e-01
5.946599841117858887e-01
8.405604362487792969e-01
1.563987135887145996e-01
6.052648648619651794e-02
5.134359002113342285e-01
1.169626489281654358e-01
7.831003069877624512e-01
9.260897338390350342e-02
1.587226986885070801e-01
1.881560683250427246e-01
8.258731365203857422e-01
2.389299869537353516e-01
7.159324884414672852e-01
2.030377686023712158e-01
2.020892798900604248e-01
6.455351710319519043e-01
1.562884300947189331e-01
1.126422286033630371e-01
2.054647952318191528e-01
4.919654428958892822e-01
1.333198100328445435e-01
5.825362801551818848e-01
6.090487837791442871e-01
2.451867908239364624e-01
3.738603293895721436e-01
8.296777009963989258e-01
4.040490463376045227e-02
6.047058105468750000e-01
1.697136759757995605e-01
4.621250331401824951e-01
1.097668707370758057e-01
1.211007162928581238e-01
7.972735762596130371e-01
4.993178546428680420e-01
5.681236982345581055e-01
4.526506066322326660e-01
8.402459621429443359e-01
8.432134389877319336e-01
8.436154723167419434e-01
2.036413364112377167e-02
2.727181315422058105e-01
2.513689100742340088e-01
4.168336987495422363e-01
8.430471420288085938e-01
2.506117820739746094e-01
2.133030444383621216e-01
1.799380630254745483e-01
7.922057062387466431e-02
8.310990929603576660e-01
1.838570274412631989e-02
6.664172559976577759e-02
8.277617692947387695e-01
3.373242542147636414e-02
1.115251332521438599e-01
2.546129524707794189e-01
4.704727530479431152e-01
8.411695361137390137e-01
4.595328867435455322e-02
3.478358685970306396e-02
1.216790080070495605e-01
8.009954094886779785e-01
8.421345949172973633e-01
2.047861926257610321e-02
8.222186565399169922e-01
4.119050130248069763e-02
7.148782610893249512e-01
1.861536502838134766e-01
6.619144082069396973e-01
5.974577665328979492e-01
5.561084672808647156e-02
3.386414051055908203e-01
7.488603591918945312e-01
2.431352250277996063e-02
2.360010147094726562e-02
6.102132797241210938e-01
3.672989085316658020e-02
1.766159087419509888e-01
4.412742853164672852e-01
3.304564356803894043e-01
2.867237664759159088e-02
5.814358592033386230e-01
3.499268889427185059e-01
4.465531408786773682e-01
5.611777305603027344e-02
2.165499925613403320e-01
8.402269482612609863e-01
7.669979929924011230e-01
8.430767059326171875e-01
3.261176049709320068e-01
6.300315260887145996e-01
3.453781604766845703e-01
2.658510804176330566e-01
5.816058441996574402e-02
9.903796017169952393e-02
3.803419321775436401e-02
6.615855097770690918e-01
7.472699284553527832e-01
5.725859999656677246e-01
1.063326895236968994e-01
4.368048310279846191e-01
6.457125395536422729e-02
1.216279566287994385e-01
8.214509487152099609e-01
6.666386127471923828e-01
1.037698835134506226e-01
5.513639375567436218e-02
4.047109186649322510e-02
2.364942617714405060e-02
1.711541116237640381e-01
8.321961760520935059e-01
4.022704362869262695e-01
3.230846673250198364e-02
7.695254683494567871e-02
4.242533147335052490e-01
6.469019651412963867e-01
5.528158321976661682e-02
4.210313260555267334e-01
4.059433341026306152e-01
8.414340615272521973e-01
9.965255856513977051e-02
4.961122944951057434e-02
2.127011865377426147e-01
2.950560450553894043e-01
3.208972215652465820e-01
2.075552381575107574e-02
4.014103710651397705e-01
8.413339257240295410e-01
7.985257506370544434e-01
6.818327307701110840e-01
8.328379690647125244e-02
4.242556914687156677e-02
4.756725430488586426e-01
3.571691811084747314e-01
3.154332041740417480e-01
5.206207036972045898e-01
7.435690164566040039e-01
7.466375827789306641e-02
2.996213920414447784e-02
2.624963223934173584e-02
3.411003947257995605e-01
1.701717227697372437e-01
2.025321498513221741e-02
3.828079998493194580e-01
8.397866487503051758e-01
2.773973941802978516e-01
3.902645707130432129e-01
4.235155582427978516e-01
1.828496158123016357e-01
1.103128716349601746e-01
5.795226991176605225e-02
7.146321535110473633e-01
8.439667820930480957e-01
2.963635325431823730e-02
8.425204753875732422e-01
8.436987996101379395e-01
7.005339264869689941e-01
2.069504112005233765e-01
7.751219272613525391e-01
6.338930130004882812e-02
2.880118489265441895e-01
6.256850957870483398e-01
6.290976405143737793e-01
6.409265398979187012e-01
8.245774358510971069e-02
1.321416497230529785e-01
3.399397432804107666e-01
7.886256575584411621e-01
3.282212018966674805e-01
2.477581650018692017e-01
4.373859763145446777e-01
3.900894820690155029e-01
4.327140748500823975e-01
2.824084758758544922e-01
4.897654056549072266e-01
1.432917267084121704e-01
3.529798984527587891e-01
7.212696075439453125e-01
4.114893972873687744e-01
2.286716736853122711e-02
6.745553612709045410e-01
3.531060367822647095e-02
2.637783288955688477e-01
8.076635599136352539e-01
1.055641621351242065e-01
1.880662143230438232e-01
6.965157389640808105e-02
3.565232455730438232e-01
8.424329757690429688e-01
5.263770222663879395e-01
7.829439640045166016e-01
3.499221056699752808e-02
2.185238525271415710e-02
2.899244055151939392e-02
8.357005119323730469e-01
1.819338947534561157e-01
7.329940199851989746e-01
5.290850400924682617e-01
2.435068339109420776e-01
6.682603806257247925e-02
2.121052518486976624e-02
6.109440326690673828e-01
8.396841287612915039e-01
2.788922376930713654e-02
3.665588423609733582e-02
8.307094573974609375e-01
1.546661704778671265e-01
2.883915230631828308e-02
2.557867169380187988e-01
3.933882713317871094e-02
1.806032955646514893e-01
3.096381723880767822e-01
2.666562497615814209e-01
3.242560848593711853e-02
1.497551053762435913e-01
1.013743355870246887e-01
1.571903526782989502e-01
8.111717700958251953e-01
4.143792688846588135e-01
3.608734905719757080e-01
5.233501642942428589e-02
7.354904711246490479e-02
2.996887080371379852e-02
1.894498616456985474e-01
1.548168808221817017e-01
5.295982360839843750e-01
4.073076695203781128e-02
3.159989714622497559e-01
8.435484170913696289e-01
5.214964225888252258e-02
3.937009274959564209e-01
1.837102174758911133e-01
7.080013155937194824e-01
3.669755756855010986e-01
8.628449589014053345e-02
3.124558627605438232e-01
8.408947587013244629e-01
4.636108502745628357e-02
2.783043980598449707e-01
3.815023601055145264e-02
8.039317280054092407e-02
1.559129506349563599e-01
4.034368991851806641e-01
1.644922047853469849e-01
2.418464869260787964e-01
8.398916125297546387e-01
2.917257249355316162e-01
7.223480939865112305e-01
2.131661027669906616e-01
1.777384877204895020e-01
8.114600777626037598e-01
8.425253629684448242e-02
2.044684626162052155e-02
8.427174091339111328e-01
6.792196035385131836e-01
8.035249114036560059e-01
5.343736410140991211e-01
2.441900037229061127e-02
6.003603339195251465e-01
1.013002470135688782e-01
2.019919306039810181e-01
3.988181352615356445e-01
5.035047233104705811e-02
3.315983712673187256e-02
3.885495066642761230e-01
1.004807502031326294e-01
7.066567540168762207e-01
8.205096721649169922e-01
7.167409062385559082e-01
3.052131459116935730e-02
7.065539360046386719e-01
8.034161925315856934e-01
1.644435524940490723e-01
8.306306600570678711e-01
4.830695390701293945e-01
6.081796288490295410e-01
9.266265481710433960e-02
8.400198817253112793e-01
5.834588408470153809e-01
3.812036663293838501e-02
8.290908932685852051e-01
2.964148223400115967e-01
7.738380432128906250e-01
3.498082980513572693e-02
3.747852146625518799e-01
3.726003468036651611e-01
3.525708913803100586e-01
3.861809074878692627e-01
8.396103978157043457e-01
2.180760800838470459e-01
1.937193721532821655e-01
1.797006279230117798e-02
8.329403996467590332e-01
7.394270598888397217e-02
2.490600571036338806e-02
8.313353061676025391e-01
8.268494606018066406e-01
4.982320666313171387e-01
9.583463519811630249e-02
6.972790956497192383e-01
3.557078838348388672e-01
8.389441967010498047e-01
2.100457847118377686e-01
8.346153497695922852e-01
2.109801024198532104e-02
4.877541065216064453e-01
3.176551312208175659e-02
6.520549058914184570e-01
4.307514056563377380e-02
4.664826989173889160e-01
4.620485603809356689e-01
2.773438692092895508e-01
2.384489178657531738e-01
2.325715422630310059e-01
4.898687303066253662e-01
8.387277722358703613e-01
3.618253767490386963e-01
3.196794390678405762e-01
3.194613754749298096e-02
5.499184727668762207e-01
8.370118141174316406e-01
8.163639307022094727e-01
1.655030697584152222e-01
2.057797461748123169e-01
6.292154639959335327e-02
1.725019365549087524e-01
8.780552446842193604e-02
3.325244188308715820e-01
8.433964252471923828e-01
1.919664740562438965e-01
7.107926011085510254e-01
3.383660912513732910e-01
6.695286631584167480e-01
1.084704697132110596e-01
1.613597869873046875e-01
2.737571299076080322e-02
3.209787234663963318e-02
2.739003002643585205e-01
8.205289244651794434e-01
8.056796193122863770e-01
4.086630344390869141e-01
1.007555201649665833e-01
6.965519785881042480e-01
8.428878784179687500e-01
7.325574159622192383e-01
1.118582710623741150e-01
1.619397103786468506e-01
8.095588088035583496e-01
8.138147592544555664e-01
7.673147320747375488e-01
7.974053174257278442e-02
8.421990871429443359e-01
8.360283970832824707e-01
6.527413725852966309e-01
8.420460820198059082e-01
3.800684213638305664e-01
2.206456847488880157e-02
5.542419552803039551e-01
1.541509479284286499e-01
8.134676218032836914e-01
1.594414561986923218e-01
4.234434962272644043e-01
6.424739956855773926e-01
9.636358916759490967e-02
6.305918097496032715e-01
6.247823238372802734e-01
8.049198389053344727e-01
2.701804973185062408e-02
5.375521779060363770e-01
6.008849143981933594e-01
4.556261599063873291e-01
5.024279356002807617e-01
1.946002244949340820e-01
3.790637850761413574e-01
7.448200583457946777e-01
5.308924317359924316e-01
1.137860491871833801e-01
1.605069041252136230e-01
2.030377686023712158e-01
2.354750037193298340e-02
2.327995002269744873e-01
1.474481374025344849e-01
8.120252490043640137e-01
2.125124335289001465e-01
3.298909217119216919e-02
5.111781358718872070e-01
4.956066906452178955e-01
7.761719077825546265e-02
3.025516569614410400e-01
6.375642120838165283e-02
7.703011631965637207e-01
5.373860001564025879e-01
2.953666634857654572e-02
2.559680938720703125e-01
2.448720484972000122e-02
3.968811333179473877e-01
3.333072662353515625e-01
2.097119241952896118e-01
5.641770735383033752e-02
4.857533052563667297e-02
5.103521347045898438e-01
1.952553093433380127e-01
4.624372348189353943e-02
8.677244931459426880e-02
2.043037712574005127e-01
4.248607158660888672e-01
4.613286256790161133e-01
3.483996540307998657e-02
4.837378859519958496e-02
8.147882223129272461e-01
4.137360751628875732e-01
8.900562673807144165e-02
8.440687060356140137e-01
7.423564195632934570e-01
4.094974696636199951e-01
9.164561331272125244e-02
1.502770334482192993e-01
4.231698811054229736e-02
7.689253985881805420e-02
2.467756420373916626e-01
1.716527491807937622e-01
5.036548972129821777e-01
8.494261503219604492e-01
8.058710694313049316e-01
7.183148711919784546e-02
3.286456763744354248e-01
1.632600277662277222e-01
2.434183657169342041e-01
4.450643360614776611e-01
1.869944036006927490e-01
4.305155873298645020e-01
2.972169816493988037e-01
8.433655500411987305e-01
9.238658100366592407e-02
1.938602626323699951e-01
7.861415147781372070e-01
4.090837836265563965e-01
6.118209362030029297e-01
6.434578299522399902e-01
3.604535162448883057e-01
3.889251351356506348e-01
9.025194644927978516e-01
8.117069005966186523e-01
2.801907062530517578e-01
8.359611034393310547e-01
1.150287687778472900e-01
8.036596775054931641e-01
6.581600904464721680e-01
2.969263307750225067e-02
2.182791940867900848e-02
4.979318380355834961e-01
2.298332899808883667e-01
2.575819566845893860e-02
3.016551136970520020e-01
8.420789837837219238e-01
9.054439514875411987e-02
2.817148156464099884e-02
2.030015736818313599e-01
1.382806450128555298e-01
3.294222950935363770e-01
8.896265178918838501e-02
1.499724388122558594e-01
2.190431766211986542e-02
6.452836990356445312e-01
3.092285394668579102e-01
4.544540941715240479e-01
4.009607136249542236e-01
8.403989672660827637e-01
1.475806981325149536e-01
5.293591693043708801e-02
6.097903847694396973e-01
5.849453806877136230e-01
3.162666037678718567e-02
3.670674562454223633e-01
4.807848930358886719e-01
2.139925770461559296e-02
8.430628776550292969e-01
3.997884988784790039e-01
2.126497030258178711e-01
3.598494455218315125e-02
4.748648405075073242e-01
3.825368583202362061e-01
7.522798180580139160e-01
2.119547575712203979e-01
3.151796758174896240e-01
4.602978378534317017e-02
7.054690122604370117e-01
4.282092452049255371e-01
3.719306886196136475e-01
2.380008846521377563e-01
2.394799739122390747e-01
2.722284942865371704e-02
2.091245055198669434e-01
7.719741761684417725e-02
3.750307261943817139e-01
1.750799566507339478e-01
8.235875964164733887e-01
8.322088122367858887e-01
7.225657254457473755e-02
