5.435286834836006165e-02
7.860974669456481934e-01
2.406233400106430054e-01
8.042218685150146484e-01
7.568559050559997559e-02
9.998143464326858521e-02
2.804155945777893066e-01
2.759579420089721680e-01
8.119056820869445801e-01
1.424352079629898071e-01
2.616851925849914551e-01
4.212765097618103027e-01
7.343662977218627930e-01
4.966267049312591553e-01
1.897934079170227051e-01
3.829158246517181396e-01
1.208360120654106140e-01
5.235928893089294434e-01
8.292539715766906738e-01
4.050294160842895508e-01
7.133235335350036621e-01
7.295569181442260742e-01
6.026623025536537170e-02
8.048277348279953003e-02
2.242884337902069092e-01
1.171834990382194519e-01
6.352526545524597168e-01
3.104770481586456299e-01
4.653766155242919922e-01
5.173355340957641602e-01
4.493518471717834473e-01
5.024024099111557007e-02
8.015668392181396484e-01
1.020805761218070984e-01
4.324007928371429443e-01
1.524622440338134766e-01
3.518151938915252686e-01
3.239546418190002441e-01
3.545587062835693359e-01
8.260266780853271484e-01
2.035881578922271729e-01
1.328899413347244263e-01
6.685569882392883301e-02
6.116096675395965576e-02
7.728750258684158325e-02
1.881095021963119507e-01
2.393167167901992798e-01
6.294755935668945312e-01
5.769310519099235535e-02
7.735856175422668457e-01
1.553925424814224243e-01
7.227386534214019775e-02
2.109272330999374390e-01
4.240313172340393066e-01
9.947594255208969116e-02
1.407809406518936157e-01
7.994844913482666016e-01
6.939097493886947632e-02
2.210221141576766968e-01
3.004883825778961182e-01
2.681643366813659668e-01
3.642963767051696777e-01
1.688770949840545654e-01
6.136747449636459351e-02
5.987977236509323120e-02
2.314884960651397705e-01
6.516300886869430542e-02
5.950783565640449524e-02
4.882268309593200684e-01
1.865174621343612671e-01
5.286372080445289612e-02
4.409240484237670898e-01
3.334479629993438721e-01
9.152611345052719116e-02
5.595264434814453125e-01
1.027153655886650085e-01
6.491418182849884033e-02
5.348277464509010315e-02
1.543126255273818970e-01
6.996010988950729370e-02
8.128151893615722656e-01
6.319730281829833984e-01
7.003880739212036133e-01
3.732734322547912598e-01
8.110580444335937500e-01
7.446804046630859375e-01
6.458242982625961304e-02
1.750734597444534302e-01
6.292793154716491699e-01
2.663924992084503174e-01
4.924357831478118896e-01
1.038782969117164612e-01
6.396480649709701538e-02
5.066097974777221680e-01
4.898912608623504639e-01
3.114952147006988525e-01
5.042553544044494629e-01
8.131923675537109375e-01
5.663736909627914429e-02
8.855845034122467041e-02
4.961735606193542480e-01
3.343521654605865479e-01
4.006873369216918945e-01
2.856172025203704834e-01
4.190966188907623291e-01
3.200338184833526611e-01
1.124568507075309753e-01
3.681083023548126221e-01
5.542370080947875977e-01
4.061136245727539062e-01
2.949260473251342773e-01
5.778882279992103577e-02
8.872172236442565918e-02
7.728656530380249023e-01
2.654471993446350098e-01
7.071029394865036011e-02
7.745466232299804688e-01
8.446675539016723633e-02
6.059528887271881104e-02
6.276257634162902832e-01
5.680484697222709656e-02
1.275082379579544067e-01
1.676099747419357300e-01
3.582338094711303711e-01
8.204197287559509277e-01
9.587707370519638062e-02
1.249872148036956787e-01
1.811294406652450562e-01
6.037368625402450562e-02
1.776565611362457275e-01
8.061676621437072754e-01
4.859342873096466064e-01
8.264659643173217773e-01
3.221628367900848389e-01
4.442401528358459473e-01
4.449878334999084473e-01
8.064125180244445801e-01
3.022809028625488281e-01
3.616850674152374268e-01
5.406475812196731567e-02
7.744902968406677246e-01
7.701453566551208496e-01
4.685053527355194092e-01
4.085063636302947998e-01
3.132299482822418213e-01
6.678374856710433960e-02
4.651323556900024414e-01
6.826934218406677246e-01
4.778700768947601318e-01
1.043784990906715393e-01
7.472341507673263550e-02
1.704526543617248535e-01
2.001417726278305054e-01
2.042904943227767944e-01
2.680914998054504395e-01
2.638383209705352783e-01
3.563000857830047607e-01
3.288228809833526611e-01
3.874067366123199463e-01
6.842387914657592773e-01
2.880396246910095215e-01
4.743421971797943115e-01
1.566871702671051025e-01
3.234748542308807373e-01
7.869336009025573730e-01
4.068761467933654785e-01
2.755860090255737305e-01
3.265663683414459229e-01
1.812274903059005737e-01
4.434932470321655273e-01
6.672917306423187256e-02
5.414775386452674866e-02
2.953367829322814941e-01
4.396540522575378418e-01
7.393974810838699341e-02
7.450798153877258301e-01
2.587709426879882812e-01
6.442081183195114136e-02
8.129484653472900391e-01
1.629487276077270508e-01
1.770105808973312378e-01
1.227128058671951294e-01
1.213964894413948059e-01
1.985682547092437744e-01
1.019566655158996582e-01
7.866881787776947021e-02
1.418092697858810425e-01
5.606953501701354980e-01
3.399278521537780762e-01
3.559788167476654053e-01
6.664681434631347656e-02
6.469947695732116699e-01
9.720601886510848999e-02
4.324580729007720947e-01
2.572807669639587402e-01
5.832659602165222168e-01
6.480693072080612183e-02
2.935935258865356445e-01
3.496430516242980957e-01
6.132374703884124756e-02
5.164831504225730896e-02
5.142034292221069336e-01
7.693335413932800293e-01
3.185645937919616699e-01
4.975946545600891113e-01
8.272525668144226074e-01
5.950484275817871094e-01
8.736380189657211304e-02
8.151928782463073730e-01
1.017264872789382935e-01
4.122804701328277588e-01
5.366590619087219238e-02
2.362672686576843262e-01
4.823645949363708496e-01
1.333816945552825928e-01
6.022346392273902893e-02
7.500196099281311035e-01
4.393870532512664795e-01
5.990759134292602539e-01
7.803511619567871094e-02
7.635748982429504395e-01
8.266031146049499512e-01
5.674927234649658203e-01
2.016513645648956299e-01
2.044159621000289917e-01
1.703326702117919922e-01
4.221287369728088379e-01
5.276806950569152832e-01
1.018697991967201233e-01
5.934929847717285156e-01
5.603809356689453125e-01
8.228392004966735840e-01
1.020933911204338074e-01
6.353778839111328125e-01
8.156403303146362305e-01
3.584957718849182129e-01
5.697786808013916016e-01
8.082618117332458496e-01
2.566217780113220215e-01
2.615013718605041504e-01
8.144263625144958496e-01
1.265566051006317139e-01
7.134663462638854980e-01
2.071180492639541626e-01
2.312888056039810181e-01
4.027865827083587646e-01
1.019872575998306274e-01
8.293646574020385742e-01
1.872943043708801270e-01
6.653348207473754883e-01
5.218373537063598633e-01
9.162382036447525024e-02
1.469489932060241699e-01
2.219441235065460205e-01
9.269537031650543213e-02
1.364440470933914185e-01
4.205545485019683838e-01
7.513097524642944336e-01
2.018022537231445312e-01
7.264687418937683105e-01
1.599735915660858154e-01
4.905226230621337891e-01
4.835571348667144775e-01
6.452944874763488770e-02
1.851866394281387329e-01
4.031875729560852051e-01
2.411094307899475098e-01
2.279149591922760010e-01
5.818237364292144775e-02
6.950465440750122070e-01
7.908027768135070801e-01
8.042558431625366211e-01
3.380615115165710449e-01
3.236434757709503174e-01
4.350367486476898193e-01
1.123480945825576782e-01
5.286330580711364746e-01
2.292340248823165894e-01
7.360114455223083496e-01
1.352486163377761841e-01
2.415500432252883911e-01
8.251808881759643555e-01
1.680946797132492065e-01
3.137133419513702393e-01
3.836939930915832520e-01
3.126093149185180664e-01
5.664147064089775085e-02
3.196196854114532471e-01
3.516541123390197754e-01
2.791846096515655518e-01
1.952174752950668335e-01
7.030467391014099121e-01
5.805621743202209473e-01
4.602395594120025635e-01
2.423039376735687256e-01
5.345089733600616455e-02
1.992231756448745728e-01
8.225669860839843750e-01
3.900835812091827393e-01
1.008538901805877686e-01
8.033094406127929688e-01
4.685069322586059570e-01
4.208291471004486084e-01
8.389709144830703735e-02
1.424752473831176758e-01
7.131232321262359619e-02
2.128336578607559204e-01
5.521494150161743164e-01
8.009576201438903809e-01
4.710542857646942139e-01
5.572059750556945801e-01
2.630726099014282227e-01
2.169749140739440918e-01
2.948373854160308838e-01
5.194861292839050293e-01
3.243837952613830566e-01
8.267163634300231934e-01
7.286804914474487305e-01
1.599995791912078857e-01
1.401223838329315186e-01
5.115671753883361816e-01
2.654779255390167236e-01
5.392013788223266602e-01
8.024804592132568359e-01
2.688239514827728271e-01
4.071954786777496338e-01
1.658018231391906738e-01
9.828761219978332520e-02
2.341725081205368042e-01
1.470481008291244507e-01
5.120076611638069153e-02
1.431784480810165405e-01
4.059940576553344727e-01
1.117396354675292969e-01
2.758093774318695068e-01
7.326686978340148926e-01
1.776322573423385620e-01
6.423795223236083984e-02
1.834866851568222046e-01
1.974495947360992432e-01
8.692643791437149048e-02
3.129771947860717773e-01
7.496500015258789062e-01
4.001384377479553223e-01
8.120203018188476562e-01
9.914938360452651978e-02
2.118253558874130249e-01
5.763071179389953613e-01
3.214538395404815674e-01
6.185560226440429688e-01
2.188236415386199951e-01
6.659039109945297241e-02
5.045110732316970825e-02
5.945920944213867188e-02
3.173964321613311768e-01
7.292852550745010376e-02
4.784428179264068604e-01
8.289645612239837646e-02
2.090588808059692383e-01
4.530993103981018066e-01
1.154290288686752319e-01
4.002727866172790527e-01
2.832062840461730957e-01
1.655158996582031250e-01
5.616400837898254395e-01
3.441292345523834229e-01
3.997246623039245605e-01
8.288636803627014160e-01
2.104830890893936157e-01
1.255082786083221436e-01
2.504268288612365723e-01
1.740420609712600708e-01
1.249719634652137756e-01
2.105918079614639282e-01
1.843413114547729492e-01
9.816689044237136841e-02
2.716095447540283203e-01
1.196685433387756348e-01
8.267502188682556152e-01
5.779739096760749817e-02
6.191991642117500305e-02
5.058410763740539551e-02
7.407799363136291504e-01
5.709440112113952637e-01
2.420328855514526367e-01
2.632336318492889404e-01
3.279486596584320068e-01
2.753779292106628418e-01
2.332691848278045654e-01
3.410997688770294189e-01
5.312836170196533203e-02
1.669224947690963745e-01
1.546946465969085693e-01
9.970340877771377563e-02
2.243904024362564087e-01
7.370074093341827393e-02
4.600920379161834717e-01
3.754416108131408691e-01
7.471413016319274902e-01
1.521620303392410278e-01
2.771698534488677979e-01
7.556053251028060913e-02
5.299091339111328125e-01
4.754523932933807373e-01
6.298792958259582520e-01
6.947488784790039062e-01
4.505723714828491211e-01
3.670125603675842285e-01
3.226807117462158203e-01
2.370846271514892578e-01
6.046370044350624084e-02
5.609398707747459412e-02
2.347969114780426025e-01
3.495458364486694336e-01
6.361912488937377930e-01
5.660430714488029480e-02
2.981207370758056641e-01
1.143750473856925964e-01
6.866748631000518799e-02
2.143733799457550049e-01
6.557803601026535034e-02
4.788120985031127930e-01
5.976592898368835449e-01
5.686676874756813049e-02
6.826877593994140625e-02
4.257474243640899658e-01
5.806191638112068176e-02
1.204588785767555237e-01
3.485575020313262939e-01
7.706210762262344360e-02
7.481765747070312500e-02
7.956936210393905640e-02
5.722678899765014648e-01
4.640954434871673584e-01
1.582047641277313232e-01
1.311473548412322998e-01
8.013574033975601196e-02
2.672928869724273682e-01
4.780088961124420166e-01
3.488622605800628662e-01
2.931670844554901123e-01
9.359744191169738770e-02
9.148684144020080566e-02
7.754679322242736816e-01
1.248415634036064148e-01
3.952905535697937012e-01
7.324227690696716309e-02
7.632248997688293457e-01
9.739369153976440430e-02
6.521423161029815674e-02
1.717748790979385376e-01
7.522796392440795898e-01
3.942177295684814453e-01
5.935329943895339966e-02
9.270666539669036865e-02
3.924356997013092041e-01
2.235462218523025513e-01
2.504621744155883789e-01
6.512027978897094727e-02
3.139905631542205811e-01
4.400396645069122314e-01
1.793984472751617432e-01
9.984224289655685425e-02
2.725601494312286377e-01
5.722273886203765869e-02
1.560740917921066284e-01
7.098571658134460449e-01
3.601166307926177979e-01
3.180030286312103271e-01
8.250357508659362793e-01
4.466382265090942383e-01
3.819353282451629639e-01
1.972697973251342773e-01
6.881341338157653809e-01
3.506296277046203613e-01
8.752102404832839966e-02
7.996089458465576172e-01
8.036186695098876953e-01
5.305137038230895996e-01
4.917263239622116089e-02
4.448836743831634521e-01
2.552952170372009277e-01
8.506951481103897095e-02
5.371944308280944824e-01
5.151363462209701538e-02
1.184444352984428406e-01
3.369376361370086670e-01
6.260605901479721069e-02
1.348023265600204468e-01
6.934523582458496094e-01
1.314465254545211792e-01
5.181183815002441406e-01
8.176511526107788086e-02
6.094264984130859375e-01
3.484547138214111328e-01
3.738815486431121826e-01
3.813546299934387207e-01
2.751286029815673828e-01
6.908077001571655273e-02
2.440036088228225708e-01
8.056733608245849609e-01
2.033701688051223755e-01
4.515519142150878906e-01
8.270577192306518555e-01
1.426594257354736328e-01
1.265977472066879272e-01
5.251780748367309570e-01
1.169876009225845337e-01
5.884765982627868652e-01
5.689440667629241943e-02
2.793518006801605225e-01
3.066504597663879395e-01
6.885167956352233887e-01
3.543972671031951904e-01
3.627720475196838379e-01
1.255082786083221436e-01
1.676854044198989868e-01
6.472929120063781738e-01
1.915747225284576416e-01
2.581743001937866211e-01
2.897418737411499023e-01
4.799050092697143555e-01
8.474765717983245850e-02
4.172623753547668457e-01
3.876184821128845215e-01
8.517543971538543701e-02
4.031253457069396973e-01
8.267195224761962891e-01
6.859163194894790649e-02
6.159664988517761230e-01
1.178831681609153748e-01
2.920303344726562500e-01
1.224896982312202454e-01
1.930197626352310181e-01
4.895919561386108398e-01
3.009076714515686035e-01
3.648121654987335205e-01
4.326962232589721680e-01
7.853404283523559570e-01
8.291921615600585938e-01
8.271645307540893555e-01
6.764030456542968750e-02
3.760088384151458740e-01
2.752052843570709229e-01
3.170667588710784912e-01
8.249317407608032227e-01
3.376531004905700684e-01
3.961606323719024658e-01
2.848613560199737549e-01
1.044067218899726868e-01
8.239275217056274414e-01
5.687963217496871948e-02
8.761941641569137573e-02
8.146444559097290039e-01
5.610054731369018555e-02
1.526248455047607422e-01
3.749476671218872070e-01
3.196831345558166504e-01
8.212875723838806152e-01
1.815181225538253784e-01
7.549574971199035645e-02
1.689440011978149414e-01
7.025349140167236328e-01
8.260921239852905273e-01
5.573595315217971802e-02
8.065516352653503418e-01
9.912155568599700928e-02
5.111107230186462402e-01
3.184871971607208252e-01
5.499540567398071289e-01
6.978220343589782715e-01
1.152846068143844604e-01
2.862292528152465820e-01
7.017653584480285645e-01
5.435785278677940369e-02
5.225132778286933899e-02
5.609713196754455566e-01
7.427804172039031982e-02
1.503371298313140869e-01
5.964086651802062988e-01
3.520967066287994385e-01
5.090586096048355103e-02
6.726362705230712891e-01
3.093082606792449951e-01
4.233161807060241699e-01
6.495279818773269653e-02
2.736948430538177490e-01
8.230068087577819824e-01
7.364044189453125000e-01
7.198463082313537598e-01
3.140932023525238037e-01
5.298883914947509766e-01
2.863593995571136475e-01
1.064501032233238220e-01
6.715553998947143555e-02
1.619523167610168457e-01
5.967270210385322571e-02
6.088117957115173340e-01
6.742206215858459473e-01
6.884590387344360352e-01
1.097439527511596680e-01
4.127418100833892822e-01
1.530362665653228760e-01
7.076391577720642090e-02
8.135401606559753418e-01
5.825103521347045898e-01
2.640956640243530273e-01
9.866035729646682739e-02
5.676297843456268311e-02
5.781795829534530640e-02
1.760111600160598755e-01
8.237885832786560059e-01
3.767884373664855957e-01
6.291676312685012817e-02
1.540791988372802734e-01
4.016647636890411377e-01
6.065711379051208496e-01
7.853692770004272461e-02
4.523572623729705811e-01
2.377415299415588379e-01
8.081399202346801758e-01
2.480389028787612915e-01
1.396872550249099731e-01
2.105011641979217529e-01
3.915799856185913086e-01
2.941631972789764404e-01
6.897781044244766235e-02
3.100996911525726318e-01
8.160911202430725098e-01
6.790996193885803223e-01
4.306595027446746826e-01
8.900950849056243896e-02
5.782843008637428284e-02
5.039024949073791504e-01
4.202615022659301758e-01
2.688319385051727295e-01
3.864583075046539307e-01
5.949058532714843750e-01
1.334491819143295288e-01
5.691532790660858154e-02
5.434595048427581787e-02
3.185440599918365479e-01
9.641236811876296997e-02
5.715212598443031311e-02
2.303666770458221436e-01
6.700937151908874512e-01
3.169158399105072021e-01
6.495174169540405273e-01
3.478978574275970459e-01
2.285121083259582520e-01
9.219474345445632935e-02
1.074434667825698853e-01
7.208190560340881348e-01
8.279454708099365234e-01
7.371632009744644165e-02
8.138507008552551270e-01
8.291333913803100586e-01
7.886103987693786621e-01
2.133080810308456421e-01
5.700059533119201660e-01
5.510184541344642639e-02
3.512311577796936035e-01
5.782239437103271484e-01
7.194857597351074219e-01
7.795464992523193359e-01
2.207023352384567261e-01
2.467036843299865723e-01
2.402816116809844971e-01
5.538741350173950195e-01
3.455030918121337891e-01
2.288805097341537476e-01
4.385746121406555176e-01
4.590498805046081543e-01
3.966271579265594482e-01
2.831161320209503174e-01
3.913075327873229980e-01
1.708438843488693237e-01
3.052199482917785645e-01
6.725295782089233398e-01
4.403530657291412354e-01
5.130014196038246155e-02
3.734082877635955811e-01
5.304532870650291443e-02
6.191527247428894043e-01
5.291578173637390137e-01
9.177979826927185059e-02
8.024814724922180176e-02
5.442305281758308411e-02
4.027711451053619385e-01
7.904136776924133301e-01
3.873910307884216309e-01
7.844035029411315918e-01
5.283710360527038574e-02
6.135264784097671509e-02
6.623274087905883789e-02
7.915630936622619629e-01
2.341655790805816650e-01
7.287386655807495117e-01
6.969202160835266113e-01
3.140199780464172363e-01
1.631780117750167847e-01
1.134557873010635376e-01
4.786760807037353516e-01
8.288175463676452637e-01
7.830798625946044922e-02
6.989245861768722534e-02
7.798482775688171387e-01
2.343562096357345581e-01
5.355633795261383057e-02
2.047272324562072754e-01
7.039695233106613159e-02
2.994265258312225342e-01
2.380164712667465210e-01
2.306079864501953125e-01
5.540490895509719849e-02
2.064726501703262329e-01
1.168818920850753784e-01
1.525226235389709473e-01
7.366145849227905273e-01
2.646449506282806396e-01
1.125695630908012390e-01
1.601339131593704224e-01
5.904673412442207336e-02
1.962326467037200928e-01
2.109080553054809570e-01
3.229506909847259521e-01
3.199557960033416748e-01
1.254280358552932739e-01
2.777495086193084717e-01
8.293231129646301270e-01
1.305225342512130737e-01
2.285592705011367798e-01
2.604449689388275146e-01
6.934242248535156250e-01
3.529703319072723389e-01
9.301081299781799316e-02
3.926310837268829346e-01
8.238229155540466309e-01
8.212815970182418823e-02
3.312578201293945312e-01
5.991943553090095520e-02
1.240698695182800293e-01
2.502187192440032959e-01
3.362073302268981934e-01
3.530097305774688721e-01
2.894472181797027588e-01
8.259743452072143555e-01
4.147066771984100342e-01
3.782544136047363281e-01
3.655211925506591797e-01
1.781018525362014771e-01
5.802574753761291504e-01
1.844546049833297729e-01
5.294367298483848572e-02
8.281341195106506348e-01
5.013366341590881348e-01
7.531120777130126953e-01
5.790476799011230469e-01
6.156524270772933960e-02
4.786994159221649170e-01
1.823085397481918335e-01
1.846293956041336060e-01
4.377700388431549072e-01
6.567779928445816040e-02
9.838438034057617188e-02
4.012477695941925049e-01
1.464415043592453003e-01
6.105341315269470215e-01
4.560563862323760986e-01
5.056543946266174316e-01
5.950065702199935913e-02
7.080488204956054688e-01
8.144962191581726074e-01
1.075217649340629578e-01
7.973091006278991699e-01
2.480140775442123413e-01
5.400878787040710449e-01
7.863664627075195312e-02
8.111613392829895020e-01
2.533566057682037354e-01
9.193585813045501709e-02
6.661342978477478027e-01
4.229817688465118408e-01
7.609061002731323242e-01
9.882666170597076416e-02
3.435846269130706787e-01
3.686344325542449951e-01
3.590652644634246826e-01
3.880073428153991699e-01
8.132662773132324219e-01
4.130540788173675537e-01
1.513969451189041138e-01
5.732230842113494873e-02
8.135179877281188965e-01
6.325039267539978027e-02
5.647098645567893982e-02
8.060829639434814453e-01
7.245510220527648926e-01
2.910450994968414307e-01
2.892350256443023682e-01
4.659655988216400146e-01
2.581838071346282959e-01
8.242466449737548828e-01
2.094292044639587402e-01
8.259575366973876953e-01
5.066291987895965576e-02
4.256567656993865967e-01
5.301284790039062500e-02
3.782314062118530273e-01
6.670650094747543335e-02
6.219340562820434570e-01
3.292804956436157227e-01
2.426804304122924805e-01
2.619059681892395020e-01
3.092599213123321533e-01
6.478672027587890625e-01
8.146573901176452637e-01
3.806083500385284424e-01
3.780896365642547607e-01
6.461719423532485962e-02
4.432043135166168213e-01
8.192952871322631836e-01
6.336995363235473633e-01
2.542427480220794678e-01
1.291746646165847778e-01
1.019565910100936890e-01
1.306622624397277832e-01
3.754745423793792725e-01
2.818676531314849854e-01
8.937923908233642578e-01
3.324156701564788818e-01
7.321677803993225098e-01
3.078930974006652832e-01
4.655925929546356201e-01
1.752724498510360718e-01
2.575448751449584961e-01
1.037025898694992065e-01
5.142063647508621216e-02
2.511805891990661621e-01
8.226606249809265137e-01
6.602008342742919922e-01
2.125612199306488037e-01
1.252091825008392334e-01
8.156675100326538086e-01
8.186756968498229980e-01
4.182541966438293457e-01
9.856477379798889160e-02
2.687089443206787109e-01
8.128000497817993164e-01
4.585226774215698242e-01
7.641162276268005371e-01
1.775192767381668091e-01
8.267381191253662109e-01
8.075158596038818359e-01
5.114481449127197266e-01
8.206313848495483398e-01
4.138452708721160889e-01
5.747864395380020142e-02
4.736337065696716309e-01
1.233354285359382629e-01
6.018750071525573730e-01
8.968954533338546753e-02
4.578118920326232910e-01
7.022541165351867676e-01
7.457259297370910645e-02
4.809458851814270020e-01
6.524571180343627930e-01
7.288507819175720215e-01
6.571786105632781982e-02
4.227350950241088867e-01
5.216896533966064453e-01
4.153954982757568359e-01
4.329442381858825684e-01
1.578125208616256714e-01
2.474691420793533325e-01
4.988274574279785156e-01
5.980442762374877930e-01
9.930977970361709595e-02
1.224499344825744629e-01
1.255082786083221436e-01
5.294898152351379395e-02
1.700899153947830200e-01
3.170831799507141113e-01
5.629305243492126465e-01
2.437686324119567871e-01
5.924945324659347534e-02
5.320203900337219238e-01
4.387919306755065918e-01
1.644389629364013672e-01
1.651209890842437744e-01
6.704755872488021851e-02
5.982415080070495605e-01
5.637182593345642090e-01
5.380212143063545227e-02
3.930784165859222412e-01
8.509284257888793945e-02
3.927733302116394043e-01
3.522484004497528076e-01
9.316807240247726440e-02
1.129508167505264282e-01
7.635066658258438110e-02
4.292269945144653320e-01
2.710137069225311279e-01
6.820967048406600952e-02
2.320900708436965942e-01
3.263538777828216553e-01
4.100177884101867676e-01
2.018513530492782593e-01
6.089407578110694885e-02
8.848221600055694580e-02
6.720878481864929199e-01
4.861364960670471191e-01
5.580553784966468811e-02
8.293132185935974121e-01
6.702617406845092773e-01
5.101779699325561523e-01
9.992565214633941650e-02
2.923419177532196045e-01
6.121736019849777222e-02
9.173470735549926758e-02
2.281177788972854614e-01
5.920760631561279297e-01
3.320384323596954346e-01
8.159765005111694336e-01
6.658962368965148926e-01
1.306600570678710938e-01
4.842098355293273926e-01
8.385709673166275024e-02
3.291295170783996582e-01
5.484549999237060547e-01
2.366870939731597900e-01
3.916969895362854004e-01
3.611229658126831055e-01
8.291993141174316406e-01
6.535710394382476807e-02
2.165136486291885376e-01
7.739907503128051758e-01
4.142957329750061035e-01
5.313264131546020508e-01
5.330185294151306152e-01
2.350279688835144043e-01
4.757362604141235352e-01
7.523154020309448242e-01
8.135229945182800293e-01
2.929733991622924805e-01
7.076270580291748047e-01
1.190389767289161682e-01
7.480198740959167480e-01
5.138715505599975586e-01
5.349129065871238708e-02
5.295752733945846558e-02
4.249905943870544434e-01
2.111742049455642700e-01
1.497678458690643311e-01
2.228899151086807251e-01
8.292415738105773926e-01
8.537180721759796143e-02
5.679470673203468323e-02
8.096350729465484619e-02
1.423979550600051880e-01
3.349457979202270508e-01
1.497427076101303101e-01
9.966059774160385132e-02
5.599094927310943604e-02
5.023741126060485840e-01
4.064024388790130615e-01
3.682734072208404541e-01
4.991164803504943848e-01
7.431250214576721191e-01
2.628439962863922119e-01
1.444709748029708862e-01
5.086857676506042480e-01
6.652561426162719727e-01
6.311142444610595703e-02
1.979275345802307129e-01
2.370473593473434448e-01
6.608651578426361084e-02
8.275220394134521484e-01
2.161718606948852539e-01
1.418348699808120728e-01
7.328975945711135864e-02
4.929980337619781494e-01
2.101792544126510620e-01
5.549149513244628906e-01
2.723025083541870117e-01
4.024834632873535156e-01
7.169050723314285278e-02
4.808621704578399658e-01
4.345189332962036133e-01
2.005072236061096191e-01
1.898206621408462524e-01
6.496897339820861816e-02
8.361163735389709473e-02
1.364368349313735962e-01
1.177726387977600098e-01
4.066040813922882080e-01
6.727021932601928711e-02
7.738999724388122559e-01
8.270356655120849609e-01
1.161855906248092651e-01
