3.872907534241676331e-02
9.125310778617858887e-01
1.564364135265350342e-01
9.255320429801940918e-01
2.040373086929321289e-01
9.700205922126770020e-02
2.690256834030151367e-01
2.530912458896636963e-01
8.938066959381103516e-01
1.456679254770278931e-01
4.480234384536743164e-01
2.151120752096176147e-01
8.292121887207031250e-01
5.032141208648681641e-01
2.077991813421249390e-01
3.407769203186035156e-01
1.310406923294067383e-01
6.577593088150024414e-01
9.451172351837158203e-01
2.664228975772857666e-01
6.925625205039978027e-01
7.866782546043395996e-01
6.457936018705368042e-02
7.921063899993896484e-02
2.359683513641357422e-01
7.251217961311340332e-02
8.012689948081970215e-01
2.606011331081390381e-01
2.517494857311248779e-01
4.442253112792968750e-01
2.795265018939971924e-01
4.411840438842773438e-02
8.544431328773498535e-01
1.029630899429321289e-01
2.874907851219177246e-01
1.385250389575958252e-01
3.630352020263671875e-01
1.925691664218902588e-01
2.493128627538681030e-01
8.771388530731201172e-01
1.455887109041213989e-01
1.187421679496765137e-01
7.879232615232467651e-02
8.723817765712738037e-02
9.343972057104110718e-02
2.430065721273422241e-01
3.298267126083374023e-01
5.933248400688171387e-01
3.935883566737174988e-02
8.610002994537353516e-01
1.226955875754356384e-01
4.825298488140106201e-02
1.987477093935012817e-01
3.368891775608062744e-01
1.408010572195053101e-01
9.520367532968521118e-02
7.902468442916870117e-01
1.075625643134117126e-01
4.820450395345687866e-02
1.538362205028533936e-01
5.281685590744018555e-01
2.802375555038452148e-01
1.763989478349685669e-01
5.157677084207534790e-02
6.791095435619354248e-02
1.217377409338951111e-01
8.504647016525268555e-02
1.968931555747985840e-01
5.805368423461914062e-01
1.880213767290115356e-01
6.092029809951782227e-02
7.168447375297546387e-01
4.618363082408905029e-01
1.508794426918029785e-01
3.181348443031311035e-01
1.109370738267898560e-01
6.977189332246780396e-02
3.963653743267059326e-02
1.337749809026718140e-01
8.042381703853607178e-02
8.990414738655090332e-01
6.573270559310913086e-01
8.219986557960510254e-01
4.902301132678985596e-01
8.546183109283447266e-01
6.020058393478393555e-01
7.042549550533294678e-02
1.620976477861404419e-01
8.583645820617675781e-01
2.376145124435424805e-01
7.300779819488525391e-01
9.943741559982299805e-02
4.785681888461112976e-02
4.186834692955017090e-01
2.714890241622924805e-01
3.510288000106811523e-01
4.957948029041290283e-01
8.736565113067626953e-01
5.560122057795524597e-02
1.288190186023712158e-01
4.874703288078308105e-01
1.747572571039199829e-01
4.840109050273895264e-01
2.015044838190078735e-01
3.214589655399322510e-01
1.167401894927024841e-01
1.117118820548057556e-01
4.880280494689941406e-01
4.450274109840393066e-01
3.785747587680816650e-01
4.806185066699981689e-01
6.777754426002502441e-02
8.354707807302474976e-02
9.459464550018310547e-01
1.875062584877014160e-01
9.259090572595596313e-02
8.968380689620971680e-01
9.056511521339416504e-02
1.820677220821380615e-01
7.826128602027893066e-01
4.196073114871978760e-02
1.233118623495101929e-01
1.386857330799102783e-01
5.869621038436889648e-01
8.966699838638305664e-01
1.236000657081604004e-01
1.012777835130691528e-01
1.673061549663543701e-01
8.694625645875930786e-02
2.404622733592987061e-01
9.215298891067504883e-01
5.948096513748168945e-01
8.852419257164001465e-01
1.179452538490295410e-01
4.830765128135681152e-01
5.206102728843688965e-01
8.790420889854431152e-01
4.429515600204467773e-01
3.916268646717071533e-01
8.938805013895034790e-02
7.684433460235595703e-01
6.035472750663757324e-01
5.375356078147888184e-01
3.781409561634063721e-01
2.364450842142105103e-01
9.348286688327789307e-02
3.448437452316284180e-01
7.761781811714172363e-01
6.906153559684753418e-01
1.365098059177398682e-01
5.544858053326606750e-02
1.596551984548568726e-01
1.565326303243637085e-01
1.431688815355300903e-01
1.366857141256332397e-01
1.627408862113952637e-01
2.632096409797668457e-01
2.483842223882675171e-01
3.354234099388122559e-01
7.603279948234558105e-01
2.721789777278900146e-01
6.182813048362731934e-01
1.497636884450912476e-01
2.775069475173950195e-01
8.059438467025756836e-01
2.313009649515151978e-01
3.503657877445220947e-01
2.615832090377807617e-01
1.324987411499023438e-01
2.187216281890869141e-01
1.023144125938415527e-01
4.598537459969520569e-02
3.245599865913391113e-01
6.275528669357299805e-01
9.354427456855773926e-02
8.963208794593811035e-01
2.832538783550262451e-01
7.525515556335449219e-02
8.465499281883239746e-01
1.352860480546951294e-01
1.964802294969558716e-01
1.259470134973526001e-01
1.226850822567939758e-01
1.632915586233139038e-01
3.917067870497703552e-02
1.030962094664573669e-01
1.723616719245910645e-01
5.354714989662170410e-01
2.316752821207046509e-01
2.951985895633697510e-01
4.540912806987762451e-02
6.192808151245117188e-01
5.117655545473098755e-02
7.303081750869750977e-01
1.828052848577499390e-01
5.321931242942810059e-01
6.589534133672714233e-02
2.305682003498077393e-01
5.603975653648376465e-01
5.173840373754501343e-02
4.085484519600868225e-02
1.345919817686080933e-01
8.644933700561523438e-01
2.104875147342681885e-01
6.161401867866516113e-01
8.938556909561157227e-01
5.496029853820800781e-01
8.988755941390991211e-02
9.529684782028198242e-01
1.790064126253128052e-01
3.482836484909057617e-01
7.203645259141921997e-02
2.983460724353790283e-01
4.326023757457733154e-01
2.713494002819061279e-01
7.517341524362564087e-02
8.306366801261901855e-01
3.856526017189025879e-01
7.599365711212158203e-01
1.204814985394477844e-01
8.698903918266296387e-01
9.430478811264038086e-01
7.067377567291259766e-01
1.353492140769958496e-01
1.752348840236663818e-01
2.357592433691024780e-01
3.410384654998779297e-01
6.277297139167785645e-01
1.353132426738739014e-01
5.977897644042968750e-01
7.029898166656494141e-01
8.946622014045715332e-01
9.782974421977996826e-02
6.137850880622863770e-01
8.971030712127685547e-01
2.410053014755249023e-01
4.462291896343231201e-01
9.037904739379882812e-01
2.356681227684020996e-01
2.637297809123992920e-01
8.532711863517761230e-01
9.069556742906570435e-02
7.544631361961364746e-01
2.034830898046493530e-01
3.267873227596282959e-01
4.947201907634735107e-01
1.109673157334327698e-01
9.366900324821472168e-01
1.617775708436965942e-01
7.799106240272521973e-01
2.412139028310775757e-01
5.379757657647132874e-02
1.363161802291870117e-01
1.139141544699668884e-01
1.340996772050857544e-01
9.644448757171630859e-02
2.016139924526214600e-01
6.913511157035827637e-01
1.759496033191680908e-01
8.369848728179931641e-01
8.861007541418075562e-02
4.863947927951812744e-01
4.379780590534210205e-01
5.409960076212882996e-02
1.436592638492584229e-01
4.019430875778198242e-01
2.632697820663452148e-01
2.056237757205963135e-01
7.431486994028091431e-02
5.303493142127990723e-01
8.089079260826110840e-01
7.644653320312500000e-01
3.060971498489379883e-01
2.260995954275131226e-01
6.983533501625061035e-01
1.263274550437927246e-01
7.548009157180786133e-01
3.990807235240936279e-01
7.955617308616638184e-01
1.184586435556411743e-01
2.018048018217086792e-01
8.780965209007263184e-01
1.370639353990554810e-01
6.706793904304504395e-01
2.521044313907623291e-01
2.935068011283874512e-01
6.664799153804779053e-02
1.190160363912582397e-01
2.828361392021179199e-01
1.389235258102416992e-01
1.609913557767868042e-01
3.756067752838134766e-01
7.902972698211669922e-01
5.312106609344482422e-01
2.189646214246749878e-01
4.654480889439582825e-02
1.106503009796142578e-01
8.694628477096557617e-01
3.257295787334442139e-01
1.548869013786315918e-01
8.867962360382080078e-01
3.679233491420745850e-01
3.746006786823272705e-01
1.305799931287765503e-01
1.121779754757881165e-01
4.836699739098548889e-02
1.648048758506774902e-01
7.471616268157958984e-01
8.655447363853454590e-01
5.871307849884033203e-01
3.661842644214630127e-01
1.490907371044158936e-01
1.216218620538711548e-01
2.131184488534927368e-01
5.664468407630920410e-01
3.129414618015289307e-01
8.876620531082153320e-01
6.880471110343933105e-01
2.272507846355438232e-01
1.564731597900390625e-01
4.965628981590270996e-01
2.800980508327484131e-01
4.349528253078460693e-01
9.268393516540527344e-01
2.055236250162124634e-01
3.843050599098205566e-01
1.425909250974655151e-01
8.189830929040908813e-02
1.381631046533584595e-01
1.246275976300239563e-01
5.072312429547309875e-02
5.839351192116737366e-02
4.684275388717651367e-01
8.350774645805358887e-02
1.880015581846237183e-01
8.945745229721069336e-01
2.576927840709686279e-01
3.932037204504013062e-02
1.944450289011001587e-01
3.760478198528289795e-01
9.149425476789474487e-02
3.264704048633575439e-01
7.020481228828430176e-01
3.750653564929962158e-01
8.812569379806518555e-01
5.208331719040870667e-02
1.609973460435867310e-01
6.708402633666992188e-01
1.467433571815490723e-01
7.638328671455383301e-01
1.144071891903877258e-01
4.436297342181205750e-02
5.673318728804588318e-02
1.066169068217277527e-01
2.150512635707855225e-01
8.951062709093093872e-02
7.559226751327514648e-01
1.526205539703369141e-01
1.414774954319000244e-01
5.503391623497009277e-01
1.208356767892837524e-01
4.290853440761566162e-01
2.097396701574325562e-01
1.265133172273635864e-01
5.622102618217468262e-01
5.286210179328918457e-01
3.110912442207336426e-01
9.294247627258300781e-01
2.651473581790924072e-01
1.692818403244018555e-01
4.977164268493652344e-01
1.405903697013854980e-01
1.671143919229507446e-01
1.459712833166122437e-01
9.369207918643951416e-02
9.005746245384216309e-02
2.150624692440032959e-01
1.096821874380111694e-01
8.003888130187988281e-01
9.466718137264251709e-02
7.361141592264175415e-02
6.134589016437530518e-02
7.714101076126098633e-01
5.763224363327026367e-01
1.825431138277053833e-01
3.252665698528289795e-01
4.529896974563598633e-01
2.639777362346649170e-01
1.920130699872970581e-01
4.159024953842163086e-01
4.854746907949447632e-02
5.112339556217193604e-02
8.481983095407485962e-02
6.242180615663528442e-02
1.486204415559768677e-01
2.245172671973705292e-02
5.185496807098388672e-01
2.787563800811767578e-01
6.303617954254150391e-01
1.913104504346847534e-01
2.219081223011016846e-01
7.430118322372436523e-02
7.888660430908203125e-01
2.916609048843383789e-01
7.467097043991088867e-01
7.645236253738403320e-01
3.049260079860687256e-01
4.929676055908203125e-01
2.823605835437774658e-01
1.485624909400939941e-01
9.067173302173614502e-02
5.090408399701118469e-02
1.559106111526489258e-01
3.476637601852416992e-01
8.064678907394409180e-01
4.072526842355728149e-02
4.665314257144927979e-01
6.578800082206726074e-02
8.908259868621826172e-02
1.360063552856445312e-01
6.011341139674186707e-02
4.628392159938812256e-01
8.618044257164001465e-01
4.734556376934051514e-02
1.354876905679702759e-01
4.415004849433898926e-01
6.644552201032638550e-02
6.024098396301269531e-02
2.973033785820007324e-01
8.222584426403045654e-02
2.298369705677032471e-01
1.043016090989112854e-01
7.083663940429687500e-01
5.408701300621032715e-01
1.511794030666351318e-01
6.700435280799865723e-02
2.115642279386520386e-01
1.402834653854370117e-01
6.057243943214416504e-01
1.688947379589080811e-01
3.922569453716278076e-01
3.861001133918762207e-02
1.197983622550964355e-01
6.957409977912902832e-01
1.237778961658477783e-01
2.672027349472045898e-01
6.764906644821166992e-02
8.765280842781066895e-01
9.413477033376693726e-02
4.513134434819221497e-02
1.533122211694717407e-01
7.689543366432189941e-01
2.999353706836700439e-01
5.133567377924919128e-02
5.061931535601615906e-02
4.676176011562347412e-01
2.412905842065811157e-01
1.086015626788139343e-01
8.795252442359924316e-02
2.086962461471557617e-01
3.775532543659210205e-01
2.112749516963958740e-01
9.435845166444778442e-02
1.956590563058853149e-01
6.495819985866546631e-02
1.249418258666992188e-01
8.854163289070129395e-01
2.044933438301086426e-01
1.902355849742889404e-01
9.576953649520874023e-01
2.325227558612823486e-01
5.087277293205261230e-01
1.316620260477066040e-01
8.202877640724182129e-01
2.764222025871276855e-01
8.236869424581527710e-02
7.831265926361083984e-01
8.662227988243103027e-01
5.212650299072265625e-01
3.719141334295272827e-02
3.056734800338745117e-01
2.940001487731933594e-01
1.092007309198379517e-01
6.041988730430603027e-01
5.706568807363510132e-02
1.519558131694793701e-01
3.052555322647094727e-01
6.329559534788131714e-02
9.962179511785507202e-02
2.373368442058563232e-01
9.494835138320922852e-02
6.653697490692138672e-01
1.339433640241622925e-01
4.708434045314788818e-01
4.770790040493011475e-01
3.029391765594482422e-01
2.276730537414550781e-01
2.257570475339889526e-01
1.135442852973937988e-01
1.202950626611709595e-01
8.169545531272888184e-01
1.328272968530654907e-01
5.454130768775939941e-01
9.061995148658752441e-01
9.147831797599792480e-02
9.904552251100540161e-02
3.769352734088897705e-01
9.057612717151641846e-02
5.306692719459533691e-01
7.962229102849960327e-02
1.703175753355026245e-01
2.693769633769989014e-01
7.063202261924743652e-01
2.847287356853485107e-01
4.505524933338165283e-01
1.692818403244018555e-01
1.411755234003067017e-01
4.466429352760314941e-01
1.749709695577621460e-01
2.276962399482727051e-01
1.892385929822921753e-01
5.092658996582031250e-01
1.323363929986953735e-01
3.474462032318115234e-01
5.401604175567626953e-01
4.976345971226692200e-02
3.240536451339721680e-01
8.498048186302185059e-01
5.109028518199920654e-02
5.098974704742431641e-01
1.535653322935104370e-01
1.341097205877304077e-01
1.346269100904464722e-01
1.371103376150131226e-01
6.352857351303100586e-01
2.019875198602676392e-01
4.548671543598175049e-01
5.516718029975891113e-01
9.197872877120971680e-01
9.484118819236755371e-01
9.366601109504699707e-01
5.429884791374206543e-02
3.501189053058624268e-01
2.875545024871826172e-01
3.532610237598419189e-01
9.089876413345336914e-01
2.344477176666259766e-01
2.819420695304870605e-01
2.186082303524017334e-01
9.890892356634140015e-02
8.884108662605285645e-01
4.140149056911468506e-02
7.601512223482131958e-02
7.615501880645751953e-01
6.323079019784927368e-02
1.201438754796981812e-01
4.316185414791107178e-01
2.481225281953811646e-01
9.210013151168823242e-01
7.365246117115020752e-02
6.113861128687858582e-02
1.339540332555770874e-01
8.615581989288330078e-01
9.137215614318847656e-01
3.788136318325996399e-02
7.851883172988891602e-01
7.565166801214218140e-02
6.535797119140625000e-01
2.095694690942764282e-01
5.641010999679565430e-01
4.622370004653930664e-01
8.816774189472198486e-02
3.248584568500518799e-01
7.477213740348815918e-01
7.367652654647827148e-02
4.333244636654853821e-02
5.904861688613891602e-01
6.326399743556976318e-02
1.183954849839210510e-01
3.534433841705322266e-01
4.340962469577789307e-01
4.299965128302574158e-02
6.044280529022216797e-01
1.579512506723403931e-01
1.967017054557800293e-01
6.802327185869216919e-02
2.688435912132263184e-01
8.730279803276062012e-01
7.291518449783325195e-01
8.747651576995849609e-01
3.017776012420654297e-01
5.204445123672485352e-01
2.648029923439025879e-01
3.129801154136657715e-01
6.904640048742294312e-02
9.959375113248825073e-02
5.115779489278793335e-02
6.057333350181579590e-01
7.975024580955505371e-01
7.596353888511657715e-01
1.212264150381088257e-01
3.460490405559539795e-01
1.054075434803962708e-01
1.027694791555404663e-01
9.122436046600341797e-01
6.394207477569580078e-01
1.485056281089782715e-01
1.162766292691230774e-01
8.899543434381484985e-02
3.815273568034172058e-02
2.865394651889801025e-01
8.876428008079528809e-01
4.454717934131622314e-01
6.602317839860916138e-02
1.400850713253021240e-01
4.085451364517211914e-01
5.509415268898010254e-01
9.581581503152847290e-02
3.983256220817565918e-01
2.057492583990097046e-01
9.026505947113037109e-01
1.599826812744140625e-01
1.022878959774971008e-01
1.888940334320068359e-01
3.181732892990112305e-01
3.158479034900665283e-01
6.756480038166046143e-02
4.197531938552856445e-01
9.024279117584228516e-01
8.485421538352966309e-01
4.714854061603546143e-01
3.225085139274597168e-02
6.705902516841888428e-02
6.052308082580566406e-01
5.328830480575561523e-01
2.731707692146301270e-01
4.165214598178863525e-01
5.050782561302185059e-01
9.563589096069335938e-02
5.630016699433326721e-02
5.385930463671684265e-02
3.852712810039520264e-01
2.371217608451843262e-01
4.864329472184181213e-02
1.952384412288665771e-01
8.496177196502685547e-01
3.761173784732818604e-01
7.793075442314147949e-01
3.112046718597412109e-01
2.498561441898345947e-01
1.152912005782127380e-01
9.241249412298202515e-02
6.841301918029785156e-01
9.427635073661804199e-01
4.275008291006088257e-02
9.299872517585754395e-01
9.369704127311706543e-01
7.763307094573974609e-01
2.342805266380310059e-01
8.401398062705993652e-01
5.711969733238220215e-02
3.354972302913665771e-01
4.498026072978973389e-01
7.625156044960021973e-01
5.692106485366821289e-01
9.213509410619735718e-02
9.057070314884185791e-02
3.099595606327056885e-01
6.766268610954284668e-01
2.740781903266906738e-01
1.431999504566192627e-01
4.210659861564636230e-01
3.644157946109771729e-01
3.582802712917327881e-01
2.763212919235229492e-01
5.585497021675109863e-01
1.830076426267623901e-01
3.539252281188964844e-01
7.521030902862548828e-01
6.695415973663330078e-01
4.835313931107521057e-02
5.079554319381713867e-01
6.113924831151962280e-02
3.639456629753112793e-01
8.127701282501220703e-01
1.155432984232902527e-01
1.470655798912048340e-01
8.539631217718124390e-02
3.867152929306030273e-01
9.359055161476135254e-01
3.978881537914276123e-01
8.657568097114562988e-01
7.123947143554687500e-02
4.370504990220069885e-02
6.035881489515304565e-02
8.998104333877563477e-01
4.686267375946044922e-01
7.731572985649108887e-01
6.407015919685363770e-01
2.037674784660339355e-01
8.680710196495056152e-02
4.433151707053184509e-02
5.253023505210876465e-01
9.084289073944091797e-01
7.350002974271774292e-02
5.493921041488647461e-02
8.806596398353576660e-01
2.087164968252182007e-01
4.366306960582733154e-02
2.059763967990875244e-01
5.443891882896423340e-02
1.855746358633041382e-01
2.472109794616699219e-01
3.611249327659606934e-01
4.636008292436599731e-02
1.468786448240280151e-01
1.111924126744270325e-01
9.098681807518005371e-02
7.639551758766174316e-01
3.585104942321777344e-01
2.710293531417846680e-01
1.059414222836494446e-01
1.106000542640686035e-01
1.359393298625946045e-01
2.422260493040084839e-01
1.740920245647430420e-01
3.360149562358856201e-01
9.980534017086029053e-02
2.784460783004760742e-01
9.515152573585510254e-01
3.813204914331436157e-02
3.684850335121154785e-01
1.082126274704933167e-01
5.768094658851623535e-01
4.047439694404602051e-01
4.794766381382942200e-02
3.188200294971466064e-01
8.930238485336303711e-01
8.096787333488464355e-02
2.216448336839675903e-01
6.370837241411209106e-02
1.443583220243453979e-01
2.502798140048980713e-01
3.887291252613067627e-01
4.164184331893920898e-01
2.381616532802581787e-01
8.882786631584167480e-01
3.092016875743865967e-01
5.883816480636596680e-01
3.114242851734161377e-01
1.678280681371688843e-01
7.410872578620910645e-01
1.924787610769271851e-01
4.756916686892509460e-02
9.026527404785156250e-01
7.439253330230712891e-01
7.420787215232849121e-01
7.436536550521850586e-01
6.925082951784133911e-02
5.266790390014648438e-01
1.619251668453216553e-01
1.660164296627044678e-01
4.210817217826843262e-01
6.895847618579864502e-02
8.062648028135299683e-02
3.714907765388488770e-01
7.176869362592697144e-02
6.839683651924133301e-01
5.451142191886901855e-01
6.703119277954101562e-01
4.981669783592224121e-02
7.230569124221801758e-01
6.934906244277954102e-01
1.539281010627746582e-01
8.916795253753662109e-01
4.078744947910308838e-01
5.131019949913024902e-01
4.640574380755424500e-02
8.932788372039794922e-01
5.819711089134216309e-01
8.286812901496887207e-02
8.042776584625244141e-01
2.721462845802307129e-01
7.482768297195434570e-01
9.572128206491470337e-02
2.990742623805999756e-01
3.636600673198699951e-01
3.848829269409179688e-01
3.655532002449035645e-01
9.081439971923828125e-01
2.129513174295425415e-01
2.982786297798156738e-01
3.912076726555824280e-02
8.408055901527404785e-01
8.526301383972167969e-02
4.075848683714866638e-02
8.360618948936462402e-01
8.471627235412597656e-01
4.035841226577758789e-01
1.275655180215835571e-01
7.080143690109252930e-01
3.218171298503875732e-01
8.800789713859558105e-01
2.226517498493194580e-01
8.749605417251586914e-01
4.371061921119689941e-02
5.089209675788879395e-01
8.752120286226272583e-02
3.790423870086669922e-01
7.430417835712432861e-02
3.274962306022644043e-01
4.428107142448425293e-01
1.954801380634307861e-01
2.552356123924255371e-01
2.350164055824279785e-01
7.516310811042785645e-01
8.620077967643737793e-01
2.460038959980010986e-01
3.925025165081024170e-01
7.862383127212524414e-02
4.406894445419311523e-01
8.194454908370971680e-01
7.902559638023376465e-01
1.641525775194168091e-01
2.320065796375274658e-01
9.585016965866088867e-02
1.742995083332061768e-01
6.494262069463729858e-02
2.288134843111038208e-01
9.464586973190307617e-01
1.654174774885177612e-01
6.338126659393310547e-01
1.087415665388107300e-01
7.530360817909240723e-01
1.623887568712234497e-01
1.837396323680877686e-01
6.853274255990982056e-02
4.953084886074066162e-02
1.450735926628112793e-01
7.768727540969848633e-01
8.062978982925415039e-01
3.393863141536712646e-01
1.223934888839721680e-01
6.756305098533630371e-01
9.408666491508483887e-01
7.213463783264160156e-01
9.309761226177215576e-02
2.553283572196960449e-01
8.701823949813842773e-01
5.525811314582824707e-01
7.742733955383300781e-01
1.050546169281005859e-01
9.191291928291320801e-01
9.163395762443542480e-01
5.783440470695495605e-01
8.807470798492431641e-01
3.819527328014373779e-01
5.099628493189811707e-02
5.262008309364318848e-01
2.024457007646560669e-01
7.854403853416442871e-01
2.435593903064727783e-01
5.433179736137390137e-01
5.839959383010864258e-01
1.350309252738952637e-01
5.288518667221069336e-01
4.636461138725280762e-01
5.292451381683349609e-01
5.599640309810638428e-02
5.088051557540893555e-01
6.573792099952697754e-01
3.825395703315734863e-01
3.845603168010711670e-01
2.476651221513748169e-01
2.749199569225311279e-01
6.328592300415039062e-01
5.032642483711242676e-01
1.631448417901992798e-01
9.416541457176208496e-02
1.692818403244018555e-01
4.166297242045402527e-02
1.403027921915054321e-01
1.730338484048843384e-01
6.875512599945068359e-01
1.431950181722640991e-01
4.873269796371459961e-02
4.655158221721649170e-01
4.921514391899108887e-01
1.368547677993774414e-01
3.327009677886962891e-01
9.263873100280761719e-02
8.030478358268737793e-01
7.060259580612182617e-01
5.192074179649353027e-02
3.993954360485076904e-01
4.747352376580238342e-02
3.767571449279785156e-01
2.263447046279907227e-01
1.027176752686500549e-01
1.086172461509704590e-01
8.633264899253845215e-02
6.759609580039978027e-01
1.810430288314819336e-01
5.083717033267021179e-02
1.757829338312149048e-01
2.456662952899932861e-01
4.415845274925231934e-01
5.879103541374206543e-01
8.562584221363067627e-02
1.000101491808891296e-01
6.260502934455871582e-01
5.919305086135864258e-01
5.015848204493522644e-02
9.569592475891113281e-01
7.314932346343994141e-01
4.637927412986755371e-01
1.475491374731063843e-01
2.542952895164489746e-01
7.025895267724990845e-02
1.366162598133087158e-01
2.297544032335281372e-01
9.135186672210693359e-02
5.247108340263366699e-01
7.978687882423400879e-01
7.581381797790527344e-01
1.122128367424011230e-01
5.875510573387145996e-01
1.452849805355072021e-01
3.052738010883331299e-01
4.321411848068237305e-01
2.050512433052062988e-01
5.908929109573364258e-01
2.819146513938903809e-01
9.434105157852172852e-01
1.090385094285011292e-01
2.571776211261749268e-01
8.048143386840820312e-01
4.628876745700836182e-01
7.305579185485839844e-01
5.999777913093566895e-01
4.616159200668334961e-01
4.376157820224761963e-01
9.188501834869384766e-01
8.625460267066955566e-01
1.508889496326446533e-01
8.784826397895812988e-01
9.353127330541610718e-02
8.314981460571289062e-01
5.864276289939880371e-01
5.652797594666481018e-02
4.107727855443954468e-02
3.988991081714630127e-01
2.130581438541412354e-01
8.306345343589782715e-02
1.941855549812316895e-01
9.206246137619018555e-01
9.298728406429290771e-02
5.604037642478942871e-02
2.403399944305419922e-01
1.302590221166610718e-01
2.630358636379241943e-01
7.866998761892318726e-02
9.090680629014968872e-02
5.525167286396026611e-02
5.816924571990966797e-01
2.999690473079681396e-01
6.015223264694213867e-01
8.007225394248962402e-01
8.801332116127014160e-01
1.524595320224761963e-01
5.235708504915237427e-02
4.717390835285186768e-01
6.609959006309509277e-01
6.075670942664146423e-02
1.903099119663238525e-01
3.107089400291442871e-01
4.224079102277755737e-02
9.167310595512390137e-01
2.707947790622711182e-01
9.559245407581329346e-02
1.157282590866088867e-01
3.985342085361480713e-01
1.848461329936981201e-01
6.914513111114501953e-01
1.931122094392776489e-01
2.538637816905975342e-01
6.514050811529159546e-02
5.069218873977661133e-01
3.804204165935516357e-01
1.493781805038452148e-01
2.109808325767517090e-01
2.289115935564041138e-01
6.082075089216232300e-02
2.477562129497528076e-01
6.316860765218734741e-02
4.529911577701568604e-01
9.567060321569442749e-02
8.617507219314575195e-01
8.431227207183837891e-01
9.576532244682312012e-02
