4.261193796992301941e-02
8.614668250083923340e-01
1.752358078956604004e-01
6.813881993293762207e-01
4.023658335208892822e-01
5.142994225025177002e-02
5.987567901611328125e-01
2.742321789264678955e-01
8.472180962562561035e-01
2.146989703178405762e-01
4.484479427337646484e-01
4.162892103195190430e-01
7.643473744392395020e-01
5.334239602088928223e-01
2.041020840406417847e-01
2.515479028224945068e-01
1.445824503898620605e-01
4.558771848678588867e-01
8.783884644508361816e-01
3.890945911407470703e-01
7.033520936965942383e-01
7.047447562217712402e-01
5.350252613425254822e-02
5.553420633077621460e-02
3.064574897289276123e-01
4.597406834363937378e-02
7.571399807929992676e-01
3.115583956241607666e-01
4.325395822525024414e-01
5.015257000923156738e-01
3.006901144981384277e-01
3.811086714267730713e-02
7.765311598777770996e-01
5.981051921844482422e-02
4.373740255832672119e-01
2.270727306604385376e-01
4.693937897682189941e-01
2.291361689567565918e-01
4.530977308750152588e-01
8.209663629531860352e-01
2.327962964773178101e-01
2.214939445257186890e-01
1.196477115154266357e-01
4.129853472113609314e-02
4.611638188362121582e-02
1.033688336610794067e-01
3.059349656105041504e-01
5.502632856369018555e-01
4.132738709449768066e-02
7.707517147064208984e-01
2.521352171897888184e-01
5.308699980378150940e-02
1.763067841529846191e-01
5.394656062126159668e-01
7.802748680114746094e-02
6.839695572853088379e-02
7.739787101745605469e-01
1.445957273244857788e-01
9.491506963968276978e-02
2.662320137023925781e-01
2.688607275485992432e-01
2.222834676504135132e-01
1.066310033202171326e-01
6.554993242025375366e-02
4.449061676859855652e-02
1.825659424066543579e-01
5.253091454505920410e-02
8.814555406570434570e-02
4.944115877151489258e-01
1.093615144491195679e-01
4.114815965294837952e-02
5.409981608390808105e-01
3.889095485210418701e-01
7.442672550678253174e-02
2.365750819444656372e-01
6.350550055503845215e-02
4.004819318652153015e-02
3.906379640102386475e-02
1.185146570205688477e-01
8.272249996662139893e-02
8.428844809532165527e-01
7.382085323333740234e-01
8.049151301383972168e-01
5.645065307617187500e-01
8.489207029342651367e-01
5.993176698684692383e-01
6.188519299030303955e-02
1.750746071338653564e-01
7.954561114311218262e-01
1.885699182748794556e-01
3.730459213256835938e-01
8.194663375616073608e-02
7.146131992340087891e-02
5.403482317924499512e-01
6.999796628952026367e-01
1.832847297191619873e-01
3.927743136882781982e-01
8.533943891525268555e-01
5.300876498222351074e-02
8.612521737813949585e-02
4.787567853927612305e-01
2.984977960586547852e-01
5.152018070220947266e-01
2.052229493856430054e-01
3.530003130435943604e-01
1.032975912094116211e-01
6.780125945806503296e-02
4.982290565967559814e-01
5.082141757011413574e-01
3.907020092010498047e-01
3.729618191719055176e-01
4.731110110878944397e-02
7.305740565061569214e-02
7.420113086700439453e-01
3.077141642570495605e-01
6.449367851018905640e-02
8.328344821929931641e-01
7.396961003541946411e-02
7.414750754833221436e-02
5.780928730964660645e-01
4.153573885560035706e-02
1.457749158143997192e-01
2.220332026481628418e-01
4.073061943054199219e-01
8.619052171707153320e-01
8.823414891958236694e-02
8.361215144395828247e-02
2.196122407913208008e-01
4.959589615464210510e-02
6.563302129507064819e-02
8.418119549751281738e-01
1.459559947252273560e-01
8.460947275161743164e-01
2.556941509246826172e-01
6.852169036865234375e-01
4.899539351463317871e-01
8.333061337471008301e-01
2.668568789958953857e-01
5.538796186447143555e-01
4.819373786449432373e-02
7.879176735877990723e-01
7.290531992912292480e-01
5.881241559982299805e-01
4.019646346569061279e-01
3.259366750717163086e-01
9.689296036958694458e-02
3.127853274345397949e-01
7.426221370697021484e-01
6.559448242187500000e-01
1.801825165748596191e-01
7.163173705339431763e-02
1.718005090951919556e-01
9.693804383277893066e-02
1.842856258153915405e-01
2.551810741424560547e-01
1.614142954349517822e-01
3.617161214351654053e-01
3.022727370262145996e-01
4.308298230171203613e-01
6.890917420387268066e-01
3.711732625961303711e-01
6.221841573715209961e-01
1.289102733135223389e-01
3.038855195045471191e-01
7.840079665184020996e-01
3.173115253448486328e-01
2.694329917430877686e-01
3.550372123718261719e-01
1.528596580028533936e-01
3.935607969760894775e-01
6.895520538091659546e-02
5.188765376806259155e-02
3.659877777099609375e-01
6.073302030563354492e-01
9.426582604646682739e-02
7.121719717979431152e-01
2.604263722896575928e-01
4.174105077981948853e-02
8.012222647666931152e-01
2.377462983131408691e-01
1.989011615514755249e-01
7.857397943735122681e-02
1.403912901878356934e-01
2.138955295085906982e-01
8.279790729284286499e-02
8.079659193754196167e-02
2.713532745838165283e-01
6.093896627426147461e-01
4.086068272590637207e-01
3.331528902053833008e-01
7.907297462224960327e-02
7.156329154968261719e-01
8.172127604484558105e-02
7.459523081779479980e-01
3.290191292762756348e-01
5.644379258155822754e-01
4.644610732793807983e-02
1.845886260271072388e-01
5.598409771919250488e-01
3.922988846898078918e-02
3.980990126729011536e-02
1.191435530781745911e-01
8.210008144378662109e-01
3.328430950641632080e-01
7.201288342475891113e-01
8.554090261459350586e-01
6.691920161247253418e-01
7.519039511680603027e-02
8.735433816909790039e-01
9.316352009773254395e-02
3.621712625026702881e-01
4.232272505760192871e-02
2.401053905487060547e-01
6.170419454574584961e-01
1.840697824954986572e-01
4.515117034316062927e-02
6.148842573165893555e-01
6.041191816329956055e-01
6.830640435218811035e-01
8.667308837175369263e-02
8.176530003547668457e-01
8.788083791732788086e-01
7.006658315658569336e-01
1.240424811840057373e-01
1.779454350471496582e-01
5.777346342802047729e-02
5.662780404090881348e-01
5.535887479782104492e-01
9.343556314706802368e-02
4.868734180927276611e-01
5.743812918663024902e-01
8.579614162445068359e-01
1.247839629650115967e-01
5.306535363197326660e-01
8.721840977668762207e-01
3.350314199924468994e-01
7.113181948661804199e-01
8.648575544357299805e-01
2.576621770858764648e-01
3.609152734279632568e-01
8.388618826866149902e-01
1.218162178993225098e-01
7.437159419059753418e-01
1.577529311180114746e-01
2.215380668640136719e-01
3.281976878643035889e-01
8.746197819709777832e-02
8.497636914253234863e-01
2.052478343248367310e-01
6.354073286056518555e-01
5.463396906852722168e-01
8.560344576835632324e-02
1.391526758670806885e-01
7.127322256565093994e-02
9.924413263797760010e-02
9.310702234506607056e-02
2.320425659418106079e-01
7.011607885360717773e-01
1.663256436586380005e-01
6.613445281982421875e-01
8.139580488204956055e-02
6.741163134574890137e-01
6.295074224472045898e-01
4.975828155875205994e-02
2.207089364528656006e-01
3.377390205860137939e-01
1.763975769281387329e-01
1.931388825178146362e-01
4.563416168093681335e-02
6.734211444854736328e-01
8.161532878875732422e-01
7.371370196342468262e-01
2.615410089492797852e-01
1.944482177495956421e-01
6.704245805740356445e-01
7.458223402500152588e-02
6.513581871986389160e-01
1.767975538969039917e-01
8.305470943450927734e-01
1.277410089969635010e-01
2.854733169078826904e-01
8.421935439109802246e-01
1.275126188993453979e-01
5.084219574928283691e-01
5.069656968116760254e-01
3.293486833572387695e-01
6.229580938816070557e-02
1.233420595526695251e-01
3.562059104442596436e-01
2.202235609292984009e-01
1.750119328498840332e-01
3.810302615165710449e-01
6.453388929367065430e-01
4.183886945247650146e-01
1.687544882297515869e-01
3.889548406004905701e-02
1.669641137123107910e-01
7.795520424842834473e-01
3.653303682804107666e-01
6.222311779856681824e-02
8.497163653373718262e-01
4.978311359882354736e-01
4.620557725429534912e-01
9.383708983659744263e-02
8.071375638246536255e-02
5.245713144540786743e-02
1.862907856702804565e-01
6.008214950561523438e-01
8.497142195701599121e-01
5.672419071197509766e-01
4.967050850391387939e-01
1.898870915174484253e-01
1.219274401664733887e-01
4.012814164161682129e-01
5.967189669609069824e-01
2.551811337471008301e-01
8.658752441406250000e-01
7.072486281394958496e-01
1.410041600465774536e-01
2.320519089698791504e-01
5.504819154739379883e-01
2.705649733543395996e-01
5.434663295745849609e-01
8.501193523406982422e-01
3.310533761978149414e-01
4.270929098129272461e-01
1.815295517444610596e-01
9.490412473678588867e-02
9.393405914306640625e-02
1.308160275220870972e-01
4.047353565692901611e-02
1.171782240271568298e-01
3.928167819976806641e-01
1.265213638544082642e-01
1.650814563035964966e-01
6.936366558074951172e-01
3.242495954036712646e-01
4.113060981035232544e-02
1.199793964624404907e-01
1.872549057006835938e-01
8.251971751451492310e-02
3.632818460464477539e-01
5.648479461669921875e-01
3.544863164424896240e-01
8.045290708541870117e-01
4.809554666280746460e-02
3.184603154659271240e-01
5.542929172515869141e-01
2.052824497222900391e-01
7.023383378982543945e-01
1.490532904863357544e-01
4.735355451703071594e-02
4.532229155302047729e-02
1.359188109636306763e-01
4.868124425411224365e-01
6.419876962900161743e-02
6.883394718170166016e-01
7.456956058740615845e-02
1.037221327424049377e-01
4.940488636493682861e-01
7.502056658267974854e-02
4.239593148231506348e-01
2.175135910511016846e-01
8.538608998060226440e-02
6.936414241790771484e-01
2.165870815515518188e-01
3.635770082473754883e-01
8.738117814064025879e-01
1.492706984281539917e-01
1.948453933000564575e-01
3.462179005146026611e-01
1.128652021288871765e-01
2.915675044059753418e-01
1.873829513788223267e-01
1.876952946186065674e-01
1.428396999835968018e-01
1.171725764870643616e-01
7.104592025279998779e-02
7.644632458686828613e-01
8.030870556831359863e-02
8.554618805646896362e-02
4.130470752716064453e-02
8.643347620964050293e-01
5.911771655082702637e-01
2.386494874954223633e-01
1.508049666881561279e-01
3.898250460624694824e-01
3.059005141258239746e-01
1.979865133762359619e-01
3.767997324466705322e-01
4.097989946603775024e-02
4.787188395857810974e-02
1.499757915735244751e-01
6.138166040182113647e-02
1.391757279634475708e-01
2.343778870999813080e-02
5.999191999435424805e-01
2.871951460838317871e-01
7.600467205047607422e-01
9.456005692481994629e-02
2.972720563411712646e-01
6.350232660770416260e-02
7.431741356849670410e-01
5.217949748039245605e-01
5.860505700111389160e-01
7.622089982032775879e-01
3.848726153373718262e-01
4.429378509521484375e-01
3.311560153961181641e-01
8.064649254083633423e-02
5.387175455689430237e-02
4.446347802877426147e-02
3.014208376407623291e-01
4.471449851989746094e-01
7.998707294464111328e-01
4.488852992653846741e-02
3.350363969802856445e-01
5.752998962998390198e-02
4.025100171566009521e-02
9.297958016395568848e-02
6.247872114181518555e-02
5.931104421615600586e-01
8.723191022872924805e-01
3.965412825345993042e-02
9.278035163879394531e-02
3.738710582256317139e-01
7.210461050271987915e-02
7.377532869577407837e-02
2.872158288955688477e-01
1.055598184466362000e-01
5.994992703199386597e-02
4.929573088884353638e-02
6.925737261772155762e-01
5.416779518127441406e-01
2.867573797702789307e-01
5.319923162460327148e-02
1.718315929174423218e-01
1.700036525726318359e-01
5.942538976669311523e-01
2.863415479660034180e-01
2.025942802429199219e-01
5.435590073466300964e-02
1.620714962482452393e-01
5.885226130485534668e-01
5.876144394278526306e-02
3.688565492630004883e-01
4.282345622777938843e-02
8.378964662551879883e-01
8.622174710035324097e-02
4.390633851289749146e-02
3.425907194614410400e-01
5.689356327056884766e-01
4.446319043636322021e-01
4.763561487197875977e-02
5.021460354328155518e-02
3.166672289371490479e-01
2.199469506740570068e-01
6.778447329998016357e-02
4.971083626151084900e-02
2.038365155458450317e-01
4.118119478225708008e-01
1.989189386367797852e-01
1.175281554460525513e-01
2.979892492294311523e-01
4.918631911277770996e-02
9.762099385261535645e-02
5.740761160850524902e-01
2.084468454122543335e-01
1.625260412693023682e-01
8.512095808982849121e-01
3.662123978137969971e-01
4.421876668930053711e-01
1.067178398370742798e-01
6.759334206581115723e-01
4.885729551315307617e-01
4.540356993675231934e-02
8.088478446006774902e-01
8.467194437980651855e-01
5.419120192527770996e-01
3.724806383252143860e-02
5.573105216026306152e-01
3.423537313938140869e-01
1.427053511142730713e-01
7.110764980316162109e-01
4.561699181795120239e-02
1.238967925310134888e-01
2.744235098361968994e-01
1.337179392576217651e-01
1.097893863916397095e-01
6.298642754554748535e-01
5.189820751547813416e-02
5.370683073997497559e-01
1.308575719594955444e-01
8.284881114959716797e-01
4.122823774814605713e-01
3.185100555419921875e-01
2.900227010250091553e-01
1.559354960918426514e-01
5.247059836983680725e-02
1.600816994905471802e-01
8.312929868698120117e-01
1.956960558891296387e-01
5.320596098899841309e-01
8.544539213180541992e-01
1.152042821049690247e-01
6.373511999845504761e-02
2.854369878768920898e-01
4.659627005457878113e-02
6.937139630317687988e-01
6.253782659769058228e-02
1.664856821298599243e-01
3.118419945240020752e-01
6.985940337181091309e-01
4.017140567302703857e-01
3.278374969959259033e-01
1.948453933000564575e-01
1.919647455215454102e-01
5.597045421600341797e-01
1.527318060398101807e-01
2.517572343349456787e-01
3.943141996860504150e-01
2.420194149017333984e-01
7.276967912912368774e-02
4.100624322891235352e-01
4.942870736122131348e-01
6.198719516396522522e-02
2.645751237869262695e-01
8.584161996841430664e-01
1.038676649332046509e-01
5.215550661087036133e-01
2.332268953323364258e-01
1.646539121866226196e-01
2.428450733423233032e-01
1.480375677347183228e-01
4.281648695468902588e-01
3.088753819465637207e-01
6.727159023284912109e-01
4.517132639884948730e-01
8.349286913871765137e-01
8.740326762199401855e-01
8.729082345962524414e-01
4.309862479567527771e-02
3.668420314788818359e-01
2.193034589290618896e-01
3.554200530052185059e-01
8.304495215415954590e-01
3.601604104042053223e-01
2.210443466901779175e-01
2.176229208707809448e-01
5.738023668527603149e-02
8.334333896636962891e-01
4.129772260785102844e-02
5.891340970993041992e-02
8.076338768005371094e-01
4.505861923098564148e-02
8.440331369638442993e-02
3.384667336940765381e-01
3.948898613452911377e-01
8.675158619880676270e-01
3.977877646684646606e-02
1.193515732884407043e-01
1.471582651138305664e-01
8.300859332084655762e-01
8.203436136245727539e-01
3.900598734617233276e-02
8.107067346572875977e-01
8.839344978332519531e-02
5.715658068656921387e-01
4.200492501258850098e-01
6.933377981185913086e-01
4.466415047645568848e-01
9.497353434562683105e-02
4.059181511402130127e-01
7.733654379844665527e-01
4.706666991114616394e-02
4.172495007514953613e-02
5.615875124931335449e-01
4.118120297789573669e-02
5.198144912719726562e-02
3.009414076805114746e-01
3.984765112400054932e-01
4.617057368159294128e-02
6.067504882812500000e-01
2.852709591388702393e-01
4.190481901168823242e-01
5.862516909837722778e-02
3.403017520904541016e-01
8.212544918060302734e-01
6.543272733688354492e-01
6.682909131050109863e-01
2.840263545513153076e-01
5.065869092941284180e-01
2.259548902511596680e-01
2.192736715078353882e-01
1.067088171839714050e-01
6.556740403175354004e-02
4.219120740890502930e-02
7.517879605293273926e-01
7.655832767486572266e-01
5.686001777648925781e-01
7.558380812406539917e-02
4.108198583126068115e-01
1.608502566814422607e-01
1.065322756767272949e-01
8.238316178321838379e-01
6.818520426750183105e-01
1.185805723071098328e-01
8.578310906887054443e-02
4.302538186311721802e-02
4.296618700027465820e-02
2.878967523574829102e-01
8.250496983528137207e-01
2.400923818349838257e-01
4.752517864108085632e-02
1.611637622117996216e-01
4.702263772487640381e-01
5.693530440330505371e-01
1.314998865127563477e-01
4.113525450229644775e-01
3.779374659061431885e-01
7.122765779495239258e-01
6.894289702177047729e-02
7.883481681346893311e-02
1.707178801298141479e-01
3.519340753555297852e-01
4.088701307773590088e-01
4.044772312045097351e-02
3.642043471336364746e-01
8.308603763580322266e-01
6.358125209808349609e-01
5.004114508628845215e-01
6.707444041967391968e-02
7.237019389867782593e-02
5.880619883537292480e-01
4.992921948432922363e-01
3.170292079448699951e-01
4.036596715450286865e-01
6.564675569534301758e-01
1.081213206052780151e-01
6.535449624061584473e-02
4.649450257420539856e-02
3.381023406982421875e-01
1.787160038948059082e-01
3.858467191457748413e-02
3.592374622821807861e-01
6.265938878059387207e-01
3.094731569290161133e-01
6.768303513526916504e-01
4.742091000080108643e-01
2.470453083515167236e-01
4.956956207752227783e-02
1.143018230795860291e-01
6.603648662567138672e-01
8.358406424522399902e-01
4.175978526473045349e-02
8.724004030227661133e-01
8.751893043518066406e-01
6.897060871124267578e-01
3.128229677677154541e-01
6.586812138557434082e-01
4.751525819301605225e-02
4.105187058448791504e-01
6.384602189064025879e-01
7.317295670509338379e-01
7.722268700599670410e-01
7.576140761375427246e-02
5.532073602080345154e-02
1.899049580097198486e-01
7.066529393196105957e-01
4.211198389530181885e-01
1.160486340522766113e-01
4.104113578796386719e-01
5.791793465614318848e-01
4.298412501811981201e-01
2.062292248010635376e-01
3.450352549552917480e-01
3.290017545223236084e-01
5.024423003196716309e-01
5.845264196395874023e-01
6.273999810218811035e-01
4.209614917635917664e-02
6.207610368728637695e-01
3.991397470235824585e-02
4.363950788974761963e-01
6.659600138664245605e-01
4.106258228421211243e-02
5.976219475269317627e-02
7.914672046899795532e-02
3.831041455268859863e-01
8.634060621261596680e-01
4.215534329414367676e-01
7.275741100311279297e-01
4.863919317722320557e-02
4.777301847934722900e-02
7.140950113534927368e-02
8.655756711959838867e-01
2.076860517263412476e-01
8.376464843750000000e-01
6.069422364234924316e-01
2.787869870662689209e-01
1.188109740614891052e-01
6.271239370107650757e-02
5.101161003112792969e-01
8.486748933792114258e-01
4.866753891110420227e-02
5.101086571812629700e-02
8.323141336441040039e-01
2.217987030744552612e-01
4.749514162540435791e-02
2.397995442152023315e-01
1.041491776704788208e-01
1.346110999584197998e-01
1.428668797016143799e-01
4.074102938175201416e-01
4.111791402101516724e-02
1.532098650932312012e-01
5.473494157195091248e-02
5.839730054140090942e-02
5.220617055892944336e-01
6.040388345718383789e-01
2.743763923645019531e-01
5.764083936810493469e-02
5.690176039934158325e-02
1.170304268598556519e-01
1.544890701770782471e-01
1.931435018777847290e-01
4.771811664104461670e-01
9.847097098827362061e-02
3.315696716308593750e-01
8.696123957633972168e-01
1.047159209847450256e-01
2.041190266609191895e-01
1.823328733444213867e-01
6.271606087684631348e-01
3.802109956741333008e-01
4.798876866698265076e-02
3.276928663253784180e-01
8.620473146438598633e-01
5.736441165208816528e-02
1.669714152812957764e-01
5.054206773638725281e-02
1.430377066135406494e-01
1.302076131105422974e-01
3.542016744613647461e-01
2.354288548231124878e-01
2.589068114757537842e-01
8.571529388427734375e-01
3.748784363269805908e-01
3.635563254356384277e-01
3.524793982505798340e-01
9.612599760293960571e-02
4.052254557609558105e-01
1.340744793415069580e-01
4.125403985381126404e-02
8.646746873855590820e-01
6.857458353042602539e-01
7.965474128723144531e-01
5.271310210227966309e-01
4.957844689488410950e-02
5.054770708084106445e-01
2.371702194213867188e-01
2.674696445465087891e-01
4.619259238243103027e-01
8.335748314857482910e-02
5.655002966523170471e-02
3.740536272525787354e-01
7.767319679260253906e-02
7.542941570281982422e-01
6.744599938392639160e-01
5.317103862762451172e-01
6.064140424132347107e-02
6.149241924285888672e-01
7.678359746932983398e-01
1.095940023660659790e-01
8.241447210311889648e-01
3.486993014812469482e-01
4.907376170158386230e-01
5.089404061436653137e-02
8.143548369407653809e-01
3.654345571994781494e-01
5.682222172617912292e-02
8.272082209587097168e-01
3.351405858993530273e-01
7.337685823440551758e-01
8.696257323026657104e-02
2.497998923063278198e-01
3.187179565429687500e-01
3.302401602268218994e-01
3.243166804313659668e-01
8.498616814613342285e-01
3.214003741741180420e-01
2.768230438232421875e-01
3.844283893704414368e-02
8.271258473396301270e-01
5.669903755187988281e-02
4.249440878629684448e-02
7.976984977722167969e-01
7.805926203727722168e-01
3.446908593177795410e-01
4.305724054574966431e-02
5.337572693824768066e-01
2.893993854522705078e-01
8.638774752616882324e-01
2.084776759147644043e-01
8.688417673110961914e-01
3.823924809694290161e-02
5.689989924430847168e-01
4.402877390384674072e-02
2.840692698955535889e-01
1.179100647568702698e-01
2.579705119132995605e-01
5.319866538047790527e-01
1.772246062755584717e-01
2.548927366733551025e-01
1.076057776808738708e-01
6.631905436515808105e-01
8.059036731719970703e-01
4.887875318527221680e-01
4.667440652847290039e-01
5.925338715314865112e-02
5.436671972274780273e-01
7.575063705444335938e-01
6.894800066947937012e-01
1.652171164751052856e-01
2.839446067810058594e-01
9.165103733539581299e-02
1.503557562828063965e-01
4.251541942358016968e-02
2.316647320985794067e-01
8.736764788627624512e-01
1.544297188520431519e-01
6.360481381416320801e-01
1.006709933280944824e-01
5.898711085319519043e-01
3.678081631660461426e-01
2.095950245857238770e-01
5.221575498580932617e-02
5.075906589627265930e-02
1.913075298070907593e-01
8.669657707214355469e-01
6.689811348915100098e-01
2.272653132677078247e-01
8.567645400762557983e-02
7.696180939674377441e-01
8.423900604248046875e-01
6.441571712493896484e-01
1.501246839761734009e-01
2.821412384510040283e-01
7.348744273185729980e-01
6.186153888702392578e-01
7.436503767967224121e-01
9.022825956344604492e-02
8.576989769935607910e-01
8.270927667617797852e-01
5.832499861717224121e-01
8.314122557640075684e-01
3.919836878776550293e-01
4.542764276266098022e-02
6.204518079757690430e-01
2.213931530714035034e-01
7.265588045120239258e-01
2.067703306674957275e-01
5.406036972999572754e-01
4.972319900989532471e-01
1.002391800284385681e-01
7.031245231628417969e-01
4.647327363491058350e-01
8.009831905364990234e-01
8.121859282255172729e-02
5.078364014625549316e-01
7.112255692481994629e-01
3.612592816352844238e-01
3.920439779758453369e-01
1.788389831781387329e-01
5.358546376228332520e-01
5.423623323440551758e-01
6.094033718109130859e-01
1.228636205196380615e-01
1.147180125117301941e-01
1.948453933000564575e-01
4.078398272395133972e-02
2.462664693593978882e-01
1.848974376916885376e-01
7.018749117851257324e-01
2.689974009990692139e-01
7.201254367828369141e-02
3.660741448402404785e-01
5.028182268142700195e-01
5.184901878237724304e-02
1.026338711380958557e-01
1.202562972903251648e-01
8.051973581314086914e-01
6.280832886695861816e-01
5.999270454049110413e-02
1.893137991428375244e-01
5.052733421325683594e-02
4.360285103321075439e-01
2.597712874412536621e-01
1.185573786497116089e-01
8.997294306755065918e-02
6.360268592834472656e-02
4.477672278881072998e-01
3.045614659786224365e-01
7.796148955821990967e-02
7.169032096862792969e-02
2.957942485809326172e-01
4.986081123352050781e-01
3.282771110534667969e-01
6.131159886717796326e-02
1.684467494487762451e-01
6.971794962882995605e-01
3.973813056945800781e-01
6.510079652070999146e-02
8.724092841148376465e-01
7.633663415908813477e-01
5.234953165054321289e-01
2.691271901130676270e-01
3.426943421363830566e-01
6.506469100713729858e-02
7.150730490684509277e-02
1.582231819629669189e-01
1.709396839141845703e-01
5.700481534004211426e-01
7.025703191757202148e-01
6.408298015594482422e-01
8.806211501359939575e-02
5.140699148178100586e-01
2.133245617151260376e-01
4.462488889694213867e-01
5.571848750114440918e-01
9.167699515819549561e-02
4.491024315357208252e-01
3.518859148025512695e-01
8.785166740417480469e-01
5.656619742512702942e-02
1.058353632688522339e-01
8.160789608955383301e-01
5.119085311889648438e-01
6.729285717010498047e-01
6.928194761276245117e-01
5.143806934356689453e-01
3.243644237518310547e-01
8.494834899902343750e-01
7.933784127235412598e-01
1.609867960214614868e-01
8.048995137214660645e-01
6.456844508647918701e-02
7.309905886650085449e-01
6.192719936370849609e-01
4.621395468711853027e-02
4.212304577231407166e-02
5.080088376998901367e-01
3.217988610267639160e-01
5.235532298684120178e-02
2.391062080860137939e-01
8.635115623474121094e-01
1.121879890561103821e-01
4.230728000402450562e-02
1.028199940919876099e-01
1.597030609846115112e-01
2.941243648529052734e-01
6.627576798200607300e-02
2.235544323921203613e-01
3.903540223836898804e-02
5.115039348602294922e-01
3.041229248046875000e-01
5.735993981361389160e-01
6.319652795791625977e-01
8.455618619918823242e-01
1.397462040185928345e-01
1.384196579456329346e-01
3.160765469074249268e-01
5.945489406585693359e-01
4.604263231158256531e-02
3.232175409793853760e-01
4.767366349697113037e-01
4.219495505094528198e-02
8.688836693763732910e-01
1.617261916399002075e-01
6.231136247515678406e-02
7.070659846067428589e-02
4.626184105873107910e-01
2.523919343948364258e-01
6.489300131797790527e-01
1.072723120450973511e-01
3.477490842342376709e-01
1.141710057854652405e-01
4.048259854316711426e-01
4.377858936786651611e-01
2.114233672618865967e-01
1.468152105808258057e-01
2.718477249145507812e-01
6.612049788236618042e-02
9.196510165929794312e-02
7.129725813865661621e-02
4.710083603858947754e-01
5.541213229298591614e-02
7.586253285408020020e-01
8.215005993843078613e-01
9.809432178735733032e-02
