3.817845880985260010e-02
8.648719787597656250e-01
6.517549604177474976e-02
8.622500300407409668e-01
1.359056532382965088e-01
5.273021757602691650e-02
4.461733996868133545e-01
2.880720794200897217e-01
8.684925436973571777e-01
1.158251538872718811e-01
3.362070620059967041e-01
1.715888231992721558e-01
8.441413044929504395e-01
4.378650486469268799e-01
9.689771384000778198e-02
2.051130235195159912e-01
2.821929156780242920e-01
5.759569406509399414e-01
9.472845196723937988e-01
2.563493847846984863e-01
8.012068271636962891e-01
8.362059593200683594e-01
6.890745460987091064e-02
6.271490454673767090e-02
2.285694330930709839e-01
4.714848846197128296e-02
7.694315910339355469e-01
2.247643917798995972e-01
2.088714838027954102e-01
3.260100185871124268e-01
2.472727745771408081e-01
3.709111735224723816e-02
8.085494041442871094e-01
5.584037303924560547e-02
8.539339154958724976e-02
1.257652640342712402e-01
2.816832959651947021e-01
1.328516751527786255e-01
3.007322549819946289e-01
9.061725735664367676e-01
1.074101850390434265e-01
9.579516947269439697e-02
6.364431232213973999e-02
8.489760756492614746e-02
5.230139940977096558e-02
2.067500352859497070e-01
1.506279706954956055e-01
5.762948393821716309e-01
3.982873260974884033e-02
8.849788308143615723e-01
9.655139595270156860e-02
4.650535807013511658e-02
1.267888695001602173e-01
3.211195170879364014e-01
7.882636785507202148e-02
1.139567121863365173e-01
8.051177263259887695e-01
5.543436110019683838e-02
5.576550215482711792e-02
1.741499155759811401e-01
3.662562370300292969e-01
2.317392826080322266e-01
6.188403815031051636e-02
5.155205354094505310e-02
6.046883389353752136e-02
1.053288131952285767e-01
4.421808198094367981e-02
8.152455836534500122e-02
5.574056506156921387e-01
1.377228498458862305e-01
5.145164206624031067e-02
6.172387599945068359e-01
3.311573565006256104e-01
1.092128902673721313e-01
1.968100070953369141e-01
6.396234780550003052e-02
4.437433555722236633e-02
3.685253113508224487e-02
9.135805815458297729e-02
5.642504245042800903e-02
8.701500296592712402e-01
7.241361737251281738e-01
7.958027720451354980e-01
6.014637947082519531e-01
8.586424589157104492e-01
4.819696843624114990e-01
9.159471839666366577e-02
1.346819847822189331e-01
7.619941830635070801e-01
2.851289212703704834e-01
4.767508804798126221e-01
5.850909277796745300e-02
4.340348020195960999e-02
5.197269916534423828e-01
1.932796984910964966e-01
2.791049182415008545e-01
4.005190432071685791e-01
8.716969490051269531e-01
6.078871339559555054e-02
6.435205042362213135e-02
5.039824843406677246e-01
1.025668606162071228e-01
5.105546116828918457e-01
1.387334614992141724e-01
1.836661845445632935e-01
8.006560057401657104e-02
5.213275924324989319e-02
3.412804007530212402e-01
3.221347928047180176e-01
2.409511357545852661e-01
3.816406428813934326e-01
5.295151472091674805e-02
6.386525928974151611e-02
9.502251148223876953e-01
1.520248800516128540e-01
6.802780181169509888e-02
8.903414011001586914e-01
7.214908301830291748e-02
1.326733976602554321e-01
7.318778038024902344e-01
3.707503154873847961e-02
9.495626389980316162e-02
7.909654825925827026e-02
4.681588113307952881e-01
9.029283523559570312e-01
8.954391628503799438e-02
6.884507834911346436e-02
2.370453923940658569e-01
5.787220597267150879e-02
6.478700041770935059e-02
9.225099682807922363e-01
9.357107430696487427e-02
9.009158015251159668e-01
2.974682748317718506e-01
2.339217811822891235e-01
4.284474253654479980e-01
8.623229861259460449e-01
2.101613730192184448e-01
3.371653556823730469e-01
5.612118169665336609e-02
6.938720941543579102e-01
6.475143432617187500e-01
5.924619436264038086e-01
2.900496125221252441e-01
2.459078133106231689e-01
5.521436035633087158e-02
4.597668349742889404e-01
8.489283323287963867e-01
6.022651195526123047e-01
7.128133624792098999e-02
4.904123768210411072e-02
1.376151293516159058e-01
5.928865075111389160e-02
9.446514397859573364e-02
1.067504584789276123e-01
8.904511481523513794e-02
1.542327851057052612e-01
2.845578491687774658e-01
4.772537946701049805e-01
7.745947837829589844e-01
2.254487723112106323e-01
6.308572888374328613e-01
1.127615272998809814e-01
1.467009931802749634e-01
8.308228254318237305e-01
3.378327786922454834e-01
3.704862594604492188e-01
2.728059887886047363e-01
7.966724038124084473e-02
2.237555533647537231e-01
6.950088590383529663e-02
3.937009349465370178e-02
2.873234152793884277e-01
6.289594173431396484e-01
1.029671132564544678e-01
9.166271686553955078e-01
2.877123951911926270e-01
4.939776286482810974e-02
7.978324294090270996e-01
1.576233059167861938e-01
1.135711148381233215e-01
6.076337024569511414e-02
1.098613813519477844e-01
1.016584187746047974e-01
1.200104579329490662e-01
9.123161435127258301e-02
1.646373271942138672e-01
5.860589146614074707e-01
3.479295670986175537e-01
3.651979863643646240e-01
5.697555094957351685e-02
5.276612043380737305e-01
9.828212112188339233e-02
6.968788504600524902e-01
1.375570148229598999e-01
4.258854091167449951e-01
4.486713930964469910e-02
1.793920993804931641e-01
3.488516509532928467e-01
4.887634143233299255e-02
3.910361602902412415e-02
1.458221226930618286e-01
8.729061484336853027e-01
1.751518547534942627e-01
7.386628389358520508e-01
8.838502168655395508e-01
6.296380758285522461e-01
7.271490991115570068e-02
9.509274959564208984e-01
1.719313114881515503e-01
1.873664110898971558e-01
4.750604927539825439e-02
2.117427140474319458e-01
4.289780855178833008e-01
1.321464627981185913e-01
3.799201175570487976e-02
3.006959259510040283e-01
3.541613519191741943e-01
5.782157778739929199e-01
6.432655453681945801e-02
8.495097160339355469e-01
9.467045664787292480e-01
6.224433183670043945e-01
1.189198195934295654e-01
1.056878343224525452e-01
7.154697924852371216e-02
5.930737853050231934e-01
5.786465406417846680e-01
1.462684869766235352e-01
4.339008331298828125e-01
6.257353425025939941e-01
8.983685374259948730e-01
1.001078560948371887e-01
5.655262470245361328e-01
8.773817420005798340e-01
2.158118784427642822e-01
6.113643646240234375e-01
9.110001921653747559e-01
1.641233116388320923e-01
2.785004973411560059e-01
8.188099265098571777e-01
1.244573742151260376e-01
7.756651639938354492e-01
2.139557152986526489e-01
2.842863500118255615e-01
3.447100222110748291e-01
6.709212064743041992e-02
9.406014084815979004e-01
8.991246670484542847e-02
6.779614090919494629e-01
3.148261308670043945e-01
3.517208620905876160e-02
1.164296567440032959e-01
5.475072190165519714e-02
8.666656911373138428e-02
9.329475462436676025e-02
2.940285801887512207e-01
6.114214658737182617e-01
1.339313983917236328e-01
7.668099403381347656e-01
1.222189590334892273e-01
4.975365102291107178e-01
3.197897970676422119e-01
4.957048594951629639e-02
1.707091331481933594e-01
3.921239972114562988e-01
1.649955511093139648e-01
2.276182323694229126e-01
9.864252060651779175e-02
6.831743121147155762e-01
8.384839296340942383e-01
8.125900030136108398e-01
2.831483781337738037e-01
1.505392789840698242e-01
6.386255025863647461e-01
1.095897704362869263e-01
7.489496469497680664e-01
6.886949390172958374e-02
8.148390054702758789e-01
7.016624510288238525e-02
1.171534657478332520e-01
8.175469636917114258e-01
1.503066420555114746e-01
5.885254740715026855e-01
5.117976069450378418e-01
3.639332354068756104e-01
4.984475299715995789e-02
6.217844039201736450e-02
2.196844816207885742e-01
7.687065750360488892e-02
7.864946871995925903e-02
6.042767167091369629e-01
6.948469281196594238e-01
3.443872630596160889e-01
8.585920184850692749e-02
4.083368554711341858e-02
1.355452984571456909e-01
9.112610220909118652e-01
4.598074853420257568e-01
5.582159012556076050e-02
7.335514426231384277e-01
3.436534404754638672e-01
2.723578512668609619e-01
8.797880262136459351e-02
8.041307330131530762e-02
4.554621130228042603e-02
9.278839826583862305e-02
7.219426035881042480e-01
8.440968394279479980e-01
5.207234621047973633e-01
3.690651059150695801e-01
6.360038369894027710e-02
6.563685089349746704e-02
1.102284938097000122e-01
6.109733581542968750e-01
3.191555142402648926e-01
9.134491086006164551e-01
5.103113651275634766e-01
1.945730596780776978e-01
2.146849930286407471e-01
3.703566491603851318e-01
2.640005350112915039e-01
4.803332388401031494e-01
9.002093672752380371e-01
4.323304593563079834e-01
3.330182135105133057e-01
9.337771683931350708e-02
7.504986226558685303e-02
7.230851054191589355e-02
6.301033496856689453e-02
4.705997556447982788e-02
9.544871747493743896e-02
3.734713196754455566e-01
6.939689815044403076e-02
1.139326021075248718e-01
7.886776924133300781e-01
1.418426185846328735e-01
4.136734455823898315e-02
1.018304750323295593e-01
2.098914682865142822e-01
6.527710705995559692e-02
2.014526575803756714e-01
6.279138326644897461e-01
1.747061759233474731e-01
8.301330208778381348e-01
4.138990864157676697e-02
1.574482172727584839e-01
4.106979668140411377e-01
1.835606843233108521e-01
6.512035131454467773e-01
7.721099257469177246e-02
4.375561699271202087e-02
4.329027608036994934e-02
7.617362588644027710e-02
3.219384253025054932e-01
8.161034435033798218e-02
8.154893517494201660e-01
1.528236269950866699e-01
1.285417377948760986e-01
2.893150746822357178e-01
5.701604858040809631e-02
3.531678915023803711e-01
1.241911426186561584e-01
6.015114858746528625e-02
7.379132509231567383e-01
3.299500942230224609e-01
4.301049709320068359e-01
9.216006398200988770e-01
1.829747706651687622e-01
2.483377307653427124e-01
3.950753211975097656e-01
9.331530332565307617e-02
9.295467287302017212e-02
1.309743672609329224e-01
7.693904638290405273e-02
7.264052331447601318e-02
1.470854878425598145e-01
5.980810150504112244e-02
9.104925394058227539e-01
8.408454060554504395e-02
5.884874612092971802e-02
4.993061348795890808e-02
8.618652820587158203e-01
5.383948683738708496e-01
1.977702677249908447e-01
9.365614503622055054e-02
2.689046561717987061e-01
2.735853195190429688e-01
1.864164322614669800e-01
3.189107477664947510e-01
3.634105995297431946e-02
5.295515432953834534e-02
8.406203240156173706e-02
7.976668328046798706e-02
9.138214588165283203e-02
2.269109897315502167e-02
6.873942017555236816e-01
1.620760113000869751e-01
7.290855050086975098e-01
1.772283315658569336e-01
1.392179280519485474e-01
6.048721447587013245e-02
6.534521579742431641e-01
5.105071067810058594e-01
6.326189041137695312e-01
7.215387225151062012e-01
4.367018640041351318e-01
4.407223463058471680e-01
1.167632490396499634e-01
6.703018397092819214e-02
5.730436369776725769e-02
3.661536797881126404e-02
2.651358842849731445e-01
3.874064385890960693e-01
8.412315845489501953e-01
3.793236985802650452e-02
4.389849007129669189e-01
1.554380357265472412e-01
7.511257380247116089e-02
1.133364811539649963e-01
4.621793702244758606e-02
5.757191777229309082e-01
8.853973746299743652e-01
3.891815617680549622e-02
9.273659437894821167e-02
4.625359773635864258e-01
5.773660540580749512e-02
1.243739053606987000e-01
2.614585757255554199e-01
8.839599043130874634e-02
6.778611987829208374e-02
1.657543778419494629e-01
7.268702387809753418e-01
3.573654592037200928e-01
1.447415500879287720e-01
6.637527048587799072e-02
1.502856612205505371e-01
7.008221745491027832e-02
6.828530430793762207e-01
9.889235347509384155e-02
2.879902422428131104e-01
5.421390011906623840e-02
7.251795381307601929e-02
6.290122270584106445e-01
6.074802204966545105e-02
3.101302087306976318e-01
4.626502469182014465e-02
8.596273064613342285e-01
6.450609117746353149e-02
4.218951985239982605e-02
2.495498359203338623e-01
6.350233554840087891e-01
4.393047690391540527e-01
4.686275124549865723e-02
6.929267197847366333e-02
4.279508590698242188e-01
1.861542612314224243e-01
1.030230671167373657e-01
6.460536271333694458e-02
1.542651653289794922e-01
2.388236522674560547e-01
1.589210480451583862e-01
9.066442400217056274e-02
2.115392237901687622e-01
5.198873206973075867e-02
1.256298720836639404e-01
8.559509515762329102e-01
9.992528706789016724e-02
1.014231517910957336e-01
9.577649235725402832e-01
1.988085508346557617e-01
4.937923848628997803e-01
6.648939847946166992e-02
8.178342580795288086e-01
4.202947020530700684e-01
4.532036557793617249e-02
8.275150656700134277e-01
8.276920318603515625e-01
3.570620715618133545e-01
3.486726060509681702e-02
2.734021544456481934e-01
2.952005267143249512e-01
1.171187609434127808e-01
7.115655541419982910e-01
7.529140263795852661e-02
7.770600169897079468e-02
2.947959899902343750e-01
1.069248393177986145e-01
7.017315179109573364e-02
3.955043256282806396e-01
4.673975333571434021e-02
3.979261517524719238e-01
6.964880228042602539e-02
6.360889077186584473e-01
5.416298508644104004e-01
1.927635669708251953e-01
1.537530273199081421e-01
2.900518178939819336e-01
9.371590614318847656e-02
1.181128621101379395e-01
7.462959289550781250e-01
9.611835330724716187e-02
5.717497467994689941e-01
9.027101397514343262e-01
1.100676506757736206e-01
5.236094072461128235e-02
3.538229167461395264e-01
9.028588980436325073e-02
7.673466205596923828e-01
5.324896797537803650e-02
1.528294682502746582e-01
2.063054591417312622e-01
8.268499970436096191e-01
3.118839263916015625e-01
3.299409151077270508e-01
2.483377307653427124e-01
1.208374723792076111e-01
4.217033684253692627e-01
1.025864556431770325e-01
1.672449707984924316e-01
1.197161898016929626e-01
3.447826802730560303e-01
6.945864856243133545e-02
2.885258793830871582e-01
6.240578293800354004e-01
4.782085120677947998e-02
4.299584627151489258e-01
8.287881016731262207e-01
6.347584724426269531e-02
6.013506054878234863e-01
1.638979464769363403e-01
1.852577924728393555e-01
1.238349601626396179e-01
8.952797204256057739e-02
4.857982099056243896e-01
3.760337233543395996e-01
3.469586372375488281e-01
5.410572886466979980e-01
8.988996744155883789e-01
9.431135058403015137e-01
9.423295259475708008e-01
3.980824351310729980e-02
2.414627224206924438e-01
2.261862158775329590e-01
2.524842023849487305e-01
9.122350811958312988e-01
1.238337904214859009e-01
2.759782075881958008e-01
2.150277644395828247e-01
6.501909345388412476e-02
8.732401728630065918e-01
3.729490935802459717e-02
6.039108708500862122e-02
7.090526819229125977e-01
4.983578994870185852e-02
7.864056527614593506e-02
2.679230272769927979e-01
2.739956974983215332e-01
9.243012666702270508e-01
4.723431542515754700e-02
4.413131624460220337e-02
9.720358252525329590e-02
8.597390651702880859e-01
8.873592615127563477e-01
3.773830085992813110e-02
7.160709500312805176e-01
6.490515917539596558e-02
7.539442777633666992e-01
2.553989291191101074e-01
7.047821879386901855e-01
4.594152867794036865e-01
7.337585836648941040e-02
2.172661572694778442e-01
7.885087132453918457e-01
3.966950997710227966e-02
3.867590799927711487e-02
6.143290400505065918e-01
4.256325587630271912e-02
6.046349182724952698e-02
3.656318485736846924e-01
3.898978829383850098e-01
3.696630522608757019e-02
4.718428850173950195e-01
2.384500503540039062e-01
1.686269938945770264e-01
4.448345676064491272e-02
3.027017414569854736e-01
8.773697018623352051e-01
7.201459407806396484e-01
8.317822217941284180e-01
2.518386840820312500e-01
3.790660202503204346e-01
1.730977296829223633e-01
1.008699089288711548e-01
4.493251442909240723e-02
6.352997571229934692e-02
4.847303777933120728e-02
6.893473863601684570e-01
6.867302656173706055e-01
4.740920662879943848e-01
8.797639608383178711e-02
3.789389431476593018e-01
1.011825948953628540e-01
1.288647204637527466e-01
8.805156946182250977e-01
7.166051268577575684e-01
6.407916545867919922e-02
6.281697005033493042e-02
5.650992318987846375e-02
3.976647928357124329e-02
1.229811906814575195e-01
8.713882565498352051e-01
3.295939564704895020e-01
4.319540783762931824e-02
1.464163064956665039e-01
3.910454213619232178e-01
7.368131875991821289e-01
7.256296277046203613e-02
3.332188427448272705e-01
3.077510595321655273e-01
8.291808366775512695e-01
9.094231575727462769e-02
7.272561639547348022e-02
2.476800680160522461e-01
2.733142971992492676e-01
2.038788199424743652e-01
4.783200845122337341e-02
3.594494462013244629e-01
9.099701642990112305e-01
7.744508385658264160e-01
4.153971970081329346e-01
4.532767832279205322e-02
5.867120623588562012e-02
5.165466070175170898e-01
5.632704496383666992e-01
3.304692208766937256e-01
5.527568459510803223e-01
4.954058527946472168e-01
9.906989336013793945e-02
5.506346747279167175e-02
4.621272534132003784e-02
3.463726639747619629e-01
1.724918335676193237e-01
3.784533590078353882e-02
2.436188012361526489e-01
7.525816559791564941e-01
3.400875627994537354e-01
5.855267643928527832e-01
2.285175621509552002e-01
1.420675814151763916e-01
7.930543273687362671e-02
8.732663094997406006e-02
5.863785147666931152e-01
9.415737986564636230e-01
3.824535757303237915e-02
9.324531555175781250e-01
9.464063644409179688e-01
7.458991408348083496e-01
2.558212280273437500e-01
5.586115121841430664e-01
4.841664806008338928e-02
2.431407868862152100e-01
5.221878886222839355e-01
8.093799352645874023e-01
6.602862477302551270e-01
7.305058091878890991e-02
8.562399446964263916e-02
1.539166867733001709e-01
7.944281101226806641e-01
1.476814150810241699e-01
1.704661548137664795e-01
4.634477794170379639e-01
4.765852689743041992e-01
2.877023816108703613e-01
2.527656555175781250e-01
4.439433515071868896e-01
1.521676629781723022e-01
4.100375175476074219e-01
7.905835509300231934e-01
5.268968939781188965e-01
4.086246713995933533e-02
6.267474293708801270e-01
4.676432907581329346e-02
3.500225841999053955e-01
8.563415408134460449e-01
5.886133015155792236e-02
7.304644584655761719e-02
7.162722200155258179e-02
2.374529540538787842e-01
9.479507803916931152e-01
2.758684158325195312e-01
6.497442722320556641e-01
5.292320996522903442e-02
4.601388424634933472e-02
4.615679755806922913e-02
8.861519694328308105e-01
1.691668182611465454e-01
6.776697039604187012e-01
5.766984224319458008e-01
1.423929929733276367e-01
8.891656994819641113e-02
5.090399086475372314e-02
3.949483335018157959e-01
9.151187539100646973e-01
4.992119222879409790e-02
5.805748328566551208e-02
8.538555502891540527e-01
1.604002565145492554e-01
3.803189098834991455e-02
2.804077565670013428e-01
5.092150345444679260e-02
9.654948115348815918e-02
3.390883207321166992e-01
2.294456511735916138e-01
4.100488871335983276e-02
8.156000077724456787e-02
4.423843696713447571e-02
8.942132443189620972e-02
6.648624539375305176e-01
5.683622956275939941e-01
2.959486544132232666e-01
5.795553699135780334e-02
6.400838494300842285e-02
7.390219718217849731e-02
7.854767143726348877e-02
1.233377382159233093e-01
1.676867008209228516e-01
7.089144736528396606e-02
1.815641522407531738e-01
9.449852108955383301e-01
1.031126156449317932e-01
2.557491660118103027e-01
7.981891930103302002e-02
7.259632349014282227e-01
3.932393491268157959e-01
1.055160760879516602e-01
2.320594638586044312e-01
9.039959907531738281e-01
5.778219923377037048e-02
8.837101608514785767e-02
5.524868145585060120e-02
8.780382573604583740e-02
7.612503319978713989e-02
3.603594303131103516e-01
3.446899056434631348e-01
1.215221807360649109e-01
8.773896098136901855e-01
2.534687221050262451e-01
5.021505355834960938e-01
2.171403616666793823e-01
1.159809902310371399e-01
5.564794540405273438e-01
6.282059103250503540e-02
3.776007145643234253e-02
9.031389355659484863e-01
6.034524440765380859e-01
6.271388530731201172e-01
7.249184250831604004e-01
4.490369185805320740e-02
4.518606066703796387e-01
1.437422633171081543e-01
1.585016846656799316e-01
4.916260838508605957e-01
6.019045412540435791e-02
5.925432965159416199e-02
3.363759517669677734e-01
6.238762289285659790e-02
7.716994881629943848e-01
6.086065769195556641e-01
6.544694900512695312e-01
4.499681293964385986e-02
7.402345538139343262e-01
5.616502761840820312e-01
1.558362096548080444e-01
8.432298302650451660e-01
2.296270132064819336e-01
5.024241209030151367e-01
5.344963073730468750e-02
8.850309252738952637e-01
3.786578476428985596e-01
6.921388208866119385e-02
8.356598615646362305e-01
2.009183168411254883e-01
8.208675980567932129e-01
7.109387218952178955e-02
2.062087804079055786e-01
2.383594214916229248e-01
2.658645808696746826e-01
5.646775364875793457e-01
8.873494863510131836e-01
1.982222348451614380e-01
2.342113405466079712e-01
3.646132722496986389e-02
7.486166954040527344e-01
6.635599583387374878e-02
3.897653520107269287e-02
8.243126869201660156e-01
7.751286625862121582e-01
1.795660704374313354e-01
5.694430693984031677e-02
6.352389454841613770e-01
2.682973742485046387e-01
8.674420714378356934e-01
9.656788408756256104e-02
8.846232295036315918e-01
3.673661500215530396e-02
6.177209019660949707e-01
4.501412808895111084e-02
2.781960070133209229e-01
6.258851289749145508e-02
2.583256363868713379e-01
4.154479205608367920e-01
1.050589680671691895e-01
2.081823050975799561e-01
7.381893694400787354e-02
5.264816880226135254e-01
8.453553915023803711e-01
2.205553352832794189e-01
3.178752958774566650e-01
4.581752046942710876e-02
3.502849340438842773e-01
8.018139600753784180e-01
8.141902089118957520e-01
1.383496522903442383e-01
1.970028132200241089e-01
5.305289849638938904e-02
1.638020128011703491e-01
4.869228228926658630e-02
2.252503633499145508e-01
9.386371970176696777e-01
2.093785554170608521e-01
6.363154053688049316e-01
2.735510766506195068e-01
6.246703267097473145e-01
1.742589026689529419e-01
1.959555298089981079e-01
5.892515555024147034e-02
4.152404889464378357e-02
2.100554853677749634e-01
8.577517271041870117e-01
6.957412362098693848e-01
2.841866016387939453e-01
8.517736941576004028e-02
7.909058928489685059e-01
9.312473535537719727e-01
6.305080056190490723e-01
8.380828052759170532e-02
8.996378630399703979e-02
8.290506601333618164e-01
4.330840706825256348e-01
8.156135082244873047e-01
8.695168048143386841e-02
9.243276715278625488e-01
8.951055407524108887e-01
5.270047187805175781e-01
8.792105913162231445e-01
3.934193849563598633e-01
4.063939675688743591e-02
6.096944808959960938e-01
2.594219446182250977e-01
6.959701180458068848e-01
1.709094196557998657e-01
6.955190300941467285e-01
6.786894798278808594e-01
8.990614861249923706e-02
6.648052334785461426e-01
4.128582775592803955e-01
6.012381315231323242e-01
5.148432403802871704e-02
3.863385617733001709e-01
7.240962386131286621e-01
4.775164425373077393e-01
3.127801418304443359e-01
1.573855876922607422e-01
3.215387165546417236e-01
8.231874108314514160e-01
5.445467829704284668e-01
8.948457241058349609e-02
1.219155937433242798e-01
2.483377307653427124e-01
4.044027253985404968e-02
2.329951226711273193e-01
1.451219320297241211e-01
7.153974175453186035e-01
2.299691885709762573e-01
4.363874346017837524e-02
3.227973580360412598e-01
4.819814860820770264e-01
6.665527820587158203e-02
3.747495412826538086e-01
6.470376998186111450e-02
8.084867596626281738e-01
4.039934873580932617e-01
3.900849446654319763e-02
7.540261000394821167e-02
4.092124477028846741e-02
4.421899020671844482e-01
1.251228451728820801e-01
9.618624299764633179e-02
6.706355512142181396e-02
5.421950295567512512e-02
3.722059130668640137e-01
1.199702546000480652e-01
3.509144484996795654e-02
6.047834083437919617e-02
1.537046581506729126e-01
2.301528900861740112e-01
6.386433243751525879e-01
6.574775278568267822e-02
6.604740768671035767e-02
6.111391186714172363e-01
3.506803512573242188e-01
4.209662973880767822e-02
9.509027004241943359e-01
7.966579794883728027e-01
3.348211646080017090e-01
7.128625363111495972e-02
1.867860704660415649e-01
4.523035138845443726e-02
8.528438955545425415e-02
2.808518111705780029e-01
5.451379343867301941e-02
3.364986181259155273e-01
7.199770212173461914e-01
8.029373884201049805e-01
1.495264470577239990e-01
5.338728427886962891e-01
1.420239508152008057e-01
2.710095047950744629e-01
5.304905772209167480e-01
1.174519211053848267e-01
4.770799875259399414e-01
2.549723386764526367e-01
9.440577030181884766e-01
7.381877303123474121e-02
1.030475571751594543e-01
8.611708879470825195e-01
2.298155128955841064e-01
6.468851566314697266e-01
4.787144958972930908e-01
4.730404615402221680e-01
3.447945713996887207e-01
8.782463073730468750e-01
7.368997931480407715e-01
3.178016841411590576e-01
8.848738670349121094e-01
7.918416708707809448e-02
7.884376645088195801e-01
6.084726452827453613e-01
4.886858165264129639e-02
3.635047376155853271e-02
4.389283061027526855e-01
2.448197305202484131e-01
4.881687834858894348e-02
1.323599964380264282e-01
9.381489753723144531e-01
1.055336371064186096e-01
4.186248779296875000e-02
1.957174539566040039e-01
9.777096658945083618e-02
1.441392153501510620e-01
5.223753675818443298e-02
8.790671080350875854e-02
3.675238788127899170e-02
6.831600666046142578e-01
3.183725178241729736e-01
4.796264469623565674e-01
6.511744260787963867e-01
8.352578282356262207e-01
1.193254292011260986e-01
5.145673453807830811e-02
2.634577751159667969e-01
7.255026102066040039e-01
4.869089275598526001e-02
1.819205582141876221e-01
1.572564989328384399e-01
3.920324891805648804e-02
9.153866767883300781e-01
3.584310412406921387e-01
8.653438091278076172e-02
6.527286022901535034e-02
3.362389504909515381e-01
2.293449789285659790e-01
7.770719528198242188e-01
1.562190949916839600e-01
2.872526645660400391e-01
6.322834640741348267e-02
5.638903975486755371e-01
3.637893199920654297e-01
8.735864609479904175e-02
1.424350142478942871e-01
9.665649384260177612e-02
4.889990761876106262e-02
1.383128911256790161e-01
8.621942996978759766e-02
3.205548524856567383e-01
7.142391055822372437e-02
8.233910799026489258e-01
8.628190159797668457e-01
1.115242987871170044e-01
