3.052505254745483398e-01
2.995178401470184326e-01
3.052507340908050537e-01
3.056038916110992432e-01
3.052506446838378906e-01
3.052509129047393799e-01
3.052517175674438477e-01
3.053043484687805176e-01
3.052524924278259277e-01
3.052524924278259277e-01
3.052516579627990723e-01
3.052636682987213135e-01
3.052533864974975586e-01
3.052515685558319092e-01
3.052511513233184814e-01
3.052598237991333008e-01
3.052505254745483398e-01
3.595347106456756592e-01
3.052505254745483398e-01
3.052546679973602295e-01
3.052508234977722168e-01
3.053764402866363525e-01
3.052505552768707275e-01
3.052506148815155029e-01
3.052513301372528076e-01
3.053556978702545166e-01
3.052559792995452881e-01
3.052521944046020508e-01
3.052706420421600342e-01
3.053232431411743164e-01
3.053880035877227783e-01
3.052516877651214600e-01
3.052589595317840576e-01
3.052508533000946045e-01
3.052511811256408691e-01
3.052507340908050537e-01
3.052505552768707275e-01
3.052728772163391113e-01
3.052636682987213135e-01
3.052575886249542236e-01
3.053212165832519531e-01
3.052509427070617676e-01
3.052504956722259521e-01
3.052658438682556152e-01
3.054603636264801025e-01
3.053180873394012451e-01
3.052510023117065430e-01
2.976381182670593262e-01
3.052505254745483398e-01
3.052635490894317627e-01
3.052534759044647217e-01
3.052505552768707275e-01
3.052931427955627441e-01
3.053350448608398438e-01
3.052508234977722168e-01
3.052546679973602295e-01
3.052537441253662109e-01
3.052507936954498291e-01
3.052505850791931152e-01
3.052515685558319092e-01
3.378501832485198975e-01
3.053366243839263916e-01
3.052733838558197021e-01
3.052504956722259521e-01
3.052504956722259521e-01
3.052504956722259521e-01
3.052507042884826660e-01
3.052505552768707275e-01
3.060896098613739014e-01
3.052846193313598633e-01
3.052567243576049805e-01
3.366761207580566406e-01
3.095523118972778320e-01
3.055024445056915283e-01
3.052735924720764160e-01
3.052505552768707275e-01
3.053785264492034912e-01
3.052511513233184814e-01
3.052504956722259521e-01
3.052504956722259521e-01
3.052507340908050537e-01
3.052504956722259521e-01
3.052507340908050537e-01
3.052626848220825195e-01
3.052506446838378906e-01
3.052510619163513184e-01
3.052505552768707275e-01
3.052512705326080322e-01
3.052505552768707275e-01
3.314260244369506836e-01
2.980161011219024658e-01
3.052505552768707275e-01
3.052504956722259521e-01
3.052512109279632568e-01
3.052505552768707275e-01
3.686500489711761475e-01
3.052742779254913330e-01
3.052504956722259521e-01
3.052504956722259521e-01
3.052915334701538086e-01
3.052528500556945801e-01
3.052509725093841553e-01
3.053151071071624756e-01
3.052520453929901123e-01
3.052654564380645752e-01
3.052544891834259033e-01
3.052594959735870361e-01
3.052732646465301514e-01
3.052543997764587402e-01
3.052528500556945801e-01
3.054161965847015381e-01
3.052504658699035645e-01
3.052510917186737061e-01
3.054201602935791016e-01
3.052507638931274414e-01
3.052507042884826660e-01
3.052505552768707275e-01
3.052521347999572754e-01
3.052502572536468506e-01
3.053624033927917480e-01
3.052512407302856445e-01
3.052505552768707275e-01
3.052505850791931152e-01
3.819274902343750000e-01
3.052505254745483398e-01
3.053932189941406250e-01
3.052505552768707275e-01
3.491700589656829834e-01
3.052577376365661621e-01
3.052505850791931152e-01
3.052518665790557861e-01
3.052506446838378906e-01
3.052504956722259521e-01
3.190023005008697510e-01
3.052504062652587891e-01
3.052530288696289062e-01
3.052508234977722168e-01
3.420455455780029297e-01
3.052520453929901123e-01
3.052517175674438477e-01
3.052622377872467041e-01
3.052581548690795898e-01
3.052526414394378662e-01
3.052532970905303955e-01
3.052612841129302979e-01
3.052510619163513184e-01
3.233896195888519287e-01
2.983106076717376709e-01
3.052758872509002686e-01
3.052547574043273926e-01
3.052505254745483398e-01
3.052842617034912109e-01
3.052516579627990723e-01
3.052515387535095215e-01
3.052565455436706543e-01
3.052648603916168213e-01
3.052541315555572510e-01
3.052504956722259521e-01
2.958568334579467773e-01
3.052507936954498291e-01
3.052511811256408691e-01
3.053352236747741699e-01
3.052614331245422363e-01
3.052512407302856445e-01
3.052505552768707275e-01
2.320836037397384644e-01
2.963684797286987305e-01
3.052518665790557861e-01
3.052508234977722168e-01
3.052520751953125000e-01
3.052505254745483398e-01
3.052504658699035645e-01
3.052506148815155029e-01
3.385586440563201904e-01
3.052504956722259521e-01
3.055826425552368164e-01
3.313898742198944092e-01
3.052538633346557617e-01
3.052517175674438477e-01
3.052517175674438477e-01
3.052524924278259277e-01
3.052548766136169434e-01
3.052528798580169678e-01
3.052557408809661865e-01
3.243533968925476074e-01
3.052504360675811768e-01
3.052512109279632568e-01
3.054182231426239014e-01
3.052506744861602783e-01
3.210167884826660156e-01
3.052504956722259521e-01
3.052516281604766846e-01
3.287560045719146729e-01
3.052509129047393799e-01
3.052510023117065430e-01
3.052513301372528076e-01
3.052511215209960938e-01
3.052777349948883057e-01
3.052518367767333984e-01
3.053299188613891602e-01
3.052505254745483398e-01
3.052829205989837646e-01
3.052586615085601807e-01
3.052511811256408691e-01
3.052513301372528076e-01
3.052510321140289307e-01
3.052511811256408691e-01
3.052525818347930908e-01
3.052521049976348877e-01
3.052513003349304199e-01
3.052526414394378662e-01
3.052506446838378906e-01
3.052539825439453125e-01
3.052537143230438232e-01
3.052503168582916260e-01
3.052510917186737061e-01
3.052727282047271729e-01
3.052511811256408691e-01
3.052507340908050537e-01
3.052586913108825684e-01
3.052508234977722168e-01
3.052516281604766846e-01
3.052505552768707275e-01
3.054002523422241211e-01
3.052521347999572754e-01
3.052504956722259521e-01
3.652030229568481445e-01
3.054142296314239502e-01
3.052506446838378906e-01
3.052543103694915771e-01
3.054253160953521729e-01
3.052509129047393799e-01
3.052505850791931152e-01
3.642832636833190918e-01
3.052504956722259521e-01
3.052505552768707275e-01
3.052524924278259277e-01
3.052506446838378906e-01
3.052564263343811035e-01
3.052524924278259277e-01
3.052597045898437500e-01
3.236208260059356689e-01
3.053218722343444824e-01
3.124535381793975830e-01
3.053347766399383545e-01
3.577122390270233154e-01
3.052514791488647461e-01
3.052511811256408691e-01
3.052507936954498291e-01
3.052600324153900146e-01
3.052601218223571777e-01
2.879142463207244873e-01
3.052503168582916260e-01
3.052507042884826660e-01
3.052504062652587891e-01
3.052510023117065430e-01
3.053898513317108154e-01
3.053041994571685791e-01
3.054979443550109863e-01
3.061344325542449951e-01
3.052505850791931152e-01
3.052505254745483398e-01
3.052536249160766602e-01
3.052504956722259521e-01
2.941520214080810547e-01
3.052808940410614014e-01
3.052505552768707275e-01
3.052534759044647217e-01
3.052505850791931152e-01
3.052522242069244385e-01
3.052508234977722168e-01
3.052527904510498047e-01
3.060713708400726318e-01
3.052739500999450684e-01
3.000961840152740479e-01
3.052605092525482178e-01
3.593265712261199951e-01
3.052516281604766846e-01
3.052504956722259521e-01
3.052520453929901123e-01
3.052509129047393799e-01
3.052520155906677246e-01
3.511338829994201660e-01
3.482227921485900879e-01
3.365957438945770264e-01
3.052603602409362793e-01
3.052504956722259521e-01
3.053222000598907471e-01
3.052538335323333740e-01
3.052556216716766357e-01
3.052547276020050049e-01
3.052561879158020020e-01
3.053201735019683838e-01
3.056384623050689697e-01
3.052521049976348877e-01
3.052505552768707275e-01
2.590212225914001465e-01
3.053208887577056885e-01
3.052506148815155029e-01
3.052505552768707275e-01
3.052506148815155029e-01
3.052540123462677002e-01
3.052515089511871338e-01
3.052511513233184814e-01
3.052883744239807129e-01
3.052505254745483398e-01
3.052585721015930176e-01
3.056399226188659668e-01
3.052505254745483398e-01
3.052539825439453125e-01
3.052505552768707275e-01
3.052526414394378662e-01
3.052506744861602783e-01
3.052509129047393799e-01
3.052505552768707275e-01
2.841906845569610596e-01
3.052504956722259521e-01
3.052506446838378906e-01
3.052522242069244385e-01
3.052513301372528076e-01
3.052527010440826416e-01
3.057970702648162842e-01
3.052531480789184570e-01
3.052508234977722168e-01
2.261819690465927124e-01
3.052510023117065430e-01
3.052506446838378906e-01
3.052623271942138672e-01
3.052624464035034180e-01
3.052507340908050537e-01
3.052504062652587891e-01
2.982008755207061768e-01
3.052505552768707275e-01
3.052574098110198975e-01
3.450973331928253174e-01
3.052825927734375000e-01
3.052506446838378906e-01
3.052504956722259521e-01
3.052581548690795898e-01
3.519838750362396240e-01
3.052508234977722168e-01
3.039189279079437256e-01
3.053013086318969727e-01
3.052524924278259277e-01
3.052505552768707275e-01
3.052504956722259521e-01
3.052507340908050537e-01
3.052508831024169922e-01
3.062437176704406738e-01
3.079863190650939941e-01
3.052531480789184570e-01
3.052505254745483398e-01
3.052504956722259521e-01
3.052506446838378906e-01
3.052505552768707275e-01
3.052563369274139404e-01
3.052489459514617920e-01
3.052533864974975586e-01
3.054707348346710205e-01
3.052510023117065430e-01
3.052538037300109863e-01
3.052578866481781006e-01
3.053169548511505127e-01
3.052527308464050293e-01
3.052506744861602783e-01
3.052878975868225098e-01
3.054638206958770752e-01
3.052505552768707275e-01
3.414794802665710449e-01
3.665248751640319824e-01
3.078167438507080078e-01
3.052619397640228271e-01
3.052511513233184814e-01
3.052555620670318604e-01
3.052508234977722168e-01
3.052504956722259521e-01
3.067741394042968750e-01
3.052511513233184814e-01
3.052508234977722168e-01
3.052504956722259521e-01
3.052505254745483398e-01
3.052498400211334229e-01
3.052504956722259521e-01
3.052504360675811768e-01
3.052509129047393799e-01
3.052520453929901123e-01
3.052791059017181396e-01
3.052518069744110107e-01
3.056338727474212646e-01
3.467891216278076172e-01
3.052506148815155029e-01
3.052505552768707275e-01
3.052504956722259521e-01
3.052508831024169922e-01
3.052508831024169922e-01
3.840005993843078613e-01
3.052508234977722168e-01
3.052507936954498291e-01
3.052525818347930908e-01
3.053079545497894287e-01
3.052537739276885986e-01
3.052505254745483398e-01
3.052509129047393799e-01
3.052522242069244385e-01
3.052568733692169189e-01
2.904840707778930664e-01
3.052502274513244629e-01
3.054893612861633301e-01
3.052604496479034424e-01
3.062929809093475342e-01
3.052504956722259521e-01
3.052504360675811768e-01
3.210440576076507568e-01
3.052563369274139404e-01
3.052505254745483398e-01
3.052504956722259521e-01
3.072814643383026123e-01
3.300548493862152100e-01
3.052887320518493652e-01
3.052516281604766846e-01
3.052506446838378906e-01
3.052505850791931152e-01
3.220425546169281006e-01
3.052553534507751465e-01
3.052526712417602539e-01
3.060699701309204102e-01
3.052505254745483398e-01
3.245203793048858643e-01
3.055751621723175049e-01
3.052507042884826660e-01
3.052500486373901367e-01
3.052723705768585205e-01
3.053388893604278564e-01
3.052513897418975830e-01
3.052510619163513184e-01
3.052543699741363525e-01
3.052504062652587891e-01
3.059979975223541260e-01
3.053250610828399658e-01
3.052566945552825928e-01
3.408592045307159424e-01
2.607458233833312988e-01
3.052507340908050537e-01
3.060104548931121826e-01
3.052515387535095215e-01
3.052521944046020508e-01
3.052562177181243896e-01
3.053205013275146484e-01
3.052505552768707275e-01
3.052506148815155029e-01
2.551865577697753906e-01
3.052607774734497070e-01
3.554202616214752197e-01
3.052504956722259521e-01
3.052505254745483398e-01
3.315160274505615234e-01
3.180847764015197754e-01
3.333829641342163086e-01
3.052506446838378906e-01
3.053263723850250244e-01
3.052579462528228760e-01
3.052504956722259521e-01
3.052504956722259521e-01
3.052512407302856445e-01
3.052506446838378906e-01
3.052596151828765869e-01
3.685531914234161377e-01
3.052504956722259521e-01
3.052505254745483398e-01
3.052963614463806152e-01
3.052559196949005127e-01
3.052545487880706787e-01
3.052607178688049316e-01
3.052527904510498047e-01
3.052513301372528076e-01
3.052754402160644531e-01
3.052512407302856445e-01
3.052505254745483398e-01
3.052510023117065430e-01
3.052516877651214600e-01
3.052507340908050537e-01
3.487370610237121582e-01
3.052504658699035645e-01
3.052847087383270264e-01
3.052502274513244629e-01
3.052503168582916260e-01
3.052946925163269043e-01
3.052504658699035645e-01
3.052506148815155029e-01
3.052505254745483398e-01
3.052506446838378906e-01
3.055818080902099609e-01
3.052505552768707275e-01
3.052505552768707275e-01
3.077577054500579834e-01
3.052506148815155029e-01
3.052506446838378906e-01
3.052502870559692383e-01
3.052513897418975830e-01
3.052506148815155029e-01
3.052505850791931152e-01
3.052506148815155029e-01
3.052521049976348877e-01
3.052506446838378906e-01
4.028533399105072021e-01
3.052505552768707275e-01
3.253288269042968750e-01
3.055959641933441162e-01
3.052507936954498291e-01
3.052504360675811768e-01
3.053973615169525146e-01
3.052518069744110107e-01
3.056424260139465332e-01
3.052524924278259277e-01
3.834961950778961182e-01
3.665248751640319824e-01
3.052504956722259521e-01
3.052505552768707275e-01
3.053032159805297852e-01
3.052506148815155029e-01
3.052594661712646484e-01
3.052623569965362549e-01
3.054802715778350830e-01
3.052509427070617676e-01
3.052510023117065430e-01
3.052505552768707275e-01
3.052570223808288574e-01
3.052515387535095215e-01
3.052505254745483398e-01
3.052507638931274414e-01
3.052506446838378906e-01
3.052545785903930664e-01
3.052505850791931152e-01
3.052515387535095215e-01
3.053389787673950195e-01
3.052504956722259521e-01
3.052511811256408691e-01
3.057835698127746582e-01
3.052536845207214355e-01
3.052537143230438232e-01
3.052547276020050049e-01
3.052518963813781738e-01
3.052513599395751953e-01
3.106957077980041504e-01
3.356426060199737549e-01
3.052514791488647461e-01
3.052509427070617676e-01
3.052712678909301758e-01
3.052634596824645996e-01
3.054012060165405273e-01
3.052505254745483398e-01
3.052512407302856445e-01
3.397014439105987549e-01
3.052505552768707275e-01
3.052505254745483398e-01
3.052519559860229492e-01
3.052538633346557617e-01
3.052505254745483398e-01
3.052505850791931152e-01
3.052635192871093750e-01
3.052504956722259521e-01
3.052506148815155029e-01
3.052508234977722168e-01
3.052513897418975830e-01
3.052504956722259521e-01
3.052523136138916016e-01
3.052506446838378906e-01
3.055690526962280273e-01
3.052841722965240479e-01
3.052531480789184570e-01
3.052505552768707275e-01
3.052504956722259521e-01
3.052508234977722168e-01
3.052510023117065430e-01
3.052502572536468506e-01
3.052505254745483398e-01
3.052628636360168457e-01
3.052936196327209473e-01
3.535179197788238525e-01
3.052505254745483398e-01
3.053587973117828369e-01
3.052504360675811768e-01
3.052581548690795898e-01
3.052504956722259521e-01
3.052505552768707275e-01
3.052508234977722168e-01
3.052710890769958496e-01
3.052505552768707275e-01
3.052911758422851562e-01
3.155604600906372070e-01
3.111486136913299561e-01
3.052583336830139160e-01
3.054606616497039795e-01
3.052491843700408936e-01
3.052504658699035645e-01
3.052514195442199707e-01
3.052505552768707275e-01
3.052513301372528076e-01
3.052516281604766846e-01
3.060974776744842529e-01
3.055691421031951904e-01
3.052507936954498291e-01
3.052505254745483398e-01
3.052504956722259521e-01
3.052516281604766846e-01
3.052504956722259521e-01
3.052505552768707275e-01
3.052508234977722168e-01
3.052576184272766113e-01
3.052505254745483398e-01
3.052527904510498047e-01
3.052505552768707275e-01
3.385904133319854736e-01
3.052518963813781738e-01
3.052507340908050537e-01
3.052541613578796387e-01
3.053131699562072754e-01
3.052506744861602783e-01
3.052857220172882080e-01
3.328534364700317383e-01
3.053685426712036133e-01
3.052512407302856445e-01
3.052507340908050537e-01
3.465459048748016357e-01
3.052534162998199463e-01
3.052518665790557861e-01
3.052606284618377686e-01
3.134867846965789795e-01
3.052543699741363525e-01
3.374040424823760986e-01
3.147500753402709961e-01
3.317176401615142822e-01
3.052504658699035645e-01
3.052510023117065430e-01
3.052546381950378418e-01
3.175340592861175537e-01
3.047657012939453125e-01
3.052505254745483398e-01
3.052505552768707275e-01
3.052506446838378906e-01
3.052504956722259521e-01
3.052506446838378906e-01
3.052505552768707275e-01
3.052531480789184570e-01
2.936257719993591309e-01
3.055741786956787109e-01
2.897456288337707520e-01
3.052506446838378906e-01
3.052522242069244385e-01
3.052570223808288574e-01
3.052543103694915771e-01
3.052504956722259521e-01
3.052627742290496826e-01
3.052632212638854980e-01
3.052521347999572754e-01
3.052518665790557861e-01
3.052504956722259521e-01
3.052507042884826660e-01
3.052505254745483398e-01
3.053567409515380859e-01
3.052533268928527832e-01
3.907431364059448242e-01
3.052521944046020508e-01
3.052506446838378906e-01
3.052507936954498291e-01
3.052631616592407227e-01
3.047647476196289062e-01
3.238810300827026367e-01
2.114266157150268555e-01
3.052777647972106934e-01
3.106520771980285645e-01
3.053313195705413818e-01
3.052516281604766846e-01
3.052540421485900879e-01
3.052505254745483398e-01
3.052907288074493408e-01
3.052504956722259521e-01
3.052505254745483398e-01
3.237766027450561523e-01
3.052510619163513184e-01
3.052513599395751953e-01
3.052505850791931152e-01
3.052540719509124756e-01
3.052507042884826660e-01
3.052929937839508057e-01
3.052553236484527588e-01
3.052504658699035645e-01
3.052505850791931152e-01
3.052591681480407715e-01
3.052542209625244141e-01
3.052527308464050293e-01
3.052507638931274414e-01
3.052504956722259521e-01
3.052507340908050537e-01
3.052505552768707275e-01
3.052508234977722168e-01
3.052527606487274170e-01
3.473466038703918457e-01
3.052890598773956299e-01
3.052509129047393799e-01
3.052506446838378906e-01
3.052753508090972900e-01
3.052505552768707275e-01
3.052553236484527588e-01
3.052505552768707275e-01
3.052513897418975830e-01
3.052506446838378906e-01
3.056908845901489258e-01
3.052504658699035645e-01
3.052507042884826660e-01
3.052504956722259521e-01
3.052741289138793945e-01
3.041331768035888672e-01
3.052506148815155029e-01
3.052549958229064941e-01
3.052613437175750732e-01
3.052510917186737061e-01
3.514304459095001221e-01
3.052729964256286621e-01
3.052505552768707275e-01
3.807919025421142578e-01
3.052588701248168945e-01
3.052797317504882812e-01
3.052507042884826660e-01
3.052507340908050537e-01
3.052609860897064209e-01
3.518571555614471436e-01
3.052694201469421387e-01
3.052506446838378906e-01
3.052505552768707275e-01
2.970950007438659668e-01
3.052507936954498291e-01
3.052508533000946045e-01
3.052695691585540771e-01
3.052507340908050537e-01
3.586952090263366699e-01
3.052585124969482422e-01
3.052505850791931152e-01
3.052505254745483398e-01
3.052639365196228027e-01
3.052506744861602783e-01
3.052506446838378906e-01
3.052505552768707275e-01
3.615458607673645020e-01
3.739442825317382812e-01
3.053393959999084473e-01
3.052505552768707275e-01
3.052521944046020508e-01
3.058416545391082764e-01
3.052578866481781006e-01
3.431702256202697754e-01
3.185805380344390869e-01
3.052508831024169922e-01
3.052506446838378906e-01
3.052505254745483398e-01
3.568473160266876221e-01
3.052528798580169678e-01
2.883522808551788330e-01
3.052507340908050537e-01
2.763235867023468018e-01
3.052507638931274414e-01
3.052505552768707275e-01
3.053068518638610840e-01
3.052501082420349121e-01
3.052507042884826660e-01
3.052510917186737061e-01
3.052512407302856445e-01
3.052507042884826660e-01
2.130508124828338623e-01
2.761428654193878174e-01
3.052504956722259521e-01
3.052506446838378906e-01
3.052506446838378906e-01
3.052502274513244629e-01
3.052518665790557861e-01
3.694836199283599854e-01
3.052505254745483398e-01
3.052510917186737061e-01
3.052549362182617188e-01
3.216577768325805664e-01
3.052504956722259521e-01
3.052519559860229492e-01
3.052804172039031982e-01
3.052511811256408691e-01
3.052509129047393799e-01
3.054017424583435059e-01
3.301682174205780029e-01
3.052523136138916016e-01
3.209127783775329590e-01
3.052509129047393799e-01
3.055813610553741455e-01
3.053112626075744629e-01
3.052505850791931152e-01
3.052508234977722168e-01
3.052543997764587402e-01
3.052505552768707275e-01
3.052509129047393799e-01
3.052510619163513184e-01
3.052525818347930908e-01
3.052505552768707275e-01
3.054799735546112061e-01
4.005368351936340332e-01
3.052504658699035645e-01
3.052552938461303711e-01
3.052504956722259521e-01
3.052507936954498291e-01
3.052938878536224365e-01
3.052469193935394287e-01
3.925625681877136230e-01
3.052505552768707275e-01
3.052504956722259521e-01
3.055896759033203125e-01
3.052506446838378906e-01
3.052505552768707275e-01
3.052811622619628906e-01
3.949960768222808838e-01
3.052511215209960938e-01
3.053250610828399658e-01
3.052505552768707275e-01
3.052504360675811768e-01
3.052526712417602539e-01
3.052505552768707275e-01
3.338203728199005127e-01
3.917479515075683594e-01
3.052506446838378906e-01
3.052515685558319092e-01
3.055192232131958008e-01
3.052506744861602783e-01
3.052507340908050537e-01
3.052506148815155029e-01
3.052504956722259521e-01
3.054089248180389404e-01
3.052505254745483398e-01
3.433577716350555420e-01
3.052522540092468262e-01
3.824853003025054932e-01
3.080236911773681641e-01
3.052505254745483398e-01
3.216892778873443604e-01
3.052506744861602783e-01
3.164601922035217285e-01
3.911123871803283691e-01
3.052513301372528076e-01
3.915424048900604248e-01
3.052532672882080078e-01
3.052519261837005615e-01
3.052504956722259521e-01
3.052514791488647461e-01
3.052510917186737061e-01
3.052505254745483398e-01
3.053827285766601562e-01
3.360657393932342529e-01
3.052507340908050537e-01
3.053331375122070312e-01
3.052510023117065430e-01
3.052513599395751953e-01
3.055015504360198975e-01
3.052512407302856445e-01
3.052505552768707275e-01
3.055183589458465576e-01
3.052524328231811523e-01
3.853369355201721191e-01
3.052522242069244385e-01
3.405791819095611572e-01
3.052501380443572998e-01
3.052505552768707275e-01
3.541548550128936768e-01
3.052504956722259521e-01
3.052506744861602783e-01
3.053120076656341553e-01
3.052712678909301758e-01
3.297430574893951416e-01
3.189711570739746094e-01
3.052507340908050537e-01
3.052504956722259521e-01
3.052610456943511963e-01
3.628677129745483398e-01
3.373835682868957520e-01
3.182840943336486816e-01
3.665248751640319824e-01
3.052504956722259521e-01
3.054393827915191650e-01
3.052656650543212891e-01
3.055317103862762451e-01
3.551264107227325439e-01
3.052510023117065430e-01
3.052577078342437744e-01
3.052718937397003174e-01
3.052918612957000732e-01
3.052599430084228516e-01
3.052536547183990479e-01
3.052504956722259521e-01
3.052640855312347412e-01
3.052504062652587891e-01
3.052512109279632568e-01
3.052505850791931152e-01
3.052538931369781494e-01
3.052554130554199219e-01
3.052509129047393799e-01
3.052507340908050537e-01
3.052507042884826660e-01
3.052507936954498291e-01
3.052505552768707275e-01
3.697682321071624756e-01
3.052545487880706787e-01
3.054075241088867188e-01
3.052527904510498047e-01
3.811108469963073730e-01
3.052505254745483398e-01
3.052506148815155029e-01
3.052540719509124756e-01
3.052557408809661865e-01
3.052504956722259521e-01
3.052541315555572510e-01
3.052505850791931152e-01
3.056243956089019775e-01
3.052546679973602295e-01
3.052505552768707275e-01
3.052504956722259521e-01
3.052499890327453613e-01
3.052520453929901123e-01
3.052757978439331055e-01
3.053029775619506836e-01
3.053901791572570801e-01
3.053355515003204346e-01
3.595262169837951660e-01
3.052975833415985107e-01
3.052504956722259521e-01
3.052506744861602783e-01
3.052523136138916016e-01
3.053614795207977295e-01
3.083250522613525391e-01
3.052508234977722168e-01
3.052505552768707275e-01
3.052518069744110107e-01
3.052627742290496826e-01
3.052511513233184814e-01
3.813726902008056641e-01
3.052702248096466064e-01
3.052516281604766846e-01
3.694725930690765381e-01
3.052506446838378906e-01
2.368824481964111328e-01
3.052523136138916016e-01
2.716826796531677246e-01
3.052550554275512695e-01
3.052568733692169189e-01
3.052507340908050537e-01
3.052510917186737061e-01
3.052505552768707275e-01
3.052505254745483398e-01
3.053649067878723145e-01
3.052508234977722168e-01
3.052509725093841553e-01
3.052986562252044678e-01
3.052507340908050537e-01
3.052505552768707275e-01
3.052507340908050537e-01
3.052505254745483398e-01
3.052505552768707275e-01
3.052508533000946045e-01
3.052508234977722168e-01
3.052515685558319092e-01
3.052506446838378906e-01
2.690227925777435303e-01
3.077624738216400146e-01
3.052513003349304199e-01
3.052517473697662354e-01
3.052506446838378906e-01
3.052659928798675537e-01
3.052515685558319092e-01
3.052504956722259521e-01
3.052732944488525391e-01
3.052504062652587891e-01
3.858028352260589600e-01
3.052506446838378906e-01
3.052521347999572754e-01
3.052505552768707275e-01
3.052521347999572754e-01
3.052524924278259277e-01
3.052605986595153809e-01
3.052536547183990479e-01
3.574542999267578125e-01
2.959430813789367676e-01
3.052508831024169922e-01
3.052756190299987793e-01
3.052505552768707275e-01
3.052506744861602783e-01
3.056698441505432129e-01
3.333634436130523682e-01
3.562178909778594971e-01
3.052504062652587891e-01
3.052506446838378906e-01
3.060141205787658691e-01
3.027168214321136475e-01
3.052551448345184326e-01
3.052516579627990723e-01
3.052507936954498291e-01
3.052504956722259521e-01
2.968960106372833252e-01
