5.085348710417747498e-02
9.048035144805908203e-01
1.063872352242469788e-01
9.056886434555053711e-01
1.217863708734512329e-01
9.631543606519699097e-02
2.861786782741546631e-01
2.493967115879058838e-01
8.658369183540344238e-01
1.072432920336723328e-01
3.478972911834716797e-01
1.405512243509292603e-01
8.683138489723205566e-01
4.685100018978118896e-01
1.177787780761718750e-01
2.615555524826049805e-01
1.323721855878829956e-01
3.825115263462066650e-01
9.341343641281127930e-01
2.881610095500946045e-01
5.972661375999450684e-01
6.769059300422668457e-01
7.351433485746383667e-02
9.918469935655593872e-02
2.085239291191101074e-01
5.026688799262046814e-02
7.884573340415954590e-01
3.123247623443603516e-01
1.930672377347946167e-01
3.650657534599304199e-01
1.896626502275466919e-01
4.596253111958503723e-02
8.726899027824401855e-01
8.669035881757736206e-02
2.096683233976364136e-01
1.867463439702987671e-01
4.446981549263000488e-01
9.853317588567733765e-02
2.835895121097564697e-01
8.945255279541015625e-01
1.756287366151809692e-01
1.346943080425262451e-01
8.788806200027465820e-02
1.359296441078186035e-01
4.771518707275390625e-02
1.979614198207855225e-01
2.068773806095123291e-01
6.382945179939270020e-01
5.224451422691345215e-02
8.174519538879394531e-01
1.426947414875030518e-01
6.891554594039916992e-02
2.469669282436370850e-01
2.835624516010284424e-01
1.385985165834426880e-01
1.257772892713546753e-01
8.542945981025695801e-01
9.832160174846649170e-02
5.508781224489212036e-02
2.122815549373626709e-01
3.116012215614318848e-01
2.715183496475219727e-01
8.986485004425048828e-02
9.085543453693389893e-02
8.623654395341873169e-02
1.705782115459442139e-01
5.665698647499084473e-02
2.592610120773315430e-01
4.943087995052337646e-01
1.222045347094535828e-01
6.834018230438232422e-02
5.216516852378845215e-01
4.249474108219146729e-01
8.075197041034698486e-02
2.287977784872055054e-01
1.041626036167144775e-01
5.694938078522682190e-02
4.868609085679054260e-02
1.940108984708786011e-01
8.808714896440505981e-02
8.916470408439636230e-01
6.589998006820678711e-01
8.184340596199035645e-01
6.143929362297058105e-01
8.476960062980651855e-01
5.869044065475463867e-01
1.127034127712249756e-01
1.377737224102020264e-01
7.260488271713256836e-01
2.223999798297882080e-01
6.378986239433288574e-01
9.748046100139617920e-02
7.380899041891098022e-02
5.249198675155639648e-01
4.131049513816833496e-01
2.450265139341354370e-01
2.840182781219482422e-01
8.455460071563720703e-01
7.264335453510284424e-02
8.730807900428771973e-02
4.182019233703613281e-01
1.111437678337097168e-01
4.293697476387023926e-01
1.695034205913543701e-01
2.272306829690933228e-01
1.292142719030380249e-01
7.743261009454727173e-02
5.627346634864807129e-01
3.518880307674407959e-01
3.628592491149902344e-01
3.163829445838928223e-01
7.877612113952636719e-02
8.418576419353485107e-02
9.384195208549499512e-01
2.486734241247177124e-01
1.414033770561218262e-01
8.955544233322143555e-01
7.075576484203338623e-02
1.293990463018417358e-01
5.997796058654785156e-01
5.841375514864921570e-02
1.434300243854522705e-01
1.423804610967636108e-01
3.962846696376800537e-01
8.903093934059143066e-01
1.262305974960327148e-01
1.074905246496200562e-01
1.750624179840087891e-01
7.426244765520095825e-02
1.563740223646163940e-01
9.196113944053649902e-01
3.878411054611206055e-01
8.926433920860290527e-01
1.146367341279983521e-01
4.143789410591125488e-01
3.952780663967132568e-01
8.503949046134948730e-01
2.405490130186080933e-01
4.059339463710784912e-01
8.361627906560897827e-02
6.497140526771545410e-01
5.570304393768310547e-01
5.508408546447753906e-01
3.171316087245941162e-01
2.855448722839355469e-01
7.253757864236831665e-02
3.042825460433959961e-01
5.813821554183959961e-01
5.381062030792236328e-01
9.713140875101089478e-02
6.807863712310791016e-02
1.961166709661483765e-01
8.842784911394119263e-02
1.291935890913009644e-01
1.540307253599166870e-01
1.056652665138244629e-01
2.351448386907577515e-01
2.745233774185180664e-01
3.957903981208801270e-01
6.815037727355957031e-01
2.767247259616851807e-01
5.616030693054199219e-01
7.147628068923950195e-02
2.189904302358627319e-01
8.306172490119934082e-01
1.898269355297088623e-01
3.420264720916748047e-01
3.035905361175537109e-01
1.177740693092346191e-01
1.867546290159225464e-01
1.219374239444732666e-01
6.686747819185256958e-02
3.072713315486907959e-01
5.320526361465454102e-01
1.259752660989761353e-01
7.789343595504760742e-01
2.321197241544723511e-01
7.457237690687179565e-02
7.558938860893249512e-01
1.996764242649078369e-01
1.555954813957214355e-01
9.582383930683135986e-02
1.698445528745651245e-01
1.186149641871452332e-01
8.590039610862731934e-02
1.358349323272705078e-01
2.178834825754165649e-01
6.227738261222839355e-01
2.863577604293823242e-01
3.595591187477111816e-01
1.074204221367835999e-01
5.960801243782043457e-01
5.679255723953247070e-02
5.842106342315673828e-01
1.979018896818161011e-01
4.323537051677703857e-01
6.903967261314392090e-02
1.654201298952102661e-01
4.429701864719390869e-01
4.515725374221801758e-02
6.666744500398635864e-02
6.573327630758285522e-02
8.327541947364807129e-01
2.342837452888488770e-01
4.934390485286712646e-01
8.747069835662841797e-01
4.817531108856201172e-01
1.158827915787696838e-01
9.456942677497863770e-01
2.637024819850921631e-01
2.274871319532394409e-01
6.220646202564239502e-02
1.764161586761474609e-01
4.276784658432006836e-01
3.756360113620758057e-01
5.887416750192642212e-02
7.810561060905456543e-01
4.129779636859893799e-01
7.093392014503479004e-01
7.025675475597381592e-02
8.539445400238037109e-01
9.406421184539794922e-01
5.442283749580383301e-01
6.372077018022537231e-02
1.286490261554718018e-01
1.257918626070022583e-01
3.980499505996704102e-01
5.078835487365722656e-01
1.657959222793579102e-01
4.346310198307037354e-01
4.448156654834747314e-01
8.887620568275451660e-01
1.360013484954833984e-01
3.971827328205108643e-01
8.730744123458862305e-01
3.103850781917572021e-01
5.748289823532104492e-01
9.115179777145385742e-01
2.513850629329681396e-01
1.196925044059753418e-01
8.618571162223815918e-01
1.217673867940902710e-01
6.843247413635253906e-01
2.286418229341506958e-01
2.811863124370574951e-01
2.929068207740783691e-01
7.588207721710205078e-02
9.324690103530883789e-01
1.336277872323989868e-01
7.726903557777404785e-01
3.089440762996673584e-01
5.359765887260437012e-02
1.370528638362884521e-01
8.196627348661422729e-02
1.241955831646919250e-01
7.544866949319839478e-02
1.367954760789871216e-01
7.009299397468566895e-01
1.233181729912757874e-01
7.966166138648986816e-01
1.155336201190948486e-01
4.741339981555938721e-01
3.646934330463409424e-01
7.031928002834320068e-02
1.868298947811126709e-01
3.354885578155517578e-01
1.889655739068984985e-01
1.679856926202774048e-01
1.504682451486587524e-01
5.353175997734069824e-01
7.968126535415649414e-01
7.073621749877929688e-01
3.354896903038024902e-01
2.116297781467437744e-01
6.292300224304199219e-01
1.512477844953536987e-01
7.002307772636413574e-01
1.626662462949752808e-01
8.254503607749938965e-01
1.102388575673103333e-01
2.001136988401412964e-01
8.532739877700805664e-01
1.850245147943496704e-01
4.325039684772491455e-01
2.895226478576660156e-01
2.548639774322509766e-01
9.942036122083663940e-02
1.160875111818313599e-01
2.530599534511566162e-01
1.613696366548538208e-01
1.145180165767669678e-01
4.152101576328277588e-01
6.143082976341247559e-01
3.028523325920104980e-01
1.581163257360458374e-01
5.340490862727165222e-02
8.147200196981430054e-02
8.701227307319641113e-01
2.411985546350479126e-01
1.652810126543045044e-01
8.946531414985656738e-01
4.135969579219818115e-01
2.965523302555084229e-01
1.061455607414245605e-01
7.391072809696197510e-02
7.315668463706970215e-02
1.403442472219467163e-01
6.741235852241516113e-01
8.901094794273376465e-01
5.323476791381835938e-01
4.195124506950378418e-01
1.514954864978790283e-01
1.267543584108352661e-01
2.630880773067474365e-01
5.185120105743408203e-01
3.937338292598724365e-01
8.661944270133972168e-01
6.586445569992065430e-01
2.296967059373855591e-01
1.608491092920303345e-01
4.820172488689422607e-01
2.801724970340728760e-01
5.586946010589599609e-01
8.938030600547790527e-01
4.915525615215301514e-01
3.911989033222198486e-01
2.004488855600357056e-01
8.083888143301010132e-02
9.267626702785491943e-02
1.201813220977783203e-01
6.526997685432434082e-02
1.055444628000259399e-01
3.062796890735626221e-01
9.691423922777175903e-02
1.583868265151977539e-01
8.005848526954650879e-01
3.214917778968811035e-01
5.786218494176864624e-02
1.128229945898056030e-01
2.593977749347686768e-01
1.069008931517601013e-01
2.216945141553878784e-01
4.878366589546203613e-01
3.375754654407501221e-01
8.401216268539428711e-01
6.630355119705200195e-02
2.337536513805389404e-01
5.847558975219726562e-01
1.038023754954338074e-01
7.089439630508422852e-01
9.478947520256042480e-02
5.513980984687805176e-02
5.492112785577774048e-02
1.067119538784027100e-01
3.401501774787902832e-01
9.704164415597915649e-02
6.481943130493164062e-01
1.531179398298263550e-01
9.490600973367691040e-02
3.661856949329376221e-01
8.538942784070968628e-02
4.129736423492431641e-01
1.822881102561950684e-01
8.391651511192321777e-02
5.277755856513977051e-01
4.202019870281219482e-01
3.295696377754211426e-01
9.217461347579956055e-01
2.125776857137680054e-01
2.174697965383529663e-01
4.521507918834686279e-01
9.492258727550506592e-02
1.767390817403793335e-01
1.639699786901473999e-01
1.080069616436958313e-01
1.037023216485977173e-01
1.410313099622726440e-01
9.151119738817214966e-02
8.356050252914428711e-01
1.533446907997131348e-01
1.137692108750343323e-01
5.675476044416427612e-02
8.470722436904907227e-01
3.998897969722747803e-01
2.613894045352935791e-01
1.358507573604583740e-01
3.437755107879638672e-01
2.210307568311691284e-01
1.500117778778076172e-01
3.241862952709197998e-01
5.119025334715843201e-02
7.244831323623657227e-02
1.379704177379608154e-01
8.868664503097534180e-02
1.111448407173156738e-01
2.422976493835449219e-02
4.983108043670654297e-01
3.163011074066162109e-01
4.580207169055938721e-01
1.240163221955299377e-01
2.891235649585723877e-01
6.904181838035583496e-02
6.583691239356994629e-01
4.201996028423309326e-01
6.161899566650390625e-01
8.277199268341064453e-01
3.375034332275390625e-01
2.877398431301116943e-01
2.150991708040237427e-01
1.311724185943603516e-01
7.890962809324264526e-02
7.223339378833770752e-02
1.652678102254867554e-01
2.928851544857025146e-01
6.723188161849975586e-01
6.176276504993438721e-02
4.362229704856872559e-01
6.845689564943313599e-02
1.497679650783538818e-01
9.872334450483322144e-02
1.022329330444335938e-01
3.275981843471527100e-01
8.527363538742065430e-01
5.427172780036926270e-02
1.020741611719131470e-01
4.170359373092651367e-01
7.421833276748657227e-02
9.548655897378921509e-02
2.622394561767578125e-01
1.213737502694129944e-01
1.748244613409042358e-01
8.143248409032821655e-02
6.749961972236633301e-01
4.917795360088348389e-01
1.905269920825958252e-01
6.910876929759979248e-02
2.357381433248519897e-01
1.105970591306686401e-01
5.103518962860107422e-01
2.044406682252883911e-01
1.677148789167404175e-01
5.364496260881423950e-02
1.029294207692146301e-01
6.671829819679260254e-01
1.009836196899414062e-01
2.851600050926208496e-01
5.697916820645332336e-02
7.784447073936462402e-01
1.304965764284133911e-01
6.404697895050048828e-02
1.956284493207931519e-01
7.604413032531738281e-01
4.514652788639068604e-01
7.634879648685455322e-02
5.758643150329589844e-02
3.472608327865600586e-01
1.749467700719833374e-01
6.737606227397918701e-02
8.906846493482589722e-02
1.954168826341629028e-01
2.238212674856185913e-01
2.241640537977218628e-01
1.176530420780181885e-01
2.710246443748474121e-01
6.795009225606918335e-02
8.478902280330657959e-02
8.503136038780212402e-01
1.636633723974227905e-01
2.020821571350097656e-01
9.530698060989379883e-01
2.222813367843627930e-01
4.477699398994445801e-01
8.616169542074203491e-02
6.347576975822448730e-01
2.346422523260116577e-01
6.247691810131072998e-02
7.680978178977966309e-01
8.451758027076721191e-01
3.653464615345001221e-01
4.273547977209091187e-02
3.250275552272796631e-01
3.241780698299407959e-01
1.412503570318222046e-01
7.032381892204284668e-01
8.199342340230941772e-02
1.454128921031951904e-01
2.114505320787429810e-01
1.392114609479904175e-01
2.214423418045043945e-01
3.900934159755706787e-01
6.188688799738883972e-02
4.217413663864135742e-01
1.173167601227760315e-01
5.426380038261413574e-01
2.877292335033416748e-01
2.778495252132415771e-01
2.887324988842010498e-01
2.635407149791717529e-01
1.084047555923461914e-01
1.825772374868392944e-01
8.778958916664123535e-01
1.531317383050918579e-01
3.999202251434326172e-01
8.911457657814025879e-01
1.371426433324813843e-01
7.215404510498046875e-02
2.847653627395629883e-01
6.627572327852249146e-02
7.283641695976257324e-01
8.108150959014892578e-02
1.566150933504104614e-01
3.064331710338592529e-01
5.088111162185668945e-01
2.567831575870513916e-01
3.642814755439758301e-01
2.174697965383529663e-01
1.625952869653701782e-01
4.116187691688537598e-01
1.736075431108474731e-01
2.014922946691513062e-01
1.805851757526397705e-01
5.162331461906433105e-01
1.220979243516921997e-01
4.883642792701721191e-01
5.048236846923828125e-01
2.340137809514999390e-01
2.743325531482696533e-01
8.638516068458557129e-01
8.447676897048950195e-02
5.018955469131469727e-01
2.042535990476608276e-01
1.295857131481170654e-01
2.051947563886642456e-01
1.526411473751068115e-01
5.415069460868835449e-01
1.935658454895019531e-01
4.303607046604156494e-01
4.504406154155731201e-01
8.415645956993103027e-01
9.433581829071044922e-01
9.270223975181579590e-01
5.165245756506919861e-02
3.850893676280975342e-01
2.481866627931594849e-01
2.523459792137145996e-01
9.215973019599914551e-01
2.519216835498809814e-01
1.784846186637878418e-01
1.362026035785675049e-01
7.758317887783050537e-02
8.824467658996582031e-01
5.943372473120689392e-02
8.504091948270797729e-02
7.573705315589904785e-01
6.000950187444686890e-02
1.272118687629699707e-01
3.478841781616210938e-01
2.295255064964294434e-01
8.983340859413146973e-01
6.790719926357269287e-02
1.151737347245216370e-01
1.910248696804046631e-01
7.988734841346740723e-01
8.852474093437194824e-01
4.585339128971099854e-02
7.999365925788879395e-01
6.620987504720687866e-02
5.261615514755249023e-01
3.780482411384582520e-01
7.300668358802795410e-01
5.403082966804504395e-01
9.549473226070404053e-02
2.944943010807037354e-01
7.346267700195312500e-01
5.454042553901672363e-02
5.284108221530914307e-02
5.465421676635742188e-01
5.267529562115669250e-02
7.659257948398590088e-02
3.835140764713287354e-01
4.020547866821289062e-01
4.937427863478660583e-02
6.353934407234191895e-01
2.248822450637817383e-01
2.924686372280120850e-01
7.312738150358200073e-02
2.910162806510925293e-01
8.775852918624877930e-01
6.071916818618774414e-01
7.035375833511352539e-01
3.258745670318603516e-01
5.730297565460205078e-01
1.057497560977935791e-01
3.720226585865020752e-01
1.358312517404556274e-01
6.840787082910537720e-02
9.248605370521545410e-02
6.826060414314270020e-01
6.546649932861328125e-01
5.063132047653198242e-01
6.213811039924621582e-02
3.414497077465057373e-01
1.423868983983993530e-01
1.373611837625503540e-01
9.102766513824462891e-01
6.418068408966064453e-01
1.180648654699325562e-01
8.257555961608886719e-02
6.796945631504058838e-02
5.405758321285247803e-02
1.704578548669815063e-01
8.447999358177185059e-01
3.646321594715118408e-01
6.170813739299774170e-02
2.465599030256271362e-01
5.173059701919555664e-01
4.306239485740661621e-01
9.859405457973480225e-02
3.616395890712738037e-01
2.953541874885559082e-01
8.902754783630371094e-01
1.318311542272567749e-01
8.776556700468063354e-02
1.094156578183174133e-01
3.314228653907775879e-01
3.110713362693786621e-01
6.581547856330871582e-02
3.481055796146392822e-01
8.199888467788696289e-01
7.390329241752624512e-01
4.010226130485534668e-01
5.089200288057327271e-02
8.946246653795242310e-02
5.728493928909301758e-01
3.708314597606658936e-01
1.781506240367889404e-01
3.959554433822631836e-01
5.606930255889892578e-01
1.240137293934822083e-01
6.395415216684341431e-02
5.557044222950935364e-02
3.671356737613677979e-01
2.899414896965026855e-01
5.370632931590080261e-02
1.976233273744583130e-01
6.542943120002746582e-01
2.746630311012268066e-01
6.464467048645019531e-01
2.764104902744293213e-01
2.701978385448455811e-01
9.128538519144058228e-02
1.160925999283790588e-01
5.925444364547729492e-01
9.404729008674621582e-01
5.799273774027824402e-02
9.321136474609375000e-01
9.303495883941650391e-01
7.252431511878967285e-01
2.324751168489456177e-01
7.852396368980407715e-01
6.090773642063140869e-02
2.974272370338439941e-01
5.446152091026306152e-01
7.488090991973876953e-01
7.008375525474548340e-01
6.136723235249519348e-02
7.668444514274597168e-02
2.251648455858230591e-01
7.295551896095275879e-01
1.587453931570053101e-01
1.413931995630264282e-01
3.574979007244110107e-01
3.604248166084289551e-01
3.255537450313568115e-01
2.873052656650543213e-01
2.992312014102935791e-01
2.755280137062072754e-01
3.065454065799713135e-01
8.187366724014282227e-01
7.997146844863891602e-01
5.250416323542594910e-02
5.164866447448730469e-01
5.517958477139472961e-02
4.565385878086090088e-01
7.984669208526611328e-01
9.025716781616210938e-02
1.304090470075607300e-01
1.039233580231666565e-01
2.599053084850311279e-01
9.210998415946960449e-01
4.427228569984436035e-01
7.576587200164794922e-01
5.876539647579193115e-02
5.766712129116058350e-02
7.093893736600875854e-02
9.077916145324707031e-01
1.551424115896224976e-01
7.495353221893310547e-01
3.778724670410156250e-01
2.354737669229507446e-01
1.585522145032882690e-01
5.470449477434158325e-02
4.528410732746124268e-01
9.073276519775390625e-01
7.427117228507995605e-02
6.207236275076866150e-02
8.465498685836791992e-01
1.734352409839630127e-01
6.570353358983993530e-02
2.557826340198516846e-01
9.635362029075622559e-02
2.069181352853775024e-01
2.735684812068939209e-01
2.882771492004394531e-01
5.258941277861595154e-02
1.158096864819526672e-01
1.062481030821800232e-01
8.636271953582763672e-02
5.726761221885681152e-01
4.852863252162933350e-01
1.631650775671005249e-01
8.854611217975616455e-02
9.440406411886215210e-02
1.446605771780014038e-01
1.107569113373756409e-01
1.464422494173049927e-01
3.307553827762603760e-01
1.029500663280487061e-01
2.307912409305572510e-01
9.381748437881469727e-01
4.757180437445640564e-02
3.536946475505828857e-01
1.348230838775634766e-01
6.181856989860534668e-01
2.666259109973907471e-01
4.134039953351020813e-02
3.059799969196319580e-01
8.576728105545043945e-01
8.356922864913940430e-02
1.084692999720573425e-01
8.397873491048812866e-02
1.036166772246360779e-01
1.344392597675323486e-01
2.751246392726898193e-01
3.210173249244689941e-01
2.463307976722717285e-01
8.817890882492065430e-01
2.052516937255859375e-01
4.541081786155700684e-01
2.554658055305480957e-01
1.027154177427291870e-01
6.222491860389709473e-01
9.428251534700393677e-02
5.474160611629486084e-02
8.935174345970153809e-01
5.744286775588989258e-01
7.237975597381591797e-01
6.741137504577636719e-01
8.084781467914581299e-02
4.841541647911071777e-01
1.750814765691757202e-01
2.365225702524185181e-01
3.768505454063415527e-01
1.257234662771224976e-01
7.184487581253051758e-02
2.958225011825561523e-01
1.038142889738082886e-01
5.764948129653930664e-01
5.976256728172302246e-01
5.692557096481323242e-01
8.554884791374206543e-02
6.339556574821472168e-01
3.767864704132080078e-01
1.458508521318435669e-01
8.947741389274597168e-01
2.853514254093170166e-01
4.727592468261718750e-01
8.883275091648101807e-02
8.583386540412902832e-01
2.177703529596328735e-01
1.132368296384811401e-01
8.598171472549438477e-01
3.274086117744445801e-01
7.694389224052429199e-01
1.069501414895057678e-01
2.785910964012145996e-01
2.348430305719375610e-01
2.781150043010711670e-01
3.328960239887237549e-01
8.887275457382202148e-01
2.634516060352325439e-01
2.879123985767364502e-01
4.573488235473632812e-02
7.589206099510192871e-01
7.367379218339920044e-02
5.589579418301582336e-02
8.366633653640747070e-01
7.297852039337158203e-01
4.145220518112182617e-01
7.511486113071441650e-02
4.425561726093292236e-01
3.160026967525482178e-01
8.428249359130859375e-01
2.177805751562118530e-01
8.810493350028991699e-01
5.027597397565841675e-02
3.757603466510772705e-01
7.278012484312057495e-02
2.027625292539596558e-01
1.029529497027397156e-01
2.852222323417663574e-01
4.592183530330657959e-01
2.675049006938934326e-01
2.400139868259429932e-01
2.570502758026123047e-01
5.977281928062438965e-01
8.512731194496154785e-01
2.635967135429382324e-01
5.009152889251708984e-01
8.203204721212387085e-02
2.670900523662567139e-01
8.302903175354003906e-01
6.404055953025817871e-01
2.839204370975494385e-01
2.547751069068908691e-01
8.745766431093215942e-02
2.843127846717834473e-01
8.162296563386917114e-02
2.665446102619171143e-01
9.314073920249938965e-01
2.032525837421417236e-01
5.980602502822875977e-01
9.921231120824813843e-02
5.248975157737731934e-01
1.657444089651107788e-01
1.413464993238449097e-01
6.199545413255691528e-02
5.546391755342483521e-02
2.068035304546356201e-01
7.891780138015747070e-01
7.897406816482543945e-01
9.652946889400482178e-02
8.733128756284713745e-02
7.583971619606018066e-01
9.315025210380554199e-01
6.537065505981445312e-01
1.127434000372886658e-01
1.568127423524856567e-01
8.012360334396362305e-01
6.519250869750976562e-01
7.421308755874633789e-01
1.071483492851257324e-01
8.914269804954528809e-01
9.118015766143798828e-01
2.551182806491851807e-01
8.818264007568359375e-01
3.852983713150024414e-01
5.674455314874649048e-02
5.227080583572387695e-01
2.209376394748687744e-01
8.077517747879028320e-01
2.733106315135955811e-01
5.323341488838195801e-01
4.950469434261322021e-01
1.488419324159622192e-01
5.895279645919799805e-01
5.739891529083251953e-01
7.747944593429565430e-01
6.290438026189804077e-02
3.500151634216308594e-01
7.275913953781127930e-01
3.710155785083770752e-01
3.649222552776336670e-01
3.689777553081512451e-01
2.753455638885498047e-01
8.175294399261474609e-01
5.724799036979675293e-01
1.278214901685714722e-01
1.310910284519195557e-01
2.174697965383529663e-01
5.668488889932632446e-02
1.786148250102996826e-01
1.135420575737953186e-01
6.987635493278503418e-01
1.759674400091171265e-01
8.244842290878295898e-02
4.455161690711975098e-01
3.399559557437896729e-01
7.922058552503585815e-02
4.588241279125213623e-01
7.937107980251312256e-02
6.339837312698364258e-01
5.172958374023437500e-01
7.187507301568984985e-02
1.580532044172286987e-01
5.055527389049530029e-02
3.001139760017395020e-01
1.866568624973297119e-01
1.082619428634643555e-01
8.802328258752822876e-02
7.979575544595718384e-02
3.149172067642211914e-01
2.126838862895965576e-01
8.653523027896881104e-02
1.271176189184188843e-01
1.582790017127990723e-01
3.751578330993652344e-01
6.838372349739074707e-01
6.980886310338973999e-02
9.390904754400253296e-02
5.249311923980712891e-01
4.461974799633026123e-01
8.359514921903610229e-02
9.488938450813293457e-01
6.200777292251586914e-01
4.543288648128509521e-01
8.447872102260589600e-02
2.598252892494201660e-01
9.762239456176757812e-02
8.463110029697418213e-02
1.810261905193328857e-01
1.435994356870651245e-01
5.782202482223510742e-01
6.843772530555725098e-01
6.914703845977783203e-01
1.397778391838073730e-01
3.584766983985900879e-01
2.041651010513305664e-01
3.785122632980346680e-01
5.095860362052917480e-01
2.644775807857513428e-01
4.577814042568206787e-01
2.537631690502166748e-01
9.412533640861511230e-01
8.245033770799636841e-02
1.233798786997795105e-01
8.182010054588317871e-01
4.496817588806152344e-01
5.269322991371154785e-01
6.611977815628051758e-01
2.786788940429687500e-01
3.676841557025909424e-01
9.203937053680419922e-01
7.361674904823303223e-01
2.026450783014297485e-01
8.707039952278137207e-01
1.332490891218185425e-01
6.671546101570129395e-01
4.685943722724914551e-01
7.214491069316864014e-02
4.736904799938201904e-02
4.143771827220916748e-01
2.785980999469757080e-01
7.105632126331329346e-02
1.166682541370391846e-01
9.224677681922912598e-01
1.109739169478416443e-01
6.578590720891952515e-02
1.636447757482528687e-01
2.012446671724319458e-01
2.707283496856689453e-01
8.082248270511627197e-02
1.285565048456192017e-01
6.219837442040443420e-02
5.499220490455627441e-01
1.769290268421173096e-01
5.626865029335021973e-01
7.218360304832458496e-01
8.946101069450378418e-01
1.310054957866668701e-01
9.940710663795471191e-02
3.405674993991851807e-01
6.345784664154052734e-01
5.934744328260421753e-02
2.885594964027404785e-01
2.938218712806701660e-01
4.928274825215339661e-02
9.061731696128845215e-01
3.974407911300659180e-01
8.062427490949630737e-02
7.947209477424621582e-02
3.203053474426269531e-01
2.425201237201690674e-01
6.653546094894409180e-01
1.612870842218399048e-01
2.984309494495391846e-01
8.458667248487472534e-02
5.172782540321350098e-01
1.828267425298690796e-01
2.421924024820327759e-01
1.419567912817001343e-01
2.809102535247802734e-01
7.818599045276641846e-02
1.674625575542449951e-01
8.777745813131332397e-02
3.152002394199371338e-01
3.109143078327178955e-01
8.698745965957641602e-01
8.228817582130432129e-01
1.221653819084167480e-01
