5.569119006395339966e-02
8.428434133529663086e-01
1.829400211572647095e-01
8.838194608688354492e-01
2.260027229785919189e-01
1.752422451972961426e-01
5.426977872848510742e-01
3.081760704517364502e-01
8.194220662117004395e-01
1.531853526830673218e-01
4.075314700603485107e-01
3.028042018413543701e-01
7.706971168518066406e-01
5.625710487365722656e-01
2.316824942827224731e-01
4.208173751831054688e-01
1.880299001932144165e-01
6.258972287178039551e-01
9.189309477806091309e-01
3.314646780490875244e-01
6.102441549301147461e-01
8.274889588356018066e-01
8.333893865346908569e-02
1.181897595524787903e-01
3.019345700740814209e-01
1.066413596272468567e-01
8.008705973625183105e-01
3.745820224285125732e-01
3.186098933219909668e-01
3.743874728679656982e-01
4.109563827514648438e-01
6.210610643029212952e-02
7.980827689170837402e-01
8.633848279714584351e-02
3.580506742000579834e-01
1.628604233264923096e-01
3.123069405555725098e-01
2.268944233655929565e-01
4.182264804840087891e-01
9.055470228195190430e-01
1.691505610942840576e-01
1.955084800720214844e-01
6.815810501575469971e-02
1.745661050081253052e-01
6.649426370859146118e-02
3.191136717796325684e-01
2.083355635404586792e-01
8.282980322837829590e-01
5.604928731918334961e-02
7.589780688285827637e-01
1.424233466386795044e-01
6.473585218191146851e-02
1.752676814794540405e-01
3.975048363208770752e-01
1.534490585327148438e-01
1.324439942836761475e-01
8.462646007537841797e-01
1.504196077585220337e-01
1.101338490843772888e-01
2.742590606212615967e-01
3.293145895004272461e-01
2.341488748788833618e-01
1.017887219786643982e-01
6.232614070177078247e-02
9.397111833095550537e-02
1.134149879217147827e-01
7.328139245510101318e-02
1.715164482593536377e-01
6.624618172645568848e-01
2.839907407760620117e-01
1.398756653070449829e-01
8.145279884338378906e-01
6.396547555923461914e-01
1.352924257516860962e-01
6.789770126342773438e-01
9.561746567487716675e-02
7.573006302118301392e-02
7.108220458030700684e-02
6.936363130807876587e-02
6.491354107856750488e-02
8.193460106849670410e-01
7.127302289009094238e-01
7.370722293853759766e-01
5.265613198280334473e-01
7.802647948265075684e-01
7.446669340133666992e-01
9.569559246301651001e-02
1.261402815580368042e-01
8.446236848831176758e-01
2.817154824733734131e-01
7.078149318695068359e-01
1.088258698582649231e-01
7.103243470191955566e-02
5.404882431030273438e-01
5.254182815551757812e-01
4.736537635326385498e-01
5.338109731674194336e-01
8.251751065254211426e-01
7.890770584344863892e-02
1.587749123573303223e-01
5.455547571182250977e-01
1.334320008754730225e-01
4.762149453163146973e-01
1.990975439548492432e-01
3.516231179237365723e-01
1.461706310510635376e-01
1.268871426582336426e-01
4.676158130168914795e-01
4.036373496055603027e-01
3.130890130996704102e-01
4.331545531749725342e-01
5.691309645771980286e-02
9.234608709812164307e-02
9.099679589271545410e-01
2.453941851854324341e-01
1.099917888641357422e-01
8.531680107116699219e-01
5.517739430069923401e-02
1.667414605617523193e-01
6.387595534324645996e-01
7.445859909057617188e-02
2.093445807695388794e-01
1.964913308620452881e-01
6.181951761245727539e-01
8.954679965972900391e-01
1.896262019872665405e-01
1.442738324403762817e-01
2.837161719799041748e-01
8.029527217149734497e-02
2.526350915431976318e-01
8.945065140724182129e-01
4.033176898956298828e-01
8.593982458114624023e-01
2.920263111591339111e-01
6.100068688392639160e-01
4.339501559734344482e-01
8.389026522636413574e-01
3.138533532619476318e-01
3.829855620861053467e-01
9.027766436338424683e-02
7.527868747711181641e-01
6.505019664764404297e-01
5.772289633750915527e-01
3.339327871799468994e-01
2.366703748703002930e-01
1.038863733410835266e-01
5.213100314140319824e-01
7.377386689186096191e-01
3.805136680603027344e-01
1.687467694282531738e-01
6.008981913328170776e-02
1.975593864917755127e-01
1.431684046983718872e-01
1.496523767709732056e-01
1.241209656000137329e-01
1.684576570987701416e-01
2.266564071178436279e-01
1.779742687940597534e-01
3.574105501174926758e-01
7.702803611755371094e-01
3.477159738540649414e-01
7.182045578956604004e-01
1.261730641126632690e-01
3.202030360698699951e-01
8.036049604415893555e-01
4.368608295917510986e-01
3.357398509979248047e-01
4.982224404811859131e-01
1.156702712178230286e-01
2.842299938201904297e-01
7.905092835426330566e-02
5.670157447457313538e-02
3.035020828247070312e-01
6.642015576362609863e-01
7.019536942243576050e-02
8.832906484603881836e-01
3.684791624546051025e-01
9.090904891490936279e-02
7.774982452392578125e-01
1.371552497148513794e-01
1.945157051086425781e-01
1.181765347719192505e-01
1.431898772716522217e-01
2.292253673076629639e-01
1.562734544277191162e-01
8.183541893959045410e-02
2.160507142543792725e-01
7.093697786331176758e-01
3.992982506752014160e-01
4.935185909271240234e-01
6.829791516065597534e-02
4.460692405700683594e-01
1.536429077386856079e-01
4.400867521762847900e-01
3.300305604934692383e-01
6.039259433746337891e-01
9.669113159179687500e-02
2.570270001888275146e-01
4.223294258117675781e-01
6.580591201782226562e-02
5.595335736870765686e-02
2.591121792793273926e-01
8.320754766464233398e-01
2.021385282278060913e-01
4.448240697383880615e-01
8.311086297035217285e-01
5.235238075256347656e-01
1.061773970723152161e-01
9.215266108512878418e-01
3.537410497665405273e-01
3.338347077369689941e-01
8.370386064052581787e-02
2.934142053127288818e-01
6.271128654479980469e-01
1.577177047729492188e-01
7.302331179380416870e-02
8.782997727394104004e-01
4.411045610904693604e-01
7.472808361053466797e-01
1.023198440670967102e-01
8.521469831466674805e-01
9.226602911949157715e-01
6.738890409469604492e-01
1.908393055200576782e-01
1.567828357219696045e-01
9.436072409152984619e-02
6.257119774818420410e-01
6.698550581932067871e-01
2.684447765350341797e-01
7.485002875328063965e-01
5.682971477508544922e-01
8.327605128288269043e-01
1.190174818038940430e-01
7.106562852859497070e-01
8.716405034065246582e-01
3.889099061489105225e-01
6.140219569206237793e-01
8.557371497154235840e-01
2.814262807369232178e-01
1.760266274213790894e-01
8.599346876144409180e-01
1.791952848434448242e-01
5.181680321693420410e-01
2.406541258096694946e-01
2.993445694446563721e-01
3.435009419918060303e-01
9.648525714874267578e-02
9.115428328514099121e-01
1.745208203792572021e-01
7.468301057815551758e-01
2.094735950231552124e-01
1.132343336939811707e-01
1.493997126817703247e-01
1.460313051939010620e-01
7.682707160711288452e-02
1.044422835111618042e-01
2.469427287578582764e-01
7.536849379539489746e-01
1.748965978622436523e-01
7.877880334854125977e-01
1.348913609981536865e-01
6.242019534111022949e-01
5.999631285667419434e-01
6.581500917673110962e-02
2.904575169086456299e-01
4.735729396343231201e-01
2.126685231924057007e-01
2.307020276784896851e-01
1.283019334077835083e-01
6.329967975616455078e-01
7.884851694107055664e-01
7.692491412162780762e-01
3.982567489147186279e-01
3.227906227111816406e-01
7.058244943618774414e-01
1.880023777484893799e-01
6.773790717124938965e-01
2.702779769897460938e-01
8.184660077095031738e-01
1.261239051818847656e-01
2.280994951725006104e-01
8.613930940628051758e-01
2.238845676183700562e-01
6.177299022674560547e-01
5.349486470222473145e-01
4.148854017257690430e-01
7.698114961385726929e-02
2.011969685554504395e-01
2.651675343513488770e-01
9.491410106420516968e-02
1.194418296217918396e-01
7.197053432464599609e-01
8.141736984252929688e-01
5.507910847663879395e-01
1.853672266006469727e-01
6.482525914907455444e-02
1.902706027030944824e-01
8.456795811653137207e-01
5.066091418266296387e-01
1.099186614155769348e-01
7.934989333152770996e-01
3.963242173194885254e-01
3.606765866279602051e-01
1.599299609661102295e-01
1.643597036600112915e-01
6.783185899257659912e-02
1.670666933059692383e-01
6.916540265083312988e-01
8.072273135185241699e-01
5.949847698211669922e-01
6.201949715614318848e-01
1.514150500297546387e-01
1.019406914710998535e-01
1.273840367794036865e-01
5.740785002708435059e-01
3.250485956668853760e-01
8.631553649902343750e-01
6.708155870437622070e-01
2.594614923000335693e-01
1.910734325647354126e-01
5.320250988006591797e-01
4.417803287506103516e-01
5.422198772430419922e-01
8.759646415710449219e-01
3.897577226161956787e-01
5.576973557472229004e-01
2.149188369512557983e-01
1.099384874105453491e-01
7.546381652355194092e-02
7.256117463111877441e-02
7.115729153156280518e-02
1.612885445356369019e-01
4.864435493946075439e-01
1.153815761208534241e-01
3.325521945953369141e-01
7.870999574661254883e-01
3.293880522251129150e-01
6.343469768762588501e-02
2.153636217117309570e-01
2.688181698322296143e-01
9.769984334707260132e-02
3.692582547664642334e-01
8.642965555191040039e-01
4.435733556747436523e-01
8.662343025207519531e-01
5.143476277589797974e-02
1.683920472860336304e-01
6.457592844963073730e-01
2.946368157863616943e-01
8.041856288909912109e-01
1.013402193784713745e-01
5.826008692383766174e-02
7.009556144475936890e-02
1.776298582553863525e-01
3.462678194046020508e-01
1.372563093900680542e-01
6.775578260421752930e-01
3.010483086109161377e-01
1.380685567855834961e-01
5.608807802200317383e-01
1.421799361705780029e-01
4.332614839076995850e-01
2.087298333644866943e-01
1.915653795003890991e-01
6.492589712142944336e-01
4.427494406700134277e-01
3.879355192184448242e-01
8.791007399559020996e-01
2.278339266777038574e-01
1.749201714992523193e-01
4.632762968540191650e-01
1.689667701721191406e-01
1.621205806732177734e-01
1.699087917804718018e-01
9.199571609497070312e-02
6.845726072788238525e-02
2.621104717254638672e-01
9.449771046638488770e-02
8.020614385604858398e-01
6.449776142835617065e-02
8.158280700445175171e-02
6.692624092102050781e-02
8.060400485992431641e-01
6.725776791572570801e-01
2.015489637851715088e-01
1.614163666963577271e-01
2.941528558731079102e-01
3.328214287757873535e-01
2.609676122665405273e-01
4.492218494415283203e-01
6.569887697696685791e-02
1.817389279603958130e-01
6.981609016656875610e-02
6.608106195926666260e-02
1.357136815786361694e-01
6.786809116601943970e-02
6.568276286125183105e-01
3.456818163394927979e-01
7.521735429763793945e-01
3.520475327968597412e-01
2.877083122730255127e-01
8.053731173276901245e-02
6.588073372840881348e-01
3.691692650318145752e-01
7.114488482475280762e-01
7.961871027946472168e-01
6.178705096244812012e-01
4.028069674968719482e-01
3.033920526504516602e-01
2.282732874155044556e-01
8.394911885261535645e-02
5.595102906227111816e-02
3.495774269104003906e-01
5.223911404609680176e-01
7.422523498535156250e-01
6.825185567140579224e-02
4.691981673240661621e-01
2.071822285652160645e-01
1.582562923431396484e-01
1.035094633698463440e-01
5.851588398218154907e-02
4.035068154335021973e-01
8.074325323104858398e-01
6.459197402000427246e-02
8.888749778270721436e-02
4.547822773456573486e-01
6.357064098119735718e-02
1.866765320301055908e-01
2.530415952205657959e-01
9.663188457489013672e-02
1.335983574390411377e-01
1.394668966531753540e-01
7.642310261726379395e-01
6.719481348991394043e-01
2.280842810869216919e-01
5.084082856774330139e-02
3.000774085521697998e-01
1.636326014995574951e-01
5.319976210594177246e-01
3.374950289726257324e-01
1.726714074611663818e-01
1.223421692848205566e-01
1.484163999557495117e-01
8.078545928001403809e-01
5.991896241903305054e-02
2.583976984024047852e-01
1.244514882564544678e-01
8.451588153839111328e-01
7.517220824956893921e-02
7.947781682014465332e-02
3.893872201442718506e-01
7.931001782417297363e-01
5.474345088005065918e-01
7.592915743589401245e-02
6.709710508584976196e-02
5.300342440605163574e-01
4.584301412105560303e-01
1.709659993648529053e-01
9.781757742166519165e-02
1.766551434993743896e-01
5.551391243934631348e-01
1.583902686834335327e-01
1.076760739088058472e-01
3.265729248523712158e-01
9.683914482593536377e-02
1.134534478187561035e-01
7.997851371765136719e-01
2.061493992805480957e-01
2.474998682737350464e-01
9.330000281333923340e-01
2.943235337734222412e-01
6.375866532325744629e-01
1.639314740896224976e-01
7.679345011711120605e-01
4.234522581100463867e-01
1.017961353063583374e-01
8.447002172470092773e-01
7.687619328498840332e-01
4.968290030956268311e-01
5.087897181510925293e-02
4.100479781627655029e-01
4.296711683273315430e-01
8.897539228200912476e-02
6.097483634948730469e-01
8.062934130430221558e-02
1.448814272880554199e-01
2.187652736902236938e-01
1.634958386421203613e-01
1.255349367856979370e-01
7.371545433998107910e-01
7.005372643470764160e-02
4.906937479972839355e-01
7.814000546932220459e-02
7.459998130798339844e-01
6.684565544128417969e-01
4.398816525936126709e-01
2.440866827964782715e-01
4.108276963233947754e-01
1.304152160882949829e-01
2.092791497707366943e-01
8.086172938346862793e-01
1.350403428077697754e-01
7.709590196609497070e-01
8.814280629158020020e-01
2.093491256237030029e-01
7.567531615495681763e-02
5.867092609405517578e-01
1.752447336912155151e-01
6.945918798446655273e-01
1.222479268908500671e-01
2.538458406925201416e-01
2.545359432697296143e-01
7.954368591308593750e-01
4.287124574184417725e-01
5.495191216468811035e-01
1.749201714992523193e-01
1.806566119194030762e-01
5.883293151855468750e-01
2.817753851413726807e-01
2.661800086498260498e-01
2.728270292282104492e-01
5.130712985992431641e-01
1.421977728605270386e-01
4.934665858745574951e-01
5.580948591232299805e-01
3.066854774951934814e-01
3.884831964969635010e-01
8.608896732330322266e-01
9.470357745885848999e-02
6.174070239067077637e-01
2.862710356712341309e-01
3.453032672405242920e-01
1.868658065795898438e-01
1.687504947185516357e-01
6.780365109443664551e-01
4.221435189247131348e-01
2.551010847091674805e-01
5.818878412246704102e-01
8.665664196014404297e-01
9.121934771537780762e-01
9.118932485580444336e-01
8.364865928888320923e-02
3.590051531791687012e-01
3.874819576740264893e-01
4.245290756225585938e-01
9.049997329711914062e-01
3.365811109542846680e-01
2.894421219825744629e-01
3.414151668548583984e-01
1.144617199897766113e-01
8.600881099700927734e-01
6.959616392850875854e-02
1.156488656997680664e-01
8.106656074523925781e-01
5.947276577353477478e-02
1.539891213178634644e-01
3.925382196903228760e-01
5.296966433525085449e-01
8.773640990257263184e-01
2.674921452999114990e-01
6.021689251065254211e-02
1.668182462453842163e-01
7.497311830520629883e-01
8.900461196899414062e-01
5.951011180877685547e-02
7.493152022361755371e-01
9.111130237579345703e-02
6.889168620109558105e-01
2.784205377101898193e-01
7.345150113105773926e-01
6.395649313926696777e-01
6.720305234193801880e-02
3.189298808574676514e-01
7.471705675125122070e-01
7.473526895046234131e-02
5.733564868569374084e-02
5.968073010444641113e-01
6.617833673954010010e-02
1.553346216678619385e-01
5.209715962409973145e-01
4.211530089378356934e-01
5.152061581611633301e-02
7.614739537239074707e-01
4.230984151363372803e-01
3.358047306537628174e-01
7.634904980659484863e-02
4.121696949005126953e-01
8.576646447181701660e-01
7.364783883094787598e-01
8.331713080406188965e-01
3.102335333824157715e-01
5.492532849311828613e-01
2.589738667011260986e-01
3.257695734500885010e-01
1.203329190611839294e-01
1.131337881088256836e-01
6.935526430606842041e-02
6.545684933662414551e-01
7.974213361740112305e-01
7.900286316871643066e-01
1.429018974304199219e-01
4.526190161705017090e-01
1.181264370679855347e-01
2.205408960580825806e-01
8.482770323753356934e-01
5.251486301422119141e-01
1.397687643766403198e-01
9.521646797657012939e-02
7.557624578475952148e-02
5.344128981232643127e-02
2.994163036346435547e-01
8.344697356224060059e-01
2.724177539348602295e-01
7.464174181222915649e-02
1.506438702344894409e-01
4.291113615036010742e-01
7.453200817108154297e-01
1.147524267435073853e-01
3.950658142566680908e-01
4.358772635459899902e-01
8.947215080261230469e-01
1.609373837709426880e-01
8.473151922225952148e-02
2.611702382564544678e-01
4.225067496299743652e-01
1.827890872955322266e-01
7.050494849681854248e-02
4.791960120201110840e-01
8.713676333427429199e-01
7.877131700515747070e-01
6.118227839469909668e-01
1.485605686902999878e-01
6.278906762599945068e-02
5.634794235229492188e-01
6.297173500061035156e-01
2.596409320831298828e-01
5.345237255096435547e-01
6.807058453559875488e-01
1.394019126892089844e-01
7.585913687944412231e-02
6.204911321401596069e-02
3.529108762741088867e-01
2.499978542327880859e-01
6.235522776842117310e-02
2.053124457597732544e-01
7.882813811302185059e-01
2.550686001777648926e-01
7.797138094902038574e-01
2.562050819396972656e-01
1.991125494241714478e-01
1.245434507727622986e-01
6.383124738931655884e-02
6.454812288284301758e-01
9.006255865097045898e-01
8.120814710855484009e-02
8.940637707710266113e-01
9.214043617248535156e-01
7.573878169059753418e-01
1.793435811996459961e-01
7.320403456687927246e-01
9.494419395923614502e-02
3.055047988891601562e-01
6.743583679199218750e-01
7.742914557456970215e-01
7.299067378044128418e-01
8.993381261825561523e-02
1.674394756555557251e-01
3.186190128326416016e-01
8.372975587844848633e-01
3.253319859504699707e-01
1.934461295604705811e-01
6.324408054351806641e-01
3.390296101570129395e-01
3.001762330532073975e-01
3.233669698238372803e-01
5.022790431976318359e-01
3.474746644496917725e-01
2.810537219047546387e-01
7.981942892074584961e-01
5.397920608520507812e-01
7.852709293365478516e-02
6.741311550140380859e-01
6.597740948200225830e-02
7.595034837722778320e-01
7.105652093887329102e-01
1.068093627691268921e-01
1.211645305156707764e-01
1.034758388996124268e-01
5.480211973190307617e-01
9.023934602737426758e-01
4.636985957622528076e-01
7.800181508064270020e-01
6.457174569368362427e-02
9.281878918409347534e-02
9.266500920057296753e-02
8.549379110336303711e-01
3.074590265750885010e-01
7.352930903434753418e-01
6.247167587280273438e-01
1.991037279367446899e-01
1.191616207361221313e-01
8.025446534156799316e-02
5.939278006553649902e-01
8.879951834678649902e-01
6.683791428804397583e-02
9.047694504261016846e-02
8.241354227066040039e-01
2.546751201152801514e-01
5.710538104176521301e-02
5.224010944366455078e-01
6.171146407723426819e-02
1.665450930595397949e-01
2.635806202888488770e-01
3.870835304260253906e-01
7.433293759822845459e-02
1.387682855129241943e-01
7.145759463310241699e-02
2.509295046329498291e-01
8.142259120941162109e-01
5.530388951301574707e-01
2.747353315353393555e-01
1.674017161130905151e-01
8.242134004831314087e-02
1.377352476119995117e-01
1.528864204883575439e-01
2.189612835645675659e-01
3.356663882732391357e-01
1.402031183242797852e-01
1.998603790998458862e-01
9.190033078193664551e-01
1.130816936492919922e-01
4.166964888572692871e-01
7.053844630718231201e-02
7.623147964477539062e-01
2.577076554298400879e-01
1.637004911899566650e-01
3.645374178886413574e-01
8.679506182670593262e-01
8.278289437294006348e-02
1.235741972923278809e-01
1.078486517071723938e-01
1.275956332683563232e-01
1.264095157384872437e-01
5.895401239395141602e-01
4.858739078044891357e-01
3.276084959506988525e-01
8.418130278587341309e-01
4.346671700477600098e-01
6.354898214340209961e-01
3.139108419418334961e-01
1.862838268280029297e-01
7.331139445304870605e-01
2.200767695903778076e-01
6.720820814371109009e-02
8.974304199218750000e-01
6.702357530593872070e-01
7.131053805351257324e-01
6.838591694831848145e-01
8.337533473968505859e-02
5.281286835670471191e-01
2.076639831066131592e-01
2.477894872426986694e-01
4.491312801837921143e-01
6.490974873304367065e-02
8.888933062553405762e-02
2.505166232585906982e-01
1.559177637100219727e-01
4.352154433727264404e-01
6.688758134841918945e-01
6.793096065521240234e-01
6.526688486337661743e-02
8.546711206436157227e-01
8.086780309677124023e-01
1.990943700075149536e-01
8.457008004188537598e-01
5.216104984283447266e-01
5.861870646476745605e-01
1.175509095191955566e-01
8.429881334304809570e-01
3.441549539566040039e-01
9.188941866159439087e-02
7.683320641517639160e-01
3.026742041110992432e-01
7.671011090278625488e-01
1.009929031133651733e-01
3.045455217361450195e-01
4.122906029224395752e-01
3.530019819736480713e-01
5.583575963973999023e-01
8.438951373100280762e-01
3.340963423252105713e-01
3.029396235942840576e-01
5.453737825155258179e-02
8.000758290290832520e-01
9.955099225044250488e-02
5.887192115187644958e-02
7.977570891380310059e-01
8.439027667045593262e-01
3.237970471382141113e-01
1.532839536666870117e-01
6.729357242584228516e-01
4.143472611904144287e-01
8.235020637512207031e-01
2.694442868232727051e-01
8.304288983345031738e-01
6.217922270298004150e-02
4.624151289463043213e-01
8.779165148735046387e-02
5.253671407699584961e-01
1.036282479763031006e-01
5.873128175735473633e-01
5.642455220222473145e-01
3.131535649299621582e-01
2.627792060375213623e-01
1.284057199954986572e-01
6.905065774917602539e-01
7.934334874153137207e-01
2.966200411319732666e-01
4.469724893569946289e-01
9.550414234399795532e-02
4.978286623954772949e-01
8.381371498107910156e-01
8.110704421997070312e-01
1.515466123819351196e-01
2.262606918811798096e-01
9.950608015060424805e-02
1.816279441118240356e-01
2.679364979267120361e-01
2.977943122386932373e-01
9.222195744514465332e-01
2.060460150241851807e-01
6.877868771553039551e-01
1.802256405353546143e-01
6.451034545898437500e-01
2.188837975263595581e-01
2.664121091365814209e-01
1.036867499351501465e-01
5.674143880605697632e-02
2.046217620372772217e-01
8.799987435340881348e-01
8.266431093215942383e-01
2.438443005084991455e-01
1.618645489215850830e-01
8.163569569587707520e-01
9.070327281951904297e-01
5.976840853691101074e-01
8.863034099340438843e-02
2.259081602096557617e-01
8.220224976539611816e-01
5.940147042274475098e-01
7.095273733139038086e-01
1.075569316744804382e-01
8.998679518699645996e-01
8.931462168693542480e-01
7.301785349845886230e-01
8.662710785865783691e-01
4.885676503181457520e-01
7.258439809083938599e-02
5.691943764686584473e-01
2.358030378818511963e-01
7.596927881240844727e-01
1.439906358718872070e-01
5.753737688064575195e-01
5.118585228919982910e-01
1.261315047740936279e-01
6.612716913223266602e-01
7.007346153259277344e-01
7.683852910995483398e-01
6.477707624435424805e-02
3.968498408794403076e-01
6.634949445724487305e-01
5.748342275619506836e-01
4.833129048347473145e-01
2.803434133529663086e-01
2.575361728668212891e-01
8.013399839401245117e-01
7.122869491577148438e-01
1.240587830543518066e-01
1.751594394445419312e-01
1.749201714992523193e-01
5.974772945046424866e-02
2.614234685897827148e-01
1.769871711730957031e-01
6.692541837692260742e-01
3.111175000667572021e-01
6.456913799047470093e-02
5.624185800552368164e-01
4.603495299816131592e-01
1.166530176997184753e-01
6.668435931205749512e-01
7.073403894901275635e-02
7.236273884773254395e-01
5.884758830070495605e-01
5.772749707102775574e-02
2.897650599479675293e-01
6.311553716659545898e-02
5.729666352272033691e-01
2.227803021669387817e-01
1.040681377053260803e-01
9.525221586227416992e-02
7.875515520572662354e-02
4.933257699012756348e-01
2.087680548429489136e-01
9.764011204242706299e-02
1.089255884289741516e-01
2.663514912128448486e-01
4.090416431427001953e-01
6.773240566253662109e-01
6.774653494358062744e-02
8.318097889423370361e-02
8.074238300323486328e-01
6.005086302757263184e-01
7.701635360717773438e-02
9.267597794532775879e-01
8.215328454971313477e-01
5.076301693916320801e-01
6.889557093381881714e-02
2.763064503669738770e-01
6.555104255676269531e-02
1.269535571336746216e-01
2.616681754589080811e-01
4.755743145942687988e-01
6.189704537391662598e-01
7.940527796745300293e-01
7.456071972846984863e-01
1.176455393433570862e-01
6.456800699234008789e-01
9.356893599033355713e-02
3.954946696758270264e-01
4.418163597583770752e-01
2.052898555994033813e-01
5.159585475921630859e-01
3.977306485176086426e-01
8.910570740699768066e-01
9.826105833053588867e-02
1.644749343395233154e-01
7.462388873100280762e-01
3.303966224193572998e-01
6.259728074073791504e-01
7.302410602569580078e-01
3.751581311225891113e-01
3.442892730236053467e-01
8.424257636070251465e-01
8.323513269424438477e-01
2.935763001441955566e-01
8.787968158721923828e-01
7.618911564350128174e-02
8.331305980682373047e-01
5.900427103042602539e-01
6.084890663623809814e-02
5.701182037591934204e-02
4.521864354610443115e-01
3.130769431591033936e-01
1.115252003073692322e-01
4.006127417087554932e-01
8.692260980606079102e-01
1.005674973130226135e-01
6.477574259042739868e-02
1.313289254903793335e-01
2.675604522228240967e-01
2.652425467967987061e-01
1.203461736440658569e-01
1.173937246203422546e-01
8.426839858293533325e-02
5.226718783378601074e-01
4.337717592716217041e-01
6.087328791618347168e-01
7.228937149047851562e-01
8.567806482315063477e-01
2.266611605882644653e-01
9.184316545724868774e-02
2.154256999492645264e-01
7.382587194442749023e-01
7.055205851793289185e-02
3.163504004478454590e-01
2.199130058288574219e-01
1.117228120565414429e-01
8.846193552017211914e-01
1.994509994983673096e-01
1.581433862447738647e-01
1.246507391333580017e-01
4.494808912277221680e-01
2.708766460418701172e-01
6.424328684806823730e-01
2.449274361133575439e-01
1.453477442264556885e-01
1.260317116975784302e-01
5.507622957229614258e-01
2.897839248180389404e-01
2.214384227991104126e-01
3.434993326663970947e-01
2.209173142910003662e-01
7.006399333477020264e-02
2.444166094064712524e-01
1.650533825159072876e-01
2.985896170139312744e-01
8.837132900953292847e-02
8.873381018638610840e-01
8.248388171195983887e-01
1.777725666761398315e-01
