7.200746331363916397e-03
9.154013395309448242e-01
7.063481211662292480e-02
8.119087815284729004e-01
1.648484766483306885e-01
3.352015465497970581e-02
5.131506323814392090e-01
2.192104309797286987e-01
9.046148061752319336e-01
3.945047035813331604e-02
3.167448043823242188e-01
1.234988942742347717e-01
7.132392525672912598e-01
3.488134741783142090e-01
3.623561561107635498e-02
2.016925811767578125e-01
1.290072500705718994e-01
4.252768456935882568e-01
9.479774832725524902e-01
5.184539556503295898e-01
7.857072353363037109e-01
7.219442129135131836e-01
2.892679534852504730e-02
3.437893837690353394e-02
1.441889256238937378e-01
4.005724191665649414e-02
8.617975711822509766e-01
1.867353320121765137e-01
4.739283323287963867e-01
1.979557424783706665e-01
2.138090878725051880e-01
5.243069957941770554e-03
8.881793618202209473e-01
1.131463870406150818e-01
8.120146393775939941e-02
8.562225103378295898e-02
1.096961647272109985e-01
1.755569875240325928e-01
3.031395077705383301e-01
8.978850841522216797e-01
2.791790962219238281e-01
9.490069001913070679e-02
3.204157203435897827e-02
3.860504552721977234e-02
6.023202836513519287e-02
1.794406324625015259e-01
1.548038423061370850e-01
5.426581501960754395e-01
6.349990144371986389e-03
8.803728222846984863e-01
1.026420518755912781e-01
1.275199931114912033e-02
1.819951385259628296e-01
3.599209189414978027e-01
1.093010604381561279e-01
3.349626436829566956e-02
7.893559932708740234e-01
2.018895186483860016e-02
1.570833846926689148e-02
2.587531507015228271e-01
3.413304984569549561e-01
1.814903467893600464e-01
4.310918599367141724e-02
4.375530779361724854e-02
9.512627497315406799e-03
8.867209404706954956e-02
2.466950193047523499e-02
3.403337299823760986e-02
4.382197856903076172e-01
2.044810354709625244e-01
1.669098623096942902e-02
4.775228798389434814e-01
3.499750494956970215e-01
1.106566116213798523e-01
2.836550772190093994e-01
1.919248886406421661e-02
2.439358085393905640e-02
5.644817370921373367e-03
1.040479317307472229e-01
3.462538868188858032e-02
9.063060879707336426e-01
8.353744745254516602e-01
8.731796145439147949e-01
3.959980905055999756e-01
9.169824719429016113e-01
3.078265190124511719e-01
3.466094285249710083e-02
6.387236714363098145e-02
4.693480134010314941e-01
2.692489027976989746e-01
3.646025657653808594e-01
2.545672468841075897e-02
2.849192731082439423e-02
3.251773416996002197e-01
3.866679370403289795e-01
5.143486261367797852e-01
3.418748676776885986e-01
8.986800909042358398e-01
3.431777656078338623e-02
6.933475285768508911e-02
4.271620213985443115e-01
1.044539660215377808e-01
3.381575047969818115e-01
1.100177019834518433e-01
2.852414548397064209e-01
1.657946705818176270e-01
3.463621810078620911e-02
3.823935985565185547e-01
3.913427591323852539e-01
2.750363945960998535e-01
1.942943334579467773e-01
1.809995435178279877e-02
4.333457350730895996e-02
9.172430634498596191e-01
1.978513002395629883e-01
4.378226399421691895e-02
8.579230904579162598e-01
4.589736461639404297e-02
5.240034312009811401e-02
6.105953454971313477e-01
4.620217252522706985e-03
6.040366739034652710e-02
5.466416478157043457e-02
6.610822677612304688e-01
8.523772954940795898e-01
1.270110309123992920e-01
2.711772918701171875e-02
2.348685413599014282e-01
3.341957554221153259e-02
1.941166631877422333e-02
9.246621131896972656e-01
1.875317282974720001e-02
8.967013359069824219e-01
2.607856988906860352e-01
3.593390583992004395e-01
3.167055249214172363e-01
9.268748164176940918e-01
1.900392174720764160e-01
3.717890679836273193e-01
4.027176648378372192e-02
7.631217241287231445e-01
8.473235368728637695e-01
5.903936624526977539e-01
1.584140062332153320e-01
2.197240293025970459e-01
3.633199632167816162e-02
4.073137044906616211e-01
5.540552139282226562e-01
6.170704960823059082e-01
1.251150220632553101e-01
2.157736942172050476e-02
1.629441827535629272e-01
4.616842791438102722e-02
1.634189039468765259e-01
1.372697800397872925e-01
1.706636101007461548e-01
1.709415167570114136e-01
2.763749845325946808e-02
2.412161976099014282e-01
7.175929546356201172e-01
3.377077877521514893e-01
6.556026935577392578e-01
8.952204883098602295e-02
1.174083501100540161e-01
7.485560178756713867e-01
3.601202964782714844e-01
3.012306690216064453e-01
2.172730267047882080e-01
8.462373167276382446e-02
3.446402549743652344e-01
3.040176630020141602e-02
2.184536308050155640e-02
3.265724480152130127e-01
7.115086317062377930e-01
5.258272588253021240e-02
9.015774130821228027e-01
2.554558515548706055e-01
4.165689647197723389e-02
8.315213918685913086e-01
1.556998640298843384e-01
1.460052877664566040e-01
2.839651890099048615e-02
1.172213032841682434e-01
1.177446842193603516e-01
6.272324174642562866e-02
7.069900631904602051e-02
1.773773729801177979e-01
4.327794313430786133e-01
2.840049564838409424e-01
5.402700901031494141e-01
1.529681310057640076e-02
8.073996901512145996e-01
6.033736467361450195e-02
8.323557972908020020e-01
2.093500494956970215e-01
3.797386586666107178e-01
1.524932961910963058e-02
1.680392026901245117e-01
3.395846784114837646e-01
1.720758341252803802e-02
9.054566733539104462e-03
1.810894310474395752e-01
8.558713197708129883e-01
1.688257455825805664e-01
8.241874575614929199e-01
9.248921275138854980e-01
3.736172318458557129e-01
5.612610653042793274e-02
9.472950100898742676e-01
1.420643776655197144e-01
1.645444482564926147e-01
1.486958470195531845e-02
1.841495335102081299e-01
6.189962029457092285e-01
9.186652302742004395e-02
1.294817309826612473e-02
8.237878680229187012e-01
4.198325872421264648e-01
7.682411670684814453e-01
1.019584387540817261e-01
9.054474830627441406e-01
9.483461380004882812e-01
2.312424629926681519e-01
2.166721373796463013e-01
9.716694056987762451e-02
4.213026165962219238e-02
6.072338223457336426e-01
5.644589066505432129e-01
1.376727670431137085e-01
2.687549591064453125e-01
5.897067785263061523e-01
9.065377116203308105e-01
5.276622250676155090e-02
7.918760180473327637e-01
9.010714888572692871e-01
1.993054598569869995e-01
5.716758370399475098e-01
9.084448814392089844e-01
8.310197293758392334e-02
2.812443077564239502e-01
9.116720557212829590e-01
6.141047552227973938e-02
7.758454084396362305e-01
1.936285197734832764e-02
2.093623429536819458e-01
3.496448993682861328e-01
3.681098669767379761e-02
9.435957670211791992e-01
5.217346921563148499e-02
5.109391212463378906e-01
1.716767549514770508e-01
4.691488295793533325e-02
4.594484344124794006e-02
5.136651918292045593e-02
4.142126441001892090e-02
5.680016800761222839e-02
2.731714844703674316e-01
7.857795357704162598e-01
1.431476920843124390e-01
8.665001392364501953e-01
3.743205592036247253e-02
5.309637784957885742e-01
3.010481297969818115e-01
1.168022118508815765e-02
1.581890434026718140e-01
2.598800957202911377e-01
1.047198623418807983e-01
1.941512972116470337e-01
6.060119718313217163e-02
5.368213057518005371e-01
8.961822986602783203e-01
8.021817803382873535e-01
2.633154094219207764e-01
2.263560295104980469e-01
8.694694042205810547e-01
8.915559947490692139e-02
8.332319855690002441e-01
3.127015754580497742e-02
8.627095222473144531e-01
3.469991683959960938e-02
1.000318080186843872e-01
8.918631672859191895e-01
1.812241971492767334e-01
3.542934060096740723e-01
4.675235152244567871e-01
2.560900151729583740e-01
4.600863531231880188e-02
3.434519469738006592e-02
3.222736120223999023e-01
1.533446609973907471e-01
1.604105234146118164e-01
5.817298293113708496e-01
7.068529129028320312e-01
2.538863420486450195e-01
8.514440804719924927e-02
1.023159548640251160e-02
1.065659597516059875e-01
8.670346736907958984e-01
1.552757769823074341e-01
1.471799612045288086e-02
9.173964262008666992e-01
3.105792701244354248e-01
1.532341539859771729e-01
8.399666100740432739e-02
7.375002652406692505e-02
1.735920272767543793e-02
1.347429454326629639e-01
7.726883292198181152e-01
8.741205334663391113e-01
6.183795332908630371e-01
1.978673636913299561e-01
1.509017497301101685e-01
8.635155856609344482e-02
4.445913434028625488e-02
3.648583292961120605e-01
2.820440530776977539e-01
9.045314192771911621e-01
6.696593761444091797e-01
1.269238591194152832e-01
1.324189603328704834e-01
2.835405170917510986e-01
2.028678208589553833e-01
1.930514574050903320e-01
8.955530524253845215e-01
2.019600868225097656e-01
2.177100330591201782e-01
9.138771146535873413e-02
5.133068934082984924e-02
4.299380630254745483e-02
6.120082363486289978e-02
3.069591522216796875e-02
6.019464880228042603e-02
2.133477032184600830e-01
1.479124873876571655e-01
2.483395785093307495e-01
9.197543859481811523e-01
1.786503344774246216e-01
7.588095497339963913e-03
1.739176362752914429e-01
1.668728590011596680e-01
2.866780757904052734e-02
3.674034178256988525e-01
6.656920313835144043e-01
1.775165051221847534e-01
8.368916511535644531e-01
8.952174335718154907e-03
1.710809767246246338e-01
7.081395387649536133e-02
1.999240964651107788e-01
7.506403923034667969e-01
3.172556683421134949e-02
1.272613462060689926e-02
4.476999863982200623e-02
6.123461946845054626e-02
4.259750843048095703e-01
7.486920058727264404e-02
6.384150385856628418e-01
8.314857631921768188e-02
1.536209136247634888e-01
1.526940315961837769e-01
1.150766611099243164e-01
3.407007157802581787e-01
2.723907530307769775e-01
5.796340107917785645e-02
5.384036898612976074e-01
2.652143836021423340e-01
2.896648049354553223e-01
9.511296749114990234e-01
2.774288058280944824e-01
7.754220813512802124e-02
2.913548946380615234e-01
5.813354253768920898e-02
1.022338494658470154e-01
7.822407037019729614e-02
6.614831089973449707e-02
4.815070331096649170e-02
1.760218590497970581e-01
6.297107040882110596e-02
8.772649168968200684e-01
8.558581024408340454e-02
4.408268257975578308e-02
1.745958998799324036e-02
8.772504329681396484e-01
4.279994964599609375e-01
1.694752275943756104e-01
8.685992658138275146e-02
2.713114023208618164e-01
9.915334731340408325e-02
1.881214976310729980e-01
4.101244807243347168e-01
7.871055975556373596e-03
2.509856782853603363e-02
4.387734457850456238e-02
5.759785696864128113e-02
8.014268428087234497e-02
4.478030279278755188e-02
5.151305794715881348e-01
1.356250345706939697e-01
9.259554147720336914e-01
2.213651090860366821e-01
2.219082117080688477e-01
2.209680154919624329e-02
8.631832599639892578e-01
5.128726363182067871e-01
7.957519888877868652e-01
7.316741943359375000e-01
2.626660466194152832e-01
2.907586693763732910e-01
2.277814596891403198e-01
1.396142691373825073e-01
4.549467563629150391e-02
1.176459714770317078e-02
2.645413875579833984e-01
3.345140814781188965e-01
7.304926514625549316e-01
3.554831072688102722e-02
2.473606169223785400e-01
5.295875295996665955e-02
3.071651980280876160e-02
3.255004808306694031e-02
3.750087320804595947e-02
4.544593989849090576e-01
5.770159363746643066e-01
1.414995826780796051e-02
4.327072948217391968e-02
3.973410129547119141e-01
2.217651717364788055e-02
6.323779374361038208e-02
1.882295608520507812e-01
6.513796746730804443e-02
4.973037913441658020e-02
8.527139574289321899e-02
8.810935616493225098e-01
3.412789106369018555e-01
1.671882122755050659e-01
5.338515713810920715e-02
1.933745592832565308e-01
5.377478152513504028e-02
5.668768286705017090e-01
1.777125149965286255e-01
1.600558757781982422e-01
6.408507376909255981e-02
5.066457390785217285e-02
5.410100221633911133e-01
2.984263189136981964e-02
2.112466096878051758e-01
1.278353109955787659e-02
8.526039123535156250e-01
6.912213563919067383e-02
1.773471198976039886e-02
2.601243853569030762e-01
6.398478150367736816e-01
3.157463967800140381e-01
1.586497388780117035e-02
3.278100118041038513e-02
3.931624293327331543e-01
2.865061163902282715e-01
1.137615963816642761e-01
1.906293258070945740e-02
2.546196281909942627e-01
2.096254825592041016e-01
9.614484757184982300e-02
5.230111628770828247e-02
1.459404677152633667e-01
1.739706657826900482e-02
3.770308569073677063e-02
9.146739840507507324e-01
2.828070819377899170e-01
5.529305711388587952e-02
9.528407454490661621e-01
2.095023393630981445e-01
4.026718735694885254e-01
9.559681266546249390e-02
6.213906407356262207e-01
4.533675014972686768e-01
5.110137164592742920e-02
8.675318360328674316e-01
8.736001253128051758e-01
2.602161765098571777e-01
4.024601075798273087e-03
2.646975517272949219e-01
2.511736750602722168e-01
1.060006916522979736e-01
3.378424048423767090e-01
4.194434359669685364e-02
5.946152284741401672e-02
2.130956500768661499e-01
5.248906835913658142e-02
1.079524755477905273e-01
2.454674839973449707e-01
1.116923801600933075e-02
1.457879394292831421e-01
4.220237582921981812e-02
8.843676447868347168e-01
4.152103662490844727e-01
3.473286926746368408e-01
1.601439267396926880e-01
2.729257047176361084e-01
4.890912398695945740e-02
3.751362860202789307e-02
9.086579084396362305e-01
9.608902782201766968e-02
1.958524733781814575e-01
9.213234186172485352e-01
2.091132402420043945e-01
1.988327316939830780e-02
3.791029453277587891e-01
1.338190436363220215e-01
8.471550345420837402e-01
4.231435805559158325e-02
1.428716629743576050e-01
7.652574032545089722e-02
7.420865297317504883e-01
2.100322693586349487e-01
6.561114788055419922e-01
7.754220813512802124e-02
1.625187397003173828e-01
3.763054311275482178e-01
1.462009698152542114e-01
1.175202950835227966e-01
1.451355665922164917e-01
2.902015447616577148e-01
4.495603963732719421e-02
2.275239825248718262e-01
4.290552735328674316e-01
2.348097786307334900e-02
1.945496499538421631e-01
8.817536234855651855e-01
3.947496041655540466e-02
5.405418276786804199e-01
7.684812694787979126e-02
2.892117016017436981e-02
1.593894660472869873e-01
7.489557564258575439e-02
4.850097298622131348e-01
5.820244550704956055e-01
5.758480355143547058e-02
5.576240420341491699e-01
8.994356393814086914e-01
9.450617432594299316e-01
9.413774609565734863e-01
1.384937856346368790e-02
2.099373340606689453e-01
2.545500397682189941e-01
3.329515457153320312e-01
8.930106163024902344e-01
1.726813465356826782e-01
2.324435561895370483e-01
2.089324295520782471e-01
1.324906647205352783e-01
8.297494649887084961e-01
6.258777342736721039e-03
8.241324126720428467e-02
7.581495642662048340e-01
1.657608523964881897e-02
8.547533303499221802e-02
2.571114599704742432e-01
2.271839678287506104e-01
9.248299598693847656e-01
8.199709467589855194e-03
3.770561143755912781e-02
7.693363726139068604e-02
8.760457038879394531e-01
8.913356065750122070e-01
6.584214512258768082e-03
8.811406493186950684e-01
3.885028511285781860e-02
4.979324340820312500e-01
2.061104923486709595e-01
7.847766876220703125e-01
3.090019822120666504e-01
3.740850836038589478e-02
1.665268391370773315e-01
6.627756953239440918e-01
1.802213303744792938e-02
5.524743348360061646e-03
5.345327258110046387e-01
2.178856544196605682e-02
1.610461324453353882e-01
2.276385426521301270e-01
3.448534607887268066e-01
1.270319055765867233e-02
4.224143326282501221e-01
1.939216405153274536e-01
8.590272068977355957e-02
2.155671641230583191e-02
2.367053329944610596e-01
8.750690817832946777e-01
7.982429265975952148e-01
8.068028688430786133e-01
2.752301394939422607e-01
3.225954771041870117e-01
2.644990682601928711e-01
6.670506298542022705e-02
4.886232316493988037e-02
6.041388586163520813e-02
3.675988316535949707e-02
7.236839532852172852e-01
8.149991631507873535e-01
5.952388048171997070e-01
1.163393631577491760e-01
3.315671980381011963e-01
8.461778610944747925e-02
9.143424034118652344e-02
9.122857451438903809e-01
3.507750928401947021e-01
8.638840913772583008e-02
3.303684666752815247e-02
6.238622963428497314e-02
8.822705596685409546e-03
8.216058462858200073e-02
8.704117536544799805e-01
2.717086076736450195e-01
7.467620074748992920e-03
9.583554416894912720e-02
3.432470560073852539e-01
5.260934829711914062e-01
5.890300124883651733e-02
2.335397601127624512e-01
3.734876215457916260e-01
8.128754496574401855e-01
6.059287860989570618e-02
4.094330221414566040e-02
2.236060500144958496e-01
4.898260533809661865e-01
2.547549307346343994e-01
9.789439849555492401e-03
3.477874398231506348e-01
9.025887846946716309e-01
8.998265862464904785e-01
4.494776725769042969e-01
5.715223029255867004e-02
3.492243587970733643e-02
4.524886906147003174e-01
4.815805852413177490e-01
2.217874974012374878e-01
3.214454650878906250e-01
5.641788244247436523e-01
8.743334561586380005e-02
2.438718453049659729e-02
1.484054978936910629e-02
3.205552697181701660e-01
1.385979503393173218e-01
8.283908478915691376e-03
2.321783155202865601e-01
8.172294497489929199e-01
2.925342619419097900e-01
7.840571403503417969e-01
2.467919439077377319e-01
1.707405745983123779e-01
4.333765059709548950e-02
6.722857058048248291e-02
7.932086586952209473e-01
9.245888590812683105e-01
8.253393694758415222e-03
9.323022961616516113e-01
9.441428184509277344e-01
6.805421113967895508e-01
2.201396524906158447e-01
5.933362245559692383e-01
5.413375794887542725e-02
3.146531283855438232e-01
7.474098205566406250e-01
6.535937786102294922e-01
8.210706710815429688e-01
1.225622594356536865e-01
9.820035845041275024e-02
2.301910072565078735e-01
6.066316366195678711e-01
2.212133854627609253e-01
1.464658379554748535e-01
4.483127593994140625e-01
5.953488349914550781e-01
2.744759321212768555e-01
1.106134355068206787e-01
4.184643030166625977e-01
1.585339456796646118e-01
3.234847187995910645e-01
8.441647887229919434e-01
3.972646296024322510e-01
1.019717380404472351e-02
4.994358122348785400e-01
4.016883298754692078e-02
2.244676649570465088e-01
8.670516610145568848e-01
1.570629701018333435e-02
3.280551731586456299e-02
5.283541977405548096e-02
2.688638865947723389e-01
9.505007266998291016e-01
3.765092492103576660e-01
9.237964749336242676e-01
2.673021890223026276e-02
5.657907109707593918e-03
8.723197504878044128e-03
8.784563541412353516e-01
9.422975778579711914e-02
4.466376900672912598e-01
5.817878246307373047e-01
1.391937285661697388e-01
7.295743376016616821e-02
4.810614883899688721e-02
4.677203893661499023e-01
9.103474020957946777e-01
1.423903554677963257e-02
1.713171973824501038e-02
8.937614560127258301e-01
2.359003722667694092e-01
1.550102885812520981e-02
8.885484933853149414e-02
6.143242120742797852e-02
1.968491822481155396e-01
2.342952042818069458e-01
2.246340960264205933e-01
2.372366003692150116e-02
1.533174812793731689e-01
8.700959384441375732e-02
1.001396626234054565e-01
4.730246067047119141e-01
3.925502896308898926e-01
2.225709855556488037e-01
3.506600111722946167e-02
4.405647888779640198e-02
2.440976724028587341e-02
1.691020578145980835e-01
1.424365043640136719e-01
2.574490606784820557e-01
4.025031998753547668e-02
1.771666109561920166e-01
9.467233419418334961e-01
4.109511524438858032e-02
1.819126754999160767e-01
1.264029741287231445e-01
5.444986224174499512e-01
1.166654750704765320e-01
1.105254888534545898e-01
2.981041669845581055e-01
9.165747165679931641e-01
6.506524235010147095e-02
1.600770205259323120e-01
4.619902372360229492e-02
3.908959031105041504e-02
4.077035561203956604e-02
6.254665255546569824e-01
2.701655328273773193e-01
2.092603296041488647e-01
9.075557589530944824e-01
3.722530603408813477e-01
5.003752708435058594e-01
1.679171770811080933e-01
8.073801547288894653e-02
6.121078729629516602e-01
2.388405799865722656e-02
5.159346386790275574e-03
9.225810766220092773e-01
7.041727900505065918e-01
8.854309320449829102e-01
8.043678402900695801e-01
5.986944586038589478e-02
2.445127069950103760e-01
1.367847770452499390e-01
1.305555105209350586e-01
3.245422840118408203e-01
3.440155461430549622e-02
3.349972143769264221e-02
2.258191257715225220e-01
4.208370670676231384e-02
8.610468506813049316e-01
4.290727376937866211e-01
4.976071715354919434e-01
3.240302950143814087e-02
7.681726217269897461e-01
7.643196582794189453e-01
9.525918215513229370e-02
8.971400260925292969e-01
4.040028154850006104e-01
2.315430939197540283e-01
2.996627613902091980e-02
7.994673848152160645e-01
3.330149650573730469e-01
2.985941618680953979e-02
9.035471677780151367e-01
2.156200408935546875e-01
8.604251146316528320e-01
2.775382623076438904e-02
2.392428964376449585e-01
3.457800745964050293e-01
2.469144463539123535e-01
5.481432676315307617e-01
9.064327478408813477e-01
2.498997300863265991e-01
2.904074490070343018e-01
9.354675188660621643e-03
8.926938772201538086e-01
1.077128052711486816e-01
9.472035802900791168e-03
8.673247694969177246e-01
7.816852927207946777e-01
3.295284807682037354e-01
1.237748749554157257e-02
5.425172448158264160e-01
3.596290647983551025e-01
8.301582336425781250e-01
1.147826015949249268e-01
8.875303268432617188e-01
7.296260911971330643e-03
2.941358983516693115e-01
1.014784164726734161e-02
4.561733901500701904e-01
4.453321546316146851e-02
1.400238871574401855e-01
3.001218438148498535e-01
1.237155348062515259e-01
2.062974721193313599e-01
1.579357385635375977e-01
4.617859721183776855e-01
8.761173486709594727e-01
1.459649503231048584e-01
4.515506029129028320e-01
2.417086251080036163e-02
3.526464700698852539e-01
8.355050683021545410e-01
7.684658765792846680e-01
2.423801720142364502e-01
1.548783332109451294e-01
5.098381265997886658e-02
8.664298802614212036e-02
1.339365541934967041e-02
6.959440559148788452e-02
9.302116632461547852e-01
9.512732177972793579e-02
7.057285308837890625e-01
4.003726691007614136e-02
7.098056077957153320e-01
1.178510934114456177e-01
2.305908203125000000e-01
5.988975986838340759e-02
3.109278716146945953e-02
2.122549861669540405e-01
8.536911010742187500e-01
7.193105220794677734e-01
2.216320037841796875e-01
1.588738337159156799e-02
7.344970107078552246e-01
9.251441955566406250e-01
7.162672877311706543e-01
5.404906719923019409e-02
1.501231640577316284e-01
6.240666508674621582e-01
3.848328590393066406e-01
8.928059935569763184e-01
2.412710897624492645e-02
9.175781607627868652e-01
8.786731958389282227e-01
5.106960535049438477e-01
9.156914353370666504e-01
3.799314498901367188e-01
6.596292369067668915e-03
3.753854632377624512e-01
2.326107472181320190e-01
4.594076871871948242e-01
8.494625240564346313e-02
7.051287293434143066e-01
4.859205484390258789e-01
1.134618073701858521e-01
2.952287197113037109e-01
7.549777626991271973e-01
8.024182319641113281e-01
1.737033389508724213e-02
2.289281785488128662e-01
7.370727062225341797e-01
5.983899235725402832e-01
2.882699668407440186e-01
1.144852340221405029e-01
4.945254921913146973e-01
8.437080979347229004e-01
7.607432007789611816e-01
3.308811411261558533e-02
5.443022027611732483e-02
7.754220813512802124e-02
6.025454960763454437e-03
2.194530516862869263e-01
1.646635979413986206e-01
5.264681577682495117e-01
2.142536491155624390e-01
1.151809096336364746e-02
5.766348838806152344e-01
2.672934234142303467e-01
6.890460848808288574e-02
3.573111593723297119e-01
8.482660353183746338e-02
6.666576862335205078e-01
3.330074250698089600e-01
2.771546319127082825e-02
1.311156749725341797e-01
1.295835431665182114e-02
2.633746564388275146e-01
1.701270341873168945e-01
4.648821428418159485e-02
3.282287716865539551e-02
3.805570304393768311e-02
2.415078431367874146e-01
9.860397130250930786e-02
5.572004988789558411e-02
1.047021150588989258e-01
2.357563823461532593e-01
2.721488475799560547e-01
3.562313318252563477e-01
2.513138391077518463e-02
3.147166594862937927e-02
4.524020850658416748e-01
2.541582584381103516e-01
1.741133444011211395e-02
9.487447738647460938e-01
3.858447372913360596e-01
1.672110855579376221e-01
1.194678097963333130e-01
1.628382205963134766e-01
2.879298478364944458e-02
5.680077895522117615e-02
3.640844523906707764e-01
1.468752026557922363e-01
3.696003258228302002e-01
6.571040749549865723e-01
5.515739917755126953e-01
2.830675616860389709e-02
2.314207553863525391e-01
1.015457659959793091e-01
2.193190455436706543e-01
3.101228177547454834e-01
1.863781362771987915e-01
4.126987755298614502e-01
8.069247752428054810e-02
9.437550306320190430e-01
3.427263349294662476e-02
1.800933927297592163e-01
9.113277792930603027e-01
2.410555630922317505e-01
5.915958285331726074e-01
5.474266409873962402e-01
3.328759670257568359e-01
5.042546242475509644e-02
8.812956213951110840e-01
6.175078153610229492e-01
2.752713561058044434e-01
8.887935876846313477e-01
5.764888226985931396e-02
7.304270267486572266e-01
6.279308199882507324e-01
2.188815362751483917e-02
5.141376983374357224e-03
3.875196278095245361e-01
1.587045341730117798e-01
2.682588249444961548e-02
2.261735796928405762e-01
9.318213462829589844e-01
4.590238258242607117e-02
1.633414253592491150e-02
3.979077935218811035e-02
1.248615980148315430e-02
1.626794785261154175e-01
2.076129056513309479e-02
8.589933067560195923e-02
1.910413987934589386e-02
3.545681834220886230e-01
2.377997338771820068e-01
6.916320919990539551e-01
5.869677662849426270e-01
8.911527395248413086e-01
1.067824810743331909e-01
8.724743872880935669e-02
4.766110479831695557e-01
6.955368518829345703e-01
2.893837168812751770e-02
3.150015473365783691e-01
2.339370995759963989e-01
1.168369967490434647e-02
9.305826425552368164e-01
5.908304080367088318e-02
8.059329539537429810e-02
3.224658221006393433e-02
2.194801419973373413e-01
2.400221824645996094e-01
8.043146133422851562e-01
5.477028340101242065e-02
1.974109858274459839e-01
3.506422042846679688e-02
8.228348195552825928e-02
2.350994497537612915e-01
1.421190500259399414e-01
2.694857120513916016e-01
9.680861979722976685e-02
1.646132580935955048e-02
9.638462215662002563e-02
4.076042771339416504e-02
3.849944770336151123e-01
1.085405200719833374e-01
9.153238534927368164e-01
8.995193243026733398e-01
5.844717472791671753e-02
