1.219572406262159348e-02
8.360300064086914062e-01
2.254029735922813416e-02
7.744569778442382812e-01
2.372604161500930786e-01
2.451950125396251678e-02
5.965313911437988281e-01
4.137793183326721191e-01
8.522327542304992676e-01
6.188165768980979919e-02
2.372978478670120239e-01
1.031106486916542053e-01
7.830181121826171875e-01
4.631201326847076416e-01
1.360995471477508545e-01
2.143449634313583374e-01
5.271160602569580078e-01
5.057938098907470703e-01
8.721640110015869141e-01
2.546291649341583252e-01
5.937496423721313477e-01
6.287516355514526367e-01
4.642899334430694580e-02
3.348082304000854492e-02
2.222415357828140259e-01
2.644079737365245819e-02
7.496660947799682617e-01
1.875476539134979248e-01
4.719327390193939209e-01
3.728622198104858398e-01
1.795760691165924072e-01
9.706138633191585541e-03
8.490291237831115723e-01
3.416830301284790039e-02
7.992180436849594116e-02
8.572581410408020020e-02
2.492458075284957886e-01
2.442760914564132690e-01
3.126176595687866211e-01
7.771081924438476562e-01
2.335902452468872070e-01
6.007973849773406982e-02
2.365661785006523132e-02
1.091679185628890991e-01
4.705044999718666077e-02
1.010376363992691040e-01
3.514137566089630127e-01
6.562196612358093262e-01
1.186802517622709274e-02
6.641417145729064941e-01
8.929437398910522461e-02
1.591207273304462433e-02
1.883360743522644043e-01
5.122094750404357910e-01
1.306177675724029541e-01
4.603638499975204468e-02
7.319791913032531738e-01
5.814996734261512756e-02
1.416609156876802444e-02
2.657726705074310303e-01
4.227440357208251953e-01
7.126981765031814575e-02
1.825763285160064697e-02
3.714566677808761597e-02
2.174816653132438660e-02
5.293719470500946045e-02
2.969918027520179749e-02
3.695419803261756897e-02
4.932847023010253906e-01
2.500080168247222900e-01
5.557659640908241272e-02
5.548812150955200195e-01
3.869670331478118896e-01
6.241892278194427490e-02
3.506558537483215332e-01
2.296333946287631989e-02
2.326661348342895508e-02
1.089522428810596466e-02
7.776407897472381592e-02
2.567061595618724823e-02
8.472145199775695801e-01
8.127591013908386230e-01
8.187862634658813477e-01
4.466676712036132812e-01
8.243324160575866699e-01
4.957083165645599365e-01
7.730221003293991089e-02
9.774189442396163940e-02
3.465655446052551270e-01
2.009944915771484375e-01
5.160228610038757324e-01
2.516220510005950928e-02
2.296715043485164642e-02
4.969466328620910645e-01
5.953763723373413086e-01
6.228492259979248047e-01
5.030452609062194824e-01
8.261966109275817871e-01
5.411600694060325623e-02
4.166341945528984070e-02
4.367323815822601318e-01
1.088414713740348816e-01
6.045192480087280273e-01
1.395462602376937866e-01
2.781950235366821289e-01
1.016180887818336487e-01
4.801707342267036438e-02
6.159362196922302246e-01
5.850675106048583984e-01
3.604244291782379150e-01
5.593217611312866211e-01
2.007706463336944580e-02
4.879355803132057190e-02
8.144729733467102051e-01
2.856840491294860840e-01
4.110401496291160583e-02
7.684254050254821777e-01
3.008626401424407959e-02
1.955214887857437134e-01
5.661187767982482910e-01
9.154358878731727600e-03
8.708196878433227539e-02
4.729688540101051331e-02
6.989219188690185547e-01
7.346935272216796875e-01
2.929293178021907806e-02
2.887408994138240814e-02
2.248499393463134766e-01
2.436620555818080902e-02
4.574790596961975098e-02
8.050641417503356934e-01
4.412173107266426086e-02
8.094483613967895508e-01
4.771923422813415527e-01
5.095834732055664062e-01
4.311300516128540039e-01
8.576391339302062988e-01
1.222487017512321472e-01
6.498962044715881348e-01
3.620918095111846924e-02
7.583211660385131836e-01
7.158218026161193848e-01
5.021507143974304199e-01
4.127047061920166016e-01
2.743940055370330811e-01
4.333405941724777222e-02
5.462000370025634766e-01
5.574917197227478027e-01
5.609994530677795410e-01
7.481348514556884766e-02
1.530623994767665863e-02
9.748726338148117065e-02
2.379633300006389618e-02
2.680535614490509033e-01
7.829292118549346924e-02
2.325037121772766113e-02
2.047167271375656128e-01
1.067060455679893494e-01
2.327322363853454590e-01
5.776081681251525879e-01
4.118190407752990723e-01
5.873792171478271484e-01
5.946128815412521362e-02
1.659000515937805176e-01
6.864504218101501465e-01
5.510474443435668945e-01
4.185306727886199951e-01
2.107435464859008789e-01
6.176548823714256287e-02
3.452411890029907227e-01
3.212334588170051575e-02
3.425439447164535522e-02
3.422025740146636963e-01
6.876179575920104980e-01
8.037836849689483643e-02
8.195627331733703613e-01
3.384693562984466553e-01
3.161035850644111633e-02
8.304095268249511719e-01
2.326871156692504883e-01
9.458266198635101318e-02
2.144052274525165558e-02
1.155177876353263855e-01
1.152564287185668945e-01
8.375476300716400146e-02
8.047818392515182495e-02
2.561720907688140869e-01
5.361033082008361816e-01
4.026808738708496094e-01
4.285636544227600098e-01
1.606828719377517700e-02
7.494829893112182617e-01
9.174922853708267212e-02
7.833111286163330078e-01
2.653795182704925537e-01
6.026414036750793457e-01
1.885965652763843536e-02
2.867391705513000488e-01
4.500927031040191650e-01
2.478172816336154938e-02
1.928111165761947632e-02
3.732529282569885254e-01
6.987816095352172852e-01
2.580707669258117676e-01
7.986325025558471680e-01
8.098686933517456055e-01
4.462356865406036377e-01
6.704574078321456909e-02
8.631304502487182617e-01
6.429078429937362671e-02
3.154010176658630371e-01
2.379396371543407440e-02
2.691226303577423096e-01
5.334685444831848145e-01
2.201153934001922607e-01
2.276092767715454102e-02
7.213276028633117676e-01
4.185624122619628906e-01
6.602209210395812988e-01
3.866264969110488892e-02
8.153460025787353516e-01
8.454557061195373535e-01
3.350041806697845459e-01
5.353788658976554871e-02
7.035174965858459473e-02
5.550782382488250732e-02
6.764670610427856445e-01
6.719510555267333984e-01
9.341607242822647095e-02
5.203561186790466309e-01
6.884955763816833496e-01
8.171383738517761230e-01
4.432914406061172485e-02
7.037995457649230957e-01
8.140408396720886230e-01
2.119081467390060425e-01
5.056015253067016602e-01
7.539861202239990234e-01
8.765079826116561890e-02
2.745723426342010498e-01
8.124279975891113281e-01
1.018958017230033875e-01
7.239258885383605957e-01
6.585928052663803101e-02
2.481654584407806396e-01
3.108522593975067139e-01
3.598902747035026550e-02
8.724313378334045410e-01
4.659681022167205811e-02
6.058360338211059570e-01
9.224477410316467285e-02
9.649652242660522461e-02
1.423886567354202271e-01
3.199657797813415527e-02
8.741948753595352173e-02
7.308492064476013184e-02
5.735830664634704590e-01
7.816436290740966797e-01
8.409068733453750610e-02
8.383367657661437988e-01
6.438066065311431885e-02
5.303275585174560547e-01
3.490979671478271484e-01
1.672706380486488342e-02
1.938429027795791626e-01
3.544788658618927002e-01
7.020850479602813721e-02
3.262979090213775635e-01
9.906709194183349609e-02
7.045382857322692871e-01
8.392284512519836426e-01
5.807661414146423340e-01
3.514170646667480469e-01
2.110127955675125122e-01
7.969360947608947754e-01
9.885910898447036743e-02
7.699408531188964844e-01
2.219421230256557465e-02
6.408994793891906738e-01
9.684727340936660767e-02
1.480320841073989868e-01
8.056024909019470215e-01
2.436468750238418579e-01
4.543162584304809570e-01
5.127615928649902344e-01
2.971224188804626465e-01
3.597121313214302063e-02
6.168313324451446533e-02
4.988952875137329102e-01
8.149868994951248169e-02
7.777676731348037720e-02
3.788530528545379639e-01
6.808487772941589355e-01
3.718013763427734375e-01
6.957904249429702759e-02
1.810281537473201752e-02
4.518371447920799255e-02
7.158457040786743164e-01
2.104943692684173584e-01
2.113158814609050751e-02
8.443171381950378418e-01
3.320766985416412354e-01
3.135329782962799072e-01
7.086016982793807983e-02
3.114060685038566589e-02
1.666388288140296936e-02
4.371035099029541016e-02
7.411688566207885742e-01
8.449280858039855957e-01
5.415363311767578125e-01
3.677510619163513184e-01
4.568601399660110474e-02
7.018677145242691040e-02
3.729391992092132568e-01
5.079711079597473145e-01
3.463499844074249268e-01
7.719442844390869141e-01
7.633109092712402344e-01
1.268328875303268433e-01
3.417757451534271240e-01
6.046121120452880859e-01
3.809377253055572510e-01
3.617946505546569824e-01
8.040385842323303223e-01
2.350033968687057495e-01
2.823886275291442871e-01
2.029582709074020386e-01
1.306616049259901047e-02
2.339363656938076019e-02
3.286252170801162720e-02
3.320315852761268616e-02
9.996663033962249756e-02
3.726851046085357666e-01
4.258973896503448486e-02
1.176231428980827332e-01
8.416326045989990234e-01
2.316748201847076416e-01
1.277687679976224899e-02
1.445678174495697021e-01
2.294154167175292969e-01
3.218927234411239624e-02
3.086588382720947266e-01
7.528779506683349609e-01
4.487476646900177002e-01
7.320473194122314453e-01
9.275652468204498291e-03
3.186995089054107666e-01
4.791358113288879395e-01
2.072902321815490723e-01
6.415051221847534180e-01
3.290028497576713562e-02
9.311476722359657288e-03
4.918749257922172546e-02
6.821634620428085327e-02
4.797635376453399658e-01
7.294385135173797607e-02
5.012992620468139648e-01
4.416996240615844727e-02
2.823139727115631104e-02
1.731367409229278564e-01
3.147683292627334595e-02
3.680952489376068115e-01
2.395284920930862427e-01
4.076948761940002441e-02
6.991443634033203125e-01
2.582950294017791748e-01
4.802262783050537109e-01
8.480560183525085449e-01
2.148680090904235840e-01
1.083440482616424561e-01
3.439908623695373535e-01
7.142226397991180420e-02
2.066486626863479614e-01
4.196416214108467102e-02
3.537164628505706787e-02
3.065313957631587982e-02
1.875839084386825562e-01
4.089003056287765503e-02
7.623074054718017578e-01
7.525140792131423950e-02
3.306241706013679504e-02
1.930397003889083862e-02
8.479306101799011230e-01
3.331688940525054932e-01
3.222107887268066406e-01
5.402436107397079468e-02
3.508968055248260498e-01
2.937044203281402588e-01
2.167703658342361450e-01
3.878462314605712891e-01
1.284699793905019760e-02
4.383407533168792725e-02
3.081612661480903625e-02
8.251319825649261475e-02
2.055166363716125488e-01
5.274824798107147217e-02
7.008860707283020020e-01
2.879786789417266846e-01
5.987260937690734863e-01
1.302470266819000244e-01
2.151714265346527100e-01
2.692720666527748108e-02
8.031882643699645996e-01
7.455642819404602051e-01
5.996803641319274902e-01
6.941427588462829590e-01
5.800479650497436523e-01
5.465466380119323730e-01
2.391570657491683960e-01
1.032156050205230713e-01
7.753214985132217407e-02
1.535225193947553635e-02
3.401987254619598389e-01
3.715447485446929932e-01
6.811671853065490723e-01
2.851815335452556610e-02
3.251281380653381348e-01
4.099839180707931519e-02
6.198229268193244934e-02
3.094011917710304260e-02
2.732430212199687958e-02
3.652822077274322510e-01
5.882285833358764648e-01
9.576751850545406342e-03
2.382487244904041290e-02
5.485020875930786133e-01
2.559875696897506714e-02
6.389208137989044189e-02
1.580541431903839111e-01
9.026743471622467041e-02
5.187983810901641846e-02
8.223515748977661133e-02
8.173000216484069824e-01
5.246067047119140625e-01
1.712942719459533691e-01
2.924627624452114105e-02
2.690431475639343262e-01
3.590356558561325073e-02
5.479075312614440918e-01
1.693527847528457642e-01
8.634924143552780151e-02
4.077407717704772949e-02
6.936020404100418091e-02
7.727748155593872070e-01
2.941295877099037170e-02
3.664647042751312256e-01
2.301676571369171143e-02
7.969779372215270996e-01
7.446222752332687378e-02
2.309489995241165161e-02
1.810355335474014282e-01
6.225769519805908203e-01
5.250506401062011719e-01
2.302700281143188477e-02
2.525216713547706604e-02
4.582951962947845459e-01
2.987538576126098633e-01
7.643926888704299927e-02
2.918892912566661835e-02
1.979574263095855713e-01
2.657697200775146484e-01
7.968991994857788086e-02
4.563523083925247192e-02
2.321649938821792603e-01
1.953020691871643066e-02
1.026502624154090881e-01
6.430369019508361816e-01
3.710121512413024902e-01
8.041347563266754150e-02
8.281994462013244629e-01
3.225205838680267334e-01
4.021930396556854248e-01
3.170368820428848267e-02
6.170791387557983398e-01
6.598964929580688477e-01
1.554114557802677155e-02
7.336485385894775391e-01
7.927312850952148438e-01
5.145055651664733887e-01
4.974229261279106140e-03
3.345096409320831299e-01
2.849152386188507080e-01
1.687235236167907715e-01
5.068129301071166992e-01
8.309674263000488281e-02
7.065118104219436646e-02
2.465442270040512085e-01
8.589795976877212524e-02
3.159799054265022278e-02
2.535375058650970459e-01
1.345008611679077148e-02
3.989675045013427734e-01
7.510910928249359131e-02
8.330774903297424316e-01
5.605699419975280762e-01
3.123072981834411621e-01
3.000563979148864746e-01
3.449857234954833984e-01
1.027065515518188477e-01
5.097180232405662537e-02
8.370230197906494141e-01
9.110490232706069946e-02
6.474508047103881836e-01
8.408908843994140625e-01
2.085965424776077271e-01
2.398436143994331360e-02
3.436182439327239990e-01
3.942096233367919922e-02
8.321181535720825195e-01
5.510654300451278687e-02
1.194274201989173889e-01
1.985630989074707031e-01
7.410989403724670410e-01
2.287149578332901001e-01
5.978297591209411621e-01
1.083440482616424561e-01
1.341764926910400391e-01
3.636916577816009521e-01
1.176962852478027344e-01
1.268292814493179321e-01
1.863267272710800171e-01
3.189982771873474121e-01
7.003459334373474121e-02
3.932218253612518311e-01
7.081377506256103516e-01
2.384820766746997833e-02
4.598731100559234619e-01
8.176922798156738281e-01
3.054195083677768707e-02
5.910581946372985840e-01
7.039143145084381104e-02
1.872057467699050903e-01
1.865033656358718872e-01
6.048898771405220032e-02
7.195420265197753906e-01
3.764271438121795654e-01
1.622624397277832031e-01
7.154263257980346680e-01
7.710692286491394043e-01
8.567404747009277344e-01
8.434962630271911621e-01
1.412032172083854675e-02
4.040451049804687500e-01
2.957760989665985107e-01
3.946655988693237305e-01
8.164359331130981445e-01
1.366814970970153809e-01
3.053003549575805664e-01
2.024483233690261841e-01
2.846419252455234528e-02
7.560538649559020996e-01
1.003825664520263672e-02
7.598879933357238770e-02
5.953453779220581055e-01
2.304603345692157745e-02
8.460514992475509644e-02
2.692935466766357422e-01
4.921025335788726807e-01
8.437364101409912109e-01
1.253551989793777466e-02
2.362929098308086395e-02
3.609754517674446106e-02
8.089526891708374023e-01
7.999259233474731445e-01
1.022078376263380051e-02
8.299517035484313965e-01
3.749993443489074707e-02
5.297533869743347168e-01
1.922101229429244995e-01
7.527760267257690430e-01
2.076388597488403320e-01
2.482703700661659241e-02
2.342074364423751831e-01
7.465447187423706055e-01
2.751925587654113770e-02
1.427713595330715179e-02
6.437289118766784668e-01
1.983596011996269226e-02
4.723175242543220520e-02
3.689174950122833252e-01
4.621927440166473389e-01
3.059964813292026520e-02
6.494736671447753906e-01
3.663371503353118896e-01
1.465406119823455811e-01
1.958540081977844238e-02
2.281351983547210693e-01
8.176851272583007812e-01
7.062603831291198730e-01
7.778733372688293457e-01
2.799089550971984863e-01
4.920926988124847412e-01
1.340348124504089355e-01
1.666012853384017944e-01
4.055922850966453552e-02
3.746830672025680542e-02
5.016919597983360291e-02
5.706011652946472168e-01
7.889019846916198730e-01
7.382196187973022461e-01
2.707139961421489716e-02
4.126735329627990723e-01
6.979263573884963989e-02
2.825356721878051758e-01
7.915195226669311523e-01
3.933538794517517090e-01
3.858206421136856079e-02
2.812095545232295990e-02
3.163297846913337708e-02
9.722725488245487213e-03
1.394984722137451172e-01
7.330171465873718262e-01
2.545357048511505127e-01
1.231380458921194077e-02
3.842051327228546143e-02
3.358857333660125732e-01
7.057274580001831055e-01
3.755817562341690063e-02
2.647066116333007812e-01
4.997216761112213135e-01
7.914308905601501465e-01
9.358659386634826660e-02
4.320143163204193115e-02
1.452898532152175903e-01
5.505867600440979004e-01
4.458066523075103760e-01
6.850801408290863037e-03
5.411137342453002930e-01
7.818989753723144531e-01
6.747463345527648926e-01
4.362380504608154297e-01
9.656476229429244995e-02
3.113900870084762573e-02
6.538206934928894043e-01
3.651194572448730469e-01
1.498667448759078979e-01
4.305098652839660645e-01
5.635324120521545410e-01
9.011097252368927002e-02
2.085090056061744690e-02
1.220721751451492310e-02
3.487344682216644287e-01
1.551226824522018433e-01
1.043016277253627777e-02
1.909683346748352051e-01
7.965355515480041504e-01
1.973985433578491211e-01
4.702547788619995117e-01
3.390375375747680664e-01
1.766714751720428467e-01
5.999890342354774475e-02
3.016796335577964783e-02
6.964973211288452148e-01
7.795490622520446777e-01
9.957617148756980896e-03
8.387918472290039062e-01
8.602880835533142090e-01
6.079778075218200684e-01
2.753306031227111816e-01
6.935086250305175781e-01
3.194312751293182373e-02
4.459886550903320312e-01
8.079513907432556152e-01
5.665634870529174805e-01
7.381708025932312012e-01
3.206470236182212830e-02
3.443374484777450562e-02
1.858217269182205200e-01
7.001646161079406738e-01
3.586313426494598389e-01
3.195101022720336914e-01
6.787407994270324707e-01
7.606731653213500977e-01
2.862570881843566895e-01
1.015281006693840027e-01
6.744579076766967773e-01
1.493345201015472412e-01
4.039727747440338135e-01
7.115237712860107422e-01
4.504876434803009033e-01
1.225730311125516891e-02
6.472440958023071289e-01
2.840520255267620087e-02
2.565389871597290039e-01
8.022227287292480469e-01
2.044629119336605072e-02
3.425194323062896729e-02
4.112967476248741150e-02
2.865483760833740234e-01
8.259163498878479004e-01
3.810095489025115967e-01
8.412848114967346191e-01
2.248875238001346588e-02
9.377313777804374695e-03
1.322799269109964371e-02
7.696040272712707520e-01
1.422228664159774780e-01
4.582833945751190186e-01
3.739179372787475586e-01
2.628627121448516846e-01
6.346458941698074341e-02
2.866484224796295166e-02
5.147402286529541016e-01
7.993657588958740234e-01
1.225009374320507050e-02
5.913760513067245483e-02
8.125006556510925293e-01
1.411191523075103760e-01
2.728813886642456055e-02
3.200050890445709229e-01
3.329338505864143372e-02
3.051068484783172607e-01
2.952590882778167725e-01
3.071070313453674316e-01
3.444827347993850708e-02
1.442389488220214844e-01
1.406598836183547974e-02
8.108735084533691406e-02
5.388411879539489746e-01
6.098114848136901855e-01
1.160974055528640747e-01
2.926537953317165375e-02
4.823969304561614990e-02
4.256486520171165466e-02
2.421575784683227539e-01
8.616640418767929077e-02
1.178327277302742004e-01
2.661779895424842834e-02
2.177115976810455322e-01
8.815145492553710938e-01
4.246531054377555847e-02
1.215677112340927124e-01
1.494006812572479248e-01
5.718761682510375977e-01
1.051024496555328369e-01
1.285576224327087402e-01
3.174756169319152832e-01
8.530266880989074707e-01
6.364980340003967285e-02
4.371491968631744385e-01
2.299836650490760803e-02
3.255178406834602356e-02
1.542286667972803116e-02
5.641559362411499023e-01
2.538588643074035645e-01
2.728902101516723633e-01
8.356192111968994141e-01
4.869835972785949707e-01
6.143734455108642578e-01
2.126517146825790405e-01
7.835406810045242310e-02
6.550424695014953613e-01
7.126561552286148071e-02
1.100636832416057587e-02
8.528580069541931152e-01
5.788560509681701660e-01
8.020631074905395508e-01
7.378916740417480469e-01
4.923834279179573059e-02
3.550454676151275635e-01
1.924722641706466675e-01
1.105128899216651917e-01
5.435827970504760742e-01
3.608535230159759521e-02
4.103484004735946655e-02
6.510891914367675781e-01
2.074640095233917236e-01
8.140130639076232910e-01
5.267163515090942383e-01
6.008847355842590332e-01
3.952735289931297302e-02
6.681343913078308105e-01
7.774069905281066895e-01
7.214591652154922485e-02
7.952529191970825195e-01
4.052659571170806885e-01
4.648005068302154541e-01
2.811626531183719635e-02
7.391065955162048340e-01
5.796798467636108398e-01
2.030949294567108154e-02
8.406848907470703125e-01
3.194846808910369873e-01
8.133027553558349609e-01
3.322150930762290955e-02
3.661338984966278076e-01
3.541688919067382812e-01
5.060267448425292969e-01
5.085067749023437500e-01
8.286131024360656738e-01
1.404810547828674316e-01
3.968849778175354004e-01
1.079958397895097733e-02
7.823621034622192383e-01
2.279703132808208466e-02
1.097576692700386047e-02
7.403744459152221680e-01
7.122659087181091309e-01
2.023454159498214722e-01
2.134653739631175995e-02
5.505421757698059082e-01
4.858243167400360107e-01
6.921696662902832031e-01
1.155252456665039062e-01
7.713733911514282227e-01
1.338664349168539047e-02
4.576251804828643799e-01
2.240087278187274933e-02
3.954883217811584473e-01
3.154667094349861145e-02
1.718625128269195557e-01
4.393423497676849365e-01
1.194603890180587769e-01
3.303957283496856689e-01
7.603605836629867554e-02
6.940701603889465332e-01
8.005096912384033203e-01
1.865073144435882568e-01
5.669944882392883301e-01
2.440407872200012207e-02
5.072852969169616699e-01
7.877026796340942383e-01
7.382948398590087891e-01
1.838588267564773560e-01
2.659494280815124512e-01
4.523642733693122864e-02
7.530014961957931519e-02
4.857110232114791870e-02
1.285993605852127075e-01
8.578205108642578125e-01
1.288190633058547974e-01
6.941943764686584473e-01
6.250350177288055420e-02
6.507472991943359375e-01
1.404994279146194458e-01
2.512156367301940918e-01
3.537253290414810181e-02
5.344055965542793274e-02
1.729106307029724121e-01
8.024437427520751953e-01
6.487717628479003906e-01
1.905884444713592529e-01
4.481710121035575867e-02
6.225900053977966309e-01
8.447520732879638672e-01
6.726673245429992676e-01
4.840094596147537231e-02
1.932570636272430420e-01
5.768816471099853516e-01
7.506104707717895508e-01
8.015140891075134277e-01
4.142009839415550232e-02
8.184337615966796875e-01
8.309022784233093262e-01
6.107100248336791992e-01
8.415105342864990234e-01
4.911494255065917969e-01
1.227600406855344772e-02
4.949866533279418945e-01
3.409897387027740479e-01
6.987115144729614258e-01
1.160886287689208984e-01
7.235571742057800293e-01
7.061763405799865723e-01
8.845058828592300415e-02
5.921891331672668457e-01
6.095364093780517578e-01
7.706317901611328125e-01
1.644149608910083771e-02
2.088078409433364868e-01
7.027058601379394531e-01
7.227078080177307129e-01
4.569191038608551025e-01
1.059485301375389099e-01
3.685471713542938232e-01
7.787811756134033203e-01
6.443734169006347656e-01
4.350530356168746948e-02
9.209268540143966675e-02
1.083440482616424561e-01
6.847781594842672348e-03
2.608103752136230469e-01
6.687189638614654541e-02
5.434713363647460938e-01
1.181546524167060852e-01
1.228098943829536438e-02
6.087638735771179199e-01
3.551260828971862793e-01
3.316104412078857422e-02
4.563672244548797607e-01
4.884319379925727844e-02
6.790571212768554688e-01
6.564238667488098145e-01
3.912279382348060608e-02
2.035009264945983887e-01
1.098149828612804413e-02
2.766533195972442627e-01
1.213477104902267456e-01
7.335799932479858398e-02
2.582979016005992889e-02
3.935858979821205139e-02
3.529446125030517578e-01
6.630383431911468506e-02
2.880796976387500763e-02
1.251935213804244995e-01
2.232822328805923462e-01
5.082088708877563477e-01
3.806183040142059326e-01
3.851641714572906494e-02
3.083626925945281982e-02
4.716839194297790527e-01
3.773425817489624023e-01
3.961979970335960388e-02
8.569293022155761719e-01
5.215250849723815918e-01
3.372093141078948975e-01
2.754774093627929688e-01
2.030273526906967163e-01
3.418448939919471741e-02
3.522543236613273621e-02
5.669828653335571289e-01
8.902882784605026245e-02
5.351015329360961914e-01
6.845687031745910645e-01
6.273883581161499023e-01
4.976169764995574951e-02
5.891280770301818848e-01
3.655700385570526123e-02
3.434398174285888672e-01
4.531038105487823486e-01
2.514194250106811523e-01
4.987224936485290527e-01
2.606096565723419189e-01
8.327297568321228027e-01
2.163685858249664307e-02
3.812002241611480713e-01
8.339989781379699707e-01
3.461848199367523193e-01
5.201274752616882324e-01
7.425515651702880859e-01
5.702289342880249023e-01
7.187923789024353027e-02
8.112136125564575195e-01
4.590300023555755615e-01
1.092563122510910034e-01
7.665068507194519043e-01
1.311929374933242798e-01
6.285415887832641602e-01
7.756512165069580078e-01
1.961928419768810272e-02
1.093549653887748718e-02
5.550970435142517090e-01
2.397357821464538574e-01
3.175488114356994629e-02
4.740756154060363770e-01
8.574234843254089355e-01
4.148522764444351196e-02
2.012615464627742767e-02
3.482985869050025940e-02
2.935411594808101654e-02
1.839430183172225952e-01
2.328105643391609192e-02
7.457071542739868164e-02
2.051200903952121735e-02
3.710807263851165771e-01
4.161179363727569580e-01
7.196781039237976074e-01
4.462332129478454590e-01
7.519288063049316406e-01
5.871426686644554138e-02
7.418107241392135620e-02
3.536606132984161377e-01
5.910927057266235352e-01
4.033881425857543945e-02
3.328381180763244629e-01
4.190998971462249756e-01
1.560209132730960846e-02
8.490834236145019531e-01
4.154454916715621948e-02
5.821561813354492188e-02
1.251291017979383469e-02
3.943688869476318359e-01
2.370477318763732910e-01
7.873176932334899902e-01
9.049403667449951172e-02
2.092096209526062012e-01
3.430259227752685547e-02
2.538620233535766602e-01
1.233944892883300781e-01
2.171761542558670044e-02
3.792725205421447754e-01
2.522288262844085693e-01
1.361121609807014465e-02
1.059251129627227783e-01
6.695500761270523071e-02
3.453038036823272705e-01
9.402675181627273560e-02
8.219109177589416504e-01
8.404176831245422363e-01
9.583501517772674561e-02
