2.962238714098930359e-02
9.213961362838745117e-01
1.194881871342658997e-01
8.872600197792053223e-01
1.928740441799163818e-01
1.012055873870849609e-01
6.192368865013122559e-01
2.663255035877227783e-01
9.116505384445190430e-01
8.748106658458709717e-02
2.631467878818511963e-01
1.902320981025695801e-01
8.772950768470764160e-01
5.655751228332519531e-01
1.413463950157165527e-01
2.662013173103332520e-01
3.154484331607818604e-01
6.145450472831726074e-01
9.118935465812683105e-01
4.249577522277832031e-01
6.352075338363647461e-01
8.381640911102294922e-01
7.932622730731964111e-02
1.281896680593490601e-01
2.031853348016738892e-01
6.059223413467407227e-02
8.824442028999328613e-01
2.335036695003509521e-01
3.162418901920318604e-01
3.619959056377410889e-01
2.314820885658264160e-01
2.186346612870693207e-02
8.665002584457397461e-01
1.064664348959922791e-01
1.760124415159225464e-01
1.813136041164398193e-01
2.783758044242858887e-01
2.595449388027191162e-01
4.327229559421539307e-01
9.130076169967651367e-01
2.317145019769668579e-01
1.255532652139663696e-01
7.239433377981185913e-02
7.139314711093902588e-02
9.631734341382980347e-02
1.987344771623611450e-01
2.344943135976791382e-01
7.672391533851623535e-01
2.773713879287242889e-02
8.602541089057922363e-01
1.395499855279922485e-01
4.153946414589881897e-02
2.374547570943832397e-01
3.345848917961120605e-01
2.174587547779083252e-01
1.082999259233474731e-01
8.900988698005676270e-01
8.858255296945571899e-02
5.154979228973388672e-02
2.258482128381729126e-01
3.842262923717498779e-01
1.412514597177505493e-01
7.266024500131607056e-02
8.282049745321273804e-02
5.418517440557479858e-02
1.813463717699050903e-01
7.463657110929489136e-02
9.088558703660964966e-02
4.365189969539642334e-01
2.968562245368957520e-01
4.096936807036399841e-02
8.029345870018005371e-01
4.271713793277740479e-01
1.162524297833442688e-01
3.093992471694946289e-01
8.360315859317779541e-02
5.807001143693923950e-02
2.378306724131107330e-02
1.225601658225059509e-01
8.081996440887451172e-02
8.941109776496887207e-01
8.303864598274230957e-01
8.765779137611389160e-01
4.356652796268463135e-01
9.027754068374633789e-01
5.465977191925048828e-01
1.153401881456375122e-01
1.212520003318786621e-01
4.114438593387603760e-01
2.441750615835189819e-01
4.957340955734252930e-01
7.543987035751342773e-02
6.037881970405578613e-02
5.940620899200439453e-01
5.199137926101684570e-01
7.529538273811340332e-01
4.937312901020050049e-01
8.278986811637878418e-01
1.255713850259780884e-01
1.412634253501892090e-01
4.443714618682861328e-01
1.892766803503036499e-01
4.403432309627532959e-01
1.534727662801742554e-01
3.061813712120056152e-01
1.129103451967239380e-01
1.317710280418395996e-01
7.613582611083984375e-01
6.093040108680725098e-01
2.609127759933471680e-01
2.762906551361083984e-01
5.756427720189094543e-02
7.876076549291610718e-02
9.164476990699768066e-01
2.681293487548828125e-01
9.246092289686203003e-02
8.735402822494506836e-01
8.217646181583404541e-02
1.782989650964736938e-01
7.657626867294311523e-01
1.973397284746170044e-02
1.141066253185272217e-01
1.198667362332344055e-01
7.416821718215942383e-01
7.934139966964721680e-01
6.349917501211166382e-02
8.136244118213653564e-02
2.736247181892395020e-01
7.069732993841171265e-02
1.244751587510108948e-01
9.020747542381286621e-01
7.660351693630218506e-02
8.967793583869934082e-01
3.986581861972808838e-01
4.655386507511138916e-01
4.715477824211120605e-01
9.149592518806457520e-01
2.829580605030059814e-01
4.508653581142425537e-01
7.301721721887588501e-02
8.971385359764099121e-01
7.992366552352905273e-01
6.151314973831176758e-01
3.500404953956604004e-01
2.781537771224975586e-01
6.966186314821243286e-02
7.527319788932800293e-01
6.878228783607482910e-01
7.043013572692871094e-01
1.953672170639038086e-01
4.739369824528694153e-02
1.919265836477279663e-01
7.767231017351150513e-02
2.714256048202514648e-01
1.664765626192092896e-01
1.662812829017639160e-01
2.573518455028533936e-01
1.690846532583236694e-01
2.155337035655975342e-01
8.048698306083679199e-01
3.330891728401184082e-01
7.579183578491210938e-01
1.076381281018257141e-01
2.505922019481658936e-01
7.558846473693847656e-01
4.954081773757934570e-01
2.714125216007232666e-01
2.680262923240661621e-01
9.545642137527465820e-02
3.488767445087432861e-01
8.721710741519927979e-02
6.024676933884620667e-02
4.782423973083496094e-01
8.105200529098510742e-01
1.365545839071273804e-01
8.937972187995910645e-01
1.858220398426055908e-01
7.524397969245910645e-02
9.052328467369079590e-01
1.458036303520202637e-01
1.780897974967956543e-01
6.781916320323944092e-02
1.557105779647827148e-01
1.769408434629440308e-01
1.652173101902008057e-01
1.335619539022445679e-01
2.396120727062225342e-01
6.367598176002502441e-01
3.319728076457977295e-01
6.508798003196716309e-01
5.290707945823669434e-02
7.618167996406555176e-01
1.367850899696350098e-01
7.738483548164367676e-01
2.376503050327301025e-01
4.949899315834045410e-01
5.102596431970596313e-02
2.357731312513351440e-01
6.885998845100402832e-01
4.010060802102088928e-02
3.679220378398895264e-02
1.508528590202331543e-01
8.800578713417053223e-01
1.718021929264068604e-01
6.537436246871948242e-01
9.044058918952941895e-01
3.695376515388488770e-01
1.694090217351913452e-01
9.287047386169433594e-01
1.690542250871658325e-01
2.930422425270080566e-01
7.641708850860595703e-02
2.423855513334274292e-01
6.348339319229125977e-01
2.691722512245178223e-01
4.109014570713043213e-02
7.861605286598205566e-01
4.895246624946594238e-01
8.288436532020568848e-01
9.912220388650894165e-02
9.020591378211975098e-01
9.307079911231994629e-01
3.421618938446044922e-01
1.822410225868225098e-01
1.529552787542343140e-01
1.129027828574180603e-01
7.392021417617797852e-01
8.549025058746337891e-01
1.469389349222183228e-01
4.269697368144989014e-01
6.210696101188659668e-01
9.096659421920776367e-01
1.466829627752304077e-01
8.803534507751464844e-01
8.821173906326293945e-01
2.860925495624542236e-01
6.252889633178710938e-01
9.032264351844787598e-01
1.210233122110366821e-01
2.355372458696365356e-01
8.971254229545593262e-01
1.264337748289108276e-01
7.827964425086975098e-01
1.373048275709152222e-01
2.661203145980834961e-01
3.184080123901367188e-01
8.337355405092239380e-02
9.205012321472167969e-01
1.057686060667037964e-01
6.759848594665527344e-01
1.772891283035278320e-01
1.420489549636840820e-01
1.552968174219131470e-01
9.644180536270141602e-02
1.418233513832092285e-01
1.594939529895782471e-01
3.361867368221282959e-01
8.932287693023681641e-01
1.566546708345413208e-01
8.741970062255859375e-01
1.222691386938095093e-01
5.491276979446411133e-01
4.060742259025573730e-01
4.784235730767250061e-02
2.549666166305541992e-01
4.129002094268798828e-01
1.281842589378356934e-01
2.323230654001235962e-01
1.159138306975364685e-01
7.270987629890441895e-01
9.027051925659179688e-01
6.912158727645874023e-01
2.517834901809692383e-01
2.253126502037048340e-01
8.964819312095642090e-01
1.453381627798080444e-01
7.696141600608825684e-01
9.113742411136627197e-02
8.062350749969482422e-01
1.581304520368576050e-01
2.120197713375091553e-01
8.898718953132629395e-01
2.529912292957305908e-01
3.636500239372253418e-01
5.939776301383972168e-01
3.210801482200622559e-01
8.465661108493804932e-02
2.049410641193389893e-01
3.723410964012145996e-01
2.161459028720855713e-01
1.504261493682861328e-01
5.996425151824951172e-01
7.290924191474914551e-01
3.621951937675476074e-01
1.694545447826385498e-01
3.956004604697227478e-02
1.190984621644020081e-01
8.568304777145385742e-01
2.584619522094726562e-01
6.633171439170837402e-02
9.025629758834838867e-01
4.505540430545806885e-01
3.154636323451995850e-01
1.264241188764572144e-01
1.304317116737365723e-01
5.129329487681388855e-02
1.495521217584609985e-01
7.562386989593505859e-01
8.898000717163085938e-01
6.970099806785583496e-01
4.568533599376678467e-01
1.481552124023437500e-01
1.109794750809669495e-01
1.343847513198852539e-01
3.687679469585418701e-01
3.858943283557891846e-01
9.063521027565002441e-01
7.525433301925659180e-01
1.889630705118179321e-01
1.824856102466583252e-01
6.975066661834716797e-01
2.243048399686813354e-01
2.309928536415100098e-01
9.114242196083068848e-01
1.873383224010467529e-01
4.522992074489593506e-01
1.963704526424407959e-01
4.892564937472343445e-02
7.681217789649963379e-02
8.537872880697250366e-02
5.262960121035575867e-02
1.337639987468719482e-01
3.788723349571228027e-01
1.356353610754013062e-01
2.999040484428405762e-01
9.018372893333435059e-01
2.745073139667510986e-01
3.809420019388198853e-02
1.725914478302001953e-01
2.794345915317535400e-01
1.165540963411331177e-01
3.784772753715515137e-01
7.822752594947814941e-01
3.892312645912170410e-01
8.195611834526062012e-01
2.554626390337944031e-02
1.836637407541275024e-01
3.502621054649353027e-01
1.978793740272521973e-01
7.541191577911376953e-01
8.548281341791152954e-02
2.956996113061904907e-02
7.696349173784255981e-02
1.440720409154891968e-01
4.496089220046997070e-01
1.014092564582824707e-01
6.544724106788635254e-01
1.034973859786987305e-01
1.427936553955078125e-01
1.583377420902252197e-01
1.585500836372375488e-01
4.349732995033264160e-01
1.678376197814941406e-01
1.162765398621559143e-01
6.747972965240478516e-01
2.904323637485504150e-01
4.235206842422485352e-01
9.158892631530761719e-01
2.938594222068786621e-01
1.261665821075439453e-01
4.176896512508392334e-01
1.325787454843521118e-01
1.858003735542297363e-01
1.424269229173660278e-01
7.231686264276504517e-02
8.420029282569885254e-02
2.250094115734100342e-01
1.428144872188568115e-01
8.661588430404663086e-01
1.258930116891860962e-01
7.503969967365264893e-02
5.288051441311836243e-02
8.629742264747619629e-01
5.674452781677246094e-01
1.986895203590393066e-01
1.445399373769760132e-01
3.819203376770019531e-01
1.895234882831573486e-01
1.951487362384796143e-01
6.241443753242492676e-01
2.717004343867301941e-02
8.096815645694732666e-02
8.876801282167434692e-02
1.172441095113754272e-01
1.624756008386611938e-01
1.129437237977981567e-01
7.839153409004211426e-01
3.284401595592498779e-01
8.957895636558532715e-01
1.932429969310760498e-01
3.075769543647766113e-01
7.146504521369934082e-02
8.945090174674987793e-01
7.350023388862609863e-01
8.234766125679016113e-01
8.458731174468994141e-01
4.374601542949676514e-01
5.609160065650939941e-01
2.585895061492919922e-01
2.446624189615249634e-01
9.547531604766845703e-02
3.884237632155418396e-02
2.432954460382461548e-01
3.824379742145538330e-01
7.875503897666931152e-01
4.787271097302436829e-02
4.003248810768127441e-01
1.411060541868209839e-01
8.054342120885848999e-02
8.144792914390563965e-02
6.987581402063369751e-02
5.316157341003417969e-01
5.679041743278503418e-01
3.349651023745536804e-02
9.774096310138702393e-02
4.446100890636444092e-01
5.407990142703056335e-02
1.637366861104965210e-01
1.550806164741516113e-01
1.576197892427444458e-01
1.645372062921524048e-01
1.555446088314056396e-01
8.800527453422546387e-01
4.736715853214263916e-01
1.755222976207733154e-01
1.191758364439010620e-01
4.000194072723388672e-01
7.662954181432723999e-02
7.281245589256286621e-01
4.730721414089202881e-01
1.855210363864898682e-01
1.134782806038856506e-01
8.753254264593124390e-02
6.708101034164428711e-01
6.507503241300582886e-02
2.270181328058242798e-01
6.806641072034835815e-02
8.428351283073425293e-01
9.367515146732330322e-02
4.120614379644393921e-02
3.249243199825286865e-01
7.547600269317626953e-01
5.621033906936645508e-01
6.273008137941360474e-02
6.539192050695419312e-02
5.151525735855102539e-01
3.169028162956237793e-01
1.416595876216888428e-01
8.645445853471755981e-02
2.171739339828491211e-01
3.897708952426910400e-01
1.916425973176956177e-01
1.012953892350196838e-01
1.887524574995040894e-01
7.317828387022018433e-02
2.743442654609680176e-01
9.265981316566467285e-01
3.510955572128295898e-01
1.113594472408294678e-01
9.308293461799621582e-01
2.681348323822021484e-01
4.784663617610931396e-01
9.536428004503250122e-02
7.324954867362976074e-01
5.489102602005004883e-01
5.995709821581840515e-02
8.857882022857666016e-01
8.653666377067565918e-01
3.504171371459960938e-01
1.391914393752813339e-02
3.287240862846374512e-01
2.847176194190979004e-01
1.846468150615692139e-01
4.604982435703277588e-01
9.183377772569656372e-02
1.286757886409759521e-01
2.044556140899658203e-01
1.310259252786636353e-01
9.265738725662231445e-02
3.878527581691741943e-01
4.410541430115699768e-02
3.282366394996643066e-01
1.176896542310714722e-01
8.835531473159790039e-01
4.727609455585479736e-01
4.152925014495849609e-01
2.875867784023284912e-01
3.589674532413482666e-01
1.789159029722213745e-01
1.068401560187339783e-01
9.052240252494812012e-01
1.685782223939895630e-01
6.519584059715270996e-01
9.133223295211791992e-01
3.794932961463928223e-01
5.964875593781471252e-02
6.321966052055358887e-01
1.656362116336822510e-01
8.841296434402465820e-01
1.101400926709175110e-01
1.434330493211746216e-01
3.024413287639617920e-01
8.826676607131958008e-01
2.767704427242279053e-01
8.592390418052673340e-01
1.261665821075439453e-01
2.664797008037567139e-01
4.856367707252502441e-01
1.573758721351623535e-01
1.830283403396606445e-01
1.496698558330535889e-01
4.293197393417358398e-01
1.026279255747795105e-01
3.621563315391540527e-01
7.297865748405456543e-01
1.265195906162261963e-01
2.836590111255645752e-01
8.957171440124511719e-01
9.710679203271865845e-02
6.719651222229003906e-01
1.557618677616119385e-01
2.180655449628829956e-01
2.246529608964920044e-01
8.970463275909423828e-02
8.439211845397949219e-01
6.119260787963867188e-01
1.684148460626602173e-01
6.824908852577209473e-01
9.129449129104614258e-01
9.227012991905212402e-01
9.199826717376708984e-01
3.749657049775123596e-02
2.743674218654632568e-01
2.330990433692932129e-01
3.655241429805755615e-01
9.022157192230224609e-01
2.537925839424133301e-01
2.534607350826263428e-01
2.206428050994873047e-01
1.045284643769264221e-01
8.081838488578796387e-01
2.125517837703227997e-02
1.866163611412048340e-01
7.528482675552368164e-01
7.059802114963531494e-02
1.666748672723770142e-01
3.571815788745880127e-01
3.281936347484588623e-01
9.102073311805725098e-01
2.784467302262783051e-02
6.006944179534912109e-02
1.120317876338958740e-01
8.851685523986816406e-01
8.720155954360961914e-01
2.401352860033512115e-02
8.967610001564025879e-01
6.545339524745941162e-02
7.314032912254333496e-01
2.053326964378356934e-01
8.144729733467102051e-01
2.870512306690216064e-01
8.691822737455368042e-02
1.985563933849334717e-01
7.140070199966430664e-01
6.054102629423141479e-02
3.438411653041839600e-02
7.394863367080688477e-01
4.532529413700103760e-02
1.746830195188522339e-01
4.821425378322601318e-01
4.342643022537231445e-01
4.853358492255210876e-02
6.005280613899230957e-01
3.162751495838165283e-01
2.816180288791656494e-01
5.386844649910926819e-02
2.302240431308746338e-01
8.626226186752319336e-01
8.178901076316833496e-01
8.850704431533813477e-01
2.595141828060150146e-01
5.913158059120178223e-01
2.496781945228576660e-01
2.150879502296447754e-01
8.649381995201110840e-02
9.534911066293716431e-02
5.992089584469795227e-02
8.126040697097778320e-01
8.259253501892089844e-01
7.987890839576721191e-01
1.051129847764968872e-01
3.746156394481658936e-01
1.168866083025932312e-01
1.630096584558486938e-01
8.110817074775695801e-01
3.599497079849243164e-01
1.351710557937622070e-01
1.004336550831794739e-01
7.409375905990600586e-02
2.770489268004894257e-02
2.165231257677078247e-01
8.652060031890869141e-01
2.982158660888671875e-01
3.655930235981941223e-02
1.483265757560729980e-01
4.764975607395172119e-01
7.191216945648193359e-01
9.230007231235504150e-02
3.378728330135345459e-01
5.568360686302185059e-01
8.939459323883056641e-01
1.793294399976730347e-01
9.805772453546524048e-02
1.687310636043548584e-01
4.801988899707794189e-01
5.567208528518676758e-01
2.176505886018276215e-02
6.094400286674499512e-01
9.024178981781005859e-01
9.083711504936218262e-01
5.324511528015136719e-01
1.556300371885299683e-01
8.240260928869247437e-02
6.167262196540832520e-01
5.269092917442321777e-01
2.999447286128997803e-01
4.006622433662414551e-01
5.233902335166931152e-01
1.349854022264480591e-01
6.517853587865829468e-02
4.384438693523406982e-02
3.150928616523742676e-01
2.009587436914443970e-01
3.462397679686546326e-02
2.448385059833526611e-01
8.830729722976684570e-01
1.826579123735427856e-01
7.163943052291870117e-01
3.014916777610778809e-01
2.421105653047561646e-01
1.473223567008972168e-01
9.148611128330230713e-02
8.243248462677001953e-01
9.097456336021423340e-01
3.383811935782432556e-02
9.194865226745605469e-01
8.800559639930725098e-01
7.980774641036987305e-01
2.964811027050018311e-01
7.928627133369445801e-01
9.973864257335662842e-02
3.926407694816589355e-01
8.163359761238098145e-01
7.350222468376159668e-01
7.473016977310180664e-01
1.062373444437980652e-01
1.794246435165405273e-01
3.191379606723785400e-01
7.601137161254882812e-01
2.419591099023818970e-01
3.956871628761291504e-01
6.756655573844909668e-01
7.118791937828063965e-01
3.248849809169769287e-01
2.435715198516845703e-01
7.258867025375366211e-01
2.183241844177246094e-01
3.529027998447418213e-01
8.330008983612060547e-01
4.676686525344848633e-01
4.277855157852172852e-02
2.526776492595672607e-01
8.204947412014007568e-02
2.944784164428710938e-01
8.923763632774353027e-01
8.638158440589904785e-02
1.030586510896682739e-01
1.115739941596984863e-01
2.458017468452453613e-01
9.269719123840332031e-01
4.936112463474273682e-01
9.069153666496276855e-01
6.617037951946258545e-02
2.045426703989505768e-02
4.223599284887313843e-02
8.769821524620056152e-01
2.838444709777832031e-01
6.660367846488952637e-01
3.361710906028747559e-01
2.257840782403945923e-01
9.156617522239685059e-02
7.857085764408111572e-02
4.606863260269165039e-01
8.923512697219848633e-01
3.715724870562553406e-02
1.085595041513442993e-01
8.930172324180603027e-01
1.787771582603454590e-01
4.997716099023818970e-02
2.590177059173583984e-01
7.925312966108322144e-02
2.796761691570281982e-01
3.082500696182250977e-01
3.533740043640136719e-01
6.047599762678146362e-02
1.811046004295349121e-01
1.337527185678482056e-01
3.423314392566680908e-01
6.799313426017761230e-01
5.135468840599060059e-01
3.010369241237640381e-01
9.096877276897430420e-02
1.066710501909255981e-01
7.460381090641021729e-02
2.801921963691711426e-01
2.334074079990386963e-01
3.087139725685119629e-01
7.017905265092849731e-02
2.753882408142089844e-01
9.102107882499694824e-01
7.186918705701828003e-02
1.509462147951126099e-01
1.440780162811279297e-01
7.011224627494812012e-01
2.722351551055908203e-01
1.903141438961029053e-01
3.327286541461944580e-01
9.132322669029235840e-01
1.064899414777755737e-01
5.240160226821899414e-01
6.228292360901832581e-02
1.154924705624580383e-01
8.238677680492401123e-02
6.833238601684570312e-01
2.710223495960235596e-01
2.572478353977203369e-01
9.071007966995239258e-01
2.574622035026550293e-01
7.602638602256774902e-01
2.604987919330596924e-01
1.211413219571113586e-01
8.068426251411437988e-01
1.476444303989410400e-01
2.334419637918472290e-02
9.103549122810363770e-01
8.073788285255432129e-01
8.602452874183654785e-01
8.198532462120056152e-01
9.076425433158874512e-02
3.697143197059631348e-01
1.936429291963577271e-01
2.043783962726593018e-01
5.154840946197509766e-01
5.555435642600059509e-02
6.703896820545196533e-02
3.620525896549224854e-01
1.612817347049713135e-01
8.348914980888366699e-01
5.315746068954467773e-01
6.097636222839355469e-01
6.968662142753601074e-02
7.637242078781127930e-01
7.888190746307373047e-01
1.628321260213851929e-01
8.955466747283935547e-01
6.008933186531066895e-01
6.234024167060852051e-01
8.396482467651367188e-02
8.757119178771972656e-01
5.040267109870910645e-01
6.946527957916259766e-02
8.996160030364990234e-01
3.356764614582061768e-01
8.839653134346008301e-01
7.812967896461486816e-02
3.004427254199981689e-01
3.881235718727111816e-01
3.485709428787231445e-01
6.903428435325622559e-01
8.971279859542846680e-01
2.005619406700134277e-01
2.743878662586212158e-01
2.229779399931430817e-02
8.907483220100402832e-01
1.227813735604286194e-01
2.883353084325790405e-02
8.613613843917846680e-01
8.114457726478576660e-01
2.881039381027221680e-01
5.428711324930191040e-02
7.373250126838684082e-01
4.271704852581024170e-01
8.462608456611633301e-01
2.049252539873123169e-01
8.262745141983032227e-01
3.073920123279094696e-02
4.351778626441955566e-01
4.969795048236846924e-02
6.690427660942077637e-01
7.015930861234664917e-02
2.994839251041412354e-01
3.909836113452911377e-01
2.455646693706512451e-01
2.015996575355529785e-01
1.869962960481643677e-01
5.703120827674865723e-01
8.689503073692321777e-01
2.471764236688613892e-01
4.803566336631774902e-01
7.492280006408691406e-02
5.391442775726318359e-01
8.002712130546569824e-01
9.069297909736633301e-01
2.106425166130065918e-01
2.465642839670181274e-01
1.280145198106765747e-01
1.659903526306152344e-01
6.689981371164321899e-02
2.122148573398590088e-01
9.354524612426757812e-01
1.648179590702056885e-01
8.142121434211730957e-01
1.682282090187072754e-01
8.605595231056213379e-01
1.539202183485031128e-01
1.441839486360549927e-01
7.160409539937973022e-02
8.283267170190811157e-02
2.286471873521804810e-01
8.634225130081176758e-01
8.493837118148803711e-01
2.964854240417480469e-01
9.333404898643493652e-02
6.469730734825134277e-01
9.157460927963256836e-01
8.268343210220336914e-01
1.250766664743423462e-01
2.570760846138000488e-01
7.502819299697875977e-01
7.617599964141845703e-01
9.034844040870666504e-01
6.281983107328414917e-02
8.955034613609313965e-01
8.514839410781860352e-01
5.566134452819824219e-01
9.103350043296813965e-01
5.247856974601745605e-01
3.218478709459304810e-02
4.678287804126739502e-01
2.407340258359909058e-01
6.736449003219604492e-01
1.613529175519943237e-01
6.382396221160888672e-01
7.252530455589294434e-01
1.497634947299957275e-01
5.481702685356140137e-01
8.642324209213256836e-01
6.927065849304199219e-01
4.528826475143432617e-02
3.498086333274841309e-01
7.025165557861328125e-01
5.576826333999633789e-01
4.028592407703399658e-01
2.034619599580764771e-01
5.476917624473571777e-01
8.728014230728149414e-01
7.035427093505859375e-01
1.253669708967208862e-01
1.204015612602233887e-01
1.261665821075439453e-01
2.175641991198062897e-02
1.682834476232528687e-01
1.526889055967330933e-01
6.983368992805480957e-01
1.568883508443832397e-01
4.132848605513572693e-02
8.332312107086181641e-01
4.855054616928100586e-01
8.253818005323410034e-02
3.866298794746398926e-01
1.284622400999069214e-01
7.648651599884033203e-01
7.173075079917907715e-01
5.701594427227973938e-02
2.919477820396423340e-01
3.785848245024681091e-02
4.338340461254119873e-01
2.380264401435852051e-01
1.939745545387268066e-01
7.089749723672866821e-02
1.082294210791587830e-01
1.941852420568466187e-01
1.575216054916381836e-01
8.573259413242340088e-02
1.182650774717330933e-01
2.562451362609863281e-01
4.462159276008605957e-01
4.460116326808929443e-01
6.331885606050491333e-02
8.590779453516006470e-02
5.995419025421142578e-01
4.071574509143829346e-01
6.531789898872375488e-02
9.269561171531677246e-01
4.063281416893005371e-01
2.303658872842788696e-01
1.701797395944595337e-01
2.483202666044235229e-01
6.399693340063095093e-02
1.004796698689460754e-01
4.729552268981933594e-01
1.623668968677520752e-01
5.945963263511657715e-01
8.358262777328491211e-01
6.646303534507751465e-01
5.826936662197113037e-02
2.930488884449005127e-01
1.855700761079788208e-01
2.756621539592742920e-01
5.205020308494567871e-01
1.902081668376922607e-01
4.663711786270141602e-01
2.334083914756774902e-01
9.175528883934020996e-01
8.102519810199737549e-02
2.404792755842208862e-01
9.069232940673828125e-01
2.882132828235626221e-01
8.306150436401367188e-01
7.692792415618896484e-01
6.116345524787902832e-01
1.375040560960769653e-01
8.638945817947387695e-01
7.358844876289367676e-01
2.880945801734924316e-01
8.936373591423034668e-01
1.268342733383178711e-01
7.332751154899597168e-01
7.935695052146911621e-01
6.037239357829093933e-02
2.158011123538017273e-02
5.749768018722534180e-01
2.303994446992874146e-01
5.462644249200820923e-02
2.787465155124664307e-01
9.183262586593627930e-01
1.090290397405624390e-01
4.781524464488029480e-02
1.544792056083679199e-01
5.228891223669052124e-02
2.114277034997940063e-01
6.550477445125579834e-02
1.605222523212432861e-01
5.213871970772743225e-02
3.486859798431396484e-01
2.538371980190277100e-01
8.649907708168029785e-01
7.590581178665161133e-01
8.896536231040954590e-01
2.022677361965179443e-01
1.211744695901870728e-01
4.692672491073608398e-01
7.270904183387756348e-01
7.664838433265686035e-02
3.026973605155944824e-01
5.327431559562683105e-01
3.766534477472305298e-02
9.143815040588378906e-01
3.528698980808258057e-01
1.632505059242248535e-01
6.218577176332473755e-02
3.554844856262207031e-01
2.141476720571517944e-01
8.265411853790283203e-01
2.219227552413940430e-01
1.937421262264251709e-01
1.010694429278373718e-01
5.456485748291015625e-01
2.155392616987228394e-01
2.041257470846176147e-01
2.919145524501800537e-01
2.365610003471374512e-01
3.439350426197052002e-02
1.706326901912689209e-01
1.091760620474815369e-01
4.682534039020538330e-01
1.312894821166992188e-01
9.016414880752563477e-01
8.535837531089782715e-01
1.421377956867218018e-01
