3.054634109139442444e-02
9.209066629409790039e-01
6.679417937994003296e-02
8.711142539978027344e-01
9.269861131906509399e-02
5.817638710141181946e-02
3.057007193565368652e-01
1.377321183681488037e-01
9.117408990859985352e-01
6.693510711193084717e-02
2.936250865459442139e-01
1.085894629359245300e-01
7.179078459739685059e-01
3.750686347484588623e-01
7.869540899991989136e-02
1.940481960773468018e-01
2.531147599220275879e-01
4.100173711776733398e-01
9.279794692993164062e-01
2.321395874023437500e-01
7.707657217979431152e-01
8.591540455818176270e-01
6.512914597988128662e-02
7.262265682220458984e-02
2.522056400775909424e-01
4.757775738835334778e-02
8.844031691551208496e-01
1.939574182033538818e-01
2.141169905662536621e-01
1.492953300476074219e-01
1.447210460901260376e-01
1.868004538118839264e-02
8.836147189140319824e-01
7.769894599914550781e-02
1.391925215721130371e-01
7.792861014604568481e-02
2.017652392387390137e-01
1.244812160730361938e-01
3.370384573936462402e-01
9.159299135208129883e-01
1.938734650611877441e-01
1.013003364205360413e-01
4.858769476413726807e-02
5.807302147150039673e-02
3.918357565999031067e-02
1.322534531354904175e-01
2.100110650062561035e-01
4.760864078998565674e-01
3.021179884672164917e-02
8.768101334571838379e-01
9.304959326982498169e-02
3.470544144511222839e-02
1.528150439262390137e-01
3.405443727970123291e-01
1.194723248481750488e-01
3.980946168303489685e-02
8.787862658500671387e-01
8.408518880605697632e-02
3.853797540068626404e-02
1.191036701202392578e-01
2.591360807418823242e-01
9.973314404487609863e-02
3.630820661783218384e-02
5.107858031988143921e-02
4.534374549984931946e-02
1.049878671765327454e-01
4.792509600520133972e-02
1.049610301852226257e-01
3.910681009292602539e-01
1.656229496002197266e-01
4.027971997857093811e-02
7.231793999671936035e-01
2.994185388088226318e-01
7.983238250017166138e-02
2.883282303810119629e-01
6.312539428472518921e-02
3.599626570940017700e-02
2.654625475406646729e-02
1.235723644495010376e-01
5.133811011910438538e-02
9.010434150695800781e-01
7.456151247024536133e-01
8.946880102157592773e-01
4.120949506759643555e-01
9.104923009872436523e-01
4.973893165588378906e-01
5.539426580071449280e-02
6.103943660855293274e-02
3.960142433643341064e-01
2.074970752000808716e-01
4.612286984920501709e-01
6.182024627923965454e-02
4.480513185262680054e-02
3.064812123775482178e-01
3.528365790843963623e-01
3.990293741226196289e-01
4.106698334217071533e-01
8.826640844345092773e-01
5.989322066307067871e-02
7.546614855527877808e-02
3.513348698616027832e-01
1.244108006358146667e-01
4.551565349102020264e-01
1.129584386944770813e-01
2.258867472410202026e-01
7.620760053396224976e-02
5.013131722807884216e-02
5.128900408744812012e-01
4.176133573055267334e-01
2.183112204074859619e-01
2.211707681417465210e-01
4.409990832209587097e-02
5.539236962795257568e-02
9.148544669151306152e-01
1.791603267192840576e-01
6.885197758674621582e-02
7.436965703964233398e-01
5.027307942509651184e-02
9.486428648233413696e-02
5.901691913604736328e-01
1.944186165928840637e-02
7.760863751173019409e-02
9.454569220542907715e-02
6.251747608184814453e-01
8.477121591567993164e-01
4.709466174244880676e-02
1.034315899014472961e-01
1.831701397895812988e-01
4.417600110173225403e-02
7.273253053426742554e-02
9.131911993026733398e-01
2.457668334245681763e-01
8.775069117546081543e-01
3.188980519771575928e-01
3.559098243713378906e-01
3.715254068374633789e-01
9.146289229393005371e-01
1.032537519931793213e-01
5.014136433601379395e-01
4.915368556976318359e-02
7.057043313980102539e-01
8.841509819030761719e-01
5.273112058639526367e-01
3.655432760715484619e-01
1.567636281251907349e-01
6.365688890218734741e-02
3.991799354553222656e-01
3.329745531082153320e-01
6.453039050102233887e-01
1.033652871847152710e-01
4.140852391719818115e-02
9.449059516191482544e-02
7.677345722913742065e-02
1.549085825681686401e-01
8.936918526887893677e-02
8.296982198953628540e-02
1.771303862333297729e-01
2.274017781019210815e-01
1.829650998115539551e-01
7.596125006675720215e-01
3.177312314510345459e-01
6.863625049591064453e-01
5.947012081742286682e-02
1.071883216500282288e-01
7.595672011375427246e-01
3.231408894062042236e-01
2.250782847404479980e-01
2.530576586723327637e-01
7.066372036933898926e-02
2.840837538242340088e-01
5.883774906396865845e-02
3.870770707726478577e-02
4.289148151874542236e-01
8.503198623657226562e-01
8.558453619480133057e-02
9.128586649894714355e-01
2.218451648950576782e-01
4.696770384907722473e-02
8.928976058959960938e-01
1.175361946225166321e-01
9.865261614322662354e-02
4.390728101134300232e-02
6.517498940229415894e-02
1.081948950886726379e-01
1.129381954669952393e-01
1.011508852243423462e-01
1.532469093799591064e-01
4.530495703220367432e-01
2.796971201896667480e-01
4.717315733432769775e-01
4.681601002812385559e-02
8.554112315177917480e-01
1.163426190614700317e-01
6.574885249137878418e-01
2.257705032825469971e-01
4.218188226222991943e-01
3.484874591231346130e-02
7.591559737920761108e-02
4.154032766819000244e-01
3.280466422438621521e-02
3.295663371682167053e-02
3.492644429206848145e-01
8.572858572006225586e-01
1.607015281915664673e-01
8.803287744522094727e-01
9.090875387191772461e-01
5.850803852081298828e-01
6.035661697387695312e-02
9.352471828460693359e-01
2.382461875677108765e-01
2.777143418788909912e-01
4.855879396200180054e-02
1.592586636543273926e-01
4.867520034313201904e-01
1.863812357187271118e-01
3.067076392471790314e-02
8.247283101081848145e-01
3.799696266651153564e-01
8.447561860084533691e-01
7.335101068019866943e-02
8.954060673713684082e-01
9.424219727516174316e-01
4.690808355808258057e-01
1.050290688872337341e-01
7.991281151771545410e-02
6.108388677239418030e-02
6.137468218803405762e-01
7.874515652656555176e-01
1.094613224267959595e-01
3.713887333869934082e-01
7.923449277877807617e-01
8.989803791046142578e-01
9.485740214586257935e-02
8.752571344375610352e-01
8.559033870697021484e-01
2.737076580524444580e-01
4.970271885395050049e-01
8.734623193740844727e-01
9.186834841966629028e-02
2.462186664342880249e-01
9.085730910301208496e-01
1.217629089951515198e-01
8.790460228919982910e-01
4.712830483913421631e-02
1.918043941259384155e-01
2.484794557094573975e-01
5.883773416280746460e-02
9.296305775642395020e-01
5.352186784148216248e-02
5.979746580123901367e-01
1.115246191620826721e-01
9.299657493829727173e-02
8.331098407506942749e-02
6.908906251192092896e-02
1.078040376305580139e-01
1.039327159523963928e-01
1.910219788551330566e-01
8.825994133949279785e-01
1.029811501502990723e-01
8.885838985443115234e-01
1.109224185347557068e-01
4.248085618019104004e-01
3.850301206111907959e-01
3.822033479809761047e-02
9.880081564188003540e-02
2.586669325828552246e-01
1.273886412382125854e-01
3.134431540966033936e-01
6.398469209671020508e-02
5.471129417419433594e-01
9.020990133285522461e-01
8.182441592216491699e-01
1.948354840278625488e-01
1.962088793516159058e-01
7.931544184684753418e-01
1.037588492035865784e-01
8.728740215301513672e-01
5.487338081002235413e-02
6.808720827102661133e-01
5.871450528502464294e-02
1.076549142599105835e-01
8.909630775451660156e-01
1.615693271160125732e-01
2.626493573188781738e-01
4.575946033000946045e-01
3.468449115753173828e-01
5.041148886084556580e-02
1.526891291141510010e-01
2.102607786655426025e-01
1.043617278337478638e-01
8.520674705505371094e-02
5.841354727745056152e-01
6.814547181129455566e-01
2.240830659866333008e-01
1.182290613651275635e-01
3.435274213552474976e-02
9.300618618726730347e-02
8.877756595611572266e-01
4.398966431617736816e-01
5.420825257897377014e-02
9.039866924285888672e-01
2.707146704196929932e-01
1.622362881898880005e-01
8.980153501033782959e-02
7.391859591007232666e-02
4.170590639114379883e-02
8.363628387451171875e-02
8.780381679534912109e-01
8.542522192001342773e-01
7.747070789337158203e-01
3.104546964168548584e-01
7.778757810592651367e-02
9.100469946861267090e-02
8.470055460929870605e-02
3.813991546630859375e-01
2.739978134632110596e-01
8.965417742729187012e-01
7.331842184066772461e-01
1.892108023166656494e-01
1.153116524219512939e-01
4.646442830562591553e-01
1.554765701293945312e-01
3.150972425937652588e-01
8.879845738410949707e-01
1.341430544853210449e-01
2.827740907669067383e-01
1.076738834381103516e-01
6.226307898759841919e-02
6.268259137868881226e-02
7.125110179185867310e-02
4.965492337942123413e-02
1.145614236593246460e-01
3.704220056533813477e-01
6.957339495420455933e-02
1.720534116029739380e-01
9.073061347007751465e-01
1.854914724826812744e-01
3.679316490888595581e-02
1.611657142639160156e-01
2.117995619773864746e-01
6.222290918231010437e-02
3.010807931423187256e-01
6.495464444160461426e-01
2.044639587402343750e-01
8.242595195770263672e-01
2.845886535942554474e-02
1.326344311237335205e-01
2.581388056278228760e-01
1.135499775409698486e-01
6.864981055259704590e-01
5.266232416033744812e-02
2.976558916270732880e-02
4.700218141078948975e-02
9.397116303443908691e-02
5.395551323890686035e-01
8.982340991497039795e-02
6.011784076690673828e-01
1.237367317080497742e-01
1.014868244528770447e-01
1.049269884824752808e-01
9.311504662036895752e-02
4.537062346935272217e-01
1.804360151290893555e-01
6.072109937667846680e-02
8.626349568367004395e-01
2.274694442749023438e-01
1.247100159525871277e-01
9.365078806877136230e-01
9.910797327756881714e-02
1.447968930006027222e-01
2.225586175918579102e-01
4.678794369101524353e-02
9.611561894416809082e-02
1.039781644940376282e-01
7.213817536830902100e-02
6.362523138523101807e-02
9.266534447669982910e-02
1.034772992134094238e-01
8.911380767822265625e-01
1.006626933813095093e-01
5.457325652241706848e-02
3.552499040961265564e-02
8.480728268623352051e-01
6.068934202194213867e-01
1.794539988040924072e-01
2.051545977592468262e-01
2.656672000885009766e-01
2.822456061840057373e-01
1.103133782744407654e-01
3.345846831798553467e-01
2.603353001177310944e-02
7.811680436134338379e-02
8.711798489093780518e-02
1.159308031201362610e-01
9.424646943807601929e-02
1.065997630357742310e-01
8.042517304420471191e-01
2.638363838195800781e-01
8.924279212951660156e-01
1.513648033142089844e-01
1.419319808483123779e-01
6.159832701086997986e-02
8.750954270362854004e-01
7.682358026504516602e-01
8.684141635894775391e-01
5.733669400215148926e-01
3.575292825698852539e-01
2.668256163597106934e-01
1.473593264818191528e-01
1.292804032564163208e-01
6.911831349134445190e-02
3.025959990918636322e-02
2.572800815105438232e-01
4.048591852188110352e-01
8.281223773956298828e-01
3.456312045454978943e-02
2.670731246471405029e-01
1.039485186338424683e-01
4.330770671367645264e-02
6.399165838956832886e-02
6.086321175098419189e-02
6.195787191390991211e-01
4.563696086406707764e-01
2.778955921530723572e-02
6.284344196319580078e-02
3.949961066246032715e-01
4.488907009363174438e-02
9.452579170465469360e-02
1.277392655611038208e-01
1.062596663832664490e-01
1.240887790918350220e-01
1.631254702806472778e-01
8.780761957168579102e-01
4.406872093677520752e-01
1.217640489339828491e-01
6.718567013740539551e-02
2.582365870475769043e-01
6.004867702722549438e-02
4.753855764865875244e-01
2.717206478118896484e-01
8.192970603704452515e-02
8.967003971338272095e-02
4.565176367759704590e-02
7.752305269241333008e-01
7.074543088674545288e-02
2.080929130315780640e-01
4.564083740115165710e-02
8.819608092308044434e-01
7.280210405588150024e-02
3.689588233828544617e-02
2.056393474340438843e-01
7.170456647872924805e-01
3.605292141437530518e-01
4.058305546641349792e-02
5.034246295690536499e-02
2.791485190391540527e-01
3.090755045413970947e-01
5.782831087708473206e-02
4.977113753557205200e-02
1.689924895763397217e-01
1.492205262184143066e-01
1.191500574350357056e-01
7.360542565584182739e-02
1.584896445274353027e-01
3.908785432577133179e-02
1.121006608009338379e-01
9.321556687355041504e-01
1.500162482261657715e-01
1.068332642316818237e-01
9.395584464073181152e-01
3.497573733329772949e-01
4.709649384021759033e-01
5.808984860777854919e-02
7.786244153976440430e-01
5.449693202972412109e-01
3.987813740968704224e-02
8.869603872299194336e-01
8.697694540023803711e-01
1.663579791784286499e-01
2.081976085901260376e-02
3.394967615604400635e-01
1.503785252571105957e-01
1.263248622417449951e-01
4.518986940383911133e-01
6.020905822515487671e-02
1.144778579473495483e-01
1.417325884103775024e-01
6.358402967453002930e-02
1.241692155599594116e-01
2.875729501247406006e-01
3.825607523322105408e-02
2.116862386465072632e-01
9.354920685291290283e-02
8.686243891716003418e-01
4.734294414520263672e-01
3.794554471969604492e-01
1.102192401885986328e-01
3.540498912334442139e-01
9.142641723155975342e-02
7.223043590784072876e-02
8.984795808792114258e-01
9.916900843381881714e-02
6.162301898002624512e-01
9.206032752990722656e-01
2.410358786582946777e-01
4.149306938052177429e-02
4.535528123378753662e-01
6.955779343843460083e-02
8.553389310836791992e-01
5.375711619853973389e-02
5.613244697451591492e-02
1.915783435106277466e-01
8.896706104278564453e-01
2.587600052356719971e-01
6.446357965469360352e-01
1.447968930006027222e-01
1.729082465171813965e-01
3.937410712242126465e-01
7.756656408309936523e-02
1.422362625598907471e-01
7.628321647644042969e-02
3.078118562698364258e-01
9.489548951387405396e-02
3.111489713191986084e-01
6.659618020057678223e-01
1.023546010255813599e-01
3.374009430408477783e-01
8.767029643058776855e-01
6.260634958744049072e-02
6.042556762695312500e-01
9.245785325765609741e-02
1.484694182872772217e-01
1.327064186334609985e-01
7.531396299600601196e-02
4.856909215450286865e-01
3.630710244178771973e-01
2.296678721904754639e-01
5.283274054527282715e-01
8.876461982727050781e-01
9.372830390930175781e-01
9.175511002540588379e-01
2.849117852747440338e-02
2.386565506458282471e-01
1.900779455900192261e-01
2.169252783060073853e-01
8.957163691520690918e-01
1.511466354131698608e-01
1.749704182147979736e-01
1.416009366512298584e-01
6.188099831342697144e-02
8.525408506393432617e-01
2.824879065155982971e-02
7.807715237140655518e-02
6.862002611160278320e-01
3.984057158231735229e-02
6.083811074495315552e-02
2.635017633438110352e-01
2.456639111042022705e-01
9.199506044387817383e-01
2.861903794109821320e-02
4.115723818540573120e-02
1.164650171995162964e-01
8.555918931961059570e-01
8.887252211570739746e-01
2.675865590572357178e-02
8.869218826293945312e-01
4.297887533903121948e-02
5.424037575721740723e-01
1.981029361486434937e-01
7.910822629928588867e-01
2.505514621734619141e-01
6.562992930412292480e-02
1.800008863210678101e-01
6.672996878623962402e-01
9.028242528438568115e-02
2.860700339078903198e-02
8.058726191520690918e-01
3.440652415156364441e-02
1.069007813930511475e-01
4.122638106346130371e-01
4.398058950901031494e-01
3.537259995937347412e-02
5.805960297584533691e-01
2.715269029140472412e-01
1.453529000282287598e-01
3.874241933226585388e-02
1.872118860483169556e-01
8.797618150711059570e-01
7.457934617996215820e-01
8.973969221115112305e-01
1.555346399545669556e-01
2.825862765312194824e-01
1.880308240652084351e-01
1.144718229770660400e-01
6.601750105619430542e-02
5.971457436680793762e-02
6.079095974564552307e-02
7.293722629547119141e-01
8.118957877159118652e-01
8.616009354591369629e-01
6.630040705204010010e-02
3.455180823802947998e-01
8.380246162414550781e-02
1.205189153552055359e-01
8.506895303726196289e-01
3.152616024017333984e-01
1.317424923181533813e-01
4.745277389883995056e-02
5.992108583450317383e-02
3.347601741552352905e-02
1.123658642172813416e-01
8.742792606353759766e-01
2.589597404003143311e-01
2.472580783069133759e-02
8.424808084964752197e-02
2.937634885311126709e-01
7.735498547554016113e-01
6.448660045862197876e-02
2.201896607875823975e-01
4.061743319034576416e-01
8.848761320114135742e-01
7.422088086605072021e-02
6.231262907385826111e-02
1.340678781270980835e-01
5.120815038681030273e-01
2.821036577224731445e-01
2.429851517081260681e-02
2.604862749576568604e-01
9.043804407119750977e-01
9.199758172035217285e-01
3.256943225860595703e-01
1.165755391120910645e-01
5.010992288589477539e-02
4.813840389251708984e-01
3.486936986446380615e-01
1.132061704993247986e-01
3.344903290271759033e-01
4.852144122123718262e-01
1.329846382141113281e-01
4.488427564501762390e-02
2.877756953239440918e-02
3.888401091098785400e-01
1.512950807809829712e-01
2.709485776722431183e-02
1.884388923645019531e-01
7.995782494544982910e-01
1.505066454410552979e-01
4.838618338108062744e-01
2.948364913463592529e-01
1.556330621242523193e-01
6.135854870080947876e-02
6.555161625146865845e-02
8.769521117210388184e-01
9.126939773559570312e-01
3.456098586320877075e-02
9.161413311958312988e-01
9.366329312324523926e-01
6.982148289680480957e-01
1.847395151853561401e-01
5.957412123680114746e-01
7.985341548919677734e-02
4.699230790138244629e-01
7.693412899971008301e-01
6.155564188957214355e-01
7.792740464210510254e-01
6.941819190979003906e-02
7.044800370931625366e-02
1.995783001184463501e-01
7.405295372009277344e-01
1.979876160621643066e-01
3.433753848075866699e-01
4.337091147899627686e-01
7.285208106040954590e-01
3.178504109382629395e-01
1.270295679569244385e-01
4.273092150688171387e-01
1.212743967771530151e-01
3.773301541805267334e-01
9.079451560974121094e-01
3.839070796966552734e-01
3.435160219669342041e-02
5.147081613540649414e-01
4.677675664424896240e-02
2.623097598552703857e-01
8.824256062507629395e-01
4.224140569567680359e-02
6.349331885576248169e-02
6.208921968936920166e-02
3.908220827579498291e-01
9.294722676277160645e-01
3.315639197826385498e-01
9.023427963256835938e-01
4.775926843285560608e-02
2.182989940047264099e-02
3.636039420962333679e-02
8.378364443778991699e-01
1.023430302739143372e-01
3.922766149044036865e-01
3.334333896636962891e-01
1.382486820220947266e-01
7.751831412315368652e-02
7.112785428762435913e-02
4.395823180675506592e-01
9.179672002792358398e-01
3.814188018441200256e-02
6.749194860458374023e-02
8.941726088523864746e-01
1.222700551152229309e-01
3.455797955393791199e-02
1.447283029556274414e-01
5.504284054040908813e-02
1.512397676706314087e-01
1.865814030170440674e-01
2.275310605764389038e-01
4.293524846434593201e-02
1.352183073759078979e-01
8.827439695596694946e-02
8.668854832649230957e-02
4.868384301662445068e-01
5.656661987304687500e-01
1.140763834118843079e-01
3.721314668655395508e-02
7.456931471824645996e-02
5.764617770910263062e-02
1.817917823791503906e-01
1.042611002922058105e-01
2.570653259754180908e-01
5.259190872311592102e-02
1.979650259017944336e-01
9.396971464157104492e-01
7.731231302022933960e-02
1.707193553447723389e-01
1.462439894676208496e-01
3.932297527790069580e-01
3.275237381458282471e-01
6.407778710126876831e-02
3.376902937889099121e-01
9.192395806312561035e-01
1.031389608979225159e-01
1.138188913464546204e-01
5.921136587858200073e-02
8.348945528268814087e-02
1.581837832927703857e-01
6.596635580062866211e-01
2.222428023815155029e-01
1.682467609643936157e-01
9.098672270774841309e-01
3.545289635658264160e-01
4.439354538917541504e-01
1.784823536872863770e-01
6.120852753520011902e-02
5.939502716064453125e-01
6.293792277574539185e-02
2.105749770998954773e-02
9.250815510749816895e-01
7.582035660743713379e-01
8.904421329498291016e-01
9.563179612159729004e-01
6.116151437163352966e-02
1.771054863929748535e-01
1.153157204389572144e-01
1.551017910242080688e-01
4.726970195770263672e-01
7.162321358919143677e-02
7.534790784120559692e-02
3.908349573612213135e-01
7.513116300106048584e-02
8.308843970298767090e-01
3.943278193473815918e-01
4.808474183082580566e-01
4.637628793716430664e-02
6.126738190650939941e-01
8.483040928840637207e-01
1.428286582231521606e-01
9.071986079216003418e-01
3.755073845386505127e-01
4.065348803997039795e-01
5.018430575728416443e-02
8.967372179031372070e-01
3.831086754798889160e-01
5.465119704604148865e-02
8.908229470252990723e-01
2.370015680789947510e-01
8.946810960769653320e-01
5.139425769448280334e-02
2.296911180019378662e-01
3.016057908535003662e-01
3.533374369144439697e-01
4.402864277362823486e-01
8.984631299972534180e-01
1.521192640066146851e-01
2.034840732812881470e-01
2.501216344535350800e-02
8.865891098976135254e-01
7.109628617763519287e-02
3.407632559537887573e-02
8.580555915832519531e-01
8.852533698081970215e-01
3.944348990917205811e-01
4.624395072460174561e-02
7.841473817825317383e-01
4.463941156864166260e-01
8.339182734489440918e-01
9.149216860532760620e-02
8.488245010375976562e-01
2.790404669940471649e-02
4.316164851188659668e-01
3.201560303568840027e-02
4.691937565803527832e-01
6.054672971367835999e-02
3.156732916831970215e-01
3.155005574226379395e-01
1.583737283945083618e-01
2.412740886211395264e-01
9.123833477497100830e-02
6.798239946365356445e-01
8.765428662300109863e-01
9.868734329938888550e-02
2.894537150859832764e-01
4.693020507693290710e-02
4.155882000923156738e-01
8.236793875694274902e-01
8.704910278320312500e-01
1.089769601821899414e-01
1.409396380186080933e-01
6.154124811291694641e-02
8.844029158353805542e-02
6.432890146970748901e-02
1.371515393257141113e-01
9.282581806182861328e-01
1.145470812916755676e-01
8.378266096115112305e-01
2.166795432567596436e-01
7.997071146965026855e-01
8.862855285406112671e-02
2.030476480722427368e-01
6.185741722583770752e-02
4.956132918596267700e-02
1.594094336032867432e-01
9.059684276580810547e-01
6.114867925643920898e-01
2.591670453548431396e-01
4.987427592277526855e-02
6.727848052978515625e-01
9.115106463432312012e-01
8.124585747718811035e-01
7.356566190719604492e-02
1.660163104534149170e-01
7.885103225708007812e-01
7.393878698348999023e-01
9.022475481033325195e-01
4.510367289185523987e-02
9.065480232238769531e-01
8.345715999603271484e-01
4.338243901729583740e-01
9.077962040901184082e-01
2.841534912586212158e-01
2.604074217379093170e-02
3.714797496795654297e-01
1.851294040679931641e-01
6.303759217262268066e-01
2.021683305501937866e-01
6.804705262184143066e-01
7.648735046386718750e-01
8.910047262907028198e-02
5.911436080932617188e-01
8.709997534751892090e-01
6.007340550422668457e-01
3.716820478439331055e-02
2.713284790515899658e-01
7.786583900451660156e-01
4.865528941154479980e-01
3.158826828002929688e-01
1.418764442205429077e-01
3.844666779041290283e-01
7.143642902374267578e-01
7.298039793968200684e-01
6.666511297225952148e-02
1.106578260660171509e-01
1.447968930006027222e-01
2.618450485169887543e-02
2.105679810047149658e-01
8.610329031944274902e-02
7.959896922111511230e-01
8.042590320110321045e-02
3.794796392321586609e-02
4.536647200584411621e-01
2.766664326190948486e-01
6.190068274736404419e-02
2.700619399547576904e-01
5.901822075247764587e-02
6.773407459259033203e-01
2.692165970802307129e-01
3.730450570583343506e-02
2.902487218379974365e-01
3.299480676651000977e-02
2.687067091464996338e-01
2.272116839885711670e-01
6.616582721471786499e-02
5.512933805584907532e-02
4.634796082973480225e-02
3.484721481800079346e-01
1.047200262546539307e-01
7.398173958063125610e-02
5.487089976668357849e-02
1.666214466094970703e-01
4.296415150165557861e-01
4.541576206684112549e-01
4.557337239384651184e-02
6.797637790441513062e-02
4.639739394187927246e-01
1.805506348609924316e-01
3.434134274721145630e-02
9.346719384193420410e-01
5.713611245155334473e-01
1.281900554895401001e-01
5.444218218326568604e-02
1.386880576610565186e-01
4.712231829762458801e-02
8.425785601139068604e-02
3.975453674793243408e-01
2.238530367612838745e-01
5.285479426383972168e-01
7.957549691200256348e-01
7.766829729080200195e-01
5.044372752308845520e-02
2.104695588350296021e-01
1.446675062179565430e-01
2.301357239484786987e-01
3.999812304973602295e-01
1.541239023208618164e-01
2.800917625427246094e-01
3.225971162319183350e-01
9.341048598289489746e-01
4.893105104565620422e-02
1.345319896936416626e-01
9.072080254554748535e-01
2.921034395694732666e-01
6.212359666824340820e-01
7.003175020217895508e-01
4.207128882408142090e-01
1.007060334086418152e-01
9.346897006034851074e-01
7.647585868835449219e-01
1.412347257137298584e-01
8.969754576683044434e-01
1.018792912364006042e-01
7.170401215553283691e-01
8.462293148040771484e-01
5.128525570034980774e-02
2.712996862828731537e-02
4.685465395450592041e-01
1.818658411502838135e-01
5.847979336977005005e-02
2.446704953908920288e-01
9.262048602104187012e-01
6.799072772264480591e-02
3.733239695429801941e-02
1.449902355670928955e-01
3.269334137439727783e-02
2.392446398735046387e-01
5.167696624994277954e-02
1.093663275241851807e-01
3.709848970174789429e-02
1.657739281654357910e-01
7.446137070655822754e-02
7.857359647750854492e-01
4.183657467365264893e-01
8.337947726249694824e-01
8.246714621782302856e-02
6.872280687093734741e-02
5.328110456466674805e-01
6.837146878242492676e-01
4.720817133784294128e-02
2.458341270685195923e-01
3.087326288223266602e-01
2.872869186103343964e-02
9.206218719482421875e-01
1.126977577805519104e-01
1.056247279047966003e-01
4.059524089097976685e-02
3.370411694049835205e-01
1.914934366941452026e-01
8.836927413940429688e-01
1.638332009315490723e-01
2.212560921907424927e-01
5.666689947247505188e-02
2.568152546882629395e-01
1.842038184404373169e-01
4.903411120176315308e-02
2.001478523015975952e-01
9.809203445911407471e-02
3.394284099340438843e-02
1.000443175435066223e-01
8.756088465452194214e-02
4.271807372570037842e-01
1.381632387638092041e-01
9.000429511070251465e-01
8.268023729324340820e-01
1.413122415542602539e-01
