9.473154321312904358e-03
7.629886269569396973e-01
7.026524096727371216e-02
8.286914229393005371e-01
2.245430350303649902e-01
5.906729772686958313e-02
8.584784269332885742e-01
1.323538571596145630e-01
9.085792899131774902e-01
3.360738977789878845e-02
3.756593167781829834e-01
2.207681387662887573e-01
6.081612706184387207e-01
4.071594178676605225e-01
5.499551072716712952e-02
2.001281678676605225e-01
6.468943357467651367e-01
3.753092885017395020e-01
9.072143435478210449e-01
2.659442126750946045e-01
7.081868648529052734e-01
7.684462070465087891e-01
7.458747923374176025e-02
1.778603494167327881e-01
2.393417358398437500e-01
6.576938927173614502e-02
8.939352631568908691e-01
1.996164470911026001e-01
2.256585657596588135e-01
1.192997097969055176e-01
1.149897277355194092e-01
7.023063022643327713e-03
8.792327046394348145e-01
7.343368977308273315e-02
1.321490705013275146e-01
6.813900172710418701e-02
1.431745737791061401e-01
1.198468729853630066e-01
5.614203810691833496e-01
9.076026082038879395e-01
1.513895094394683838e-01
1.001806482672691345e-01
6.300570815801620483e-02
9.247640520334243774e-02
4.726155102252960205e-02
2.778748869895935059e-01
1.867797821760177612e-01
3.716809749603271484e-01
1.195029448717832565e-02
8.556749224662780762e-01
7.662622630596160889e-02
1.710491627454757690e-02
2.318997532129287720e-01
3.271417617797851562e-01
1.246753409504890442e-01
6.242754682898521423e-02
7.868776321411132812e-01
1.096958816051483154e-01
2.322134561836719513e-02
2.084122002124786377e-01
2.144458740949630737e-01
3.854053467512130737e-02
2.961851097643375397e-02
5.158395692706108093e-02
3.302482888102531433e-02
1.411851942539215088e-01
4.812031984329223633e-02
4.298833385109901428e-02
1.637131422758102417e-01
2.669744789600372314e-01
3.098230063915252686e-02
7.157848477363586426e-01
2.578673362731933594e-01
7.887729257345199585e-02
3.023997247219085693e-01
3.475138917565345764e-02
2.098268270492553711e-02
1.187665108591318130e-02
2.547355294227600098e-01
3.480536490678787231e-02
8.699430823326110840e-01
8.430027961730957031e-01
8.742361664772033691e-01
3.758256137371063232e-01
9.031865596771240234e-01
5.576295852661132812e-01
5.173769965767860413e-02
4.358458518981933594e-02
3.351806104183197021e-01
2.120857238769531250e-01
4.192363023757934570e-01
7.441138476133346558e-02
3.981711342930793762e-02
3.641597032546997070e-01
5.502156615257263184e-01
5.863705873489379883e-01
4.187570512294769287e-01
8.349078297615051270e-01
6.639836728572845459e-02
1.271399259567260742e-01
4.534488022327423096e-01
1.888059973716735840e-01
3.403343260288238525e-01
9.488876909017562866e-02
2.229166328907012939e-01
2.461131662130355835e-01
4.059720784425735474e-02
5.531195402145385742e-01
4.287833571434020996e-01
2.007892280817031860e-01
1.952797174453735352e-01
2.224332094192504883e-02
3.724889084696769714e-02
9.041372537612915039e-01
1.611960679292678833e-01
4.062489792704582214e-02
7.423950433731079102e-01
2.892210707068443298e-02
2.831251919269561768e-01
6.809082627296447754e-01
6.757094524800777435e-03
7.333353906869888306e-02
8.347726613283157349e-02
5.127131938934326172e-01
8.692384958267211914e-01
5.087449401617050171e-02
2.847941406071186066e-02
1.908032000064849854e-01
5.976755544543266296e-02
4.258166998624801636e-02
8.976332545280456543e-01
3.332534804940223694e-02
8.776478171348571777e-01
1.944834142923355103e-01
3.656790852546691895e-01
2.633357346057891846e-01
9.155724048614501953e-01
1.139661520719528198e-01
4.579697549343109131e-01
5.202956497669219971e-02
5.029268264770507812e-01
8.973426818847656250e-01
5.031254291534423828e-01
2.466372400522232056e-01
1.486269682645797729e-01
4.017171263694763184e-02
5.008630156517028809e-01
4.678173065185546875e-01
8.409332036972045898e-01
1.245012283325195312e-01
2.276541478931903839e-02
1.006205603480339050e-01
7.201237231492996216e-02
1.172671094536781311e-01
5.795455351471900940e-02
7.322169840335845947e-02
1.748744994401931763e-01
1.735233515501022339e-01
7.683660089969635010e-02
6.718367338180541992e-01
5.216500163078308105e-01
5.229718089103698730e-01
7.094707340002059937e-02
1.278308928012847900e-01
7.836363911628723145e-01
4.612956643104553223e-01
2.263927310705184937e-01
2.626249194145202637e-01
6.847386807203292847e-02
3.436206281185150146e-01
8.496171981096267700e-02
2.023356221616268158e-02
5.787382125854492188e-01
4.437895119190216064e-01
1.443490236997604370e-01
8.838161230087280273e-01
1.278672963380813599e-01
4.253884404897689819e-02
8.303459286689758301e-01
1.196171194314956665e-01
1.081288307905197144e-01
6.238415092229843140e-02
1.185814887285232544e-01
1.516226828098297119e-01
1.114033162593841553e-01
2.328865230083465576e-01
1.804935038089752197e-01
4.536868333816528320e-01
3.721053004264831543e-01
6.334722638130187988e-01
3.031033836305141449e-02
8.161987662315368652e-01
6.593824177980422974e-02
8.008923530578613281e-01
3.013266623020172119e-01
4.825235307216644287e-01
2.333636954426765442e-02
6.872704625129699707e-02
3.684754669666290283e-01
1.308941189199686050e-02
1.241640467196702957e-02
1.999840140342712402e-01
8.867763280868530273e-01
1.442621201276779175e-01
8.923268914222717285e-01
8.864131569862365723e-01
5.288107395172119141e-01
4.965358972549438477e-02
9.222971200942993164e-01
2.981878817081451416e-01
2.431857287883758545e-01
2.892346121370792389e-02
1.810051053762435913e-01
4.713343381881713867e-01
3.141556382179260254e-01
1.135116722434759140e-02
7.990602254867553711e-01
4.802955687046051025e-01
7.887945771217346191e-01
4.875908792018890381e-02
8.954046964645385742e-01
9.252041578292846680e-01
5.296679735183715820e-01
1.273551881313323975e-01
9.653890877962112427e-02
8.389575034379959106e-02
6.656482219696044922e-01
6.186857819557189941e-01
1.178544610738754272e-01
4.476399123668670654e-01
4.949631690979003906e-01
8.583467006683349609e-01
1.016742140054702759e-01
9.103592038154602051e-01
8.654826283454895020e-01
3.281320333480834961e-01
5.657813549041748047e-01
8.830209374427795410e-01
4.899479076266288757e-02
3.519372344017028809e-01
9.200250506401062012e-01
6.665184348821640015e-02
7.426002621650695801e-01
5.357935279607772827e-02
1.905972063541412354e-01
1.626441776752471924e-01
6.131632626056671143e-02
9.201191067695617676e-01
6.072457879781723022e-02
5.800755023956298828e-01
2.019856572151184082e-01
5.325413867831230164e-02
1.330559253692626953e-01
6.836973875761032104e-02
1.574029177427291870e-01
6.494311243295669556e-02
1.120594143867492676e-01
8.595837950706481934e-01
9.707020968198776245e-02
8.174732327461242676e-01
3.094995021820068359e-01
5.454803109169006348e-01
2.832768559455871582e-01
1.584931649267673492e-02
1.134109497070312500e-01
2.651085555553436279e-01
8.981691300868988037e-02
3.947894573211669922e-01
2.340301573276519775e-01
8.220733404159545898e-01
8.928371071815490723e-01
5.494567155838012695e-01
1.851679980754852295e-01
1.791594475507736206e-01
8.847469687461853027e-01
1.112252250313758850e-01
8.461909890174865723e-01
4.606680944561958313e-02
7.512531280517578125e-01
3.395373374223709106e-02
1.510562449693679810e-01
8.854021430015563965e-01
1.049757897853851318e-01
1.736839413642883301e-01
4.694125652313232422e-01
2.975960671901702881e-01
4.269768297672271729e-02
1.447427123785018921e-01
6.118267029523849487e-02
8.867912739515304565e-02
1.221102923154830933e-01
6.373174190521240234e-01
7.453872561454772949e-01
2.549818754196166992e-01
1.260288953781127930e-01
2.147570624947547913e-02
4.561462253332138062e-02
7.527365684509277344e-01
3.408264219760894775e-01
3.370294719934463501e-02
9.011626839637756348e-01
3.936020135879516602e-01
2.283991128206253052e-01
9.365760535001754761e-02
5.712781473994255066e-02
2.719103172421455383e-02
9.034749120473861694e-02
6.459980010986328125e-01
8.777427077293395996e-01
7.669761180877685547e-01
4.680737555027008057e-01
2.948164381086826324e-02
7.823000848293304443e-02
1.505479812622070312e-01
5.504126548767089844e-01
1.788120716810226440e-01
8.938411474227905273e-01
7.962555289268493652e-01
2.049259394407272339e-01
1.180045306682586670e-01
5.909689664840698242e-01
1.441518366336822510e-01
1.311438530683517456e-01
8.934791088104248047e-01
1.744803041219711304e-01
4.846699833869934082e-01
1.729697138071060181e-01
5.116614699363708496e-02
3.227444365620613098e-02
4.904010519385337830e-02
3.381291031837463379e-02
6.465636938810348511e-02
3.898261487483978271e-01
1.253488957881927490e-01
1.994275450706481934e-01
9.087121486663818359e-01
2.263413965702056885e-01
1.792049221694469452e-02
1.972910016775131226e-01
1.422320455312728882e-01
3.727200254797935486e-02
2.415370792150497437e-01
7.910122275352478027e-01
9.049330651760101318e-02
8.286086916923522949e-01
1.879207976162433624e-02
2.845088839530944824e-01
3.761531412601470947e-01
6.311700493097305298e-02
6.780537962913513184e-01
3.400889411568641663e-02
1.209850981831550598e-02
3.322755172848701477e-02
1.022477969527244568e-01
6.334252953529357910e-01
1.425558775663375854e-01
5.936837196350097656e-01
2.014997303485870361e-01
1.441291421651840210e-01
1.652144491672515869e-01
1.203620880842208862e-01
2.755558490753173828e-01
1.304220408201217651e-01
8.396159857511520386e-02
8.551253080368041992e-01
2.648082971572875977e-01
1.680799722671508789e-01
9.058054089546203613e-01
1.983828395605087280e-01
7.651303708553314209e-02
2.638056278228759766e-01
2.305814251303672791e-02
1.424970030784606934e-01
9.308104962110519409e-02
4.896631464362144470e-02
9.936746209859848022e-02
1.259827166795730591e-01
8.730263262987136841e-02
8.642131686210632324e-01
2.318376153707504272e-01
4.066650941967964172e-02
4.306495189666748047e-02
9.232718348503112793e-01
5.548662543296813965e-01
2.020808607339859009e-01
1.987656205892562866e-01
2.690959274768829346e-01
2.817675769329071045e-01
1.058853641152381897e-01
3.215752840042114258e-01
9.020052850246429443e-03
6.749825179576873779e-02
1.066800057888031006e-01
1.251617670059204102e-01
9.334373474121093750e-02
2.185384780168533325e-01
8.097261190414428711e-01
7.934195548295974731e-02
9.008820056915283203e-01
1.546716988086700439e-01
1.988814771175384521e-01
3.227387741208076477e-02
8.896859884262084961e-01
7.068275809288024902e-01
7.969059348106384277e-01
9.037365317344665527e-01
4.142886698246002197e-01
2.522614300251007080e-01
1.927299946546554565e-01
1.491864323616027832e-01
1.814530193805694580e-01
1.026107836514711380e-02
2.056610435247421265e-01
4.247875511646270752e-01
7.885473966598510742e-01
1.715791411697864532e-02
2.143171280622482300e-01
1.636264920234680176e-01
2.146148085594177246e-01
7.865601032972335815e-02
5.816087499260902405e-02
6.048663854598999023e-01
5.430288910865783691e-01
1.313370652496814728e-02
6.397701054811477661e-02
3.425685465335845947e-01
2.524398081004619598e-02
8.487389236688613892e-02
7.349515706300735474e-02
6.699587404727935791e-02
2.572677433490753174e-01
2.450404763221740723e-01
8.554396629333496094e-01
5.176487565040588379e-01
1.438771486282348633e-01
1.026011854410171509e-01
3.940368592739105225e-01
3.510691598057746887e-02
3.049181401729583740e-01
2.866607904434204102e-01
1.200791150331497192e-01
1.102292686700820923e-01
3.494848310947418213e-02
7.272359728813171387e-01
4.476989805698394775e-02
1.709043979644775391e-01
1.755477115511894226e-02
8.609528541564941406e-01
1.272456049919128418e-01
1.649449393153190613e-02
2.806862294673919678e-01
6.560537815093994141e-01
2.219889014959335327e-01
5.619889125227928162e-02
4.025492072105407715e-02
2.371063679456710815e-01
3.454261422157287598e-01
5.818444490432739258e-02
6.388010829687118530e-02
1.674661487340927124e-01
1.949549466371536255e-01
1.821441203355789185e-01
7.508528232574462891e-02
1.295556426048278809e-01
4.306968674063682556e-02
1.506693512201309204e-01
9.079513549804687500e-01
2.936854660511016846e-01
8.582206070423126221e-02
9.262927174568176270e-01
2.436570078134536743e-01
3.670243322849273682e-01
5.394203215837478638e-02
6.923944354057312012e-01
4.468197226524353027e-01
2.117253467440605164e-02
8.230953812599182129e-01
8.648291826248168945e-01
4.314816892147064209e-01
6.867900490760803223e-03
3.602810204029083252e-01
1.809594929218292236e-01
4.409298896789550781e-01
3.969427347183227539e-01
1.987484395503997803e-01
9.457416087388992310e-02
2.272490262985229492e-01
1.253815591335296631e-01
1.774055212736129761e-01
5.470230579376220703e-01
2.586825378239154816e-02
2.555042803287506104e-01
1.080416291952133179e-01
8.990457057952880859e-01
2.708068192005157471e-01
4.417434930801391602e-01
2.121157497167587280e-01
4.964532256126403809e-01
1.489395946264266968e-01
4.526135325431823730e-02
9.002096652984619141e-01
9.230989962816238403e-02
3.608734607696533203e-01
9.018139839172363281e-01
2.273774296045303345e-01
3.833915665745735168e-02
4.638958275318145752e-01
7.060901820659637451e-02
7.895389795303344727e-01
7.285919040441513062e-02
4.294659197330474854e-02
2.438802868127822876e-01
7.926168441772460938e-01
3.727355003356933594e-01
5.655333995819091797e-01
7.651303708553314209e-02
2.564810812473297119e-01
3.893517553806304932e-01
5.981990322470664978e-02
1.821699887514114380e-01
2.247836589813232422e-01
2.424058616161346436e-01
8.299408107995986938e-02
3.237608373165130615e-01
6.206750273704528809e-01
8.207447081804275513e-02
2.407859265804290771e-01
8.480449318885803223e-01
7.859124243259429932e-02
5.791648030281066895e-01
1.084318384528160095e-01
2.055096477270126343e-01
1.593664139509201050e-01
5.342319235205650330e-02
7.833840250968933105e-01
5.493858456611633301e-01
2.126388400793075562e-01
7.842689156532287598e-01
9.011481404304504395e-01
9.302331209182739258e-01
9.011127352714538574e-01
1.553238648921251297e-02
1.479330956935882568e-01
1.294053494930267334e-01
2.331366240978240967e-01
8.870460391044616699e-01
1.983402520418167114e-01
1.530752331018447876e-01
2.147671729326248169e-01
5.417992174625396729e-02
8.152427077293395996e-01
1.082456856966018677e-02
9.518233686685562134e-02
7.313806414604187012e-01
2.689519524574279785e-02
5.404415354132652283e-02
3.344886600971221924e-01
3.976263999938964844e-01
9.081421494483947754e-01
1.401776913553476334e-02
3.499424085021018982e-02
1.469566076993942261e-01
8.543571233749389648e-01
8.622457385063171387e-01
1.249890681356191635e-02
8.977673649787902832e-01
2.065876312553882599e-02
4.375677704811096191e-01
1.070489436388015747e-01
6.902419924736022949e-01
3.536407947540283203e-01
9.671410918235778809e-02
2.102355360984802246e-01
7.015493512153625488e-01
4.385780170559883118e-02
9.156825020909309387e-03
8.280466794967651367e-01
2.535019628703594208e-02
1.303825527429580688e-01
5.118228197097778320e-01
3.477915227413177490e-01
1.613929867744445801e-02
6.665192842483520508e-01
3.933790326118469238e-01
1.804089993238449097e-01
2.000649459660053253e-02
3.233900070190429688e-01
8.304575681686401367e-01
8.279639482498168945e-01
8.670867085456848145e-01
1.194498836994171143e-01
4.587310850620269775e-01
1.397127062082290649e-01
3.115724921226501465e-01
7.252658158540725708e-02
6.851813942193984985e-02
3.284980356693267822e-02
7.720032334327697754e-01
8.717606067657470703e-01
7.052872776985168457e-01
3.967590630054473877e-02
3.565787672996520996e-01
1.131236702203750610e-01
2.551591098308563232e-01
7.869400978088378906e-01
4.143287837505340576e-01
6.375903636217117310e-02
3.689791634678840637e-02
4.321535304188728333e-02
1.227739732712507248e-02
2.378600835800170898e-01
8.613449931144714355e-01
2.500390410423278809e-01
1.188939996063709259e-02
2.922214195132255554e-02
3.694013953208923340e-01
6.928902864456176758e-01
3.777685388922691345e-02
2.259452491998672485e-01
3.422470986843109131e-01
8.017426729202270508e-01
3.360724821686744690e-02
6.431617587804794312e-02
8.382693678140640259e-02
6.487031579017639160e-01
3.677009642124176025e-01
1.354339998215436935e-02
3.691385686397552490e-01
8.812087178230285645e-01
8.198068737983703613e-01
4.029091000556945801e-01
5.674599483609199524e-02
5.566779896616935730e-02
6.978893280029296875e-01
2.462439686059951782e-01
1.257973164319992065e-01
2.617999017238616943e-01
5.325624942779541016e-01
2.050442844629287720e-01
4.952768608927726746e-02
1.740870065987110138e-02
3.748000562191009521e-01
3.511229455471038818e-01
1.543827448040246964e-02
1.924400329589843750e-01
8.455135822296142578e-01
1.253163516521453857e-01
5.456944108009338379e-01
3.376875817775726318e-01
7.401371747255325317e-02
5.735595896840095520e-02
6.361784785985946655e-02
6.817501783370971680e-01
9.046958684921264648e-01
1.936138048768043518e-02
9.159389734268188477e-01
9.023401737213134766e-01
7.075242400169372559e-01
4.115915596485137939e-01
3.881377875804901123e-01
5.488077551126480103e-02
4.018997848033905029e-01
7.759112715721130371e-01
6.694329380989074707e-01
8.395203351974487305e-01
6.278194487094879150e-02
1.876219362020492554e-01
1.945396363735198975e-01
8.633645772933959961e-01
1.762626767158508301e-01
3.699846863746643066e-01
4.066962599754333496e-01
7.701491117477416992e-01
1.436394751071929932e-01
1.790118217468261719e-01
5.140296816825866699e-01
2.058422416448593140e-01
5.097326636314392090e-01
7.589581608772277832e-01
3.190165758132934570e-01
1.060864794999361038e-02
6.158730387687683105e-01
5.916495621204376221e-02
2.445197254419326782e-01
8.650512695312500000e-01
2.206577174365520477e-02
7.285157591104507446e-02
5.322488397359848022e-02
2.796174585819244385e-01
9.345629215240478516e-01
5.059044361114501953e-01
9.096524119377136230e-01
5.261952430009841919e-02
7.577219512313604355e-03
1.351157203316688538e-02
8.568866252899169922e-01
1.115745455026626587e-01
5.270321965217590332e-01
2.711254358291625977e-01
1.953694373369216919e-01
4.899003729224205017e-02
7.437497377395629883e-02
5.595653057098388672e-01
9.118715524673461914e-01
1.583250984549522400e-02
4.351721331477165222e-02
8.648171424865722656e-01
9.030631929636001587e-02
1.604954153299331665e-02
3.630725443363189697e-01
7.768870890140533447e-02
1.690536439418792725e-01
2.237302958965301514e-01
2.700218260288238525e-01
1.546589750796556473e-02
1.752876639366149902e-01
1.766417920589447021e-01
1.814813315868377686e-01
5.437579751014709473e-01
6.667289137840270996e-01
1.487749367952346802e-01
5.438255146145820618e-02
4.565160721540451050e-02
3.326481580734252930e-02
3.178758323192596436e-01
1.189548671245574951e-01
1.902597993612289429e-01
3.253275528550148010e-02
2.149321883916854858e-01
9.265589714050292969e-01
4.226226359605789185e-02
2.607826292514801025e-01
1.456531435251235962e-01
6.846395730972290039e-01
2.583411037921905518e-01
2.501108050346374512e-01
3.025810122489929199e-01
9.213992953300476074e-01
1.039491146802902222e-01
9.246670454740524292e-02
4.845000430941581726e-02
5.236714333295822144e-02
6.467498838901519775e-02
6.390989422798156738e-01
1.897423714399337769e-01
2.319824993610382080e-01
9.034898877143859863e-01
2.703400552272796631e-01
5.270310640335083008e-01
9.228627383708953857e-02
3.193358331918716431e-02
6.257827281951904297e-01
5.553080141544342041e-02
6.618884857743978500e-03
9.131817221641540527e-01
6.722199320793151855e-01
8.569104075431823730e-01
6.512179374694824219e-01
3.487310186028480530e-02
1.972232013940811157e-01
1.382996588945388794e-01
2.018847763538360596e-01
2.391540557146072388e-01
5.050117149949073792e-02
5.506429821252822876e-02
4.353830516338348389e-01
1.887214779853820801e-01
8.607566356658935547e-01
5.376477837562561035e-01
3.162434399127960205e-01
2.598143182694911957e-02
7.179725766181945801e-01
7.369214892387390137e-01
1.011632233858108521e-01
8.898653984069824219e-01
3.277145624160766602e-01
4.596206545829772949e-01
5.759453400969505310e-02
8.618376255035400391e-01
4.306118488311767578e-01
4.698690399527549744e-02
8.881306648254394531e-01
2.167190462350845337e-01
8.797907829284667969e-01
7.098618149757385254e-02
2.230558991432189941e-01
1.998493373394012451e-01
2.782464325428009033e-01
4.698877930641174316e-01
9.088864326477050781e-01
1.654839813709259033e-01
2.602252066135406494e-01
1.329698413610458374e-02
8.885715603828430176e-01
8.905560523271560669e-02
1.285040285438299179e-02
8.348932266235351562e-01
7.394231557846069336e-01
3.802884817123413086e-01
3.554422408342361450e-02
3.474031090736389160e-01
3.101407885551452637e-01
6.778067946434020996e-01
8.195377141237258911e-02
8.067381978034973145e-01
1.163699105381965637e-02
1.869663894176483154e-01
2.012016437947750092e-02
3.387582302093505859e-01
5.344333499670028687e-02
4.230625629425048828e-01
2.379044741392135620e-01
2.353244274854660034e-01
4.725691080093383789e-01
1.224853619933128357e-01
6.542571187019348145e-01
7.507549524307250977e-01
1.343354135751724243e-01
6.395253539085388184e-01
2.519732341170310974e-02
3.991898000240325928e-01
7.992800474166870117e-01
7.850494384765625000e-01
1.397737711668014526e-01
2.079244256019592285e-01
5.734654888510704041e-02
7.627718895673751831e-02
2.954617142677307129e-01
1.440548002719879150e-01
8.939320445060729980e-01
3.714731633663177490e-01
6.937800645828247070e-01
1.361102908849716187e-01
6.944732666015625000e-01
1.462003290653228760e-01
1.102381348609924316e-01
5.275489389896392822e-02
2.699784189462661743e-02
1.406144797801971436e-01
8.630654811859130859e-01
4.539578855037689209e-01
2.043221145868301392e-01
2.420789189636707306e-02
5.914883017539978027e-01
9.067243933677673340e-01
8.344245553016662598e-01
1.148830503225326538e-01
2.195749431848526001e-01
6.254350543022155762e-01
7.633442878723144531e-01
8.944162130355834961e-01
2.288447692990303040e-02
8.631848096847534180e-01
9.051163792610168457e-01
3.309603333473205566e-01
8.981648087501525879e-01
3.463745415210723877e-01
7.659163326025009155e-03
5.314369201660156250e-01
1.774402111768722534e-01
6.946018338203430176e-01
4.366512596607208252e-01
7.484205961227416992e-01
6.289182305335998535e-01
7.717034965753555298e-02
6.652904748916625977e-01
7.636691927909851074e-01
8.474600911140441895e-01
1.420000661164522171e-02
2.736437022686004639e-01
6.308342218399047852e-01
2.810005247592926025e-01
3.085395991802215576e-01
2.150190323591232300e-01
4.371455609798431396e-01
9.075403809547424316e-01
8.581609129905700684e-01
4.834361374378204346e-02
5.464619398117065430e-02
7.651303708553314209e-02
8.607028052210807800e-03
2.507539093494415283e-01
1.123692616820335388e-01
4.342346787452697754e-01
3.999044001102447510e-02
1.976298727095127106e-02
5.350329279899597168e-01
3.749434351921081543e-01
4.745927453041076660e-02
5.448715686798095703e-01
5.774725973606109619e-02
7.311418652534484863e-01
3.938212394714355469e-01
3.126102685928344727e-02
2.297481298446655273e-01
1.355964876711368561e-02
2.659668624401092529e-01
1.891111731529235840e-01
4.593762010335922241e-02
4.713310673832893372e-02
2.995117008686065674e-02
2.675059437751770020e-01
1.146131902933120728e-01
6.350892782211303711e-02
1.329983323812484741e-01
1.790930181741714478e-01
3.617438375949859619e-01
5.517047643661499023e-01
2.953866682946681976e-02
5.342877656221389771e-02
3.757793009281158447e-01
1.909481137990951538e-01
1.505016256123781204e-02
9.261818528175354004e-01
6.291772723197937012e-01
5.221292003989219666e-02
9.987053275108337402e-02
2.036080509424209595e-01
5.098598822951316833e-02
1.008383482694625854e-01
4.618466794490814209e-01
1.668991744518280029e-01
5.334232449531555176e-01
6.222466826438903809e-01
3.191468119621276855e-01
1.665074564516544342e-02
2.196381241083145142e-01
1.331341117620468140e-01
2.135676592588424683e-01
3.291296064853668213e-01
4.172351658344268799e-01
2.836767733097076416e-01
1.804843246936798096e-01
9.298922419548034668e-01
3.833622857928276062e-02
1.501911580562591553e-01
8.985741734504699707e-01
1.209185719490051270e-01
4.103493690490722656e-01
5.177773833274841309e-01
3.857435286045074463e-01
9.381714463233947754e-02
7.990412116050720215e-01
3.103754818439483643e-01
1.388767212629318237e-01
9.052706360816955566e-01
3.308215737342834473e-01
7.161509394645690918e-01
8.341775536537170410e-01
4.551529511809349060e-02
1.124099362641572952e-02
3.481660783290863037e-01
1.676958650350570679e-01
4.124695807695388794e-02
4.764376282691955566e-01
9.225636124610900879e-01
7.087712734937667847e-02
1.785581931471824646e-02
9.291310608386993408e-02
1.620069146156311035e-02
9.763828665018081665e-02
5.341711640357971191e-02
9.934972226619720459e-02
1.936292462050914764e-02
2.521125376224517822e-01
6.840078532695770264e-02
8.602285385131835938e-01
4.329429864883422852e-01
8.582888841629028320e-01
1.087117791175842285e-01
4.696316644549369812e-02
4.996157288551330566e-01
7.407672405242919922e-01
4.509294778108596802e-02
2.838099002838134766e-01
4.756127297878265381e-01
1.775986514985561371e-02
9.046797752380371094e-01
2.656122446060180664e-01
2.340242564678192139e-01
3.327343985438346863e-02
1.266678720712661743e-01
1.623796969652175903e-01
8.178406357765197754e-01
1.704419404268264771e-01
1.965034306049346924e-01
5.493153631687164307e-02
3.332919478416442871e-01
1.361532509326934814e-01
1.539428234100341797e-01
1.587274819612503052e-01
2.856014966964721680e-01
1.234361995011568069e-02
9.256315976381301880e-02
4.291765391826629639e-02
3.242104947566986084e-01
2.004437744617462158e-01
8.940854072570800781e-01
8.041852712631225586e-01
1.914088428020477295e-01
