2.513612806797027588e-02
8.410593271255493164e-01
5.534175783395767212e-02
5.428199172019958496e-01
2.826277315616607666e-01
7.369319349527359009e-02
4.167317152023315430e-01
2.365673482418060303e-01
8.429108262062072754e-01
4.878826811909675598e-02
3.059298396110534668e-01
1.559837758541107178e-01
5.408205986022949219e-01
3.573968112468719482e-01
6.462559849023818970e-02
3.226937055587768555e-01
3.588907718658447266e-01
4.170638918876647949e-01
9.086388349533081055e-01
3.623905181884765625e-01
6.771416068077087402e-01
4.728154838085174561e-01
5.938239395618438721e-02
4.477239772677421570e-02
2.043110430240631104e-01
6.594469398260116577e-02
6.942438483238220215e-01
2.537463307380676270e-01
2.465325146913528442e-01
2.824286520481109619e-01
2.364272475242614746e-01
1.317023392766714096e-02
6.870843172073364258e-01
8.240642398595809937e-02
1.658156365156173706e-01
1.690786033868789673e-01
2.340756952762603760e-01
1.409368664026260376e-01
3.732388019561767578e-01
8.958303928375244141e-01
2.247481495141983032e-01
1.232478991150856018e-01
5.583555623888969421e-02
2.364736944437026978e-01
1.016520410776138306e-01
2.751378417015075684e-01
2.144947499036788940e-01
5.323356986045837402e-01
2.020817250013351440e-02
7.002565264701843262e-01
1.780663877725601196e-01
2.521018683910369873e-02
2.418394833803176880e-01
3.019843101501464844e-01
2.372211366891860962e-01
1.387836188077926636e-01
8.406291604042053223e-01
3.441153839230537415e-02
2.424512989819049835e-02
2.099141925573348999e-01
2.338348478078842163e-01
1.763896495103836060e-01
6.356693059206008911e-02
7.444037497043609619e-02
3.476546332240104675e-02
1.618391573429107666e-01
6.321197748184204102e-02
1.540700793266296387e-01
3.566336333751678467e-01
2.425100207328796387e-01
2.366872578859329224e-01
4.415050446987152100e-01
3.759478330612182617e-01
6.393236666917800903e-02
4.038892388343811035e-01
8.108982443809509277e-02
5.817578732967376709e-02
1.665386930108070374e-02
1.553671360015869141e-01
6.437218934297561646e-02
8.479261398315429688e-01
8.512661457061767578e-01
7.532390356063842773e-01
4.180577397346496582e-01
8.577939271926879883e-01
3.661149442195892334e-01
1.058659702539443970e-01
1.693393886089324951e-01
4.658097624778747559e-01
1.780723482370376587e-01
4.563153684139251709e-01
8.110302686691284180e-02
4.437362775206565857e-02
3.528338372707366943e-01
4.163036346435546875e-01
4.826592504978179932e-01
3.978988230228424072e-01
8.934694528579711914e-01
6.725104153156280518e-02
1.386013776063919067e-01
3.927245736122131348e-01
1.485613435506820679e-01
4.118849039077758789e-01
1.887329816818237305e-01
2.880894541740417480e-01
1.114506423473358154e-01
1.241702139377593994e-01
4.275272190570831299e-01
3.105938434600830078e-01
2.703911960124969482e-01
2.648430466651916504e-01
6.631699204444885254e-02
8.718898147344589233e-02
8.929057121276855469e-01
3.225950300693511963e-01
6.909197568893432617e-02
7.888140082359313965e-01
6.590734422206878662e-02
2.730100154876708984e-01
4.600299298763275146e-01
1.164555083960294724e-02
1.251289993524551392e-01
1.242740526795387268e-01
5.428167581558227539e-01
8.216630816459655762e-01
6.988520920276641846e-02
4.274954646825790405e-02
3.238936960697174072e-01
6.249411404132843018e-02
9.893572330474853516e-02
8.469316363334655762e-01
1.015171557664871216e-01
8.668001294136047363e-01
2.994420826435089111e-01
5.327742099761962891e-01
3.153147995471954346e-01
8.632110953330993652e-01
1.454518437385559082e-01
3.997136950492858887e-01
1.577997207641601562e-01
3.512912690639495850e-01
6.939912438392639160e-01
4.030931591987609863e-01
2.192757576704025269e-01
2.916987836360931396e-01
7.268646359443664551e-02
4.099676012992858887e-01
3.821561932563781738e-01
3.191222846508026123e-01
1.394869536161422729e-01
3.600287064909934998e-02
2.131135016679763794e-01
4.536743462085723877e-02
1.973292380571365356e-01
1.035134643316268921e-01
1.146405413746833801e-01
2.641415894031524658e-01
2.184450775384902954e-01
2.364369183778762817e-01
5.379627346992492676e-01
3.855437934398651123e-01
4.801107347011566162e-01
9.904011338949203491e-02
2.524349987506866455e-01
7.243453860282897949e-01
5.092111229896545410e-01
3.766596019268035889e-01
3.367359042167663574e-01
9.948734194040298462e-02
1.904889345169067383e-01
1.133741810917854309e-01
5.124261975288391113e-02
4.303142428398132324e-01
4.586629569530487061e-01
1.905497461557388306e-01
8.625779151916503906e-01
3.200155794620513916e-01
1.374064981937408447e-01
7.348913550376892090e-01
1.460895389318466187e-01
1.925553977489471436e-01
6.573491543531417847e-02
2.752591371536254883e-01
1.959041655063629150e-01
2.050070464611053467e-01
1.348322629928588867e-01
3.069262206554412842e-01
3.951189815998077393e-01
4.079625308513641357e-01
3.626878261566162109e-01
3.943803906440734863e-02
5.120534896850585938e-01
2.127061933279037476e-01
5.916083455085754395e-01
2.442935556173324585e-01
4.110445976257324219e-01
3.016766160726547241e-02
2.284520566463470459e-01
3.041874170303344727e-01
5.445348843932151794e-02
4.091975837945938110e-02
1.955331712961196899e-01
7.645382881164550781e-01
2.492890059947967529e-01
8.160198330879211426e-01
8.829197287559509277e-01
3.426990509033203125e-01
1.667847037315368652e-01
9.125856757164001465e-01
2.276580184698104858e-01
3.155793547630310059e-01
3.129202872514724731e-02
2.785874605178833008e-01
4.013859331607818604e-01
2.330989092588424683e-01
3.396683931350708008e-02
7.566218972206115723e-01
3.591696918010711670e-01
7.094829678535461426e-01
1.130111739039421082e-01
8.404418230056762695e-01
9.262251257896423340e-01
4.898396134376525879e-01
1.076131165027618408e-01
1.286158114671707153e-01
1.560145020484924316e-01
4.576041996479034424e-01
5.174281597137451172e-01
1.659069210290908813e-01
3.399418294429779053e-01
3.440158069133758545e-01
8.621353507041931152e-01
8.552484959363937378e-02
6.036039590835571289e-01
8.624874949455261230e-01
3.062535226345062256e-01
3.765565752983093262e-01
8.312464952468872070e-01
1.763079315423965454e-01
3.391222655773162842e-01
6.680733561515808105e-01
2.118798941373825073e-01
6.261784434318542480e-01
5.515920370817184448e-02
3.194079697132110596e-01
2.627836167812347412e-01
9.828835725784301758e-02
9.118762612342834473e-01
1.165159568190574646e-01
4.360218942165374756e-01
2.036420255899429321e-01
2.466740459203720093e-01
1.383342593908309937e-01
8.453486859798431396e-02
1.940365582704544067e-01
1.106759682297706604e-01
3.393340706825256348e-01
7.922424077987670898e-01
1.193525195121765137e-01
5.415294766426086426e-01
1.313055455684661865e-01
5.193271636962890625e-01
2.808102965354919434e-01
3.637037798762321472e-02
2.570366561412811279e-01
3.737074434757232666e-01
2.274340838193893433e-01
2.597019374370574951e-01
2.319815605878829956e-01
4.447744488716125488e-01
8.499670624732971191e-01
6.433576345443725586e-01
3.050733208656311035e-01
2.341379970312118530e-01
6.744369268417358398e-01
2.344397008419036865e-01
6.782438158988952637e-01
6.850045919418334961e-02
7.231398224830627441e-01
1.670471280813217163e-01
2.343577295541763306e-01
8.040489554405212402e-01
3.164544701576232910e-01
3.120684921741485596e-01
4.204277098178863525e-01
3.366341590881347656e-01
8.061169087886810303e-02
1.776228547096252441e-01
2.409079074859619141e-01
2.798556089401245117e-01
1.356942951679229736e-01
3.750920593738555908e-01
5.568367242813110352e-01
2.682434618473052979e-01
1.739024370908737183e-01
2.043324895203113556e-02
1.169075965881347656e-01
5.352333784103393555e-01
2.634336352348327637e-01
6.300856173038482666e-02
8.283771276473999023e-01
2.992294430732727051e-01
2.134699225425720215e-01
1.945123821496963501e-01
9.644967317581176758e-02
4.863848537206649780e-02
1.779229789972305298e-01
3.960422873497009277e-01
7.444567084312438965e-01
7.781859040260314941e-01
3.631171584129333496e-01
1.681164801120758057e-01
1.603815406560897827e-01
2.087369710206985474e-01
3.819539546966552734e-01
3.499252498149871826e-01
8.772405982017517090e-01
7.799102067947387695e-01
2.821557521820068359e-01
2.501097023487091064e-01
3.494674563407897949e-01
3.447398543357849121e-01
2.761563360691070557e-01
8.489324450492858887e-01
3.161284327507019043e-01
3.056086897850036621e-01
2.576511502265930176e-01
2.748488076031208038e-02
4.722310602664947510e-02
1.033024936914443970e-01
3.311578929424285889e-02
2.054478079080581665e-01
3.750447332859039307e-01
1.183762103319168091e-01
2.437279820442199707e-01
8.013989925384521484e-01
2.833608686923980713e-01
2.690628729760646820e-02
1.676467657089233398e-01
2.821322083473205566e-01
1.640928983688354492e-01
2.524058222770690918e-01
6.150586009025573730e-01
3.016455173492431641e-01
7.310137152671813965e-01
2.003204636275768280e-02
3.014897704124450684e-01
3.173438906669616699e-01
2.230623364448547363e-01
5.607599020004272461e-01
8.071092516183853149e-02
1.936955749988555908e-02
9.231512248516082764e-02
1.538838446140289307e-01
4.518707394599914551e-01
1.713938564062118530e-01
3.834014832973480225e-01
1.124523133039474487e-01
1.372670978307723999e-01
1.886847317218780518e-01
1.351678222417831421e-01
3.539883196353912354e-01
2.821383774280548096e-01
7.317158579826354980e-02
7.724947929382324219e-01
2.367381155490875244e-01
2.943679094314575195e-01
8.961839675903320312e-01
2.471843361854553223e-01
2.739830017089843750e-01
4.129869043827056885e-01
8.899877220392227173e-02
1.157599687576293945e-01
1.157898679375648499e-01
7.214006036520004272e-02
7.638265192508697510e-02
2.225825637578964233e-01
1.352990716695785522e-01
8.682479262351989746e-01
1.685566157102584839e-01
6.121954694390296936e-02
9.689777344465255737e-02
8.547595739364624023e-01
4.349526464939117432e-01
3.192329406738281250e-01
1.291724741458892822e-01
3.437912464141845703e-01
2.807593345642089844e-01
2.369305938482284546e-01
3.940130472183227539e-01
1.812026649713516235e-02
4.119184613227844238e-02
1.872974336147308350e-01
1.027262434363365173e-01
1.068513467907905579e-01
9.984669089317321777e-02
6.792085766792297363e-01
2.232914566993713379e-01
8.222523927688598633e-01
2.313953787088394165e-01
3.478371202945709229e-01
3.445626050233840942e-02
7.183247804641723633e-01
3.716882169246673584e-01
6.008819937705993652e-01
6.542903184890747070e-01
3.847348988056182861e-01
3.314729332923889160e-01
2.771859169006347656e-01
2.118088454008102417e-01
1.427822262048721313e-01
2.268972434103488922e-02
3.484014272689819336e-01
5.307410359382629395e-01
8.076484799385070801e-01
4.674999415874481201e-02
3.301284015178680420e-01
2.023834586143493652e-01
2.005594968795776367e-01
7.039737701416015625e-02
6.553123146295547485e-02
4.928793907165527344e-01
6.179319620132446289e-01
1.777752488851547241e-02
1.066059172153472900e-01
3.710640668869018555e-01
3.056296333670616150e-02
1.358601301908493042e-01
1.414038836956024170e-01
1.862035542726516724e-01
2.591488063335418701e-01
2.013061791658401489e-01
7.037194371223449707e-01
4.511167407035827637e-01
2.825978994369506836e-01
1.141780689358711243e-01
3.171411752700805664e-01
6.400665640830993652e-02
3.897559344768524170e-01
3.919114768505096436e-01
1.274746954441070557e-01
1.833470910787582397e-01
9.512496739625930786e-02
5.980470776557922363e-01
1.404304504394531250e-01
3.208386600017547607e-01
2.857259288430213928e-02
6.488447785377502441e-01
1.103887259960174561e-01
3.141241893172264099e-02
3.658767342567443848e-01
5.692732334136962891e-01
3.320045471191406250e-01
5.969768390059471130e-02
3.538152202963829041e-02
3.134956657886505127e-01
3.969667553901672363e-01
1.988490372896194458e-01
6.336317211389541626e-02
2.551150918006896973e-01
2.292792350053787231e-01
2.374453544616699219e-01
8.693115413188934326e-02
4.765783846378326416e-01
3.495852649211883545e-02
1.625767201185226440e-01
7.055154442787170410e-01
4.004097282886505127e-01
1.365177929401397705e-01
9.116334915161132812e-01
2.597763538360595703e-01
4.788551330566406250e-01
9.812127798795700073e-02
4.472706317901611328e-01
4.308967292308807373e-01
3.044121712446212769e-02
7.361664772033691406e-01
8.036991357803344727e-01
2.793341279029846191e-01
1.000068895518779755e-02
2.959740459918975830e-01
2.968309819698333740e-01
2.121033519506454468e-01
3.294728398323059082e-01
1.851608008146286011e-01
1.270303428173065186e-01
2.337018698453903198e-01
1.248103007674217224e-01
1.074422970414161682e-01
3.150035142898559570e-01
2.899445593357086182e-02
2.301893383264541626e-01
8.179646730422973633e-02
7.621349096298217773e-01
5.079652667045593262e-01
3.874620795249938965e-01
1.793420314788818359e-01
3.964717090129852295e-01
2.600924074649810791e-01
1.274955719709396362e-01
8.562575578689575195e-01
1.566233783960342407e-01
3.772524893283843994e-01
8.558221459388732910e-01
2.653236687183380127e-01
4.668159410357475281e-02
3.061648309230804443e-01
6.493471562862396240e-02
7.202979922294616699e-01
1.328899264335632324e-01
1.483391821384429932e-01
3.202480971813201904e-01
6.305891871452331543e-01
3.498786389827728271e-01
4.803389608860015869e-01
2.739830017089843750e-01
2.318320274353027344e-01
4.156943559646606445e-01
1.906794011592864990e-01
2.236555814743041992e-01
2.057385891675949097e-01
2.839155197143554688e-01
1.675803214311599731e-01
3.370745778083801270e-01
5.495932102203369141e-01
6.830416619777679443e-02
3.041979968547821045e-01
8.801206946372985840e-01
6.957788020372390747e-02
4.946365058422088623e-01
1.402435600757598877e-01
1.234684437513351440e-01
2.775658667087554932e-01
1.256392598152160645e-01
4.267952740192413330e-01
4.564338028430938721e-01
1.113706529140472412e-01
4.336044192314147949e-01
7.910664677619934082e-01
9.090866446495056152e-01
9.088671207427978516e-01
2.734186127781867981e-02
2.835396826267242432e-01
3.055523633956909180e-01
3.202672302722930908e-01
8.558984994888305664e-01
2.299907952547073364e-01
3.049231767654418945e-01
2.554157972335815430e-01
5.836047232151031494e-02
7.710627317428588867e-01
1.956235617399215698e-02
1.435811817646026611e-01
5.449097156524658203e-01
4.141284152865409851e-02
1.818924695253372192e-01
2.808459103107452393e-01
3.384573161602020264e-01
8.801696300506591797e-01
1.760763861238956451e-02
5.195728316903114319e-02
1.035022661089897156e-01
7.226770520210266113e-01
8.630000352859497070e-01
1.364599727094173431e-02
6.736600399017333984e-01
4.541468992829322815e-02
4.190363883972167969e-01
2.342991232872009277e-01
5.978366136550903320e-01
3.554564714431762695e-01
7.697252184152603149e-02
2.874790728092193604e-01
6.002717614173889160e-01
5.426312610507011414e-02
2.288790419697761536e-02
3.955453038215637207e-01
3.273762390017509460e-02
8.888056874275207520e-02
4.143255650997161865e-01
3.535139560699462891e-01
5.317812412977218628e-02
3.939370810985565186e-01
3.146845996379852295e-01
1.911596953868865967e-01
4.062878340482711792e-02
2.847846150398254395e-01
8.223710060119628906e-01
6.505113244056701660e-01
7.710278034210205078e-01
2.498023211956024170e-01
3.012179434299468994e-01
1.637443453073501587e-01
2.858246564865112305e-01
8.974914997816085815e-02
1.350475698709487915e-01
5.021210014820098877e-02
4.465773403644561768e-01
7.367960810661315918e-01
6.503781080245971680e-01
9.012430906295776367e-02
3.919446766376495361e-01
1.416926980018615723e-01
2.527138888835906982e-01
8.003349304199218750e-01
4.636252820491790771e-01
1.600834727287292480e-01
7.120604068040847778e-02
6.725335866212844849e-02
2.233759686350822449e-02
2.499143779277801514e-01
8.376706242561340332e-01
2.468453794717788696e-01
2.613260410726070404e-02
1.084906682372093201e-01
3.661911189556121826e-01
6.734756827354431152e-01
1.226138398051261902e-01
2.453671991825103760e-01
4.427992105484008789e-01
8.008350729942321777e-01
1.441243439912796021e-01
9.096802026033401489e-02
2.438240349292755127e-01
4.003866016864776611e-01
3.117066323757171631e-01
1.570606045424938202e-02
3.850943744182586670e-01
8.693647384643554688e-01
4.894203543663024902e-01
4.078996479511260986e-01
2.057213336229324341e-01
7.205006480216979980e-02
3.178107440471649170e-01
3.210247457027435303e-01
2.487543076276779175e-01
3.018512427806854248e-01
5.243373513221740723e-01
1.992027461528778076e-01
4.332252591848373413e-02
2.658672630786895752e-02
3.599686026573181152e-01
3.021660149097442627e-01
2.233320660889148712e-02
1.854126304388046265e-01
7.214836478233337402e-01
2.069769501686096191e-01
4.604817032814025879e-01
2.998510301113128662e-01
2.565723657608032227e-01
2.056262344121932983e-01
9.298402070999145508e-02
5.544455647468566895e-01
8.809859156608581543e-01
1.696857437491416931e-02
8.979483246803283691e-01
9.210522770881652832e-01
4.856537580490112305e-01
3.474120795726776123e-01
4.364468455314636230e-01
9.538014978170394897e-02
4.106469750404357910e-01
5.503626465797424316e-01
5.954162478446960449e-01
5.849744081497192383e-01
8.734256774187088013e-02
1.272050440311431885e-01
2.352495342493057251e-01
7.409986853599548340e-01
2.687363326549530029e-01
2.945196330547332764e-01
4.149094521999359131e-01
4.216142296791076660e-01
2.297721505165100098e-01
2.858347594738006592e-01
3.094732165336608887e-01
2.576679289340972900e-01
2.982562780380249023e-01
4.054911136627197266e-01
4.018244743347167969e-01
3.049063868820667267e-02
4.199088811874389648e-01
6.636620312929153442e-02
3.076120018959045410e-01
6.945720911026000977e-01
3.855621069669723511e-02
1.014271378517150879e-01
9.111015498638153076e-02
3.631290495395660400e-01
9.188994169235229492e-01
3.658924400806427002e-01
8.226081728935241699e-01
4.755825176835060120e-02
1.193001400679349899e-02
2.615226246416568756e-02
8.054909110069274902e-01
2.401865422725677490e-01
2.082102149724960327e-01
3.552194237709045410e-01
1.862016618251800537e-01
9.397365897893905640e-02
4.690341278910636902e-02
4.891586005687713623e-01
8.854758143424987793e-01
2.740187384188175201e-02
6.096599623560905457e-02
7.802209258079528809e-01
1.833247989416122437e-01
4.167021438479423523e-02
2.269655019044876099e-01
8.025968074798583984e-02
2.578845024108886719e-01
2.457874864339828491e-01
4.142084419727325439e-01
7.983323931694030762e-02
1.926944106817245483e-01
5.154562368988990784e-02
2.364624589681625366e-01
4.524245858192443848e-01
4.276270568370819092e-01
1.872623562812805176e-01
9.708661586046218872e-02
1.772783100605010986e-01
8.359529078006744385e-02
3.235909044742584229e-01
1.761900782585144043e-01
3.090015649795532227e-01
7.940986752510070801e-02
3.317921459674835205e-01
9.200639128684997559e-01
5.564180761575698853e-02
3.337704837322235107e-01
1.859119385480880737e-01
4.480220079421997070e-01
2.641621530055999756e-01
2.259821891784667969e-01
3.847044706344604492e-01
9.016258716583251953e-01
1.091361641883850098e-01
1.522329896688461304e-01
6.484057754278182983e-02
1.269461363554000854e-01
9.826469421386718750e-02
5.388135910034179688e-01
3.184911906719207764e-01
2.349585145711898804e-01
8.693693280220031738e-01
3.732099533081054688e-01
5.670794844627380371e-01
2.153901904821395874e-01
1.273260265588760376e-01
5.017421841621398926e-01
8.656466752290725708e-02
1.578211784362792969e-02
8.901157379150390625e-01
5.888869166374206543e-01
6.208332180976867676e-01
5.187710523605346680e-01
6.360603123903274536e-02
2.781352698802947998e-01
2.643085718154907227e-01
2.425224184989929199e-01
3.446964025497436523e-01
5.278005078434944153e-02
1.043203175067901611e-01
3.076356351375579834e-01
9.328908473253250122e-02
6.894840002059936523e-01
5.214708447456359863e-01
4.167872965335845947e-01
5.320486053824424744e-02
5.403761267662048340e-01
8.132399916648864746e-01
1.782196164131164551e-01
8.152924180030822754e-01
4.333344995975494385e-01
4.449207186698913574e-01
5.975904688239097595e-02
7.103076577186584473e-01
4.287250638008117676e-01
6.236141547560691833e-02
7.517672181129455566e-01
2.896579504013061523e-01
8.484043478965759277e-01
7.027088105678558350e-02
3.246331512928009033e-01
2.954795062541961670e-01
3.427807688713073730e-01
3.192818760871887207e-01
8.831955194473266602e-01
1.535600274801254272e-01
3.596539795398712158e-01
1.580261066555976868e-02
8.332311511039733887e-01
1.175126284360885620e-01
2.601146697998046875e-02
7.753640413284301758e-01
8.288058042526245117e-01
2.800631523132324219e-01
1.179362609982490540e-01
3.871634304523468018e-01
4.393129646778106689e-01
8.079642653465270996e-01
2.010346502065658569e-01
8.182688951492309570e-01
2.030472271144390106e-02
3.515627682209014893e-01
4.503908008337020874e-02
3.603804111480712891e-01
7.927720993757247925e-02
3.614528477191925049e-01
3.499152958393096924e-01
2.676068544387817383e-01
3.896135091781616211e-01
1.051518172025680542e-01
6.186807751655578613e-01
8.162314295768737793e-01
2.400666326284408569e-01
4.150420725345611572e-01
4.756891354918479919e-02
3.541797995567321777e-01
8.087858557701110840e-01
6.121245622634887695e-01
1.910144537687301636e-01
3.115818202495574951e-01
1.181599274277687073e-01
2.385835200548171997e-01
6.425049901008605957e-02
1.839163750410079956e-01
8.632529377937316895e-01
1.823585480451583862e-01
4.731004238128662109e-01
1.773658394813537598e-01
3.496621251106262207e-01
1.800356507301330566e-01
3.228825330734252930e-01
8.187240362167358398e-02
6.579985469579696655e-02
2.783360481262207031e-01
8.548724651336669922e-01
4.399887025356292725e-01
3.292538523674011230e-01
8.395230025053024292e-02
4.731209278106689453e-01
8.871449232101440430e-01
5.703033804893493652e-01
1.132455244660377502e-01
2.006922811269760132e-01
5.096515417098999023e-01
6.350892186164855957e-01
8.532804846763610840e-01
3.207954764366149902e-02
8.833996653556823730e-01
7.651148438453674316e-01
6.551707386970520020e-01
8.732638359069824219e-01
4.031455814838409424e-01
1.964338123798370361e-02
4.774656891822814941e-01
3.560431003570556641e-01
5.364633798599243164e-01
1.755718290805816650e-01
6.310451030731201172e-01
3.021116852760314941e-01
2.026809900999069214e-01
5.214362144470214844e-01
5.377416014671325684e-01
6.625159978866577148e-01
3.102088160812854767e-02
1.679521054029464722e-01
5.710901021957397461e-01
3.412569761276245117e-01
4.026989340782165527e-01
2.679990530014038086e-01
3.579788208007812500e-01
7.494097352027893066e-01
6.802328228950500488e-01
1.481962054967880249e-01
1.994957178831100464e-01
2.739830017089843750e-01
1.505091972649097443e-02
2.814493477344512939e-01
1.547788977622985840e-01
3.922069370746612549e-01
1.359103918075561523e-01
2.091869711875915527e-02
5.351427197456359863e-01
2.714607119560241699e-01
4.997557774186134338e-02
3.746622204780578613e-01
8.258464187383651733e-02
6.437837481498718262e-01
3.630996942520141602e-01
4.827433824539184570e-02
2.119597643613815308e-01
2.382873184978961945e-02
3.232461810111999512e-01
2.460722774267196655e-01
2.076592147350311279e-01
6.853805482387542725e-02
7.797215133905410767e-02
2.849902808666229248e-01
1.414925605058670044e-01
1.913760602474212646e-01
1.717478781938552856e-01
1.983229368925094604e-01
3.904668092727661133e-01
5.728760361671447754e-01
3.878897428512573242e-02
5.884334072470664978e-02
4.219702482223510742e-01
3.005320727825164795e-01
7.666609436273574829e-02
9.227961301803588867e-01
5.340751409530639648e-01
8.581851422786712646e-02
1.242317706346511841e-01
3.093149363994598389e-01
5.342667549848556519e-02
9.460218250751495361e-02
3.796697854995727539e-01
2.967945337295532227e-01
4.888320863246917725e-01
3.590260744094848633e-01
3.506485819816589355e-01
3.416061401367187500e-02
2.813323438167572021e-01
1.503020823001861572e-01
3.269665539264678955e-01
3.143879771232604980e-01
3.374732136726379395e-01
3.782100975513458252e-01
1.682896912097930908e-01
9.189119935035705566e-01
5.111909285187721252e-02
2.508972287178039551e-01
5.269415378570556641e-01
3.150065541267395020e-01
3.843195736408233643e-01
4.722359180450439453e-01
4.033982753753662109e-01
1.937269866466522217e-01
5.962529182434082031e-01
4.567227363586425781e-01
2.081807851791381836e-01
8.565257787704467773e-01
1.754354089498519897e-01
6.765620708465576172e-01
6.795707941055297852e-01
6.640627980232238770e-02
1.704707555472850800e-02
4.071092009544372559e-01
2.490925490856170654e-01
4.610126093029975891e-02
2.753240168094635010e-01
9.109039306640625000e-01
1.257132291793823242e-01
3.660863265395164490e-02
9.261874854564666748e-02
3.773711249232292175e-02
2.783633172512054443e-01
5.721740424633026123e-02
1.341225057840347290e-01
6.838995218276977539e-02
4.237455725669860840e-01
2.106201648712158203e-01
4.279610216617584229e-01
3.748250305652618408e-01
7.969476580619812012e-01
1.906121969223022461e-01
1.108382567763328552e-01
5.325422286987304688e-01
5.769256353378295898e-01
7.534241676330566406e-02
2.873307764530181885e-01
2.739232182502746582e-01
1.938602514564990997e-02
9.033420085906982422e-01
2.584202885627746582e-01
2.717973589897155762e-01
5.422254279255867004e-02
2.426725625991821289e-01
2.779292166233062744e-01
5.461774468421936035e-01
2.059121280908584595e-01
1.938877403736114502e-01
4.932809993624687195e-02
3.218293786048889160e-01
1.864321976900100708e-01
6.519506871700286865e-02
3.621657490730285645e-01
2.931018471717834473e-01
3.334274142980575562e-02
1.219180300831794739e-01
1.865191161632537842e-01
3.203962445259094238e-01
1.892495900392532349e-01
8.618583679199218750e-01
8.534941077232360840e-01
2.219318300485610962e-01
