2.130254544317722321e-02
9.619387388229370117e-01
4.236475750803947449e-02
8.753949999809265137e-01
2.466593086719512939e-01
5.135747417807579041e-02
7.888184785842895508e-01
3.121812343597412109e-01
9.404161572456359863e-01
3.411383181810379028e-02
4.187826216220855713e-01
2.396642118692398071e-01
9.092164039611816406e-01
4.253060519695281982e-01
8.189404010772705078e-02
2.716121971607208252e-01
4.071595072746276855e-01
7.644951343536376953e-01
9.609348773956298828e-01
2.575206160545349121e-01
7.940948009490966797e-01
8.479140400886535645e-01
5.245630443096160889e-02
3.023284673690795898e-02
4.088500142097473145e-01
3.363881632685661316e-02
9.030572175979614258e-01
3.741754889488220215e-01
2.155822217464447021e-01
3.539007902145385742e-01
1.461754292249679565e-01
1.568358391523361206e-02
9.100573062896728516e-01
1.101672872900962830e-01
1.316558718681335449e-01
1.364127993583679199e-01
5.114818215370178223e-01
8.056807518005371094e-02
6.653037071228027344e-01
9.424976706504821777e-01
8.053438365459442139e-02
7.355291396379470825e-02
5.025539547204971313e-02
1.384564191102981567e-01
4.206423833966255188e-02
2.881748974323272705e-01
4.663281440734863281e-01
6.812294125556945801e-01
1.800512708723545074e-02
8.746597766876220703e-01
1.169010624289512634e-01
2.181056328117847443e-02
2.368010729551315308e-01
3.847918212413787842e-01
2.856942415237426758e-01
5.195724591612815857e-02
8.857324123382568359e-01
7.686265558004379272e-02
2.362670563161373138e-02
2.252031862735748291e-01
3.002641499042510986e-01
8.665169030427932739e-02
5.567528307437896729e-02
6.327441334724426270e-02
4.482113569974899292e-02
1.468086987733840942e-01
4.318532347679138184e-02
1.347341686487197876e-01
5.344058275222778320e-01
1.658642888069152832e-01
3.266487643122673035e-02
8.291210532188415527e-01
6.669953465461730957e-01
9.436638653278350830e-02
4.516423344612121582e-01
5.990913137793540955e-02
3.554148972034454346e-02
1.370693556964397430e-02
1.134637072682380676e-01
5.267299711704254150e-02
9.470791816711425781e-01
8.957034945487976074e-01
9.339807629585266113e-01
5.917789340019226074e-01
9.536274671554565430e-01
7.872335314750671387e-01
6.074392795562744141e-02
7.600793987512588501e-02
5.385596752166748047e-01
2.672565579414367676e-01
8.712503910064697266e-01
4.644807055592536926e-02
4.627317562699317932e-02
5.340704321861267090e-01
6.405648589134216309e-01
6.932030916213989258e-01
6.241065859794616699e-01
9.505371451377868652e-01
9.320547431707382202e-02
7.825313508510589600e-02
7.068886756896972656e-01
9.566421061754226685e-02
6.619667410850524902e-01
1.267237812280654907e-01
3.153744935989379883e-01
1.668008416891098022e-01
4.813700914382934570e-02
7.746380567550659180e-01
4.880043864250183105e-01
3.896947205066680908e-01
1.622314751148223877e-01
3.570678085088729858e-02
4.656810313463211060e-02
9.343080520629882812e-01
2.452348172664642334e-01
6.280443817377090454e-02
9.145807623863220215e-01
4.678496718406677246e-02
1.815273761749267578e-01
6.887034773826599121e-01
1.309668738394975662e-02
6.956165283918380737e-02
9.742499142885208130e-02
7.968412637710571289e-01
9.319239258766174316e-01
4.749643057584762573e-02
4.522339254617691040e-02
1.927029639482498169e-01
3.608257323503494263e-02
6.080942228436470032e-02
9.498835802078247070e-01
4.371743649244308472e-02
9.234143495559692383e-01
2.847421765327453613e-01
4.136334955692291260e-01
3.745740354061126709e-01
9.405053257942199707e-01
1.025693565607070923e-01
6.580777764320373535e-01
4.729195684194564819e-02
8.494997024536132812e-01
8.728753328323364258e-01
7.313650846481323242e-01
4.073509275913238525e-01
2.533407211303710938e-01
4.994332417845726013e-02
3.740724623203277588e-01
8.171026110649108887e-01
6.371765732765197754e-01
1.234328672289848328e-01
2.759952656924724579e-02
1.051564514636993408e-01
5.485853925347328186e-02
2.287914156913757324e-01
9.552104026079177856e-02
6.677085906267166138e-02
2.975871860980987549e-01
8.547118306159973145e-02
1.973707228899002075e-01
7.879030108451843262e-01
4.686051607131958008e-01
6.611526608467102051e-01
8.741537481546401978e-02
1.765013337135314941e-01
9.085064530372619629e-01
7.343267202377319336e-01
3.263705372810363770e-01
2.887449860572814941e-01
9.211316704750061035e-02
1.806972175836563110e-01
6.112725660204887390e-02
3.981747850775718689e-02
5.991811752319335938e-01
6.880061030387878418e-01
7.796102762222290039e-02
9.459986686706542969e-01
3.357582986354827881e-01
4.637170955538749695e-02
8.343492150306701660e-01
1.236488819122314453e-01
1.033007055521011353e-01
2.822521142661571503e-02
6.474433094263076782e-02
1.404424458742141724e-01
3.142642602324485779e-02
7.224049419164657593e-02
1.871659010648727417e-01
5.324794054031372070e-01
4.115389883518218994e-01
1.095519661903381348e-01
4.024303331971168518e-02
7.863829731941223145e-01
5.739029496908187866e-02
8.539485931396484375e-01
3.110240399837493896e-01
6.072704195976257324e-01
2.691194415092468262e-02
1.903324127197265625e-01
6.208057403564453125e-01
2.619211003184318542e-02
2.682913281023502350e-02
1.068267598748207092e-01
8.506639599800109863e-01
1.236794292926788330e-01
8.897098302841186523e-01
9.300189018249511719e-01
4.918193221092224121e-01
5.802622437477111816e-02
9.574780464172363281e-01
3.624724149703979492e-01
1.041763797402381897e-01
4.604007303714752197e-02
2.317401766777038574e-01
4.383570849895477295e-01
1.972428560256958008e-01
2.092107012867927551e-02
9.082611203193664551e-01
4.358142316341400146e-01
7.926542758941650391e-01
6.543541699647903442e-02
9.344581961631774902e-01
9.572201371192932129e-01
7.871729731559753418e-01
8.877295255661010742e-02
1.376159340143203735e-01
1.167490631341934204e-01
7.774880528450012207e-01
8.115423321723937988e-01
9.146543592214584351e-02
5.499019026756286621e-01
6.042236685752868652e-01
9.281898736953735352e-01
1.049179807305335999e-01
6.152843236923217773e-01
8.819531202316284180e-01
4.751324653625488281e-01
6.853839159011840820e-01
9.378086924552917480e-01
8.219741284847259521e-02
3.332298696041107178e-01
9.188058972358703613e-01
7.772204279899597168e-02
7.895050048828125000e-01
4.521699249744415283e-02
1.495654135942459106e-01
4.542632102966308594e-01
3.081580065190792084e-02
9.582414031028747559e-01
6.883444637060165405e-02
7.597727179527282715e-01
9.585969895124435425e-02
8.256100863218307495e-02
1.529065072536468506e-01
5.533066764473915100e-02
1.192914918065071106e-01
1.165926530957221985e-01
5.378578305244445801e-01
8.559424877166748047e-01
9.110169857740402222e-02
8.888114690780639648e-01
1.033731177449226379e-01
7.716747522354125977e-01
3.863457441329956055e-01
2.727505378425121307e-02
1.354485452175140381e-01
5.330539345741271973e-01
1.798441112041473389e-01
4.370046257972717285e-01
1.173263639211654663e-01
7.188757658004760742e-01
9.204907417297363281e-01
7.902185916900634766e-01
2.776147723197937012e-01
2.010795176029205322e-01
9.288256168365478516e-01
1.219928786158561707e-01
8.478162884712219238e-01
5.575417354702949524e-02
9.147924184799194336e-01
7.189680635929107666e-02
2.239769846200942993e-01
9.301413297653198242e-01
1.561342179775238037e-01
3.807171881198883057e-01
5.375159978866577148e-01
2.580336034297943115e-01
3.963999077677726746e-02
1.293281763792037964e-01
4.700203239917755127e-01
1.210009232163429260e-01
1.240422055125236511e-01
6.971320509910583496e-01
7.900957465171813965e-01
2.650474309921264648e-01
1.420578956604003906e-01
2.593390084803104401e-02
7.274953275918960571e-02
7.977957129478454590e-01
5.524978637695312500e-01
5.475378409028053284e-02
9.347125887870788574e-01
5.758587121963500977e-01
2.547089457511901855e-01
1.126611679792404175e-01
7.191915810108184814e-02
3.649250045418739319e-02
9.152960777282714844e-02
8.674073219299316406e-01
9.296574592590332031e-01
8.461415767669677734e-01
4.726599454879760742e-01
8.779183030128479004e-02
1.107813566923141479e-01
5.464553460478782654e-02
5.960507988929748535e-01
5.330102443695068359e-01
9.088672995567321777e-01
8.602973222732543945e-01
1.712265461683273315e-01
2.151395976543426514e-01
5.159252285957336426e-01
2.839681506156921387e-01
1.791932731866836548e-01
9.397145509719848633e-01
3.838874101638793945e-01
5.230049490928649902e-01
2.554533779621124268e-01
3.808151930570602417e-02
4.196290671825408936e-02
5.546823889017105103e-02
3.820095583796501160e-02
7.272510230541229248e-02
4.309782981872558594e-01
8.125750720500946045e-02
1.759087443351745605e-01
9.422997832298278809e-01
2.992610335350036621e-01
2.113108895719051361e-02
8.327155560255050659e-02
3.460908532142639160e-01
4.584459960460662842e-02
1.502011716365814209e-01
8.966746330261230469e-01
3.901508152484893799e-01
9.046848416328430176e-01
1.701453141868114471e-02
4.607242345809936523e-01
7.022163867950439453e-01
1.726915538311004639e-01
9.451993107795715332e-01
4.622670635581016541e-02
1.737731881439685822e-02
4.599228128790855408e-02
1.269472241401672363e-01
6.663494110107421875e-01
9.040068835020065308e-02
7.985087037086486816e-01
1.010045483708381653e-01
8.676025271415710449e-02
1.682005822658538818e-01
1.200032457709312439e-01
5.168588757514953613e-01
2.170227915048599243e-01
5.101182311773300171e-02
9.070080518722534180e-01
2.434321939945220947e-01
3.107251524925231934e-01
9.560610651969909668e-01
2.104493379592895508e-01
1.075734123587608337e-01
3.566769659519195557e-01
4.255500435829162598e-02
1.300976127386093140e-01
4.880871251225471497e-02
5.000083893537521362e-02
7.005970925092697144e-02
1.026992201805114746e-01
4.159446433186531067e-02
9.276812672615051270e-01
1.025245487689971924e-01
4.315800592303276062e-02
2.483968064188957214e-02
8.987348675727844238e-01
6.250582337379455566e-01
2.126854360103607178e-01
1.214165613055229187e-01
3.390126228332519531e-01
2.187852263450622559e-01
1.890032589435577393e-01
1.646117269992828369e-01
1.835354976356029510e-02
5.790239945054054260e-02
7.107969373464584351e-02
1.048035845160484314e-01
1.308787614107131958e-01
8.463391102850437164e-03
8.435751199722290039e-01
3.934543430805206299e-01
9.109250903129577637e-01
2.271865308284759521e-01
2.777860164642333984e-01
5.988648906350135803e-02
8.471658825874328613e-01
5.336605906486511230e-01
7.701891064643859863e-01
9.077293872833251953e-01
3.067560195922851562e-01
5.059956908226013184e-01
3.355426788330078125e-01
1.270673125982284546e-01
4.743582382798194885e-02
3.015253506600856781e-02
1.745642125606536865e-01
6.068722605705261230e-01
9.040885567665100098e-01
5.252809450030326843e-02
3.668269217014312744e-01
1.077672000974416733e-02
9.379539638757705688e-02
6.119359657168388367e-02
5.183729529380798340e-02
8.080763220787048340e-01
5.852319598197937012e-01
2.062138356268405914e-02
4.701545089483261108e-02
8.149299621582031250e-01
3.872108086943626404e-02
5.654486641287803650e-02
9.104378521442413330e-02
1.011885628104209900e-01
1.881431788206100464e-01
2.436100244522094727e-01
8.645499348640441895e-01
6.275027990341186523e-01
1.866535991430282593e-01
5.398371443152427673e-02
5.382764339447021484e-01
5.233623832464218140e-02
6.382619738578796387e-01
3.216763734817504883e-01
7.464136183261871338e-02
3.963181376457214355e-02
5.035056546330451965e-02
7.566954493522644043e-01
4.782262817025184631e-02
2.466584742069244385e-01
3.384857252240180969e-02
7.601909041404724121e-01
7.429804652929306030e-02
2.187421731650829315e-02
2.042507529258728027e-01
9.125189781188964844e-01
4.848777949810028076e-01
2.866045571863651276e-02
5.069719627499580383e-02
2.610392868518829346e-01
2.885152399539947510e-01
4.593525081872940063e-02
8.623079955577850342e-02
2.151889353990554810e-01
2.648169696331024170e-01
1.066569238901138306e-01
6.430745869874954224e-02
2.322663366794586182e-01
2.856559120118618011e-02
8.381950110197067261e-02
5.055350065231323242e-01
4.708076715469360352e-01
6.640335172414779663e-02
9.594648480415344238e-01
5.601313114166259766e-01
7.641001939773559570e-01
4.870255663990974426e-02
7.458081841468811035e-01
6.955241560935974121e-01
2.290024608373641968e-02
9.116023778915405273e-01
9.279336333274841309e-01
4.122875928878784180e-01
1.176194101572036743e-02
3.599075376987457275e-01
5.503434538841247559e-01
1.459715366363525391e-01
7.155103087425231934e-01
5.887674540281295776e-02
1.103418692946434021e-01
2.701766788959503174e-01
7.218672335147857666e-02
1.230145469307899475e-01
4.314585924148559570e-01
2.229044213891029358e-02
5.389465093612670898e-01
2.101075053215026855e-01
9.203656315803527832e-01
7.013268470764160156e-01
5.593414306640625000e-01
1.642829924821853638e-01
6.134184002876281738e-01
2.356778532266616821e-01
7.115416228771209717e-02
9.374510049819946289e-01
1.254708170890808105e-01
7.368530035018920898e-01
9.461470842361450195e-01
5.698693543672561646e-02
3.392112255096435547e-02
1.397341936826705933e-01
6.074682623147964478e-02
8.368937373161315918e-01
5.231801792979240417e-02
4.049604386091232300e-02
3.776957094669342041e-01
7.837556004524230957e-01
2.931873500347137451e-01
7.677968740463256836e-01
1.075734123587608337e-01
2.555201947689056396e-01
7.353684902191162109e-01
1.271803230047225952e-01
1.841346323490142822e-01
2.212156206369400024e-01
5.213574171066284180e-01
1.591561883687973022e-01
3.942009806632995605e-01
7.912409901618957520e-01
7.036127895116806030e-02
6.233718395233154297e-01
9.081801176071166992e-01
7.181032001972198486e-02
7.653334140777587891e-01
1.307509839534759521e-01
9.015447646379470825e-02
2.003100365400314331e-01
6.051560863852500916e-02
8.402356505393981934e-01
7.800686359405517578e-01
2.600685954093933105e-01
7.073345780372619629e-01
9.008214473724365234e-01
9.598047137260437012e-01
9.491007328033447266e-01
2.059474028646945953e-02
4.099574983119964600e-01
2.566605508327484131e-01
3.880296349525451660e-01
9.348357915878295898e-01
1.857553273439407349e-01
2.363546043634414673e-01
1.380617767572402954e-01
4.406292736530303955e-02
9.494011998176574707e-01
1.389850303530693054e-02
3.023701719939708710e-02
8.701075911521911621e-01
3.156325221061706543e-02
7.711544632911682129e-02
4.403351247310638428e-01
4.056485295295715332e-01
9.497584700584411621e-01
1.553939469158649445e-02
4.803744703531265259e-02
8.342851698398590088e-02
8.736456036567687988e-01
9.330512285232543945e-01
1.581355929374694824e-02
9.263643622398376465e-01
3.746806830167770386e-02
6.995844244956970215e-01
1.137590035796165466e-01
8.289151191711425781e-01
3.495919406414031982e-01
6.181957572698593140e-02
3.675481677055358887e-01
8.277482986450195312e-01
8.367335051298141479e-02
2.092318981885910034e-02
8.069095015525817871e-01
2.692127786576747894e-02
5.995220690965652466e-02
3.737451434135437012e-01
5.663623213768005371e-01
3.330588340759277344e-02
7.846336960792541504e-01
1.527967751026153564e-01
1.802627593278884888e-01
2.791955880820751190e-02
3.264318406581878662e-01
9.304573535919189453e-01
8.982752561569213867e-01
8.974871039390563965e-01
4.280461966991424561e-01
5.309857130050659180e-01
1.238662376999855042e-01
2.827941775321960449e-01
7.381033152341842651e-02
4.162350296974182129e-02
5.361381545662879944e-02
7.997984886169433594e-01
8.867039084434509277e-01
8.552257418632507324e-01
3.030429221689701080e-02
5.504825711250305176e-01
9.157448261976242065e-02
2.189840078353881836e-01
9.241316318511962891e-01
5.982425212860107422e-01
9.407645463943481445e-02
4.345787316560745239e-02
4.241097345948219299e-02
1.907406002283096313e-02
2.916088998317718506e-01
9.297725558280944824e-01
1.656543761491775513e-01
2.032480761408805847e-02
7.201275229454040527e-02
5.881930589675903320e-01
7.808503508567810059e-01
5.061666294932365417e-02
3.074377477169036865e-01
6.093091368675231934e-01
8.705652356147766113e-01
8.117917925119400024e-02
5.070310458540916443e-02
1.704001873731613159e-01
6.592609286308288574e-01
5.534969568252563477e-01
1.353251188993453979e-02
7.285289168357849121e-01
9.389708638191223145e-01
8.300268054008483887e-01
7.621262073516845703e-01
5.435293912887573242e-02
5.421633273363113403e-02
8.585155606269836426e-01
5.848566293716430664e-01
2.506816685199737549e-01
6.686179637908935547e-01
7.949007153511047363e-01
1.123152747750282288e-01
3.314157947897911072e-02
2.429463341832160950e-02
4.576018452644348145e-01
2.710990309715270996e-01
1.900600083172321320e-02
1.066198796033859253e-01
8.722406029701232910e-01
2.582401037216186523e-01
7.476284503936767578e-01
2.895893752574920654e-01
2.116103023290634155e-01
6.188939884305000305e-02
6.172634288668632507e-02
7.087803483009338379e-01
9.282903671264648438e-01
1.656349562108516693e-02
9.463339447975158691e-01
9.609056115150451660e-01
8.721293210983276367e-01
4.165174365043640137e-01
8.071450591087341309e-01
1.035930365324020386e-01
5.956848263740539551e-01
8.517171144485473633e-01
8.406037092208862305e-01
8.523284196853637695e-01
5.161346867680549622e-02
9.353826195001602173e-02
6.887804716825485229e-02
8.240559101104736328e-01
2.045467793941497803e-01
4.183046519756317139e-01
5.822126269340515137e-01
7.175077199935913086e-01
2.026291042566299438e-01
3.307918310165405273e-01
6.623747348785400391e-01
1.600207984447479248e-01
4.225644767284393311e-01
8.113974332809448242e-01
5.435916185379028320e-01
2.171451412141323090e-02
5.103485584259033203e-01
4.864557459950447083e-02
3.133748173713684082e-01
8.589587807655334473e-01
8.833015710115432739e-02
8.384600281715393066e-02
4.581816866993904114e-02
2.545870244503021240e-01
9.598428606986999512e-01
4.815258681774139404e-01
9.379467368125915527e-01
3.562075644731521606e-02
1.236167270690202713e-02
2.794088050723075867e-02
9.200096130371093750e-01
1.999482810497283936e-01
2.415161132812500000e-01
5.616647601127624512e-01
1.711639016866683960e-01
1.042454466223716736e-01
5.791456624865531921e-02
7.571904659271240234e-01
9.422011375427246094e-01
2.309652976691722870e-02
4.516714811325073242e-02
9.406374096870422363e-01
1.028006449341773987e-01
3.468712419271469116e-02
2.681538760662078857e-01
6.850390881299972534e-02
2.525066137313842773e-01
2.869334220886230469e-01
4.704670906066894531e-01
3.835811093449592590e-02
1.116184890270233154e-01
4.166869446635246277e-02
6.236759200692176819e-02
8.444487452507019043e-01
7.824735641479492188e-01
7.255399227142333984e-02
3.322304040193557739e-02
4.068720340728759766e-02
6.848312914371490479e-02
1.692859977483749390e-01
1.409237235784530640e-01
1.009642854332923889e-01
3.919839113950729370e-02
1.939022690057754517e-01
9.598294496536254883e-01
3.099434822797775269e-02
2.815704643726348877e-01
1.171307712793350220e-01
8.393619060516357422e-01
3.155037164688110352e-01
3.096446022391319275e-02
5.257527828216552734e-01
9.509388208389282227e-01
8.081020414829254150e-02
9.021974354982376099e-02
5.099395290017127991e-02
6.421794742345809937e-02
4.421591386198997498e-02
8.041628003120422363e-01
1.128656640648841858e-01
1.842805892229080200e-01
9.427595734596252441e-01
4.344058930873870850e-01
7.931442260742187500e-01
2.572519481182098389e-01
5.119504407048225403e-02
7.990236878395080566e-01
4.679819196462631226e-02
1.517954468727111816e-02
9.516220092773437500e-01
8.599109649658203125e-01
9.030700922012329102e-01
5.703976154327392578e-01
5.113811045885086060e-02
4.876926541328430176e-01
1.492783129215240479e-01
2.027867436408996582e-01
5.349509716033935547e-01
3.569705411791801453e-02
5.803864076733589172e-02
5.023662447929382324e-01
4.406962543725967407e-02
8.143612146377563477e-01
6.688551902770996094e-01
6.857627630233764648e-01
4.144861176609992981e-02
8.396189212799072266e-01
7.769215106964111328e-01
9.224084764719009399e-02
9.369560480117797852e-01
4.996475577354431152e-01
5.148699283599853516e-01
4.664789885282516479e-02
9.296441674232482910e-01
6.511375904083251953e-01
5.057093873620033264e-02
9.112358093261718750e-01
3.104530870914459229e-01
9.100404381752014160e-01
4.206639155745506287e-02
2.969628274440765381e-01
4.309110641479492188e-01
4.754953384399414062e-01
6.316215991973876953e-01
9.524974822998046875e-01
1.052390784025192261e-01
3.564310669898986816e-01
1.625634729862213135e-02
9.184986948966979980e-01
6.714390963315963745e-02
1.978276856243610382e-02
9.260746240615844727e-01
9.113628268241882324e-01
5.615096092224121094e-01
3.327269107103347778e-02
6.374915838241577148e-01
5.635860562324523926e-01
9.312390685081481934e-01
7.163204252719879150e-02
9.372062683105468750e-01
1.721458509564399719e-02
4.687057137489318848e-01
3.347708657383918762e-02
3.682253360748291016e-01
6.105129420757293701e-02
1.914594173431396484e-01
2.867418527603149414e-01
1.191253364086151123e-01
3.639078140258789062e-01
8.101264387369155884e-02
8.400827050209045410e-01
9.370991587638854980e-01
8.442872017621994019e-02
5.001912713050842285e-01
3.831503912806510925e-02
6.128743290901184082e-01
9.408299326896667480e-01
9.005537629127502441e-01
2.077843993902206421e-01
2.082161754369735718e-01
7.107836008071899414e-02
1.239108517765998840e-01
6.982249766588211060e-02
2.812817990779876709e-01
9.469757080078125000e-01
1.606000661849975586e-01
8.240286707878112793e-01
2.834346592426300049e-01
8.610420227050781250e-01
9.985792636871337891e-02
1.329217851161956787e-01
6.054624915122985840e-02
4.714587330818176270e-02
2.299733757972717285e-01
9.271820187568664551e-01
8.548592925071716309e-01
8.330258727073669434e-02
3.370998427271842957e-02
6.634921431541442871e-01
9.447028636932373047e-01
8.677507638931274414e-01
1.127978563308715820e-01
1.117421686649322510e-01
9.007591605186462402e-01
7.818019986152648926e-01
9.036653637886047363e-01
7.042882591485977173e-02
9.445458650588989258e-01
8.953965902328491211e-01
8.951142430305480957e-01
9.370036125183105469e-01
5.377618074417114258e-01
1.593904942274093628e-02
6.889605522155761719e-01
3.737822473049163818e-01
7.599749565124511719e-01
1.844511330127716064e-01
8.353974819183349609e-01
4.946898519992828369e-01
9.115318208932876587e-02
8.024483323097229004e-01
4.026981294155120850e-01
8.413884043693542480e-01
2.914696931838989258e-02
1.042655259370803833e-01
8.165976405143737793e-01
5.486508607864379883e-01
5.528697967529296875e-01
1.897258758544921875e-01
5.280808210372924805e-01
8.702150583267211914e-01
7.850170135498046875e-01
3.893903270363807678e-02
7.539757341146469116e-02
1.075734123587608337e-01
1.510255876928567886e-02
3.503244817256927490e-01
9.220138192176818848e-02
6.853029131889343262e-01
1.176051795482635498e-01
2.294188924133777618e-02
9.211872816085815430e-01
5.730445981025695801e-01
4.050670936703681946e-02
4.022568464279174805e-01
6.133456528186798096e-02
8.658038377761840820e-01
6.920733451843261719e-01
4.085717722773551941e-02
2.654363512992858887e-01
2.323525957763195038e-02
6.344580054283142090e-01
3.110134601593017578e-01
9.728092700242996216e-02
3.845980018377304077e-02
4.874987527728080750e-02
6.235788464546203613e-01
1.306679844856262207e-01
4.521978273987770081e-02
8.513331413269042969e-02
1.339115351438522339e-01
5.197827219963073730e-01
5.487384200096130371e-01
4.102647304534912109e-02
6.270370632410049438e-02
4.982886016368865967e-01
5.188931226730346680e-01
5.094969645142555237e-02
9.628841280937194824e-01
8.479008078575134277e-01
5.800613015890121460e-02
3.467841818928718567e-02
2.352402806282043457e-01
5.094381421804428101e-02
9.656291455030441284e-02
6.624245643615722656e-01
4.237206578254699707e-01
7.026346921920776367e-01
6.809756159782409668e-01
7.402311563491821289e-01
4.119383916258811951e-02
3.138834834098815918e-01
1.826963126659393311e-01
3.132382035255432129e-01
3.793085813522338867e-01
1.577172875404357910e-01
5.376960039138793945e-01
5.174000859260559082e-01
9.593480825424194336e-01
5.790232494473457336e-02
2.314099073410034180e-01
9.216563105583190918e-01
2.786051332950592041e-01
5.833973288536071777e-01
7.985097169876098633e-01
6.297314167022705078e-01
2.574049830436706543e-01
9.029668569564819336e-01
6.553435921669006348e-01
2.232510447502136230e-01
9.204177260398864746e-01
6.914582103490829468e-02
8.824132680892944336e-01
8.974800705909729004e-01
3.907211497426033020e-02
1.594221405684947968e-02
5.855756402015686035e-01
2.401763796806335449e-01
4.084711521863937378e-02
4.459160268306732178e-01
9.567255377769470215e-01
6.140940263867378235e-02
2.660015597939491272e-02
1.458633840084075928e-01
2.302538603544235229e-02
2.017267346382141113e-01
6.056458503007888794e-02
7.847899943590164185e-02
3.488593548536300659e-02
6.294708847999572754e-01
1.834303289651870728e-01
8.759480118751525879e-01
5.690910220146179199e-01
9.224805235862731934e-01
1.062961891293525696e-01
8.613180369138717651e-02
4.747909307479858398e-01
7.847722768783569336e-01
6.462250649929046631e-02
3.609071373939514160e-01
3.837420046329498291e-01
1.848198100924491882e-02
9.512334465980529785e-01
1.103296503424644470e-01
4.579806327819824219e-02
2.608671411871910095e-02
2.406486570835113525e-01
1.585885435342788696e-01
9.033962488174438477e-01
2.269976735115051270e-01
1.360035687685012817e-01
4.639481380581855774e-02
2.489309310913085938e-01
1.574111133813858032e-01
1.359499804675579071e-02
2.162532657384872437e-01
2.368340790271759033e-01
2.880015224218368530e-02
2.342827916145324707e-01
3.280544281005859375e-02
5.461081862449645996e-01
1.212738901376724243e-01
9.245676398277282715e-01
9.341285824775695801e-01
1.142739430069923401e-01
