1.324753277003765106e-02
8.656668663024902344e-01
1.044535860419273376e-01
8.344122767448425293e-01
1.915562897920608521e-01
3.466453403234481812e-02
4.329938888549804688e-01
2.723512053489685059e-01
8.864097595214843750e-01
3.045030869543552399e-02
3.851476013660430908e-01
1.836874783039093018e-01
7.308782935142517090e-01
5.373482704162597656e-01
3.467471152544021606e-02
2.333089858293533325e-01
3.890331387519836426e-01
3.982644677162170410e-01
9.212006926536560059e-01
6.288824081420898438e-01
6.253886222839355469e-01
6.797962188720703125e-01
6.833278387784957886e-02
4.104262962937355042e-02
1.830241680145263672e-01
1.326808612793684006e-02
8.648365736007690430e-01
1.834603101015090942e-01
3.976054489612579346e-01
3.722586035728454590e-01
2.006644159555435181e-01
1.347380038350820541e-02
8.362093567848205566e-01
6.821303069591522217e-02
2.241047918796539307e-01
1.136498749256134033e-01
2.131019830703735352e-01
1.250045001506805420e-01
4.310500323772430420e-01
8.788352608680725098e-01
1.903887391090393066e-01
1.365737766027450562e-01
6.801190972328186035e-02
1.635155677795410156e-01
2.199898473918437958e-02
3.437755703926086426e-01
3.755402266979217529e-01
8.044830560684204102e-01
1.139033026993274689e-02
8.402840495109558105e-01
1.166585981845855713e-01
1.826082915067672729e-02
3.113202750682830811e-01
4.312488138675689697e-01
9.311208873987197876e-02
4.672304540872573853e-02
8.775023818016052246e-01
8.215046674013137817e-02
5.166983231902122498e-02
9.338385611772537231e-02
2.706392705440521240e-01
1.140079945325851440e-01
4.555279389023780823e-02
6.167374178767204285e-02
3.560542687773704529e-02
1.813562065362930298e-01
2.505559101700782776e-02
4.755567759275436401e-02
3.606028258800506592e-01
1.330287307500839233e-01
7.529670000076293945e-02
5.784262418746948242e-01
4.965978264808654785e-01
5.989127606153488159e-02
3.379341363906860352e-01
7.874702662229537964e-02
1.874117553234100342e-02
9.778694249689579010e-03
1.463980227708816528e-01
4.850166663527488708e-02
8.517500162124633789e-01
7.212184071540832520e-01
8.530341386795043945e-01
4.639874994754791260e-01
8.859205245971679688e-01
5.608958601951599121e-01
6.196440383791923523e-02
7.238385826349258423e-02
5.450094938278198242e-01
1.513808369636535645e-01
5.594544410705566406e-01
4.761442914605140686e-02
4.272083193063735962e-02
4.181701242923736572e-01
5.992082953453063965e-01
3.884184360504150391e-01
4.986434578895568848e-01
8.127385973930358887e-01
9.122251719236373901e-02
3.506200015544891357e-02
4.234349429607391357e-01
1.828356385231018066e-01
5.102718472480773926e-01
1.540773063898086548e-01
3.634600341320037842e-01
2.046531885862350464e-01
7.519773393869400024e-02
4.735854566097259521e-01
5.503977537155151367e-01
3.834054768085479736e-01
2.030243724584579468e-01
2.323413640260696411e-02
2.790973149240016937e-02
8.944810628890991211e-01
2.258346378803253174e-01
5.731365457177162170e-02
8.421779870986938477e-01
1.987350173294544220e-02
3.434349596500396729e-01
6.200462579727172852e-01
8.486194536089897156e-03
7.102321088314056396e-02
2.075734585523605347e-01
5.899522304534912109e-01
8.601667284965515137e-01
1.477836538106203079e-02
7.551653683185577393e-02
2.831509411334991455e-01
2.562905848026275635e-02
2.520749568939208984e-01
8.666624426841735840e-01
6.360641717910766602e-01
8.970472216606140137e-01
3.201466798782348633e-01
5.328531861305236816e-01
4.434881210327148438e-01
8.888289928436279297e-01
1.886245161294937134e-01
5.342981815338134766e-01
6.211641430854797363e-02
6.934058070182800293e-01
8.511005640029907227e-01
4.733648300170898438e-01
3.897276222705841064e-01
3.132438957691192627e-01
2.252593077719211578e-02
5.651874542236328125e-01
4.069284498691558838e-01
4.829570651054382324e-01
8.293840289115905762e-02
2.732887119054794312e-02
8.920071274042129517e-02
1.121023967862129211e-01
1.482662409543991089e-01
2.987090311944484711e-02
8.315160125494003296e-02
2.502375841140747070e-01
2.916704118251800537e-01
1.674860417842864990e-01
6.767495274543762207e-01
3.223870992660522461e-01
6.059255003929138184e-01
8.568176627159118652e-02
1.869865506887435913e-01
6.708329916000366211e-01
5.467960834503173828e-01
2.097330689430236816e-01
2.085737138986587524e-01
3.137944266200065613e-02
3.777677416801452637e-01
3.921367600560188293e-02
3.399108722805976868e-02
3.953377902507781982e-01
5.030381083488464355e-01
1.171126142144203186e-01
8.788852095603942871e-01
3.341778814792633057e-01
3.124840557575225830e-02
8.446215987205505371e-01
1.321200877428054810e-01
9.340353310108184814e-02
2.727282792329788208e-02
9.321992844343185425e-02
1.169092580676078796e-01
8.829113095998764038e-02
1.183075979351997375e-01
1.437588483095169067e-01
4.647898972034454346e-01
3.543496727943420410e-01
5.364525318145751953e-01
2.820121496915817261e-02
8.292493820190429688e-01
7.070683687925338745e-02
6.314791440963745117e-01
2.290589809417724609e-01
5.965311527252197266e-01
2.080582641065120697e-02
1.919905692338943481e-01
3.992879092693328857e-01
1.946293003857135773e-02
1.753919571638107300e-02
1.794559061527252197e-01
7.810224890708923340e-01
1.609812676906585693e-01
7.600888609886169434e-01
8.948106169700622559e-01
7.406832575798034668e-01
8.389221131801605225e-02
9.144193530082702637e-01
3.361893892288208008e-01
2.889317274093627930e-01
2.717743255198001862e-02
2.320527583360671997e-01
5.478641986846923828e-01
3.344456255435943604e-01
1.341070327907800674e-02
8.078916668891906738e-01
4.012796282768249512e-01
8.129346966743469238e-01
6.304939836263656616e-02
8.794735670089721680e-01
9.144542813301086426e-01
7.158831357955932617e-01
1.598591506481170654e-01
5.738655477762222290e-02
9.081918001174926758e-02
5.514248013496398926e-01
6.219867467880249023e-01
1.139997690916061401e-01
4.795051515102386475e-01
5.666610598564147949e-01
8.932414054870605469e-01
1.180557385087013245e-01
7.478300929069519043e-01
8.102569580078125000e-01
3.067294359207153320e-01
5.357398986816406250e-01
8.599644303321838379e-01
1.400899887084960938e-01
2.318439185619354248e-01
8.883430361747741699e-01
7.506974041461944580e-02
6.836975812911987305e-01
8.324854820966720581e-02
3.779271841049194336e-01
2.378670275211334229e-01
2.963939867913722992e-02
9.156221747398376465e-01
6.915490329265594482e-02
5.734053254127502441e-01
3.495577275753021240e-01
7.121958583593368530e-02
1.911835074424743652e-01
3.460276499390602112e-02
1.389138847589492798e-01
1.171925738453865051e-01
3.431654572486877441e-01
8.638648390769958496e-01
4.952324926853179932e-02
8.338158726692199707e-01
8.410369604825973511e-02
6.281862258911132812e-01
4.652562737464904785e-01
3.341906890273094177e-02
1.339913159608840942e-01
4.332484304904937744e-01
2.502646744251251221e-01
1.635494530200958252e-01
1.558535993099212646e-01
5.410075187683105469e-01
8.923927545547485352e-01
7.335608005523681641e-01
1.849627196788787842e-01
2.157659679651260376e-01
7.606758475303649902e-01
1.208284124732017517e-01
7.161868810653686523e-01
1.187596544623374939e-01
7.826554179191589355e-01
9.450817853212356567e-02
1.331658661365509033e-01
8.905766010284423828e-01
1.861926466226577759e-01
2.508957982063293457e-01
6.207432746887207031e-01
3.561615645885467529e-01
3.246951848268508911e-02
8.664374053478240967e-02
4.073705077171325684e-01
1.126642301678657532e-01
1.076882705092430115e-01
1.621871143579483032e-01
7.310230135917663574e-01
2.337182462215423584e-01
4.846762865781784058e-02
1.591623201966285706e-02
7.207878679037094116e-02
8.415845632553100586e-01
5.557518005371093750e-01
4.125152155756950378e-02
8.704245686531066895e-01
4.404322206974029541e-01
3.255084753036499023e-01
1.170527413487434387e-01
7.918137311935424805e-02
2.459852583706378937e-02
7.190300524234771729e-02
8.279097676277160645e-01
7.912850975990295410e-01
6.938424706459045410e-01
4.453124105930328369e-01
6.922318786382675171e-02
9.603150933980941772e-02
3.747751563787460327e-02
4.911344647407531738e-01
2.658076584339141846e-01
8.748371005058288574e-01
7.546900510787963867e-01
4.055570363998413086e-01
2.215904742479324341e-01
4.814200699329376221e-01
2.209096252918243408e-01
3.977285921573638916e-01
8.725917935371398926e-01
3.701642155647277832e-01
3.045040071010589600e-01
1.129525750875473022e-01
1.134794112294912338e-02
2.149757184088230133e-02
4.451550543308258057e-02
1.921664550900459290e-02
7.278575748205184937e-02
4.611926376819610596e-01
6.721181422472000122e-02
1.919629573822021484e-01
8.837848305702209473e-01
2.328113466501235962e-01
1.683373562991619110e-02
2.487296313047409058e-01
1.728954911231994629e-01
1.039453968405723572e-01
2.095586210489273071e-01
7.634018659591674805e-01
2.426063418388366699e-01
8.640256524085998535e-01
1.426956150680780411e-02
3.636176586151123047e-01
4.658621847629547119e-01
2.381311208009719849e-01
6.772536039352416992e-01
3.480647504329681396e-02
1.378565654158592224e-02
3.651062026619911194e-02
4.073943570256233215e-02
5.660682320594787598e-01
1.029524058103561401e-01
6.026285886764526367e-01
1.054474487900733948e-01
1.432966589927673340e-01
2.095761746168136597e-01
1.199538633227348328e-01
4.224413931369781494e-01
1.932746469974517822e-01
4.656188935041427612e-02
8.254941701889038086e-01
2.052553445100784302e-01
3.877320885658264160e-01
9.131188392639160156e-01
1.629221141338348389e-01
8.353027701377868652e-02
4.460282325744628906e-01
4.284515604376792908e-02
1.840879619121551514e-01
7.919710129499435425e-02
3.998192772269248962e-02
9.895077347755432129e-02
1.296532899141311646e-01
9.901928156614303589e-02
8.795307278633117676e-01
1.626157462596893311e-01
3.775024786591529846e-02
1.957228220999240875e-02
8.358547091484069824e-01
4.509368240833282471e-01
2.753704488277435303e-01
1.241677626967430115e-01
3.517850935459136963e-01
3.324762284755706787e-01
1.387981921434402466e-01
2.773882746696472168e-01
1.109956298023462296e-02
3.627296537160873413e-02
7.494526356458663940e-02
1.066336929798126221e-01
2.252605110406875610e-01
8.395826071500778198e-02
6.502121090888977051e-01
2.909078299999237061e-01
8.451327681541442871e-01
1.637368500232696533e-01
2.019587308168411255e-01
4.230749607086181641e-02
8.058048486709594727e-01
5.127538442611694336e-01
7.541548609733581543e-01
6.259836554527282715e-01
3.738604187965393066e-01
3.358370065689086914e-01
2.775873541831970215e-01
1.417000293731689453e-01
1.269016116857528687e-01
2.828740328550338745e-02
2.751656174659729004e-01
5.304895043373107910e-01
7.702778577804565430e-01
2.099457755684852600e-02
2.802707254886627197e-01
1.274473667144775391e-01
1.482332944869995117e-01
8.814018964767456055e-02
3.639713674783706665e-02
5.468878746032714844e-01
6.377403140068054199e-01
1.168826594948768616e-02
5.180765688419342041e-02
3.231668770313262939e-01
2.472949028015136719e-02
9.588900208473205566e-02
1.737868338823318481e-01
9.530558437108993530e-02
3.189029097557067871e-01
3.762299418449401855e-01
8.787146210670471191e-01
4.934347569942474365e-01
1.566969603300094604e-01
7.265911996364593506e-02
4.175589084625244141e-01
3.763455897569656372e-02
4.934297800064086914e-01
2.904560565948486328e-01
1.337293237447738647e-01
1.169477105140686035e-01
2.855919487774372101e-02
5.532529950141906738e-01
2.108420617878437042e-02
2.584383189678192139e-01
1.707050949335098267e-02
8.849045038223266602e-01
1.098406538367271423e-01
1.611631177365779877e-02
2.964368164539337158e-01
6.772284507751464844e-01
2.549392580986022949e-01
2.377959340810775757e-02
4.668731614947319031e-02
3.840045928955078125e-01
3.327009975910186768e-01
1.048298552632331848e-01
6.943155080080032349e-02
2.217766344547271729e-01
2.378208190202713013e-01
1.763625144958496094e-01
5.383112654089927673e-02
2.809577882289886475e-01
2.375163510441780090e-02
2.157046943902969360e-01
9.147585034370422363e-01
5.745752453804016113e-01
1.387743353843688965e-01
9.225657582283020020e-01
4.003227651119232178e-01
4.876731336116790771e-01
3.397317230701446533e-02
6.950168609619140625e-01
4.662026464939117432e-01
1.893175952136516571e-02
8.777219653129577637e-01
8.272379636764526367e-01
4.853368103504180908e-01
6.996583193540573120e-03
2.652928233146667480e-01
3.010214865207672119e-01
2.646232843399047852e-01
4.092879593372344971e-01
7.550070434808731079e-02
8.667150139808654785e-02
3.094596564769744873e-01
1.207542046904563904e-01
1.027315184473991394e-01
3.916597664356231689e-01
4.281853884458541870e-02
4.323070049285888672e-01
5.746841803193092346e-02
8.610597848892211914e-01
4.105564653873443604e-01
4.891425669193267822e-01
2.050676345825195312e-01
4.607000946998596191e-01
2.464377880096435547e-01
5.542653799057006836e-02
8.828929662704467773e-01
1.061356291174888611e-01
4.812342524528503418e-01
8.970338106155395508e-01
2.599819302558898926e-01
2.242955937981605530e-02
5.617960095405578613e-01
2.598145790398120880e-02
8.089163899421691895e-01
6.043059006333351135e-02
5.241703242063522339e-02
3.807509839534759521e-01
6.847264766693115234e-01
3.283415734767913818e-01
4.077187478542327881e-01
8.353027701377868652e-02
2.313156872987747192e-01
5.287823677062988281e-01
1.141497567296028137e-01
2.130218148231506348e-01
2.865407466888427734e-01
3.073242008686065674e-01
1.978554725646972656e-01
3.221489787101745605e-01
6.363698244094848633e-01
1.566849499940872192e-01
3.667988479137420654e-01
8.765926957130432129e-01
9.962449222803115845e-02
7.105834484100341797e-01
9.688480198383331299e-02
1.561851203441619873e-01
2.112526148557662964e-01
5.631754919886589050e-02
7.645795345306396484e-01
6.257365345954895020e-01
1.465102136135101318e-01
5.697707533836364746e-01
8.599762916564941406e-01
9.210258126258850098e-01
9.189178347587585449e-01
1.401021145284175873e-02
3.000367283821105957e-01
2.165359705686569214e-01
2.633419632911682129e-01
8.833289146423339844e-01
1.845384240150451660e-01
3.410372138023376465e-01
1.945038288831710815e-01
2.462678216397762299e-02
8.067838549613952637e-01
8.583711460232734680e-03
1.496874541044235229e-01
7.779809236526489258e-01
2.644298039376735687e-02
8.153516054153442383e-02
3.963113725185394287e-01
3.545150756835937500e-01
9.010506868362426758e-01
1.041821483522653580e-02
3.113509714603424072e-02
4.657864943146705627e-02
8.537769913673400879e-01
8.834333419799804688e-01
1.054365094751119614e-02
8.767552971839904785e-01
1.393389701843261719e-02
5.293547511100769043e-01
1.594260483980178833e-01
8.083489537239074707e-01
4.386569857597351074e-01
8.517465740442276001e-02
3.459514379501342773e-01
6.774973273277282715e-01
3.660651296377182007e-02
1.819110102951526642e-02
7.473834753036499023e-01
1.225452683866024017e-02
9.919333457946777344e-02
3.563832640647888184e-01
4.623608887195587158e-01
2.250420115888118744e-02
5.514742136001586914e-01
2.742889225482940674e-01
2.530791759490966797e-01
1.832096651196479797e-02
3.004705309867858887e-01
8.294730186462402344e-01
7.878600358963012695e-01
9.082505106925964355e-01
3.185788691043853760e-01
3.338437974452972412e-01
1.818047314882278442e-01
2.842374742031097412e-01
9.361281991004943848e-02
3.988751396536827087e-02
2.555649727582931519e-02
5.630078911781311035e-01
7.838122248649597168e-01
6.919648051261901855e-01
9.176267683506011963e-02
3.518604040145874023e-01
6.570176780223846436e-02
1.800391525030136108e-01
8.467310667037963867e-01
3.836205005645751953e-01
1.370311677455902100e-01
3.807534649968147278e-02
4.247245937585830688e-02
1.148594077676534653e-02
2.170677632093429565e-01
8.573561310768127441e-01
2.416137456893920898e-01
1.335614826530218124e-02
6.707914173603057861e-02
3.572733998298645020e-01
6.970177888870239258e-01
3.789430484175682068e-02
1.832368820905685425e-01
4.471198618412017822e-01
8.669814467430114746e-01
8.742446452379226685e-02
3.327325731515884399e-02
2.628845870494842529e-01
5.984449982643127441e-01
3.253335058689117432e-01
1.065189298242330551e-02
2.288936227560043335e-01
8.885809183120727539e-01
8.815692067146301270e-01
5.010635256767272949e-01
6.709145009517669678e-02
6.008152663707733154e-02
5.771580338478088379e-01
3.057208061218261719e-01
1.873487681150436401e-01
2.619056701660156250e-01
6.286809444427490234e-01
2.213186323642730713e-01
4.027013480663299561e-02
1.883112266659736633e-02
3.412634730339050293e-01
2.512472569942474365e-01
1.341680623590946198e-02
1.849129647016525269e-01
7.029010653495788574e-01
1.349566876888275146e-01
5.882365703582763672e-01
4.458844661712646484e-01
2.194293141365051270e-01
3.917223587632179260e-02
7.256584614515304565e-02
8.008565306663513184e-01
9.039505720138549805e-01
1.220693718641996384e-02
9.102897047996520996e-01
9.152014851570129395e-01
7.779436111450195312e-01
2.565236985683441162e-01
5.107717514038085938e-01
3.674177825450897217e-02
4.362691342830657959e-01
7.277210354804992676e-01
7.046226859092712402e-01
7.630019783973693848e-01
3.783760964870452881e-02
9.493298828601837158e-02
2.202326804399490356e-01
7.370503544807434082e-01
1.985338926315307617e-01
3.668945133686065674e-01
4.449787735939025879e-01
7.818728089332580566e-01
3.724845945835113525e-01
2.813022434711456299e-01
3.820044398307800293e-01
1.972660869359970093e-01
5.378422737121582031e-01
8.794746994972229004e-01
5.479285717010498047e-01
1.803320273756980896e-02
5.370010733604431152e-01
3.254568949341773987e-02
3.495856225490570068e-01
7.471266984939575195e-01
6.916795670986175537e-02
1.294648200273513794e-01
4.837933182716369629e-02
3.774873018264770508e-01
9.209651350975036621e-01
4.498961865901947021e-01
8.844743967056274414e-01
2.351542003452777863e-02
1.105000264942646027e-02
2.086501941084861755e-02
8.540009856224060059e-01
1.703568100929260254e-01
4.731919169425964355e-01
5.749369263648986816e-01
1.752929985523223877e-01
8.903720974922180176e-02
4.916590824723243713e-02
5.578551292419433594e-01
9.137774705886840820e-01
1.849100552499294281e-02
8.747690171003341675e-02
8.603079319000244141e-01
1.218311935663223267e-01
2.969946339726448059e-02
2.598572671413421631e-01
6.868954747915267944e-02
1.850826889276504517e-01
1.988214105367660522e-01
3.079679310321807861e-01
2.837195992469787598e-02
1.670801490545272827e-01
2.236428707838058472e-01
1.792079806327819824e-01
5.609345436096191406e-01
5.776415467262268066e-01
1.426448673009872437e-01
3.742360323667526245e-02
1.083173230290412903e-01
1.310932785272598267e-01
2.712103724479675293e-01
1.098103076219558716e-01
3.650382161140441895e-01
2.441378124058246613e-02
2.126842290163040161e-01
9.142239093780517578e-01
5.999476462602615356e-02
3.433738946914672852e-01
1.534839570522308350e-01
6.953366398811340332e-01
3.375563025474548340e-01
6.805482506752014160e-02
3.423929810523986816e-01
8.980668187141418457e-01
8.740689605474472046e-02
1.817811727523803711e-01
5.357674136757850647e-02
5.011501908302307129e-02
9.641373902559280396e-02
7.265059947967529297e-01
2.172266393899917603e-01
2.869327664375305176e-01
8.981647491455078125e-01
4.743871092796325684e-01
5.234678387641906738e-01
2.235195934772491455e-01
3.392244130373001099e-02
5.282479524612426758e-01
1.097808554768562317e-01
1.043523382395505905e-02
8.837604522705078125e-01
6.432822346687316895e-01
8.371594548225402832e-01
8.140648007392883301e-01
4.063266515731811523e-02
2.047897577285766602e-01
1.571347117424011230e-01
1.668306738138198853e-01
4.785705208778381348e-01
5.087159946560859680e-02
4.473169893026351929e-02
3.108916878700256348e-01
1.517738699913024902e-01
7.786442637443542480e-01
5.290952920913696289e-01
4.388556480407714844e-01
4.124564677476882935e-02
7.488772273063659668e-01
8.312505483627319336e-01
3.562211692333221436e-01
8.756688237190246582e-01
4.852072298526763916e-01
5.430394411087036133e-01
2.401595562696456909e-02
8.478210568428039551e-01
4.392640590667724609e-01
4.457329213619232178e-02
8.576670289039611816e-01
3.262112140655517578e-01
8.836272954940795898e-01
3.658196702599525452e-02
2.256620079278945923e-01
2.587195634841918945e-01
3.419321179389953613e-01
4.171268939971923828e-01
8.771548271179199219e-01
1.928865462541580200e-01
2.829807400703430176e-01
8.647493086755275726e-03
8.975140452384948730e-01
4.028854891657829285e-02
1.187963318079710007e-02
7.784634828567504883e-01
8.443618416786193848e-01
4.349915683269500732e-01
4.131226986646652222e-02
4.309476613998413086e-01
4.577127695083618164e-01
7.479512691497802734e-01
1.138802766799926758e-01
7.772673368453979492e-01
1.154402084648609161e-02
4.503021240234375000e-01
2.629333175718784332e-02
5.842537879943847656e-01
2.787600457668304443e-02
5.374267101287841797e-01
2.701582908630371094e-01
2.094074487686157227e-01
3.655284643173217773e-01
6.457860022783279419e-02
7.223647236824035645e-01
8.288466930389404297e-01
1.540957838296890259e-01
4.409391582012176514e-01
9.348696470260620117e-02
4.536740481853485107e-01
8.177304863929748535e-01
5.035018920898437500e-01
2.989867925643920898e-01
1.777369976043701172e-01
3.979244455695152283e-02
1.771506071090698242e-01
3.455133438110351562e-01
2.865974307060241699e-01
8.800603151321411133e-01
2.489430159330368042e-01
6.070549488067626953e-01
1.546178609132766724e-01
5.324539542198181152e-01
1.104205325245857239e-01
2.711227238178253174e-01
4.186492785811424255e-02
3.129545599222183228e-02
1.591896712779998779e-01
8.803958296775817871e-01
6.259604096412658691e-01
1.593735516071319580e-01
7.225842028856277466e-02
6.345320343971252441e-01
9.095067381858825684e-01
5.769535303115844727e-01
1.723408699035644531e-01
2.025366127490997314e-01
7.631008625030517578e-01
6.784855723381042480e-01
8.666461706161499023e-01
3.110597655177116394e-02
8.967687487602233887e-01
8.096994161605834961e-01
4.857697486877441406e-01
8.886023759841918945e-01
4.591600894927978516e-01
1.514445617794990540e-02
5.620993971824645996e-01
3.191774487495422363e-01
4.403317570686340332e-01
2.010306715965270996e-01
5.950922966003417969e-01
3.329098224639892578e-01
1.414571255445480347e-01
6.684520244598388672e-01
8.545082211494445801e-01
7.964431643486022949e-01
1.352883316576480865e-02
2.081399708986282349e-01
6.658863425254821777e-01
4.908669590950012207e-01
3.439202904701232910e-01
2.535712122917175293e-01
4.502299427986145020e-01
8.043605685234069824e-01
6.370056867599487305e-01
7.712080329656600952e-02
7.033348083496093750e-02
8.353027701377868652e-02
9.901251643896102905e-03
3.852092325687408447e-01
6.688757985830307007e-02
5.813199281692504883e-01
1.517203152179718018e-01
1.308357249945402145e-02
6.593073010444641113e-01
3.441829681396484375e-01
4.013002291321754456e-02
5.090348720550537109e-01
5.703572183847427368e-02
7.231507301330566406e-01
5.125156641006469727e-01
3.395165130496025085e-02
2.982147037982940674e-01
2.276688814163208008e-02
3.428503870964050293e-01
2.060960084199905396e-01
8.207334578037261963e-02
2.582761272788047791e-02
3.156353160738945007e-02
6.061558127403259277e-01
9.294644743204116821e-02
1.016428768634796143e-01
9.389125555753707886e-02
1.452405154705047607e-01
4.810458421707153320e-01
6.495292782783508301e-01
3.065109811723232269e-02
6.178345158696174622e-02
4.963248074054718018e-01
4.407382309436798096e-01
3.086795844137668610e-02
9.285732507705688477e-01
5.429025888442993164e-01
2.668754756450653076e-01
2.012971043586730957e-02
1.947898268699645996e-01
3.349656611680984497e-02
9.541638195514678955e-02
5.224655270576477051e-01
3.942848145961761475e-01
5.023430585861206055e-01
7.608299851417541504e-01
4.728284180164337158e-01
6.372925639152526855e-02
3.339066505432128906e-01
8.828516304492950439e-02
2.927508354187011719e-01
4.530640244483947754e-01
3.889624178409576416e-01
3.154533803462982178e-01
3.147012293338775635e-01
9.215160012245178223e-01
3.744958341121673584e-02
2.728505134582519531e-01
8.379892706871032715e-01
4.469619989395141602e-01
4.725798070430755615e-01
7.066597342491149902e-01
4.756968617439270020e-01
1.367088109254837036e-01
7.859984040260314941e-01
6.754834055900573730e-01
1.380447000265121460e-01
8.662880063056945801e-01
1.993550062179565430e-01
7.337796092033386230e-01
5.036075711250305176e-01
3.687808662652969360e-02
9.882408194243907928e-03
4.701361954212188721e-01
2.357740849256515503e-01
2.181767113506793976e-02
4.780678153038024902e-01
9.148393869400024414e-01
9.817048907279968262e-02
2.484689652919769287e-02
8.845341950654983521e-02
2.215847186744213104e-02
2.608324885368347168e-01
5.288955941796302795e-02
1.040334478020668030e-01
2.088578045368194580e-02
2.424570918083190918e-01
1.655448377132415771e-01
7.513076066970825195e-01
5.086863636970520020e-01
8.440133333206176758e-01
7.616633921861648560e-02
3.638010099530220032e-02
5.946447253227233887e-01
7.140874266624450684e-01
3.927290812134742737e-02
3.982510268688201904e-01
2.066737264394760132e-01
1.132451742887496948e-02
9.096849560737609863e-01
2.308929264545440674e-01
1.605281978845596313e-01
2.337418869137763977e-02
4.961545467376708984e-01
1.821561306715011597e-01
7.458088397979736328e-01
1.791096478700637817e-01
2.065709680318832397e-01
4.862424358725547791e-02
2.637234032154083252e-01
1.581404507160186768e-01
1.268887072801589966e-01
2.178993225097656250e-01
2.026884704828262329e-01
1.163377240300178528e-02
1.365766823291778564e-01
6.345782428979873657e-02
5.189597606658935547e-01
1.152491793036460876e-01
8.834684491157531738e-01
7.775382995605468750e-01
3.402034640312194824e-01
