2.566364780068397522e-02
8.886302113533020020e-01
1.206193938851356506e-01
7.474709749221801758e-01
3.826831579208374023e-01
1.394192874431610107e-01
7.942047119140625000e-01
3.463119566440582275e-01
9.040753841400146484e-01
7.819101214408874512e-02
3.613988459110260010e-01
2.490955293178558350e-01
5.495979189872741699e-01
5.061217546463012695e-01
1.857781857252120972e-01
3.192433416843414307e-01
3.967813253402709961e-01
4.716478586196899414e-01
9.309588670730590820e-01
5.225068926811218262e-01
7.479947805404663086e-01
6.869998574256896973e-01
9.889179468154907227e-02
2.654374539852142334e-01
2.295379042625427246e-01
1.503439545631408691e-01
7.562874555587768555e-01
2.520272433757781982e-01
3.389123976230621338e-01
3.974907398223876953e-01
2.631885409355163574e-01
1.781412400305271149e-02
8.612166047096252441e-01
1.442151069641113281e-01
2.631524801254272461e-01
1.713680475950241089e-01
3.352112472057342529e-01
2.359783053398132324e-01
6.148057579994201660e-01
8.710691928863525391e-01
3.599216043949127197e-01
1.669779419898986816e-01
7.521212846040725708e-02
2.733005881309509277e-01
1.192848384380340576e-01
3.295258879661560059e-01
3.428826034069061279e-01
6.199939250946044922e-01
3.423092886805534363e-02
7.740778923034667969e-01
2.378716617822647095e-01
3.256955370306968689e-02
3.303630352020263672e-01
4.043708741664886475e-01
2.614847123622894287e-01
2.436176091432571411e-01
8.133741021156311035e-01
1.034797802567481995e-01
4.094441980123519897e-02
3.560720086097717285e-01
4.274289608001708984e-01
1.824120432138442993e-01
6.815600395202636719e-02
9.789082407951354980e-02
4.773076623678207397e-02
2.008055895566940308e-01
8.850630372762680054e-02
1.570977717638015747e-01
3.374974727630615234e-01
3.810869455337524414e-01
2.073949426412582397e-01
8.052966594696044922e-01
4.193415939807891846e-01
1.865819692611694336e-01
3.360020816326141357e-01
9.786864370107650757e-02
6.009470298886299133e-02
3.274930268526077271e-02
2.334513217210769653e-01
8.653382956981658936e-02
8.789884448051452637e-01
8.314955830574035645e-01
8.737634420394897461e-01
4.702606499195098877e-01
9.133567214012145996e-01
4.903462231159210205e-01
1.104048565030097961e-01
2.130942791700363159e-01
6.522524356842041016e-01
4.539705812931060791e-01
5.307738780975341797e-01
1.186552196741104126e-01
7.314661145210266113e-02
5.791242122650146484e-01
4.578778445720672607e-01
7.390943169593811035e-01
5.116666555404663086e-01
8.977691531181335449e-01
8.576035499572753906e-02
1.825796514749526978e-01
4.526142776012420654e-01
1.963234841823577881e-01
5.760120749473571777e-01
2.449821978807449341e-01
3.594740927219390869e-01
1.812957972288131714e-01
1.057174727320671082e-01
6.710029244422912598e-01
4.142235219478607178e-01
3.007549643516540527e-01
3.399749100208282471e-01
3.895576298236846924e-02
9.825694561004638672e-02
9.041281938552856445e-01
3.361850678920745850e-01
1.198787987232208252e-01
8.314208984375000000e-01
8.342157304286956787e-02
2.360957860946655273e-01
6.527285575866699219e-01
1.986810937523841858e-02
1.529288887977600098e-01
1.465317755937576294e-01
7.873961329460144043e-01
8.689616322517395020e-01
8.757060021162033081e-02
9.420135617256164551e-02
3.307462632656097412e-01
1.114906668663024902e-01
1.795600503683090210e-01
8.619526028633117676e-01
1.432069092988967896e-01
8.681411147117614746e-01
3.379367589950561523e-01
4.360393881797790527e-01
3.905459046363830566e-01
9.145776033401489258e-01
2.289309501647949219e-01
6.618194580078125000e-01
7.324995100498199463e-02
7.830931544303894043e-01
7.854943275451660156e-01
6.118801832199096680e-01
3.698754608631134033e-01
3.364528417587280273e-01
1.115835234522819519e-01
3.752464652061462402e-01
5.998158454895019531e-01
4.742887318134307861e-01
1.973216980695724487e-01
4.926253110170364380e-02
2.249599248170852661e-01
1.219104453921318054e-01
2.391034513711929321e-01
2.204702645540237427e-01
1.734705120325088501e-01
2.535188794136047363e-01
2.631924152374267578e-01
2.188606411218643188e-01
7.409293651580810547e-01
3.986035287380218506e-01
6.987363100051879883e-01
1.845065504312515259e-01
1.933558583259582520e-01
7.474428415298461914e-01
7.468482255935668945e-01
4.235448539257049561e-01
3.573535680770874023e-01
1.259251981973648071e-01
2.953025400638580322e-01
1.259378045797348022e-01
5.940682068467140198e-02
4.543192982673645020e-01
5.559780597686767578e-01
1.166772916913032532e-01
8.670765757560729980e-01
1.866688579320907593e-01
1.081857606768608093e-01
7.593780159950256348e-01
2.276746332645416260e-01
2.386076301336288452e-01
1.125114411115646362e-01
2.597688734531402588e-01
1.960459053516387939e-01
7.765400409698486328e-02
1.209170520305633545e-01
2.975758910179138184e-01
5.037508606910705566e-01
4.273817539215087891e-01
4.169039726257324219e-01
5.197200179100036621e-02
8.073278069496154785e-01
7.563462853431701660e-02
7.872630953788757324e-01
2.823497056961059570e-01
4.264514148235321045e-01
5.171747878193855286e-02
3.491303026676177979e-01
5.797873735427856445e-01
6.608133018016815186e-02
4.406014457345008850e-02
2.316797822713851929e-01
7.882972955703735352e-01
2.966628670692443848e-01
8.249790668487548828e-01
8.359606862068176270e-01
5.748400688171386719e-01
1.165054664015769958e-01
9.298542737960815430e-01
2.430100589990615845e-01
3.534101545810699463e-01
7.983812689781188965e-02
3.097097575664520264e-01
4.063771665096282959e-01
2.051221132278442383e-01
4.062638431787490845e-02
8.521726727485656738e-01
4.100397825241088867e-01
7.942011356353759766e-01
1.608425676822662354e-01
8.856785893440246582e-01
9.248923659324645996e-01
5.041268467903137207e-01
1.595412343740463257e-01
1.668008267879486084e-01
1.407964974641799927e-01
5.540734529495239258e-01
6.954357624053955078e-01
1.883438378572463989e-01
5.223060250282287598e-01
5.546606183052062988e-01
8.557371497154235840e-01
8.337517082691192627e-02
7.453814744949340820e-01
7.876756191253662109e-01
3.436818718910217285e-01
5.835871100425720215e-01
8.982667922973632812e-01
2.564275562763214111e-01
4.126902520656585693e-01
8.952329754829406738e-01
9.470697492361068726e-02
8.254599571228027344e-01
1.354569047689437866e-01
2.965394556522369385e-01
2.577164769172668457e-01
1.395031213760375977e-01
8.997334241867065430e-01
1.160286143422126770e-01
6.893850564956665039e-01
2.195610702037811279e-01
7.680213451385498047e-02
2.807326912879943848e-01
1.727950125932693481e-01
2.541762888431549072e-01
1.936494559049606323e-01
3.574039340019226074e-01
7.927141189575195312e-01
2.024716585874557495e-01
6.871419548988342285e-01
2.233608514070510864e-01
7.034271359443664551e-01
3.270539343357086182e-01
4.405674710869789124e-02
2.035536170005798340e-01
3.882486820220947266e-01
1.675276458263397217e-01
3.742714226245880127e-01
2.098076790571212769e-01
5.399489998817443848e-01
8.787294626235961914e-01
6.990782618522644043e-01
3.160944283008575439e-01
2.986025810241699219e-01
7.744575142860412598e-01
1.722058802843093872e-01
7.948889732360839844e-01
1.698843985795974731e-01
8.399734497070312500e-01
2.115627378225326538e-01
2.122158259153366089e-01
7.997871041297912598e-01
2.293612211942672729e-01
3.720664978027343750e-01
6.147910952568054199e-01
4.512746036052703857e-01
9.585416316986083984e-02
2.707901597023010254e-01
3.223184645175933838e-01
2.857191860675811768e-01
2.146203964948654175e-01
6.523917317390441895e-01
7.029182910919189453e-01
3.314150273799896240e-01
2.506835460662841797e-01
4.607810452580451965e-02
2.075083702802658081e-01
7.955110073089599609e-01
5.016582012176513672e-01
8.263222873210906982e-02
9.148347377777099609e-01
4.141605794429779053e-01
2.786833941936492920e-01
1.852006465196609497e-01
1.313411742448806763e-01
8.274873346090316772e-02
2.193695157766342163e-01
5.801358819007873535e-01
8.943039774894714355e-01
8.142045140266418457e-01
4.012486934661865234e-01
1.716922372579574585e-01
1.821251809597015381e-01
1.925578564405441284e-01
6.359434723854064941e-01
4.166011512279510498e-01
8.937720060348510742e-01
7.632690072059631348e-01
2.968825697898864746e-01
3.439492881298065186e-01
3.871842324733734131e-01
2.934093773365020752e-01
3.387980759143829346e-01
9.053223133087158203e-01
5.013203024864196777e-01
5.654970407485961914e-01
2.405693233013153076e-01
7.291205227375030518e-02
1.231730207800865173e-01
1.590140461921691895e-01
3.294186666607856750e-02
9.468769282102584839e-02
3.641426265239715576e-01
1.907401829957962036e-01
2.117159515619277954e-01
8.734398484230041504e-01
2.709097862243652344e-01
5.189039558172225952e-02
3.172808289527893066e-01
2.545721530914306641e-01
1.126867979764938354e-01
3.762532472610473633e-01
8.173002004623413086e-01
3.505198955535888672e-01
8.098815083503723145e-01
2.757829800248146057e-02
2.572277188301086426e-01
3.533987104892730713e-01
2.694429159164428711e-01
7.488076686859130859e-01
1.390451639890670776e-01
3.071992471814155579e-02
6.110925972461700439e-02
1.836167424917221069e-01
6.530855894088745117e-01
2.002775967121124268e-01
6.503627300262451172e-01
3.171638250350952148e-01
2.338560670614242554e-01
2.038681805133819580e-01
1.526500582695007324e-01
3.699859678745269775e-01
3.092344403266906738e-01
2.623551487922668457e-01
7.971237301826477051e-01
3.202967941761016846e-01
3.561227321624755859e-01
9.194332957267761230e-01
3.125621974468231201e-01
1.254592984914779663e-01
3.946350812911987305e-01
6.569422781467437744e-02
1.556313186883926392e-01
2.361131161451339722e-01
1.334065794944763184e-01
9.492536634206771851e-02
2.088117599487304688e-01
1.591017693281173706e-01
8.476333618164062500e-01
1.599952429533004761e-01
9.338884055614471436e-02
5.236386507749557495e-02
8.422456383705139160e-01
4.209302663803100586e-01
3.489678502082824707e-01
2.189185768365859985e-01
3.504272401332855225e-01
3.233371078968048096e-01
2.451440542936325073e-01
4.278616607189178467e-01
1.866435632109642029e-02
1.260206550359725952e-01
1.470067203044891357e-01
2.087156325578689575e-01
1.556080132722854614e-01
8.614537864923477173e-02
6.912701129913330078e-01
3.032051026821136475e-01
9.168080091476440430e-01
3.090983033180236816e-01
3.499173223972320557e-01
4.944884032011032104e-02
8.406933546066284180e-01
5.393691062927246094e-01
7.681220173835754395e-01
7.731923460960388184e-01
4.386568963527679443e-01
3.527652919292449951e-01
3.153159618377685547e-01
2.472061365842819214e-01
1.123400405049324036e-01
3.408076241612434387e-02
2.333768606185913086e-01
5.820708274841308594e-01
8.131954073905944824e-01
4.651008546352386475e-02
3.717000186443328857e-01
7.975946366786956787e-02
1.935669183731079102e-01
1.819141060113906860e-01
1.051281243562698364e-01
6.108247041702270508e-01
7.679489850997924805e-01
1.067983955144882202e-01
1.216661855578422546e-01
4.644120633602142334e-01
5.864307284355163574e-02
9.939606487751007080e-02
1.684211343526840210e-01
2.056879550218582153e-01
1.960975527763366699e-01
3.647762537002563477e-01
7.878154516220092773e-01
7.027119994163513184e-01
2.004538327455520630e-01
1.310040950775146484e-01
2.903101742267608643e-01
5.143696814775466919e-02
4.519308209419250488e-01
4.294873476028442383e-01
2.106167674064636230e-01
7.154845446348190308e-02
1.297111362218856812e-01
7.351753711700439453e-01
1.116306185722351074e-01
3.102268576622009277e-01
9.772477298974990845e-02
7.336476445198059082e-01
1.373920589685440063e-01
3.900096565485000610e-02
3.949896693229675293e-01
7.390702366828918457e-01
5.379680991172790527e-01
1.031143292784690857e-01
8.226042240858078003e-02
4.245254397392272949e-01
2.901988923549652100e-01
1.421275287866592407e-01
1.322950124740600586e-01
2.992756068706512451e-01
5.545161962509155273e-01
2.404938191175460815e-01
1.335335522890090942e-01
3.429859280586242676e-01
7.555880397558212280e-02
1.962863355875015259e-01
9.198779463768005371e-01
5.176406502723693848e-01
1.860703676939010620e-01
9.575050473213195801e-01
4.635599255561828613e-01
5.339865088462829590e-01
1.250606924295425415e-01
6.970192193984985352e-01
6.585577130317687988e-01
5.588348954916000366e-02
8.568109869956970215e-01
8.426837921142578125e-01
2.826517224311828613e-01
1.711175590753555298e-02
3.261771202087402344e-01
3.758603036403656006e-01
2.053015381097793579e-01
6.034391522407531738e-01
1.025989055633544922e-01
1.536788791418075562e-01
3.276521861553192139e-01
1.318895816802978516e-01
3.183303177356719971e-01
4.173312187194824219e-01
4.265332221984863281e-02
1.526433974504470825e-01
1.617241799831390381e-01
8.498201370239257812e-01
6.132555603981018066e-01
5.406975746154785156e-01
1.972705572843551636e-01
3.834967315196990967e-01
2.372555136680603027e-01
1.393945664167404175e-01
9.040760397911071777e-01
1.763510555028915405e-01
5.999094843864440918e-01
9.121498465538024902e-01
2.195541411638259888e-01
8.949199318885803223e-02
4.875298440456390381e-01
1.991385966539382935e-01
8.113349080085754395e-01
1.053316220641136169e-01
1.887443661689758301e-01
3.341177999973297119e-01
7.770087718963623047e-01
5.268753767013549805e-01
5.838255882263183594e-01
1.254592984914779663e-01
2.571824193000793457e-01
4.546010792255401611e-01
2.607239186763763428e-01
2.425781339406967163e-01
2.913488447666168213e-01
3.290939331054687500e-01
1.990693658590316772e-01
3.649703264236450195e-01
7.714795470237731934e-01
2.761356234550476074e-01
3.254369199275970459e-01
7.679755091667175293e-01
9.298967570066452026e-02
6.763125658035278320e-01
1.997482180595397949e-01
2.306506633758544922e-01
2.679728567600250244e-01
1.390660554170608521e-01
7.276905179023742676e-01
5.222101211547851562e-01
2.438921481370925903e-01
6.528496146202087402e-01
8.781837821006774902e-01
9.132167100906372070e-01
8.969988822937011719e-01
6.477342545986175537e-02
3.231795430183410645e-01
2.739953100681304932e-01
3.646591007709503174e-01
8.505590558052062988e-01
2.984602749347686768e-01
3.301298320293426514e-01
3.390303254127502441e-01
1.639316231012344360e-01
8.613763451576232910e-01
2.290095761418342590e-02
1.554656475782394409e-01
7.059229612350463867e-01
5.542562529444694519e-02
1.651201993227005005e-01
5.071298480033874512e-01
4.245088994503021240e-01
9.168252348899841309e-01
8.292774111032485962e-02
7.443175464868545532e-02
1.716623604297637939e-01
7.496410608291625977e-01
7.936075329780578613e-01
2.772489935159683228e-02
8.843001127243041992e-01
3.286689147353172302e-02
6.268264651298522949e-01
2.575671672821044922e-01
7.098545432090759277e-01
3.009207844734191895e-01
1.017817035317420959e-01
2.733898758888244629e-01
7.518823146820068359e-01
4.355520755052566528e-02
2.310580015182495117e-02
7.544273734092712402e-01
4.890644177794456482e-02
1.453305631875991821e-01
4.170697033405303955e-01
3.973349630832672119e-01
3.933199867606163025e-02
5.768229961395263672e-01
4.084476828575134277e-01
3.216642439365386963e-01
5.691060796380043030e-02
2.770418226718902588e-01
8.459576368331909180e-01
7.851086258888244629e-01
7.937915921211242676e-01
3.730736076831817627e-01
3.609298467636108398e-01
2.029724568128585815e-01
3.537099957466125488e-01
1.261947602033615112e-01
1.305109858512878418e-01
1.365327239036560059e-01
7.805339097976684570e-01
7.944406270980834961e-01
7.408784627914428711e-01
1.221776679158210754e-01
4.270378351211547852e-01
2.113783955574035645e-01
3.152384757995605469e-01
8.937353491783142090e-01
4.022376239299774170e-01
1.730315536260604858e-01
1.205155625939369202e-01
8.090225607156753540e-02
3.478730469942092896e-02
2.428051978349685669e-01
8.619523048400878906e-01
3.876540362834930420e-01
3.483855724334716797e-02
1.039078608155250549e-01
4.098518490791320801e-01
7.366566061973571777e-01
5.866446346044540405e-02
2.946949899196624756e-01
4.306108653545379639e-01
8.244909644126892090e-01
1.705477386713027954e-01
1.218935102224349976e-01
2.037840187549591064e-01
3.511291444301605225e-01
4.326121807098388672e-01
8.937643468379974365e-02
3.672959804534912109e-01
8.566185235977172852e-01
7.546166777610778809e-01
5.190146565437316895e-01
1.153535619378089905e-01
7.090531289577484131e-02
7.385246753692626953e-01
3.878950476646423340e-01
3.333007693290710449e-01
4.527924060821533203e-01
6.655928492546081543e-01
2.724483311176300049e-01
7.095537334680557251e-02
3.696979582309722900e-02
4.130089282989501953e-01
2.495601177215576172e-01
9.139958769083023071e-02
2.063933461904525757e-01
8.539614677429199219e-01
2.444948852062225342e-01
7.427085638046264648e-01
3.836517035961151123e-01
2.817771136760711670e-01
1.648762673139572144e-01
9.922447800636291504e-02
7.266109585762023926e-01
8.904591798782348633e-01
4.115833714604377747e-02
9.072482585906982422e-01
9.206581711769104004e-01
7.596580982208251953e-01
5.546931028366088867e-01
6.077424287796020508e-01
1.562536954879760742e-01
4.606509208679199219e-01
6.889700293540954590e-01
6.625367999076843262e-01
8.042501211166381836e-01
2.491887360811233521e-01
2.239614278078079224e-01
1.858656108379364014e-01
8.436072468757629395e-01
3.085343837738037109e-01
4.053032696247100830e-01
4.586393833160400391e-01
6.332224011421203613e-01
2.231309413909912109e-01
3.215976357460021973e-01
4.587190449237823486e-01
2.229110002517700195e-01
2.518994212150573730e-01
6.794720292091369629e-01
4.792930483818054199e-01
4.636541754007339478e-02
5.660586953163146973e-01
1.494502872228622437e-01
2.750303149223327637e-01
7.933891415596008301e-01
1.062245517969131470e-01
1.017067953944206238e-01
8.935576677322387695e-02
3.554195165634155273e-01
9.345070123672485352e-01
3.989371955394744873e-01
9.099681973457336426e-01
9.815197438001632690e-02
1.525359973311424255e-02
2.981008030474185944e-02
8.746764659881591797e-01
2.408739328384399414e-01
5.952421426773071289e-01
4.060208201408386230e-01
2.727533876895904541e-01
1.168435290455818176e-01
1.468456685543060303e-01
6.250234246253967285e-01
8.994421958923339844e-01
4.803308472037315369e-02
5.538907647132873535e-02
8.788151741027832031e-01
2.630603015422821045e-01
4.453146830201148987e-02
3.084316551685333252e-01
1.455267816781997681e-01
3.326473534107208252e-01
2.806017994880676270e-01
4.701942801475524902e-01
7.467570155858993530e-02
2.682518362998962402e-01
1.215592622756958008e-01
1.474248915910720825e-01
5.288580656051635742e-01
6.983017325401306152e-01
3.119913339614868164e-01
1.891524344682693481e-01
1.404990255832672119e-01
1.192675977945327759e-01
1.961927711963653564e-01
2.538912892341613770e-01
2.273461669683456421e-01
1.785658001899719238e-01
3.031520247459411621e-01
9.291104078292846680e-01
5.956629663705825806e-02
2.214718610048294067e-01
2.057965099811553955e-01
7.660381197929382324e-01
2.420657575130462646e-01
1.617967039346694946e-01
4.048775136470794678e-01
9.206963181495666504e-01
1.553483307361602783e-01
1.869646012783050537e-01
5.563664808869361877e-02
1.469701081514358521e-01
1.360857337713241577e-01
7.836865782737731934e-01
3.628949224948883057e-01
2.996495068073272705e-01
8.999824523925781250e-01
3.777975142002105713e-01
7.097548842430114746e-01
1.638492494821548462e-01
1.303812712430953979e-01
5.723960399627685547e-01
2.421788424253463745e-01
2.036682702600955963e-02
9.127975702285766602e-01
8.366174101829528809e-01
7.468465566635131836e-01
7.253382802009582520e-01
1.628640592098236084e-01
3.504288792610168457e-01
2.488770484924316406e-01
2.233602851629257202e-01
4.054813683032989502e-01
5.772631987929344177e-02
9.953422099351882935e-02
3.275606334209442139e-01
3.043810725212097168e-01
8.133866786956787109e-01
6.554162502288818359e-01
6.286724805831909180e-01
9.229096770286560059e-02
7.687053680419921875e-01
7.419334053993225098e-01
2.046987712383270264e-01
8.949292898178100586e-01
3.083957731723785400e-01
5.304395556449890137e-01
1.477648168802261353e-01
8.269025683403015137e-01
5.167306065559387207e-01
1.149108409881591797e-01
8.704831004142761230e-01
3.305926620960235596e-01
8.664767742156982422e-01
9.818828850984573364e-02
3.201905190944671631e-01
3.011395931243896484e-01
3.441298305988311768e-01
5.106735229492187500e-01
8.822650909423828125e-01
2.524118423461914062e-01
3.893932998180389404e-01
3.064765781164169312e-02
8.501279950141906738e-01
1.620935648679733276e-01
4.178221151232719421e-02
7.940450310707092285e-01
7.942422628402709961e-01
4.093333780765533447e-01
1.202660351991653442e-01
5.418247580528259277e-01
5.390491485595703125e-01
8.908519744873046875e-01
2.562798261642456055e-01
9.003352522850036621e-01
2.611402049660682678e-02
3.821586370468139648e-01
2.879117242991924286e-02
3.344142735004425049e-01
9.650710970163345337e-02
4.334840476512908936e-01
3.171185255050659180e-01
3.113366365432739258e-01
3.674862086772918701e-01
1.223158091306686401e-01
6.992691159248352051e-01
8.261009454727172852e-01
1.656227409839630127e-01
4.789699018001556396e-01
6.224661692976951599e-02
3.925929665565490723e-01
8.060101866722106934e-01
8.070329427719116211e-01
2.235928773880004883e-01
2.868891358375549316e-01
1.532284170389175415e-01
2.243101447820663452e-01
3.180817961692810059e-01
2.358490228652954102e-01
8.990772366523742676e-01
2.117959260940551758e-01
6.924685239791870117e-01
1.643533408641815186e-01
7.147837877273559570e-01
2.516202330589294434e-01
2.066558599472045898e-01
5.335867032408714294e-02
4.635746777057647705e-02
3.041580617427825928e-01
8.506590127944946289e-01
5.323437452316284180e-01
2.589940726757049561e-01
8.063259720802307129e-02
5.864746570587158203e-01
8.803020119667053223e-01
6.982654929161071777e-01
1.284995824098587036e-01
3.116867244243621826e-01
7.451571226119995117e-01
7.149853110313415527e-01
8.661283254623413086e-01
1.016847118735313416e-01
8.458636403083801270e-01
7.433344721794128418e-01
5.878981947898864746e-01
8.654107451438903809e-01
4.403082430362701416e-01
2.439270727336406708e-02
7.279003858566284180e-01
3.150337338447570801e-01
6.309703588485717773e-01
1.773572266101837158e-01
7.824226021766662598e-01
2.679377794265747070e-01
2.073167860507965088e-01
5.999989509582519531e-01
5.567922592163085938e-01
7.620952725410461426e-01
4.235540330410003662e-02
2.523077428340911865e-01
7.117550373077392578e-01
6.287922263145446777e-01
3.846341371536254883e-01
3.209516108036041260e-01
3.937304615974426270e-01
8.240520954132080078e-01
6.663143038749694824e-01
2.057893723249435425e-01
8.771076053380966187e-02
1.254592984914779663e-01
2.271330542862415314e-02
3.799887895584106445e-01
2.438802421092987061e-01
5.619008541107177734e-01
2.100445032119750977e-01
6.819675862789154053e-02
8.337603807449340820e-01
5.002762675285339355e-01
1.137230172753334045e-01
4.168760776519775391e-01
1.233534365892410278e-01
8.333159089088439941e-01
3.975123763084411621e-01
1.052935346961021423e-01
2.467225492000579834e-01
3.403896465897560120e-02
4.755368530750274658e-01
1.546789109706878662e-01
1.481648832559585571e-01
1.045641303062438965e-01
1.222331076860427856e-01
2.484708726406097412e-01
1.704105436801910400e-01
7.857339084148406982e-02
1.566530913114547729e-01
2.980166673660278320e-01
4.354252815246582031e-01
5.812148451805114746e-01
5.262422934174537659e-02
8.824025094509124756e-02
4.357799887657165527e-01
3.440435826778411865e-01
8.789371699094772339e-02
8.999835252761840820e-01
7.123536467552185059e-01
2.255419343709945679e-01
1.830642968416213989e-01
3.067953288555145264e-01
7.844650745391845703e-02
8.101559430360794067e-02
6.930567622184753418e-01
2.465738505125045776e-01
4.688146710395812988e-01
4.457679688930511475e-01
4.724349975585937500e-01
7.017469406127929688e-02
2.511507868766784668e-01
1.689686626195907593e-01
3.332703113555908203e-01
3.831229507923126221e-01
3.277051746845245361e-01
4.757662713527679443e-01
3.310269117355346680e-01
9.277199506759643555e-01
7.990835607051849365e-02
2.603278160095214844e-01
9.054862260818481445e-01
3.598368167877197266e-01
6.748759746551513672e-01
6.643869876861572266e-01
5.198792815208435059e-01
1.915560513734817505e-01
9.175279736518859863e-01
6.659948825836181641e-01
4.817127883434295654e-01
8.751606345176696777e-01
2.516428530216217041e-01
7.302905321121215820e-01
8.188433647155761719e-01
1.104638949036598206e-01
1.777103170752525330e-02
4.569211602210998535e-01
2.557286620140075684e-01
1.162682697176933289e-01
5.929192304611206055e-01
9.229370355606079102e-01
8.042666316032409668e-02
5.806853994727134705e-02
1.931622028350830078e-01
3.379518166184425354e-02
2.720062434673309326e-01
1.056912615895271301e-01
1.319443583488464355e-01
5.444164201617240906e-02
6.011182665824890137e-01
2.667205035686492920e-01
7.375605702400207520e-01
7.147940397262573242e-01
8.644732236862182617e-01
1.769276857376098633e-01
1.584282964468002319e-01
5.320537090301513672e-01
7.386551499366760254e-01
1.076815351843833923e-01
3.691497743129730225e-01
5.127207636833190918e-01
9.450946748256683350e-02
9.051201343536376953e-01
2.098805457353591919e-01
2.421477138996124268e-01
8.084671199321746826e-02
2.213298827409744263e-01
3.511447608470916748e-01
7.627493739128112793e-01
1.987862139940261841e-01
1.809647232294082642e-01
7.611453533172607422e-02
3.115667402744293213e-01
2.332368642091751099e-01
8.928015083074569702e-02
2.541034817695617676e-01
2.407015860080718994e-01
4.315091669559478760e-02
1.530481874942779541e-01
7.811415940523147583e-02
4.437749087810516357e-01
2.704716324806213379e-01
8.921796083450317383e-01
8.886202573776245117e-01
1.978609710931777954e-01
