1.626044325530529022e-02
9.114580750465393066e-01
6.501933932304382324e-02
8.089183568954467773e-01
1.698817610740661621e-01
4.637561365962028503e-02
5.956403613090515137e-01
2.138256579637527466e-01
8.769078850746154785e-01
3.137589991092681885e-02
4.384369850158691406e-01
1.356162875890731812e-01
8.671607375144958496e-01
4.982487857341766357e-01
6.567676365375518799e-02
2.047408223152160645e-01
4.716866910457611084e-01
5.633575320243835449e-01
9.016223549842834473e-01
3.901993632316589355e-01
5.428326725959777832e-01
7.742362022399902344e-01
3.906251117587089539e-02
6.223662570118904114e-02
1.969404816627502441e-01
3.474532067775726318e-02
7.610247135162353516e-01
1.282256543636322021e-01
2.308061569929122925e-01
3.951772749423980713e-01
1.087109893560409546e-01
1.526654604822397232e-02
8.214102387428283691e-01
5.378131940960884094e-02
4.767646268010139465e-02
5.694369599223136902e-02
1.464570015668869019e-01
6.418552994728088379e-02
5.456151366233825684e-01
8.914353251457214355e-01
3.314877152442932129e-01
8.827364444732666016e-02
3.684995695948600769e-02
3.742280974984169006e-02
4.170626401901245117e-02
2.006662040948867798e-01
2.927362620830535889e-01
7.116746306419372559e-01
1.756062731146812439e-02
8.069798350334167480e-01
9.176759421825408936e-02
2.040651440620422363e-02
3.618601858615875244e-01
2.525581419467926025e-01
1.247482597827911377e-01
3.393844515085220337e-02
7.084856629371643066e-01
3.627038374543190002e-02
1.802083663642406464e-02
1.291567385196685791e-01
3.849862515926361084e-01
7.709038257598876953e-02
2.239758335053920746e-02
3.542096167802810669e-02
2.970680594444274902e-02
1.033554449677467346e-01
2.955554425716400146e-02
3.378077223896980286e-02
5.051772594451904297e-01
1.579672545194625854e-01
2.710282802581787109e-02
7.958276271820068359e-01
5.534056425094604492e-01
4.139463976025581360e-02
3.006129860877990723e-01
3.662955015897750854e-02
3.184841573238372803e-02
1.601095683872699738e-02
7.194606959819793701e-02
3.796678408980369568e-02
8.674930334091186523e-01
8.140327930450439453e-01
8.271757960319519043e-01
5.111627578735351562e-01
8.719674944877624512e-01
6.548821330070495605e-01
3.481677174568176270e-02
6.083184853196144104e-02
6.143231987953186035e-01
1.932483464479446411e-01
5.762673616409301758e-01
3.906048834323883057e-02
3.386061266064643860e-02
4.914454817771911621e-01
4.653095006942749023e-01
6.639714837074279785e-01
5.274055600166320801e-01
8.516693711280822754e-01
4.912801459431648254e-02
4.571794345974922180e-02
5.607051849365234375e-01
1.129613816738128662e-01
5.907379984855651855e-01
1.048889532685279846e-01
2.312080711126327515e-01
8.445811271667480469e-02
5.810639262199401855e-02
6.076067686080932617e-01
4.962641000747680664e-01
3.253579735755920410e-01
1.875308752059936523e-01
2.703511528670787811e-02
3.292945772409439087e-02
8.965723514556884766e-01
2.268481850624084473e-01
5.180285498499870300e-02
7.835162878036499023e-01
4.042033106088638306e-02
1.030509397387504578e-01
6.271032691001892090e-01
1.308287121355533600e-02
5.951263755559921265e-02
6.573811918497085571e-02
7.962670326232910156e-01
8.163006901741027832e-01
2.478099055588245392e-02
4.129860177636146545e-02
1.393982172012329102e-01
3.180082887411117554e-02
4.488249495625495911e-02
8.874345421791076660e-01
4.069891199469566345e-02
7.996739149093627930e-01
3.863078951835632324e-01
4.770398139953613281e-01
4.203198850154876709e-01
8.806640505790710449e-01
4.724665358662605286e-02
5.169473886489868164e-01
3.420303016901016235e-02
6.836203336715698242e-01
6.954277157783508301e-01
5.878999233245849609e-01
4.355629682540893555e-01
3.323756158351898193e-01
4.044557362794876099e-02
4.891209304332733154e-01
7.378540635108947754e-01
5.192367434501647949e-01
6.702674180269241333e-02
2.208719588816165924e-02
9.598513692617416382e-02
3.983204811811447144e-02
1.006084457039833069e-01
5.199490115046501160e-02
5.082755535840988159e-02
2.807617783546447754e-01
8.963873982429504395e-02
2.045666873455047607e-01
7.647329568862915039e-01
3.720760047435760498e-01
6.736165881156921387e-01
4.072956740856170654e-02
1.965998411178588867e-01
8.041661977767944336e-01
6.284446120262145996e-01
2.772597968578338623e-01
2.665268480777740479e-01
5.671952292323112488e-02
3.453103303909301758e-01
4.141762107610702515e-02
2.559802494943141937e-02
4.751874804496765137e-01
6.329527497291564941e-01
5.456490069627761841e-02
8.789039254188537598e-01
3.298618495464324951e-01
3.966029360890388489e-02
8.650216460227966309e-01
1.081492602825164795e-01
1.009524241089820862e-01
3.089821711182594299e-02
7.801520824432373047e-02
4.968490451574325562e-02
7.106322050094604492e-02
7.075535506010055542e-02
1.487924754619598389e-01
6.020960807800292969e-01
4.147329628467559814e-01
5.784612298011779785e-01
2.664023824036121368e-02
5.487233400344848633e-01
6.691966950893402100e-02
7.056051492691040039e-01
1.894905865192413330e-01
5.012850165367126465e-01
2.135969139635562897e-02
7.262755185365676880e-02
5.247680544853210449e-01
2.566468343138694763e-02
1.938839629292488098e-02
1.455083042383193970e-01
8.124995827674865723e-01
2.555535435676574707e-01
7.406265139579772949e-01
8.691250085830688477e-01
5.117179751396179199e-01
5.076348781585693359e-02
9.149548411369323730e-01
2.905744910240173340e-01
2.094261050224304199e-01
2.454076334834098816e-02
2.301098555326461792e-01
5.412428975105285645e-01
2.349685877561569214e-01
1.710307225584983826e-02
7.271108031272888184e-01
4.088455438613891602e-01
6.475978493690490723e-01
5.185847729444503784e-02
8.493992686271667480e-01
9.265660047531127930e-01
3.572687804698944092e-01
4.833994060754776001e-02
7.069546729326248169e-02
5.601177364587783813e-02
6.560720801353454590e-01
7.997502088546752930e-01
7.967032492160797119e-02
4.734820723533630371e-01
5.185393095016479492e-01
8.405828475952148438e-01
6.715270131826400757e-02
7.576458454132080078e-01
7.646902799606323242e-01
3.209781944751739502e-01
5.382970571517944336e-01
8.459070324897766113e-01
6.337371468544006348e-02
2.327957898378372192e-01
8.962941765785217285e-01
7.959156483411788940e-02
7.657185792922973633e-01
4.121575132012367249e-02
2.908061146736145020e-01
1.929744929075241089e-01
4.481609910726547241e-02
9.045578241348266602e-01
1.202555969357490540e-01
6.173653006553649902e-01
1.206482872366905212e-01
9.206540137529373169e-02
8.718647062778472900e-02
4.494462907314300537e-02
1.109127402305603027e-01
8.563211560249328613e-02
1.528934240341186523e-01
8.067157864570617676e-01
8.919745683670043945e-02
8.023895621299743652e-01
7.803558558225631714e-02
5.515393018722534180e-01
4.075524508953094482e-01
1.912766322493553162e-02
6.031831353902816772e-02
4.766582250595092773e-01
6.864921748638153076e-02
1.447274535894393921e-01
4.237605258822441101e-02
5.565983653068542480e-01
8.684787154197692871e-01
6.734374165534973145e-01
3.030287623405456543e-01
2.587653100490570068e-01
8.124229907989501953e-01
7.511854171752929688e-02
8.091315031051635742e-01
2.922143228352069855e-02
6.847197413444519043e-01
3.050655685365200043e-02
1.057795435190200806e-01
8.132103681564331055e-01
1.437643617391586304e-01
2.723322510719299316e-01
5.810037851333618164e-01
3.251291811466217041e-01
3.517796844244003296e-02
2.222061157226562500e-01
5.296408534049987793e-01
7.240863144397735596e-02
6.500888615846633911e-02
5.315755605697631836e-01
6.943823099136352539e-01
2.248768508434295654e-01
7.321240007877349854e-02
2.097344212234020233e-02
5.236362665891647339e-02
6.535682082176208496e-01
2.029161304235458374e-01
5.095838382840156555e-02
8.540038466453552246e-01
4.947343170642852783e-01
3.276703953742980957e-01
5.461605265736579895e-02
4.667720943689346313e-02
2.761754766106605530e-02
7.845281809568405151e-02
5.980044603347778320e-01
8.425486087799072266e-01
6.176458597183227539e-01
4.241938292980194092e-01
5.175598710775375366e-02
6.004111096262931824e-02
7.470653206110000610e-02
4.648510813713073730e-01
2.924977540969848633e-01
8.084316253662109375e-01
7.171052098274230957e-01
2.671726942062377930e-01
6.538877636194229126e-02
5.424465537071228027e-01
2.312461137771606445e-01
1.885745823383331299e-01
8.779435753822326660e-01
1.935737431049346924e-01
4.491648077964782715e-01
9.806016832590103149e-02
1.965466327965259552e-02
4.395602643489837646e-02
3.843322023749351501e-02
2.825098857283592224e-02
7.778129726648330688e-02
4.238659739494323730e-01
5.620457977056503296e-02
1.305801868438720703e-01
8.575566411018371582e-01
2.615888714790344238e-01
2.539618313312530518e-02
5.588845908641815186e-02
6.953042000532150269e-02
4.458246380090713501e-02
4.435935616493225098e-01
8.103226423263549805e-01
4.654047191143035889e-01
8.326523900032043457e-01
1.782351918518543243e-02
8.122792094945907593e-02
2.493580728769302368e-01
2.625520229339599609e-01
8.510531783103942871e-01
3.686251863837242126e-02
1.599545963108539581e-02
3.140056505799293518e-02
7.076871395111083984e-02
5.412565469741821289e-01
6.854669749736785889e-02
6.208370327949523926e-01
6.892707198858261108e-02
6.563952565193176270e-02
3.906037509441375732e-01
5.337843298912048340e-02
4.281527698040008545e-01
2.808742225170135498e-01
5.062701925635337830e-02
6.886046528816223145e-01
5.082756876945495605e-01
4.010190665721893311e-01
9.137369990348815918e-01
1.456263065338134766e-01
1.041721999645233154e-01
4.959011375904083252e-01
4.169632121920585632e-02
7.484053820371627808e-02
4.053587839007377625e-02
4.615047946572303772e-02
4.625790193676948547e-02
8.553650230169296265e-02
7.481426000595092773e-02
8.273745179176330566e-01
7.769776135683059692e-02
4.141556471586227417e-02
2.879573963582515717e-02
8.273283243179321289e-01
5.582934617996215820e-01
1.971191167831420898e-01
7.602907717227935791e-02
1.548606753349304199e-01
2.199088037014007568e-01
2.037875354290008545e-01
4.688640534877777100e-01
1.499118376523256302e-02
3.483146056532859802e-02
4.763741046190261841e-02
6.826973706483840942e-02
1.118742376565933228e-01
5.496050789952278137e-02
7.633289694786071777e-01
1.194047555327415466e-01
8.454974293708801270e-01
1.613844484090805054e-01
3.177217841148376465e-01
3.375652432441711426e-02
7.271475195884704590e-01
5.352989435195922852e-01
7.331246733665466309e-01
7.202897071838378906e-01
4.457345306873321533e-01
4.818402230739593506e-01
1.990351527929306030e-01
1.287378817796707153e-01
5.394522845745086670e-02
1.960876211524009705e-02
3.701268136501312256e-01
3.838188350200653076e-01
7.891609668731689453e-01
1.894748210906982422e-02
4.969340860843658447e-01
6.404956430196762085e-02
3.229549899697303772e-02
3.336893022060394287e-02
2.990624867379665375e-02
5.745110511779785156e-01
6.857801079750061035e-01
2.166585251688957214e-02
5.299568921327590942e-02
5.730180144309997559e-01
2.691598981618881226e-02
5.904106795787811279e-02
8.531204611063003540e-02
6.589277833700180054e-02
9.940322488546371460e-02
1.252958625555038452e-01
8.109379410743713379e-01
6.009473800659179688e-01
1.134885996580123901e-01
4.687247052788734436e-02
2.065012603998184204e-01
3.207719698548316956e-02
5.718566775321960449e-01
2.980655729770660400e-01
8.028860390186309814e-02
7.366188615560531616e-02
3.772431612014770508e-02
6.319907903671264648e-01
3.330205753445625305e-02
3.088381886482238770e-01
2.276938036084175110e-02
6.919599175453186035e-01
6.682287901639938354e-02
1.976462081074714661e-02
3.517763316631317139e-01
7.559792399406433105e-01
2.363943606615066528e-01
2.498126775026321411e-02
3.691294789314270020e-02
5.671862363815307617e-01
3.676916360855102539e-01
4.689413309097290039e-02
3.090211562812328339e-02
2.098383754491806030e-01
3.141656816005706787e-01
1.453057378530502319e-01
4.844386130571365356e-02
1.401572972536087036e-01
2.786702848970890045e-02
1.492429375648498535e-01
9.019961953163146973e-01
1.080909818410873413e-01
7.305824756622314453e-02
9.406794905662536621e-01
4.064832627773284912e-01
5.254690051078796387e-01
3.628392890095710754e-02
6.326143741607666016e-01
4.766688942909240723e-01
3.195455670356750488e-02
8.421267271041870117e-01
7.769822478294372559e-01
4.177671074867248535e-01
1.503853127360343933e-02
3.968798816204071045e-01
1.851768046617507935e-01
1.231795325875282288e-01
4.166072905063629150e-01
3.785261139273643494e-02
8.732508867979049683e-02
2.652419805526733398e-01
5.282207205891609192e-02
3.333747759461402893e-02
3.720655739307403564e-01
2.077091485261917114e-02
1.441805958747863770e-01
5.214374512434005737e-02
7.558393478393554688e-01
4.925045967102050781e-01
5.439220070838928223e-01
1.466230601072311401e-01
3.305324018001556396e-01
6.225066632032394409e-02
3.687917813658714294e-02
8.614034652709960938e-01
7.071550190448760986e-02
3.936818838119506836e-01
8.974844813346862793e-01
2.455797046422958374e-01
2.735249698162078857e-02
5.127081871032714844e-01
6.067485362291336060e-02
7.891578078269958496e-01
5.897384881973266602e-02
5.479452013969421387e-02
2.292401343584060669e-01
7.457348108291625977e-01
3.857358098030090332e-01
7.059634327888488770e-01
1.041721999645233154e-01
1.694091260433197021e-01
4.590846002101898193e-01
9.512192755937576294e-02
1.676449477672576904e-01
1.840493381023406982e-01
4.938396513462066650e-01
6.695344299077987671e-02
4.007502198219299316e-01
6.216975450515747070e-01
2.714429050683975220e-02
3.147689104080200195e-01
6.882706284523010254e-01
3.730243444442749023e-02
5.541498661041259766e-01
9.331810474395751953e-02
2.945350408554077148e-01
1.451399475336074829e-01
7.415682077407836914e-02
7.852335572242736816e-01
5.494618415832519531e-01
1.098159775137901306e-01
5.710905790328979492e-01
8.139937520027160645e-01
9.362353682518005371e-01
9.208143949508666992e-01
1.944970712065696716e-02
3.822056353092193604e-01
3.413473665714263916e-01
4.027473628520965576e-01
8.765533566474914551e-01
2.455477416515350342e-01
2.162619233131408691e-01
1.639474034309387207e-01
4.353286325931549072e-02
8.398799896240234375e-01
1.550655905157327652e-02
4.002545773983001709e-02
7.712398767471313477e-01
3.386691585183143616e-02
3.896449878811836243e-02
3.939063847064971924e-01
4.310521781444549561e-01
8.780801892280578613e-01
2.086821757256984711e-02
3.117639012634754181e-02
5.787488445639610291e-02
6.998814344406127930e-01
8.373060226440429688e-01
1.523395814001560211e-02
8.418874740600585938e-01
4.285496100783348083e-02
6.196047663688659668e-01
1.255293488502502441e-01
7.091080546379089355e-01
3.999060988426208496e-01
4.292846843600273132e-02
1.081088110804557800e-01
6.267310976982116699e-01
3.383851423859596252e-02
1.723556220531463623e-02
6.882945299148559570e-01
3.172642365097999573e-02
2.626457251608371735e-02
3.387040793895721436e-01
5.608626008033752441e-01
2.016692049801349640e-02
6.688019633293151855e-01
4.106385409832000732e-01
1.366502195596694946e-01
2.336646057665348053e-02
2.855453789234161377e-01
8.438542485237121582e-01
7.821258306503295898e-01
8.420349359512329102e-01
3.775937557220458984e-01
5.809268355369567871e-01
2.222216576337814331e-01
1.326781362295150757e-01
5.454896390438079834e-02
4.367250204086303711e-02
2.396180853247642517e-02
7.352197766304016113e-01
7.561552524566650391e-01
6.957314610481262207e-01
3.159356862306594849e-02
4.388432502746582031e-01
6.288536638021469116e-02
1.131120398640632629e-01
8.255074024200439453e-01
2.531925141811370850e-01
7.566934823989868164e-02
3.159257769584655762e-02
4.259669780731201172e-02
1.664817146956920624e-02
1.815250217914581299e-01
8.312643766403198242e-01
2.237504124641418457e-01
1.786994002759456635e-02
6.053778901696205139e-02
4.682726562023162842e-01
6.455848217010498047e-01
3.236266598105430603e-02
4.393337070941925049e-01
4.954362809658050537e-01
8.083944916725158691e-01
4.947465658187866211e-02
9.141455590724945068e-02
8.826714009046554565e-02
5.397107601165771484e-01
4.718573391437530518e-01
1.828104816377162933e-02
6.211080551147460938e-01
8.814054727554321289e-01
7.847114801406860352e-01
5.936270356178283691e-01
8.181144297122955322e-02
3.524281084537506104e-02
5.928034186363220215e-01
5.215137600898742676e-01
1.025730893015861511e-01
4.899699985980987549e-01
6.119037270545959473e-01
5.947043374180793762e-02
2.786619961261749268e-02
2.387396246194839478e-02
3.484466075897216797e-01
1.270075887441635132e-01
1.945168711245059967e-02
2.401936650276184082e-01
8.255496621131896973e-01
1.200106069445610046e-01
5.884321928024291992e-01
3.135438859462738037e-01
1.752940863370895386e-01
5.625263601541519165e-02
4.948792606592178345e-02
5.748875141143798828e-01
9.142745733261108398e-01
2.136855199933052063e-02
9.049746394157409668e-01
9.086717963218688965e-01
7.197948098182678223e-01
3.087374269962310791e-01
7.190310955047607422e-01
4.807547852396965027e-02
4.812609851360321045e-01
7.644683122634887695e-01
6.756681203842163086e-01
7.202736139297485352e-01
6.099106743931770325e-02
7.058749347925186157e-02
2.176273465156555176e-01
7.563450932502746582e-01
5.930441617965698242e-02
1.063186377286911011e-01
5.149604082107543945e-01
6.261837482452392578e-01
2.882779240608215332e-01
1.830786913633346558e-01
5.352497696876525879e-01
1.676538586616516113e-01
3.840767443180084229e-01
5.568192601203918457e-01
4.855594635009765625e-01
2.127897180616855621e-02
4.805581569671630859e-01
4.647801816463470459e-02
3.527296185493469238e-01
8.216199278831481934e-01
3.229672089219093323e-02
4.011798650026321411e-02
5.065390840172767639e-02
1.902611106634140015e-01
9.150841832160949707e-01
4.631803929805755615e-01
8.793581724166870117e-01
3.935931622982025146e-02
1.196898426860570908e-02
1.738224364817142487e-02
7.775437235832214355e-01
1.321140378713607788e-01
5.977020263671875000e-01
3.134383559226989746e-01
8.936296403408050537e-02
6.361281871795654297e-02
3.879779204726219177e-02
5.546895861625671387e-01
9.115238189697265625e-01
2.357831224799156189e-02
4.054187983274459839e-02
8.633767366409301758e-01
9.987694025039672852e-02
2.258114144206047058e-02
1.201679334044456482e-01
4.948623105883598328e-02
1.740007549524307251e-01
1.983609646558761597e-01
2.955098450183868408e-01
2.441780827939510345e-02
7.481438666582107544e-02
7.031070441007614136e-02
1.093367412686347961e-01
7.762678265571594238e-01
6.183292269706726074e-01
1.497946083545684814e-01
3.629710152745246887e-02
3.809409588575363159e-02
2.035597339272499084e-02
3.718286454677581787e-01
2.348510771989822388e-01
2.428313791751861572e-01
3.157462924718856812e-02
1.439853608608245850e-01
9.093528389930725098e-01
4.072149097919464111e-02
2.549064159393310547e-01
1.444604247808456421e-01
6.990912556648254395e-01
1.809629201889038086e-01
7.115158438682556152e-02
4.676572680473327637e-01
8.915807604789733887e-01
4.654015228152275085e-02
1.970908641815185547e-01
4.454282298684120178e-02
3.887286782264709473e-02
3.976861760020256042e-02
5.730884075164794922e-01
2.996401786804199219e-01
1.462226063013076782e-01
8.786540031433105469e-01
4.245978891849517822e-01
4.986253082752227783e-01
3.263417184352874756e-01
6.609323620796203613e-02
7.224159240722656250e-01
3.347950056195259094e-02
1.585063524544239044e-02
8.859115839004516602e-01
8.265666365623474121e-01
6.935149431228637695e-01
7.455767989158630371e-01
4.982785880565643311e-02
3.590412437915802002e-01
1.053378880023956299e-01
1.165924072265625000e-01
5.178750753402709961e-01
3.182337433099746704e-02
4.257586225867271423e-02
4.087539911270141602e-01
5.699615925550460815e-02
7.818171381950378418e-01
3.670983314514160156e-01
6.701931953430175781e-01
3.252959996461868286e-02
7.198833823204040527e-01
6.335619688034057617e-01
2.532602846622467041e-01
8.523750305175781250e-01
4.496316611766815186e-01
5.675066709518432617e-01
3.114278987050056458e-02
8.743793368339538574e-01
1.593597233295440674e-01
4.789417982101440430e-02
8.357533216476440430e-01
2.621782124042510986e-01
8.289944529533386230e-01
2.934245578944683075e-02
2.647796869277954102e-01
3.263611793518066406e-01
3.708664476871490479e-01
3.005641996860504150e-01
8.908500075340270996e-01
2.223186641931533813e-01
4.246332943439483643e-01
1.623099669814109802e-02
8.676805496215820312e-01
4.678605869412422180e-02
1.826265454292297363e-02
7.948363423347473145e-01
5.963966250419616699e-01
4.904015064239501953e-01
4.607122018933296204e-02
6.118909120559692383e-01
5.918155908584594727e-01
7.815638780593872070e-01
9.354632347822189331e-02
8.363130688667297363e-01
1.827424764633178711e-02
4.129412770271301270e-01
2.327351272106170654e-02
5.610635280609130859e-01
3.824638575315475464e-02
2.505767345428466797e-01
2.705505788326263428e-01
1.966537088155746460e-01
4.178853929042816162e-01
4.573674499988555908e-02
6.523439884185791016e-01
8.223950266838073730e-01
2.030712217092514038e-01
4.596821069717407227e-01
3.219379857182502747e-02
5.262043476104736328e-01
7.947747111320495605e-01
8.175076842308044434e-01
2.138304710388183594e-01
1.691185086965560913e-01
4.090246185660362244e-02
1.265830993652343750e-01
2.665070630609989166e-02
2.916677296161651611e-01
9.062560796737670898e-01
1.174982115626335144e-01
7.451067566871643066e-01
8.118191361427307129e-02
6.436181664466857910e-01
1.400220096111297607e-01
2.501443624496459961e-01
4.465364664793014526e-02
2.492273971438407898e-02
1.553115993738174438e-01
7.108333110809326172e-01
7.898988127708435059e-01
1.508778631687164307e-01
4.293260350823402405e-02
5.657873749732971191e-01
8.934512138366699219e-01
6.404933333396911621e-01
9.171665459871292114e-02
1.845100075006484985e-01
6.626313328742980957e-01
7.484998106956481934e-01
7.847197055816650391e-01
5.241974815726280212e-02
8.563038110733032227e-01
7.253167629241943359e-01
2.483156472444534302e-01
8.796386718750000000e-01
4.785487949848175049e-01
1.482930127531290054e-02
5.571752786636352539e-01
1.890843361616134644e-01
5.724154710769653320e-01
1.061431095004081726e-01
5.751516819000244141e-01
6.338624358177185059e-01
8.739380538463592529e-02
6.202939152717590332e-01
3.392245471477508545e-01
7.320940494537353516e-01
2.107346244156360626e-02
2.665215134620666504e-01
6.018077135086059570e-01
4.418980777263641357e-01
3.971721827983856201e-01
1.779190450906753540e-01
3.354090750217437744e-01
7.781746983528137207e-01
6.259745359420776367e-01
5.769833177328109741e-02
6.980401277542114258e-02
1.041721999645233154e-01
1.597639918327331543e-02
3.474629819393157959e-01
1.089982464909553528e-01
5.799176692962646484e-01
2.111696302890777588e-01
1.930261589586734772e-02
6.528643369674682617e-01
4.097630381584167480e-01
4.176468774676322937e-02
1.572259366512298584e-01
5.938621610403060913e-02
7.090331912040710449e-01
5.328348278999328613e-01
2.784293889999389648e-02
1.228090524673461914e-01
1.832683570683002472e-02
5.269772410392761230e-01
1.683254688978195190e-01
4.696990177035331726e-02
3.092492185533046722e-02
3.154209628701210022e-02
2.689941823482513428e-01
8.435341715812683105e-02
6.241592019796371460e-02
3.163074329495429993e-02
1.961646676063537598e-01
4.915426075458526611e-01
3.990435004234313965e-01
4.027665778994560242e-02
3.751307725906372070e-02
4.965622723102569580e-01
4.450390040874481201e-01
2.729528769850730896e-02
9.313868284225463867e-01
6.720572113990783691e-01
2.170017063617706299e-01
5.112304911017417908e-02
2.167113870382308960e-01
3.578077629208564758e-02
7.344684749841690063e-02
4.178903996944427490e-01
7.217929512262344360e-02
5.670048594474792480e-01
5.338654518127441406e-01
5.411117076873779297e-01
3.288983181118965149e-02
2.906716763973236084e-01
9.995093196630477905e-02
2.945591509342193604e-01
5.207728743553161621e-01
1.292231827974319458e-01
5.317258238792419434e-01
1.879574060440063477e-01
9.118496179580688477e-01
5.360437184572219849e-02
3.692841231822967529e-01
8.478713035583496094e-01
2.341883778572082520e-01
4.294417202472686768e-01
7.040957808494567871e-01
5.577061772346496582e-01
8.349711447954177856e-02
8.680107593536376953e-01
5.653563141822814941e-01
1.385189294815063477e-01
8.678843975067138672e-01
1.225853711366653442e-01
7.460430264472961426e-01
7.336624264717102051e-01
3.182276710867881775e-02
1.423257123678922653e-02
5.544068217277526855e-01
2.468439340591430664e-01
3.443535789847373962e-02
5.125081539154052734e-01
9.055877923965454102e-01
6.211706250905990601e-02
2.458875626325607300e-02
8.269833773374557495e-02
3.210595995187759399e-02
2.320794463157653809e-01
3.122647479176521301e-02
8.137128502130508423e-02
2.163480035960674286e-02
2.479125857353210449e-01
1.915106326341629028e-01
8.047965764999389648e-01
4.211589992046356201e-01
8.339846730232238770e-01
4.596229270100593567e-02
3.473567217588424683e-02
5.766135454177856445e-01
6.088352203369140625e-01
3.220317885279655457e-02
4.812529683113098145e-01
5.452653765678405762e-01
1.960425265133380890e-02
8.917567729949951172e-01
2.420161217451095581e-01
5.207468569278717041e-02
2.956334874033927917e-02
5.036978721618652344e-01
1.268600821495056152e-01
7.757037878036499023e-01
2.973029017448425293e-01
2.024050205945968628e-01
3.852566331624984741e-02
1.644823700189590454e-01
1.511659473180770874e-01
2.434983104467391968e-02
2.538598477840423584e-01
1.039894521236419678e-01
2.233686111867427826e-02
7.144594192504882812e-02
4.112491011619567871e-02
4.589339792728424072e-01
8.742577582597732544e-02
8.475892543792724609e-01
7.827770113945007324e-01
1.052872464060783386e-01
