2.876319363713264465e-02
8.993629217147827148e-01
9.118115901947021484e-02
8.457385301589965820e-01
1.414550691843032837e-01
4.332335665822029114e-02
2.675893604755401611e-01
1.968092620372772217e-01
8.686228394508361816e-01
7.284788042306900024e-02
2.878256142139434814e-01
1.774894148111343384e-01
8.666053414344787598e-01
4.063208699226379395e-01
1.548663377761840820e-01
2.856216430664062500e-01
1.644560098648071289e-01
5.938271284103393555e-01
9.186303615570068359e-01
2.359946668148040771e-01
6.767480373382568359e-01
7.467966079711914062e-01
8.110395073890686035e-02
7.751271128654479980e-02
1.605180203914642334e-01
4.122777283191680908e-02
7.700110077857971191e-01
2.039150446653366089e-01
2.577668130397796631e-01
3.510047793388366699e-01
1.668959558010101318e-01
2.153907716274261475e-02
8.573500514030456543e-01
7.045678049325942993e-02
2.508744597434997559e-01
1.180080249905586243e-01
3.473414182662963867e-01
7.778381556272506714e-02
3.793667554855346680e-01
9.140463471412658691e-01
1.941336691379547119e-01
1.233679801225662231e-01
6.531844288110733032e-02
6.233175843954086304e-02
3.885766491293907166e-02
1.307244300842285156e-01
3.199124336242675781e-01
5.253722071647644043e-01
2.589126862585544586e-02
7.804863452911376953e-01
1.066863238811492920e-01
4.641143977642059326e-02
9.513493627309799194e-02
3.408666253089904785e-01
1.011528149247169495e-01
8.887211233377456665e-02
8.204870820045471191e-01
1.115041598677635193e-01
8.283095061779022217e-02
2.153367847204208374e-01
3.817199170589447021e-01
1.223631426692008972e-01
6.179640442132949829e-02
5.973693355917930603e-02
6.401173025369644165e-02
1.552939265966415405e-01
6.512902677059173584e-02
2.546919584274291992e-01
3.694974780082702637e-01
2.208738327026367188e-01
4.308959096670150757e-02
6.888032555580139160e-01
2.371075153350830078e-01
1.041810140013694763e-01
1.625964492559432983e-01
6.124090775847434998e-02
3.554008528590202332e-02
2.451710030436515808e-02
1.306031495332717896e-01
4.299248009920120239e-02
8.597309589385986328e-01
6.924725174903869629e-01
7.745921015739440918e-01
4.256661236286163330e-01
6.520227789878845215e-01
6.186655163764953613e-01
7.143227756023406982e-02
1.088797450065612793e-01
7.957206964492797852e-01
3.378947675228118896e-01
6.294343471527099609e-01
7.303945720195770264e-02
4.372364655137062073e-02
3.900813162326812744e-01
3.378919661045074463e-01
2.536732852458953857e-01
4.759677648544311523e-01
8.579084277153015137e-01
8.168370276689529419e-02
9.019058942794799805e-02
5.130884051322937012e-01
1.147375851869583130e-01
4.664548337459564209e-01
1.331250071525573730e-01
1.496171057224273682e-01
1.487248539924621582e-01
4.654721170663833618e-02
4.538786113262176514e-01
3.490617871284484863e-01
2.129134535789489746e-01
2.619207799434661865e-01
4.755276441574096680e-02
5.761709064245223999e-02
9.199402928352355957e-01
1.506674885749816895e-01
1.189063340425491333e-01
8.818538188934326172e-01
6.323538720607757568e-02
1.064956337213516235e-01
6.435385942459106445e-01
2.461257949471473694e-02
9.194198995828628540e-02
1.628568619489669800e-01
5.089960694313049316e-01
7.859825491905212402e-01
1.090430319309234619e-01
8.070222288370132446e-02
2.374626696109771729e-01
4.385438188910484314e-02
7.759758085012435913e-02
9.160655140876770020e-01
2.552894651889801025e-01
8.957697749137878418e-01
1.855127066373825073e-01
4.825752675533294678e-01
4.522391259670257568e-01
8.004384040832519531e-01
2.285506576299667358e-01
4.206999540328979492e-01
4.477128386497497559e-02
6.254541873931884766e-01
6.531692147254943848e-01
4.196917116641998291e-01
2.331580817699432373e-01
1.559970080852508545e-01
8.489117026329040527e-02
3.002004623413085938e-01
6.727535724639892578e-01
4.856730997562408447e-01
1.077544912695884705e-01
4.230711236596107483e-02
1.344544142484664917e-01
4.098605364561080933e-02
8.045539259910583496e-02
9.054875373840332031e-02
9.878313541412353516e-02
1.683152765035629272e-01
2.930853664875030518e-01
2.133049070835113525e-01
8.043599724769592285e-01
3.107867836952209473e-01
6.157145500183105469e-01
7.225976884365081787e-02
1.730916202068328857e-01
8.268526792526245117e-01
4.451148509979248047e-01
4.097110033035278320e-01
2.692183256149291992e-01
1.015934124588966370e-01
1.808890402317047119e-01
6.890153139829635620e-02
4.503025114536285400e-02
4.486806690692901611e-01
5.821580886840820312e-01
6.818712502717971802e-02
9.137444496154785156e-01
2.193893790245056152e-01
5.227902159094810486e-02
8.013457059860229492e-01
1.202909424901008606e-01
1.047011241316795349e-01
5.655460059642791748e-02
7.641834765672683716e-02
1.289990246295928955e-01
7.322025299072265625e-02
8.427680283784866333e-02
1.114168688654899597e-01
5.841199755668640137e-01
2.496362328529357910e-01
4.535551667213439941e-01
6.288754940032958984e-02
7.052192091941833496e-01
6.786287575960159302e-02
5.146378874778747559e-01
1.523453444242477417e-01
5.454189181327819824e-01
3.270199894905090332e-02
1.582597047090530396e-01
4.389734864234924316e-01
3.026532568037509918e-02
2.658184058964252472e-02
8.261243253946304321e-02
8.826208114624023438e-01
1.724926233291625977e-01
7.294744253158569336e-01
8.898876905441284180e-01
5.763709545135498047e-01
4.430586472153663635e-02
9.447444677352905273e-01
2.736523747444152832e-01
1.112079992890357971e-01
6.459377706050872803e-02
1.272138655185699463e-01
2.371455430984497070e-01
3.373790681362152100e-01
2.700420841574668884e-02
6.286864876747131348e-01
5.081101059913635254e-01
7.955036759376525879e-01
7.240591198205947876e-02
8.535553812980651855e-01
9.509429335594177246e-01
7.506485581398010254e-01
1.075781658291816711e-01
1.028078049421310425e-01
7.719179242849349976e-02
5.882979035377502441e-01
5.771920680999755859e-01
1.539672315120697021e-01
4.990606606006622314e-01
3.204187154769897461e-01
8.592489957809448242e-01
9.670827537775039673e-02
7.313769459724426270e-01
8.963792920112609863e-01
3.586213886737823486e-01
6.989843845367431641e-01
8.955518007278442383e-01
1.257524490356445312e-01
2.233169972896575928e-01
8.195915222167968750e-01
9.028200805187225342e-02
5.757334828376770020e-01
1.600108742713928223e-01
1.354299485683441162e-01
1.804578900337219238e-01
5.526297166943550110e-02
9.304531216621398926e-01
5.003727227449417114e-02
7.191434502601623535e-01
3.648724257946014404e-01
8.773915469646453857e-02
1.157332658767700195e-01
6.735738366842269897e-02
7.345123589038848877e-02
9.332635998725891113e-02
1.815216541290283203e-01
5.595863461494445801e-01
1.191837489604949951e-01
7.485737204551696777e-01
8.510449528694152832e-02
6.111463308334350586e-01
4.485684037208557129e-01
6.655947118997573853e-02
1.785065531730651855e-01
3.095170557498931885e-01
2.745051383972167969e-01
2.373551130294799805e-01
8.612690865993499756e-02
6.395291686058044434e-01
7.790993452072143555e-01
7.506861686706542969e-01
1.815528273582458496e-01
1.779717355966567993e-01
5.724124312400817871e-01
1.028348207473754883e-01
7.098809480667114258e-01
2.096274346113204956e-01
8.217920064926147461e-01
7.270520180463790894e-02
1.469675749540328979e-01
8.809088468551635742e-01
1.035109013319015503e-01
4.090901911258697510e-01
2.707204818725585938e-01
1.944347172975540161e-01
4.306185618042945862e-02
1.073599457740783691e-01
2.371453195810317993e-01
1.258799284696578979e-01
9.067706763744354248e-02
6.725929975509643555e-01
7.834364771842956543e-01
3.129597306251525879e-01
1.299067139625549316e-01
3.598890453577041626e-02
9.885101765394210815e-02
7.568798661231994629e-01
4.095146954059600830e-01
7.816518098115921021e-02
8.291492462158203125e-01
4.464352726936340332e-01
2.551870346069335938e-01
8.158583194017410278e-02
7.714143395423889160e-02
7.045560330152511597e-02
7.687360793352127075e-02
4.663415253162384033e-01
8.102722764015197754e-01
6.307164430618286133e-01
4.927444159984588623e-01
9.353152662515640259e-02
8.499731123447418213e-02
1.961744129657745361e-01
3.965499699115753174e-01
2.279838174581527710e-01
8.951346278190612793e-01
6.579919457435607910e-01
2.406994551420211792e-01
9.837228059768676758e-02
4.168676137924194336e-01
2.254322469234466553e-01
3.313484787940979004e-01
9.048044681549072266e-01
5.216931104660034180e-01
4.530295729637145996e-01
1.282969266176223755e-01
5.089280754327774048e-02
7.785403728485107422e-02
8.789900690317153931e-02
3.092907369136810303e-02
9.095212817192077637e-02
4.702927470207214355e-01
9.603983163833618164e-02
1.361479163169860840e-01
8.227024078369140625e-01
2.070155143737792969e-01
3.163878992199897766e-02
1.354552060365676880e-01
1.776123493909835815e-01
5.270779132843017578e-02
1.769228577613830566e-01
5.060026645660400391e-01
1.378601789474487305e-01
8.276256322860717773e-01
3.738519921898841858e-02
1.249742433428764343e-01
6.255195736885070801e-01
1.048194691538810730e-01
6.062160730361938477e-01
8.953756093978881836e-02
3.271161764860153198e-02
3.394884243607521057e-02
1.125009357929229736e-01
2.677198350429534912e-01
1.111290082335472107e-01
8.551869988441467285e-01
3.849557936191558838e-01
1.387273371219635010e-01
4.592510461807250977e-01
7.907694578170776367e-02
4.172777831554412842e-01
1.387787908315658569e-01
6.449705362319946289e-02
7.617035508155822754e-01
1.807017773389816284e-01
2.385462373495101929e-01
9.291033148765563965e-01
2.302712947130203247e-01
1.919763386249542236e-01
4.804914593696594238e-01
9.420274198055267334e-02
1.250769942998886108e-01
1.714035570621490479e-01
7.876424491405487061e-02
7.308766245841979980e-02
1.012180447578430176e-01
7.429762929677963257e-02
8.380016684532165527e-01
9.918986260890960693e-02
6.812885403633117676e-02
4.159033298492431641e-02
8.490188717842102051e-01
7.426607012748718262e-01
1.339568346738815308e-01
1.819158345460891724e-01
2.577860355377197266e-01
3.049215376377105713e-01
1.120129898190498352e-01
3.075128197669982910e-01
2.673303149640560150e-02
6.754970550537109375e-02
8.528876304626464844e-02
5.594971403479576111e-02
1.012958288192749023e-01
2.693338878452777863e-02
6.402885317802429199e-01
2.113952189683914185e-01
6.137742400169372559e-01
2.973456680774688721e-01
1.398534774780273438e-01
5.989518389105796814e-02
7.609438300132751465e-01
3.825466930866241455e-01
5.900356769561767578e-01
7.268179655075073242e-01
2.843087315559387207e-01
4.280577301979064941e-01
2.198907285928726196e-01
1.153861209750175476e-01
5.411310866475105286e-02
2.905678376555442810e-02
1.888446956872940063e-01
3.653813004493713379e-01
7.448496222496032715e-01
2.441120892763137817e-02
4.478026926517486572e-01
8.654398471117019653e-02
5.604350939393043518e-02
1.127824261784553528e-01
5.355248227715492249e-02
5.376190543174743652e-01
9.189084768295288086e-01
3.583587333559989929e-02
7.266398519277572632e-02
3.194864094257354736e-01
5.948177352547645569e-02
7.172430306673049927e-02
1.696629077196121216e-01
1.132663860917091370e-01
1.243640258908271790e-01
2.565712630748748779e-01
5.191799998283386230e-01
4.183811545372009277e-01
1.218461766839027405e-01
3.503872081637382507e-02
2.425226420164108276e-01
9.992165863513946533e-02
4.867905378341674805e-01
2.161719799041748047e-01
2.259108871221542358e-01
1.001113280653953552e-01
1.078375503420829773e-01
6.097872853279113770e-01
5.904842913150787354e-02
2.000275254249572754e-01
3.926330804824829102e-02
7.279363274574279785e-01
7.682921737432479858e-02
3.047029301524162292e-02
2.839816510677337646e-01
7.654027342796325684e-01
3.432509899139404297e-01
3.299130871891975403e-02
5.144118145108222961e-02
3.455310463905334473e-01
1.433561593294143677e-01
6.329124420881271362e-02
7.109684497117996216e-02
2.691016793251037598e-01
3.860827684402465820e-01
1.101244315505027771e-01
7.586688548326492310e-02
1.560789793729782104e-01
7.138405740261077881e-02
9.476450830698013306e-02
8.578106164932250977e-01
4.778742194175720215e-01
1.374583542346954346e-01
9.520305991172790527e-01
1.652491092681884766e-01
4.932761490345001221e-01
9.998677670955657959e-02
7.858601212501525879e-01
2.752951979637145996e-01
6.620696932077407837e-02
8.711998462677001953e-01
8.401905894279479980e-01
4.313727319240570068e-01
2.090447768568992615e-02
3.737785220146179199e-01
3.552957177162170410e-01
1.129160448908805847e-01
5.845831632614135742e-01
4.560344666242599487e-02
1.186734735965728760e-01
1.924116164445877075e-01
1.138478219509124756e-01
3.266416490077972412e-01
2.239473164081573486e-01
4.618987441062927246e-02
3.284636139869689941e-01
8.788095414638519287e-02
6.411853432655334473e-01
5.232894420623779297e-01
2.957153618335723877e-01
1.821485459804534912e-01
3.815523386001586914e-01
1.116436570882797241e-01
1.398167908191680908e-01
8.329496979713439941e-01
1.265084445476531982e-01
7.674824595451354980e-01
9.106415510177612305e-01
6.695926189422607422e-02
6.029188632965087891e-02
2.875975966453552246e-01
7.813066244125366211e-02
7.146742939949035645e-01
8.590172976255416870e-02
1.425426155328750610e-01
2.818988859653472900e-01
7.788839936256408691e-01
3.664255440235137939e-01
2.197385281324386597e-01
1.919763386249542236e-01
1.530256569385528564e-01
4.895485341548919678e-01
1.023024097084999084e-01
2.087725847959518433e-01
1.351191848516464233e-01
3.086489140987396240e-01
6.807088851928710938e-02
5.954909324645996094e-01
5.969322323799133301e-01
2.848062515258789062e-01
1.822416186332702637e-01
8.387268781661987305e-01
8.120594918727874756e-02
4.943143129348754883e-01
1.991698145866394043e-01
1.581314951181411743e-01
1.303095370531082153e-01
8.891606330871582031e-02
4.579993486404418945e-01
2.759543359279632568e-01
4.561029970645904541e-01
4.184075295925140381e-01
8.250345587730407715e-01
9.356334805488586426e-01
9.445862770080566406e-01
3.741524368524551392e-02
2.801286280155181885e-01
2.528710961341857910e-01
2.827170789241790771e-01
9.164665341377258301e-01
2.000712007284164429e-01
1.194232031702995300e-01
1.113727763295173645e-01
6.158598884940147400e-02
8.817464113235473633e-01
2.759894542396068573e-02
3.994575142860412598e-02
6.754718422889709473e-01
5.145226791501045227e-02
5.630900710821151733e-02
3.361851274967193604e-01
1.945283412933349609e-01
8.957435488700866699e-01
5.325891077518463135e-02
5.870394781231880188e-02
1.055443808436393738e-01
8.124450445175170898e-01
9.053562283515930176e-01
2.351235412061214447e-02
7.680932879447937012e-01
4.882771521806716919e-02
6.252854466438293457e-01
2.380926609039306641e-01
6.760004162788391113e-01
5.691880583763122559e-01
8.988685160875320435e-02
2.661390006542205811e-01
7.614119648933410645e-01
3.725440055131912231e-02
3.825719654560089111e-02
6.510800719261169434e-01
4.263978451490402222e-02
5.446423217654228210e-02
2.631315290927886963e-01
4.810340702533721924e-01
3.508833795785903931e-02
7.431363463401794434e-01
1.609748601913452148e-01
2.044695764780044556e-01
6.141715124249458313e-02
3.479127585887908936e-01
8.618203997611999512e-01
4.878518581390380859e-01
7.974404096603393555e-01
2.687646448612213135e-01
3.821310102939605713e-01
1.645457744598388672e-01
4.379810392856597900e-01
5.584478750824928284e-02
8.415064960718154907e-02
9.262838214635848999e-02
6.475477218627929688e-01
7.020463347434997559e-01
8.187871575355529785e-01
7.688587158918380737e-02
4.952777922153472900e-01
9.485856443643569946e-02
1.021958962082862854e-01
8.966158628463745117e-01
6.371383666992187500e-01
7.003737986087799072e-02
8.835074305534362793e-02
5.688321217894554138e-02
2.740138769149780273e-02
1.509826779365539551e-01
8.639401197433471680e-01
3.104890882968902588e-01
4.227568954229354858e-02
1.418405026197433472e-01
4.084883928298950195e-01
5.959056615829467773e-01
6.257083266973495483e-02
2.473301589488983154e-01
3.434072136878967285e-01
8.656985759735107422e-01
6.422016769647598267e-02
5.360188335180282593e-02
1.350371688604354858e-01
1.389202475547790527e-01
3.372195065021514893e-01
3.190773725509643555e-02
2.857947945594787598e-01
9.001806378364562988e-01
8.962288498878479004e-01
5.258787870407104492e-01
6.631383299827575684e-02
6.004981696605682373e-02
5.699048042297363281e-01
4.279034733772277832e-01
2.343746423721313477e-01
3.221277594566345215e-01
5.777977705001831055e-01
9.001076221466064453e-02
5.592134967446327209e-02
4.218801110982894897e-02
4.422731101512908936e-01
3.967388868331909180e-01
3.063562326133251190e-02
1.858574748039245605e-01
7.859886884689331055e-01
3.030738234519958496e-01
7.343259453773498535e-01
1.774593144655227661e-01
2.220961749553680420e-01
6.398109346628189087e-02
7.080258429050445557e-02
5.081974267959594727e-01
9.120472073554992676e-01
3.760431334376335144e-02
9.325842261314392090e-01
9.089385867118835449e-01
7.894070744514465332e-01
2.584941089153289795e-01
5.916750431060791016e-01
6.431789696216583252e-02
4.671049118041992188e-01
3.770832717418670654e-01
7.676940560340881348e-01
6.992483139038085938e-01
8.171479403972625732e-02
6.072340533137321472e-02
1.542378962039947510e-01
9.177025556564331055e-01
1.499932706356048584e-01
1.601965576410293579e-01
4.036456644535064697e-01
3.962493836879730225e-01
1.919037103652954102e-01
3.190743625164031982e-01
3.851313591003417969e-01
2.439407706260681152e-01
3.604634106159210205e-01
7.360704541206359863e-01
5.863906741142272949e-01
4.351780936121940613e-02
6.579318046569824219e-01
4.176035523414611816e-02
4.257848858833312988e-01
7.984713315963745117e-01
5.874925106763839722e-02
5.958204716444015503e-02
5.043673142790794373e-02
3.228963017463684082e-01
9.297246336936950684e-01
4.572997689247131348e-01
7.092231512069702148e-01
5.541219189763069153e-02
3.073614090681076050e-02
7.201732695102691650e-02
8.949069380760192871e-01
2.169810235500335693e-01
7.533571720123291016e-01
3.765503466129302979e-01
2.027563154697418213e-01
5.388390272855758667e-02
5.973050743341445923e-02
6.822678446769714355e-01
9.086053371429443359e-01
5.582737550139427185e-02
6.788225471973419189e-02
8.576688766479492188e-01
1.139032244682312012e-01
3.452014550566673279e-02
4.337365925312042236e-01
6.044069677591323853e-02
1.902303397655487061e-01
1.954514235258102417e-01
3.891950845718383789e-01
2.935366891324520111e-02
9.463448822498321533e-02
5.318709835410118103e-02
7.931211590766906738e-02
6.294105052947998047e-01
5.473720431327819824e-01
1.228029280900955200e-01
6.181246414780616760e-02
7.609540969133377075e-02
6.079498678445816040e-02
9.668717533349990845e-02
8.785639703273773193e-02
2.466958165168762207e-01
6.144079566001892090e-02
1.367957442998886108e-01
9.350271224975585938e-01
8.632415533065795898e-02
3.754411637783050537e-01
5.274057760834693909e-02
6.877340674400329590e-01
4.934098422527313232e-01
3.908939287066459656e-02
3.471202552318572998e-01
8.894972801208496094e-01
9.725280851125717163e-02
8.502873778343200684e-02
3.432285040616989136e-02
9.993565827608108521e-02
1.703676283359527588e-01
3.959069550037384033e-01
2.841213643550872803e-01
1.897687017917633057e-01
8.762896656990051270e-01
1.970137059688568115e-01
5.802153348922729492e-01
2.556230723857879639e-01
8.518114686012268066e-02
6.332662105560302734e-01
1.476935148239135742e-01
2.716982923448085785e-02
8.771401643753051758e-01
6.482644677162170410e-01
6.238885521888732910e-01
6.100036501884460449e-01
5.976231768727302551e-02
4.873029291629791260e-01
1.586326658725738525e-01
2.107018977403640747e-01
2.771610617637634277e-01
5.979905277490615845e-02
4.809076711535453796e-02
3.123956918716430664e-01
8.473737537860870361e-02
4.634225070476531982e-01
7.937675714492797852e-01
5.892941951751708984e-01
3.676906228065490723e-02
7.676383852958679199e-01
6.735985875129699707e-01
2.039176523685455322e-01
8.580123186111450195e-01
2.870882451534271240e-01
6.838428974151611328e-01
5.680376291275024414e-02
8.643106222152709961e-01
3.637188673019409180e-01
6.685941666364669800e-02
8.140140175819396973e-01
2.107040733098983765e-01
8.664233088493347168e-01
4.075517132878303528e-02
2.639990150928497314e-01
3.563317954540252686e-01
2.649508118629455566e-01
2.736049890518188477e-01
8.780105710029602051e-01
2.187049835920333862e-01
2.185825258493423462e-01
2.542533911764621735e-02
7.756968140602111816e-01
6.208749115467071533e-02
2.707993425428867340e-02
8.065204620361328125e-01
8.404933810234069824e-01
3.481687009334564209e-01
4.538408294320106506e-02
5.098799467086791992e-01
2.334966957569122314e-01
8.584497570991516113e-01
1.351489275693893433e-01
8.409875631332397461e-01
2.493805065751075745e-02
3.958993554115295410e-01
5.851456150412559509e-02
3.525283038616180420e-01
8.506595343351364136e-02
1.707383543252944946e-01
2.913309037685394287e-01
1.869767159223556519e-01
2.165174931287765503e-01
1.765318363904953003e-01
7.158703804016113281e-01
8.521066308021545410e-01
1.835997700691223145e-01
5.509195923805236816e-01
6.946928799152374268e-02
3.643032610416412354e-01
8.487101793289184570e-01
7.267929315567016602e-01
1.620069891214370728e-01
1.968109011650085449e-01
7.039754837751388550e-02
1.677520424127578735e-01
3.917315304279327393e-01
1.332813501358032227e-01
9.286189675331115723e-01
8.817838877439498901e-02
6.537776589393615723e-01
7.686109095811843872e-02
6.057648062705993652e-01
9.361804276704788208e-02
1.442614942789077759e-01
6.218842789530754089e-02
4.966805130243301392e-02
1.460662335157394409e-01
8.547204136848449707e-01
6.809405684471130371e-01
1.540812700986862183e-01
6.127383932471275330e-02
7.419273853302001953e-01
9.303104877471923828e-01
4.675730168819427490e-01
1.334184408187866211e-01
1.456067413091659546e-01
8.186556696891784668e-01
7.756276130676269531e-01
8.473610281944274902e-01
9.330070018768310547e-02
9.041986465454101562e-01
8.791077733039855957e-01
4.334131777286529541e-01
8.742489218711853027e-01
2.904902100563049316e-01
3.924334794282913208e-02
6.505808830261230469e-01
2.035723626613616943e-01
7.854097485542297363e-01
1.473497301340103149e-01
7.478631734848022461e-01
3.908851742744445801e-01
1.084795370697975159e-01
7.695186734199523926e-01
5.045624971389770508e-01
6.007525920867919922e-01
3.850949183106422424e-02
2.600176036357879639e-01
7.448624968528747559e-01
3.007489442825317383e-01
3.399998545646667480e-01
3.232412040233612061e-01
3.434218168258666992e-01
8.226159214973449707e-01
5.437387824058532715e-01
1.043614000082015991e-01
8.428943902254104614e-02
1.919763386249542236e-01
2.608124539256095886e-02
2.530789375305175781e-01
8.440678566694259644e-02
6.236927509307861328e-01
1.628500670194625854e-01
6.421033293008804321e-02
4.558453261852264404e-01
2.841792404651641846e-01
8.964440226554870605e-02
6.207819581031799316e-01
7.315056025981903076e-02
7.527453899383544922e-01
5.018177032470703125e-01
3.969030454754829407e-02
1.146505698561668396e-01
5.013979971408843994e-02
4.174360632896423340e-01
1.499269604682922363e-01
5.339572578668594360e-02
5.892350152134895325e-02
6.307584047317504883e-02
4.355552792549133301e-01
1.259544491767883301e-01
8.993911743164062500e-02
9.503808617591857910e-02
1.801136732101440430e-01
2.991706430912017822e-01
7.397830486297607422e-01
7.030199468135833740e-02
8.048520982265472412e-02
6.077433824539184570e-01
4.406096637248992920e-01
3.315685689449310303e-02
9.512934088706970215e-01
7.095287442207336426e-01
2.160167694091796875e-01
6.072290614247322083e-02
2.555000185966491699e-01
7.761825621128082275e-02
1.081743910908699036e-01
2.644391059875488281e-01
6.227383017539978027e-02
5.705362558364868164e-01
5.473465323448181152e-01
6.821214556694030762e-01
1.092263907194137573e-01
2.967884242534637451e-01
2.151576131582260132e-01
2.742101550102233887e-01
1.885165721178054810e-01
1.647528856992721558e-01
3.716547489166259766e-01
1.896546334028244019e-01
9.381095170974731445e-01
1.325716972351074219e-01
8.239175379276275635e-02
5.697935819625854492e-01
2.591591775417327881e-01
7.899640798568725586e-01
5.018733739852905273e-01
6.159402728080749512e-01
4.034634828567504883e-01
9.365702867507934570e-01
8.659507036209106445e-01
1.730334460735321045e-01
8.650683760643005371e-01
6.337629258632659912e-02
8.602766990661621094e-01
5.010054111480712891e-01
3.731821104884147644e-02
2.572726458311080933e-02
4.759378731250762939e-01
2.042672634124755859e-01
6.161137670278549194e-02
1.194407120347023010e-01
8.993509411811828613e-01
7.995836436748504639e-02
3.525939956307411194e-02
6.797275692224502563e-02
1.486549079418182373e-01
1.835934966802597046e-01
4.383184388279914856e-02
1.096708104014396667e-01
2.523990906774997711e-02
4.895232915878295898e-01
1.696737259626388550e-01
6.768807768821716309e-01
6.352360248565673828e-01
8.398834466934204102e-01
1.105039790272712708e-01
8.363769948482513428e-02
3.965661823749542236e-01
7.229384779930114746e-01
4.824097827076911926e-02
2.427086532115936279e-01
2.194633632898330688e-01
3.142896294593811035e-02
9.110651612281799316e-01
4.137355089187622070e-01
6.808321923017501831e-02
7.009435445070266724e-02
2.424741834402084351e-01
3.056393563747406006e-01
6.326325535774230957e-01
1.461680680513381958e-01
1.873737424612045288e-01
1.573565602302551270e-01
1.690540760755538940e-01
1.737680733203887939e-01
1.746731102466583252e-01
1.025678664445877075e-01
2.536306083202362061e-01
5.465539544820785522e-02
1.292552947998046875e-01
5.725669115781784058e-02
3.579413592815399170e-01
7.233335077762603760e-02
8.435984253883361816e-01
8.567903637886047363e-01
9.051754325628280640e-02
