1.628171466290950775e-02
9.258286952972412109e-01
1.085441410541534424e-01
9.420093297958374023e-01
9.304702281951904297e-02
5.201930552721023560e-02
6.164619922637939453e-01
1.983214169740676880e-01
9.432422518730163574e-01
1.192474365234375000e-01
4.062424004077911377e-01
3.271078169345855713e-01
8.801636099815368652e-01
5.691303014755249023e-01
6.766197830438613892e-02
3.660422265529632568e-01
1.689612865447998047e-01
5.920864939689636230e-01
9.708139300346374512e-01
2.410555630922317505e-01
8.142133355140686035e-01
8.957587480545043945e-01
4.149518907070159912e-02
4.837182164192199707e-02
1.438761949539184570e-01
2.473869919776916504e-02
8.290122747421264648e-01
3.459839522838592529e-01
2.807611525058746338e-01
4.424958825111389160e-01
1.596298366785049438e-01
2.219509147107601166e-02
8.915030956268310547e-01
5.406707152724266052e-02
2.131491154432296753e-01
1.197950318455696106e-01
4.387040734291076660e-01
8.144282549619674683e-02
3.303966224193572998e-01
9.707806706428527832e-01
2.151266038417816162e-01
9.532926976680755615e-02
3.571086004376411438e-02
7.247516512870788574e-02
3.873237967491149902e-02
4.840003699064254761e-02
6.863304972648620605e-01
5.023897290229797363e-01
1.670078001916408539e-02
8.494502305984497070e-01
9.510747343301773071e-02
1.945909485220909119e-02
1.201339140534400940e-01
5.706790685653686523e-01
1.282957047224044800e-01
4.327741637825965881e-02
9.498732686042785645e-01
2.905526012182235718e-02
3.501084446907043457e-02
4.105233550071716309e-01
6.417857408523559570e-01
3.853296637535095215e-01
4.729476943612098694e-02
3.381285816431045532e-02
2.900224924087524414e-02
9.080648422241210938e-02
2.207983285188674927e-02
2.297819405794143677e-01
6.737551093101501465e-01
1.157929077744483948e-01
2.136758528649806976e-02
7.222669720649719238e-01
4.762103855609893799e-01
5.377412587404251099e-02
1.574715971946716309e-01
6.250515580177307129e-02
2.908268198370933533e-02
1.636398956179618835e-02
5.275947973132133484e-02
2.553211525082588196e-02
9.146982431411743164e-01
7.800826430320739746e-01
8.744711875915527344e-01
6.839884519577026367e-01
8.855145573616027832e-01
5.306425690650939941e-01
1.172821149230003357e-01
1.446610540151596069e-01
7.380282282829284668e-01
3.577141463756561279e-01
6.411142349243164062e-01
5.850695818662643433e-02
1.829107105731964111e-02
5.080785751342773438e-01
4.757941663265228271e-01
4.561683237552642822e-01
6.910974383354187012e-01
8.920481204986572266e-01
3.776184841990470886e-02
4.150438308715820312e-02
5.977302789688110352e-01
1.498868167400360107e-01
7.529892921447753906e-01
2.562548816204071045e-01
2.511002421379089355e-01
5.985317379236221313e-02
1.280484050512313843e-01
6.582064628601074219e-01
3.413233458995819092e-01
4.358687102794647217e-01
2.822938263416290283e-01
2.413817122578620911e-02
2.662632055580615997e-02
9.645003676414489746e-01
2.289773225784301758e-01
4.441249370574951172e-02
9.122433662414550781e-01
5.115676298737525940e-02
1.296128034591674805e-01
8.190593719482421875e-01
1.962274871766567230e-02
1.979904621839523315e-01
1.116396188735961914e-01
7.200139760971069336e-01
8.950855135917663574e-01
7.409519702196121216e-02
6.048105284571647644e-02
2.022884637117385864e-01
4.702530056238174438e-02
1.399797350168228149e-01
9.609534740447998047e-01
3.328619301319122314e-01
9.479232430458068848e-01
1.484161615371704102e-01
6.091067790985107422e-01
5.428752303123474121e-01
8.391445279121398926e-01
2.822223305702209473e-01
6.201585531234741211e-01
2.758184075355529785e-02
8.654444217681884766e-01
8.032273054122924805e-01
5.441752672195434570e-01
2.535221576690673828e-01
2.308265566825866699e-01
2.233851328492164612e-02
3.166086077690124512e-01
8.298329114913940430e-01
7.988516092300415039e-01
6.780846416950225830e-02
1.982510648667812347e-02
1.270066946744918823e-01
6.819738447666168213e-02
1.531160920858383179e-01
1.423590928316116333e-01
1.062869057059288025e-01
3.157235085964202881e-01
2.574970126152038574e-01
3.215659260749816895e-01
7.494284510612487793e-01
3.516186475753784180e-01
6.423537135124206543e-01
5.691558122634887695e-02
1.831930577754974365e-01
9.201006293296813965e-01
2.632761001586914062e-01
3.419664204120635986e-01
2.942537069320678711e-01
6.953845173120498657e-02
2.791420817375183105e-01
4.331049323081970215e-02
2.101838588714599609e-02
4.484815597534179688e-01
5.204048752784729004e-01
5.500343814492225647e-02
9.446170926094055176e-01
3.550531268119812012e-01
2.851229347288608551e-02
8.910518288612365723e-01
1.829940080642700195e-01
7.811120897531509399e-02
7.740592211484909058e-02
7.548505067825317383e-02
1.218071952462196350e-01
2.355884611606597900e-01
7.779645919799804688e-02
1.951818019151687622e-01
5.333268046379089355e-01
4.485663473606109619e-01
4.707026183605194092e-01
1.825899444520473480e-02
8.807547092437744141e-01
1.651039868593215942e-01
9.214677810668945312e-01
1.859174519777297974e-01
5.866723060607910156e-01
2.575412206351757050e-02
8.502348512411117554e-02
8.277257084846496582e-01
3.614818304777145386e-02
1.644135825335979462e-02
6.082719936966896057e-02
9.144865274429321289e-01
3.379341065883636475e-01
7.614772915840148926e-01
9.456077218055725098e-01
5.552144646644592285e-01
1.033712476491928101e-01
9.763117432594299316e-01
1.246003806591033936e-01
3.171526789665222168e-01
1.971691474318504333e-02
1.671109646558761597e-01
6.314679980278015137e-01
1.672726273536682129e-01
1.979428902268409729e-02
5.953862071037292480e-01
5.989993810653686523e-01
9.183470606803894043e-01
6.500947475433349609e-02
9.127514958381652832e-01
9.797822833061218262e-01
5.306298136711120605e-01
8.395556360483169556e-02
8.472532778978347778e-02
1.810865849256515503e-01
8.308320641517639160e-01
7.486205101013183594e-01
2.099648118019104004e-01
6.315700411796569824e-01
8.945616483688354492e-01
9.269738197326660156e-01
9.908229857683181763e-02
6.653205752372741699e-01
8.208307623863220215e-01
1.946381628513336182e-01
5.388176441192626953e-01
9.369633793830871582e-01
1.163871437311172485e-01
1.747922301292419434e-01
9.411521553993225098e-01
1.779785901308059692e-01
7.336055636405944824e-01
1.426656097173690796e-01
1.640555262565612793e-01
4.724460840225219727e-01
3.078315965831279755e-02
9.761642813682556152e-01
1.009595692157745361e-01
8.698297142982482910e-01
2.869367599487304688e-01
1.045766994357109070e-01
6.829152256250381470e-02
7.927449047565460205e-02
8.580816537141799927e-02
5.355902016162872314e-02
1.734970957040786743e-01
8.494055867195129395e-01
9.606966376304626465e-02
9.282124638557434082e-01
1.534651070833206177e-01
6.412829756736755371e-01
4.857374429702758789e-01
3.957909345626831055e-02
2.098347246646881104e-01
3.809210658073425293e-01
1.404571086168289185e-01
4.654066264629364014e-01
6.613464653491973877e-02
6.046978235244750977e-01
8.660528659820556641e-01
8.908622264862060547e-01
2.976216077804565430e-01
3.992953598499298096e-01
7.516244053840637207e-01
6.171743571758270264e-02
7.354342937469482422e-01
1.115387454628944397e-01
9.052658677101135254e-01
6.190894171595573425e-02
1.140771284699440002e-01
9.422369003295898438e-01
2.577128112316131592e-01
6.381079554557800293e-01
3.802159130573272705e-01
2.241483330726623535e-01
2.544802986085414886e-02
1.589366346597671509e-01
4.516443014144897461e-01
5.564326047897338867e-02
1.057243272662162781e-01
8.195448517799377441e-01
8.448243141174316406e-01
3.965922296047210693e-01
1.625969558954238892e-01
1.863878965377807617e-02
6.231251731514930725e-02
9.301550388336181641e-01
2.426180392503738403e-01
1.216843277215957642e-01
8.932959437370300293e-01
6.071820259094238281e-01
2.920153141021728516e-01
7.668992877006530762e-02
1.162565052509307861e-01
1.719724759459495544e-02
9.022937715053558350e-02
8.341531753540039062e-01
8.990177512168884277e-01
7.841051220893859863e-01
3.817198276519775391e-01
5.449610576033592224e-02
1.086129024624824524e-01
2.404690235853195190e-01
6.836087703704833984e-01
2.319588512182235718e-01
9.577916860580444336e-01
5.939388275146484375e-01
1.719275712966918945e-01
1.243961229920387268e-01
5.162139534950256348e-01
2.871093451976776123e-01
5.934602022171020508e-01
9.433360099792480469e-01
3.349743783473968506e-01
3.931745290756225586e-01
9.318614751100540161e-02
3.740148618817329407e-02
3.249116986989974976e-02
7.909361273050308228e-02
1.627665199339389801e-02
2.410397678613662720e-01
3.233250081539154053e-01
6.274624913930892944e-02
2.500935792922973633e-01
9.381204247474670410e-01
3.203424215316772461e-01
1.670958288013935089e-02
1.369649618864059448e-01
3.029750287532806396e-01
4.212742298841476440e-02
2.928892672061920166e-01
7.788869142532348633e-01
3.895302414894104004e-01
8.938053250312805176e-01
1.638115197420120239e-02
1.448472589254379272e-01
6.764011383056640625e-01
7.611413300037384033e-02
9.203209877014160156e-01
5.110795423388481140e-02
1.666370406746864319e-02
2.760375849902629852e-02
8.002762496471405029e-02
3.956749439239501953e-01
2.729372866451740265e-02
9.237583279609680176e-01
1.233668178319931030e-01
8.961842954158782959e-02
6.763815879821777344e-01
9.754378348588943481e-02
4.095824062824249268e-01
2.884084880352020264e-01
1.238563135266304016e-01
9.042248725891113281e-01
3.735682666301727295e-01
4.568589329719543457e-01
9.471852779388427734e-01
1.935820579528808594e-01
2.153743356466293335e-01
5.584810972213745117e-01
6.045207008719444275e-02
1.438607722520828247e-01
7.741918414831161499e-02
6.004205346107482910e-02
6.090839207172393799e-02
1.220390647649765015e-01
6.417928636074066162e-02
9.644647836685180664e-01
7.041013985872268677e-02
3.540098294615745544e-02
2.096226252615451813e-02
8.803092837333679199e-01
7.568917274475097656e-01
2.944130301475524902e-01
3.051402866840362549e-01
4.479116797447204590e-01
3.525581061840057373e-01
1.500938683748245239e-01
4.980114102363586426e-01
1.651358790695667267e-02
3.602878004312515259e-02
7.654584199190139771e-02
6.228560954332351685e-02
8.965784311294555664e-02
4.101672023534774780e-02
8.126438260078430176e-01
2.366330623626708984e-01
8.725877404212951660e-01
1.903352439403533936e-01
2.414091825485229492e-01
2.444420382380485535e-02
9.089137911796569824e-01
3.321879506111145020e-01
8.328372240066528320e-01
8.870867490768432617e-01
3.090741634368896484e-01
6.085234880447387695e-01
3.210709393024444580e-01
7.049678266048431396e-02
4.462340846657752991e-02
1.609706506133079529e-02
4.081071913242340088e-01
8.040114641189575195e-01
9.209616780281066895e-01
2.140038646757602692e-02
6.111380457878112793e-01
2.393569499254226685e-01
4.698099941015243530e-02
1.063153296709060669e-01
2.173003368079662323e-02
5.682849884033203125e-01
8.854405283927917480e-01
1.825914159417152405e-02
8.052700012922286987e-02
6.013901829719543457e-01
2.039133198559284210e-02
2.652284502983093262e-01
2.889566421508789062e-01
1.018891036510467529e-01
6.833644211292266846e-02
1.254412531852722168e-01
8.609949946403503418e-01
5.725646615028381348e-01
9.109047055244445801e-02
9.059497714042663574e-02
2.523782849311828613e-01
3.229314461350440979e-02
6.921312212944030762e-01
1.618537008762359619e-01
2.255401313304901123e-01
3.002061508595943451e-02
4.732473567128181458e-02
7.168657779693603516e-01
7.640937715768814087e-02
4.513122737407684326e-01
2.295146323740482330e-02
9.357456564903259277e-01
7.658340781927108765e-02
2.028573490679264069e-02
1.094812452793121338e-01
7.784140110015869141e-01
5.373975634574890137e-01
2.759823016822338104e-02
3.976568579673767090e-02
5.052193403244018555e-01
2.622588574886322021e-01
8.511808514595031738e-02
7.040736079216003418e-02
2.803203463554382324e-01
2.441663444042205811e-01
1.570118218660354614e-01
7.627473771572113037e-02
2.403598278760910034e-01
3.942095488309860229e-02
2.115065604448318481e-01
8.351146578788757324e-01
1.815412342548370361e-01
1.432783007621765137e-01
9.794020652770996094e-01
1.375581473112106323e-01
3.243001401424407959e-01
4.683321714401245117e-02
9.027390480041503906e-01
4.367879033088684082e-01
4.391941055655479431e-02
8.659635782241821289e-01
9.014840126037597656e-01
5.635178685188293457e-01
1.749473996460437775e-02
5.879353284835815430e-01
4.588703513145446777e-01
1.470562368631362915e-01
8.652579188346862793e-01
4.977098852396011353e-02
1.447998732328414917e-01
2.169498652219772339e-01
7.811333239078521729e-02
2.511500418186187744e-01
1.524216383695602417e-01
1.932595297694206238e-02
8.138410747051239014e-02
4.259100183844566345e-02
6.741668581962585449e-01
6.003571152687072754e-01
2.202876806259155273e-01
9.153846651315689087e-02
3.712514042854309082e-01
1.020968407392501831e-01
8.120033890008926392e-02
8.682745695114135742e-01
9.289683401584625244e-02
7.012957334518432617e-01
9.592095613479614258e-01
1.428587734699249268e-01
4.813514649868011475e-02
3.527174890041351318e-01
7.899618148803710938e-02
7.984732389450073242e-01
4.903237521648406982e-02
1.745349019765853882e-01
2.559878528118133545e-01
8.217478394508361816e-01
5.035226345062255859e-01
5.310255289077758789e-01
2.153743356466293335e-01
2.553296387195587158e-01
4.888926744461059570e-01
6.005518510937690735e-02
1.516959965229034424e-01
2.027309238910675049e-01
3.902576267719268799e-01
7.541893422603607178e-02
6.745626926422119141e-01
8.450144529342651367e-01
1.120364218950271606e-01
4.545705318450927734e-01
9.146214723587036133e-01
1.973409205675125122e-02
5.103952884674072266e-01
1.962922066450119019e-01
1.721981465816497803e-01
1.244954764842987061e-01
6.376896053552627563e-02
8.323652744293212891e-01
6.309199333190917969e-01
3.579744100570678711e-01
6.389206051826477051e-01
9.499561786651611328e-01
9.762732982635498047e-01
9.745688438415527344e-01
1.755246892571449280e-02
3.705718815326690674e-01
2.805837988853454590e-01
3.893311321735382080e-01
9.639263749122619629e-01
1.215312480926513672e-01
2.112814784049987793e-01
1.867190599441528320e-01
6.209449842572212219e-02
9.012487530708312988e-01
1.964451372623443604e-02
5.738795921206474304e-02
7.973774075508117676e-01
2.224939316511154175e-02
4.599788784980773926e-02
5.622645020484924316e-01
3.295881152153015137e-01
9.629456996917724609e-01
2.485250309109687805e-02
2.145973406732082367e-02
1.299896240234375000e-01
9.225736856460571289e-01
9.652279615402221680e-01
1.582265459001064301e-02
7.440472841262817383e-01
8.841080218553543091e-02
8.905029296875000000e-01
2.730277478694915771e-01
7.702496051788330078e-01
5.780633687973022461e-01
7.026284188032150269e-02
3.026233911514282227e-01
9.070661067962646484e-01
1.593941636383533478e-02
1.668370142579078674e-02
8.536390066146850586e-01
2.354876697063446045e-02
7.446173578500747681e-02
1.730566024780273438e-01
5.423954129219055176e-01
1.657610014081001282e-02
7.486241459846496582e-01
1.887611597776412964e-01
1.775349527597427368e-01
2.271494083106517792e-02
2.356828302145004272e-01
9.185797572135925293e-01
8.958991169929504395e-01
9.224626421928405762e-01
3.565919697284698486e-01
5.852652788162231445e-01
1.164741069078445435e-01
1.474316418170928955e-01
1.472216695547103882e-01
6.178089603781700134e-02
3.511727601289749146e-02
8.094636201858520508e-01
8.976027965545654297e-01
7.233484387397766113e-01
4.974978417158126831e-02
6.173688769340515137e-01
1.082076653838157654e-01
1.293038576841354370e-01
9.409142136573791504e-01
8.064193725585937500e-01
7.213660329580307007e-02
4.830612614750862122e-02
4.516404122114181519e-02
1.636205613613128662e-02
1.237927079200744629e-01
9.292178750038146973e-01
3.654636144638061523e-01
2.670571394264698029e-02
1.054736822843551636e-01
6.467680931091308594e-01
8.349300622940063477e-01
9.851140528917312622e-02
5.789346098899841309e-01
4.264954626560211182e-01
9.521759152412414551e-01
1.045429483056068420e-01
4.995132237672805786e-02
2.062348276376724243e-01
4.214362800121307373e-01
3.946965932846069336e-01
2.802848443388938904e-02
4.774539470672607422e-01
9.560802578926086426e-01
8.391404151916503906e-01
6.767054796218872070e-01
7.370929419994354248e-02
4.120869562029838562e-02
7.736155986785888672e-01
8.248460292816162109e-01
2.950882017612457275e-01
6.088073849678039551e-01
5.685224533081054688e-01
3.286671265959739685e-02
2.636006847023963928e-02
1.876234076917171478e-02
5.212835669517517090e-01
2.033462375402450562e-01
1.942711696028709412e-02
1.821006983518600464e-01
8.641017079353332520e-01
3.311127424240112305e-01
8.046000599861145020e-01
3.583419620990753174e-01
4.467305541038513184e-01
1.334502100944519043e-01
5.600026249885559082e-02
7.900308966636657715e-01
9.761562943458557129e-01
1.980631612241268158e-02
9.690918326377868652e-01
9.640112519264221191e-01
8.600870370864868164e-01
6.519750952720642090e-01
8.717792034149169922e-01
3.517540171742439270e-02
4.091266393661499023e-01
5.971239209175109863e-01
7.869534492492675781e-01
7.705893516540527344e-01
3.318132460117340088e-02
4.367631301283836365e-02
2.452721595764160156e-01
7.644889354705810547e-01
2.501730322837829590e-01
6.769035011529922485e-02
5.701014995574951172e-01
5.751567482948303223e-01
3.351643681526184082e-01
2.706056833267211914e-01
6.093063354492187500e-01
2.193277925252914429e-01
4.520891308784484863e-01
8.544717431068420410e-01
7.509480118751525879e-01
1.686571910977363586e-02
6.012849211692810059e-01
2.608411014080047607e-02
1.879211068153381348e-01
9.257410168647766113e-01
5.948943272233009338e-02
1.982887834310531616e-01
5.210089683532714844e-02
3.537053763866424561e-01
9.623043537139892578e-01
6.897867918014526367e-01
9.207523465156555176e-01
3.636265173554420471e-02
1.990629360079765320e-02
2.191701531410217285e-02
9.083558320999145508e-01
2.129448950290679932e-01
6.644486188888549805e-01
7.386361360549926758e-01
3.543506264686584473e-01
5.233905836939811707e-02
2.034237608313560486e-02
7.668615579605102539e-01
9.684809446334838867e-01
1.987149007618427277e-02
2.046957239508628845e-02
9.268748760223388672e-01
1.496363580226898193e-01
1.826846413314342499e-02
2.095508873462677002e-01
2.301507070660591125e-02
1.404616683721542358e-01
2.090724110603332520e-01
3.635707497596740723e-01
1.836757548153400421e-02
1.483562588691711426e-01
8.202162384986877441e-02
2.041893899440765381e-01
6.225472092628479004e-01
6.831387877464294434e-01
3.639116883277893066e-01
4.296592250466346741e-02
1.042076051235198975e-01
5.037098750472068787e-02
1.820318847894668579e-01
1.232353821396827698e-01
2.690141201019287109e-01
2.489341981709003448e-02
3.003952503204345703e-01
9.734787940979003906e-01
4.444364085793495178e-02
3.540819585323333740e-01
4.127525910735130310e-02
8.153702020645141602e-01
4.100583791732788086e-01
6.718970835208892822e-02
3.776652216911315918e-01
9.417548775672912598e-01
2.841014601290225983e-02
6.502576172351837158e-02
2.118951268494129181e-02
6.614916771650314331e-02
8.772094547748565674e-02
3.844871222972869873e-01
4.731397032737731934e-01
4.020098149776458740e-01
9.234505295753479004e-01
1.349840164184570312e-01
7.105709314346313477e-01
2.652429640293121338e-01
1.573163568973541260e-01
7.657107710838317871e-01
5.039159953594207764e-02
1.637286320328712463e-02
9.343107342720031738e-01
7.297852039337158203e-01
6.669665575027465820e-01
8.043677210807800293e-01
3.166137635707855225e-02
5.141852498054504395e-01
1.291136145591735840e-01
1.739899069070816040e-01
7.003728747367858887e-01
2.066821046173572540e-02
3.769440948963165283e-02
5.773489475250244141e-01
2.184932678937911987e-02
7.095618247985839844e-01
6.056868433952331543e-01
7.162479758262634277e-01
2.332024276256561279e-02
8.703107237815856934e-01
5.739642381668090820e-01
2.562328577041625977e-01
9.172599315643310547e-01
5.812590122222900391e-01
4.631405770778656006e-01
4.778043180704116821e-02
9.129027724266052246e-01
6.994619369506835938e-01
6.344459950923919678e-02
8.999191522598266602e-01
3.434563577175140381e-01
9.432744979858398438e-01
6.781551986932754517e-02
4.993996024131774902e-01
2.077365517616271973e-01
3.909258842468261719e-01
6.249302625656127930e-01
9.253922104835510254e-01
1.759437769651412964e-01
3.670268654823303223e-01
1.670938730239868164e-02
8.907076716423034668e-01
5.109519511461257935e-02
1.686576753854751587e-02
9.252803921699523926e-01
9.345308542251586914e-01
3.901891708374023438e-01
2.636086642742156982e-01
7.783898711204528809e-01
4.109278619289398193e-01
8.935024738311767578e-01
1.472862511873245239e-01
8.503969311714172363e-01
1.672532968223094940e-02
6.471201181411743164e-01
1.759640872478485107e-02
4.212721288204193115e-01
2.679241634905338287e-02
1.288208514451980591e-01
5.497880578041076660e-01
1.941588968038558960e-01
3.463420569896697998e-01
9.301797300577163696e-02
6.960881948471069336e-01
8.529638648033142090e-01
1.278304159641265869e-01
6.558920145034790039e-01
2.272711694240570068e-02
4.707146584987640381e-01
8.844850063323974609e-01
9.301152229309082031e-01
9.993930906057357788e-02
3.246164917945861816e-01
4.456320405006408691e-02
7.196966558694839478e-02
2.035478129982948303e-02
2.041017860174179077e-01
9.707252979278564453e-01
1.752123832702636719e-01
8.061675429344177246e-01
5.480867624282836914e-02
7.463283538818359375e-01
2.612527310848236084e-01
2.363738715648651123e-01
5.064656212925910950e-02
2.061698399484157562e-02
2.690401077270507812e-01
8.470286726951599121e-01
8.313865661621093750e-01
4.222927093505859375e-01
9.853448718786239624e-02
7.230622768402099609e-01
9.700776934623718262e-01
6.336551308631896973e-01
9.630591422319412231e-02
1.380600780248641968e-01
8.620275259017944336e-01
7.427440285682678223e-01
9.140644669532775879e-01
1.300422251224517822e-01
9.673700332641601562e-01
9.182686209678649902e-01
2.013857215642929077e-01
9.481627345085144043e-01
3.498484790325164795e-01
2.141009457409381866e-02
7.442523241043090820e-01
2.965646982192993164e-01
9.301345348358154297e-01
7.641762495040893555e-02
8.743111491203308105e-01
6.777139902114868164e-01
7.707365602254867554e-02
8.748141527175903320e-01
6.234228014945983887e-01
7.420095801353454590e-01
1.684765331447124481e-02
3.465863168239593506e-01
8.505656719207763672e-01
5.543242096900939941e-01
5.310775041580200195e-01
2.231442034244537354e-01
6.894163489341735840e-01
8.105375170707702637e-01
6.052617430686950684e-01
7.864975929260253906e-02
2.035223841667175293e-01
2.153743356466293335e-01
1.684932224452495575e-02
1.584945023059844971e-01
1.622333824634552002e-01
8.448150753974914551e-01
1.484704315662384033e-01
1.858875155448913574e-02
4.096449911594390869e-01
7.517777085304260254e-01
4.861065745353698730e-02
5.666465759277343750e-01
7.173414528369903564e-02
8.239981532096862793e-01
7.184796333312988281e-01
1.906169950962066650e-02
2.209693193435668945e-01
1.620731130242347717e-02
5.528243184089660645e-01
2.123168408870697021e-01
9.660511463880538940e-02
4.620671644806861877e-02
3.432112559676170349e-02
7.575589418411254883e-01
1.711672395467758179e-01
9.710427373647689819e-02
1.308815777301788330e-01
9.249354898929595947e-02
3.590858876705169678e-01
6.214653849601745605e-01
3.025033324956893921e-02
4.403118044137954712e-02
6.522521972656250000e-01
5.375612378120422363e-01
2.646342664957046509e-02
9.802746176719665527e-01
8.872262239456176758e-01
3.856582939624786377e-01
7.957123965024948120e-02
2.432311624288558960e-01
2.728283405303955078e-02
7.842087000608444214e-02
5.633941292762756348e-01
6.710601598024368286e-02
7.789855003356933594e-01
8.305572867393493652e-01
8.992008566856384277e-01
1.562905609607696533e-01
7.811817526817321777e-01
3.024145066738128662e-01
4.581278264522552490e-01
6.077242493629455566e-01
6.365613639354705811e-02
6.760731339454650879e-01
3.233964741230010986e-01
9.785714745521545410e-01
5.567183345556259155e-02
1.436294019222259521e-01
9.076488614082336426e-01
1.489099711179733276e-01
8.411040306091308594e-01
4.826058745384216309e-01
5.536230802536010742e-01
4.052050411701202393e-01
9.028448462486267090e-01
8.833345770835876465e-01
2.473379522562026978e-01
9.496585130691528320e-01
6.809430569410324097e-02
8.975776433944702148e-01
7.908040881156921387e-01
1.925435662269592285e-02
1.588215865194797516e-02
6.940117478370666504e-01
3.369256854057312012e-01
3.190575540065765381e-02
1.443425118923187256e-01
9.629648327827453613e-01
5.405003204941749573e-02
1.722897402942180634e-02
7.526403665542602539e-02
6.524044275283813477e-02
2.908810377120971680e-01
9.631348401308059692e-02
4.787598550319671631e-02
2.367626875638961792e-02
4.275681376457214355e-01
1.457093358039855957e-01
8.175538182258605957e-01
8.676106333732604980e-01
8.713369369506835938e-01
1.636645644903182983e-01
2.872479520738124847e-02
4.910804033279418945e-01
8.500874638557434082e-01
3.329094126820564270e-02
2.518439590930938721e-01
5.216872692108154297e-01
2.000422589480876923e-02
9.522568583488464355e-01
5.665578842163085938e-01
1.015845760703086853e-01
6.275833398103713989e-02
2.658672928810119629e-01
4.184890389442443848e-01
8.686461448669433594e-01
2.548274695873260498e-01
3.423738479614257812e-01
2.979507111012935638e-02
2.359527647495269775e-01
5.164334177970886230e-01
9.861100465059280396e-02
2.297785878181457520e-01
2.285488545894622803e-01
2.344415709376335144e-02
1.418672204017639160e-01
1.712188422679901123e-01
2.896181643009185791e-01
3.088418021798133850e-02
9.144693017005920410e-01
8.601816296577453613e-01
8.231665194034576416e-02
