2.530515380203723907e-02
9.233254194259643555e-01
9.307274222373962402e-02
8.849963545799255371e-01
1.069521382451057434e-01
1.115338578820228577e-01
3.326286673545837402e-01
2.877171337604522705e-01
8.929776549339294434e-01
7.006689906120300293e-02
4.836566150188446045e-01
1.786530166864395142e-01
8.597331643104553223e-01
5.592418909072875977e-01
1.719958931207656860e-01
3.719033002853393555e-01
7.744642347097396851e-02
7.434356212615966797e-01
9.187795519828796387e-01
2.860848605632781982e-01
7.887058258056640625e-01
7.675077319145202637e-01
7.480847835540771484e-02
5.175450071692466736e-02
2.123358994722366333e-01
4.637102782726287842e-02
7.961417436599731445e-01
3.106854259967803955e-01
4.954814612865447998e-01
6.283941864967346191e-01
1.858610510826110840e-01
1.799726858735084534e-02
8.737622499465942383e-01
5.285308510065078735e-02
3.118828833103179932e-01
9.871540218591690063e-02
4.296278655529022217e-01
1.757940053939819336e-01
2.616659402847290039e-01
8.890581727027893066e-01
1.153527647256851196e-01
1.638023853302001953e-01
3.094747662544250488e-02
2.731996215879917145e-02
6.693994998931884766e-02
9.508100897073745728e-02
3.991492986679077148e-01
6.835399270057678223e-01
1.936740055680274963e-02
7.049502730369567871e-01
1.049356535077095032e-01
2.234886027872562408e-02
9.915909171104431152e-02
4.392808973789215088e-01
1.355847716331481934e-01
1.276551932096481323e-01
8.421674966812133789e-01
5.064915120601654053e-02
5.826109647750854492e-02
2.175372689962387085e-01
3.897001147270202637e-01
1.435880362987518311e-01
7.896329462528228760e-02
4.585814476013183594e-02
2.775174006819725037e-02
8.932124078273773193e-02
5.192444846034049988e-02
1.815057247877120972e-01
4.848464131355285645e-01
3.725674748420715332e-01
2.500553056597709656e-02
8.119253516197204590e-01
3.731859326362609863e-01
7.732214033603668213e-02
3.252162039279937744e-01
6.193654239177703857e-02
2.292718179523944855e-02
2.234875597059726715e-02
1.286113113164901733e-01
2.897407673299312592e-02
8.846775293350219727e-01
7.758890390396118164e-01
8.393312692642211914e-01
6.288738250732421875e-01
8.867433667182922363e-01
5.558816790580749512e-01
5.336827784776687622e-02
1.356183290481567383e-01
7.866594791412353516e-01
3.911207020282745361e-01
6.921976208686828613e-01
5.216058343648910522e-02
3.641556575894355774e-02
6.331306695938110352e-01
5.009284019470214844e-01
3.227142393589019775e-01
4.158418476581573486e-01
8.911933898925781250e-01
4.300289601087570190e-02
8.050373941659927368e-02
7.213296890258789062e-01
2.380655407905578613e-01
6.098341345787048340e-01
4.023240208625793457e-01
2.692888081073760986e-01
1.151265650987625122e-01
7.553064823150634766e-02
5.859113931655883789e-01
2.196235209703445435e-01
3.300590813159942627e-01
3.673530519008636475e-01
5.218932777643203735e-02
3.897681087255477905e-02
9.065784811973571777e-01
1.089124232530593872e-01
9.625583142042160034e-02
9.007541537284851074e-01
3.289282321929931641e-02
7.176972180604934692e-02
7.816403508186340332e-01
3.008200787007808685e-02
7.544001936912536621e-02
9.929356724023818970e-02
5.870757699012756348e-01
9.006255269050598145e-01
1.281605958938598633e-01
5.451584607362747192e-02
3.073008656501770020e-01
4.893418401479721069e-02
8.216551691293716431e-02
9.076119661331176758e-01
4.734225273132324219e-01
8.909180164337158203e-01
2.015968114137649536e-01
5.085058808326721191e-01
3.520514667034149170e-01
8.123279809951782227e-01
2.799944579601287842e-01
4.888298809528350830e-01
2.694675326347351074e-02
8.657020926475524902e-01
8.049864172935485840e-01
5.005813241004943848e-01
2.738856375217437744e-01
1.734371036291122437e-01
7.380627095699310303e-02
3.850490748882293701e-01
7.933897376060485840e-01
6.012479066848754883e-01
1.375916153192520142e-01
2.871001139283180237e-02
1.239568144083023071e-01
7.166887074708938599e-02
9.137157350778579712e-02
1.240393966436386108e-01
1.271265596151351929e-01
3.662720322608947754e-01
3.007811903953552246e-01
3.727612197399139404e-01
7.073896527290344238e-01
3.168930411338806152e-01
7.286409139633178711e-01
7.907510548830032349e-02
2.658618986606597900e-01
8.480470180511474609e-01
3.470935821533203125e-01
3.865922391414642334e-01
2.509718239307403564e-01
1.039690822362899780e-01
2.305351048707962036e-01
3.901696577668190002e-02
3.795189782977104187e-02
3.850815892219543457e-01
7.382882237434387207e-01
9.334231913089752197e-02
8.819676637649536133e-01
2.349497675895690918e-01
4.121543094515800476e-02
8.575754761695861816e-01
5.763932690024375916e-02
1.515794545412063599e-01
1.095009744167327881e-01
5.292004719376564026e-02
1.560880690813064575e-01
7.844904810190200806e-02
7.084915041923522949e-02
1.597144603729248047e-01
5.584412813186645508e-01
2.002852112054824829e-01
4.735245108604431152e-01
3.512570634484291077e-02
7.783021330833435059e-01
7.139570266008377075e-02
7.387057542800903320e-01
1.330515742301940918e-01
5.233417749404907227e-01
4.312590882182121277e-02
1.184329017996788025e-01
5.749233961105346680e-01
2.575326524674892426e-02
2.263061143457889557e-02
1.193598881363868713e-01
8.935392498970031738e-01
3.261728882789611816e-01
7.764982581138610840e-01
8.628183603286743164e-01
6.795348525047302246e-01
1.116956546902656555e-01
9.176968336105346680e-01
1.225096508860588074e-01
3.835734426975250244e-01
3.519073873758316040e-02
2.126833498477935791e-01
5.699055194854736328e-01
1.358373910188674927e-01
2.649895288050174713e-02
8.752927780151367188e-01
6.171629428863525391e-01
7.194936275482177734e-01
5.104775354266166687e-02
8.723492622375488281e-01
9.081562757492065430e-01
7.307903766632080078e-01
1.498932540416717529e-01
1.180542707443237305e-01
2.095535248517990112e-01
6.458091139793395996e-01
6.727139353752136230e-01
1.084189787507057190e-01
5.643712878227233887e-01
6.270432472229003906e-01
8.770265579223632812e-01
5.673434585332870483e-02
7.376503348350524902e-01
8.976797461509704590e-01
1.882510185241699219e-01
6.917542219161987305e-01
8.933687806129455566e-01
9.063755720853805542e-02
2.205922901630401611e-01
8.424497842788696289e-01
1.271322369575500488e-01
7.514020800590515137e-01
1.562686860561370850e-01
1.164063662290573120e-01
3.525719344615936279e-01
5.127065256237983704e-02
9.075733423233032227e-01
1.086623370647430420e-01
8.000670075416564941e-01
4.189506173133850098e-01
1.019444540143013000e-01
6.108136475086212158e-02
8.365982025861740112e-02
2.463153190910816193e-02
6.623875349760055542e-02
2.088461518287658691e-01
8.316776156425476074e-01
1.450613141059875488e-01
7.881357073783874512e-01
6.149460375308990479e-02
7.749332189559936523e-01
5.342614650726318359e-01
3.106897696852684021e-02
2.405546456575393677e-01
2.520070970058441162e-01
1.389253884553909302e-01
2.447268217802047729e-01
4.359554871916770935e-02
8.122190237045288086e-01
7.920790314674377441e-01
8.388366699218750000e-01
2.859889864921569824e-01
2.073445916175842285e-01
7.196317911148071289e-01
7.328362762928009033e-02
8.346354365348815918e-01
2.393688112497329712e-01
8.682832121849060059e-01
1.126117557287216187e-01
1.362935453653335571e-01
8.593260049819946289e-01
1.125917285680770874e-01
6.535789370536804199e-01
3.698267638683319092e-01
1.888396739959716797e-01
4.793734848499298096e-02
2.169792354106903076e-01
2.986677289009094238e-01
1.106638088822364807e-01
1.021973118185997009e-01
6.870730519294738770e-01
7.460433840751647949e-01
6.398601531982421875e-01
2.571585178375244141e-01
2.793868072330951691e-02
1.670654565095901489e-01
8.783534169197082520e-01
6.021130681037902832e-01
7.733969390392303467e-02
8.599891066551208496e-01
3.886215686798095703e-01
1.432261466979980469e-01
5.423105508089065552e-02
7.943945378065109253e-02
4.403060302138328552e-02
1.343946009874343872e-01
5.970065593719482422e-01
8.955479860305786133e-01
4.082632660865783691e-01
1.487988233566284180e-01
9.762699156999588013e-02
8.002121001482009888e-02
1.664017885923385620e-01
5.090461373329162598e-01
2.859234213829040527e-01
8.846017122268676758e-01
6.588365435600280762e-01
1.065770834684371948e-01
1.655042320489883423e-01
7.357777357101440430e-01
3.627394735813140869e-01
6.181008815765380859e-01
8.921552300453186035e-01
2.679142057895660400e-01
4.351319670677185059e-01
1.455936282873153687e-01
3.313776105642318726e-02
6.835686415433883667e-02
9.796401858329772949e-02
2.248583175241947174e-02
1.036062464118003845e-01
4.780386090278625488e-01
1.105641499161720276e-01
2.447359859943389893e-01
8.417172431945800781e-01
3.716140687465667725e-01
2.243924699723720551e-02
1.205019429326057434e-01
4.785335958003997803e-01
2.586059644818305969e-02
4.382352530956268311e-01
7.881449460983276367e-01
2.405807971954345703e-01
8.721596598625183105e-01
2.047759108245372772e-02
1.717251241207122803e-01
6.166750788688659668e-01
1.164555475115776062e-01
8.605154752731323242e-01
7.533060014247894287e-02
2.381703443825244904e-02
3.331306204199790955e-02
8.104110509157180786e-02
3.729892075061798096e-01
4.963253811001777649e-02
7.664266824722290039e-01
1.547695100307464600e-01
1.136998534202575684e-01
3.861587345600128174e-01
7.500937581062316895e-02
4.283005893230438232e-01
2.632668614387512207e-01
6.537751108407974243e-02
6.981031298637390137e-01
1.874558329582214355e-01
5.625938177108764648e-01
9.076493382453918457e-01
3.158309757709503174e-01
1.890712976455688477e-01
5.316473841667175293e-01
5.706704407930374146e-02
1.028047949075698853e-01
8.520454168319702148e-02
7.992227375507354736e-02
3.626405075192451477e-02
1.230842322111129761e-01
6.772579252719879150e-02
8.559192419052124023e-01
4.071728140115737915e-02
3.665114939212799072e-02
3.285377100110054016e-02
8.731113076210021973e-01
7.070403695106506348e-01
2.175527065992355347e-01
1.371148079633712769e-01
3.418317735195159912e-01
3.889625966548919678e-01
1.648334860801696777e-01
4.970601499080657959e-01
2.955719456076622009e-02
1.348582059144973755e-01
9.016519784927368164e-02
2.810874022543430328e-02
1.066188141703605652e-01
1.504095550626516342e-02
5.699420571327209473e-01
1.926056295633316040e-01
7.630242705345153809e-01
2.910448908805847168e-01
3.053882420063018799e-01
3.300997987389564514e-02
6.594313979148864746e-01
3.002212047576904297e-01
7.248798012733459473e-01
8.233515024185180664e-01
3.770282864570617676e-01
5.110143423080444336e-01
1.884104758501052856e-01
7.761594653129577637e-02
4.217148199677467346e-02
2.473518624901771545e-02
2.779751718044281006e-01
6.147621870040893555e-01
7.973079681396484375e-01
2.330113016068935394e-02
4.096060693264007568e-01
1.086646690964698792e-01
6.034061312675476074e-02
9.802933037281036377e-02
3.025513701140880585e-02
7.724912166595458984e-01
9.260740876197814941e-01
2.215688489377498627e-02
6.664476543664932251e-02
3.291825056076049805e-01
3.790389373898506165e-02
1.076904609799385071e-01
2.133934646844863892e-01
1.085028946399688721e-01
6.553111225366592407e-02
5.485507845878601074e-02
7.731983065605163574e-01
4.297638237476348877e-01
1.392059177160263062e-01
9.117746353149414062e-02
2.536495029926300049e-01
8.873149752616882324e-02
6.342086195945739746e-01
2.672889530658721924e-01
2.655178606510162354e-01
1.908382214605808258e-02
6.991479545831680298e-02
7.621688842773437500e-01
1.474850028753280640e-01
2.138053327798843384e-01
4.646104946732521057e-02
8.704119920730590820e-01
8.168893307447433472e-02
2.485623955726623535e-02
2.766055166721343994e-01
7.915746569633483887e-01
5.040837526321411133e-01
4.645583033561706543e-02
2.611450664699077606e-02
4.894022941589355469e-01
2.514176070690155029e-01
1.182099282741546631e-01
5.310962721705436707e-02
2.742580473423004150e-01
4.148691594600677490e-01
2.168171256780624390e-01
7.027784734964370728e-02
1.688055396080017090e-01
4.654020816087722778e-02
2.003863751888275146e-01
8.530185818672180176e-01
5.629142522811889648e-01
2.119721919298171997e-01
9.296528100967407227e-01
1.594052165746688843e-01
3.373228311538696289e-01
9.850905835628509521e-02
8.363822698593139648e-01
3.355083465576171875e-01
5.501680076122283936e-02
8.317615389823913574e-01
8.689630627632141113e-01
3.870141804218292236e-01
1.702543534338474274e-02
2.201576679944992065e-01
4.476701617240905762e-01
9.141116589307785034e-02
7.157383561134338379e-01
3.207202255725860596e-02
1.473795324563980103e-01
3.726531565189361572e-01
1.210281774401664734e-01
7.490115612745285034e-02
2.959518134593963623e-01
2.997147478163242340e-02
7.346740961074829102e-01
8.552262932062149048e-02
7.769346237182617188e-01
5.252028107643127441e-01
2.266051173210144043e-01
3.239579200744628906e-01
1.266194581985473633e-01
8.431492000818252563e-02
1.193142905831336975e-01
8.692721128463745117e-01
1.363274604082107544e-01
5.554797053337097168e-01
8.763225078582763672e-01
1.709402501583099365e-01
5.533292144536972046e-02
5.391089916229248047e-01
8.521556109189987183e-02
8.261742591857910156e-01
5.194400623440742493e-02
1.097793802618980408e-01
3.282566666603088379e-01
8.237917423248291016e-01
2.162981033325195312e-01
5.444270968437194824e-01
1.890712976455688477e-01
1.368957906961441040e-01
3.695316612720489502e-01
1.302681565284729004e-01
1.550234109163284302e-01
2.490182518959045410e-01
3.468576073646545410e-01
9.644645452499389648e-02
5.570890903472900391e-01
7.775107026100158691e-01
1.896738260984420776e-01
2.073680907487869263e-01
8.474805355072021484e-01
5.938512459397315979e-02
5.350294113159179688e-01
3.043828010559082031e-01
4.351273477077484131e-01
1.039516329765319824e-01
4.525649175047874451e-02
4.390586912631988525e-01
2.241334319114685059e-01
6.701117157936096191e-01
5.459131002426147461e-01
8.838050961494445801e-01
9.096438288688659668e-01
9.088592529296875000e-01
2.230089157819747925e-02
2.426049560308456421e-01
2.513944804668426514e-01
4.783485829830169678e-01
8.956147432327270508e-01
2.979201972484588623e-01
2.322868406772613525e-01
1.691348552703857422e-01
5.464597418904304504e-02
8.655658364295959473e-01
2.595668844878673553e-02
5.459297448396682739e-02
8.509942889213562012e-01
3.455471247434616089e-02
1.062998846173286438e-01
3.001067042350769043e-01
2.358563393354415894e-01
9.009581804275512695e-01
9.615893661975860596e-02
4.623692110180854797e-02
1.132719591259956360e-01
8.384768366813659668e-01
8.945951461791992188e-01
1.876425370573997498e-02
7.164414525032043457e-01
3.065668232738971710e-02
8.031835556030273438e-01
1.487904042005538940e-01
6.682311296463012695e-01
5.304554700851440430e-01
4.015691950917243958e-02
3.415062427520751953e-01
7.518447637557983398e-01
2.611640281975269318e-02
2.204819582402706146e-02
5.716473460197448730e-01
5.148394033312797546e-02
1.209913194179534912e-01
1.188413277268409729e-01
4.991826713085174561e-01
3.258525952696800232e-02
6.678994894027709961e-01
3.122804462909698486e-01
3.054971694946289062e-01
3.165961429476737976e-02
2.392257601022720337e-01
8.764430284500122070e-01
7.892085313796997070e-01
8.700285553932189941e-01
4.845714271068572998e-01
3.715727627277374268e-01
2.542391419410705566e-01
1.938905119895935059e-01
7.003211230039596558e-02
4.621742293238639832e-02
3.182082250714302063e-02
7.930848002433776855e-01
8.150264024734497070e-01
7.197387814521789551e-01
1.042860224843025208e-01
4.851446449756622314e-01
6.496147066354751587e-02
7.962201535701751709e-02
8.896141052246093750e-01
7.935709357261657715e-01
1.355044990777969360e-01
4.780213534832000732e-02
3.160966560244560242e-02
2.505573444068431854e-02
1.850562542676925659e-01
8.630976080894470215e-01
3.173671364784240723e-01
2.172146551311016083e-02
7.063847035169601440e-02
5.076138377189636230e-01
6.900216341018676758e-01
6.836915016174316406e-02
3.044666647911071777e-01
4.358002841472625732e-01
8.464651107788085938e-01
1.533110737800598145e-01
7.561916857957839966e-02
1.453986912965774536e-01
1.287554353475570679e-01
4.582814872264862061e-01
2.924100495874881744e-02
3.340379893779754639e-01
8.850222229957580566e-01
8.428438901901245117e-01
6.843752264976501465e-01
7.042250037193298340e-02
3.466253727674484253e-02
6.019902229309082031e-01
5.018855929374694824e-01
2.642913460731506348e-01
4.031024277210235596e-01
7.174506187438964844e-01
5.512724071741104126e-02
3.636432066559791565e-02
2.655950561165809631e-02
3.895496726036071777e-01
3.200847506523132324e-01
2.230982668697834015e-02
3.434539139270782471e-01
7.779042124748229980e-01
3.236878812313079834e-01
8.215275406837463379e-01
3.636696636676788330e-01
2.937905788421630859e-01
1.136802062392234802e-01
3.856689855456352234e-02
7.143775224685668945e-01
9.117248654365539551e-01
2.321000210940837860e-02
9.026094675064086914e-01
9.146029353141784668e-01
7.866323590278625488e-01
2.318230569362640381e-01
8.550317883491516113e-01
5.085759609937667847e-02
3.928655982017517090e-01
6.492226719856262207e-01
8.024927973747253418e-01
6.607922315597534180e-01
5.926382169127464294e-02
8.658427000045776367e-02
1.955180466175079346e-01
8.296621441841125488e-01
2.550586760044097900e-01
2.232459336519241333e-01
4.373259544372558594e-01
4.006352126598358154e-01
2.525363564491271973e-01
1.652054935693740845e-01
4.664689004421234131e-01
1.590491384267807007e-01
3.904195129871368408e-01
8.447109460830688477e-01
6.122441291809082031e-01
2.649908699095249176e-02
4.604470133781433105e-01
3.503741323947906494e-02
5.111525654792785645e-01
8.080169558525085449e-01
5.579615384340286255e-02
5.378363654017448425e-02
5.997758358716964722e-02
4.054689705371856689e-01
9.213022589683532715e-01
6.217210888862609863e-01
7.759587764739990234e-01
3.426726907491683960e-02
3.138503804802894592e-02
3.523160889744758606e-02
8.951519131660461426e-01
9.661049395799636841e-02
8.632982969284057617e-01
7.472563385963439941e-01
2.731518745422363281e-01
3.084277920424938202e-02
3.822219371795654297e-02
6.721819639205932617e-01
8.586853742599487305e-01
3.278331458568572998e-02
3.999141976237297058e-02
8.650785684585571289e-01
1.178709045052528381e-01
2.908932790160179138e-02
5.534222349524497986e-02
4.722489416599273682e-02
1.359018534421920776e-01
2.863419055938720703e-01
4.757911860942840576e-01
4.102297499775886536e-02
1.265656948089599609e-01
6.638333201408386230e-02
1.449758708477020264e-01
5.786110758781433105e-01
7.279773354530334473e-01
3.778201043605804443e-01
9.294803440570831299e-02
7.612317055463790894e-02
5.038480088114738464e-02
1.523950099945068359e-01
1.219459623098373413e-01
3.893817365169525146e-01
5.357514321804046631e-02
2.709582448005676270e-01
9.172257184982299805e-01
6.472706049680709839e-02
4.667451381683349609e-01
1.064413487911224365e-01
7.618410587310791016e-01
4.321550428867340088e-01
8.914130926132202148e-02
3.102021813392639160e-01
9.005431532859802246e-01
5.724536627531051636e-02
1.791559755802154541e-01
2.436751499772071838e-02
7.193414866924285889e-02
1.456107646226882935e-01
4.252249002456665039e-01
3.258179128170013428e-01
2.983738780021667480e-01
8.840273618698120117e-01
2.698510587215423584e-01
7.962982654571533203e-01
2.199990302324295044e-01
1.987424492835998535e-01
7.041695713996887207e-01
2.009869068861007690e-01
2.279994823038578033e-02
8.999397158622741699e-01
6.686732172966003418e-01
7.487484812736511230e-01
7.932362556457519531e-01
5.320867896080017090e-02
5.802394747734069824e-01
1.323195397853851318e-01
1.292839646339416504e-01
5.481513142585754395e-01
4.279886186122894287e-02
7.422600686550140381e-02
3.645015358924865723e-01
8.886133879423141479e-02
8.199546933174133301e-01
8.472616672515869141e-01
5.874980688095092773e-01
3.924375399947166443e-02
7.644751667976379395e-01
6.968504786491394043e-01
8.622724562883377075e-02
8.734483718872070312e-01
4.084857106208801270e-01
5.761443972587585449e-01
1.190075203776359558e-01
8.699858784675598145e-01
4.501503705978393555e-01
4.117314890027046204e-02
8.513392210006713867e-01
3.253069818019866943e-01
8.321729302406311035e-01
5.289714038372039795e-02
3.106845915317535400e-01
5.049315094947814941e-01
2.682444751262664795e-01
4.805230498313903809e-01
8.947964906692504883e-01
2.039165049791336060e-01
1.998966336250305176e-01
2.015796862542629242e-02
8.343284726142883301e-01
5.206422507762908936e-02
3.160603344440460205e-02
8.448820114135742188e-01
8.543182611465454102e-01
2.989327013492584229e-01
1.835463792085647583e-01
5.725926756858825684e-01
3.022788465023040771e-01
8.886691331863403320e-01
1.363424509763717651e-01
8.922103643417358398e-01
2.199471741914749146e-02
3.887756764888763428e-01
2.866972610354423523e-02
4.567215442657470703e-01
5.711832270026206970e-02
3.504866361618041992e-01
5.718985795974731445e-01
2.757314443588256836e-01
4.328070282936096191e-01
2.298637181520462036e-01
6.849425435066223145e-01
8.714048862457275391e-01
5.881327986717224121e-01
3.901945352554321289e-01
4.280453175306320190e-02
4.944995939731597900e-01
8.501615524291992188e-01
8.534127473831176758e-01
1.340309530496597290e-01
2.646833360195159912e-01
8.166690170764923096e-02
1.323020756244659424e-01
3.096468187868595123e-02
2.259514927864074707e-01
9.109087586402893066e-01
1.531424224376678467e-01
7.217380404472351074e-01
4.678499698638916016e-01
7.858573794364929199e-01
2.031295746564865112e-01
1.097265034914016724e-01
2.299252152442932129e-02
4.487357661128044128e-02
2.515766024589538574e-01
8.773362040519714355e-01
7.924734354019165039e-01
2.740431129932403564e-01
8.128613978624343872e-02
8.354909420013427734e-01
9.046221971511840820e-01
8.054018020629882812e-01
7.418105751276016235e-02
1.335504651069641113e-01
8.402145504951477051e-01
6.818616986274719238e-01
8.151543140411376953e-01
6.985846906900405884e-02
9.042065143585205078e-01
9.219884872436523438e-01
8.167216777801513672e-01
8.736044764518737793e-01
4.902624487876892090e-01
2.993747591972351074e-02
6.480911374092102051e-01
2.054422497749328613e-01
8.087183833122253418e-01
2.370743900537490845e-01
6.853462457656860352e-01
5.639036893844604492e-01
6.106923520565032959e-02
7.758380770683288574e-01
6.017752289772033691e-01
7.837024331092834473e-01
2.859675884246826172e-02
5.643277764320373535e-01
7.561151385307312012e-01
3.941637575626373291e-01
4.355504810810089111e-01
2.285947948694229126e-01
5.894233584403991699e-01
8.496450185775756836e-01
6.488273143768310547e-01
5.191062390804290771e-02
1.416760683059692383e-01
1.890712976455688477e-01
2.265688404440879822e-02
1.659154444932937622e-01
1.255928128957748413e-01
8.078209161758422852e-01
2.009223699569702148e-01
2.605691924691200256e-02
3.329257667064666748e-01
4.104222953319549561e-01
6.977608799934387207e-02
5.190099477767944336e-01
8.040552586317062378e-02
8.257121443748474121e-01
6.616923809051513672e-01
2.467289753258228302e-02
1.476019918918609619e-01
2.822247147560119629e-02
2.224345654249191284e-01
2.819457650184631348e-01
1.082711070775985718e-01
3.996612876653671265e-02
3.233141079545021057e-02
5.844833850860595703e-01
1.775335520505905151e-01
4.024245962500572205e-02
1.193913221359252930e-01
2.132437825202941895e-01
3.824184238910675049e-01
4.723137617111206055e-01
6.140454858541488647e-02
3.987656533718109131e-02
7.203468084335327148e-01
4.152804911136627197e-01
2.627208642661571503e-02
9.188944101333618164e-01
8.019990921020507812e-01
1.431165337562561035e-01
1.397726237773895264e-01
2.265329658985137939e-01
3.004361130297183990e-02
5.948988720774650574e-02
1.415181308984756470e-01
3.508276343345642090e-01
6.215842962265014648e-01
8.053858876228332520e-01
8.389960527420043945e-01
8.417072892189025879e-02
2.754356563091278076e-01
1.943667382001876831e-01
3.702347874641418457e-01
4.531818330287933350e-01
1.743552833795547485e-01
5.039151906967163086e-01
2.942408621311187744e-01
9.106878638267517090e-01
7.388748228549957275e-02
1.517230272293090820e-01
8.559896945953369141e-01
3.549345433712005615e-01
6.846287846565246582e-01
6.760126352310180664e-01
4.532453119754791260e-01
7.819667458534240723e-02
9.361196160316467285e-01
8.685076832771301270e-01
2.120428532361984253e-01
8.778892755508422852e-01
5.155875161290168762e-02
8.647800087928771973e-01
5.433626174926757812e-01
2.768995054066181183e-02
2.143218554556369781e-02
6.515457034111022949e-01
2.137145251035690308e-01
2.801319770514965057e-02
8.313085883855819702e-02
8.815730810165405273e-01
4.833893477916717529e-02
3.021945431828498840e-02
1.449969112873077393e-01
1.855111122131347656e-01
2.406232506036758423e-01
9.156756848096847534e-02
7.797506451606750488e-02
2.381273917853832245e-02
5.920422673225402832e-01
2.799061238765716553e-01
7.461036443710327148e-01
8.108354210853576660e-01
8.834365606307983398e-01
2.432815879583358765e-01
8.572790771722793579e-02
6.966064572334289551e-01
7.825806736946105957e-01
3.186992555856704712e-02
1.762645542621612549e-01
3.412450850009918213e-01
2.276721782982349396e-02
9.004511237144470215e-01
3.584589660167694092e-01
6.910721957683563232e-02
5.129953846335411072e-02
3.577539026737213135e-01
4.287574291229248047e-01
6.983183026313781738e-01
1.851088404655456543e-01
1.362166851758956909e-01
6.794770061969757080e-02
4.941661059856414795e-01
3.548639714717864990e-01
2.155214101076126099e-01
1.739904582500457764e-01
2.659730911254882812e-01
3.239325061440467834e-02
3.111558258533477783e-01
7.375845313072204590e-02
5.016059279441833496e-01
9.849575906991958618e-02
8.556264638900756836e-01
8.509248495101928711e-01
3.910892456769943237e-02
