3.855141252279281616e-02
8.599579930305480957e-01
8.985155820846557617e-02
8.943545818328857422e-01
6.875281035900115967e-02
4.769489914178848267e-02
4.943008720874786377e-01
3.817182481288909912e-01
9.215996265411376953e-01
1.458664238452911377e-01
3.525068163871765137e-01
1.804985553026199341e-01
8.976874351501464844e-01
5.093477368354797363e-01
5.598776414990425110e-02
1.101464554667472839e-01
7.648699283599853516e-01
4.201041162014007568e-01
9.422358274459838867e-01
4.771694242954254150e-01
9.024140238761901855e-01
8.070688247680664062e-01
4.407396540045738220e-02
4.359162226319313049e-02
2.076656669378280640e-01
5.549845844507217407e-02
8.015114068984985352e-01
1.802073419094085693e-01
4.259268045425415039e-01
2.813606560230255127e-01
1.967505067586898804e-01
3.737900778651237488e-02
8.850217461585998535e-01
5.087247863411903381e-02
7.199010252952575684e-02
9.485824406147003174e-02
4.836432933807373047e-01
1.554003357887268066e-01
4.569013416767120361e-01
9.408767819404602051e-01
3.363412618637084961e-01
5.696742236614227295e-02
4.247025027871131897e-02
6.566500663757324219e-02
7.851056754589080811e-02
1.315267682075500488e-01
5.224193334579467773e-01
3.900224864482879639e-01
3.825732320547103882e-02
9.167540073394775391e-01
9.157580882310867310e-02
4.148535057902336121e-02
2.219276130199432373e-01
3.802544772624969482e-01
5.623225867748260498e-02
6.862767785787582397e-02
8.170903921127319336e-01
4.327889904379844666e-02
4.175071418285369873e-02
2.787625193595886230e-01
2.695443928241729736e-01
3.365665674209594727e-01
9.861117601394653320e-02
4.216192662715911865e-02
4.248110204935073853e-02
5.653509497642517090e-02
4.336617514491081238e-02
4.111485183238983154e-02
3.588551580905914307e-01
9.787322580814361572e-02
4.198091477155685425e-02
3.851081728935241699e-01
3.111369609832763672e-01
9.540636092424392700e-02
2.439631670713424683e-01
4.542808607220649719e-02
7.007318735122680664e-02
3.713851422071456909e-02
5.755964294075965881e-02
4.246182739734649658e-02
9.266889691352844238e-01
8.939384818077087402e-01
9.090126752853393555e-01
5.388567447662353516e-01
9.118090867996215820e-01
5.543400645256042480e-01
4.813197627663612366e-02
6.854576617479324341e-02
7.963005900382995605e-01
3.489953577518463135e-01
4.876072704792022705e-01
4.758093133568763733e-02
4.160506278276443481e-02
5.405121445655822754e-01
5.577658414840698242e-01
2.825440168380737305e-01
4.741247594356536865e-01
9.247270822525024414e-01
4.300127923488616943e-02
9.730822592973709106e-02
5.044630169868469238e-01
7.881272584199905396e-02
3.783582448959350586e-01
2.226976305246353149e-01
3.924618065357208252e-01
1.273582577705383301e-01
9.626645594835281372e-02
4.904187023639678955e-01
4.772790968418121338e-01
3.606842160224914551e-01
1.539611816406250000e-01
4.464547708630561829e-02
5.759914219379425049e-02
9.349634647369384766e-01
4.188731610774993896e-01
5.678724497556686401e-02
9.043960571289062500e-01
6.398581713438034058e-02
2.404480129480361938e-01
6.223535537719726562e-01
4.046028107404708862e-02
5.181545019149780273e-02
7.435667514801025391e-02
4.753278493881225586e-01
9.287657141685485840e-01
1.994186490774154663e-01
5.110333114862442017e-02
1.974766999483108521e-01
6.006851792335510254e-02
4.331289604306221008e-02
9.413827657699584961e-01
4.316807538270950317e-02
9.225769042968750000e-01
1.651742011308670044e-01
8.166114240884780884e-02
5.189264416694641113e-01
9.134028553962707520e-01
1.629835367202758789e-01
5.356327295303344727e-01
6.042409315705299377e-02
9.113910198211669922e-01
8.513786196708679199e-01
5.566605329513549805e-01
4.410219490528106689e-01
2.545407414436340332e-01
4.271367564797401428e-02
2.531813085079193115e-01
8.923969268798828125e-01
7.905026078224182129e-01
6.393894553184509277e-02
4.098855704069137573e-02
2.087033092975616455e-01
5.739061906933784485e-02
8.698343485593795776e-02
6.157075241208076477e-02
8.130399882793426514e-02
2.338646799325942993e-01
5.005903542041778564e-02
2.482347786426544189e-01
5.536527037620544434e-01
3.629007041454315186e-01
7.194738388061523438e-01
6.031239032745361328e-02
1.416207104921340942e-01
8.860269188880920410e-01
2.095439583063125610e-01
3.564484119415283203e-01
3.464295268058776855e-01
6.670334190130233765e-02
4.027863144874572754e-01
4.655946791172027588e-02
4.108417406678199768e-02
2.130368202924728394e-01
3.990575671195983887e-01
4.866981506347656250e-02
9.236968159675598145e-01
2.071430236101150513e-01
5.057726427912712097e-02
9.187471270561218262e-01
1.284532099962234497e-01
2.682445645332336426e-01
6.044574454426765442e-02
1.003849580883979797e-01
6.725166738033294678e-02
7.656455785036087036e-02
6.074529141187667847e-02
1.877996027469635010e-01
3.449716567993164062e-01
2.602664530277252197e-01
3.005585074424743652e-01
4.051965475082397461e-02
7.985853552818298340e-01
5.851826444268226624e-02
5.792376995086669922e-01
9.131149947643280029e-02
4.440728127956390381e-01
4.504569247364997864e-02
2.220638394355773926e-01
5.398341417312622070e-01
4.005686566233634949e-02
3.862551599740982056e-02
3.526946902275085449e-01
9.199312329292297363e-01
2.237750738859176636e-01
6.288577914237976074e-01
9.160426259040832520e-01
5.372098684310913086e-01
5.513569712638854980e-02
9.431605935096740723e-01
1.416941434144973755e-01
5.402101948857307434e-02
4.082513228058815002e-02
2.568832039833068848e-01
5.393702983856201172e-01
1.695023626089096069e-01
4.131590574979782104e-02
8.028111457824707031e-01
4.094749987125396729e-01
8.719344139099121094e-01
6.489843130111694336e-02
9.038265943527221680e-01
9.421010613441467285e-01
3.718373179435729980e-01
1.371160894632339478e-01
8.611932396888732910e-02
4.247841611504554749e-02
2.690533697605133057e-01
6.124454736709594727e-01
5.791702121496200562e-02
5.334197878837585449e-01
7.790415287017822266e-01
9.284083843231201172e-01
7.700857520103454590e-02
3.050094246864318848e-01
9.149425029754638672e-01
2.879827320575714111e-01
5.258615612983703613e-01
9.325707554817199707e-01
1.825845539569854736e-01
3.689329624176025391e-01
8.991525769233703613e-01
1.104544922709465027e-01
8.636184334754943848e-01
6.457213312387466431e-02
4.007337391376495361e-01
3.009004890918731689e-01
5.869243294000625610e-02
9.376865029335021973e-01
5.752860009670257568e-02
9.253634810447692871e-01
5.136147141456604004e-01
2.752636373043060303e-02
6.017946451902389526e-02
4.624889045953750610e-02
4.993720725178718567e-02
5.411279946565628052e-02
2.752045989036560059e-01
8.156396746635437012e-01
6.999783962965011597e-02
7.392876148223876953e-01
7.063751667737960815e-02
5.792403221130371094e-01
5.429654121398925781e-01
4.238731414079666138e-02
2.747967839241027832e-01
4.021520912647247314e-01
6.713911145925521851e-02
5.161414742469787598e-01
4.618687927722930908e-02
4.632301032543182373e-01
9.164014458656311035e-01
9.004091620445251465e-01
1.983457058668136597e-01
1.418497264385223389e-01
4.977066218852996826e-01
8.351776748895645142e-02
5.551476478576660156e-01
4.954486712813377380e-02
9.201070666313171387e-01
7.481746375560760498e-02
1.275132447481155396e-01
8.807736635208129883e-01
8.293154835700988770e-02
3.968320488929748535e-01
2.823888361454010010e-01
4.395132660865783691e-01
4.473535716533660889e-02
3.425632417201995850e-01
6.266667842864990234e-01
1.980102956295013428e-01
9.453877061605453491e-02
5.019850134849548340e-01
6.109804511070251465e-01
2.919995784759521484e-01
2.030405998229980469e-01
3.899634629487991333e-02
1.353744715452194214e-01
9.031547904014587402e-01
4.505967199802398682e-01
4.528608918190002441e-02
9.331985712051391602e-01
5.454432964324951172e-01
3.816586434841156006e-01
5.509918183088302612e-02
1.158158630132675171e-01
4.277771338820457458e-02
1.537029296159744263e-01
4.277090430259704590e-01
9.258732795715332031e-01
5.295708775520324707e-01
3.265853524208068848e-01
7.254859060049057007e-02
9.776970744132995605e-02
9.502612799406051636e-02
5.449295639991760254e-01
2.150696665048599243e-01
9.292488098144531250e-01
5.839792490005493164e-01
7.523677498102188110e-02
8.554670214653015137e-02
5.286295413970947266e-01
2.503730356693267822e-01
7.149013876914978027e-01
9.304693341255187988e-01
5.182307362556457520e-01
7.958223223686218262e-01
6.524057686328887939e-02
5.164296552538871765e-02
5.718870088458061218e-02
4.911404848098754883e-02
3.891744092106819153e-02
8.960255980491638184e-02
3.312675654888153076e-01
7.851850241422653198e-02
5.683751404285430908e-02
9.211789965629577637e-01
1.091905310750007629e-01
3.966819122433662415e-02
1.815416663885116577e-01
2.469640523195266724e-01
5.696102976799011230e-02
1.270010471343994141e-01
7.013499140739440918e-01
2.430919110774993896e-01
8.734320402145385742e-01
4.237116873264312744e-02
8.918695151805877686e-02
5.197005867958068848e-01
1.537912636995315552e-01
8.377063274383544922e-01
6.433848291635513306e-02
4.016496241092681885e-02
4.661431908607482910e-02
4.664577916264533997e-02
2.994880080223083496e-01
5.019212514162063599e-02
8.954501152038574219e-01
2.462435662746429443e-01
1.201914548873901367e-01
3.033240437507629395e-01
4.839893803000450134e-02
5.023411512374877930e-01
2.547426223754882812e-01
1.179853603243827820e-01
8.581564426422119141e-01
4.444942772388458252e-01
2.984751760959625244e-01
9.303842782974243164e-01
1.144870892167091370e-01
2.095079123973846436e-01
4.194636940956115723e-01
1.825521588325500488e-01
2.627522945404052734e-01
8.383072167634963989e-02
4.997713118791580200e-02
4.539096355438232422e-02
1.351932436227798462e-01
5.213133245706558228e-02
9.334506988525390625e-01
4.798937588930130005e-02
4.697661474347114563e-02
4.937123134732246399e-02
9.059805274009704590e-01
5.119379162788391113e-01
2.828913629055023193e-01
1.104034557938575745e-01
4.732803404331207275e-01
3.430815637111663818e-01
1.692216545343399048e-01
2.364276498556137085e-01
3.940790891647338867e-02
4.385101422667503357e-02
4.629771038889884949e-02
4.645708948373794556e-02
9.795216470956802368e-02
1.037013903260231018e-02
8.654739260673522949e-01
4.128263294696807861e-01
5.173125863075256348e-01
2.312397807836532593e-01
4.293583631515502930e-01
4.543356969952583313e-02
8.538153767585754395e-01
4.840002954006195068e-01
5.501922965049743652e-01
5.034962892532348633e-01
1.960954368114471436e-01
3.416688442230224609e-01
3.601816892623901367e-01
9.331851452589035034e-02
5.818306282162666321e-02
4.120847582817077637e-02
1.294550001621246338e-01
5.685071945190429688e-01
8.788716197013854980e-01
3.955752775073051453e-02
1.508490741252899170e-01
9.170118719339370728e-02
6.825629621744155884e-02
5.742059648036956787e-02
4.327628389000892639e-02
5.531989932060241699e-01
7.554649710655212402e-01
4.467093572020530701e-02
6.206740811467170715e-02
3.454159796237945557e-01
4.122421145439147949e-02
1.340448409318923950e-01
2.258883714675903320e-01
4.568454623222351074e-02
5.953533574938774109e-02
4.885286688804626465e-01
8.186310529708862305e-01
3.951631784439086914e-01
7.713924348354339600e-02
5.942082405090332031e-02
3.174428045749664307e-01
1.147725209593772888e-01
4.543363451957702637e-01
4.698194861412048340e-01
3.163627982139587402e-01
1.826857216656208038e-02
5.393558368086814880e-02
4.920732676982879639e-01
6.424242258071899414e-02
3.358357250690460205e-01
4.062553867697715759e-02
8.458886146545410156e-01
6.266410648822784424e-02
3.901030868291854858e-02
1.626762151718139648e-01
7.432833313941955566e-01
4.384156465530395508e-01
4.130817204713821411e-02
4.510217532515525818e-02
4.721227884292602539e-01
6.320776045322418213e-02
3.918049111962318420e-02
4.667417705059051514e-02
5.696994066238403320e-01
7.453683614730834961e-01
1.377279311418533325e-01
4.484147205948829651e-02
2.327130734920501709e-01
4.696917906403541565e-02
4.172786474227905273e-01
8.073450922966003418e-01
7.548692822456359863e-02
3.037452399730682373e-01
9.492968916893005371e-01
3.798619508743286133e-01
4.209250211715698242e-01
6.846886128187179565e-02
8.999268412590026855e-01
5.139648914337158203e-01
7.484117895364761353e-02
8.627353906631469727e-01
9.234891533851623535e-01
4.811025559902191162e-01
3.620384261012077332e-02
3.701497614383697510e-01
1.181699931621551514e-01
5.219115689396858215e-02
8.177142143249511719e-01
4.250254109501838684e-02
4.428296536207199097e-02
3.589665591716766357e-01
4.697883129119873047e-02
5.230214446783065796e-02
5.383674502372741699e-01
4.051694646477699280e-02
3.308463394641876221e-01
4.754543304443359375e-02
9.162975549697875977e-01
3.512991964817047119e-01
1.786678135395050049e-01
4.518645107746124268e-01
1.935920417308807373e-01
8.256907761096954346e-02
4.856273531913757324e-02
9.253640174865722656e-01
8.733685314655303955e-02
4.015757441520690918e-01
9.438804388046264648e-01
5.274812504649162292e-02
4.522161185741424561e-02
2.578090131282806396e-01
7.094001770019531250e-02
8.430214524269104004e-01
4.624449461698532104e-02
2.130489498376846313e-01
3.499956130981445312e-01
9.076346158981323242e-01
3.298975229263305664e-01
4.549681544303894043e-01
2.095079123973846436e-01
1.201468929648399353e-01
3.434846997261047363e-01
1.090548262000083923e-01
6.182250007987022400e-02
4.473698139190673828e-01
5.331848263740539551e-01
6.360626220703125000e-02
4.078079462051391602e-01
6.913409829139709473e-01
3.915070369839668274e-02
3.756790161132812500e-01
9.132338166236877441e-01
4.309903085231781006e-02
5.647850632667541504e-01
6.807559728622436523e-02
4.480221122503280640e-02
1.281726509332656860e-01
6.026799604296684265e-02
7.067039012908935547e-01
4.987088441848754883e-01
4.711221158504486084e-02
4.396084249019622803e-01
9.106186628341674805e-01
9.175515770912170410e-01
9.380103945732116699e-01
4.361385479569435120e-02
3.335254490375518799e-01
1.793314814567565918e-01
7.477318048477172852e-01
9.289806485176086426e-01
3.620556890964508057e-01
3.862173557281494141e-01
2.889246642589569092e-01
7.378933578729629517e-02
9.295985698699951172e-01
3.757089003920555115e-02
8.973293006420135498e-02
8.683302998542785645e-01
4.275194928050041199e-02
7.441404461860656738e-02
5.199623703956604004e-01
4.669467210769653320e-01
9.363969564437866211e-01
4.218437895178794861e-02
4.459221288561820984e-02
5.436719581484794617e-02
8.763751983642578125e-01
9.406930804252624512e-01
3.739596530795097351e-02
9.039493203163146973e-01
6.285843998193740845e-02
6.144254207611083984e-01
3.658843040466308594e-01
7.613993883132934570e-01
6.535498499870300293e-01
4.723288491368293762e-02
1.443610489368438721e-01
5.405167937278747559e-01
4.044016823172569275e-02
3.801886737346649170e-02
5.510131716728210449e-01
5.284279584884643555e-02
5.015074834227561951e-02
4.324416518211364746e-01
4.918285310268402100e-01
3.956454619765281677e-02
5.167517066001892090e-01
2.376297563314437866e-01
4.616496860980987549e-01
4.404416307806968689e-02
2.816469371318817139e-01
9.264209270477294922e-01
6.019945144653320312e-01
7.480760812759399414e-01
1.938750445842742920e-01
4.822222590446472168e-01
1.427575051784515381e-01
3.893887400627136230e-01
4.274374991655349731e-02
5.088760331273078918e-02
3.804450482130050659e-02
5.232090353965759277e-01
9.077325463294982910e-01
9.160569310188293457e-01
8.967836946249008179e-02
5.037950873374938965e-01
5.310173332691192627e-02
5.765619874000549316e-02
8.255820274353027344e-01
5.137701034545898438e-01
4.523462802171707153e-02
4.833511635661125183e-02
8.233652263879776001e-02
3.868398442864418030e-02
1.304225027561187744e-01
9.150978922843933105e-01
1.776381134986877441e-01
4.981159791350364685e-02
6.975717842578887939e-02
5.400767326354980469e-01
8.796289563179016113e-01
5.605556815862655640e-02
2.842356562614440918e-01
1.646816581487655640e-01
8.882249593734741211e-01
7.776319235563278198e-02
5.096228420734405518e-02
2.423703372478485107e-01
5.382485985755920410e-01
4.533573985099792480e-01
4.685486853122711182e-02
2.290965318679809570e-01
9.334681630134582520e-01
7.652469277381896973e-01
3.800069689750671387e-01
3.449653834104537964e-02
4.249166697263717651e-02
6.315174698829650879e-01
5.152447223663330078e-01
3.002955019474029541e-01
3.722561895847320557e-01
5.723442435264587402e-01
4.801290109753608704e-02
4.084283858537673950e-02
4.098921269178390503e-02
3.434642851352691650e-01
6.625385582447052002e-02
4.419504106044769287e-02
1.110516116023063660e-01
8.491147756576538086e-01
2.348648011684417725e-01
3.147113323211669922e-01
4.914080202579498291e-01
3.532038927078247070e-01
1.154031679034233093e-01
5.478491261601448059e-02
7.356988787651062012e-01
9.294402599334716797e-01
3.978384658694267273e-02
9.325277209281921387e-01
9.468733668327331543e-01
9.064698815345764160e-01
2.719390094280242920e-01
9.070161581039428711e-01
4.760389029979705811e-02
3.161441385746002197e-01
7.293030023574829102e-01
5.208316445350646973e-01
8.250834941864013672e-01
2.004855275154113770e-01
1.046294420957565308e-01
5.419426411390304565e-02
5.255052447319030762e-01
2.726447880268096924e-01
2.885174453258514404e-01
4.567411243915557861e-01
4.708204567432403564e-01
4.188524782657623291e-01
4.664532095193862915e-02
7.651250362396240234e-01
7.893805205821990967e-02
2.914134860038757324e-01
5.626726150512695312e-01
5.995028018951416016e-01
3.919285163283348083e-02
5.277038812637329102e-01
4.313905537128448486e-02
3.129848837852478027e-01
8.379455804824829102e-01
4.548583552241325378e-02
4.445689544081687927e-02
4.501095041632652283e-02
4.334751665592193604e-01
8.398414254188537598e-01
5.543371438980102539e-01
9.245381355285644531e-01
4.418274760246276855e-02
3.793774545192718506e-02
4.062552005052566528e-02
9.253975152969360352e-01
7.623357325792312622e-02
4.840644299983978271e-01
8.097718358039855957e-01
2.066300958395004272e-01
4.801505431532859802e-02
4.455753788352012634e-02
4.282724261283874512e-01
9.250530004501342773e-01
4.525592178106307983e-02
2.077919393777847290e-01
9.359110593795776367e-01
1.565890014171600342e-01
4.049706086516380310e-02
1.741959899663925171e-01
4.223798215389251709e-02
1.447901576757431030e-01
3.369536399841308594e-01
1.940034776926040649e-01
4.143077135086059570e-02
8.836755901575088501e-02
3.997301459312438965e-01
1.687947809696197510e-01
4.921953976154327393e-01
6.650335192680358887e-01
6.724321097135543823e-02
1.007383167743682861e-01
5.094406753778457642e-02
5.054639279842376709e-02
3.496007621288299561e-01
6.722167879343032837e-02
1.495326757431030273e-01
5.381935834884643555e-02
2.447875291109085083e-01
9.457579255104064941e-01
3.820938244462013245e-02
6.153922900557518005e-02
9.636665880680084229e-02
7.409853935241699219e-01
2.486951798200607300e-01
8.315610885620117188e-02
3.182252645492553711e-01
9.318552017211914062e-01
4.155235365033149719e-02
1.695964634418487549e-01
4.781308770179748535e-02
5.136754736304283142e-02
4.337079077959060669e-02
1.605593115091323853e-01
3.708892464637756348e-01
2.596410214900970459e-01
9.276019930839538574e-01
7.894319295883178711e-01
5.150545239448547363e-01
3.928411006927490234e-01
1.389310956001281738e-01
5.231387019157409668e-01
4.234983399510383606e-02
3.864020109176635742e-02
9.389111995697021484e-01
5.117163658142089844e-01
8.903123736381530762e-01
7.136002779006958008e-01
4.243097081780433655e-02
3.525866568088531494e-01
1.067110523581504822e-01
8.262097835540771484e-02
3.602267205715179443e-01
4.288739711046218872e-02
5.245310813188552856e-02
4.418972432613372803e-01
5.267610400915145874e-02
8.999527692794799805e-01
6.862341761589050293e-01
5.334317088127136230e-01
4.100140929222106934e-02
5.581297874450683594e-01
7.756497859954833984e-01
1.597503423690795898e-01
9.221818447113037109e-01
2.292501628398895264e-01
4.981054663658142090e-01
4.022001102566719055e-02
9.343871474266052246e-01
1.969359815120697021e-01
5.114548280835151672e-02
9.083851575851440430e-01
4.283061027526855469e-01
7.121088504791259766e-01
5.000133812427520752e-02
3.132942914962768555e-01
2.271363288164138794e-01
4.683120548725128174e-01
3.636331558227539062e-01
9.349560737609863281e-01
1.984565556049346924e-01
4.382031857967376709e-01
3.677263110876083374e-02
8.836355209350585938e-01
7.599680125713348389e-02
3.915198519825935364e-02
9.209375381469726562e-01
9.250838160514831543e-01
5.065024495124816895e-01
1.024230718612670898e-01
7.890250086784362793e-01
1.544304788112640381e-01
9.188216924667358398e-01
1.300776898860931396e-01
9.216267466545104980e-01
3.825494647026062012e-02
4.729562401771545410e-01
4.324365407228469849e-02
1.021136939525604248e-01
4.767448082566261292e-02
1.756183803081512451e-01
3.160699903964996338e-01
1.614795029163360596e-01
5.607793331146240234e-01
8.627160638570785522e-02
5.688793063163757324e-01
9.222235083580017090e-01
4.459709227085113525e-01
2.476760298013687134e-01
4.306425526738166809e-02
5.411373376846313477e-01
8.995461463928222656e-01
8.242948651313781738e-01
1.312239319086074829e-01
2.380187958478927612e-01
5.046344548463821411e-02
2.770286500453948975e-01
4.583672806620597839e-02
1.095974966883659363e-01
9.447417855262756348e-01
6.665777415037155151e-02
8.236985802650451660e-01
6.457646936178207397e-02
7.995936274528503418e-01
5.604790896177291870e-02
1.379335075616836548e-01
5.235083773732185364e-02
4.154941067099571228e-02
3.902397751808166504e-01
8.809015750885009766e-01
6.514355540275573730e-01
1.303642392158508301e-01
8.543190360069274902e-02
6.833570003509521484e-01
9.294039607048034668e-01
7.996715903282165527e-01
4.954710230231285095e-02
2.505848705768585205e-01
8.304079771041870117e-01
6.790131926536560059e-01
7.716266512870788574e-01
1.386742293834686279e-01
9.437856078147888184e-01
8.615706562995910645e-01
4.335148632526397705e-01
9.135475158691406250e-01
4.429006874561309814e-01
4.214354231953620911e-02
7.775382995605468750e-01
1.494181454181671143e-01
5.873541831970214844e-01
7.319246977567672729e-02
9.124639034271240234e-01
6.682583689689636230e-01
8.060265332460403442e-02
7.965582013130187988e-01
4.941371083259582520e-01
8.626978993415832520e-01
4.183666408061981201e-02
3.659642636775970459e-01
6.743298172950744629e-01
1.866315603256225586e-01
2.729232907295227051e-01
1.591446399688720703e-01
5.609226822853088379e-01
5.943216681480407715e-01
4.478224217891693115e-01
6.191993877291679382e-02
1.210577934980392456e-01
2.095079123973846436e-01
3.833847865462303162e-02
3.441349864006042480e-01
9.048983454704284668e-02
6.602041721343994141e-01
1.373592615127563477e-01
3.902074694633483887e-02
5.404064059257507324e-01
6.439974904060363770e-01
1.008833125233650208e-01
4.819994270801544189e-01
5.939804390072822571e-02
7.853367328643798828e-01
4.277444183826446533e-01
4.042814671993255615e-02
6.917482614517211914e-02
3.965982049703598022e-02
5.208846330642700195e-01
1.603144407272338867e-01
4.907668754458427429e-02
5.115196108818054199e-02
4.786863550543785095e-02
5.062634125351905823e-02
5.368391796946525574e-02
3.838083520531654358e-02
5.895276740193367004e-02
2.416079789400100708e-01
4.986614286899566650e-01
2.946984469890594482e-01
4.520637914538383484e-02
4.234939813613891602e-02
4.980997741222381592e-01
4.666527807712554932e-01
4.148700833320617676e-02
9.463444352149963379e-01
7.350409626960754395e-01
2.498543560504913330e-01
6.623114645481109619e-02
2.534090578556060791e-01
4.604899138212203979e-02
7.307200878858566284e-02
7.293879389762878418e-01
4.339564219117164612e-02
5.429206490516662598e-01
7.312693595886230469e-01
8.674837946891784668e-01
1.244398355484008789e-01
6.348048448562622070e-01
6.991083920001983643e-02
3.168120980262756348e-01
5.135293602943420410e-01
1.032968461513519287e-01
4.123000800609588623e-01
2.511282861232757568e-01
9.460509419441223145e-01
5.115202069282531738e-02
3.180243372917175293e-01
9.283267855644226074e-01
4.423143863677978516e-01
9.144492745399475098e-01
6.170319318771362305e-01
2.777773439884185791e-01
4.820118844509124756e-02
9.531880617141723633e-01
8.666518926620483398e-01
2.705715894699096680e-01
9.197096228599548340e-01
5.124666169285774231e-02
8.296402692794799805e-01
6.403762102127075195e-01
4.192472621798515320e-02
3.740837797522544861e-02
3.462193906307220459e-01
2.382710874080657959e-01
4.568235203623771667e-02
1.823291480541229248e-01
9.355003237724304199e-01
5.104962363839149475e-02
4.158499091863632202e-02
4.009354114532470703e-02
4.705890268087387085e-02
1.461192667484283447e-01
4.754939675331115723e-02
6.957635283470153809e-02
4.033683612942695618e-02
6.734272241592407227e-01
1.959795653820037842e-01
5.340520739555358887e-01
5.897698402404785156e-01
8.589657545089721680e-01
1.599163562059402466e-01
4.160900413990020752e-02
5.688614249229431152e-01
8.358324170112609863e-01
4.369038343429565430e-02
1.236194595694541931e-01
5.674435496330261230e-01
4.012250155210494995e-02
9.417397379875183105e-01
4.924549758434295654e-01
2.591732442378997803e-01
5.567762255668640137e-02
8.171839118003845215e-01
2.858107089996337891e-01
5.281061530113220215e-01
1.890692710876464844e-01
3.069157898426055908e-01
4.566558822989463806e-02
1.967591196298599243e-01
3.092913329601287842e-01
2.423518337309360504e-02
1.050587147474288940e-01
9.560980647802352905e-02
4.335948824882507324e-02
1.379512250423431396e-01
6.179752945899963379e-02
5.114347338676452637e-01
4.693344980478286743e-02
9.076701998710632324e-01
9.102780222892761230e-01
7.113158702850341797e-02
