3.823765367269515991e-02
9.612232446670532227e-01
2.196327447891235352e-01
8.965268135070800781e-01
1.007014214992523193e-01
5.312268808484077454e-02
2.280080765485763550e-01
2.470677345991134644e-01
8.764558434486389160e-01
1.138217449188232422e-01
2.703309357166290283e-01
2.063753455877304077e-01
8.017879128456115723e-01
3.429740965366363525e-01
1.181680113077163696e-01
2.859053909778594971e-01
6.558883935213088989e-02
6.054588556289672852e-01
9.434774518013000488e-01
2.911322116851806641e-01
8.848187327384948730e-01
7.453761696815490723e-01
4.849519208073616028e-02
4.486706480383872986e-02
3.440900743007659912e-01
6.976318359375000000e-02
8.202497959136962891e-01
2.959250807762145996e-01
3.609280884265899658e-01
2.769893109798431396e-01
2.144259512424468994e-01
3.918714448809623718e-02
8.768720626831054688e-01
9.847488254308700562e-02
2.175693511962890625e-01
2.047561258077621460e-01
2.502662837505340576e-01
1.802565157413482666e-01
3.138282001018524170e-01
9.179069995880126953e-01
3.145930767059326172e-01
1.092849075794219971e-01
5.039874464273452759e-02
6.297071278095245361e-02
4.277905821800231934e-02
1.775019764900207520e-01
3.976404964923858643e-01
6.356016993522644043e-01
3.580250591039657593e-02
7.902762293815612793e-01
2.041306793689727783e-01
4.267083480954170227e-02
1.720816940069198608e-01
3.973684608936309814e-01
1.787807494401931763e-01
8.613074570894241333e-02
8.391079902648925781e-01
6.459251046180725098e-02
5.699937418103218079e-02
2.195242047309875488e-01
6.735702753067016602e-01
3.413540124893188477e-01
4.595581069588661194e-02
5.004208907485008240e-02
5.173213407397270203e-02
1.209619939327239990e-01
6.256517022848129272e-02
8.696598559617996216e-02
5.945074558258056641e-01
1.687120646238327026e-01
5.925204604864120483e-02
6.567628979682922363e-01
6.102120280265808105e-01
1.053237095475196838e-01
2.598069310188293457e-01
5.333600938320159912e-02
3.586219251155853271e-02
3.812792152166366577e-02
8.796095848083496094e-02
5.974557623267173767e-02
8.335913419723510742e-01
5.587825775146484375e-01
8.044319748878479004e-01
3.669200837612152100e-01
8.029137849807739258e-01
4.392664432525634766e-01
6.298416107892990112e-02
8.411517739295959473e-02
8.469401597976684570e-01
3.342572450637817383e-01
7.684893012046813965e-01
6.919603794813156128e-02
4.272177442908287048e-02
4.007771611213684082e-01
4.030904173851013184e-01
2.204379588365554810e-01
4.248422980308532715e-01
8.503453135490417480e-01
5.216259881854057312e-02
1.452515125274658203e-01
5.582584738731384277e-01
2.063795626163482666e-01
5.038632154464721680e-01
1.586775183677673340e-01
2.097939550876617432e-01
8.113515377044677734e-02
6.245876476168632507e-02
5.254927873611450195e-01
2.054698169231414795e-01
3.708204329013824463e-01
2.228890061378479004e-01
4.384018108248710632e-02
6.281115114688873291e-02
9.431385397911071777e-01
2.354510277509689331e-01
7.349308580160140991e-02
8.402104377746582031e-01
6.441505253314971924e-02
1.731788963079452515e-01
7.026020288467407227e-01
3.824625164270401001e-02
1.381502300500869751e-01
9.243683516979217529e-02
5.876873135566711426e-01
8.393238782882690430e-01
7.836114615201950073e-02
6.611562520265579224e-02
1.928972005844116211e-01
5.544824525713920593e-02
5.541840568184852600e-02
9.370893239974975586e-01
3.701239228248596191e-01
8.547883033752441406e-01
1.032707393169403076e-01
5.932421684265136719e-01
2.639278173446655273e-01
8.106061220169067383e-01
4.920124709606170654e-01
3.562282025814056396e-01
6.826387345790863037e-02
6.898633241653442383e-01
6.630535721778869629e-01
7.131978869438171387e-01
4.005248248577117920e-01
1.414731889963150024e-01
6.010035797953605652e-02
1.492720693349838257e-01
8.388394713401794434e-01
6.927077174186706543e-01
2.181499004364013672e-01
4.361790046095848083e-02
2.248974144458770752e-01
6.745733320713043213e-02
1.313253194093704224e-01
1.898534893989562988e-01
1.468518078327178955e-01
2.643116116523742676e-01
2.581732273101806641e-01
3.577672839164733887e-01
7.934509515762329102e-01
2.733004987239837646e-01
7.702161073684692383e-01
6.599929183721542358e-02
1.861217170953750610e-01
8.331488370895385742e-01
1.548701375722885132e-01
4.128139913082122803e-01
1.929855197668075562e-01
9.236832708120346069e-02
2.529768943786621094e-01
5.292428657412528992e-02
4.778408259153366089e-02
4.147821962833404541e-01
6.840029954910278320e-01
5.297000333666801453e-02
9.068369269371032715e-01
2.160137295722961426e-01
5.099155381321907043e-02
8.275177478790283203e-01
2.062550187110900879e-01
1.775063127279281616e-01
6.997345387935638428e-02
1.259442120790481567e-01
1.505740582942962646e-01
3.572598844766616821e-02
1.197730004787445068e-01
2.211003154516220093e-01
5.014241933822631836e-01
2.678960561752319336e-01
2.783504724502563477e-01
4.973226040601730347e-02
7.245325446128845215e-01
3.914384171366691589e-02
4.249835610389709473e-01
2.487030327320098877e-01
5.567774176597595215e-01
4.954081773757934570e-02
1.240423321723937988e-01
7.549998760223388672e-01
3.553837165236473083e-02
3.858141601085662842e-02
9.982337057590484619e-02
8.934946656227111816e-01
2.357778698205947876e-01
7.947137951850891113e-01
9.060693979263305664e-01
6.498671174049377441e-01
6.252516806125640869e-02
9.529978036880493164e-01
2.810738384723663330e-01
1.851479709148406982e-01
6.242344155907630920e-02
2.466729432344436646e-01
2.016633450984954834e-01
3.252337872982025146e-01
4.226835444569587708e-02
7.658673524856567383e-01
6.486230492591857910e-01
6.229080557823181152e-01
1.101795136928558350e-01
8.475015759468078613e-01
9.551436305046081543e-01
7.012115716934204102e-01
1.168537586927413940e-01
2.021388113498687744e-01
5.181701853871345520e-02
5.601542592048645020e-01
6.519724726676940918e-01
1.032419800758361816e-01
5.428827404975891113e-01
8.053563833236694336e-01
8.899137973785400391e-01
8.409309387207031250e-02
6.116259694099426270e-01
8.991683721542358398e-01
2.822885215282440186e-01
5.677208304405212402e-01
8.852732777595520020e-01
2.261666059494018555e-01
1.266483664512634277e-01
8.719081878662109375e-01
9.198191016912460327e-02
6.116296052932739258e-01
2.278967648744583130e-01
2.288639694452285767e-01
5.179325342178344727e-01
1.081647276878356934e-01
9.422772526741027832e-01
1.405481249094009399e-01
7.872882485389709473e-01
3.138850331306457520e-01
5.988621339201927185e-02
1.203732714056968689e-01
5.904565006494522095e-02
5.683309212327003479e-02
8.279154449701309204e-02
1.743824481964111328e-01
6.631942987442016602e-01
1.444804072380065918e-01
8.297944664955139160e-01
6.290753185749053955e-02
5.043088197708129883e-01
4.076645374298095703e-01
4.721806198358535767e-02
1.377489268779754639e-01
3.742254674434661865e-01
2.198482006788253784e-01
6.083012223243713379e-01
6.117076426744461060e-02
7.356082797050476074e-01
8.732832074165344238e-01
9.038100242614746094e-01
2.659153342247009277e-01
2.476406693458557129e-01
6.099311113357543945e-01
1.280741691589355469e-01
7.894725799560546875e-01
7.049702852964401245e-02
7.880923151969909668e-01
6.415417790412902832e-02
2.145455479621887207e-01
8.948917388916015625e-01
1.559772938489913940e-01
7.020130157470703125e-01
2.906759083271026611e-01
3.163573443889617920e-01
5.023116990923881531e-02
1.221402809023857117e-01
3.108953535556793213e-01
1.799695044755935669e-01
1.724773794412612915e-01
3.997133374214172363e-01
7.382485866546630859e-01
4.004316031932830811e-01
2.077518254518508911e-01
4.666917026042938232e-02
1.099057123064994812e-01
7.935958504676818848e-01
4.433837532997131348e-01
5.025098845362663269e-02
7.345420122146606445e-01
3.957625329494476318e-01
5.171405673027038574e-01
6.925074011087417603e-02
1.339763104915618896e-01
4.685102775692939758e-02
1.543033570051193237e-01
6.750787496566772461e-01
8.127501606941223145e-01
5.689325928688049316e-01
5.044938921928405762e-01
1.178949400782585144e-01
7.185340672731399536e-02
4.855758249759674072e-01
5.532933473587036133e-01
3.386778235435485840e-01
8.890865445137023926e-01
7.395725250244140625e-01
2.754204571247100830e-01
2.061139345169067383e-01
3.458813726902008057e-01
1.958670765161514282e-01
4.612520337104797363e-01
9.325988292694091797e-01
4.114277064800262451e-01
4.858746230602264404e-01
2.023150175809860229e-01
1.221668869256973267e-01
9.193984419107437134e-02
8.720680326223373413e-02
4.028109461069107056e-02
7.107032835483551025e-02
3.589408993721008301e-01
1.362238377332687378e-01
1.531006544828414917e-01
8.231123685836791992e-01
2.852262854576110840e-01
4.177704825997352600e-02
1.841685920953750610e-01
1.744764596223831177e-01
8.548657596111297607e-02
4.233869612216949463e-01
4.457393586635589600e-01
3.880660533905029297e-01
6.972119212150573730e-01
4.191464558243751526e-02
1.190209090709686279e-01
6.590434312820434570e-01
8.621355146169662476e-02
8.561721444129943848e-01
1.365526914596557617e-01
3.984007984399795532e-02
5.831258744001388550e-02
5.980934575200080872e-02
3.613360822200775146e-01
9.255230426788330078e-02
8.862012028694152832e-01
1.191925555467605591e-01
1.550106704235076904e-01
4.344512820243835449e-01
7.318212091922760010e-02
4.675480127334594727e-01
1.744429618120193481e-01
7.156286388635635376e-02
8.701306581497192383e-01
2.802521884441375732e-01
2.708673179149627686e-01
9.329774975776672363e-01
1.933860629796981812e-01
1.839992254972457886e-01
2.348310947418212891e-01
9.477464854717254639e-02
1.048292741179466248e-01
1.960585266351699829e-01
1.262788623571395874e-01
5.362392216920852661e-02
1.404357254505157471e-01
8.187032490968704224e-02
9.326129555702209473e-01
6.348149478435516357e-02
6.927042454481124878e-02
4.822484403848648071e-02
8.103417754173278809e-01
7.399551868438720703e-01
2.290595024824142456e-01
1.562102586030960083e-01
3.625150620937347412e-01
3.326207399368286133e-01
1.409593969583511353e-01
3.355850279331207275e-01
4.485201835632324219e-02
4.736185073852539062e-02
7.723285257816314697e-02
8.834659308195114136e-02
1.543684601783752441e-01
1.268184743821620941e-02
4.561145007610321045e-01
1.493027806282043457e-01
4.601378738880157471e-01
1.669603735208511353e-01
2.538128197193145752e-01
4.397738352417945862e-02
8.253441452980041504e-01
4.451061785221099854e-01
6.789186596870422363e-01
8.768707513809204102e-01
1.557437777519226074e-01
3.764439821243286133e-01
2.838191688060760498e-01
1.086889430880546570e-01
5.977369472384452820e-02
4.008353129029273987e-02
1.295703649520874023e-01
5.222963094711303711e-01
8.155459761619567871e-01
3.696057200431823730e-02
5.423680543899536133e-01
4.818089306354522705e-02
5.717790499329566956e-02
1.046035811305046082e-01
4.907109215855598450e-02
6.995648145675659180e-01
9.149135351181030273e-01
4.060872644186019897e-02
9.624896943569183350e-02
3.988437652587890625e-01
4.504384845495223999e-02
7.879585027694702148e-02
2.299966216087341309e-01
6.828110665082931519e-02
1.098629683256149292e-01
2.704141736030578613e-01
7.598781585693359375e-01
5.016642212867736816e-01
1.451189965009689331e-01
5.091841891407966614e-02
1.747692227363586426e-01
7.381370663642883301e-02
6.859563589096069336e-01
2.688223123550415039e-01
3.058240711688995361e-01
1.117454748600721359e-02
9.066131711006164551e-02
4.581535458564758301e-01
4.841865599155426025e-02
2.631152272224426270e-01
4.812139272689819336e-02
8.387278318405151367e-01
7.109759747982025146e-02
3.707102313637733459e-02
2.504428327083587646e-01
7.210204005241394043e-01
6.049301624298095703e-01
4.406659305095672607e-02
4.495534673333168030e-02
6.355655789375305176e-01
9.114175289869308472e-02
5.237700045108795166e-02
6.439249962568283081e-02
2.177190929651260376e-01
2.890140414237976074e-01
1.642579883337020874e-01
6.316073983907699585e-02
1.705377995967864990e-01
4.817410930991172791e-02
7.569598406553268433e-02
7.104914188385009766e-01
2.767576277256011963e-01
1.193558201193809509e-01
9.533477425575256348e-01
3.108717501163482666e-01
3.849808573722839355e-01
1.001052334904670715e-01
8.451027274131774902e-01
1.744409650564193726e-01
5.205890163779258728e-02
8.846289515495300293e-01
8.297168016433715820e-01
3.801420331001281738e-01
2.968330122530460358e-02
2.204686999320983887e-01
4.822851717472076416e-01
1.002522781491279602e-01
7.486394047737121582e-01
5.248562246561050415e-02
1.151003092527389526e-01
1.658944189548492432e-01
8.881822973489761353e-02
1.269461959600448608e-01
1.903797090053558350e-01
5.433673039078712463e-02
2.454079091548919678e-01
6.910148262977600098e-02
5.153847336769104004e-01
6.488529443740844727e-01
2.730923891067504883e-01
2.493367791175842285e-01
1.954969912767410278e-01
9.515540301799774170e-02
1.048253551125526428e-01
8.082433342933654785e-01
1.573773175477981567e-01
7.453793883323669434e-01
9.194239377975463867e-01
6.695964932441711426e-02
5.770203471183776855e-02
2.677627205848693848e-01
5.337886884808540344e-02
7.512496113777160645e-01
4.446229711174964905e-02
1.718532294034957886e-01
2.827732563018798828e-01
8.741580843925476074e-01
3.486108183860778809e-01
3.114402294158935547e-01
1.839992254972457886e-01
1.045603528618812561e-01
5.549597740173339844e-01
1.364012062549591064e-01
1.327287852764129639e-01
2.553755640983581543e-01
5.125097036361694336e-01
1.196475178003311157e-01
6.239487528800964355e-01
5.297944545745849609e-01
5.023444816470146179e-02
4.335957169532775879e-01
8.331019282341003418e-01
5.233001708984375000e-02
4.831019937992095947e-01
1.767170578241348267e-01
7.375716418027877808e-02
1.753856837749481201e-01
1.286000758409500122e-01
6.059297919273376465e-01
2.482739239931106567e-01
7.152557373046875000e-01
4.313834309577941895e-01
9.306468963623046875e-01
9.515668749809265137e-01
9.515486359596252441e-01
4.468142241239547729e-02
3.044199645519256592e-01
2.072230875492095947e-01
6.233901381492614746e-01
9.399300813674926758e-01
2.449928522109985352e-01
1.916776895523071289e-01
2.553549110889434814e-01
5.593105778098106384e-02
7.523027062416076660e-01
3.743263706564903259e-02
4.960927739739418030e-02
8.482391238212585449e-01
4.754858836531639099e-02
6.163076683878898621e-02
4.240213334560394287e-01
1.052086949348449707e-01
9.127253890037536621e-01
5.119677633047103882e-02
5.250267311930656433e-02
1.076915040612220764e-01
8.808724284172058105e-01
8.872700929641723633e-01
3.418263047933578491e-02
7.979027032852172852e-01
7.360634952783584595e-02
6.650176048278808594e-01
3.022642135620117188e-01
6.174821853637695312e-01
2.579332888126373291e-01
5.750149488449096680e-02
3.485012054443359375e-01
8.268030881881713867e-01
4.943742603063583374e-02
4.719594866037368774e-02
6.505454778671264648e-01
5.578739568591117859e-02
3.070519492030143738e-02
3.198297023773193359e-01
3.926447033882141113e-01
4.463343322277069092e-02
6.400156021118164062e-01
1.295994222164154053e-01
2.309267520904541016e-01
5.069865286350250244e-02
2.082511931657791138e-01
8.799163103103637695e-01
8.076427578926086426e-01
6.724956631660461426e-01
4.291040301322937012e-01
5.897944569587707520e-01
3.044772744178771973e-01
5.061893463134765625e-01
5.219585075974464417e-02
7.968923449516296387e-02
3.594446182250976562e-02
7.755085825920104980e-01
8.111464977264404297e-01
8.422729372978210449e-01
1.074957177042961121e-01
3.263563811779022217e-01
1.355490684509277344e-01
1.254278421401977539e-01
9.211860895156860352e-01
6.285638213157653809e-01
8.222405612468719482e-02
8.433054387569427490e-02
7.562308758497238159e-02
3.751930221915245056e-02
1.947153061628341675e-01
8.723180294036865234e-01
2.796051800251007080e-01
5.577959120273590088e-02
1.166601032018661499e-01
2.910958230495452881e-01
7.776759266853332520e-01
7.092346251010894775e-02
3.496884107589721680e-01
2.998513579368591309e-01
8.965690135955810547e-01
1.303327977657318115e-01
5.560219660401344299e-02
1.578653901815414429e-01
2.736556529998779297e-01
4.403212666511535645e-01
4.858972132205963135e-02
5.962054133415222168e-01
9.213279485702514648e-01
7.664484977722167969e-01
5.179077386856079102e-01
1.947761885821819305e-02
5.068473145365715027e-02
7.037875652313232422e-01
5.896323323249816895e-01
2.863245308399200439e-01
5.334523916244506836e-01
5.675134658813476562e-01
7.004597783088684082e-02
4.844204708933830261e-02
4.340383782982826233e-02
5.639994144439697266e-01
2.353886067867279053e-01
4.081646353006362915e-02
2.304720133543014526e-01
7.363638281822204590e-01
3.095534443855285645e-01
8.187922239303588867e-01
2.744436264038085938e-01
1.428262889385223389e-01
1.046163141727447510e-01
8.380192518234252930e-02
7.378954291343688965e-01
9.428741335868835449e-01
4.886827245354652405e-02
9.370476603507995605e-01
9.441691040992736816e-01
7.751975655555725098e-01
2.400214672088623047e-01
7.358480095863342285e-01
7.441122084856033325e-02
2.654870748519897461e-01
3.778473138809204102e-01
7.457315325736999512e-01
8.220052719116210938e-01
5.583332106471061707e-02
9.840808063745498657e-02
2.722740173339843750e-01
7.889291644096374512e-01
1.403941959142684937e-01
6.534866988658905029e-02
4.568282961845397949e-01
3.386645317077636719e-01
4.668982028961181641e-01
1.683290302753448486e-01
5.775346159934997559e-01
2.642070651054382324e-01
3.320707380771636963e-01
7.464421391487121582e-01
6.623332500457763672e-01
5.208767950534820557e-02
4.108697772026062012e-01
4.752537608146667480e-02
3.188206851482391357e-01
8.763665556907653809e-01
5.950604379177093506e-02
7.251954823732376099e-02
6.380256265401840210e-02
4.550637006759643555e-01
9.404346942901611328e-01
5.876680612564086914e-01
8.204947710037231445e-01
5.170626565814018250e-02
4.089419171214103699e-02
5.238615721464157104e-02
8.643667101860046387e-01
3.647711873054504395e-01
8.079220056533813477e-01
8.376907110214233398e-01
2.492502778768539429e-01
7.276701182126998901e-02
4.856813326478004456e-02
4.535601139068603516e-01
9.471345543861389160e-01
4.402601718902587891e-02
5.244044587016105652e-02
8.968290686607360840e-01
1.602970361709594727e-01
4.558426514267921448e-02
3.471438288688659668e-01
4.781203716993331909e-02
1.717304140329360962e-01
2.852592170238494873e-01
4.690397381782531738e-01
4.502658173441886902e-02
1.323847174644470215e-01
1.083561927080154419e-01
1.070182025432586670e-01
6.665409207344055176e-01
6.565124392509460449e-01
3.965943157672882080e-01
5.452929064631462097e-02
9.048938006162643433e-02
7.187037914991378784e-02
1.054701954126358032e-01
1.109469905495643616e-01
5.104215145111083984e-01
7.305656373500823975e-02
6.601475179195404053e-02
9.471033215522766113e-01
3.447707742452621460e-02
3.990410864353179932e-01
4.217601567506790161e-02
8.067427277565002441e-01
4.227796196937561035e-01
4.430425167083740234e-02
3.491890430450439453e-01
8.770118951797485352e-01
6.152915954589843750e-02
1.118500009179115295e-01
4.647221788763999939e-02
8.741258829832077026e-02
7.104666531085968018e-02
6.362272053956985474e-02
4.043235778808593750e-01
2.725994884967803955e-01
8.624516129493713379e-01
2.128227502107620239e-01
5.407428741455078125e-01
3.112923204898834229e-01
9.932129085063934326e-02
6.071810126304626465e-01
7.027754932641983032e-02
4.266045242547988892e-02
8.925150632858276367e-01
7.779864072799682617e-01
6.332647204399108887e-01
7.293935418128967285e-01
6.195462122559547424e-02
5.534685850143432617e-01
1.652095019817352295e-01
1.950745731592178345e-01
3.171537518501281738e-01
4.573201015591621399e-02
5.379077792167663574e-02
5.031601190567016602e-01
8.335903286933898926e-02
7.284201383590698242e-01
7.375296354293823242e-01
5.767382383346557617e-01
5.056088417768478394e-02
7.869740128517150879e-01
3.536001443862915039e-01
1.166689693927764893e-01
8.311465382575988770e-01
3.663300275802612305e-01
6.870036125183105469e-01
5.403370782732963562e-02
8.187490701675415039e-01
4.741931557655334473e-01
5.120790749788284302e-02
7.853338718414306641e-01
2.507983148097991943e-01
8.914390206336975098e-01
6.961112469434738159e-02
2.353153377771377563e-01
3.334017992019653320e-01
2.543513476848602295e-01
4.411299824714660645e-01
8.958067893981933594e-01
2.875745892524719238e-01
2.798795104026794434e-01
3.460562229156494141e-02
7.438300251960754395e-01
9.345404058694839478e-02
3.882606327533721924e-02
8.235427141189575195e-01
8.448640108108520508e-01
3.007378876209259033e-01
4.745592176914215088e-02
4.892530739307403564e-01
1.464381366968154907e-01
8.554211258888244629e-01
1.750242412090301514e-01
8.603979349136352539e-01
4.278631508350372314e-02
3.979401886463165283e-01
7.027754932641983032e-02
1.799291819334030151e-01
5.408883094787597656e-02
2.790811359882354736e-01
5.667092204093933105e-01
1.619354486465454102e-01
3.008983731269836426e-01
1.210384592413902283e-01
7.837577462196350098e-01
7.665072083473205566e-01
2.886446118354797363e-01
2.839145660400390625e-01
5.134344100952148438e-02
3.050454258918762207e-01
8.500958085060119629e-01
9.321447014808654785e-01
1.268704980611801147e-01
2.489728331565856934e-01
1.461132913827896118e-01
1.811904907226562500e-01
7.943090796470642090e-02
1.833372116088867188e-01
9.476003050804138184e-01
2.037142217159271240e-01
7.512664198875427246e-01
5.517793074250221252e-02
6.210525035858154297e-01
5.899629741907119751e-02
2.039322853088378906e-01
5.279286578297615051e-02
4.900594428181648254e-02
2.715227603912353516e-01
7.279914617538452148e-01
7.975596785545349121e-01
2.265140265226364136e-01
9.771946072578430176e-02
7.826240062713623047e-01
9.320754408836364746e-01
6.090960502624511719e-01
6.104397401213645935e-02
2.610597908496856689e-01
7.794142961502075195e-01
7.960692048072814941e-01
8.414446115493774414e-01
9.713517129421234131e-02
8.784942626953125000e-01
9.186210632324218750e-01
4.075525999069213867e-01
8.777133822441101074e-01
2.722601890563964844e-01
4.486616700887680054e-02
5.552222132682800293e-01
2.239768654108047485e-01
8.428517580032348633e-01
2.587839066982269287e-01
8.294604420661926270e-01
5.434661507606506348e-01
1.675772964954376221e-01
6.040756702423095703e-01
4.411022365093231201e-01
5.359094142913818359e-01
4.558439180254936218e-02
4.211354553699493408e-01
7.784236669540405273e-01
3.349049091339111328e-01
4.717607498168945312e-01
2.399106919765472412e-01
4.551004469394683838e-01
7.531734704971313477e-01
5.356075167655944824e-01
6.074108183383941650e-02
1.139653176069259644e-01
1.839992254972457886e-01
4.201169312000274658e-02
1.424420624971389771e-01
1.319701969623565674e-01
7.566720247268676758e-01
2.331350594758987427e-01
5.267218872904777527e-02
3.828152120113372803e-01
4.839295446872711182e-01
7.308799028396606445e-02
3.169035613536834717e-01
1.135733276605606079e-01
7.798372507095336914e-01
6.664846539497375488e-01
4.654639586806297302e-02
9.869917482137680054e-02
4.014021158218383789e-02
3.388966917991638184e-01
1.941157728433609009e-01
6.201374903321266174e-02
5.642144009470939636e-02
5.116853117942810059e-02
3.879680633544921875e-01
1.904290765523910522e-01
2.977369353175163269e-02
8.666213601827621460e-02
1.515168547630310059e-01
3.320813477039337158e-01
7.776151299476623535e-01
4.952877759933471680e-02
6.220180541276931763e-02
6.474604010581970215e-01
4.262737929821014404e-01
4.391419887542724609e-02
9.562178850173950195e-01
7.203539609909057617e-01
4.190442860126495361e-01
4.272625595331192017e-02
2.534745931625366211e-01
5.430557206273078918e-02
7.763581722974777222e-02
3.632506430149078369e-01
3.396686166524887085e-02
4.512407183647155762e-01
7.996271252632141113e-01
8.013782501220703125e-01
7.050043344497680664e-02
5.276141166687011719e-01
2.007311433553695679e-01
2.932822406291961670e-01
4.559174776077270508e-01
1.325850784778594971e-01
4.187415838241577148e-01
3.224065005779266357e-01
9.518495202064514160e-01
7.941081374883651733e-02
1.514692604541778564e-01
8.480220437049865723e-01
4.307332634925842285e-01
7.754671573638916016e-01
6.678524613380432129e-01
4.199481010437011719e-01
1.884198188781738281e-01
8.883647322654724121e-01
9.089900255203247070e-01
2.109659910202026367e-01
9.010567665100097656e-01
7.569873332977294922e-02
8.649497628211975098e-01
5.174464583396911621e-01
4.411105439066886902e-02
3.756282851099967957e-02
4.447235167026519775e-01
2.573198676109313965e-01
5.667594075202941895e-02
6.948717683553695679e-02
9.352195858955383301e-01
6.888152658939361572e-02
4.713371768593788147e-02
8.214060962200164795e-02
7.410794496536254883e-02
2.082858234643936157e-01
4.644648730754852295e-02
2.114617526531219482e-01
4.098975658416748047e-02
6.122935414314270020e-01
1.939339786767959595e-01
6.316412091255187988e-01
8.356332778930664062e-01
8.553285002708435059e-01
1.966045051813125610e-01
6.419394165277481079e-02
6.174635887145996094e-01
7.858938574790954590e-01
5.317756161093711853e-02
1.802174746990203857e-01
1.680004894733428955e-01
3.727760910987854004e-02
8.901750445365905762e-01
9.098894149065017700e-02
1.425380110740661621e-01
9.343875199556350708e-02
4.057883918285369873e-01
2.248934805393218994e-01
7.816866040229797363e-01
2.280929684638977051e-01
2.415392249822616577e-01
5.555045232176780701e-02
3.310705125331878662e-01
2.439218759536743164e-01
1.324087530374526978e-01
1.213982850313186646e-01
2.761706113815307617e-01
5.426417663693428040e-02
1.005962118506431580e-01
3.938160091638565063e-02
2.750562131404876709e-01
1.609301269054412842e-01
8.092575073242187500e-01
8.595035076141357422e-01
7.306969910860061646e-02
