2.842505089938640594e-02
8.625103235244750977e-01
1.506984084844589233e-01
8.127340078353881836e-01
2.939005494117736816e-01
4.126716777682304382e-02
3.171823322772979736e-01
3.722243607044219971e-01
8.444419503211975098e-01
1.760898977518081665e-01
5.652877092361450195e-01
2.003725171089172363e-01
8.395068645477294922e-01
4.264858961105346680e-01
1.347926855087280273e-01
2.912806868553161621e-01
1.863009184598922729e-01
5.990844368934631348e-01
9.050271511077880859e-01
3.548735380172729492e-01
7.793115973472595215e-01
7.526322603225708008e-01
6.188138574361801147e-02
4.033172503113746643e-02
2.975567877292633057e-01
3.666812554001808167e-02
7.717278599739074707e-01
4.651571214199066162e-01
5.912972092628479004e-01
3.498040735721588135e-01
2.542160451412200928e-01
2.488442696630954742e-02
8.135247230529785156e-01
1.167667210102081299e-01
4.099492430686950684e-01
2.566673755645751953e-01
4.995333850383758545e-01
1.658265888690948486e-01
4.111659526824951172e-01
8.818125724792480469e-01
2.891301512718200684e-01
1.560845822095870972e-01
4.972998797893524170e-02
5.598492920398712158e-02
4.876673966646194458e-02
1.493727415800094604e-01
4.007830023765563965e-01
5.352318882942199707e-01
2.594192884862422943e-02
8.106638193130493164e-01
1.499737799167633057e-01
3.195072337985038757e-02
1.939351260662078857e-01
4.753077626228332520e-01
1.891931593418121338e-01
1.865912675857543945e-01
7.999333143234252930e-01
6.555193662643432617e-02
7.431218773126602173e-02
3.264655470848083496e-01
4.210738539695739746e-01
3.404796123504638672e-01
8.869988471269607544e-02
5.220813304185867310e-02
3.559900075197219849e-02
1.902850121259689331e-01
3.905564546585083008e-02
2.063569426536560059e-01
5.024804472923278809e-01
1.377633363008499146e-01
3.253078460693359375e-02
6.101641058921813965e-01
4.457358717918395996e-01
1.296175122261047363e-01
2.495535910129547119e-01
8.292752504348754883e-02
3.963731601834297180e-02
2.588132023811340332e-02
2.155343294143676758e-01
6.026359274983406067e-02
8.532311916351318359e-01
6.811447739601135254e-01
8.062562942504882812e-01
5.264438986778259277e-01
8.876031041145324707e-01
7.099419832229614258e-01
8.925745636224746704e-02
1.715212315320968628e-01
7.867911458015441895e-01
2.810007035732269287e-01
7.190120816230773926e-01
7.175123691558837891e-02
4.032625257968902588e-02
6.400712728500366211e-01
4.143357276916503906e-01
1.736027598381042480e-01
4.055264294147491455e-01
7.979582548141479492e-01
3.657766804099082947e-02
1.351945698261260986e-01
6.207544207572937012e-01
1.750512570142745972e-01
5.766511559486389160e-01
3.480776846408843994e-01
4.073297977447509766e-01
1.767913550138473511e-01
5.155303701758384705e-02
5.699026584625244141e-01
4.747307896614074707e-01
7.140688896179199219e-01
4.067006707191467285e-01
4.174748063087463379e-02
7.406148314476013184e-02
8.772394061088562012e-01
4.266372323036193848e-01
9.791751205921173096e-02
8.443678617477416992e-01
9.454536437988281250e-02
1.877382993698120117e-01
7.627414464950561523e-01
2.610712498426437378e-02
1.308161914348602295e-01
1.821854710578918457e-01
6.310637593269348145e-01
8.590842485427856445e-01
1.344322711229324341e-01
1.076432317495346069e-01
2.047833055257797241e-01
5.114221572875976562e-02
2.232534736394882202e-01
8.930054903030395508e-01
2.589472830295562744e-01
8.781884312629699707e-01
1.834764033555984497e-01
5.013837814331054688e-01
5.164337158203125000e-01
8.445931673049926758e-01
2.832686305046081543e-01
5.094805955886840820e-01
6.531146168708801270e-02
8.417818546295166016e-01
7.539656758308410645e-01
5.377537608146667480e-01
4.822178184986114502e-01
2.886587083339691162e-01
5.111905932426452637e-02
2.484451681375503540e-01
8.534820675849914551e-01
6.962649226188659668e-01
1.885017752647399902e-01
4.156843200325965881e-02
2.124202847480773926e-01
6.100081652402877808e-02
2.675790190696716309e-01
2.609367072582244873e-01
1.310302466154098511e-01
4.301874041557312012e-01
4.720765054225921631e-01
4.155466258525848389e-01
7.994235754013061523e-01
3.525985181331634521e-01
6.333660483360290527e-01
5.164451524615287781e-02
3.208239972591400146e-01
8.408409953117370605e-01
2.051940709352493286e-01
3.711056709289550781e-01
3.062725067138671875e-01
1.260534524917602539e-01
5.249183177947998047e-01
1.003125682473182678e-01
3.435123711824417114e-02
4.361305236816406250e-01
6.201851367950439453e-01
5.767944827675819397e-02
8.278272151947021484e-01
2.380634099245071411e-01
5.426395684480667114e-02
8.527277708053588867e-01
2.464808523654937744e-01
2.658797204494476318e-01
7.453060895204544067e-02
1.173268631100654602e-01
2.106887549161911011e-01
4.943045228719711304e-02
1.426012068986892700e-01
2.954435646533966064e-01
5.892794132232666016e-01
5.106155276298522949e-01
2.592264413833618164e-01
4.964630678296089172e-02
7.973418831825256348e-01
4.562029242515563965e-02
6.961656212806701660e-01
3.325572609901428223e-01
6.415001749992370605e-01
3.189114853739738464e-02
2.545063793659210205e-01
7.131760120391845703e-01
2.765879780054092407e-02
2.715622074902057648e-02
9.633077681064605713e-02
8.620262742042541504e-01
4.912060201168060303e-01
8.122244477272033691e-01
8.693670630455017090e-01
6.912080049514770508e-01
5.252759531140327454e-02
9.046239852905273438e-01
1.399471461772918701e-01
5.116332173347473145e-01
3.200430795550346375e-02
3.213284313678741455e-01
5.233957171440124512e-01
2.880766689777374268e-01
2.779512479901313782e-02
4.938275516033172607e-01
5.614603161811828613e-01
7.461082339286804199e-01
1.015531122684478760e-01
8.805009126663208008e-01
9.076097011566162109e-01
7.894358634948730469e-01
1.273492127656936646e-01
1.813612133264541626e-01
8.643268048763275146e-02
6.867924332618713379e-01
5.339814424514770508e-01
2.137103825807571411e-01
5.643183588981628418e-01
5.980648398399353027e-01
8.541846871376037598e-01
1.416906565427780151e-01
5.887221693992614746e-01
8.278669714927673340e-01
3.195143342018127441e-01
8.046747446060180664e-01
8.890451788902282715e-01
3.296166658401489258e-01
3.386560082435607910e-01
8.422082662582397461e-01
9.104575216770172119e-02
6.569771170616149902e-01
3.550646901130676270e-01
3.184738755226135254e-01
2.799881994724273682e-01
6.788103282451629639e-02
8.960040211677551270e-01
2.460600435733795166e-01
7.435846924781799316e-01
3.595436513423919678e-01
4.248917847871780396e-02
1.145779564976692200e-01
4.884281381964683533e-02
8.459665626287460327e-02
8.877818286418914795e-02
1.798430234193801880e-01
6.811084747314453125e-01
1.810980439186096191e-01
8.048397898674011230e-01
5.186725035309791565e-02
5.787955522537231445e-01
7.081830501556396484e-01
3.608015179634094238e-02
1.894794404506683350e-01
5.496174097061157227e-01
2.050957828760147095e-01
4.265459477901458740e-01
1.247246861457824707e-01
6.558629870414733887e-01
8.199081420898437500e-01
6.924712657928466797e-01
2.222034335136413574e-01
2.115434855222702026e-01
5.978025197982788086e-01
1.456225514411926270e-01
7.031454443931579590e-01
1.778824478387832642e-01
7.829250097274780273e-01
1.242046654224395752e-01
2.875520586967468262e-01
8.906574249267578125e-01
9.293994307518005371e-02
4.707396030426025391e-01
4.750561416149139404e-01
3.678844869136810303e-01
9.558655321598052979e-02
1.571483612060546875e-01
4.844631254673004150e-01
1.522362083196640015e-01
1.795771270990371704e-01
5.940105319023132324e-01
6.925382614135742188e-01
4.153537154197692871e-01
2.515546679496765137e-01
2.785347774624824524e-02
1.381382048130035400e-01
8.152561187744140625e-01
4.300005137920379639e-01
7.139156013727188110e-02
8.122184276580810547e-01
5.061218738555908203e-01
3.904392719268798828e-01
9.514971077442169189e-02
9.183276444673538208e-02
4.382917657494544983e-02
1.683108955621719360e-01
6.322999000549316406e-01
8.060911297798156738e-01
3.964805603027343750e-01
3.479351103305816650e-01
1.710383296012878418e-01
1.317030489444732666e-01
4.867299795150756836e-01
6.479376554489135742e-01
1.884979754686355591e-01
8.621254563331604004e-01
6.731636524200439453e-01
1.860489845275878906e-01
1.363941729068756104e-01
5.396787524223327637e-01
2.937830686569213867e-01
6.004424691200256348e-01
8.878485560417175293e-01
5.607921481132507324e-01
3.832340836524963379e-01
2.219076305627822876e-01
6.643147021532058716e-02
1.298309415578842163e-01
1.237278282642364502e-01
2.555804699659347534e-02
7.457923889160156250e-02
4.456847906112670898e-01
1.529935747385025024e-01
1.172569841146469116e-01
8.423393368721008301e-01
4.132045507431030273e-01
2.886074967682361603e-02
1.625150144100189209e-01
1.862020641565322876e-01
8.469345420598983765e-02
4.108008742332458496e-01
4.991698265075683594e-01
3.448132276535034180e-01
7.964082360267639160e-01
2.884119562804698944e-02
4.097193181514739990e-01
6.242522597312927246e-01
1.433561891317367554e-01
6.804574131965637207e-01
1.330107450485229492e-01
2.938435785472393036e-02
3.437251225113868713e-02
1.796797513961791992e-01
4.691719114780426025e-01
4.033506661653518677e-02
7.801058888435363770e-01
9.931469708681106567e-02
1.069442406296730042e-01
5.097595453262329102e-01
1.689624935388565063e-01
4.751292765140533447e-01
3.425718247890472412e-01
1.603287607431411743e-01
7.068530321121215820e-01
2.538042366504669189e-01
3.518806993961334229e-01
8.999954462051391602e-01
2.028416544198989868e-01
1.863339543342590332e-01
4.724719822406768799e-01
8.953770250082015991e-02
2.989615797996520996e-01
1.346850097179412842e-01
1.236038953065872192e-01
8.207114785909652710e-02
1.777703315019607544e-01
9.400569647550582886e-02
8.276439905166625977e-01
9.283588826656341553e-02
8.122364431619644165e-02
3.202611953020095825e-02
7.703208327293395996e-01
6.074111461639404297e-01
3.478971719741821289e-01
8.824394643306732178e-02
5.017870664596557617e-01
1.787454485893249512e-01
1.908612549304962158e-01
4.346896111965179443e-01
2.974705584347248077e-02
5.622471496462821960e-02
1.080773398280143738e-01
6.742596626281738281e-02
1.775130927562713623e-01
6.335951853543519974e-03
7.344809174537658691e-01
3.076273500919342041e-01
5.719029307365417480e-01
2.241320461034774780e-01
3.766857683658599854e-01
3.152471035718917847e-02
7.947331666946411133e-01
5.952984094619750977e-01
6.118590831756591797e-01
8.177562952041625977e-01
3.526049852371215820e-01
5.821349024772644043e-01
2.883842587471008301e-01
8.921819180250167847e-02
1.024353727698326111e-01
2.921435795724391937e-02
2.049524784088134766e-01
6.315168142318725586e-01
7.792283892631530762e-01
2.916708216071128845e-02
2.546149194240570068e-01
4.543636366724967957e-02
1.557594388723373413e-01
9.627439826726913452e-02
5.267518386244773865e-02
6.830486655235290527e-01
9.322600960731506348e-01
2.591074630618095398e-02
1.097845062613487244e-01
4.383431673049926758e-01
4.995796829462051392e-02
9.873372316360473633e-02
3.193978369235992432e-01
1.096075996756553650e-01
7.974505424499511719e-02
5.205035209655761719e-02
6.270776987075805664e-01
5.988191366195678711e-01
3.035784363746643066e-01
3.102075867354869843e-02
2.800724804401397705e-01
9.288869798183441162e-02
6.556146144866943359e-01
2.207690924406051636e-01
1.756220757961273193e-01
4.386985301971435547e-02
1.561340987682342529e-01
7.176802754402160645e-01
8.141914755105972290e-02
4.311004579067230225e-01
3.679588809609413147e-02
8.821491003036499023e-01
1.542891114950180054e-01
3.385804593563079834e-02
2.614445388317108154e-01
6.674250960350036621e-01
5.295336842536926270e-01
3.623754531145095825e-02
2.878817170858383179e-02
3.864626586437225342e-01
2.130426764488220215e-01
1.315838992595672607e-01
5.055012553930282593e-02
3.556924760341644287e-01
5.147210955619812012e-01
2.395369857549667358e-01
9.555982798337936401e-02
2.182217240333557129e-01
3.736232966184616089e-02
9.545660763978958130e-02
8.483315110206604004e-01
4.279838800430297852e-01
2.282140702009201050e-01
9.144170880317687988e-01
2.213853001594543457e-01
5.739318728446960449e-01
1.733219325542449951e-01
7.773994207382202148e-01
3.762012720108032227e-01
3.569775074720382690e-02
8.521559834480285645e-01
8.357820510864257812e-01
4.983727931976318359e-01
2.351068891584873199e-02
4.044202566146850586e-01
4.298110306262969971e-01
2.037637531757354736e-01
7.830740809440612793e-01
5.416278541088104248e-02
1.114497184753417969e-01
4.176953434944152832e-01
2.405366599559783936e-01
1.162608191370964050e-01
5.739563703536987305e-01
3.171746060252189636e-02
4.823279976844787598e-01
1.679923385381698608e-01
6.107768416404724121e-01
3.771441578865051270e-01
3.353854417800903320e-01
3.833542466163635254e-01
2.718831002712249756e-01
1.037211194634437561e-01
2.851996123790740967e-01
8.705932497978210449e-01
2.578392326831817627e-01
6.532569527626037598e-01
8.821781277656555176e-01
6.056878343224525452e-02
4.001146182417869568e-02
2.283796966075897217e-01
7.498136907815933228e-02
6.701440811157226562e-01
3.528000786900520325e-02
2.053608149290084839e-01
2.822903990745544434e-01
7.810265421867370605e-01
4.721548855304718018e-01
3.333908915519714355e-01
1.863339543342590332e-01
2.989786267280578613e-01
4.427888393402099609e-01
1.223508864641189575e-01
2.442741841077804565e-01
4.471858739852905273e-01
4.263195991516113281e-01
1.099590882658958435e-01
7.210117578506469727e-01
6.721569895744323730e-01
1.906781792640686035e-01
2.798414528369903564e-01
8.702502250671386719e-01
9.108433127403259277e-02
5.549370050430297852e-01
3.174037933349609375e-01
6.145806610584259033e-02
2.597678303718566895e-01
1.457822024822235107e-01
4.166137576103210449e-01
3.850738108158111572e-01
7.123379111289978027e-01
5.946996212005615234e-01
8.620753884315490723e-01
9.075957536697387695e-01
9.122270941734313965e-01
2.913912013173103333e-02
4.596165716648101807e-01
1.833142489194869995e-01
4.598015248775482178e-01
8.846216797828674316e-01
3.646250665187835693e-01
2.893434464931488037e-01
2.269079685211181641e-01
5.676792562007904053e-02
8.474332690238952637e-01
3.032234311103820801e-02
5.971842631697654724e-02
7.733238339424133301e-01
3.067927807569503784e-02
7.644043117761611938e-02
4.989301264286041260e-01
2.175237387418746948e-01
8.845284581184387207e-01
3.051518648862838745e-02
8.881010115146636963e-02
2.440149337053298950e-01
8.539770245552062988e-01
8.506224155426025391e-01
2.497095428407192230e-02
8.049769997596740723e-01
5.186004936695098877e-02
6.760317683219909668e-01
1.715390831232070923e-01
6.882160902023315430e-01
5.570793151855468750e-01
7.244357466697692871e-02
4.905745983123779297e-01
8.494541049003601074e-01
2.909947372972965240e-02
2.817659825086593628e-02
6.098178625106811523e-01
3.349348530173301697e-02
6.894327700138092041e-02
2.923253774642944336e-01
5.463505387306213379e-01
2.790566161274909973e-02
7.770619988441467285e-01
3.060249090194702148e-01
3.777467906475067139e-01
4.197648167610168457e-02
3.848145306110382080e-01
8.466687798500061035e-01
6.216562390327453613e-01
7.454652786254882812e-01
2.909358143806457520e-01
4.961332976818084717e-01
1.983985155820846558e-01
2.808693349361419678e-01
5.142952501773834229e-02
5.167091637849807739e-02
3.700993955135345459e-02
7.990854978561401367e-01
8.400239944458007812e-01
7.206735610961914062e-01
1.004791334271430969e-01
5.570412874221801758e-01
1.597623080015182495e-01
2.075891196727752686e-01
8.338208794593811035e-01
7.713835835456848145e-01
1.350920796394348145e-01
1.095641106367111206e-01
4.452235996723175049e-02
2.807325124740600586e-02
2.680640518665313721e-01
8.107408881187438965e-01
2.394840717315673828e-01
3.677297756075859070e-02
2.583414614200592041e-01
5.735104084014892578e-01
6.046565175056457520e-01
1.233016848564147949e-01
4.914222955703735352e-01
3.338207304477691650e-01
8.570874333381652832e-01
6.624709814786911011e-02
8.204307407140731812e-02
1.940684169530868530e-01
3.518249690532684326e-01
5.111304521560668945e-01
3.526945039629936218e-02
4.877620637416839600e-01
8.693179488182067871e-01
7.412869930267333984e-01
4.241206943988800049e-01
3.000438958406448364e-02
4.179367423057556152e-02
7.163495421409606934e-01
6.321660876274108887e-01
3.048493862152099609e-01
3.961044549942016602e-01
5.494024753570556641e-01
1.125046312808990479e-01
3.906335309147834778e-02
2.894294634461402893e-02
4.545421302318572998e-01
3.904084563255310059e-01
2.719501778483390808e-02
3.099341690540313721e-01
6.453864574432373047e-01
3.378318846225738525e-01
6.722384095191955566e-01
4.267883300781250000e-01
3.133622705936431885e-01
1.451660990715026855e-01
1.193728372454643250e-01
6.740787029266357422e-01
8.996900320053100586e-01
3.132962435483932495e-02
8.977335095405578613e-01
9.039689898490905762e-01
7.361211776733398438e-01
4.433230161666870117e-01
6.619738340377807617e-01
6.262180954217910767e-02
4.318476617336273193e-01
6.924282312393188477e-01
7.637589573860168457e-01
7.477909326553344727e-01
6.734282523393630981e-02
9.864339232444763184e-02
1.750665456056594849e-01
7.938892245292663574e-01
2.613729238510131836e-01
1.297518014907836914e-01
4.980974197387695312e-01
6.111239194869995117e-01
4.329774379730224609e-01
2.317393422126770020e-01
3.523157238960266113e-01
3.057850599288940430e-01
5.110362768173217773e-01
6.856681108474731445e-01
6.233059167861938477e-01
2.815761230885982513e-02
7.333216667175292969e-01
3.218176215887069702e-02
5.122262239456176758e-01
7.049799561500549316e-01
2.875334396958351135e-02
5.184252187609672546e-02
1.072721332311630249e-01
4.777039885520935059e-01
9.054031372070312500e-01
5.664412379264831543e-01
7.355161905288696289e-01
4.128671810030937195e-02
3.135911747813224792e-02
4.486910998821258545e-02
8.797603249549865723e-01
3.266814053058624268e-01
9.348950982093811035e-01
7.181865572929382324e-01
3.771473169326782227e-01
1.298958510160446167e-01
4.646949097514152527e-02
6.670013666152954102e-01
8.842012882232666016e-01
3.264396265149116516e-02
4.540500417351722717e-02
8.635752201080322266e-01
1.710676103830337524e-01
2.889171056449413300e-02
2.518202066421508789e-01
7.074781507253646851e-02
1.787429451942443848e-01
3.103519380092620850e-01
4.819357395172119141e-01
2.873943187296390533e-02
2.076451778411865234e-01
8.188428729772567749e-02
8.383639901876449585e-02
6.688308715820312500e-01
4.945300221443176270e-01
2.108443975448608398e-01
8.292014896869659424e-02
8.808001875877380371e-02
2.356844693422317505e-01
1.982024163007736206e-01
1.266288906335830688e-01
1.574402451515197754e-01
6.704696267843246460e-02
3.277113139629364014e-01
8.864081501960754395e-01
6.174957007169723511e-02
5.520019531250000000e-01
3.783610835671424866e-02
6.013004779815673828e-01
4.497922658920288086e-01
3.271163254976272583e-02
3.986807465553283691e-01
8.723303675651550293e-01
5.460865795612335205e-02
1.570705324411392212e-01
3.626692295074462891e-02
1.343435496091842651e-01
1.133859232068061829e-01
2.717202305793762207e-01
4.800908863544464111e-01
2.834903597831726074e-01
8.113055229187011719e-01
5.023269057273864746e-01
5.120993852615356445e-01
4.541295170783996582e-01
1.237740218639373779e-01
4.938339889049530029e-01
5.053357034921646118e-02
2.683169022202491760e-02
8.530569672584533691e-01
6.461928486824035645e-01
8.080803751945495605e-01
7.061739563941955566e-01
8.361840248107910156e-02
5.719623565673828125e-01
2.527866065502166748e-01
3.150124549865722656e-01
4.899369180202484131e-01
6.951243430376052856e-02
3.617248311638832092e-02
5.238950252532958984e-01
6.665277481079101562e-02
8.025775551795959473e-01
7.824919819831848145e-01
6.284055709838867188e-01
4.882199317216873169e-02
7.626731395721435547e-01
6.101555824279785156e-01
1.904142796993255615e-01
8.505846858024597168e-01
2.958607673645019531e-01
6.190853714942932129e-01
4.012710228562355042e-02
8.261754512786865234e-01
2.492722719907760620e-01
6.036059185862541199e-02
7.860469818115234375e-01
3.648763000965118408e-01
7.693895697593688965e-01
6.788744032382965088e-02
4.086029827594757080e-01
5.285984873771667480e-01
3.987680673599243164e-01
4.002021253108978271e-01
8.773106336593627930e-01
2.056452929973602295e-01
3.053416013717651367e-01
2.483943104743957520e-02
8.468341827392578125e-01
8.033428341150283813e-02
2.839421853423118591e-02
8.528454303741455078e-01
7.739132046699523926e-01
5.461003184318542480e-01
6.594289094209671021e-02
5.985131263732910156e-01
2.524906992912292480e-01
8.427289128303527832e-01
1.653893738985061646e-01
8.586704134941101074e-01
2.697030827403068542e-02
5.620581507682800293e-01
3.703159466385841370e-02
2.064418196678161621e-01
7.720730453729629517e-02
4.082442522048950195e-01
5.354208350181579590e-01
2.548518180847167969e-01
3.421127796173095703e-01
3.427781462669372559e-01
7.653436660766601562e-01
7.442853450775146484e-01
5.529539585113525391e-01
6.491180062294006348e-01
3.838730230927467346e-02
4.440816342830657959e-01
7.824609875679016113e-01
8.082553744316101074e-01
3.080039918422698975e-01
3.588398694992065430e-01
1.004838272929191589e-01
2.915901243686676025e-01
3.140364959836006165e-02
3.429392576217651367e-01
9.024257063865661621e-01
2.446491420269012451e-01
6.743217110633850098e-01
1.475750505924224854e-01
6.595668196678161621e-01
1.026139333844184875e-01
1.487334817647933960e-01
4.702317714691162109e-02
3.572064265608787537e-02
3.490643501281738281e-01
8.489766716957092285e-01
7.360786199569702148e-01
2.754719257354736328e-01
6.380573660135269165e-02
7.944076657295227051e-01
8.780797123908996582e-01
7.187725901603698730e-01
8.075210452079772949e-02
2.299837619066238403e-01
8.353788852691650391e-01
7.741374969482421875e-01
8.334305882453918457e-01
1.286118775606155396e-01
8.844792246818542480e-01
8.728156089782714844e-01
3.453674018383026123e-01
8.680456280708312988e-01
4.057525694370269775e-01
2.847488783299922943e-02
6.308357715606689453e-01
2.501120567321777344e-01
6.815944910049438477e-01
2.168291062116622925e-01
7.313172817230224609e-01
4.657493531703948975e-01
7.019487023353576660e-02
7.624765634536743164e-01
5.509482622146606445e-01
8.009096384048461914e-01
3.327880427241325378e-02
5.678756833076477051e-01
7.961905598640441895e-01
2.944682836532592773e-01
3.644110262393951416e-01
4.637191891670227051e-01
6.863070726394653320e-01
6.883777976036071777e-01
7.731216549873352051e-01
9.798271954059600830e-02
1.008894145488739014e-01
1.863339543342590332e-01
2.837059274315834045e-02
1.878302842378616333e-01
1.726248711347579956e-01
8.054724335670471191e-01
2.074794024229049683e-01
3.020394966006278992e-02
3.863377273082733154e-01
5.720520019531250000e-01
5.537701025605201721e-02
5.364257097244262695e-01
1.744149029254913330e-01
7.526831030845642090e-01
7.540596723556518555e-01
3.294522315263748169e-02
7.678764313459396362e-02
2.855057083070278168e-02
3.771976232528686523e-01
3.340381681919097900e-01
1.057934612035751343e-01
6.866791099309921265e-02
8.305504173040390015e-02
4.528973400592803955e-01
3.144847452640533447e-01
6.801299750804901123e-02
1.884019970893859863e-01
3.540856540203094482e-01
5.683115720748901367e-01
4.848613739013671875e-01
4.586079716682434082e-02
7.946325093507766724e-02
5.310217142105102539e-01
5.014474987983703613e-01
3.455198556184768677e-02
9.093860387802124023e-01
7.346407175064086914e-01
3.278450667858123779e-01
4.440067112445831299e-01
4.602423012256622314e-01
5.987722054123878479e-02
9.335470944643020630e-02
3.667360246181488037e-01
8.611205220222473145e-02
6.265083551406860352e-01
5.694103837013244629e-01
7.225376367568969727e-01
1.198801845312118530e-01
4.979880154132843018e-01
2.347866594791412354e-01
5.392305254936218262e-01
5.514932274818420410e-01
1.917048394680023193e-01
5.050954222679138184e-01
3.642776906490325928e-01
8.991891145706176758e-01
1.181595027446746826e-01
2.090090364217758179e-01
8.547533750534057617e-01
6.485660672187805176e-01
7.298088669776916504e-01
6.760268807411193848e-01
5.551958680152893066e-01
5.496549010276794434e-01
8.336752653121948242e-01
8.573716878890991211e-01
3.221811056137084961e-01
8.465418219566345215e-01
3.817650675773620605e-02
8.371203541755676270e-01
6.569222211837768555e-01
3.355657309293746948e-02
2.618909440934658051e-02
5.292635560035705566e-01
4.096426367759704590e-01
4.497671127319335938e-02
1.657077521085739136e-01
8.802356719970703125e-01
9.481094777584075928e-02
3.057147003710269928e-02
7.312224060297012329e-02
1.928939521312713623e-01
3.396683931350708008e-01
3.468698263168334961e-02
3.545219302177429199e-01
2.600681409239768982e-02
5.398136377334594727e-01
2.957395315170288086e-01
6.037744879722595215e-01
8.298383951187133789e-01
8.373777270317077637e-01
2.444554418325424194e-01
4.284157976508140564e-02
3.556519150733947754e-01
6.917147636413574219e-01
3.826184570789337158e-02
3.829531967639923096e-01
5.340051651000976562e-01
2.667404897511005402e-02
8.850256800651550293e-01
5.150616168975830078e-01
1.094654724001884460e-01
6.386221945285797119e-02
4.280565381050109863e-01
3.453449308872222900e-01
6.847541332244873047e-01
2.383003830909729004e-01
3.961978256702423096e-01
1.116366684436798096e-01
4.370703399181365967e-01
2.760609686374664307e-01
1.401716023683547974e-01
1.114916205406188965e-01
3.261390924453735352e-01
4.425097256898880005e-02
1.493912488222122192e-01
6.386475265026092529e-02
4.994034767150878906e-01
3.046861104667186737e-02
8.629578351974487305e-01
7.956022620201110840e-01
1.137102395296096802e-01
