3.255730867385864258e-02
8.912548422813415527e-01
6.911773234605789185e-02
8.271561861038208008e-01
1.685094684362411499e-01
5.557376891374588013e-02
2.736255526542663574e-01
1.945587992668151855e-01
8.660674691200256348e-01
8.598225563764572144e-02
4.830718338489532471e-01
5.803756043314933777e-02
8.971019387245178223e-01
3.698182106018066406e-01
1.076302975416183472e-01
1.750726997852325439e-01
9.541253745555877686e-02
7.157584428787231445e-01
9.093983769416809082e-01
2.915771305561065674e-01
6.166378259658813477e-01
5.562354326248168945e-01
4.521644487977027893e-02
5.807112529873847961e-02
2.530106604099273682e-01
3.393317759037017822e-02
6.823644042015075684e-01
2.493682950735092163e-01
3.815561234951019287e-01
3.498075008392333984e-01
1.064901128411293030e-01
2.371002174913883209e-02
8.617454767227172852e-01
4.637230187654495239e-02
4.216446280479431152e-01
1.324386000633239746e-01
3.218528032302856445e-01
6.927040964365005493e-02
3.119294941425323486e-01
8.998122811317443848e-01
9.229438751935958862e-02
1.371505260467529297e-01
6.255357712507247925e-02
5.017942190170288086e-02
3.311751782894134521e-02
9.025703370571136475e-02
1.448421329259872437e-01
7.139805555343627930e-01
2.827465161681175232e-02
6.947340369224548340e-01
5.645712837576866150e-02
3.593438491225242615e-02
1.683393269777297974e-01
4.382786154747009277e-01
1.139351055026054382e-01
4.429108649492263794e-02
8.523926138877868652e-01
7.511499524116516113e-02
1.126306727528572083e-01
1.695060580968856812e-01
1.802006214857101440e-01
1.349224448204040527e-01
6.120752543210983276e-02
7.412230223417282104e-02
4.527768865227699280e-02
1.187271773815155029e-01
5.847032740712165833e-02
9.780172258615493774e-02
6.296904683113098145e-01
1.371000111103057861e-01
4.588145017623901367e-02
6.876117587089538574e-01
3.515990078449249268e-01
4.313547536730766296e-02
1.479033976793289185e-01
4.789548367261886597e-02
3.071583621203899384e-02
2.387070283293724060e-02
1.397120505571365356e-01
5.643037334084510803e-02
9.027938842773437500e-01
7.534080743789672852e-01
8.066182732582092285e-01
5.956533551216125488e-01
8.948050141334533691e-01
5.359593033790588379e-01
6.936272233724594116e-02
6.579070538282394409e-02
8.229763507843017578e-01
3.400214910507202148e-01
5.663412213325500488e-01
4.449273273348808289e-02
6.778667122125625610e-02
5.227764248847961426e-01
2.461656928062438965e-01
3.250512182712554932e-01
2.072228938341140747e-01
9.058892726898193359e-01
6.432434171438217163e-02
5.242903158068656921e-02
6.308274269104003906e-01
1.545208543539047241e-01
5.058777332305908203e-01
8.514703810214996338e-02
3.107059299945831299e-01
5.848502367734909058e-02
8.225606381893157959e-02
4.761347174644470215e-01
2.524922192096710205e-01
3.488226234912872314e-01
1.991210281848907471e-01
3.686989098787307739e-02
6.075414642691612244e-02
8.859294056892395020e-01
1.363512277603149414e-01
5.919980257749557495e-02
8.670557141304016113e-01
4.496237635612487793e-02
1.327100247144699097e-01
7.123253941535949707e-01
2.509418502449989319e-02
7.614116370677947998e-02
9.398127347230911255e-02
5.333349108695983887e-01
7.659099698066711426e-01
8.696773648262023926e-02
5.526420101523399353e-02
2.168602645397186279e-01
3.443191945552825928e-02
4.365421831607818604e-02
9.023655056953430176e-01
5.332390964031219482e-02
8.596211671829223633e-01
1.654673963785171509e-01
3.673868775367736816e-01
4.368480443954467773e-01
8.042805790901184082e-01
2.287175506353378296e-01
3.888530433177947998e-01
6.132677569985389709e-02
8.293048739433288574e-01
6.952317357063293457e-01
4.385871291160583496e-01
2.515960931777954102e-01
1.414457708597183228e-01
4.973711818456649780e-02
4.466256201267242432e-01
8.524389863014221191e-01
2.697975933551788330e-01
9.429200738668441772e-02
5.383635684847831726e-02
8.133950829505920410e-02
2.816078998148441315e-02
7.254058122634887695e-02
6.481695175170898438e-02
5.352937057614326477e-02
2.655627131462097168e-01
1.590719074010848999e-01
2.790473699569702148e-01
7.852326035499572754e-01
3.091125190258026123e-01
6.851036548614501953e-01
6.694934517145156860e-02
1.450735032558441162e-01
8.573146462440490723e-01
1.492104083299636841e-01
4.271408915519714355e-01
1.613143831491470337e-01
7.924672216176986694e-02
9.701827168464660645e-02
5.959141254425048828e-02
6.412243843078613281e-02
3.107803463935852051e-01
5.081517100334167480e-01
5.457063019275665283e-02
8.965768814086914062e-01
2.198211699724197388e-01
3.300846740603446960e-02
8.830383419990539551e-01
1.647468358278274536e-01
1.266096085309982300e-01
4.070421680808067322e-02
9.687954187393188477e-02
8.184146136045455933e-02
3.996955975890159607e-02
9.264199435710906982e-02
2.155255079269409180e-01
5.708602666854858398e-01
3.297357857227325439e-01
2.890644371509552002e-01
5.722424387931823730e-02
7.615203261375427246e-01
4.744086787104606628e-02
7.488048076629638672e-01
2.038176953792572021e-01
4.661881923675537109e-01
2.909503877162933350e-02
1.025326699018478394e-01
3.005866408348083496e-01
2.559563145041465759e-02
3.499615192413330078e-02
7.539680600166320801e-02
8.873496651649475098e-01
2.331513464450836182e-01
6.749435663223266602e-01
8.826735615730285645e-01
4.998180270195007324e-01
6.669092178344726562e-02
9.089102149009704590e-01
1.370587050914764404e-01
4.374335408210754395e-01
3.488376736640930176e-02
1.763897091150283813e-01
4.470995962619781494e-01
1.999578922986984253e-01
3.429572284221649170e-02
3.448985517024993896e-01
3.372916579246520996e-01
5.871608257293701172e-01
3.707287833094596863e-02
8.482329249382019043e-01
9.092788100242614746e-01
7.747990489006042480e-01
8.895066380500793457e-02
9.733962267637252808e-02
6.632996350526809692e-02
4.921499788761138916e-01
5.310456752777099609e-01
8.836775273084640503e-02
5.130179524421691895e-01
7.529423832893371582e-01
8.939452767372131348e-01
1.070014387369155884e-01
7.212285399436950684e-01
8.940430283546447754e-01
2.571513652801513672e-01
5.900402665138244629e-01
9.036049842834472656e-01
1.876181513071060181e-01
2.497762590646743774e-01
8.810076117515563965e-01
7.389511168003082275e-02
6.187418103218078613e-01
2.335064709186553955e-01
1.994762867689132690e-01
9.081996977329254150e-02
6.065894663333892822e-02
9.081719517707824707e-01
6.217855215072631836e-02
7.449678778648376465e-01
3.676292300224304199e-01
6.425675749778747559e-02
1.553926914930343628e-01
4.664491862058639526e-02
8.496606349945068359e-02
4.826447367668151855e-02
8.950301259756088257e-02
7.506857514381408691e-01
1.380642801523208618e-01
6.996824145317077637e-01
8.521568775177001953e-02
5.637235641479492188e-01
3.506629467010498047e-01
5.026138946413993835e-02
2.400419265031814575e-01
3.134566247463226318e-01
1.076246425509452820e-01
1.848259419202804565e-01
9.325658529996871948e-02
7.224613428115844727e-01
8.720035552978515625e-01
8.762734532356262207e-01
1.992039233446121216e-01
2.310421019792556763e-01
7.186054587364196777e-01
7.584601640701293945e-02
7.415174841880798340e-01
9.654087573289871216e-02
8.424606323242187500e-01
8.065665513277053833e-02
1.114615052938461304e-01
8.596310615539550781e-01
1.025859564542770386e-01
4.825468659400939941e-01
3.373601734638214111e-01
2.391348332166671753e-01
6.119282543659210205e-02
4.388446360826492310e-02
1.635566204786300659e-01
9.661561250686645508e-02
8.939987421035766602e-02
6.457126736640930176e-01
6.643478274345397949e-01
3.616017103195190430e-01
1.162997260689735413e-01
2.927703596651554108e-02
6.182872503995895386e-02
8.357725143432617188e-01
2.911844551563262939e-01
4.853198677301406860e-02
8.930215835571289062e-01
4.354997277259826660e-01
3.579360246658325195e-01
8.757650852203369141e-02
4.422785341739654541e-02
4.744204506278038025e-02
8.961998671293258667e-02
6.360146403312683105e-01
8.947895169258117676e-01
5.351936221122741699e-01
3.007296323776245117e-01
8.418034762144088745e-02
6.640513986349105835e-02
1.827487498521804810e-01
4.460289776325225830e-01
3.426104187965393066e-01
9.069389700889587402e-01
7.837474942207336426e-01
3.112148046493530273e-01
1.305282860994338989e-01
5.370769500732421875e-01
2.060576081275939941e-01
4.971505403518676758e-01
9.016851782798767090e-01
3.732776641845703125e-01
3.117971122264862061e-01
1.361626684665679932e-01
6.601604819297790527e-02
6.256375461816787720e-02
6.138497963547706604e-02
3.370732814073562622e-02
8.986701816320419312e-02
2.514271736145019531e-01
9.758810698986053467e-02
1.112452372908592224e-01
7.519004940986633301e-01
2.220618426799774170e-01
2.955356985330581665e-02
1.014536097645759583e-01
1.728825122117996216e-01
4.631401970982551575e-02
4.606434702873229980e-01
6.181113719940185547e-01
1.000336483120918274e-01
7.536350488662719727e-01
3.854790702462196350e-02
1.395695060491561890e-01
4.890018701553344727e-01
1.310877352952957153e-01
7.083702683448791504e-01
6.702623516321182251e-02
4.627582803368568420e-02
4.729494452476501465e-02
8.375282585620880127e-02
3.502337038516998291e-01
7.652761042118072510e-02
6.056362986564636230e-01
2.219424098730087280e-01
6.518765538930892944e-02
4.005946815013885498e-01
4.057667031884193420e-02
3.164886832237243652e-01
1.235515102744102478e-01
6.982215493917465210e-02
6.993001699447631836e-01
1.674786508083343506e-01
3.680729568004608154e-01
9.098213911056518555e-01
2.637331485748291016e-01
1.693114340305328369e-01
3.338301777839660645e-01
7.766526937484741211e-02
9.124796092510223389e-02
1.558983922004699707e-01
6.281664222478866577e-02
7.142457365989685059e-02
1.130052804946899414e-01
3.777793049812316895e-02
7.730118036270141602e-01
1.243080720305442810e-01
6.991059333086013794e-02
3.771059215068817139e-02
8.748582601547241211e-01
4.011726975440979004e-01
2.114215344190597534e-01
1.063359007239341736e-01
2.544486224651336670e-01
2.792570292949676514e-01
1.024437621235847473e-01
5.189207196235656738e-01
3.110743500292301178e-02
5.622074753046035767e-02
5.924921482801437378e-02
4.205842316150665283e-02
7.815233618021011353e-02
2.867754362523555756e-02
7.133337259292602539e-01
1.260129362344741821e-01
7.386521697044372559e-01
1.853793263435363770e-01
2.451264560222625732e-01
5.238836258649826050e-02
8.893279433250427246e-01
3.898692727088928223e-01
6.991170644760131836e-01
7.659165859222412109e-01
2.504302561283111572e-01
3.163687586784362793e-01
1.666771173477172852e-01
6.152810528874397278e-02
7.037319988012313843e-02
3.618939593434333801e-02
1.605832725763320923e-01
5.857406854629516602e-01
8.324689269065856934e-01
4.301163181662559509e-02
2.835252881050109863e-01
5.304788053035736084e-02
4.989146441221237183e-02
5.486389622092247009e-02
4.803815111517906189e-02
5.748009681701660156e-01
8.974660634994506836e-01
2.600527554750442505e-02
9.286895394325256348e-02
3.015334010124206543e-01
5.391285941004753113e-02
5.514189228415489197e-02
1.526648998260498047e-01
9.391312301158905029e-02
1.891310364007949829e-01
1.501873880624771118e-01
8.150308728218078613e-01
5.358859300613403320e-01
8.865994215011596680e-02
2.876198478043079376e-02
1.907047182321548462e-01
9.636135399341583252e-02
6.036307811737060547e-01
1.615195572376251221e-01
2.074148505926132202e-01
3.761006146669387817e-02
8.155060559511184692e-02
7.591148614883422852e-01
4.993418604135513306e-02
1.253989040851593018e-01
3.200804069638252258e-02
7.124733924865722656e-01
1.318141818046569824e-01
3.658194839954376221e-02
1.571324616670608521e-01
6.831999421119689941e-01
6.533821821212768555e-01
3.780780732631683350e-02
4.103586450219154358e-02
5.177345871925354004e-01
1.590309441089630127e-01
5.838521942496299744e-02
4.299868270754814148e-02
2.431222945451736450e-01
1.966574192047119141e-01
8.448478579521179199e-02
7.493522763252258301e-02
1.970212161540985107e-01
3.497273474931716919e-02
7.212570309638977051e-02
7.344542741775512695e-01
1.188456788659095764e-01
2.155324667692184448e-01
9.029526710510253906e-01
1.517531722784042358e-01
2.702550590038299561e-01
5.291703343391418457e-02
7.392481565475463867e-01
2.680856585502624512e-01
3.490258008241653442e-02
6.506507396697998047e-01
8.655706048011779785e-01
2.239464372396469116e-01
2.286728285253047943e-02
2.411676049232482910e-01
4.339545667171478271e-01
1.461223661899566650e-01
7.230720520019531250e-01
6.330715864896774292e-02
1.597886532545089722e-01
3.706220090389251709e-01
1.028428301215171814e-01
9.853006154298782349e-02
2.249875813722610474e-01
4.252392053604125977e-02
2.695811688899993896e-01
9.021708369255065918e-02
7.695243954658508301e-01
5.981671214103698730e-01
2.189452946186065674e-01
1.790692210197448730e-01
2.170768380165100098e-01
7.582139968872070312e-02
8.710681647062301636e-02
8.808296918869018555e-01
1.051456555724143982e-01
4.538699686527252197e-01
9.067076444625854492e-01
8.201789110898971558e-02
5.116637051105499268e-02
2.112504839897155762e-01
3.255227953195571899e-02
8.576666712760925293e-01
5.301685631275177002e-02
1.580710113048553467e-01
2.275181859731674194e-01
8.023122549057006836e-01
3.440410792827606201e-01
5.311058759689331055e-01
1.693114340305328369e-01
1.202495247125625610e-01
4.339871406555175781e-01
8.836995065212249756e-02
1.654214113950729370e-01
1.349977850914001465e-01
2.892920970916748047e-01
8.684486150741577148e-02
4.351959824562072754e-01
6.004534363746643066e-01
1.344470381736755371e-01
1.440450698137283325e-01
8.544551134109497070e-01
7.449581474065780640e-02
5.921734571456909180e-01
1.375099867582321167e-01
1.007741615176200867e-01
1.249160021543502808e-01
9.382956475019454956e-02
5.388962030410766602e-01
2.885138392448425293e-01
7.296000123023986816e-01
5.246741175651550293e-01
8.730577826499938965e-01
9.080221056938171387e-01
9.077556133270263672e-01
3.146844729781150818e-02
3.034612536430358887e-01
2.151698917150497437e-01
3.176067769527435303e-01
9.048832654953002930e-01
1.797322481870651245e-01
1.460320502519607544e-01
1.696916073560714722e-01
3.304635360836982727e-02
8.840248584747314453e-01
2.714351378381252289e-02
5.230517312884330750e-02
5.112667679786682129e-01
4.411996155977249146e-02
1.114955991506576538e-01
2.408751994371414185e-01
9.140821546316146851e-02
9.051796793937683105e-01
2.365574799478054047e-02
7.552161067724227905e-02
1.075783744454383850e-01
7.904415130615234375e-01
8.919366598129272461e-01
2.528291754424571991e-02
8.666253685951232910e-01
6.880374997854232788e-02
5.468156337738037109e-01
1.640002131462097168e-01
6.833167076110839844e-01
3.976528644561767578e-01
6.253489106893539429e-02
2.757109105587005615e-01
8.195521235466003418e-01
4.885276407003402710e-02
3.321108594536781311e-02
6.330918073654174805e-01
3.037261031568050385e-02
3.798519074916839600e-02
3.703013956546783447e-01
4.112558960914611816e-01
5.196159332990646362e-02
6.193559765815734863e-01
1.451048702001571655e-01
2.186191231012344360e-01
4.130414128303527832e-02
3.223253190517425537e-01
8.930481672286987305e-01
5.726648569107055664e-01
8.922903537750244141e-01
3.481061756610870361e-01
5.364940166473388672e-01
2.325060516595840454e-01
3.638891279697418213e-01
7.456365227699279785e-02
4.580817371606826782e-02
3.518966212868690491e-02
8.474570512771606445e-01
8.368847370147705078e-01
8.031450510025024414e-01
3.862980380654335022e-02
3.516101539134979248e-01
9.455450624227523804e-02
1.326147466897964478e-01
8.900043964385986328e-01
7.785856723785400391e-01
7.975126057863235474e-02
5.812091752886772156e-02
4.177872091531753540e-02
3.428102284669876099e-02
1.600504368543624878e-01
8.770673274993896484e-01
3.508518338203430176e-01
3.192022815346717834e-02
8.352532982826232910e-02
3.985401093959808350e-01
7.743424177169799805e-01
8.640557527542114258e-02
2.852044701576232910e-01
4.271305501461029053e-01
8.788500428199768066e-01
6.383708119392395020e-02
6.691344827413558960e-02
1.958328932523727417e-01
1.571815162897109985e-01
3.875714838504791260e-01
2.455636672675609589e-02
2.822614312171936035e-01
8.721494078636169434e-01
7.151672840118408203e-01
4.915524423122406006e-01
3.867410123348236084e-02
6.139791756868362427e-02
4.819236993789672852e-01
4.830175936222076416e-01
3.210474550724029541e-01
3.844614326953887939e-01
5.346211194992065430e-01
1.285990923643112183e-01
5.203031003475189209e-02
4.147498309612274170e-02
3.430479466915130615e-01
1.233618855476379395e-01
2.498356625437736511e-02
1.096299141645431519e-01
7.316937446594238281e-01
2.790437936782836914e-01
3.750175833702087402e-01
2.597714960575103760e-01
1.872452795505523682e-01
5.087381973862648010e-02
6.715139001607894897e-02
7.646948695182800293e-01
8.922344446182250977e-01
2.754425257444381714e-02
9.079493880271911621e-01
9.099092483520507812e-01
7.630199790000915527e-01
1.380243599414825439e-01
7.901036739349365234e-01
3.817206621170043945e-02
2.752575576305389404e-01
5.479565858840942383e-01
6.413086056709289551e-01
6.508221030235290527e-01
5.457840859889984131e-02
4.982181265950202942e-02
1.360205411911010742e-01
7.612106204032897949e-01
1.888211667537689209e-01
1.447271853685379028e-01
5.097382068634033203e-01
3.527356386184692383e-01
2.346873879432678223e-01
2.778878808021545410e-01
2.379840165376663208e-01
1.364494413137435913e-01
3.093482255935668945e-01
7.814128398895263672e-01
6.575847268104553223e-01
3.453174233436584473e-02
5.259369015693664551e-01
3.179049491882324219e-02
2.506243884563446045e-01
8.526787757873535156e-01
2.896116301417350769e-02
1.660327762365341187e-01
6.807134300470352173e-02
3.187226057052612305e-01
9.076951146125793457e-01
4.378789365291595459e-01
6.867337822914123535e-01
4.693090915679931641e-02
2.892243117094039917e-02
4.503016173839569092e-02
8.991417884826660156e-01
8.551175892353057861e-02
5.306463837623596191e-01
3.886907398700714111e-01
1.430025845766067505e-01
8.388900756835937500e-02
2.845638804137706757e-02
4.760326445102691650e-01
9.012960195541381836e-01
4.954950883984565735e-02
4.010287672281265259e-02
8.853526115417480469e-01
8.270712941884994507e-02
5.667790398001670837e-02
2.165567874908447266e-01
6.895461678504943848e-02
9.321310371160507202e-02
1.520098745822906494e-01
3.099809587001800537e-01
3.432282060384750366e-02
1.085517480969429016e-01
5.586433783173561096e-02
1.268630325794219971e-01
4.960296750068664551e-01
4.928817451000213623e-01
1.386341005563735962e-01
6.763550639152526855e-02
5.619630590081214905e-02
6.214132905006408691e-02
1.034669950604438782e-01
8.906956017017364502e-02
1.723334342241287231e-01
6.761880964040756226e-02
1.329564750194549561e-01
9.099718332290649414e-01
3.959984704852104187e-02
3.606167435646057129e-01
5.923420563340187073e-02
7.175700664520263672e-01
3.420079946517944336e-01
3.620722517371177673e-02
2.922304570674896240e-01
9.024502635002136230e-01
5.905374512076377869e-02
7.161642611026763916e-02
5.693053081631660461e-02
7.416603714227676392e-02
8.386912941932678223e-02
2.329686433076858521e-01
2.682020962238311768e-01
2.403634637594223022e-01
8.822133541107177734e-01
1.403492093086242676e-01
6.064894199371337891e-01
1.591533571481704712e-01
1.646624952554702759e-01
4.708902239799499512e-01
5.835044756531715393e-02
2.891615405678749084e-02
8.935039043426513672e-01
6.498982310295104980e-01
8.196232318878173828e-01
7.574850916862487793e-01
5.890411138534545898e-02
5.909469723701477051e-01
1.512365192174911499e-01
1.922846734523773193e-01
3.098934888839721680e-01
5.966602638363838196e-02
4.188857972621917725e-02
3.355685472488403320e-01
7.104951143264770508e-02
8.062663674354553223e-01
7.624312043190002441e-01
6.425294876098632812e-01
5.974732711911201477e-02
6.195576786994934082e-01
6.655720472335815430e-01
1.509292125701904297e-01
9.022286534309387207e-01
2.970192432403564453e-01
4.525678157806396484e-01
5.428478494286537170e-02
8.580191731452941895e-01
2.027447968721389771e-01
5.577839165925979614e-02
5.976544022560119629e-01
2.161130607128143311e-01
8.273002505302429199e-01
4.985239729285240173e-02
2.235845774412155151e-01
2.068371474742889404e-01
2.270366400480270386e-01
4.013454616069793701e-01
9.020732045173645020e-01
1.070658564567565918e-01
2.057642042636871338e-01
2.529464103281497955e-02
7.204912304878234863e-01
4.676460474729537964e-02
3.445822745561599731e-02
8.788390755653381348e-01
8.663262128829956055e-01
5.124055743217468262e-01
4.061829671263694763e-02
3.688597679138183594e-01
2.290235757827758789e-01
9.032593965530395508e-01
1.145712882280349731e-01
9.051064252853393555e-01
2.631135657429695129e-02
2.292923182249069214e-01
4.395212978124618530e-02
1.611866950988769531e-01
6.906352192163467407e-02
1.700988262891769409e-01
4.093925952911376953e-01
1.268879026174545288e-01
3.343003392219543457e-01
1.256981641054153442e-01
6.195665597915649414e-01
8.963658809661865234e-01
2.109666615724563599e-01
3.771248459815979004e-01
6.223637610673904419e-02
3.233859837055206299e-01
7.827034592628479004e-01
9.590467214584350586e-01
1.199796423316001892e-01
2.497541308403015137e-01
6.264197081327438354e-02
2.224905639886856079e-01
8.741744607686996460e-02
1.677243411540985107e-01
9.082393646240234375e-01
1.472672820091247559e-01
5.858818292617797852e-01
3.614073693752288818e-01
7.170976400375366211e-01
5.767345800995826721e-02
1.101557239890098572e-01
4.177353531122207642e-02
6.406565755605697632e-02
3.806284070014953613e-01
8.533205986022949219e-01
8.001429438591003418e-01
1.690007299184799194e-01
6.398846209049224854e-02
7.179547548294067383e-01
8.841865062713623047e-01
5.501972436904907227e-01
8.552619069814682007e-02
1.060397848486900330e-01
7.977961301803588867e-01
7.039319872856140137e-01
7.823672890663146973e-01
1.250737607479095459e-01
8.993297815322875977e-01
8.399395346641540527e-01
5.161757469177246094e-01
8.558654785156250000e-01
2.819137573242187500e-01
3.156428784132003784e-02
6.171342730522155762e-01
1.951898932456970215e-01
6.651069521903991699e-01
2.015917003154754639e-01
6.947833895683288574e-01
4.671061635017395020e-01
1.029403358697891235e-01
7.485082149505615234e-01
5.131610631942749023e-01
8.536646962165832520e-01
4.701223969459533691e-02
4.964042305946350098e-01
6.073715090751647949e-01
1.595104038715362549e-01
4.575945138931274414e-01
2.424186617136001587e-01
5.363504290580749512e-01
6.497613191604614258e-01
6.969597339630126953e-01
7.554828375577926636e-02
9.661583602428436279e-02
1.693114340305328369e-01
3.292446956038475037e-02
1.315566003322601318e-01
9.676183760166168213e-02
4.969377815723419189e-01
1.683663278818130493e-01
4.495725780725479126e-02
1.285231858491897583e-01
3.522659540176391602e-01
5.019073933362960815e-02
4.175349473953247070e-01
6.200305745005607605e-02
8.115161657333374023e-01
4.506934881210327148e-01
6.581950932741165161e-02
5.653859674930572510e-02
3.626153990626335144e-02
1.955729126930236816e-01
1.448160856962203979e-01
8.823891729116439819e-02
5.492955446243286133e-02
5.030988529324531555e-02
1.927334517240524292e-01
1.151574924588203430e-01
4.906583577394485474e-02
5.129615962505340576e-02
1.486023217439651489e-01
3.799301981925964355e-01
5.185322165489196777e-01
4.547372460365295410e-02
6.227334216237068176e-02
6.044858098030090332e-01
2.066066712141036987e-01
5.051792040467262268e-02
9.084193706512451172e-01
7.176877260208129883e-01
2.043740898370742798e-01
4.426155239343643188e-02
2.512880265712738037e-01
5.749843269586563110e-02
1.009794175624847412e-01
2.092459797859191895e-01
9.134895354509353638e-02
6.230115890502929688e-01
8.432729840278625488e-01
8.342581987380981445e-01
1.291622817516326904e-01
2.257230430841445923e-01
1.437906175851821899e-01
3.148613274097442627e-01
2.588680386543273926e-01
1.882360726594924927e-01
5.199167728424072266e-01
2.772256731986999512e-01
9.095255732536315918e-01
5.070681124925613403e-02
1.056394577026367188e-01
7.200709581375122070e-01
5.440816283226013184e-01
3.293557465076446533e-01
5.878667235374450684e-01
4.677030742168426514e-01
2.664607465267181396e-01
9.121800065040588379e-01
8.436252474784851074e-01
1.029379591345787048e-01
8.225260376930236816e-01
6.506437808275222778e-02
8.456658720970153809e-01
2.443658113479614258e-01
3.530789911746978760e-02
3.047752194106578827e-02
5.062560439109802246e-01
2.962322533130645752e-01
4.810793697834014893e-02
1.390684098005294800e-01
9.090597629547119141e-01
7.152812182903289795e-02
3.270464763045310974e-02
7.787068933248519897e-02
1.138629242777824402e-01
1.673231869935989380e-01
2.947369217872619629e-02
7.822658866643905640e-02
2.941619418561458588e-02
5.591399669647216797e-01
1.748591363430023193e-01
5.018277168273925781e-01
5.271458029747009277e-01
8.405166864395141602e-01
1.124505996704101562e-01
3.944883495569229126e-02
3.087307214736938477e-01
7.248742580413818359e-01
4.122088477015495300e-02
2.707318663597106934e-01
2.257602512836456299e-01
2.361632511019706726e-02
9.075706005096435547e-01
2.141444385051727295e-01
8.833524584770202637e-02
6.310299038887023926e-02
3.723218142986297607e-01
3.121302127838134766e-01
7.888613343238830566e-01
1.040137559175491333e-01
1.217821985483169556e-01
6.892315298318862915e-02
2.366886883974075317e-01
1.677443236112594604e-01
3.283935040235519409e-02
1.771897971630096436e-01
2.441830486059188843e-01
4.539521038532257080e-02
8.929402381181716919e-02
5.842086300253868103e-02
2.407457679510116577e-01
1.275075525045394897e-01
8.702055215835571289e-01
8.905110359191894531e-01
9.069082140922546387e-02
