1.851537823677062988e-02
9.898704886436462402e-01
7.144712656736373901e-02
8.837870359420776367e-01
4.877446219325065613e-02
6.157455593347549438e-02
2.777241468429565430e-01
3.369458317756652832e-01
8.235118389129638672e-01
5.894893035292625427e-02
3.643251657485961914e-01
4.745481163263320923e-02
8.271284699440002441e-01
4.279996454715728760e-01
1.031968444585800171e-01
3.196559548377990723e-01
8.079271763563156128e-02
6.664288640022277832e-01
8.760994076728820801e-01
3.396829962730407715e-01
6.272796988487243652e-01
7.034809589385986328e-01
5.243817716836929321e-02
3.518298640847206116e-02
2.349160313606262207e-01
3.224007040262222290e-02
7.462857961654663086e-01
2.835645675659179688e-01
5.081668496131896973e-01
5.404011607170104980e-01
1.827001720666885376e-01
1.461477018892765045e-02
8.471205830574035645e-01
3.796850144863128662e-02
2.976313233375549316e-01
1.118323355913162231e-01
4.116652011871337891e-01
9.053663909435272217e-02
2.641711235046386719e-01
8.520212173461914062e-01
1.438579112291336060e-01
5.764011293649673462e-02
3.338165953755378723e-02
2.647417224943637848e-02
3.425041958689689636e-02
1.395673155784606934e-01
6.994865536689758301e-01
6.457020640373229980e-01
1.615441776812076569e-02
7.801268696784973145e-01
1.132935658097267151e-01
1.629085093736648560e-02
5.883461982011795044e-02
3.757783472537994385e-01
1.342769116163253784e-01
5.140303820371627808e-02
8.405382037162780762e-01
5.409471690654754639e-02
2.372766472399234772e-02
1.664857715368270874e-01
5.289765000343322754e-01
1.096746176481246948e-01
6.007067114114761353e-02
2.952348627150058746e-02
3.129325062036514282e-02
4.983757063746452332e-02
4.730237647891044617e-02
2.008648216724395752e-01
5.295618176460266113e-01
3.294560015201568604e-01
2.992252074182033539e-02
7.616761326789855957e-01
3.172388374805450439e-01
2.735271304845809937e-02
1.614060401916503906e-01
4.622382298111915588e-02
3.550702333450317383e-02
1.533083803951740265e-02
6.379918754100799561e-02
3.283705562353134155e-02
8.719145655632019043e-01
7.950339913368225098e-01
8.647490739822387695e-01
5.063455700874328613e-01
7.257968783378601074e-01
6.045415997505187988e-01
6.052507460117340088e-02
1.005312576889991760e-01
8.378103375434875488e-01
2.071713656187057495e-01
8.049004673957824707e-01
4.523237794637680054e-02
2.382260002195835114e-02
5.302587747573852539e-01
5.165309906005859375e-01
1.582114249467849731e-01
4.684125781059265137e-01
8.593916893005371094e-01
3.126352652907371521e-02
5.909162759780883789e-02
5.909090638160705566e-01
9.279490262269973755e-02
5.503030419349670410e-01
3.374347686767578125e-01
2.809694409370422363e-01
3.136283159255981445e-02
4.452593252062797546e-02
6.348758339881896973e-01
1.732223778963088989e-01
3.358756303787231445e-01
1.183793246746063232e-01
3.546949103474617004e-02
2.973977290093898773e-02
9.024873375892639160e-01
1.151725947856903076e-01
3.669118508696556091e-02
8.286457657814025879e-01
3.316631168127059937e-02
9.210895746946334839e-02
7.438238859176635742e-01
1.619979366660118103e-02
7.412463426589965820e-02
1.013010740280151367e-01
5.136022567749023438e-01
8.249182105064392090e-01
6.102985888719558716e-02
3.083241358399391174e-02
2.268536537885665894e-01
3.718123212456703186e-02
3.675972297787666321e-02
8.297649025917053223e-01
3.430766463279724121e-01
8.600264191627502441e-01
1.552793234586715698e-01
5.239614248275756836e-01
4.349593520164489746e-01
7.983331084251403809e-01
1.915911436080932617e-01
4.987126588821411133e-01
2.221117354929447174e-02
5.043558478355407715e-01
6.782291531562805176e-01
4.574725329875946045e-01
2.829064726829528809e-01
2.480428814888000488e-01
3.875449672341346741e-02
2.294637709856033325e-01
8.681523203849792480e-01
2.773000001907348633e-01
6.556833535432815552e-02
2.471617236733436584e-02
1.026400551199913025e-01
3.083996288478374481e-02
1.331010311841964722e-01
8.125249296426773071e-02
6.417805701494216919e-02
3.847540616989135742e-01
3.307273387908935547e-01
3.634611368179321289e-01
7.604809403419494629e-01
3.477571010589599609e-01
5.811375379562377930e-01
4.288488253951072693e-02
1.928687691688537598e-01
8.081790804862976074e-01
3.611298799514770508e-01
3.945370018482208252e-01
1.993724107742309570e-01
4.389688000082969666e-02
1.169198229908943176e-01
4.380571097135543823e-02
2.671975828707218170e-02
2.629641294479370117e-01
4.138949811458587646e-01
7.670539617538452148e-02
7.588855028152465820e-01
1.881964355707168579e-01
2.746095508337020874e-02
8.557215332984924316e-01
8.050433546304702759e-02
9.901420027017593384e-02
8.453599363565444946e-02
4.750519245862960815e-02
2.562358677387237549e-01
1.943029649555683136e-02
6.248829141259193420e-02
2.417519241571426392e-01
5.361233353614807129e-01
2.649009823799133301e-01
2.570955455303192139e-01
3.150782734155654907e-02
5.773997902870178223e-01
3.364217281341552734e-02
6.019360423088073730e-01
1.338570415973663330e-01
5.525392889976501465e-01
2.215659618377685547e-02
1.838878840208053589e-01
3.983352780342102051e-01
1.828155852854251862e-02
1.883191242814064026e-02
6.110189482569694519e-02
8.787726163864135742e-01
1.919918805360794067e-01
5.882290005683898926e-01
8.716527223587036133e-01
5.021656155586242676e-01
1.354303807020187378e-01
9.196270704269409180e-01
9.313818812370300293e-02
2.333067059516906738e-01
2.072693966329097748e-02
1.847225725650787354e-01
6.238948106765747070e-01
2.226926088333129883e-01
1.997064426541328430e-02
7.058172821998596191e-01
4.141783714294433594e-01
7.014328837394714355e-01
5.276542901992797852e-02
8.149542808532714844e-01
9.095073342323303223e-01
4.166998863220214844e-01
5.248932167887687683e-02
6.376069039106369019e-02
5.706525966525077820e-02
4.938002824783325195e-01
6.653509736061096191e-01
5.524487420916557312e-02
7.562903165817260742e-01
6.334835290908813477e-01
8.593140244483947754e-01
9.741987287998199463e-02
6.235727071762084961e-01
8.920317888259887695e-01
2.667579352855682373e-01
5.781528949737548828e-01
8.814934492111206055e-01
1.302220970392227173e-01
1.784722805023193359e-01
8.090805411338806152e-01
6.098685413599014282e-02
4.426123201847076416e-01
1.131881698966026306e-01
2.699032723903656006e-01
1.880549192428588867e-01
4.814332723617553711e-02
9.098255634307861328e-01
7.056815177202224731e-02
8.494560718536376953e-01
3.099596500396728516e-01
5.876951292157173157e-02
7.523269951343536377e-02
4.255702346563339233e-02
4.026455804705619812e-02
7.059593498706817627e-02
2.687822878360748291e-01
7.201718091964721680e-01
1.176597028970718384e-01
8.269343376159667969e-01
3.933808207511901855e-02
5.840852856636047363e-01
4.691424071788787842e-01
2.795312367379665375e-02
2.212897539138793945e-01
3.750848472118377686e-01
1.367369741201400757e-01
3.432184755802154541e-01
2.979433536529541016e-02
6.517642140388488770e-01
8.248710036277770996e-01
7.671437263488769531e-01
2.548790276050567627e-01
3.112795650959014893e-01
5.577557682991027832e-01
7.046274840831756592e-02
6.329458951950073242e-01
6.433247774839401245e-02
8.571949005126953125e-01
9.741459786891937256e-02
2.216967046260833740e-01
7.585984468460083008e-01
1.270137727260589600e-01
4.593910872936248779e-01
3.202805817127227783e-01
3.504320681095123291e-01
3.536657243967056274e-02
1.056201457977294922e-01
3.768457174301147461e-01
9.605413675308227539e-02
6.820260733366012573e-02
5.215258598327636719e-01
8.394471406936645508e-01
3.980512917041778564e-01
2.180017977952957153e-01
2.427818067371845245e-02
7.455595582723617554e-02
6.712372899055480957e-01
4.562806189060211182e-01
3.017237596213817596e-02
8.582715392112731934e-01
4.519134461879730225e-01
3.977991640567779541e-01
8.679964393377304077e-02
6.871993839740753174e-02
2.966227196156978607e-02
1.143834069371223450e-01
4.732017219066619873e-01
8.681870102882385254e-01
6.071331501007080078e-01
4.120873808860778809e-01
1.007216572761535645e-01
7.462333142757415771e-02
2.042315006256103516e-01
6.299399137496948242e-01
3.866062462329864502e-01
8.675046563148498535e-01
7.747105956077575684e-01
1.784764081239700317e-01
2.256400585174560547e-01
4.494014382362365723e-01
2.651417851448059082e-01
7.714138031005859375e-01
8.796008229255676270e-01
5.244893431663513184e-01
6.051837205886840820e-01
7.131031900644302368e-02
3.363592550158500671e-02
5.943860858678817749e-02
6.025999039411544800e-02
1.885295659303665161e-02
5.756008625030517578e-02
6.154681444168090820e-01
6.533897668123245239e-02
9.591823071241378784e-02
8.253441452980041504e-01
1.207077354192733765e-01
1.947100274264812469e-02
2.210929542779922485e-01
2.086245566606521606e-01
3.605852648615837097e-02
5.000399351119995117e-01
5.465173721313476562e-01
3.297003805637359619e-01
8.166971206665039062e-01
2.003840357065200806e-02
1.169121563434600830e-01
6.742899417877197266e-01
1.810873597860336304e-01
7.631185650825500488e-01
5.811435356736183167e-02
1.961461640894412994e-02
2.522449940443038940e-02
3.851331770420074463e-02
4.903750121593475342e-01
4.359344393014907837e-02
8.459503650665283203e-01
1.910242885351181030e-01
1.521735340356826782e-01
6.613243222236633301e-01
6.740213185548782349e-02
4.718481004238128662e-01
1.964673548936843872e-01
9.963392466306686401e-02
7.589923143386840820e-01
3.269656896591186523e-01
3.451581001281738281e-01
8.698512315750122070e-01
2.822958528995513916e-01
2.955996096134185791e-01
4.483790993690490723e-01
3.521021082997322083e-02
7.173138111829757690e-02
4.413174837827682495e-02
7.500702142715454102e-02
4.054871574044227600e-02
1.125541180372238159e-01
3.823005035519599915e-02
8.454077839851379395e-01
5.283488333225250244e-02
3.546274453401565552e-02
2.189764752984046936e-02
8.652529120445251465e-01
6.213518381118774414e-01
1.864149719476699829e-01
2.618055641651153564e-01
3.515866994857788086e-01
2.465788125991821289e-01
9.861291944980621338e-02
4.813738763332366943e-01
2.051284164190292358e-02
2.817696146667003632e-02
6.274784356355667114e-02
2.578897774219512939e-02
7.383526116609573364e-02
8.119764737784862518e-03
6.527493000030517578e-01
3.190422952175140381e-01
4.768594503402709961e-01
2.693444117903709412e-02
2.036638110876083374e-01
2.347935363650321960e-02
8.269684910774230957e-01
3.712964951992034912e-01
6.376523971557617188e-01
8.065132498741149902e-01
3.797437846660614014e-01
4.609774053096771240e-01
1.606509089469909668e-01
7.600867748260498047e-02
4.178997501730918884e-02
2.635928615927696228e-02
1.274170130491256714e-01
6.764958500862121582e-01
8.390923142433166504e-01
1.574739441275596619e-02
4.343491792678833008e-01
3.406053036451339722e-02
2.561918646097183228e-02
1.159889698028564453e-01
2.974912151694297791e-02
6.623791456222534180e-01
9.648882150650024414e-01
1.474456489086151123e-02
5.705075711011886597e-02
3.899676501750946045e-01
2.151847444474697113e-02
6.916894763708114624e-02
1.727936267852783203e-01
1.140834614634513855e-01
8.785962313413619995e-02
6.824428588151931763e-02
6.962086558341979980e-01
4.927773475646972656e-01
6.783868372440338135e-02
2.250388637185096741e-02
3.292534053325653076e-01
7.774178683757781982e-02
5.341596007347106934e-01
2.854959964752197266e-01
3.664008975028991699e-01
3.548860177397727966e-02
4.066357761621475220e-02
5.763167142868041992e-01
5.954523012042045593e-02
2.214932590723037720e-01
4.255386814475059509e-02
5.926817655563354492e-01
8.489406108856201172e-02
1.583682186901569366e-02
2.678795456886291504e-01
8.094347119331359863e-01
5.532838702201843262e-01
2.585271000862121582e-02
2.059902809560298920e-02
4.588269293308258057e-01
1.344895660877227783e-01
4.617193341255187988e-02
4.394844174385070801e-02
3.197130858898162842e-01
7.401229441165924072e-02
7.632222026586532593e-02
3.975137695670127869e-02
1.555918157100677490e-01
4.793320223689079285e-02
6.739445775747299194e-02
7.775334715843200684e-01
2.234861552715301514e-01
1.433504074811935425e-01
9.162821769714355469e-01
2.112918645143508911e-01
4.455147683620452881e-01
5.026271194219589233e-02
7.165129184722900391e-01
2.858203947544097900e-01
4.609611257910728455e-02
7.366784214973449707e-01
8.599625825881958008e-01
4.606828987598419189e-01
1.334651093930006027e-02
3.557076454162597656e-01
2.772255837917327881e-01
7.103408873081207275e-02
7.789018750190734863e-01
2.564284950494766235e-02
7.857297360897064209e-02
4.517334997653961182e-01
4.834662377834320068e-02
4.195421338081359863e-01
2.771748900413513184e-01
2.422752790153026581e-02
2.615740597248077393e-01
6.911901384592056274e-02
8.150324225425720215e-01
5.418095588684082031e-01
2.897342443466186523e-01
1.021043732762336731e-01
2.103551477193832397e-01
4.726092144846916199e-02
6.754229217767715454e-02
8.568233251571655273e-01
4.092735797166824341e-02
2.586172223091125488e-01
8.743728399276733398e-01
9.969202429056167603e-02
3.433062881231307983e-02
2.127556949853897095e-01
3.299836069345474243e-02
8.193031549453735352e-01
5.467195808887481689e-02
1.700015366077423096e-01
3.592970967292785645e-01
5.291440486907958984e-01
3.351334631443023682e-01
2.880438566207885742e-01
2.955996096134185791e-01
8.877251297235488892e-02
4.432043135166168213e-01
1.042509526014328003e-01
2.083010077476501465e-01
1.318995803594589233e-01
4.201624095439910889e-01
1.140023544430732727e-01
5.306357145309448242e-01
6.669238209724426270e-01
3.540452718734741211e-01
5.352997779846191406e-01
7.860978841781616211e-01
3.996353223919868469e-02
6.438767313957214355e-01
4.466171935200691223e-02
1.098666042089462280e-01
9.577259421348571777e-02
8.590754866600036621e-02
4.605265855789184570e-01
3.464162647724151611e-01
4.686542749404907227e-01
6.000047922134399414e-01
8.505693078041076660e-01
9.095941185951232910e-01
8.986943364143371582e-01
1.795507408678531647e-02
2.781848013401031494e-01
2.801640927791595459e-01
5.752896070480346680e-01
8.831591606140136719e-01
2.052368521690368652e-01
2.740379273891448975e-01
2.437185198068618774e-01
2.818622440099716187e-02
8.705153465270996094e-01
1.534482371062040329e-02
2.852223068475723267e-02
7.601734399795532227e-01
2.363778650760650635e-02
7.517658174037933350e-02
4.290927946567535400e-01
1.581741869449615479e-01
8.889565467834472656e-01
1.705741696059703827e-02
3.221629932522773743e-02
4.325475171208381653e-02
8.409303426742553711e-01
8.423929810523986816e-01
1.463391352444887161e-02
6.969422698020935059e-01
4.213420301675796509e-02
7.503136992454528809e-01
3.133175671100616455e-01
7.509459853172302246e-01
6.034478545188903809e-01
3.784161061048507690e-02
1.199110150337219238e-01
7.891686558723449707e-01
2.109350450336933136e-02
2.048310078680515289e-02
7.520520091056823730e-01
2.680389024317264557e-02
3.406812623143196106e-02
5.029149651527404785e-01
5.303133726119995117e-01
2.173198387026786804e-02
6.613869071006774902e-01
2.356828302145004272e-01
2.301553189754486084e-01
2.526193857192993164e-02
2.200765311717987061e-01
8.562048673629760742e-01
7.855370044708251953e-01
8.978856205940246582e-01
2.726704180240631104e-01
5.360752940177917480e-01
1.442988514900207520e-01
3.974805772304534912e-01
3.082785010337829590e-02
7.752521336078643799e-02
1.686032861471176147e-02
7.586765289306640625e-01
8.198950886726379395e-01
7.655971646308898926e-01
4.100184887647628784e-02
3.766931593418121338e-01
3.999366238713264465e-02
5.663064122200012207e-02
8.853679299354553223e-01
8.063262104988098145e-01
9.133190661668777466e-02
3.920926153659820557e-02
3.468406572937965393e-02
2.117167040705680847e-02
2.634054124355316162e-01
8.705498576164245605e-01
3.436016440391540527e-01
1.991487480700016022e-02
1.047120094299316406e-01
3.239437639713287354e-01
7.223101258277893066e-01
4.730731993913650513e-02
3.880018591880798340e-01
2.771804332733154297e-01
9.007481336593627930e-01
7.548839598894119263e-02
3.856237232685089111e-02
1.433780193328857422e-01
3.208326995372772217e-01
3.672338426113128662e-01
2.101500518620014191e-02
2.805153131484985352e-01
8.610638380050659180e-01
8.551948666572570801e-01
4.918614327907562256e-01
4.174629971385002136e-02
3.069205395877361298e-02
6.078979969024658203e-01
5.416516065597534180e-01
3.221385478973388672e-01
3.680529296398162842e-01
5.361315608024597168e-01
4.028474912047386169e-02
2.292414940893650055e-02
2.356847375631332397e-02
4.195911586284637451e-01
1.398164480924606323e-01
2.216067165136337280e-02
9.546393156051635742e-02
8.023031949996948242e-01
2.846607863903045654e-01
6.516374349594116211e-01
4.950276017189025879e-01
2.497731149196624756e-01
8.048340678215026855e-02
4.025175794959068298e-02
6.105388402938842773e-01
9.064344167709350586e-01
1.827056705951690674e-02
8.923828005790710449e-01
8.918631672859191895e-01
8.335835337638854980e-01
1.946595460176467896e-01
7.920432686805725098e-01
2.343328669667243958e-02
3.018416166305541992e-01
5.258101820945739746e-01
7.106952667236328125e-01
7.590277194976806641e-01
5.244373530149459839e-02
3.350462391972541809e-02
1.586401164531707764e-01
8.854416012763977051e-01
1.898301392793655396e-01
4.958950728178024292e-02
4.715029597282409668e-01
3.693145513534545898e-01
2.816064059734344482e-01
1.344377994537353516e-01
5.044009089469909668e-01
1.124353483319282532e-01
4.025068283081054688e-01
7.538645863533020020e-01
7.542153596878051758e-01
2.076538279652595520e-02
7.894508242607116699e-01
2.665575221180915833e-02
5.065911412239074707e-01
7.370870113372802734e-01
1.900842227041721344e-02
3.300222158432006836e-01
2.660626731812953949e-02
4.239050447940826416e-01
8.718749284744262695e-01
5.478931069374084473e-01
7.554593086242675781e-01
2.883375622332096100e-02
1.764682680368423462e-02
2.283045090734958649e-02
8.638912439346313477e-01
2.771835923194885254e-01
5.425503253936767578e-01
4.670396745204925537e-01
2.563284039497375488e-01
5.773607268929481506e-02
2.848984487354755402e-02
6.042577624320983887e-01
8.389464020729064941e-01
2.629162929952144623e-02
2.078542113304138184e-02
8.415398597717285156e-01
6.758497655391693115e-02
2.473071031272411346e-02
1.356185823678970337e-01
2.837880887091159821e-02
8.181335777044296265e-02
3.016678988933563232e-01
3.389362990856170654e-01
2.036903984844684601e-02
1.195429489016532898e-01
2.053559944033622742e-02
5.171150341629981995e-02
6.157888174057006836e-01
6.514633297920227051e-01
4.486564695835113525e-01
2.646598778665065765e-02
4.669187590479850769e-02
5.738778039813041687e-02
6.489503383636474609e-02
9.389587491750717163e-02
2.282356768846511841e-01
5.043737962841987610e-02
2.093551456928253174e-01
9.126169681549072266e-01
4.029699414968490601e-02
1.711871176958084106e-01
1.084080934524536133e-01
8.138546943664550781e-01
3.182426691055297852e-01
4.586254060268402100e-02
3.701848387718200684e-01
8.162172436714172363e-01
2.912536077201366425e-02
6.140969693660736084e-02
2.881546318531036377e-02
6.330425292253494263e-02
5.548475682735443115e-02
2.181473523378372192e-01
2.587085962295532227e-01
3.455019593238830566e-01
8.631849288940429688e-01
2.223768532276153564e-01
6.010442972183227539e-01
2.337998598814010620e-01
1.278389841318130493e-01
4.887268841266632080e-01
9.933747351169586182e-02
2.227746322751045227e-02
8.805401325225830078e-01
6.742162704467773438e-01
6.817654371261596680e-01
7.080539464950561523e-01
2.788615785539150238e-02
6.568611264228820801e-01
9.097537398338317871e-02
1.175414100289344788e-01
3.817235827445983887e-01
4.990208894014358521e-02
3.735873848199844360e-02
6.171864271163940430e-01
8.033916354179382324e-02
7.724480628967285156e-01
7.882262468338012695e-01
8.409096002578735352e-01
3.055896423757076263e-02
8.190972805023193359e-01
5.122914910316467285e-01
1.835914552211761475e-01
8.540444374084472656e-01
3.187500536441802979e-01
6.303162574768066406e-01
3.463141620159149170e-02
8.745709061622619629e-01
2.801878452301025391e-01
3.044649958610534668e-02
8.487060666084289551e-01
3.015985190868377686e-01
8.542882204055786133e-01
4.337032884359359741e-02
3.964644670486450195e-01
4.172040224075317383e-01
3.886644244194030762e-01
5.888714194297790527e-01
8.839052319526672363e-01
1.834293454885482788e-01
2.629579007625579834e-01
1.447058189660310745e-02
8.016938567161560059e-01
4.044029116630554199e-02
2.132610976696014404e-02
8.175103664398193359e-01
8.676157593727111816e-01
4.261628389358520508e-01
4.410015791654586792e-02
6.200265288352966309e-01
1.563440114259719849e-01
8.570119738578796387e-01
1.778254359960556030e-01
8.561358451843261719e-01
1.665275171399116516e-02
3.747324645519256592e-01
2.733880467712879181e-02
2.528112530708312988e-01
3.768845275044441223e-02
3.197597861289978027e-01
4.662937223911285400e-01
7.308616489171981812e-02
3.512199223041534424e-01
1.034860759973526001e-01
5.384809374809265137e-01
8.637672066688537598e-01
3.257906138896942139e-01
5.161968469619750977e-01
3.239180520176887512e-02
5.614346265792846680e-01
8.014978766441345215e-01
9.129626750946044922e-01
9.748929738998413086e-02
2.109033912420272827e-01
2.051563933491706848e-02
1.447276026010513306e-01
3.783974424004554749e-02
2.510171830654144287e-01
8.920583128929138184e-01
1.136391311883926392e-01
5.792634487152099609e-01
1.353824734687805176e-01
4.667880535125732422e-01
9.904547035694122314e-02
1.192496195435523987e-01
3.408889845013618469e-02
2.276217192411422729e-02
3.642939627170562744e-01
8.216690421104431152e-01
8.596843481063842773e-01
2.708820700645446777e-01
8.289775252342224121e-02
5.443934202194213867e-01
9.070041179656982422e-01
6.416612267494201660e-01
7.832940667867660522e-02
1.752380430698394775e-01
8.021468520164489746e-01
7.343050241470336914e-01
7.549764513969421387e-01
3.360831737518310547e-02
8.846481442451477051e-01
8.954301476478576660e-01
2.133095115423202515e-01
8.204407691955566406e-01
3.651605844497680664e-01
1.666749268770217896e-02
6.589271426200866699e-01
2.687284350395202637e-01
8.421832919120788574e-01
9.626580774784088135e-02
7.688055634498596191e-01
3.022996485233306885e-01
8.299186825752258301e-02
7.007318139076232910e-01
2.918210923671722412e-01
7.687352895736694336e-01
2.545697428286075592e-02
4.016882777214050293e-01
7.072404026985168457e-01
1.962840259075164795e-01
3.858980834484100342e-01
2.685820162296295166e-01
6.380428075790405273e-01
8.509947657585144043e-01
6.440711617469787598e-01
3.744078427553176880e-02
7.088689506053924561e-02
2.955996096134185791e-01
1.747136376798152924e-02
1.610687971115112305e-01
8.557987958192825317e-02
6.724930405616760254e-01
1.410775780677795410e-01
2.075741440057754517e-02
1.174935102462768555e-01
5.550751090049743652e-01
5.869484320282936096e-02
4.491254091262817383e-01
2.850601635873317719e-02
8.429765701293945312e-01
5.761730074882507324e-01
2.496743202209472656e-02
4.660835489630699158e-02
1.847869902849197388e-02
3.449887335300445557e-01
3.953384459018707275e-01
5.440725013613700867e-02
4.318568855524063110e-02
3.252359479665756226e-02
6.834486722946166992e-01
7.139939069747924805e-02
3.354050591588020325e-02
1.062489002943038940e-01
1.586733311414718628e-01
4.506826698780059814e-01
7.175106406211853027e-01
2.638080716133117676e-02
5.809376761317253113e-02
5.880512595176696777e-01
5.167275667190551758e-01
2.515809983015060425e-02
9.215413928031921387e-01
7.245779037475585938e-01
2.114736437797546387e-01
3.914349526166915894e-02
1.048060432076454163e-01
2.582230977714061737e-02
6.073702871799468994e-02
3.822019398212432861e-01
1.737485080957412720e-02
6.196075081825256348e-01
5.553486943244934082e-01
7.451841235160827637e-01
6.189880892634391785e-02
2.671052515506744385e-01
6.901408731937408447e-02
3.825579583644866943e-01
4.715509116649627686e-01
2.290437370538711548e-01
6.152281761169433594e-01
2.271790206432342529e-01
9.038079977035522461e-01
3.016475960612297058e-02
1.914694905281066895e-01
7.336434125900268555e-01
4.016365408897399902e-01
7.962621450424194336e-01
6.733131408691406250e-01
5.819382071495056152e-01
4.081369340419769287e-01
9.697567224502563477e-01
8.623457551002502441e-01
3.025711774826049805e-01
7.892398834228515625e-01
3.728294372558593750e-02
7.184415459632873535e-01
4.640353322029113770e-01
3.243954852223396301e-02
1.637363061308860779e-02
4.017413258552551270e-01
1.922921836376190186e-01
2.467444539070129395e-02
6.558430194854736328e-02
8.827755451202392578e-01
4.852126538753509521e-02
2.357843331992626190e-02
2.017070204019546509e-01
4.448488727211952209e-02
2.209673374891281128e-01
2.308623120188713074e-02
6.387725472450256348e-02
2.070173248648643494e-02
6.626003384590148926e-01
2.205168157815933228e-01
7.179167866706848145e-01
8.206698298454284668e-01
8.520066738128662109e-01
1.654463559389114380e-01
2.297175675630569458e-02
7.008188962936401367e-01
7.385135889053344727e-01
2.759985439479351044e-02
2.756891250610351562e-01
3.038691580295562744e-01
1.663287729024887085e-02
8.868916630744934082e-01
3.590933680534362793e-01
6.528727710247039795e-02
4.660854861140251160e-02
5.053526163101196289e-01
3.051318228244781494e-01
5.431907773017883301e-01
1.739871799945831299e-01
9.779992699623107910e-02
3.293087705969810486e-02
4.937340021133422852e-01
2.456923425197601318e-01
2.039144039154052734e-01
1.131462752819061279e-01
8.899082243442535400e-02
1.944481581449508667e-02
1.326374560594558716e-01
2.876031398773193359e-02
5.081858038902282715e-01
7.020252943038940430e-02
8.317466974258422852e-01
8.339524269104003906e-01
6.468511372804641724e-02
