3.971257060766220093e-02
8.765047788619995117e-01
1.096267476677894592e-01
8.450037240982055664e-01
1.583709567785263062e-01
1.272817105054855347e-01
2.210228145122528076e-01
1.818079203367233276e-01
8.976665735244750977e-01
6.901537626981735229e-02
3.873552978038787842e-01
1.602689027786254883e-01
9.038978815078735352e-01
4.021143913269042969e-01
2.079817503690719604e-01
2.272299677133560181e-01
3.393512964248657227e-01
4.772311151027679443e-01
9.090685248374938965e-01
2.271830737590789795e-01
5.998582839965820312e-01
8.672124147415161133e-01
6.583333760499954224e-02
3.826475515961647034e-02
1.658968031406402588e-01
4.970893263816833496e-02
8.930861353874206543e-01
2.506906688213348389e-01
7.922651767730712891e-01
5.109826326370239258e-01
2.483443170785903931e-01
3.357146307826042175e-02
8.969430923461914062e-01
6.280829012393951416e-02
2.413843423128128052e-01
1.474671214818954468e-01
3.281211256980895996e-01
1.466054320335388184e-01
3.147715926170349121e-01
9.083169102668762207e-01
1.472786068916320801e-01
7.864122092723846436e-02
4.801781103014945984e-02
1.481342166662216187e-01
7.760891318321228027e-02
1.640419065952301025e-01
2.339209616184234619e-01
5.416389703750610352e-01
3.836122527718544006e-02
8.944163918495178223e-01
1.223649978637695312e-01
4.659827053546905518e-02
2.050240039825439453e-01
5.168713927268981934e-01
8.494131267070770264e-02
1.786914318799972534e-01
8.755252361297607422e-01
5.892366170883178711e-02
9.462986886501312256e-02
1.573813110589981079e-01
3.697306811809539795e-01
2.571394443511962891e-01
1.119450628757476807e-01
5.303755030035972595e-02
6.386890262365341187e-02
7.527031004428863525e-02
7.161740958690643311e-02
2.388631403446197510e-01
6.823177337646484375e-01
4.306097030639648438e-01
1.141965463757514954e-01
8.528041243553161621e-01
4.033408164978027344e-01
6.036802753806114197e-02
1.850422769784927368e-01
9.122432023286819458e-02
5.147942155599594116e-02
4.008133336901664734e-02
1.237027198076248169e-01
6.729540228843688965e-02
9.082149267196655273e-01
6.890053153038024902e-01
8.946648240089416504e-01
6.970145702362060547e-01
9.014288783073425293e-01
5.631569027900695801e-01
8.974738419055938721e-02
1.279924809932708740e-01
6.150420904159545898e-01
2.491187602281570435e-01
6.659243702888488770e-01
7.258385419845581055e-02
4.952986165881156921e-02
4.141976833343505859e-01
3.969642221927642822e-01
2.139507830142974854e-01
5.109370946884155273e-01
8.961362838745117188e-01
7.017783820629119873e-02
6.402955949306488037e-02
2.942297756671905518e-01
1.305799931287765503e-01
4.957242012023925781e-01
1.535879373550415039e-01
3.391631543636322021e-01
1.228758692741394043e-01
9.673138707876205444e-02
5.583320260047912598e-01
3.841927647590637207e-01
2.698693573474884033e-01
1.703572124242782593e-01
4.849154874682426453e-02
4.391641169786453247e-02
9.086030125617980957e-01
1.859074532985687256e-01
9.871373325586318970e-02
6.118486523628234863e-01
6.684033572673797607e-02
1.873952001333236694e-01
7.028288245201110840e-01
5.056526139378547668e-02
9.163541346788406372e-02
7.766398042440414429e-02
4.320204257965087891e-01
9.099092483520507812e-01
1.014579385519027710e-01
6.282507628202438354e-02
2.492095828056335449e-01
5.197484791278839111e-02
8.319668471813201904e-02
9.116333127021789551e-01
1.828382760286331177e-01
9.020532369613647461e-01
1.387977004051208496e-01
4.195454716682434082e-01
5.292395949363708496e-01
9.059494137763977051e-01
2.051268368959426880e-01
4.635827243328094482e-01
7.024636864662170410e-02
8.575195670127868652e-01
8.286216855049133301e-01
5.015363693237304688e-01
4.319829642772674561e-01
2.671229243278503418e-01
6.863585114479064941e-02
4.150279760360717773e-01
8.997228145599365234e-01
3.645454347133636475e-01
1.290248632431030273e-01
4.273517802357673645e-02
1.783756613731384277e-01
7.517191022634506226e-02
1.875009387731552124e-01
1.081730350852012634e-01
1.128973960876464844e-01
2.694004774093627930e-01
3.617549538612365723e-01
4.237642288208007812e-01
8.381094336509704590e-01
2.293133735656738281e-01
8.019782900810241699e-01
7.611636817455291748e-02
1.954272538423538208e-01
7.930309176445007324e-01
1.889645308256149292e-01
3.900794982910156250e-01
3.915505111217498779e-01
8.097430318593978882e-02
2.043053954839706421e-01
1.227078661322593689e-01
5.010829865932464600e-02
3.399432003498077393e-01
6.947619915008544922e-01
1.623071879148483276e-01
8.257402181625366211e-01
2.690100371837615967e-01
1.094560250639915466e-01
8.238867521286010742e-01
1.438626646995544434e-01
1.082084476947784424e-01
1.185226142406463623e-01
9.932666271924972534e-02
7.419146597385406494e-02
4.840477183461189270e-02
1.205462887883186340e-01
1.865570098161697388e-01
7.869880795478820801e-01
2.564673721790313721e-01
4.433706402778625488e-01
5.797698348760604858e-02
7.359844446182250977e-01
5.761002004146575928e-02
5.756869316101074219e-01
2.141595631837844849e-01
5.252678990364074707e-01
7.509119808673858643e-02
1.479667276144027710e-01
3.208551704883575439e-01
3.567508235573768616e-02
4.077801108360290527e-02
8.826211839914321899e-02
8.827520012855529785e-01
1.957199871540069580e-01
8.467373251914978027e-01
9.019544720649719238e-01
4.114750325679779053e-01
1.333329379558563232e-01
9.128586053848266602e-01
1.617537736892700195e-01
2.925981879234313965e-01
4.079912230372428894e-02
1.597710847854614258e-01
6.877427101135253906e-01
2.890199720859527588e-01
4.023128747940063477e-02
8.674401044845581055e-01
5.163744091987609863e-01
3.977637290954589844e-01
7.307442277669906616e-02
9.029738306999206543e-01
9.141097664833068848e-01
2.432439178228378296e-01
1.052583083510398865e-01
1.259467005729675293e-01
1.156286671757698059e-01
5.243486762046813965e-01
4.261029958724975586e-01
1.263596713542938232e-01
5.252576470375061035e-01
5.587384700775146484e-01
9.107992649078369141e-01
1.224629059433937073e-01
6.201964020729064941e-01
9.003618359565734863e-01
2.944448292255401611e-01
5.857845544815063477e-01
9.099995493888854980e-01
2.962065935134887695e-01
2.209234833717346191e-01
9.059257507324218750e-01
1.044466719031333923e-01
7.706310749053955078e-01
1.774303913116455078e-01
2.070710211992263794e-01
2.511730790138244629e-01
9.271061420440673828e-02
9.142456650733947754e-01
1.171496585011482239e-01
8.641608357429504395e-01
3.090673685073852539e-01
5.274603143334388733e-02
1.261119991540908813e-01
9.168696403503417969e-02
1.123903617262840271e-01
9.974893927574157715e-02
1.595259457826614380e-01
8.743262887001037598e-01
1.774452924728393555e-01
7.461041212081909180e-01
7.652266323566436768e-02
4.068921804428100586e-01
5.713449120521545410e-01
5.105264112353324890e-02
3.441997170448303223e-01
3.665473759174346924e-01
2.069512754678726196e-01
1.972731500864028931e-01
1.201289296150207520e-01
6.245535016059875488e-01
8.937331438064575195e-01
6.992555260658264160e-01
3.495655059814453125e-01
2.045089006423950195e-01
4.668960869312286377e-01
1.103334575891494751e-01
7.597459554672241211e-01
1.351445019245147705e-01
5.644956827163696289e-01
1.701679825782775879e-01
1.806312352418899536e-01
8.815909624099731445e-01
8.240330964326858521e-02
3.075654506683349609e-01
3.059636950492858887e-01
3.206462562084197998e-01
6.338186562061309814e-02
1.917892545461654663e-01
3.337575793266296387e-01
1.579316705465316772e-01
1.225505396723747253e-01
6.546526551246643066e-01
3.376806676387786865e-01
2.323984801769256592e-01
1.604938954114913940e-01
5.148902907967567444e-02
5.518368631601333618e-02
8.110042810440063477e-01
2.236634045839309692e-01
1.022261083126068115e-01
9.091566801071166992e-01
3.737165629863739014e-01
2.544298171997070312e-01
1.019516140222549438e-01
1.027363091707229614e-01
5.146108940243721008e-02
1.348638981580734253e-01
9.181330800056457520e-01
9.075989127159118652e-01
5.845057368278503418e-01
2.439396977424621582e-01
1.561781316995620728e-01
1.770611852407455444e-01
2.314839512109756470e-01
3.751623630523681641e-01
2.564472556114196777e-01
8.974835276603698730e-01
5.645224452018737793e-01
2.748958766460418701e-01
2.584996819496154785e-01
5.839440822601318359e-01
2.811636626720428467e-01
5.683144330978393555e-01
9.129106402397155762e-01
7.443206906318664551e-01
4.507326185703277588e-01
9.100285917520523071e-02
6.581934541463851929e-02
6.055933237075805664e-02
1.045180410146713257e-01
3.522340953350067139e-02
8.941297233104705811e-02
3.234198391437530518e-01
8.244525641202926636e-02
7.611406594514846802e-02
8.956634998321533203e-01
2.144795358180999756e-01
5.425288528203964233e-02
1.171908974647521973e-01
3.016358315944671631e-01
1.025737747550010681e-01
5.873165130615234375e-01
7.787593007087707520e-01
2.563857436180114746e-01
8.891072869300842285e-01
5.008078739047050476e-02
1.528355032205581665e-01
5.258840322494506836e-01
1.833596825599670410e-01
6.573325395584106445e-01
1.104863807559013367e-01
3.865129873156547546e-02
3.999733552336692810e-02
9.580270200967788696e-02
3.144828379154205322e-01
7.679153978824615479e-02
6.138859391212463379e-01
1.331835538148880005e-01
9.419216215610504150e-02
9.693422913551330566e-02
9.975181519985198975e-02
4.965444505214691162e-01
2.087345719337463379e-01
9.093279391527175903e-02
5.976909399032592773e-01
1.752751767635345459e-01
5.873345136642456055e-01
9.059661626815795898e-01
1.527014076709747314e-01
2.156236767768859863e-01
3.363716304302215576e-01
8.546618372201919556e-02
1.515392810106277466e-01
1.318326443433761597e-01
8.512143790721893311e-02
5.213848873972892761e-02
8.918301761150360107e-02
8.993344008922576904e-02
8.910309076309204102e-01
1.444208472967147827e-01
6.897692382335662842e-02
4.164340347051620483e-02
8.779396414756774902e-01
5.996232628822326660e-01
2.020827978849411011e-01
1.449486464262008667e-01
3.663413822650909424e-01
1.993024945259094238e-01
2.483737617731094360e-01
2.950381636619567871e-01
3.707153350114822388e-02
9.086657315492630005e-02
9.077841043472290039e-02
4.229283705353736877e-02
1.079024150967597961e-01
1.459261402487754822e-02
5.775219798088073730e-01
2.141353785991668701e-01
4.169068634510040283e-01
1.315306723117828369e-01
3.842118382453918457e-01
5.954288318753242493e-02
7.062631249427795410e-01
5.621640682220458984e-01
7.639157176017761230e-01
8.777989745140075684e-01
2.844489514827728271e-01
5.167365074157714844e-01
2.532764971256256104e-01
8.851485699415206909e-02
1.124066263437271118e-01
4.822035878896713257e-02
2.036961764097213745e-01
5.445383191108703613e-01
5.981938838958740234e-01
4.002977535128593445e-02
4.130769371986389160e-01
5.495382845401763916e-02
1.561307758092880249e-01
6.157746165990829468e-02
5.682380124926567078e-02
4.307468533515930176e-01
9.079772233963012695e-01
3.852058574557304382e-02
6.632956117391586304e-02
4.205240905284881592e-01
4.445478320121765137e-02
5.762900412082672119e-02
1.860647946596145630e-01
1.415137499570846558e-01
2.709390223026275635e-01
7.940766960382461548e-02
7.502335906028747559e-01
6.050376296043395996e-01
1.049880906939506531e-01
5.492934212088584900e-02
4.066828787326812744e-01
1.017692387104034424e-01
5.313024520874023438e-01
1.697682440280914307e-01
2.082712501287460327e-01
6.448638439178466797e-02
6.189936399459838867e-02
6.073893308639526367e-01
1.182743608951568604e-01
2.457864582538604736e-01
5.655733123421669006e-02
8.768878579139709473e-01
1.258357167243957520e-01
3.812612593173980713e-02
1.064402163028717041e-01
8.844426870346069336e-01
5.616312623023986816e-01
5.102759227156639099e-02
4.292353987693786621e-02
3.723645508289337158e-01
1.746203452348709106e-01
2.291295677423477173e-02
1.041795909404754639e-01
2.085974961519241333e-01
2.842130064964294434e-01
1.426268070936203003e-01
6.238023191690444946e-02
1.871738433837890625e-01
7.538069039583206177e-02
1.146359816193580627e-01
7.391759753227233887e-01
2.810650169849395752e-01
2.016829401254653931e-01
9.273295402526855469e-01
2.698554396629333496e-01
5.514510273933410645e-01
8.043485134840011597e-02
7.771188020706176758e-01
3.461405932903289795e-01
1.087716743350028992e-01
8.975102305412292480e-01
8.932180404663085938e-01
3.625223040580749512e-01
3.277843073010444641e-02
2.315726429224014282e-01
4.037146270275115967e-01
1.446138471364974976e-01
6.391248703002929688e-01
7.893767207860946655e-02
1.091891452670097351e-01
2.262409031391143799e-01
8.775929361581802368e-02
1.932449936866760254e-01
3.380264639854431152e-01
5.195133015513420105e-02
6.783733963966369629e-01
9.035754203796386719e-02
7.844034433364868164e-01
5.022712349891662598e-01
1.872045993804931641e-01
2.311250567436218262e-01
2.393636405467987061e-01
1.419048160314559937e-01
6.705099344253540039e-02
9.090843796730041504e-01
8.353943377733230591e-02
5.947824120521545410e-01
9.090306162834167480e-01
6.905801594257354736e-02
5.094987899065017700e-02
3.310594856739044189e-01
6.700463593006134033e-02
5.543562769889831543e-01
8.344829082489013672e-02
8.400446921586990356e-02
2.920869588851928711e-01
7.868866324424743652e-01
3.926696479320526123e-01
4.166952967643737793e-01
2.156236767768859863e-01
1.650947481393814087e-01
3.728768825531005859e-01
1.189448609948158264e-01
1.697133332490921021e-01
2.973116636276245117e-01
5.474805235862731934e-01
1.715236753225326538e-01
4.041460156440734863e-01
5.280784964561462402e-01
1.623034775257110596e-01
1.988423913717269897e-01
8.828359842300415039e-01
7.684578001499176025e-02
5.106595754623413086e-01
1.252436935901641846e-01
1.256035715341567993e-01
1.138876900076866150e-01
1.180932000279426575e-01
7.327843904495239258e-01
2.119757533073425293e-01
2.488158047199249268e-01
6.891451478004455566e-01
9.107218384742736816e-01
9.155662059783935547e-01
9.161248207092285156e-01
4.336540400981903076e-02
2.677797973155975342e-01
1.708058565855026245e-01
3.431816995143890381e-01
9.102093577384948730e-01
1.929742246866226196e-01
1.686480045318603516e-01
1.336053907871246338e-01
6.563503295183181763e-02
9.098306894302368164e-01
3.869495168328285217e-02
4.223997518420219421e-02
5.912933945655822754e-01
5.253675952553749084e-02
1.891157478094100952e-01
3.072395324707031250e-01
2.088307142257690430e-01
9.119433760643005371e-01
6.599530577659606934e-02
5.926148220896720886e-02
7.530490309000015259e-02
7.562748789787292480e-01
9.105631709098815918e-01
3.840988501906394958e-02
8.873630166053771973e-01
6.507053226232528687e-02
5.245125293731689453e-01
2.488116174936294556e-01
7.506546974182128906e-01
3.618390858173370361e-01
6.024986505508422852e-02
2.457270324230194092e-01
6.846304535865783691e-01
6.764407455921173096e-02
4.156279936432838440e-02
7.639719843864440918e-01
6.822117418050765991e-02
5.417218431830406189e-02
5.165781974792480469e-01
5.979748964309692383e-01
4.195489734411239624e-02
6.894724965095520020e-01
1.785373389720916748e-01
2.535096406936645508e-01
3.955688327550888062e-02
3.588632345199584961e-01
8.987060189247131348e-01
8.665404319763183594e-01
7.976224422454833984e-01
2.775312960147857666e-01
5.258448123931884766e-01
1.487190425395965576e-01
2.964623272418975830e-01
6.486023217439651489e-02
8.360623568296432495e-02
5.191104486584663391e-02
4.844430387020111084e-01
8.536417484283447266e-01
7.142072319984436035e-01
9.714502096176147461e-02
2.957854866981506348e-01
6.069456040859222412e-02
1.532194018363952637e-01
9.031925201416015625e-01
3.519713282585144043e-01
1.039582267403602600e-01
7.115180045366287231e-02
6.756346672773361206e-02
3.816234320402145386e-02
1.964284628629684448e-01
9.040747880935668945e-01
1.616496890783309937e-01
5.492979288101196289e-02
1.945765167474746704e-01
3.105354905128479004e-01
6.217070817947387695e-01
1.273292899131774902e-01
3.280074298381805420e-01
3.397147655487060547e-01
8.974561691284179688e-01
2.258948683738708496e-01
4.641563072800636292e-02
1.534344851970672607e-01
3.581265509128570557e-01
2.962319254875183105e-01
5.242821201682090759e-02
3.457689583301544189e-01
9.077485799789428711e-01
6.997228860855102539e-01
4.433689415454864502e-01
6.625574082136154175e-02
4.883125051856040955e-02
5.724119544029235840e-01
3.171544373035430908e-01
3.076203167438507080e-01
2.751071751117706299e-01
3.988548219203948975e-01
9.215845167636871338e-02
4.401140660047531128e-02
4.451022297143936157e-02
2.516505718231201172e-01
2.801144719123840332e-01
4.360555112361907959e-02
1.558794528245925903e-01
6.417520642280578613e-01
2.443846315145492554e-01
4.024207592010498047e-01
2.263287305831909180e-01
2.660633623600006104e-01
6.761814653873443604e-02
5.753505229949951172e-02
6.968064308166503906e-01
9.128786325454711914e-01
5.064515024423599243e-02
9.066891074180603027e-01
9.133644700050354004e-01
5.644670724868774414e-01
2.477197200059890747e-01
8.233813047409057617e-01
5.882200971245765686e-02
3.397716283798217773e-01
6.538727879524230957e-01
4.924642145633697510e-01
8.818919062614440918e-01
6.222477182745933533e-02
8.732499182224273682e-02
2.088175415992736816e-01
4.155919849872589111e-01
1.400680243968963623e-01
2.829297184944152832e-01
5.689893960952758789e-01
4.233943819999694824e-01
2.576141953468322754e-01
1.821709871292114258e-01
3.271299302577972412e-01
1.737256795167922974e-01
3.342084884643554688e-01
8.427206873893737793e-01
4.504919946193695068e-01
3.921217471361160278e-02
3.859538435935974121e-01
6.387547403573989868e-02
3.208666145801544189e-01
8.078805208206176758e-01
7.474792748689651489e-02
6.173856928944587708e-02
6.717877089977264404e-02
2.292819321155548096e-01
9.127489328384399414e-01
5.011943578720092773e-01
6.084475517272949219e-01
5.936309695243835449e-02
4.767469689249992371e-02
5.072632804512977600e-02
9.070786237716674805e-01
1.665486097335815430e-01
7.277757525444030762e-01
6.538125872611999512e-01
2.119073122739791870e-01
1.480749845504760742e-01
6.568601727485656738e-02
3.511269986629486084e-01
9.078251719474792480e-01
3.997304290533065796e-02
7.448609173297882080e-02
8.335360288619995117e-01
1.124583333730697632e-01
4.667616263031959534e-02
2.070476412773132324e-01
5.222957953810691833e-02
1.227865591645240784e-01
1.299873739480972290e-01
2.476550042629241943e-01
3.606722876429557800e-02
1.092335060238838196e-01
5.800512805581092834e-02
5.074447020888328552e-02
7.664761543273925781e-01
4.335690736770629883e-01
1.151203960180282593e-01
5.182592570781707764e-02
1.045313179492950439e-01
9.325721114873886108e-02
1.865375488996505737e-01
1.806842088699340820e-01
1.719341725111007690e-01
5.167896300554275513e-02
3.272298574447631836e-01
9.124503731727600098e-01
3.377109393477439880e-02
1.776027828454971313e-01
6.228257715702056885e-02
6.202570199966430664e-01
2.634803354740142822e-01
5.219598114490509033e-02
2.408552020788192749e-01
9.128116965293884277e-01
6.631317734718322754e-02
1.303866952657699585e-01
7.791867852210998535e-02
8.271246403455734253e-02
7.451040297746658325e-02
2.671487629413604736e-01
3.654042184352874756e-01
2.240727543830871582e-01
9.046971201896667480e-01
1.565040051937103271e-01
6.342748403549194336e-01
3.231001198291778564e-01
1.664339303970336914e-01
5.898725986480712891e-01
1.351440697908401489e-01
4.195060953497886658e-02
9.111610651016235352e-01
7.834585309028625488e-01
8.685932755470275879e-01
5.657310485839843750e-01
5.555909499526023865e-02
6.660079956054687500e-01
1.573201417922973633e-01
1.809023469686508179e-01
5.871428847312927246e-01
1.028810665011405945e-01
6.865707039833068848e-02
5.975891947746276855e-01
1.073930636048316956e-01
8.050710558891296387e-01
6.819038391113281250e-01
6.334820985794067383e-01
5.337512493133544922e-02
5.302249193191528320e-01
6.291043162345886230e-01
2.461233437061309814e-01
9.069968461990356445e-01
2.424380332231521606e-01
3.902138471603393555e-01
9.566134959459304810e-02
9.063895344734191895e-01
2.424774765968322754e-01
5.653700605034828186e-02
8.763936758041381836e-01
3.641026914119720459e-01
7.122064828872680664e-01
8.898801356554031372e-02
3.234052062034606934e-01
1.896907985210418701e-01
3.172542750835418701e-01
2.879569530487060547e-01
9.112031459808349609e-01
1.731103956699371338e-01
2.665117383003234863e-01
3.634632378816604614e-02
8.075589537620544434e-01
7.192690670490264893e-02
4.381816834211349487e-02
8.072556853294372559e-01
8.329183459281921387e-01
1.939309984445571899e-01
9.019839763641357422e-02
4.169562757015228271e-01
2.748381793498992920e-01
8.543559908866882324e-01
1.400257945060729980e-01
8.908759355545043945e-01
3.543628752231597900e-02
5.308080315589904785e-01
1.061888113617897034e-01
1.944365203380584717e-01
4.803912341594696045e-02
2.491842359304428101e-01
6.402785181999206543e-01
1.784388571977615356e-01
1.977566927671432495e-01
1.229473054409027100e-01
3.634057343006134033e-01
7.861108779907226562e-01
3.269862234592437744e-01
2.653377354145050049e-01
9.028943628072738647e-02
4.471647143363952637e-01
8.764510750770568848e-01
8.367919921875000000e-01
2.506279945373535156e-01
2.390144467353820801e-01
9.118192642927169800e-02
4.199223518371582031e-01
1.349613517522811890e-01
1.977749466896057129e-01
9.134969711303710938e-01
1.553554385900497437e-01
7.411457896232604980e-01
1.338548809289932251e-01
5.947383046150207520e-01
1.069890931248664856e-01
1.250946819782257080e-01
4.969145730137825012e-02
4.644610732793807983e-02
1.558008939027786255e-01
7.974195480346679688e-01
8.018268346786499023e-01
1.029526069760322571e-01
8.064693212509155273e-02
8.799380660057067871e-01
9.124002456665039062e-01
6.658608913421630859e-01
6.368935853242874146e-02
1.328632235527038574e-01
8.227475881576538086e-01
7.658361196517944336e-01
8.514851927757263184e-01
6.575222313404083252e-02
9.131866097450256348e-01
8.925629258155822754e-01
4.624916613101959229e-01
9.104814529418945312e-01
5.534235835075378418e-01
5.307317152619361877e-02
5.965717434883117676e-01
2.870376110076904297e-01
6.428810954093933105e-01
1.523701846599578857e-01
5.475791692733764648e-01
4.822398126125335693e-01
1.536670625209808350e-01
4.175435900688171387e-01
5.805380344390869141e-01
8.701946735382080078e-01
3.906332328915596008e-02
3.034386634826660156e-01
8.134229779243469238e-01
1.557268053293228149e-01
4.037612378597259521e-01
2.089930623769760132e-01
2.978974580764770508e-01
5.316266417503356934e-01
4.329710900783538818e-01
9.025977551937103271e-02
8.935075998306274414e-02
2.156236767768859863e-01
3.716429695487022400e-02
2.090045809745788574e-01
9.898051619529724121e-02
6.985534429550170898e-01
2.538437545299530029e-01
4.997542127966880798e-02
1.882514655590057373e-01
7.133893370628356934e-01
1.055128946900367737e-01
4.689192473888397217e-01
5.434588342905044556e-02
5.048314929008483887e-01
4.127658009529113770e-01
4.706880822777748108e-02
1.791036576032638550e-01
3.910001739859580994e-02
2.606388032436370850e-01
2.452096343040466309e-01
1.497104614973068237e-01
5.423992127180099487e-02
5.385081097483634949e-02
1.592555493116378784e-01
1.119277626276016235e-01
5.066703632473945618e-02
1.284531354904174805e-01
2.264810055494308472e-01
3.760380446910858154e-01
5.830177664756774902e-01
5.174689367413520813e-02
6.590276956558227539e-02
7.494853734970092773e-01
3.828073740005493164e-01
5.442983657121658325e-02
9.194177985191345215e-01
5.589641928672790527e-01
3.734277784824371338e-01
5.025304108858108521e-02
2.022803872823715210e-01
6.191832199692726135e-02
1.562130600214004517e-01
1.306924819946289062e-01
1.087293401360511780e-01
7.323536276817321777e-01
7.413302659988403320e-01
8.305358290672302246e-01
1.301141381263732910e-01
2.416318655014038086e-01
1.050028055906295776e-01
2.988435029983520508e-01
5.696803331375122070e-01
1.922359913587570190e-01
6.347579360008239746e-01
2.415919601917266846e-01
9.133695363998413086e-01
9.637932479381561279e-02
2.056599706411361694e-01
9.101079702377319336e-01
3.636984229087829590e-01
7.182296514511108398e-01
7.301486134529113770e-01
3.173604011535644531e-01
1.221489161252975464e-01
9.048745632171630859e-01
8.282985091209411621e-01
1.726756244897842407e-01
9.029121398925781250e-01
1.093845367431640625e-01
8.777641057968139648e-01
3.634672462940216064e-01
5.565974861383438110e-02
3.683414310216903687e-02
4.279334247112274170e-01
2.848339378833770752e-01
3.657150641083717346e-02
1.723826378583908081e-01
9.119108915328979492e-01
1.233408451080322266e-01
4.175511747598648071e-02
1.309999823570251465e-01
1.180993765592575073e-01
3.181428313255310059e-01
8.393935859203338623e-02
1.472618579864501953e-01
5.627971142530441284e-02
5.862143635749816895e-01
2.647962570190429688e-01
5.593887567520141602e-01
6.719819307327270508e-01
9.020289778709411621e-01
2.192504405975341797e-01
1.003634929656982422e-01
3.485719859600067139e-01
8.500210642814636230e-01
5.872400104999542236e-02
2.404719442129135132e-01
3.047316670417785645e-01
3.856740146875381470e-02
9.105087518692016602e-01
2.634712159633636475e-01
9.658069908618927002e-02
5.680421739816665649e-02
4.294177889823913574e-01
2.692943811416625977e-01
6.990777850151062012e-01
2.466448992490768433e-01
1.393400132656097412e-01
7.846158742904663086e-02
3.893318176269531250e-01
1.628714054822921753e-01
1.112495511770248413e-01
1.061839088797569275e-01
2.437641173601150513e-01
6.614034622907638550e-02
2.222298085689544678e-01
5.008351057767868042e-02
3.706216812133789062e-01
1.177328675985336304e-01
9.053390026092529297e-01
7.945766448974609375e-01
1.042283028364181519e-01
