4.514854773879051208e-02
8.831544518470764160e-01
3.216244280338287354e-01
9.296127557754516602e-01
5.619949698448181152e-01
2.790483236312866211e-01
6.538990736007690430e-01
5.532214045524597168e-01
8.772549033164978027e-01
1.364368796348571777e-01
5.824238657951354980e-01
3.988699316978454590e-01
8.995445966720581055e-01
6.318086385726928711e-01
2.341527342796325684e-01
4.558771252632141113e-01
4.064964056015014648e-01
4.224942922592163086e-01
9.409970045089721680e-01
5.171771645545959473e-01
8.167428374290466309e-01
8.049063086509704590e-01
1.425444036722183228e-01
4.557036980986595154e-02
4.345970451831817627e-01
8.364535868167877197e-02
8.791556954383850098e-01
4.976328015327453613e-01
5.664870738983154297e-01
6.315200328826904297e-01
3.782159090042114258e-01
4.679905623197555542e-02
9.002323150634765625e-01
1.589123904705047607e-01
5.824858546257019043e-01
2.551153600215911865e-01
5.432128310203552246e-01
2.916626334190368652e-01
5.814237594604492188e-01
9.380288124084472656e-01
3.457947969436645508e-01
1.834030747413635254e-01
4.577237740159034729e-02
4.394711554050445557e-01
2.038160264492034912e-01
3.678582906723022461e-01
6.444433331489562988e-01
8.641711473464965820e-01
4.359601065516471863e-02
8.636125326156616211e-01
2.219638824462890625e-01
4.710841178894042969e-02
4.077073335647583008e-01
5.688206553459167480e-01
3.595761358737945557e-01
1.091872304677963257e-01
8.785122632980346680e-01
4.805146157741546631e-02
2.680146396160125732e-01
2.504566609859466553e-01
4.648293554782867432e-01
3.887717127799987793e-01
3.193786442279815674e-01
4.928123578429222107e-02
5.573288351297378540e-02
5.811306089162826538e-02
4.820450395345687866e-02
4.256943166255950928e-01
4.300442337989807129e-01
4.154718816280364990e-01
4.058410525321960449e-01
8.717161417007446289e-01
5.027099251747131348e-01
1.150884330272674561e-01
5.347821116447448730e-01
1.992741525173187256e-01
5.376671627163887024e-02
4.789315909147262573e-02
9.246097505092620850e-02
5.917713418602943420e-02
9.124721288681030273e-01
8.670021295547485352e-01
8.854761719703674316e-01
6.107300519943237305e-01
8.483403325080871582e-01
6.371847987174987793e-01
5.123406648635864258e-02
2.128659933805465698e-01
8.037706613540649414e-01
4.832508265972137451e-01
7.882832884788513184e-01
1.386361122131347656e-01
4.657805711030960083e-02
6.964835524559020996e-01
6.458165645599365234e-01
5.210378766059875488e-01
5.587049722671508789e-01
9.106436371803283691e-01
1.080650240182876587e-01
1.791541427373886108e-01
7.704572677612304688e-01
3.715567886829376221e-01
5.647561550140380859e-01
3.737294673919677734e-01
4.816682338714599609e-01
3.369242250919342041e-01
1.685388386249542236e-01
7.384142875671386719e-01
6.109576821327209473e-01
6.086902618408203125e-01
3.694121539592742920e-01
5.264488980174064636e-02
4.855014011263847351e-02
9.398149847984313965e-01
3.800043463706970215e-01
1.366575956344604492e-01
8.840290307998657227e-01
1.672032624483108521e-01
4.556266665458679199e-01
8.389394879341125488e-01
5.273322016000747681e-02
1.422141343355178833e-01
5.835603550076484680e-02
5.959584712982177734e-01
9.125195741653442383e-01
2.994138896465301514e-01
1.720287799835205078e-01
3.073988258838653564e-01
6.200132146477699280e-02
4.565083682537078857e-01
9.320114254951477051e-01
6.648162603378295898e-01
9.039301872253417969e-01
2.576309442520141602e-01
6.262564659118652344e-01
6.186838150024414062e-01
8.686544299125671387e-01
3.139738738536834717e-01
6.358868479728698730e-01
6.067399680614471436e-02
8.746324777603149414e-01
7.836939096450805664e-01
6.864823698997497559e-01
4.140223562717437744e-01
3.853229880332946777e-01
8.449895679950714111e-02
3.972446024417877197e-01
7.929632663726806641e-01
6.119784712791442871e-01
3.250992298126220703e-01
4.542921483516693115e-02
2.633126080036163330e-01
1.581657975912094116e-01
3.326659500598907471e-01
2.557646632194519043e-01
2.998710274696350098e-01
4.893460571765899658e-01
3.058806359767913818e-01
3.617978096008300781e-01
7.990471720695495605e-01
4.514660835266113281e-01
6.660368442535400391e-01
1.181115433573722839e-01
4.331349134445190430e-01
8.891689181327819824e-01
4.543083906173706055e-01
3.299792110919952393e-01
6.361612677574157715e-01
2.638388872146606445e-01
4.334694445133209229e-01
9.867321699857711792e-02
5.009224638342857361e-02
6.456220746040344238e-01
5.441015362739562988e-01
7.709877938032150269e-02
9.303344488143920898e-01
3.874181210994720459e-01
9.956105798482894897e-02
8.944488167762756348e-01
2.322567850351333618e-01
2.316273748874664307e-01
1.465079188346862793e-01
1.995782405138015747e-01
3.003387749195098877e-01
1.068737432360649109e-01
2.360021620988845825e-01
4.171819686889648438e-01
6.768745779991149902e-01
5.597013831138610840e-01
5.095825195312500000e-01
5.130269378423690796e-02
7.032050490379333496e-01
5.997363850474357605e-02
6.702046394348144531e-01
3.834581971168518066e-01
6.400981545448303223e-01
6.509564071893692017e-02
3.153270483016967773e-01
6.159974932670593262e-01
4.534182697534561157e-02
4.567427933216094971e-02
5.998677015304565430e-01
9.194589853286743164e-01
4.019179940223693848e-01
6.824603080749511719e-01
9.228991866111755371e-01
6.358355879783630371e-01
3.572030067443847656e-01
9.475279450416564941e-01
5.824425816535949707e-01
6.423353552818298340e-01
6.787907332181930542e-02
3.333393037319183350e-01
6.402239203453063965e-01
4.424788653850555420e-01
4.967973753809928894e-02
9.059883952140808105e-01
5.668855309486389160e-01
8.302475810050964355e-01
2.040044963359832764e-01
8.935791850090026855e-01
9.317288994789123535e-01
8.738937377929687500e-01
2.874026000499725342e-01
2.801422774791717529e-01
3.620654642581939697e-01
6.405789256095886230e-01
6.153937578201293945e-01
8.668675273656845093e-02
7.565726041793823242e-01
8.437438607215881348e-01
9.063132405281066895e-01
1.351425647735595703e-01
7.727111577987670898e-01
9.040830731391906738e-01
4.498547911643981934e-01
6.849629878997802734e-01
9.158380031585693359e-01
2.978102564811706543e-01
6.217871904373168945e-01
8.268305659294128418e-01
1.318836361169815063e-01
7.320346236228942871e-01
5.269761681556701660e-01
4.360670447349548340e-01
4.671850204467773438e-01
8.399951457977294922e-02
9.408668279647827148e-01
2.762897014617919922e-01
8.545044064521789551e-01
3.395026624202728271e-01
7.237440347671508789e-02
1.138643249869346619e-01
1.876405030488967896e-01
2.029228061437606812e-01
2.349267154932022095e-01
5.395314693450927734e-01
7.557631134986877441e-01
2.749223113059997559e-01
8.213632702827453613e-01
3.626084923744201660e-01
6.556971669197082520e-01
6.468265652656555176e-01
4.527335241436958313e-02
2.424522191286087036e-01
5.274149179458618164e-01
4.209751188755035400e-01
3.959538340568542480e-01
2.861880660057067871e-01
6.841213703155517578e-01
9.122946858406066895e-01
8.307411074638366699e-01
3.708448410034179688e-01
3.666770756244659424e-01
8.268545269966125488e-01
2.666741609573364258e-01
8.095816373825073242e-01
3.705892562866210938e-01
8.619957566261291504e-01
2.348077744245529175e-01
2.781429290771484375e-01
8.808895349502563477e-01
1.729025840759277344e-01
5.575523376464843750e-01
3.162211179733276367e-01
4.752008914947509766e-01
4.931589961051940918e-02
3.922549486160278320e-01
5.989609956741333008e-01
2.376551181077957153e-01
2.744472324848175049e-01
8.415333628654479980e-01
8.998984694480895996e-01
4.054332971572875977e-01
3.723532557487487793e-01
6.207507476210594177e-02
3.232242763042449951e-01
8.799103498458862305e-01
6.520499587059020996e-01
1.800539344549179077e-01
9.034373164176940918e-01
6.287709474563598633e-01
4.795122146606445312e-01
2.198826670646667480e-01
2.193081378936767578e-01
4.775781184434890747e-02
2.916987240314483643e-01
6.508839726448059082e-01
9.045349955558776855e-01
6.531420946121215820e-01
6.525040268898010254e-01
2.843706309795379639e-01
3.410964906215667725e-01
1.474188566207885742e-01
7.310585379600524902e-01
2.744193971157073975e-01
9.073699712753295898e-01
8.326447010040283203e-01
5.156677365303039551e-01
2.904514968395233154e-01
6.227639317512512207e-01
3.898705244064331055e-01
7.677889466285705566e-01
9.302747249603271484e-01
5.374299287796020508e-01
7.700892090797424316e-01
6.550703942775726318e-02
8.283659815788269043e-02
5.934077873826026917e-02
9.785515069961547852e-02
5.704541131854057312e-02
1.048501208424568176e-01
6.586712002754211426e-01
2.519914209842681885e-01
2.311605215072631836e-01
9.032030701637268066e-01
5.183807611465454102e-01
4.603601619601249695e-02
2.907545864582061768e-01
4.222162961959838867e-01
1.326585263013839722e-01
3.526551425457000732e-01
8.514028787612915039e-01
4.765850007534027100e-01
8.760347366333007812e-01
4.341987520456314087e-02
4.537991583347320557e-01
7.820314168930053711e-01
2.808735668659210205e-01
8.645297884941101074e-01
8.142587542533874512e-02
4.521270841360092163e-02
5.436854064464569092e-02
3.156851232051849365e-01
6.488170623779296875e-01
2.046782672405242920e-01
8.011619448661804199e-01
6.798121929168701172e-01
3.123899102210998535e-01
6.112876534461975098e-01
2.780113816261291504e-01
6.148696541786193848e-01
4.237747192382812500e-01
5.415779948234558105e-01
8.658444285392761230e-01
6.162867546081542969e-01
4.336954355239868164e-01
9.274416565895080566e-01
3.984021842479705811e-01
2.078036367893218994e-01
6.078185439109802246e-01
6.816152483224868774e-02
3.818122744560241699e-01
3.303091228008270264e-01
8.341190218925476074e-02
4.680771380662918091e-02
2.652705907821655273e-01
2.748718261718750000e-01
9.175739884376525879e-01
1.670553386211395264e-01
5.261168256402015686e-02
6.956794857978820801e-02
8.915833234786987305e-01
7.711590528488159180e-01
4.300391674041748047e-01
4.018815159797668457e-01
4.394429028034210205e-01
4.938911497592926025e-01
2.711521983146667480e-01
4.084633588790893555e-01
4.647753015160560608e-02
5.196060985326766968e-02
6.562175601720809937e-02
1.168339550495147705e-01
2.286441028118133545e-01
2.453420124948024750e-02
8.090171217918395996e-01
3.583929240703582764e-01
8.776339888572692871e-01
3.737393319606781006e-01
4.043008983135223389e-01
5.221652984619140625e-02
8.877184987068176270e-01
6.219201087951660156e-01
6.298066377639770508e-01
8.607362508773803711e-01
3.113444745540618896e-01
5.359225869178771973e-01
3.901140987873077393e-01
2.177353054285049438e-01
1.728784441947937012e-01
6.002124771475791931e-02
3.519969284534454346e-01
6.428081393241882324e-01
8.274125456809997559e-01
4.510575160384178162e-02
4.225951433181762695e-01
9.090565145015716553e-02
3.650618791580200195e-01
1.008898243308067322e-01
5.832881107926368713e-02
8.120723366737365723e-01
8.910828232765197754e-01
4.857196658849716187e-02
8.336476981639862061e-02
4.467311203479766846e-01
4.530846327543258667e-02
8.454650640487670898e-02
3.228523731231689453e-01
4.063051342964172363e-01
4.988176226615905762e-01
5.224477648735046387e-01
8.308436274528503418e-01
6.907776594161987305e-01
3.558712899684906006e-01
1.505078226327896118e-01
5.243792533874511719e-01
9.549348056316375732e-02
5.604872703552246094e-01
3.493954837322235107e-01
3.799273073673248291e-01
2.054860889911651611e-01
5.634004250168800354e-02
5.467430949211120605e-01
1.919854283332824707e-01
4.172819852828979492e-01
1.454783678054809570e-01
7.467650771141052246e-01
1.186486259102821350e-01
5.097312852740287781e-02
4.380393624305725098e-01
8.846912384033203125e-01
5.208457112312316895e-01
4.709019884467124939e-02
4.807652533054351807e-02
3.723951876163482666e-01
2.758242487907409668e-01
1.794197112321853638e-01
8.214045315980911255e-02
4.906471371650695801e-01
3.891091048717498779e-01
3.970041871070861816e-01
5.514584854245185852e-02
3.047257661819458008e-01
1.091144382953643799e-01
3.688180446624755859e-01
8.964187502861022949e-01
6.477794647216796875e-01
2.584869861602783203e-01
9.514082074165344238e-01
5.688008069992065430e-01
6.264103055000305176e-01
2.057827264070510864e-01
8.593581914901733398e-01
6.277958154678344727e-01
1.888207644224166870e-01
8.367844820022583008e-01
9.023345112800598145e-01
6.469345092773437500e-01
4.644375666975975037e-02
6.231185793876647949e-01
3.107047080993652344e-01
9.084763377904891968e-02
7.976446747779846191e-01
6.119574606418609619e-02
1.453684717416763306e-01
4.586466252803802490e-01
6.635150313377380371e-02
1.182665973901748657e-01
6.341850757598876953e-01
1.127551421523094177e-01
4.832126200199127197e-01
7.570225000381469727e-02
8.374225497245788574e-01
5.754411220550537109e-01
2.726483345031738281e-01
3.755590617656707764e-01
6.005191206932067871e-01
4.875179231166839600e-01
1.210299059748649597e-01
8.886498212814331055e-01
1.952763199806213379e-01
7.600975036621093750e-01
9.281348586082458496e-01
1.756891459226608276e-01
5.493823066353797913e-02
5.593671798706054688e-01
2.612912058830261230e-01
8.833836913108825684e-01
8.424447476863861084e-02
1.988195925951004028e-01
4.889416694641113281e-01
8.779523372650146484e-01
6.235604286193847656e-01
4.862053692340850830e-01
2.078036367893218994e-01
5.656719207763671875e-01
6.369470953941345215e-01
2.283078581094741821e-01
4.035006761550903320e-01
3.858361244201660156e-01
5.696964263916015625e-01
3.949341475963592529e-01
7.208172082901000977e-01
8.241252899169921875e-01
1.369919776916503906e-01
4.934687316417694092e-01
8.185904026031494141e-01
7.320653647184371948e-02
6.383245587348937988e-01
3.639818429946899414e-01
5.189359188079833984e-01
3.296594917774200439e-01
2.443937212228775024e-01
8.243990540504455566e-01
6.461799144744873047e-01
7.692888379096984863e-01
6.574412584304809570e-01
9.215766191482543945e-01
9.520864486694335938e-01
9.434181451797485352e-01
5.107873678207397461e-02
5.880920290946960449e-01
3.499410450458526611e-01
5.494900345802307129e-01
9.347153902053833008e-01
5.611277222633361816e-01
5.255474448204040527e-01
3.755196928977966309e-01
1.747139245271682739e-01
9.185784459114074707e-01
4.698196053504943848e-02
2.268523573875427246e-01
8.736875653266906738e-01
4.996730387210845947e-02
2.999642491340637207e-01
5.134322047233581543e-01
5.698628425598144531e-01
9.179655909538269043e-01
3.075648844242095947e-01
5.119740962982177734e-02
2.113271206617355347e-01
8.985899090766906738e-01
9.144175648689270020e-01
4.478225857019424438e-02
8.640176057815551758e-01
5.603224039077758789e-02
8.782728314399719238e-01
5.724282860755920410e-01
7.962329387664794922e-01
6.450940966606140137e-01
5.055153369903564453e-02
5.634174942970275879e-01
8.281001448631286621e-01
5.532119795680046082e-02
4.633033275604248047e-02
6.837512850761413574e-01
4.311605170369148254e-02
1.696919053792953491e-01
6.433512568473815918e-01
5.499425530433654785e-01
4.947680234909057617e-02
8.302034139633178711e-01
3.352382183074951172e-01
3.334765136241912842e-01
4.389232769608497620e-02
5.071339607238769531e-01
9.134367704391479492e-01
8.714563250541687012e-01
8.193607330322265625e-01
3.264190256595611572e-01
7.276783585548400879e-01
3.561648428440093994e-01
6.153820753097534180e-01
5.569241940975189209e-02
2.473567426204681396e-01
7.226355373859405518e-02
7.616655230522155762e-01
8.407199978828430176e-01
8.837717175483703613e-01
3.221780359745025635e-01
6.411857008934020996e-01
5.683066323399543762e-02
3.518128693103790283e-01
9.076362848281860352e-01
8.082624077796936035e-01
6.701420992612838745e-02
6.979148834943771362e-02
6.013708189129829407e-02
4.541800916194915771e-02
5.596301555633544922e-01
8.934727907180786133e-01
4.523664414882659912e-01
6.406565755605697632e-02
1.793703138828277588e-01
6.424515247344970703e-01
8.004145622253417969e-01
2.008006125688552856e-01
4.199923574924468994e-01
5.079619884490966797e-01
9.368584156036376953e-01
2.173980474472045898e-01
6.705329567193984985e-02
3.720414936542510986e-01
6.252115368843078613e-01
6.019972562789916992e-01
5.920169875025749207e-02
4.361600279808044434e-01
8.640345335006713867e-01
8.700607419013977051e-01
4.964067041873931885e-01
5.570814386010169983e-02
4.667844623327255249e-02
6.021817922592163086e-01
6.827350258827209473e-01
3.913567364215850830e-01
4.138475954532623291e-01
6.426676511764526367e-01
8.947449177503585815e-02
5.413843318819999695e-02
4.781917482614517212e-02
4.357225894927978516e-01
3.918220698833465576e-01
4.805839806795120239e-02
3.819563686847686768e-01
8.889929056167602539e-01
2.953896224498748779e-01
8.425422906875610352e-01
6.656988859176635742e-01
3.414584696292877197e-01
2.421848177909851074e-01
5.535089969635009766e-02
8.137136101722717285e-01
9.266874194145202637e-01
1.120305135846138000e-01
9.255734086036682129e-01
9.368240237236022949e-01
8.276501297950744629e-01
4.371631443500518799e-01
9.143131971359252930e-01
2.397824823856353760e-01
6.309950947761535645e-01
5.966129899024963379e-01
8.593941926956176758e-01
7.875227928161621094e-01
8.553576469421386719e-02
2.480362504720687866e-01
4.477238655090332031e-01
8.625413775444030762e-01
4.183431267738342285e-01
5.532194375991821289e-01
4.981051087379455566e-01
6.121976971626281738e-01
4.371056854724884033e-01
4.441718459129333496e-01
6.165679097175598145e-01
2.240861058235168457e-01
6.431892514228820801e-01
8.506270051002502441e-01
8.073734641075134277e-01
4.837076365947723389e-02
6.862501502037048340e-01
5.087743327021598816e-02
6.501744389533996582e-01
8.356237411499023438e-01
1.252055019140243530e-01
5.457153916358947754e-02
7.364378124475479126e-02
7.382367849349975586e-01
9.378078579902648926e-01
6.286208033561706543e-01
8.028150200843811035e-01
8.043386042118072510e-02
4.905421659350395203e-02
4.811226576566696167e-02
9.160481095314025879e-01
5.574959516525268555e-01
6.779314875602722168e-01
7.585901021957397461e-01
4.183580577373504639e-01
6.874780356884002686e-02
6.700311601161956787e-02
6.373075842857360840e-01
9.337203502655029297e-01
4.656837880611419678e-02
1.555198132991790771e-01
9.167454838752746582e-01
3.661325871944427490e-01
5.089406296610832214e-02
6.082598567008972168e-01
4.835307225584983826e-02
2.902016043663024902e-01
4.800084233283996582e-01
6.328635811805725098e-01
5.048844963312149048e-02
2.758366763591766357e-01
2.647748589515686035e-01
1.816047579050064087e-01
8.370706439018249512e-01
6.914100646972656250e-01
2.944155633449554443e-01
3.133801817893981934e-01
4.065074920654296875e-01
1.839367002248764038e-01
3.283787667751312256e-01
2.316421121358871460e-01
4.263899326324462891e-01
7.887577265501022339e-02
5.229924917221069336e-01
9.441015720367431641e-01
7.392641156911849976e-02
7.043607831001281738e-01
2.749355137348175049e-01
8.143095374107360840e-01
6.603223085403442383e-01
2.042001634836196899e-01
5.571769475936889648e-01
9.009586572647094727e-01
6.224808841943740845e-02
2.203135639429092407e-01
6.430389732122421265e-02
9.082734584808349609e-02
3.986828625202178955e-01
4.896900951862335205e-01
4.193347394466400146e-01
3.425070643424987793e-01
8.968414068222045898e-01
6.627561450004577637e-01
8.289076089859008789e-01
5.069346427917480469e-01
2.364781945943832397e-01
9.007283449172973633e-01
3.881134390830993652e-01
4.803939536213874817e-02
9.167722463607788086e-01
7.568392753601074219e-01
8.090276122093200684e-01
7.464822530746459961e-01
1.935463249683380127e-01
4.828499257564544678e-01
2.167922109365463257e-01
4.430521726608276367e-01
5.131378173828125000e-01
6.613306701183319092e-02
8.583046495914459229e-02
6.554088592529296875e-01
1.266776621341705322e-01
8.247668743133544922e-01
7.164884209632873535e-01
6.969569325447082520e-01
5.065138638019561768e-02
7.919082641601562500e-01
7.622115612030029297e-01
3.616382181644439697e-01
9.120612144470214844e-01
3.163025081157684326e-01
6.381499171257019043e-01
1.818115264177322388e-01
9.193859696388244629e-01
5.186300277709960938e-01
1.132418066263198853e-01
8.902516365051269531e-01
4.213802814483642578e-01
9.017189145088195801e-01
5.977836996316909790e-02
4.652243256568908691e-01
4.447329342365264893e-01
6.255066990852355957e-01
6.687781214714050293e-01
9.165672063827514648e-01
3.669316768646240234e-01
3.733071386814117432e-01
4.764654114842414856e-02
7.891020774841308594e-01
1.579228937625885010e-01
4.932336509227752686e-02
8.647969961166381836e-01
9.007743597030639648e-01
4.921619892120361328e-01
3.358618021011352539e-01
5.884953737258911133e-01
3.758696317672729492e-01
9.141595959663391113e-01
3.557547628879547119e-01
9.153732061386108398e-01
4.618452861905097961e-02
4.675281941890716553e-01
7.120187580585479736e-02
3.648109138011932373e-01
5.230155587196350098e-02
5.209434032440185547e-01
5.521714091300964355e-01
4.976463913917541504e-01
6.076933145523071289e-01
3.684076964855194092e-01
6.418772935867309570e-01
8.952713012695312500e-01
5.249239802360534668e-01
7.351547479629516602e-01
1.033738106489181519e-01
5.378671884536743164e-01
8.900861740112304688e-01
9.042116999626159668e-01
3.546547591686248779e-01
5.491095185279846191e-01
2.671532630920410156e-01
4.251190125942230225e-01
3.935300111770629883e-01
4.011120200157165527e-01
9.382490515708923340e-01
5.500913038849830627e-02
7.316588759422302246e-01
6.549903750419616699e-01
7.094053626060485840e-01
2.603774070739746094e-01
3.501736819744110107e-01
7.622213661670684814e-02
5.177683010697364807e-02
4.115717709064483643e-01
8.891412019729614258e-01
8.151323795318603516e-01
4.673497974872589111e-01
7.398790866136550903e-02
8.644776940345764160e-01
9.393267631530761719e-01
7.885431051254272461e-01
5.534140765666961670e-02
2.984969019889831543e-01
9.026327133178710938e-01
7.962794303894042969e-01
8.841477036476135254e-01
1.300484091043472290e-01
9.333600401878356934e-01
9.265882372856140137e-01
7.950296998023986816e-01
9.007145762443542480e-01
5.580672621726989746e-01
1.045194491744041443e-01
8.453223705291748047e-01
4.839439094066619873e-01
9.158802628517150879e-01
7.350990176200866699e-02
8.733803629875183105e-01
8.683701157569885254e-01
1.781525611877441406e-01
7.677068114280700684e-01
5.981064438819885254e-01
8.704096078872680664e-01
4.565576836466789246e-02
5.362152457237243652e-01
8.106103539466857910e-01
6.077829599380493164e-01
5.245583653450012207e-01
4.282522797584533691e-01
7.027704119682312012e-01
8.634399175643920898e-01
5.937780737876892090e-01
1.358741521835327148e-01
1.203350201249122620e-01
2.078036367893218994e-01
4.642424359917640686e-02
2.762527763843536377e-01
1.811580806970596313e-01
7.143731117248535156e-01
3.157436549663543701e-01
4.180568829178810120e-02
6.509655117988586426e-01
6.426376104354858398e-01
2.215026468038558960e-01
6.111769080162048340e-01
1.848905384540557861e-01
7.572965621948242188e-01
7.045883536338806152e-01
4.962432011961936951e-02
6.071403622627258301e-01
4.706600680947303772e-02
6.270824074745178223e-01
4.316216409206390381e-01
2.187499254941940308e-01
1.120608225464820862e-01
6.020279973745346069e-02
6.551094055175781250e-01
3.206901550292968750e-01
1.082513108849525452e-01
3.945587575435638428e-01
3.425428569316864014e-01
6.175944209098815918e-01
6.577066183090209961e-01
4.983656480908393860e-02
4.687846079468727112e-02
6.078025102615356445e-01
6.285846829414367676e-01
5.093371868133544922e-02
9.511170387268066406e-01
7.053042650222778320e-01
6.347708106040954590e-01
2.933820784091949463e-01
4.910146296024322510e-01
5.453238636255264282e-02
1.163365095853805542e-01
7.302098870277404785e-01
6.379367709159851074e-01
6.463963985443115234e-01
8.494656085968017578e-01
7.950836420059204102e-01
2.431725561618804932e-01
4.851647913455963135e-01
2.266425490379333496e-01
6.429966092109680176e-01
6.261786818504333496e-01
4.426163136959075928e-01
5.228735208511352539e-01
4.898612201213836670e-01
9.460836648941040039e-01
1.255446970462799072e-01
4.305101037025451660e-01
9.081082344055175781e-01
4.438113570213317871e-01
8.290699124336242676e-01
6.148915290832519531e-01
5.613873600959777832e-01
6.589267253875732422e-01
8.875945210456848145e-01
8.698253631591796875e-01
2.055862396955490112e-01
9.003332257270812988e-01
5.346280932426452637e-01
8.838666677474975586e-01
7.117647528648376465e-01
5.289941281080245972e-02
4.658832401037216187e-02
5.178582668304443359e-01
5.347033143043518066e-01
5.845688655972480774e-02
6.266654729843139648e-01
9.307525157928466797e-01
2.277899384498596191e-01
4.739438742399215698e-02
4.146066606044769287e-01
1.229886040091514587e-01
4.190887212753295898e-01
3.142333626747131348e-01
8.203098177909851074e-02
5.336634069681167603e-02
6.880235075950622559e-01
4.387170076370239258e-01
7.796347737312316895e-01
7.726079225540161133e-01
9.125781059265136719e-01
5.364059209823608398e-01
3.210945427417755127e-01
7.825943827629089355e-01
8.767904043197631836e-01
8.483723551034927368e-02
3.733570873737335205e-01
6.240195631980895996e-01
4.894433543086051941e-02
9.204244017601013184e-01
6.401951909065246582e-01
3.493487834930419922e-01
5.116397514939308167e-02
6.260276436805725098e-01
3.972213566303253174e-01
6.950491666793823242e-01
3.344208300113677979e-01
4.043197333812713623e-01
5.466875433921813965e-02
6.306845545768737793e-01
3.936534225940704346e-01
2.357157766819000244e-01
1.857255548238754272e-01
4.746414422988891602e-01
5.707380920648574829e-02
3.647399842739105225e-01
6.099159270524978638e-02
4.487277567386627197e-01
2.179648578166961670e-01
8.945962786674499512e-01
9.115240573883056641e-01
1.405189186334609985e-01
