4.653541371226310730e-02
8.899312615394592285e-01
5.019835755228996277e-02
9.267691969871520996e-01
7.125208526849746704e-02
5.136499926447868347e-02
3.599430918693542480e-01
2.657637000083923340e-01
9.143590331077575684e-01
5.067114531993865967e-02
4.241461753845214844e-01
4.493508636951446533e-01
8.997123241424560547e-01
4.702505171298980713e-01
6.086998060345649719e-02
2.667447030544281006e-01
2.973426282405853271e-01
5.693792104721069336e-01
9.284215569496154785e-01
4.117504358291625977e-01
7.286285161972045898e-01
7.994003891944885254e-01
4.684272781014442444e-02
4.766319692134857178e-02
3.403288722038269043e-01
5.915813148021697998e-02
8.830166459083557129e-01
3.007648289203643799e-01
5.117872953414916992e-01
4.602407813072204590e-01
1.728583872318267822e-01
4.706140607595443726e-02
9.038965106010437012e-01
5.019568279385566711e-02
2.824565172195434570e-01
2.550732493400573730e-01
4.479551613330841064e-01
1.283423155546188354e-01
3.043755888938903809e-01
9.301352500915527344e-01
1.448233723640441895e-01
5.710393190383911133e-02
4.687930271029472351e-02
5.164812877774238586e-02
1.188425272703170776e-01
1.469934433698654175e-01
2.514744997024536133e-01
8.261147737503051758e-01
4.653770104050636292e-02
9.115729928016662598e-01
9.831790626049041748e-02
4.682213813066482544e-02
2.000642865896224976e-01
4.607886075973510742e-01
2.584604620933532715e-01
7.166106253862380981e-02
8.772133588790893555e-01
4.822793975472450256e-02
4.676328599452972412e-02
5.499158427119255066e-02
3.147943019866943359e-01
2.046538293361663818e-01
6.836556643247604370e-02
4.663466662168502808e-02
4.660970717668533325e-02
3.148853182792663574e-01
4.788016900420188904e-02
4.691142961382865906e-02
4.741605818271636963e-01
8.767371624708175659e-02
4.860801249742507935e-02
7.304660677909851074e-01
2.808849215507507324e-01
1.134029403328895569e-01
6.500997394323348999e-02
5.839198827743530273e-02
5.565720796585083008e-02
4.684133455157279968e-02
4.876670613884925842e-02
4.683366045355796814e-02
9.212034940719604492e-01
7.957342863082885742e-01
8.234702944755554199e-01
5.304023027420043945e-01
9.092112779617309570e-01
4.611928462982177734e-01
4.695974290370941162e-02
5.695775151252746582e-02
8.723742961883544922e-01
1.932325065135955811e-01
3.909852206707000732e-01
5.034269019961357117e-02
4.654894769191741943e-02
4.517432451248168945e-01
4.583340287208557129e-01
6.069459915161132812e-01
3.097085058689117432e-01
9.038780331611633301e-01
4.675123468041419983e-02
7.380702346563339233e-02
5.202139616012573242e-01
1.769840717315673828e-01
4.931807518005371094e-01
1.867620795965194702e-01
2.914493680000305176e-01
1.127943769097328186e-01
6.063038110733032227e-02
7.299684286117553711e-01
5.510268807411193848e-01
2.972392737865447998e-01
1.900779455900192261e-01
4.673353955149650574e-02
4.701087996363639832e-02
9.348832964897155762e-01
3.701560497283935547e-01
4.725985601544380188e-02
8.950611352920532227e-01
8.022440224885940552e-02
9.865877777338027954e-02
7.871544957160949707e-01
4.690223187208175659e-02
2.151188105344772339e-01
4.989225417375564575e-02
5.944095253944396973e-01
9.171938300132751465e-01
1.967296600341796875e-01
4.708331823348999023e-02
2.199669331312179565e-01
5.638277903199195862e-02
4.724083468317985535e-02
9.266103506088256836e-01
2.364688813686370850e-01
9.125352501869201660e-01
1.633449643850326538e-01
4.971733987331390381e-01
4.176601171493530273e-01
8.822700977325439453e-01
1.604575961828231812e-01
4.381574094295501709e-01
4.890451207756996155e-02
7.498564124107360840e-01
8.185119628906250000e-01
5.847992897033691406e-01
4.281252026557922363e-01
3.420987427234649658e-01
4.689317196607589722e-02
3.894718289375305176e-01
5.731408596038818359e-01
7.119861245155334473e-01
1.666769385337829590e-01
4.669270291924476624e-02
1.325277835130691528e-01
4.914319887757301331e-02
1.707924604415893555e-01
7.413608580827713013e-02
9.632607549428939819e-02
2.493958771228790283e-01
3.463838100433349609e-01
3.154300749301910400e-01
8.669663071632385254e-01
3.995404839515686035e-01
7.023288607597351074e-01
1.050518825650215149e-01
2.764166295528411865e-01
8.589515089988708496e-01
4.093473553657531738e-01
2.408902496099472046e-01
3.976969718933105469e-01
7.480636984109878540e-02
1.971350163221359253e-01
4.726203903555870056e-02
4.656740278005599976e-02
5.057818293571472168e-01
6.862304210662841797e-01
4.726248607039451599e-02
9.139962196350097656e-01
2.851924896240234375e-01
5.110291019082069397e-02
9.149743914604187012e-01
2.398982346057891846e-01
1.582366377115249634e-01
5.477364361286163330e-02
6.162983924150466919e-02
8.228469640016555786e-02
1.424680054187774658e-01
6.937428563833236694e-02
2.727797031402587891e-01
5.982035994529724121e-01
4.113712608814239502e-01
4.091759622097015381e-01
4.681499674916267395e-02
7.741840481758117676e-01
1.214830428361892700e-01
7.447478175163269043e-01
2.979453206062316895e-01
4.182292520999908447e-01
4.800600185990333557e-02
2.017613500356674194e-01
3.629051744937896729e-01
4.859451577067375183e-02
4.657022655010223389e-02
5.120100975036621094e-01
9.038352370262145996e-01
1.928580254316329956e-01
6.149069070816040039e-01
9.168761372566223145e-01
6.302933096885681152e-01
5.685978755354881287e-02
9.388141036033630371e-01
5.548885464668273926e-02
3.945575654506683350e-01
4.706078767776489258e-02
3.535583019256591797e-01
6.181606650352478027e-01
3.783816695213317871e-01
4.714287817478179932e-02
4.450261592864990234e-01
4.259145259857177734e-01
6.967156529426574707e-01
5.135068669915199280e-02
9.086892008781433105e-01
9.398791790008544922e-01
6.706227064132690430e-01
1.610030084848403931e-01
2.036925554275512695e-01
4.852835834026336670e-02
6.256349086761474609e-01
8.376967310905456543e-01
4.784626513719558716e-02
5.955061316490173340e-01
8.069382309913635254e-01
9.269375801086425781e-01
4.721825569868087769e-02
6.658197045326232910e-01
9.181713461875915527e-01
4.073825776576995850e-01
7.585250139236450195e-01
9.120470285415649414e-01
1.607859730720520020e-01
3.948382139205932617e-01
8.504656553268432617e-01
1.155187711119651794e-01
8.554718494415283203e-01
1.118139028549194336e-01
2.630278468132019043e-01
5.329947471618652344e-01
4.976316541433334351e-02
9.394338726997375488e-01
1.084282398223876953e-01
8.470548987388610840e-01
4.293142557144165039e-01
1.005388051271438599e-01
5.289277061820030212e-02
4.930165037512779236e-02
5.034645646810531616e-02
4.816370457410812378e-02
2.380372285842895508e-01
8.760070800781250000e-01
1.085862666368484497e-01
8.239607810974121094e-01
4.836133494973182678e-02
6.628303527832031250e-01
5.901268124580383301e-01
4.670929908752441406e-02
2.290944308042526245e-01
4.735947847366333008e-01
3.138513565063476562e-01
2.508281767368316650e-01
4.810900986194610596e-02
5.118300914764404297e-01
8.775305151939392090e-01
8.011403679847717285e-01
2.488649338483810425e-01
1.478738933801651001e-01
6.723141074180603027e-01
5.842060968279838562e-02
7.904337644577026367e-01
5.283035337924957275e-02
8.987804055213928223e-01
4.911022260785102844e-02
1.722726821899414062e-01
8.890351653099060059e-01
1.812332123517990112e-01
4.255847036838531494e-01
3.898305594921112061e-01
2.426826208829879761e-01
4.916829243302345276e-02
5.812962353229522705e-02
4.346033036708831787e-01
1.460689902305603027e-01
5.736755579710006714e-02
8.078352212905883789e-01
4.969938397407531738e-01
3.139164447784423828e-01
1.874116063117980957e-01
4.673079028725624084e-02
2.507334053516387939e-01
8.790727257728576660e-01
4.488519132137298584e-01
4.684820771217346191e-02
8.967418074607849121e-01
3.507373034954071045e-01
4.255805611610412598e-01
5.575322359800338745e-02
7.884375005960464478e-02
4.667828604578971863e-02
5.835778266191482544e-02
6.996182799339294434e-01
9.033659100532531738e-01
4.427812695503234863e-01
4.883500635623931885e-01
5.815402790904045105e-02
5.539428815245628357e-02
5.637712031602859497e-02
6.262043118476867676e-01
2.915989756584167480e-01
9.218046665191650391e-01
8.568416237831115723e-01
5.236624181270599365e-02
9.568184614181518555e-02
5.760892033576965332e-01
2.909490168094635010e-01
4.834994375705718994e-01
9.289276003837585449e-01
1.537381410598754883e-01
4.600605666637420654e-01
1.903816014528274536e-01
1.513337194919586182e-01
5.190875753760337830e-02
5.766789987683296204e-02
4.656119272112846375e-02
1.089272201061248779e-01
4.218407273292541504e-01
7.429431378841400146e-02
1.961625069379806519e-01
9.067783951759338379e-01
3.830578923225402832e-01
4.652122035622596741e-02
1.147312819957733154e-01
2.407025247812271118e-01
5.390339717268943787e-02
2.441020011901855469e-01
6.832941770553588867e-01
3.409704864025115967e-01
8.303565979003906250e-01
4.660128429532051086e-02
3.548401892185211182e-01
5.479975938796997070e-01
1.315271854400634766e-01
8.316088914871215820e-01
5.372483655810356140e-02
4.660185053944587708e-02
4.738565906882286072e-02
4.722500219941139221e-02
4.208930134773254395e-01
4.818832874298095703e-02
8.621823787689208984e-01
4.934066534042358398e-02
1.819029599428176880e-01
3.570647239685058594e-01
5.884879827499389648e-02
4.123226106166839600e-01
2.870573401451110840e-01
5.306392163038253784e-02
8.172646760940551758e-01
1.254829168319702148e-01
2.491705566644668579e-01
9.306978583335876465e-01
3.322292268276214600e-01
1.569022387266159058e-01
4.047310650348663330e-01
6.754017621278762817e-02
2.352822870016098022e-01
6.035399064421653748e-02
4.725152626633644104e-02
4.715052247047424316e-02
1.641090810298919678e-01
6.254624575376510620e-02
9.264456629753112793e-01
4.735951498150825500e-02
4.694532603025436401e-02
4.729703813791275024e-02
8.784232139587402344e-01
7.261018157005310059e-01
2.639490067958831787e-01
8.191447705030441284e-02
2.969506978988647461e-01
3.770329952239990234e-01
9.407158941030502319e-02
3.611154556274414062e-01
4.669636115431785583e-02
4.718591272830963135e-02
4.890212416648864746e-02
5.227636173367500305e-02
7.017955183982849121e-02
8.820318430662155151e-02
8.756249547004699707e-01
2.377056032419204712e-01
7.556771039962768555e-01
2.100929915904998779e-01
3.108025789260864258e-01
4.686059802770614624e-02
8.938870429992675781e-01
4.943762719631195068e-01
8.047328591346740723e-01
7.728924751281738281e-01
3.789201676845550537e-01
4.665527939796447754e-01
3.033345043659210205e-01
1.141132563352584839e-01
4.805772006511688232e-02
4.649084806442260742e-02
3.596181273460388184e-01
3.784798681735992432e-01
8.809911012649536133e-01
4.659416899085044861e-02
3.658097684383392334e-01
1.611344516277313232e-01
6.404461711645126343e-02
5.408200994133949280e-02
4.712695255875587463e-02
4.730769991874694824e-01
4.814030528068542480e-01
4.728874191641807556e-02
5.149411410093307495e-02
4.039588570594787598e-01
4.671971127390861511e-02
1.256695091724395752e-01
1.649874150753021240e-01
2.620944678783416748e-01
4.741934314370155334e-02
5.108578503131866455e-02
9.077588915824890137e-01
5.860548019409179688e-01
3.422201871871948242e-01
5.963709950447082520e-02
3.985349833965301514e-01
1.036553010344505310e-01
6.125385165214538574e-01
8.719765394926071167e-02
1.892193555831909180e-01
5.562150105834007263e-02
4.714692011475563049e-02
7.452005147933959961e-01
5.053210258483886719e-02
1.706015318632125854e-01
4.766042158007621765e-02
8.893961310386657715e-01
4.818935692310333252e-02
4.788762703537940979e-02
2.151838541030883789e-01
9.024997353553771973e-01
2.890366911888122559e-01
4.671368375420570374e-02
4.668859764933586121e-02
3.018117249011993408e-01
2.693835794925689697e-01
2.387548089027404785e-01
4.798010736703872681e-02
2.103941142559051514e-01
2.902066707611083984e-01
3.813939988613128662e-01
4.704038053750991821e-02
1.711473315954208374e-01
4.796047508716583252e-02
6.163325905799865723e-02
8.862298727035522461e-01
1.758641451597213745e-01
3.544411063194274902e-01
9.410291910171508789e-01
2.164801657199859619e-01
5.281788706779479980e-01
7.253003865480422974e-02
8.871173262596130371e-01
4.008473455905914307e-01
6.226931884884834290e-02
8.913602232933044434e-01
8.863713741302490234e-01
3.168964684009552002e-01
4.692194238305091858e-02
5.014892816543579102e-01
2.468774616718292236e-01
3.177892565727233887e-01
7.040491104125976562e-01
4.681254550814628601e-02
4.671128466725349426e-02
2.539136111736297607e-01
7.772015035152435303e-02
4.069328308105468750e-01
4.388169944286346436e-01
4.706358909606933594e-02
3.082418143749237061e-01
4.877432808279991150e-02
8.522061109542846680e-01
2.299428135156631470e-01
4.196392595767974854e-01
1.503168046474456787e-01
3.825291097164154053e-01
2.120997905731201172e-01
7.070448994636535645e-02
9.090458750724792480e-01
1.822001785039901733e-01
5.246983170509338379e-01
9.136764407157897949e-01
2.436272352933883667e-01
4.703070595860481262e-02
5.759515762329101562e-01
1.186008527874946594e-01
8.405036330223083496e-01
4.674162343144416809e-02
2.004022598266601562e-01
2.968261837959289551e-01
5.820904970169067383e-01
4.225196838378906250e-01
3.757252693176269531e-01
1.569022387266159058e-01
2.967542409896850586e-01
5.592613220214843750e-01
1.348757743835449219e-01
8.700648695230484009e-02
1.488652527332305908e-01
4.331625998020172119e-01
5.699397623538970947e-02
4.414467513561248779e-01
7.351201176643371582e-01
4.699809476733207703e-02
4.518981873989105225e-01
9.181669354438781738e-01
4.742756485939025879e-02
5.265886783599853516e-01
3.003730475902557373e-01
4.867364838719367981e-02
3.115989863872528076e-01
4.773644730448722839e-02
8.905603289604187012e-01
4.607612490653991699e-01
2.931989133358001709e-01
5.903485417366027832e-01
8.676657676696777344e-01
9.349400997161865234e-01
9.372714161872863770e-01
4.728311672806739807e-02
3.337516188621520996e-01
2.483565211296081543e-01
2.912018597126007080e-01
9.210734367370605469e-01
3.022431135177612305e-01
3.455276787281036377e-01
2.396861612796783447e-01
1.328276395797729492e-01
9.061014056205749512e-01
4.680936411023139954e-02
1.206468865275382996e-01
5.803344249725341797e-01
4.676932469010353088e-02
8.403833210468292236e-02
5.191045999526977539e-01
3.987115621566772461e-01
9.247580766677856445e-01
4.816675558686256409e-02
4.665560647845268250e-02
2.913392186164855957e-01
8.558093309402465820e-01
9.291564822196960449e-01
4.650545120239257812e-02
8.122044205665588379e-01
4.679965600371360779e-02
8.112199306488037109e-01
3.174741864204406738e-01
7.736996412277221680e-01
6.856665015220642090e-01
4.719094559550285339e-02
3.998010456562042236e-01
7.036308050155639648e-01
4.663934186100959778e-02
4.660263657569885254e-02
6.248939633369445801e-01
5.434796959161758423e-02
1.888691931962966919e-01
4.401545524597167969e-01
4.613419175148010254e-01
4.655374959111213684e-02
4.151864349842071533e-01
3.208788335323333740e-01
3.401178419589996338e-01
4.769985005259513855e-02
2.831666171550750732e-01
9.258232116699218750e-01
8.687005043029785156e-01
8.517403006553649902e-01
2.753705382347106934e-01
4.716813862323760986e-01
2.502281665802001953e-01
5.142274498939514160e-02
4.669080674648284912e-02
5.520088970661163330e-02
4.922798275947570801e-02
7.230864167213439941e-01
8.673086166381835938e-01
6.785022020339965820e-01
9.403093159198760986e-02
3.937396705150604248e-01
1.385600119829177856e-01
1.638548225164413452e-01
9.059713482856750488e-01
6.032208204269409180e-01
1.780493259429931641e-01
4.856791719794273376e-02
5.428503453731536865e-02
4.660210013389587402e-02
1.233385801315307617e-01
9.236058592796325684e-01
2.247182428836822510e-01
4.777826368808746338e-02
5.010109394788742065e-02
4.733131229877471924e-01
8.377445340156555176e-01
4.692050442099571228e-02
1.413184106349945068e-01
4.043453931808471680e-01
9.199105501174926758e-01
5.272095277905464172e-02
5.401763692498207092e-02
1.968058049678802490e-01
5.021609663963317871e-01
4.305715262889862061e-01
4.938637092709541321e-02
2.713486254215240479e-01
9.313209652900695801e-01
8.351717591285705566e-01
5.246607065200805664e-01
1.098862364888191223e-01
4.668521508574485779e-02
3.195420205593109131e-01
6.958529949188232422e-01
2.698345780372619629e-01
4.657695293426513672e-01
6.733447313308715820e-01
4.724527150392532349e-02
4.739353433251380920e-02
4.656450450420379639e-02
3.723087608814239502e-01
3.536566793918609619e-01
4.771475493907928467e-02
2.827625870704650879e-01
8.788253664970397949e-01
2.261362224817276001e-01
5.347835421562194824e-01
3.063375949859619141e-01
2.741481065750122070e-01
5.312918126583099365e-02
5.834424123167991638e-02
7.407119870185852051e-01
9.386865496635437012e-01
4.732945933938026428e-02
9.306226372718811035e-01
9.340533614158630371e-01
7.587849497795104980e-01
3.749254047870635986e-01
7.726964950561523438e-01
2.057297229766845703e-01
3.866581916809082031e-01
6.984011530876159668e-01
6.771733164787292480e-01
6.985912322998046875e-01
6.198665872216224670e-02
2.092040330171585083e-01
2.548577189445495605e-01
6.718963980674743652e-01
1.925372630357742310e-01
2.324081361293792725e-01
4.693944454193115234e-01
5.093030929565429688e-01
6.786416769027709961e-01
3.092239499092102051e-01
6.684179902076721191e-01
2.944066524505615234e-01
4.349215328693389893e-01
8.212708234786987305e-01
6.152076125144958496e-01
4.696806892752647400e-02
6.668003201484680176e-01
4.747074097394943237e-02
3.620760440826416016e-01
8.983929753303527832e-01
6.613747775554656982e-02
4.668058827519416809e-02
4.821687564253807068e-02
2.301184237003326416e-01
9.278241991996765137e-01
4.002600312232971191e-01
9.157069325447082520e-01
4.694401472806930542e-02
4.670705646276473999e-02
4.678284004330635071e-02
9.182261228561401367e-01
3.152931034564971924e-01
6.711547374725341797e-01
7.653143405914306641e-01
2.311429679393768311e-01
4.711822792887687683e-02
4.954373836517333984e-02
4.961439967155456543e-01
9.280098080635070801e-01
4.675132036209106445e-02
4.842401668429374695e-02
8.690258264541625977e-01
9.251113235950469971e-02
4.653015360236167908e-02
4.240914285182952881e-01
4.657156392931938171e-02
1.587803810834884644e-01
3.184923827648162842e-01
4.479592144489288330e-01
4.703330993652343750e-02
5.242237448692321777e-02
1.560732275247573853e-01
1.494883894920349121e-01
6.158316731452941895e-01
6.586537957191467285e-01
2.628497481346130371e-01
6.179678440093994141e-02
5.603602901101112366e-02
5.081765353679656982e-02
3.620729744434356689e-01
4.985382035374641418e-02
1.666108220815658569e-01
5.065065249800682068e-02
3.453450500965118408e-01
9.403061270713806152e-01
8.435824513435363770e-02
4.679943621158599854e-01
4.743705689907073975e-02
7.560373544692993164e-01
3.971914052963256836e-01
9.999570995569229126e-02
3.080796003341674805e-01
9.244322776794433594e-01
4.688905179500579834e-02
3.191758990287780762e-01
4.688611254096031189e-02
6.174722313880920410e-02
6.257248669862747192e-02
4.884250164031982422e-01
2.888613045215606689e-01
2.228690236806869507e-01
9.240805506706237793e-01
4.250882267951965332e-01
3.867051005363464355e-01
3.737460374832153320e-01
1.362572759389877319e-01
5.413925647735595703e-01
4.870494082570075989e-02
4.653071612119674683e-02
9.228835105895996094e-01
6.301969289779663086e-01
7.561845183372497559e-01
5.610778927803039551e-01
5.086506903171539307e-02
2.727547287940979004e-01
1.598869115114212036e-01
3.398852944374084473e-01
7.165866494178771973e-01
4.666312783956527710e-02
4.758125916123390198e-02
4.466061592102050781e-01
4.788743704557418823e-02
7.830571532249450684e-01
5.607779026031494141e-01
3.467283248901367188e-01
4.658133164048194885e-02
8.771512508392333984e-01
8.153321146965026855e-01
5.309385433793067932e-02
9.188082218170166016e-01
4.536792933940887451e-01
7.936213612556457520e-01
4.740016907453536987e-02
9.235146641731262207e-01
2.692209482192993164e-01
4.703836888074874878e-02
8.438338637351989746e-01
2.644142508506774902e-01
8.948461413383483887e-01
4.788477346301078796e-02
2.277007102966308594e-01
2.864058613777160645e-01
3.542627096176147461e-01
3.375865817070007324e-01
9.247357249259948730e-01
1.961901783943176270e-01
3.061442077159881592e-01
4.655081778764724731e-02
8.393231034278869629e-01
8.928792178630828857e-02
4.665349796414375305e-02
9.061674475669860840e-01
8.934167623519897461e-01
4.525755941867828369e-01
4.705532267689704895e-02
6.341682076454162598e-01
4.437863826751708984e-01
9.051911234855651855e-01
2.167512923479080200e-01
9.033562541007995605e-01
4.668180644512176514e-02
5.679058432579040527e-01
4.723308235406875610e-02
4.583392739295959473e-01
4.703939333558082581e-02
4.310846924781799316e-01
3.765208125114440918e-01
3.080175518989562988e-01
3.185414075851440430e-01
1.295187175273895264e-01
4.811877608299255371e-01
9.162167906761169434e-01
2.304838150739669800e-01
4.592515528202056885e-01
4.689856618642807007e-02
4.175571501255035400e-01
9.205502271652221680e-01
8.916229605674743652e-01
1.766524016857147217e-01
3.344825506210327148e-01
1.536756306886672974e-01
2.322517931461334229e-01
4.683328047394752502e-02
1.977274268865585327e-01
9.364473223686218262e-01
3.745903074741363525e-01
6.707542538642883301e-01
5.036668851971626282e-02
8.087986707687377930e-01
5.455364659428596497e-02
3.101364672183990479e-01
6.809435039758682251e-02
4.706266894936561584e-02
1.840187311172485352e-01
8.948593139648437500e-01
6.900029778480529785e-01
2.826599478721618652e-01
4.700180143117904663e-02
8.445503711700439453e-01
9.371277093887329102e-01
7.021961212158203125e-01
7.098048925399780273e-02
3.047666549682617188e-01
8.904521465301513672e-01
7.985034584999084473e-01
7.576872110366821289e-01
1.105383411049842834e-01
9.331001639366149902e-01
8.879230618476867676e-01
4.769876301288604736e-01
9.225701093673706055e-01
2.712365090847015381e-01
4.686469957232475281e-02
6.232681870460510254e-01
1.918716430664062500e-01
7.738867998123168945e-01
4.759234189987182617e-02
6.743173599243164062e-01
7.508702874183654785e-01
2.071203887462615967e-01
8.032280802726745605e-01
7.106813192367553711e-01
5.376815795898437500e-01
4.691413044929504395e-02
2.989933788776397705e-01
8.703849911689758301e-01
5.258994102478027344e-01
3.111091554164886475e-01
3.014471828937530518e-01
5.355859398841857910e-01
8.171663284301757812e-01
5.278195738792419434e-01
6.824355572462081909e-02
1.071132346987724304e-01
1.569022387266159058e-01
4.655298963189125061e-02
1.366548538208007812e-01
1.668383926153182983e-01
6.748831868171691895e-01
1.931373029947280884e-01
4.742655158042907715e-02
5.586583614349365234e-01
4.059551954269409180e-01
1.127814203500747681e-01
5.160303711891174316e-01
1.419520080089569092e-01
8.731840848922729492e-01
3.648444712162017822e-01
4.653985425829887390e-02
2.206399738788604736e-01
4.655371606349945068e-02
5.029188394546508789e-01
2.948343753814697266e-01
4.903449863195419312e-02
5.758935213088989258e-02
4.781521484255790710e-02
4.439978599548339844e-01
5.295705050230026245e-02
6.170238554477691650e-02
5.554382503032684326e-02
2.303640097379684448e-01
3.911924958229064941e-01
4.274892210960388184e-01
4.665747657418251038e-02
5.335550010204315186e-02
5.040550827980041504e-01
3.290038704872131348e-01
4.653248190879821777e-02
9.432306885719299316e-01
8.596130013465881348e-01
3.409626483917236328e-01
1.472148299217224121e-01
3.161971867084503174e-01
4.710491001605987549e-02
4.710097238421440125e-02
2.817900478839874268e-01
7.863967120647430420e-02
4.846216142177581787e-01
8.970105051994323730e-01
7.420960664749145508e-01
1.411614120006561279e-01
3.910322189331054688e-01
2.819380462169647217e-01
3.933228552341461182e-01
3.725628256797790527e-01
2.182957231998443604e-01
4.194240272045135498e-01
3.454091548919677734e-01
9.392142295837402344e-01
5.102591961622238159e-02
2.329387217760086060e-01
8.642499446868896484e-01
4.609804153442382812e-01
8.478216528892517090e-01
7.336351871490478516e-01
4.314105808734893799e-01
3.040232658386230469e-01
8.789316415786743164e-01
9.118440747261047363e-01
2.100703865289688110e-01
9.187026619911193848e-01
5.056133866310119629e-02
8.710660934448242188e-01
7.943183183670043945e-01
4.673451557755470276e-02
4.648896679282188416e-02
4.473074972629547119e-01
3.668379485607147217e-01
4.741295799612998962e-02
5.896294489502906799e-02
9.322259426116943359e-01
5.059225112199783325e-02
4.668249562382698059e-02
3.866504132747650146e-01
4.713956639170646667e-02
2.782427966594696045e-01
4.719435051083564758e-02
6.239890307188034058e-02
4.724347963929176331e-02
2.517164945602416992e-01
2.889965176582336426e-01
6.032807230949401855e-01
7.884796261787414551e-01
8.966175913810729980e-01
9.182927012443542480e-02
6.388166546821594238e-02
6.868608593940734863e-01
8.804569244384765625e-01
4.700006917119026184e-02
2.884356975555419922e-01
3.799547851085662842e-01
4.690134897828102112e-02
9.305078387260437012e-01
2.376588881015777588e-01
2.139430940151214600e-01
4.990579187870025635e-02
6.278881430625915527e-01
2.759286463260650635e-01
6.370323896408081055e-01
1.338104456663131714e-01
2.601855397224426270e-01
4.682268947362899780e-02
7.267065048217773438e-01
3.591051101684570312e-01
1.948136687278747559e-01
2.516114711761474609e-01
3.541154265403747559e-01
4.697011783719062805e-02
2.171271890401840210e-01
9.306233376264572144e-02
4.723812043666839600e-01
6.321916729211807251e-02
9.080195426940917969e-01
9.083397984504699707e-01
7.348592579364776611e-02
