4.032457992434501648e-02
7.588697671890258789e-01
7.008113712072372437e-02
6.441670656204223633e-01
1.093843877315521240e-01
1.091501563787460327e-01
6.826769709587097168e-01
1.737934350967407227e-01
6.269313097000122070e-01
5.794447660446166992e-02
4.046020507812500000e-01
1.360507309436798096e-01
5.446870923042297363e-01
4.928778111934661865e-01
1.815848797559738159e-01
2.714500129222869873e-01
3.180359005928039551e-01
5.979396104812622070e-01
8.537051081657409668e-01
2.483255565166473389e-01
5.871752500534057617e-01
7.238134741783142090e-01
4.890273511409759521e-02
4.787376523017883301e-02
1.561051905155181885e-01
5.129061639308929443e-02
3.498548269271850586e-01
2.103778272867202759e-01
3.136252164840698242e-01
5.185596942901611328e-01
2.371889352798461914e-01
3.998085856437683105e-02
1.077159941196441650e-01
7.525580376386642456e-02
4.352880418300628662e-01
5.454170703887939453e-02
2.695053219795227051e-01
1.397746354341506958e-01
3.904818594455718994e-01
8.093983530998229980e-01
1.172066032886505127e-01
1.455016285181045532e-01
4.128202423453330994e-02
9.803135693073272705e-02
5.740466341376304626e-02
1.623093485832214355e-01
1.271255314350128174e-01
4.205367565155029297e-01
4.254906624555587769e-02
3.914926946163177490e-01
1.005681678652763367e-01
4.314599558711051941e-02
1.348870545625686646e-01
1.407457590103149414e-01
6.451114267110824585e-02
9.190061688423156738e-02
5.212633609771728516e-01
8.339247107505798340e-02
5.454521253705024719e-02
1.211254224181175232e-01
1.840464025735855103e-01
1.626768261194229126e-01
9.802919626235961914e-02
3.964732587337493896e-02
4.274908080697059631e-02
4.277929663658142090e-02
4.057414457201957703e-02
4.768004268407821655e-02
3.088755309581756592e-01
1.157499477267265320e-01
4.332182556390762329e-02
5.769439935684204102e-01
4.732370674610137939e-01
1.746968775987625122e-01
6.001341938972473145e-01
1.456553041934967041e-01
6.104331836104393005e-02
3.977306187152862549e-02
1.012531295418739319e-01
4.077000916004180908e-02
6.512931585311889648e-01
2.869571149349212646e-01
3.696281015872955322e-01
3.810524046421051025e-01
7.332159280776977539e-01
7.356410622596740723e-01
4.029585048556327820e-02
9.152109175920486450e-02
7.369549870491027832e-01
2.485331445932388306e-01
6.189912557601928711e-01
5.555424466729164124e-02
4.083023220300674438e-02
5.031177997589111328e-01
3.821297287940979004e-01
3.161890804767608643e-01
4.469099640846252441e-01
6.299852728843688965e-01
3.931621834635734558e-02
1.395938992500305176e-01
4.521338343620300293e-01
1.471801996231079102e-01
1.589592695236206055e-01
1.584304869174957275e-01
1.678166091442108154e-01
9.761594980955123901e-02
9.144538640975952148e-02
3.189289271831512451e-01
2.902657389640808105e-01
1.871608495712280273e-01
1.234884783625602722e-01
4.261475801467895508e-02
4.106450825929641724e-02
8.261660933494567871e-01
1.553841531276702881e-01
7.609444856643676758e-02
8.249459266662597656e-01
7.377178966999053955e-02
8.304019272327423096e-02
5.635410547256469727e-01
4.204142093658447266e-02
8.878830820322036743e-02
1.140417456626892090e-01
6.646268963813781738e-01
7.020589709281921387e-01
5.885436758399009705e-02
1.274568438529968262e-01
2.384511381387710571e-01
3.962321206927299500e-02
9.917613863945007324e-02
8.444920182228088379e-01
2.903654277324676514e-01
7.950071096420288086e-01
2.299820482730865479e-01
5.245779752731323242e-01
1.418749988079071045e-01
4.470423758029937744e-01
1.731990128755569458e-01
1.804475486278533936e-01
5.454598739743232727e-02
3.661458790302276611e-01
3.621228635311126709e-01
4.362952709197998047e-01
2.865022122859954834e-01
1.914716660976409912e-01
1.264208555221557617e-01
5.006402730941772461e-01
3.505489230155944824e-01
3.661976456642150879e-01
7.986873388290405273e-02
4.393871501088142395e-02
1.106926500797271729e-01
1.075438261032104492e-01
1.008152142167091370e-01
1.189548149704933167e-01
1.320491284132003784e-01
3.176531195640563965e-01
7.225597649812698364e-02
1.760625541210174561e-01
5.816975235939025879e-01
9.644924104213714600e-02
6.800906658172607422e-01
1.557403951883316040e-01
1.408999413251876831e-01
7.168174386024475098e-01
2.447087466716766357e-01
1.217406094074249268e-01
3.346263170242309570e-01
7.798005640506744385e-02
2.638688683509826660e-01
5.669865757226943970e-02
3.908437862992286682e-02
1.907319724559783936e-01
5.516355633735656738e-01
4.787618294358253479e-02
8.413296937942504883e-01
2.565170824527740479e-01
4.343730583786964417e-02
5.267263054847717285e-01
8.395121991634368896e-02
1.642523854970932007e-01
1.346432268619537354e-01
1.140342652797698975e-01
1.102245226502418518e-01
1.787402331829071045e-01
1.061672270298004150e-01
1.232431903481483459e-01
5.643341541290283203e-01
3.163938522338867188e-01
3.338070213794708252e-01
4.955370724201202393e-02
5.567110180854797363e-01
1.700788289308547974e-01
4.089050590991973877e-01
2.638804018497467041e-01
4.280354678630828857e-01
5.324191227555274963e-02
1.696169227361679077e-01
3.846470713615417480e-01
1.153755113482475281e-01
4.017966985702514648e-02
3.839167952537536621e-01
3.388923108577728271e-01
2.612733542919158936e-01
2.328841984272003174e-01
4.980150163173675537e-01
7.729030847549438477e-01
1.219520270824432373e-01
8.174996376037597656e-01
1.200527772307395935e-01
1.495803743600845337e-01
4.120609536767005920e-02
7.075698673725128174e-02
3.136808276176452637e-01
9.544200450181961060e-02
4.323391988873481750e-02
7.984353303909301758e-01
3.744685351848602295e-01
4.771158099174499512e-01
9.454999864101409912e-02
5.860997438430786133e-01
6.536278724670410156e-01
6.101003885269165039e-01
1.504744440317153931e-01
1.047217994928359985e-01
6.107825040817260742e-02
3.057394027709960938e-01
3.895037472248077393e-01
7.614181935787200928e-02
8.184305429458618164e-01
2.643412947654724121e-01
4.995679557323455811e-01
4.969475418329238892e-02
7.206956744194030762e-01
7.457692623138427734e-01
3.343629240989685059e-01
5.296240448951721191e-01
8.161540627479553223e-01
2.189726680517196655e-01
1.062055379152297974e-01
6.144371628761291504e-01
1.713220030069351196e-01
5.665379762649536133e-01
1.146032661199569702e-01
1.063854619860649109e-01
1.886039078235626221e-01
8.200135082006454468e-02
8.492502570152282715e-01
2.013289183378219604e-01
3.588338792324066162e-01
1.123785972595214844e-01
1.682419031858444214e-01
4.457119107246398926e-02
2.106022089719772339e-01
5.769007280468940735e-02
1.042654439806938171e-01
2.617544531822204590e-01
5.316125750541687012e-01
1.330774575471878052e-01
3.772537410259246826e-01
4.691414907574653625e-02
4.312494695186614990e-01
3.200182914733886719e-01
4.358698427677154541e-02
2.371958643198013306e-01
2.803255617618560791e-01
3.363457322120666504e-01
1.185877323150634766e-01
6.926289200782775879e-02
3.258029520511627197e-01
3.708710074424743652e-01
6.715658307075500488e-01
1.551417708396911621e-01
2.188580632209777832e-01
2.589092850685119629e-01
1.146494895219802856e-01
5.228664278984069824e-01
2.717089354991912842e-01
7.635571360588073730e-01
9.012872725725173950e-02
1.693361699581146240e-01
7.423977851867675781e-01
1.016497388482093811e-01
3.591243028640747070e-01
2.589815855026245117e-01
2.734978497028350830e-01
4.392148181796073914e-02
2.016281634569168091e-01
2.022388726472854614e-01
4.882724210619926453e-02
1.076576262712478638e-01
5.249702930450439453e-01
6.212564706802368164e-01
3.159668743610382080e-01
1.211983337998390198e-01
4.342814534902572632e-02
1.703592091798782349e-01
4.823015928268432617e-01
4.541169404983520508e-01
8.326058089733123779e-02
5.918591618537902832e-01
3.472009301185607910e-01
2.120899558067321777e-01
9.978018701076507568e-02
1.343246251344680786e-01
4.201514646410942078e-02
1.123619601130485535e-01
2.226870357990264893e-01
6.366450786590576172e-01
2.544037103652954102e-01
4.035941660404205322e-01
1.306034475564956665e-01
4.658928886055946350e-02
8.441787213087081909e-02
4.041118025779724121e-01
1.768532246351242065e-01
7.709727883338928223e-01
2.747863233089447021e-01
1.863316744565963745e-01
4.363608732819557190e-02
3.665193021297454834e-01
1.567974984645843506e-01
2.444446235895156860e-01
7.829265594482421875e-01
1.291883885860443115e-01
4.963154196739196777e-01
7.413194328546524048e-02
4.943304508924484253e-02
7.912225276231765747e-02
8.013740926980972290e-02
4.319002106785774231e-02
1.714355349540710449e-01
3.138012588024139404e-01
8.659213781356811523e-02
4.607552587985992432e-01
5.295667648315429688e-01
2.397423535585403442e-01
4.309244826436042786e-02
7.052773982286453247e-02
2.084897756576538086e-01
1.308405846357345581e-01
1.494205147027969360e-01
8.171642422676086426e-01
2.381186932325363159e-01
8.256126642227172852e-01
4.154197871685028076e-02
1.095058172941207886e-01
2.797297239303588867e-01
1.117436587810516357e-01
6.948592662811279297e-01
5.465252324938774109e-02
4.257080331444740295e-02
4.165232926607131958e-02
4.800662025809288025e-02
2.435065507888793945e-01
1.124538853764533997e-01
2.270046770572662354e-01
4.455424845218658447e-02
1.324750930070877075e-01
1.600120961666107178e-01
1.293820291757583618e-01
1.985561996698379517e-01
1.081018447875976562e-01
9.843017905950546265e-02
3.084301948547363281e-01
4.585614800453186035e-01
4.056982398033142090e-01
7.925238609313964844e-01
1.099275201559066772e-01
1.706550717353820801e-01
2.948499023914337158e-01
8.384700864553451538e-02
1.176011711359024048e-01
7.515028119087219238e-02
4.649370163679122925e-02
4.185732454061508179e-02
1.356172561645507812e-01
1.026593372225761414e-01
5.595393776893615723e-01
4.673766344785690308e-02
5.033744499087333679e-02
4.133807495236396790e-02
5.728189945220947266e-01
4.331309497356414795e-01
2.689617574214935303e-01
1.348229348659515381e-01
1.293427050113677979e-01
7.118365168571472168e-02
1.484330296516418457e-01
1.644616723060607910e-01
4.010701552033424377e-02
4.309824109077453613e-02
4.496974870562553406e-02
9.269204735755920410e-02
1.052416935563087463e-01
6.042609736323356628e-02
4.054591655731201172e-01
2.491009533405303955e-01
3.593046367168426514e-01
1.512421071529388428e-01
1.590736061334609985e-01
4.234494641423225403e-02
1.926436275243759155e-01
1.404783576726913452e-01
6.237612366676330566e-01
5.039488673210144043e-01
3.921275138854980469e-01
2.092162221670150757e-01
1.223245114088058472e-01
1.338111162185668945e-01
5.257873237133026123e-02
3.970735520124435425e-02
1.144118383526802063e-01
3.430013358592987061e-01
6.601182222366333008e-01
4.420026019215583801e-02
2.045131474733352661e-01
2.018050849437713623e-01
1.204882785677909851e-01
7.960274070501327515e-02
4.380084946751594543e-02
5.457671284675598145e-01
4.060328602790832520e-01
4.222555086016654968e-02
4.916375502943992615e-02
1.860363185405731201e-01
4.195899888873100281e-02
2.146036773920059204e-01
1.512643843889236450e-01
7.632861286401748657e-02
1.210223063826560974e-01
6.725075840950012207e-02
2.529683113098144531e-01
4.470090568065643311e-01
1.120149791240692139e-01
1.069082096219062805e-01
1.056772246956825256e-01
5.688692629337310791e-02
3.442474603652954102e-01
3.089874684810638428e-01
1.728946417570114136e-01
1.799978464841842651e-01
4.267995804548263550e-02
5.625299215316772461e-01
1.088599935173988342e-01
4.287891387939453125e-01
4.304943978786468506e-02
4.673981070518493652e-01
2.669520080089569092e-01
4.990128427743911743e-02
9.487791359424591064e-02
8.086990714073181152e-01
3.237713873386383057e-01
4.332254827022552490e-02
4.326006025075912476e-02
1.414165496826171875e-01
5.988206863403320312e-01
1.735368669033050537e-01
1.246737465262413025e-01
1.316179633140563965e-01
1.439843475818634033e-01
2.112222760915756226e-01
4.947749152779579163e-02
1.984966099262237549e-01
4.647250473499298096e-02
4.577121883630752563e-02
4.843654632568359375e-01
4.106666892766952515e-02
5.854194238781929016e-02
8.725882768630981445e-01
1.117504313588142395e-01
7.164007425308227539e-01
4.755608737468719482e-02
4.696626961231231689e-01
3.668112456798553467e-01
7.239892333745956421e-02
6.071133017539978027e-01
5.807607173919677734e-01
2.346663922071456909e-01
4.208398610353469849e-02
3.943065702915191650e-01
2.903256416320800781e-01
4.283571243286132812e-02
1.903807371854782104e-01
3.926700726151466370e-02
9.905544668436050415e-02
1.039179414510726929e-01
5.089227110147476196e-02
1.289597004652023315e-01
8.042238354682922363e-01
1.413376331329345703e-01
1.080057099461555481e-01
4.196961969137191772e-02
4.752980768680572510e-01
3.544133305549621582e-01
3.249204754829406738e-01
1.832054257392883301e-01
1.168607920408248901e-01
1.272898912429809570e-01
5.752874165773391724e-02
6.228488683700561523e-01
5.477464944124221802e-02
5.319066047668457031e-01
7.660875320434570312e-01
1.765458881855010986e-01
4.684780910611152649e-02
5.226626396179199219e-01
9.985470771789550781e-02
2.673919498920440674e-01
4.055573791265487671e-02
1.302524507045745850e-01
3.020548820495605469e-01
5.080117583274841309e-01
1.511613279581069946e-01
2.213917821645736694e-01
1.706550717353820801e-01
1.117631345987319946e-01
4.653893113136291504e-01
1.086147502064704895e-01
2.897450327873229980e-01
1.749270260334014893e-01
5.935333967208862305e-01
1.300447583198547363e-01
7.367938160896301270e-01
2.591630816459655762e-01
3.330368399620056152e-01
2.320880144834518433e-01
6.338096261024475098e-01
4.786426573991775513e-02
3.292385339736938477e-01
1.363204270601272583e-01
2.194325774908065796e-01
8.890364319086074829e-02
1.171627566218376160e-01
3.292964100837707520e-01
3.101672530174255371e-01
1.282384246587753296e-01
6.069222688674926758e-01
6.060809493064880371e-01
5.775806307792663574e-01
7.105203866958618164e-01
4.671395942568778992e-02
2.674228549003601074e-01
3.615948259830474854e-01
2.502683103084564209e-01
7.847466468811035156e-01
3.191547989845275879e-01
1.081578060984611511e-01
1.142152696847915649e-01
7.832591235637664795e-02
8.238116502761840820e-01
5.238354206085205078e-02
5.113640055060386658e-02
6.999016404151916504e-01
3.909082710742950439e-02
9.563987702131271362e-02
2.623323500156402588e-01
5.877370834350585938e-01
7.446895241737365723e-01
1.100352406501770020e-01
4.112205281853675842e-02
4.830164834856987000e-02
2.382570058107376099e-01
7.110487818717956543e-01
4.112458974123001099e-02
5.647817850112915039e-01
4.250173270702362061e-02
5.391789078712463379e-01
1.245527565479278564e-01
4.722129404544830322e-01
6.117888689041137695e-01
4.440894350409507751e-02
1.724838316440582275e-01
7.618591785430908203e-01
9.404161572456359863e-02
3.957857191562652588e-02
4.493060708045959473e-01
4.467148706316947937e-02
1.094264388084411621e-01
1.933580189943313599e-01
1.148243770003318787e-01
3.845508396625518799e-02
6.848053336143493652e-01
3.671574890613555908e-01
3.934916555881500244e-01
4.128526151180267334e-02
5.552439689636230469e-01
6.218949556350708008e-01
6.819514036178588867e-01
7.391647696495056152e-01
1.413942724466323853e-01
1.680909842252731323e-01
3.445801436901092529e-01
1.384043395519256592e-01
4.024617373943328857e-02
6.732244789600372314e-02
5.047482252120971680e-02
7.117569446563720703e-01
7.591647505760192871e-01
7.217220664024353027e-01
1.206441000103950500e-01
5.107282996177673340e-01
4.706792905926704407e-02
1.216836646199226379e-01
7.963944673538208008e-01
9.678304940462112427e-02
1.677690744400024414e-01
4.462523385882377625e-02
6.041962653398513794e-02
4.845862463116645813e-02
2.525686323642730713e-01
7.847909331321716309e-01
4.238942265510559082e-01
8.072736114263534546e-02
1.264963448047637939e-01
1.459687054157257080e-01
4.744176864624023438e-01
4.188463091850280762e-02
2.555349767208099365e-01
2.072371393442153931e-01
7.585130929946899414e-01
1.419606059789657593e-01
5.707484483718872070e-02
1.441722512245178223e-01
1.238545477390289307e-01
2.468475401401519775e-01
4.206859692931175232e-02
1.938227564096450806e-01
8.513798117637634277e-01
5.105344057083129883e-01
4.051088392734527588e-01
1.749215424060821533e-01
3.966421261429786682e-02
4.750561416149139404e-01
2.311982065439224243e-01
1.446676850318908691e-01
3.702317774295806885e-01
3.928880691528320312e-01
7.689255475997924805e-02
4.113811999559402466e-02
4.034187272191047668e-02
1.380489766597747803e-01
1.584392189979553223e-01
4.090290889143943787e-02
1.108548492193222046e-01
5.326981544494628906e-01
1.199561432003974915e-01
6.295762062072753906e-01
3.174888193607330322e-01
2.899211645126342773e-01
1.120780482888221741e-01
4.180410504341125488e-02
3.865491151809692383e-01
5.689094066619873047e-01
5.960466340184211731e-02
5.989329218864440918e-01
8.454226255416870117e-01
5.688786506652832031e-01
1.486566960811614990e-01
5.315239429473876953e-01
4.938058182597160339e-02
2.715389728546142578e-01
4.272287786006927490e-01
7.675698399543762207e-01
5.404714941978454590e-01
9.673096239566802979e-02
1.565869748592376709e-01
2.671950161457061768e-01
4.815729558467864990e-01
1.239122897386550903e-01
2.474097013473510742e-01
5.130338668823242188e-01
1.857992708683013916e-01
1.697034239768981934e-01
5.379883944988250732e-02
1.487934738397598267e-01
5.740689486265182495e-02
2.378669232130050659e-01
2.420693188905715942e-01
1.200974658131599426e-01
3.885640949010848999e-02
2.033764421939849854e-01
4.362348467111587524e-02
7.607774734497070312e-01
5.151451230049133301e-01
9.931476414203643799e-02
5.273487418889999390e-02
4.244922846555709839e-02
1.880634427070617676e-01
8.441094160079956055e-01
1.785183101892471313e-01
5.603701472282409668e-01
4.433732107281684875e-02
4.349049553275108337e-02
4.241658747196197510e-02
8.130326867103576660e-01
9.770448505878448486e-02
4.049612879753112793e-01
2.837667465209960938e-01
1.045005396008491516e-01
8.770047873258590698e-02
6.034896895289421082e-02
3.718261122703552246e-01
5.574857592582702637e-01
4.244642704725265503e-02
1.082973480224609375e-01
8.151776194572448730e-01
1.932383030652999878e-01
3.921908512711524963e-02
3.584394752979278564e-01
4.094006866216659546e-02
3.187718093395233154e-01
1.523327231407165527e-01
1.445602476596832275e-01
4.126735404133796692e-02
1.262616664171218872e-01
7.025559991598129272e-02
2.117963582277297974e-01
7.563570141792297363e-01
3.906616866588592529e-01
2.086130082607269287e-01
6.409983336925506592e-02
1.249581724405288696e-01
8.389633893966674805e-02
1.470041275024414062e-01
1.919231265783309937e-01
1.521397233009338379e-01
5.743409693241119385e-02
1.268036514520645142e-01
8.466860651969909668e-01
4.866738617420196533e-02
2.095634341239929199e-01
1.076412647962570190e-01
5.030262470245361328e-01
2.475724071264266968e-01
4.209252074360847473e-02
2.996540069580078125e-01
5.904719233512878418e-01
6.742516905069351196e-02
1.474660634994506836e-01
4.604815319180488586e-02
6.527283042669296265e-02
1.111955717206001282e-01
2.099991589784622192e-01
1.335187405347824097e-01
2.808906137943267822e-01
6.006467342376708984e-01
1.321271061897277832e-01
3.639827966690063477e-01
2.235756069421768188e-01
1.062696129083633423e-01
7.514356970787048340e-01
5.794658511877059937e-02
4.234435036778450012e-02
8.344334363937377930e-01
6.380662322044372559e-01
3.233880996704101562e-01
5.065801739692687988e-01
6.527000665664672852e-02
1.381540894508361816e-01
1.386735141277313232e-01
1.879417300224304199e-01
1.853517889976501465e-01
1.089588180184364319e-01
6.521972268819808960e-02
1.121960282325744629e-01
8.374380320310592651e-02
1.564509272575378418e-01
1.871799230575561523e-01
3.851977884769439697e-01
5.141510441899299622e-02
7.601349949836730957e-01
5.679488778114318848e-01
1.016481146216392517e-01
7.917202115058898926e-01
2.403644323348999023e-01
2.787871360778808594e-01
5.133827403187751770e-02
8.037564158439636230e-01
1.632532775402069092e-01
4.688681289553642273e-02
3.120058476924896240e-01
2.050518095493316650e-01
5.224618911743164062e-01
4.564443975687026978e-02
1.184791326522827148e-01
2.145655900239944458e-01
1.463430076837539673e-01
1.033108234405517578e-01
7.988521456718444824e-01
1.684248298406600952e-01
9.236469119787216187e-02
6.508462131023406982e-02
6.141920685768127441e-01
5.588452517986297607e-02
5.339416116476058960e-02
7.684733867645263672e-01
5.918529033660888672e-01
1.887560635805130005e-01
9.827312082052230835e-02
3.956274390220642090e-01
2.169224768877029419e-01
6.319146752357482910e-01
1.509211659431457520e-01
7.315011620521545410e-01
4.073139652609825134e-02
3.599030077457427979e-01
4.224020242691040039e-02
4.870838522911071777e-01
4.367974773049354553e-02
3.105848729610443115e-01
1.204024776816368103e-01
2.834945917129516602e-01
2.349941283464431763e-01
1.193414255976676941e-01
3.967342972755432129e-01
6.532205939292907715e-01
4.370676577091217041e-01
3.381036221981048584e-01
8.320007473230361938e-02
3.114657402038574219e-01
6.526093482971191406e-01
3.259630799293518066e-01
1.493904888629913330e-01
1.189093291759490967e-01
5.476286262273788452e-02
2.016668617725372314e-01
4.424213618040084839e-02
2.346742153167724609e-01
8.618977665901184082e-01
4.792924970388412476e-02
6.591316461563110352e-01
3.084804415702819824e-01
4.792432188987731934e-01
1.514856070280075073e-01
1.000348031520843506e-01
7.239604741334915161e-02
3.892239555716514587e-02
1.000070273876190186e-01
5.995922684669494629e-01
6.702653169631958008e-01
2.127280235290527344e-01
8.568444103002548218e-02
6.311217546463012695e-01
6.738516092300415039e-01
2.054230123758316040e-01
6.049733608961105347e-02
9.057088196277618408e-02
8.189787864685058594e-01
7.215241342782974243e-02
4.125307500362396240e-01
4.305996000766754150e-02
8.545025587081909180e-01
8.002731204032897949e-01
6.599015593528747559e-01
7.204545140266418457e-01
3.032993078231811523e-01
4.021636396646499634e-02
3.485514819622039795e-01
1.229394897818565369e-01
8.183183670043945312e-01
1.149580702185630798e-01
1.128701642155647278e-01
5.223788619041442871e-01
1.049704328179359436e-01
5.559189319610595703e-01
4.965115189552307129e-01
6.372812986373901367e-01
4.516000300645828247e-02
1.405814439058303833e-01
2.578107714653015137e-01
1.711715012788772583e-01
2.758147418498992920e-01
9.977662563323974609e-02
5.253736302256584167e-02
5.485085844993591309e-01
6.242573857307434082e-01
1.393618136644363403e-01
1.697696149349212646e-01
1.706550717353820801e-01
4.043021053075790405e-02
8.509454876184463501e-02
1.551052182912826538e-01
5.604624748229980469e-01
2.370129227638244629e-01
4.602570459246635437e-02
4.442919194698333740e-01
1.377311497926712036e-01
1.017646566033363342e-01
1.478916257619857788e-01
4.582249373197555542e-02
4.769122600555419922e-01
3.928278684616088867e-01
3.998702019453048706e-02
2.784617841243743896e-01
4.113273322582244873e-02
2.895084917545318604e-01
1.600897610187530518e-01
5.352701246738433838e-02
5.413592606782913208e-02
4.290776699781417847e-02
2.857550382614135742e-01
1.660846471786499023e-01
7.354489713907241821e-02
5.533759295940399170e-02
2.366339117288589478e-01
1.920481920242309570e-01
4.109353721141815186e-01
4.138148576021194458e-02
5.706549063324928284e-02
3.290517330169677734e-01
4.190158247947692871e-01
4.192921146750450134e-02
8.597641587257385254e-01
6.782687306404113770e-01
1.890832632780075073e-01
1.661183685064315796e-01
2.714241445064544678e-01
4.582714289426803589e-02
1.113663613796234131e-01
7.788185775279998779e-02
4.937640130519866943e-01
3.747599124908447266e-01
5.806352496147155762e-01
4.158851504325866699e-01
5.224882438778877258e-02
5.037965774536132812e-01
4.607201740145683289e-02
3.551527857780456543e-01
4.769467413425445557e-01
3.361836671829223633e-01
3.434731364250183105e-01
2.853854596614837646e-01
7.357345223426818848e-01
6.307374686002731323e-02
1.122891083359718323e-01
5.754441022872924805e-01
1.804815679788589478e-01
1.925791352987289429e-01
4.602234065532684326e-01
2.304318845272064209e-01
6.328177452087402344e-02
8.006946444511413574e-01
5.832701921463012695e-01
1.972520351409912109e-01
6.084186434745788574e-01
6.343619525432586670e-02
7.817029953002929688e-01
2.638019025325775146e-01
5.122092366218566895e-02
4.315561428666114807e-02
2.079642713069915771e-01
1.451253443956375122e-01
7.750190794467926025e-02
1.118327677249908447e-01
6.778720021247863770e-01
1.321367323398590088e-01
4.078290984034538269e-02
6.428550928831100464e-02
1.747821122407913208e-01
2.864725291728973389e-01
9.345094859600067139e-02
7.345072180032730103e-02
4.486605525016784668e-02
2.230021357536315918e-01
1.209096387028694153e-01
1.545388996601104736e-01
4.825820624828338623e-01
6.036449074745178223e-01
9.505412727594375610e-02
9.610781073570251465e-02
4.272977262735366821e-02
4.536129832267761230e-01
4.183965548872947693e-02
3.099448084831237793e-01
2.695882916450500488e-01
4.314098507165908813e-02
8.103009462356567383e-01
6.186531484127044678e-02
4.209970682859420776e-02
6.428462266921997070e-02
1.807622760534286499e-01
1.325051486492156982e-01
4.646709561347961426e-01
1.593503952026367188e-01
2.259124219417572021e-01
4.471848160028457642e-02
2.051797360181808472e-01
2.192552536725997925e-01
1.157414615154266357e-01
2.100701779127120972e-01
7.390531152486801147e-02
4.409146681427955627e-02
1.461638808250427246e-01
2.103304415941238403e-01
2.104413062334060669e-01
7.256862521171569824e-02
7.223792076110839844e-01
6.282714009284973145e-01
8.893118053674697876e-02
