3.682061284780502319e-02
8.733440041542053223e-01
1.170266121625900269e-01
8.739143610000610352e-01
2.502790093421936035e-01
5.116920173168182373e-02
3.991325497627258301e-01
1.975519955158233643e-01
8.627169728279113770e-01
6.225116178393363953e-02
3.206836283206939697e-01
3.753120899200439453e-01
8.646998405456542969e-01
5.884360074996948242e-01
1.296928972005844116e-01
3.422991037368774414e-01
1.638547331094741821e-01
7.076497077941894531e-01
8.879125714302062988e-01
3.517622351646423340e-01
6.576309800148010254e-01
7.982568740844726562e-01
4.612511396408081055e-02
4.355636239051818848e-02
1.496296525001525879e-01
3.548414632678031921e-02
7.153380513191223145e-01
2.785892188549041748e-01
4.569030404090881348e-01
5.270403623580932617e-01
2.690742611885070801e-01
3.530637547373771667e-02
8.477784395217895508e-01
3.785615414381027222e-02
5.132361054420471191e-01
1.262875497341156006e-01
4.891126155853271484e-01
4.568567126989364624e-02
4.798904061317443848e-01
8.748670220375061035e-01
2.622245848178863525e-01
9.541319310665130615e-02
4.290187358856201172e-02
4.928898438811302185e-02
4.178157821297645569e-02
1.502566635608673096e-01
2.891959547996520996e-01
7.634423971176147461e-01
3.610938042402267456e-02
7.863162159919738770e-01
9.129013121128082275e-02
3.673024848103523254e-02
3.304130434989929199e-01
3.657475113868713379e-01
8.849504590034484863e-02
7.699035108089447021e-02
8.536274433135986328e-01
6.291195005178451538e-02
1.047852858901023865e-01
1.415653228759765625e-01
4.683728218078613281e-01
1.961037218570709229e-01
6.458099186420440674e-02
4.106678813695907593e-02
6.247030198574066162e-02
8.926187455654144287e-02
4.305167868733406067e-02
2.392199933528900146e-01
5.934645533561706543e-01
1.279240548610687256e-01
3.881839662790298462e-02
7.658812999725341797e-01
4.725717604160308838e-01
7.121803611516952515e-02
2.308622300624847412e-01
4.610333964228630066e-02
4.414217919111251831e-02
3.635631874203681946e-02
5.167273432016372681e-02
4.576303809881210327e-02
8.461567759513854980e-01
6.415555477142333984e-01
8.019707798957824707e-01
5.098230838775634766e-01
8.570079207420349121e-01
5.704832077026367188e-01
4.116586595773696899e-02
1.054271459579467773e-01
7.456764578819274902e-01
2.767708301544189453e-01
4.791858792304992676e-01
4.803599417209625244e-02
3.929163515567779541e-02
6.020838022232055664e-01
5.622786879539489746e-01
5.249768495559692383e-01
3.727193474769592285e-01
8.459494113922119141e-01
4.692217707633972168e-02
4.843975231051445007e-02
6.988852620124816895e-01
1.734737157821655273e-01
6.031962633132934570e-01
7.135471701622009277e-02
2.779110074043273926e-01
7.669607549905776978e-02
5.115165188908576965e-02
6.536393761634826660e-01
5.958797335624694824e-01
3.736523389816284180e-01
5.978222489356994629e-01
4.082614928483963013e-02
4.019516706466674805e-02
8.882431387901306152e-01
1.900653541088104248e-01
4.311789199709892273e-02
8.559762239456176758e-01
4.068112373352050781e-02
7.004819810390472412e-02
8.119185566902160645e-01
3.594883531332015991e-02
8.757721632719039917e-02
7.778566330671310425e-02
6.925908923149108887e-01
8.654668927192687988e-01
1.817725896835327148e-01
3.970849514007568359e-02
2.776854932308197021e-01
3.787675872445106506e-02
1.440792530775070190e-01
8.807613253593444824e-01
2.489587664604187012e-01
8.501508235931396484e-01
2.894785702228546143e-01
5.444297790527343750e-01
4.366310536861419678e-01
7.438550591468811035e-01
3.172335624694824219e-01
4.083148539066314697e-01
3.663216531276702881e-02
8.406589031219482422e-01
8.103784918785095215e-01
4.969170689582824707e-01
2.486223578453063965e-01
2.481337189674377441e-01
4.387172311544418335e-02
5.206770896911621094e-01
7.070237994194030762e-01
4.288814067840576172e-01
1.255230605602264404e-01
3.847171366214752197e-02
1.537647992372512817e-01
3.952435776591300964e-02
9.857542812824249268e-02
1.811220049858093262e-01
7.773273438215255737e-02
2.513426244258880615e-01
1.886619031429290771e-01
3.661853671073913574e-01
6.191105246543884277e-01
3.452838659286499023e-01
7.254954576492309570e-01
1.128175929188728333e-01
3.154050409793853760e-01
8.316713571548461914e-01
4.301913678646087646e-01
4.402533173561096191e-01
3.162676990032196045e-01
5.225626006722450256e-02
2.681637406349182129e-01
4.040228575468063354e-02
3.878978267312049866e-02
2.844519913196563721e-01
6.478329896926879883e-01
6.325118243694305420e-02
8.828284740447998047e-01
3.732382059097290039e-01
5.232293531298637390e-02
8.340198993682861328e-01
1.232975497841835022e-01
1.520717740058898926e-01
4.431906715035438538e-02
7.158010452985763550e-02
1.240067780017852783e-01
8.211561292409896851e-02
4.809478297829627991e-02
1.163083538413047791e-01
5.515570044517517090e-01
2.817672193050384521e-01
5.166693329811096191e-01
4.184654727578163147e-02
8.216833472251892090e-01
6.703981757164001465e-02
6.997765898704528809e-01
2.606212496757507324e-01
6.562287807464599609e-01
4.421952366828918457e-02
1.599857360124588013e-01
6.758822202682495117e-01
3.641223162412643433e-02
3.659879416227340698e-02
3.687242865562438965e-01
7.595991492271423340e-01
2.597823143005371094e-01
6.687080264091491699e-01
8.398885130882263184e-01
7.782621979713439941e-01
6.391359120607376099e-02
8.888684511184692383e-01
9.882915765047073364e-02
3.158873021602630615e-01
3.869450837373733521e-02
1.653359979391098022e-01
5.520738959312438965e-01
1.989845633506774902e-01
3.628083691000938416e-02
8.491283059120178223e-01
5.018617510795593262e-01
7.347479462623596191e-01
5.713857710361480713e-02
8.661191463470458984e-01
8.881043195724487305e-01
7.481735348701477051e-01
7.295225560665130615e-02
6.871485710144042969e-02
1.325356960296630859e-01
4.771714806556701660e-01
8.284793496131896973e-01
7.410003989934921265e-02
5.802152156829833984e-01
5.366899371147155762e-01
8.501750826835632324e-01
3.979165479540824890e-02
7.617821693420410156e-01
8.255242705345153809e-01
2.784310579299926758e-01
6.777832508087158203e-01
8.670884966850280762e-01
1.634093970060348511e-01
3.701457977294921875e-01
8.304220438003540039e-01
6.280647963285446167e-02
7.768676280975341797e-01
1.371594071388244629e-01
1.869211047887802124e-01
3.302411139011383057e-01
4.237972572445869446e-02
8.824640512466430664e-01
6.150100380182266235e-02
7.105298638343811035e-01
2.167799323797225952e-01
6.407498568296432495e-02
4.611671715974807739e-02
6.866257637739181519e-02
4.907993972301483154e-02
6.640262156724929810e-02
4.071049690246582031e-01
7.500830292701721191e-01
1.695713847875595093e-01
8.049394488334655762e-01
3.754134848713874817e-02
6.632649898529052734e-01
4.654904901981353760e-01
4.130428284406661987e-02
3.463859856128692627e-01
3.352874219417572021e-01
1.525193601846694946e-01
1.892739385366439819e-01
4.076790437102317810e-02
7.355578541755676270e-01
8.321496844291687012e-01
7.933647632598876953e-01
2.956359386444091797e-01
2.066534161567687988e-01
7.928258180618286133e-01
5.731151625514030457e-02
6.568401455879211426e-01
2.684800326824188232e-01
8.209557533264160156e-01
8.470090478658676147e-02
2.103154361248016357e-01
8.464676737785339355e-01
2.920693159103393555e-01
4.402792155742645264e-01
2.770838141441345215e-01
3.577637970447540283e-01
3.832264244556427002e-02
1.275733560323715210e-01
4.359529316425323486e-01
1.800333261489868164e-01
1.131603792309761047e-01
3.151324689388275146e-01
8.235246539115905762e-01
6.218197345733642578e-01
1.504587233066558838e-01
3.679337352514266968e-02
2.377688884735107422e-01
8.401119112968444824e-01
6.267828345298767090e-01
4.341137036681175232e-02
8.243170976638793945e-01
3.619366288185119629e-01
4.283631443977355957e-01
4.774439334869384766e-02
7.942297309637069702e-02
3.788794949650764465e-02
1.454074829816818237e-01
4.543732404708862305e-01
8.261861801147460938e-01
4.486037790775299072e-01
4.016278386116027832e-01
1.294496208429336548e-01
7.476154714822769165e-02
1.552801281213760376e-01
4.199785590171813965e-01
3.788258135318756104e-01
8.630919456481933594e-01
7.484088540077209473e-01
5.371927097439765930e-02
2.119640558958053589e-01
6.151795387268066406e-01
2.816830575466156006e-01
4.166254997253417969e-01
8.758512139320373535e-01
1.605619788169860840e-01
5.652129650115966797e-01
6.505894660949707031e-02
7.302710413932800293e-02
8.976074308156967163e-02
7.014396041631698608e-02
3.727247193455696106e-02
6.961022317409515381e-02
3.702663481235504150e-01
9.252287447452545166e-02
5.083676576614379883e-01
8.410428166389465332e-01
3.336991965770721436e-01
3.628182783722877502e-02
8.320605009794235229e-02
3.747583329677581787e-01
6.171923503279685974e-02
4.160544574260711670e-01
7.503520250320434570e-01
3.320093750953674316e-01
8.062335848808288574e-01
3.881119564175605774e-02
3.802086114883422852e-01
6.858997941017150879e-01
1.880633234977722168e-01
7.676969766616821289e-01
8.195630460977554321e-02
3.777619451284408569e-02
3.788343816995620728e-02
3.969251364469528198e-02
5.233550071716308594e-01
5.303899943828582764e-02
7.150331735610961914e-01
3.099825382232666016e-01
5.681542307138442993e-02
5.147891044616699219e-01
1.108598634600639343e-01
5.138845443725585938e-01
8.761925250291824341e-02
6.629732251167297363e-02
6.904671788215637207e-01
4.816195070743560791e-01
3.851494193077087402e-01
8.805127739906311035e-01
2.312901318073272705e-01
1.398339867591857910e-01
3.935324847698211670e-01
8.485398441553115845e-02
1.388601064682006836e-01
1.442463845014572144e-01
4.684318229556083679e-02
4.313631728291511536e-02
1.891206800937652588e-01
8.740837126970291138e-02
8.586431741714477539e-01
3.933035954833030701e-02
3.760511428117752075e-02
3.718109801411628723e-02
8.132047057151794434e-01
5.201478004455566406e-01
1.700406372547149658e-01
1.212635934352874756e-01
4.781066179275512695e-01
3.184812366962432861e-01
1.419305056333541870e-01
5.418736934661865234e-01
3.583496436476707458e-02
8.822296559810638428e-02
4.337831959128379822e-02
4.029430821537971497e-02
1.343102604150772095e-01
5.000109970569610596e-02
5.394623875617980957e-01
3.158409893512725830e-01
6.105793714523315430e-01
3.622815310955047607e-01
2.327178269624710083e-01
6.052035838365554810e-02
5.599099993705749512e-01
4.241915345191955566e-01
6.091917157173156738e-01
8.408852219581604004e-01
4.094368517398834229e-01
3.879213333129882812e-01
2.814706265926361084e-01
1.591897308826446533e-01
4.125398397445678711e-02
3.621503710746765137e-02
3.191336989402770996e-01
4.996613860130310059e-01
6.899768114089965820e-01
3.730077296495437622e-02
5.109550356864929199e-01
6.835374981164932251e-02
7.728160917758941650e-02
7.896435260772705078e-02
3.989039734005928040e-02
6.800055503845214844e-01
7.118244767189025879e-01
3.863188624382019043e-02
4.597268253564834595e-02
4.086371362209320068e-01
3.864016383886337280e-02
6.640487164258956909e-02
1.918342113494873047e-01
2.822856903076171875e-01
4.191901162266731262e-02
4.835981875658035278e-02
8.214271664619445801e-01
5.277034044265747070e-01
2.399438023567199707e-01
5.561808496713638306e-02
1.652071326971054077e-01
8.038164675235748291e-02
6.779090166091918945e-01
3.399553596973419189e-01
2.451650947332382202e-01
4.972865432500839233e-02
4.587469622492790222e-02
8.214488625526428223e-01
5.951381102204322815e-02
2.890549004077911377e-01
4.476998746395111084e-02
8.446348309516906738e-01
6.636887788772583008e-02
3.767191618680953979e-02
3.563273251056671143e-01
7.342862486839294434e-01
4.839079380035400391e-01
3.754287585616111755e-02
3.785958513617515564e-02
3.593099117279052734e-01
3.650261163711547852e-01
1.794841736555099487e-01
4.229004681110382080e-02
2.716763913631439209e-01
6.117994189262390137e-01
1.440621912479400635e-01
4.595183208584785461e-02
1.881846934556961060e-01
4.176211357116699219e-02
5.253848806023597717e-02
8.547144532203674316e-01
5.013361573219299316e-01
6.538096070289611816e-02
8.900383710861206055e-01
1.800277829170227051e-01
4.376899003982543945e-01
7.935900986194610596e-02
8.286929130554199219e-01
4.311265051364898682e-01
4.152801632881164551e-02
7.633122801780700684e-01
8.380028605461120605e-01
5.404899120330810547e-01
3.470794111490249634e-02
4.212689101696014404e-01
5.048226714134216309e-01
5.416913330554962158e-02
6.829215884208679199e-01
3.971280530095100403e-02
9.518343955278396606e-02
2.357228845357894897e-01
5.992103740572929382e-02
1.420115977525711060e-01
5.017645955085754395e-01
8.597965538501739502e-02
7.425701022148132324e-01
8.104062825441360474e-02
6.621105074882507324e-01
7.202048301696777344e-01
3.113715350627899170e-01
3.488262891769409180e-01
2.305652648210525513e-01
6.501927971839904785e-02
8.064567297697067261e-02
8.185517191886901855e-01
1.368043571710586548e-01
7.935032248497009277e-01
8.612239360809326172e-01
1.498039066791534424e-01
4.778496176004409790e-02
3.665917813777923584e-01
6.164272874593734741e-02
7.569500207901000977e-01
3.726366907358169556e-02
8.142057061195373535e-02
2.436965405941009521e-01
8.687590360641479492e-01
2.005997151136398315e-01
6.279339790344238281e-01
1.398339867591857910e-01
7.383579760789871216e-02
4.955401122570037842e-01
1.291433870792388916e-01
1.782758086919784546e-01
2.489342987537384033e-01
5.208664536476135254e-01
6.401646882295608521e-02
6.487404108047485352e-01
5.903530716896057129e-01
2.173283398151397705e-01
4.477790594100952148e-01
7.906075119972229004e-01
4.651809856295585632e-02
4.760316610336303711e-01
1.812536716461181641e-01
3.414916992187500000e-01
1.360642164945602417e-01
4.854894801974296570e-02
6.202028393745422363e-01
4.160304367542266846e-01
7.206194400787353516e-01
5.707428455352783203e-01
8.803756833076477051e-01
8.866638541221618652e-01
8.880663514137268066e-01
3.839778900146484375e-02
3.436273038387298584e-01
3.501484692096710205e-01
4.229157269001007080e-01
8.836447000503540039e-01
3.952747881412506104e-01
2.248591482639312744e-01
1.492857784032821655e-01
5.414772406220436096e-02
8.562669754028320312e-01
3.977131471037864685e-02
7.566431909799575806e-02
8.201740980148315430e-01
3.861152380704879761e-02
1.166076809167861938e-01
3.548890054225921631e-01
2.727745175361633301e-01
8.680426478385925293e-01
3.759868815541267395e-02
3.994014859199523926e-02
6.569493561983108521e-02
8.343304395675659180e-01
8.787134289741516113e-01
3.660758957266807556e-02
6.766394376754760742e-01
4.052478075027465820e-02
7.483432888984680176e-01
2.912345528602600098e-01
7.527920007705688477e-01
5.336161851882934570e-01
4.256389290094375610e-02
4.017408788204193115e-01
8.024538159370422363e-01
4.007595404982566833e-02
3.881716355681419373e-02
6.455695629119873047e-01
3.836954012513160706e-02
9.305611997842788696e-02
1.902253925800323486e-01
4.508940577507019043e-01
3.809882327914237976e-02
6.779142022132873535e-01
2.913667261600494385e-01
3.102430701255798340e-01
3.822868317365646362e-02
4.478545784950256348e-01
8.197841048240661621e-01
7.749673724174499512e-01
8.447067737579345703e-01
3.011149466037750244e-01
5.882683396339416504e-01
2.925982177257537842e-01
2.447755187749862671e-01
4.600924253463745117e-02
6.298862397670745850e-02
5.031256005167961121e-02
7.954298257827758789e-01
5.738014578819274902e-01
5.478649735450744629e-01
6.769634783267974854e-02
5.519384145736694336e-01
4.145523533225059509e-02
5.631876364350318909e-02
8.729837536811828613e-01
6.969972252845764160e-01
1.150251030921936035e-01
4.870052635669708252e-02
4.027668759226799011e-02
3.686565533280372620e-02
1.767004132270812988e-01
7.727020978927612305e-01
5.190127491950988770e-01
3.725746646523475647e-02
5.545936152338981628e-02
4.709891974925994873e-01
7.224230170249938965e-01
4.826393723487854004e-02
3.800962269306182861e-01
4.035896956920623779e-01
8.735940456390380859e-01
1.104312539100646973e-01
3.777258470654487610e-02
1.117279976606369019e-01
2.639830112457275391e-01
3.678947389125823975e-01
4.153979569673538208e-02
5.110676884651184082e-01
8.596428632736206055e-01
7.950456738471984863e-01
7.012200951576232910e-01
8.338227868080139160e-02
4.230212792754173279e-02
5.606140494346618652e-01
4.388814568519592285e-01
1.352670490741729736e-01
4.986215829849243164e-01
7.078138589859008789e-01
7.456661760807037354e-02
3.927695006132125854e-02
3.799764811992645264e-02
5.410494208335876465e-01
1.281082332134246826e-01
3.768211975693702698e-02
4.103622436523437500e-01
7.364283204078674316e-01
3.802587985992431641e-01
7.938295602798461914e-01
5.888822078704833984e-01
1.829469501972198486e-01
6.593136489391326904e-02
3.853561729192733765e-02
6.679220199584960938e-01
8.858014345169067383e-01
3.716671839356422424e-02
8.831622600555419922e-01
8.848893642425537109e-01
7.592561244964599609e-01
2.706854045391082764e-01
8.100289702415466309e-01
3.984569758176803589e-02
2.527242302894592285e-01
6.781441569328308105e-01
8.186775445938110352e-01
6.794213056564331055e-01
4.012620076537132263e-02
6.100969016551971436e-02
4.850772619247436523e-01
8.747611045837402344e-01
2.426538616418838501e-01
1.149662137031555176e-01
5.475179553031921387e-01
2.289093583822250366e-01
3.105125427246093750e-01
1.559734642505645752e-01
4.259276390075683594e-01
1.133307740092277527e-01
4.204657077789306641e-01
8.612790107727050781e-01
6.606789827346801758e-01
4.256997630000114441e-02
6.155372262001037598e-01
3.733105212450027466e-02
3.861060440540313721e-01
8.057935833930969238e-01
6.472502648830413818e-02
2.152565866708755493e-01
4.839551448822021484e-02
5.354307889938354492e-01
8.849206566810607910e-01
5.972064733505249023e-01
7.751154303550720215e-01
3.611093759536743164e-02
4.047701135277748108e-02
4.278303682804107666e-02
8.655087947845458984e-01
1.672892123460769653e-01
7.500730752944946289e-01
5.630313158035278320e-01
1.647117137908935547e-01
4.591248556971549988e-02
4.275622218847274780e-02
6.556705236434936523e-01
8.684644103050231934e-01
4.017812758684158325e-02
5.034086853265762329e-02
8.406761288642883301e-01
1.213741451501846313e-01
3.768577054142951965e-02
1.252780705690383911e-01
4.147992655634880066e-02
3.036074042320251465e-01
2.482228875160217285e-01
4.618689417839050293e-01
3.847974911332130432e-02
8.724691718816757202e-02
1.148461103439331055e-01
1.205585673451423645e-01
7.651485800743103027e-01
5.663545727729797363e-01
2.509730458259582520e-01
1.265652477741241455e-01
5.031721293926239014e-02
9.454528242349624634e-02
1.345219910144805908e-01
1.078813970088958740e-01
7.440947741270065308e-02
5.991349369287490845e-02
2.318327128887176514e-01
8.835341334342956543e-01
7.026579976081848145e-02
4.285269975662231445e-01
1.321521550416946411e-01
6.923250555992126465e-01
3.768124580383300781e-01
4.490205273032188416e-02
4.358678460121154785e-01
8.438084125518798828e-01
5.485328659415245056e-02
2.802008986473083496e-01
3.911932557821273804e-02
5.387935787439346313e-02
1.566247642040252686e-01
6.435151696205139160e-01
4.527920782566070557e-01
3.265178501605987549e-01
8.346275091171264648e-01
5.461186766624450684e-01
7.190881967544555664e-01
3.191352784633636475e-01
7.940147072076797485e-02
8.072636127471923828e-01
1.853681355714797974e-01
3.524460271000862122e-02
8.657146692276000977e-01
7.009320855140686035e-01
7.326845526695251465e-01
6.501641869544982910e-01
4.825842753052711487e-02
4.581047594547271729e-01
1.182326674461364746e-01
1.020685136318206787e-01
4.166185557842254639e-01
4.239439219236373901e-02
3.818763419985771179e-02
4.430629312992095947e-01
8.931468427181243896e-02
7.823195457458496094e-01
7.283715009689331055e-01
6.573440432548522949e-01
3.693064302206039429e-02
7.612199187278747559e-01
7.491589784622192383e-01
6.379161030054092407e-02
8.066878318786621094e-01
6.485677957534790039e-01
5.186321735382080078e-01
7.711283862590789795e-02
7.552529573440551758e-01
6.488880515098571777e-01
3.796021267771720886e-02
8.641811609268188477e-01
3.519784212112426758e-01
7.768071293830871582e-01
3.859945386648178101e-02
2.636169493198394775e-01
3.694162964820861816e-01
3.339993059635162354e-01
4.180942475795745850e-01
8.439451456069946289e-01
2.182460427284240723e-01
2.530591785907745361e-01
3.587819635868072510e-02
7.902668118476867676e-01
4.369953647255897522e-02
3.612323850393295288e-02
8.405461907386779785e-01
8.144518136978149414e-01
5.235470533370971680e-01
5.429335311055183411e-02
7.693371772766113281e-01
4.270397722721099854e-01
8.555808067321777344e-01
1.605083197355270386e-01
8.709805607795715332e-01
3.537927940487861633e-02
4.989933967590332031e-01
3.770443797111511230e-02
4.801186323165893555e-01
4.084516316652297974e-02
3.937293291091918945e-01
5.514006614685058594e-01
2.434811443090438843e-01
1.037226244807243347e-01
2.178517878055572510e-01
7.888824343681335449e-01
8.391813635826110840e-01
6.766256690025329590e-01
4.155461192131042480e-01
1.478136479854583740e-01
3.809142112731933594e-01
7.979174256324768066e-01
8.513219356536865234e-01
1.586910635232925415e-01
1.664475351572036743e-01
5.059539154171943665e-02
2.002483457326889038e-01
3.305662274360656738e-01
2.312273979187011719e-01
8.811975717544555664e-01
4.497817903757095337e-02
7.306408286094665527e-01
1.256114542484283447e-01
7.814381718635559082e-01
1.499100476503372192e-01
2.936296164989471436e-01
4.867880046367645264e-02
3.899032622575759888e-02
2.504990398883819580e-01
8.559105396270751953e-01
8.292530775070190430e-01
4.684571623802185059e-01
4.501004889607429504e-02
7.564552426338195801e-01
8.819053769111633301e-01
7.259293794631958008e-01
8.509518951177597046e-02
1.483359634876251221e-01
8.487719893455505371e-01
6.083650588989257812e-01
7.942647933959960938e-01
7.157450914382934570e-02
8.792843818664550781e-01
8.739030957221984863e-01
5.114597678184509277e-01
8.333064913749694824e-01
4.451022148132324219e-01
4.911397024989128113e-02
4.752920866012573242e-01
2.539356350898742676e-01
7.678719162940979004e-01
1.785953044891357422e-01
6.683839559555053711e-01
8.237121701240539551e-01
4.756894335150718689e-02
6.425693631172180176e-01
5.735074877738952637e-01
7.608910202980041504e-01
4.185017198324203491e-02
5.103061795234680176e-01
7.655462026596069336e-01
4.341218769550323486e-01
4.304546117782592773e-01
1.943137049674987793e-01
5.947333574295043945e-01
7.354363799095153809e-01
6.585621833801269531e-01
7.979805767536163330e-02
6.212609261274337769e-02
1.398339867591857910e-01
3.812209516763687134e-02
1.132712289690971375e-01
1.027205586433410645e-01
6.505955457687377930e-01
1.867796778678894043e-01
4.285199195146560669e-02
3.161140680313110352e-01
3.297795951366424561e-01
3.920802101492881775e-02
5.623199939727783203e-01
5.258864164352416992e-02
6.564584970474243164e-01
5.678829550743103027e-01
3.685940429568290710e-02
1.322897076606750488e-01
3.801526129245758057e-02
3.151835799217224121e-01
2.315026521682739258e-01
9.291412681341171265e-02
4.230099171400070190e-02
4.150984808802604675e-02
4.779290556907653809e-01
1.315361708402633667e-01
8.816782385110855103e-02
1.109293401241302490e-01
2.823271751403808594e-01
4.145386815071105957e-01
6.328003406524658203e-01
3.802845254540443420e-02
4.961820319294929504e-02
7.906543016433715820e-01
4.765419960021972656e-01
3.782277926802635193e-02
8.899630308151245117e-01
7.140088677406311035e-01
5.155272483825683594e-01
1.145458891987800598e-01
2.640807628631591797e-01
3.755633533000946045e-02
4.225506633520126343e-02
3.524972498416900635e-01
2.916890084743499756e-01
4.353023469448089600e-01
7.863129377365112305e-01
8.041953444480895996e-01
9.374601393938064575e-02
5.802996754646301270e-01
1.021205782890319824e-01
3.359460830688476562e-01
5.142908692359924316e-01
2.432413846254348755e-01
4.518145620822906494e-01
2.125622630119323730e-01
8.845693469047546387e-01
8.856010437011718750e-02
1.255121380090713501e-01
8.283299803733825684e-01
5.606117248535156250e-01
7.276584506034851074e-01
6.769189834594726562e-01
5.545068383216857910e-01
5.151720046997070312e-01
8.524552583694458008e-01
8.483322858810424805e-01
1.565056890249252319e-01
8.361555933952331543e-01
4.091519117355346680e-02
8.382855057716369629e-01
6.757444739341735840e-01
3.793206438422203064e-02
3.597874939441680908e-02
6.384415626525878906e-01
2.771331071853637695e-01
3.693453222513198853e-02
1.555645167827606201e-01
8.674392104148864746e-01
4.759183526039123535e-02
3.807730972766876221e-02
1.229302659630775452e-01
2.188010960817337036e-01
2.008560001850128174e-01
4.008047655224800110e-02
7.569342106580734253e-02
3.655238449573516846e-02
4.061526954174041748e-01
3.038859367370605469e-01
6.186299920082092285e-01
7.029743194580078125e-01
8.370490670204162598e-01
1.834824085235595703e-01
9.310665726661682129e-02
4.964511096477508545e-01
5.772935748100280762e-01
4.457975178956985474e-02
3.167191743850708008e-01
3.240990340709686279e-01
3.694391623139381409e-02
8.710833787918090820e-01
1.064977049827575684e-01
5.802535265684127808e-02
7.238261401653289795e-02
5.348565578460693359e-01
2.571630179882049561e-01
7.183629274368286133e-01
1.419459581375122070e-01
3.122518658638000488e-01
5.844230949878692627e-02
4.367045164108276367e-01
5.130917429924011230e-01
3.448958396911621094e-01
2.365874946117401123e-01
2.025811374187469482e-01
3.827503696084022522e-02
1.800108253955841064e-01
4.955665022134780884e-02
5.239783525466918945e-01
4.089261963963508606e-02
8.136691451072692871e-01
8.244281411170959473e-01
9.715525060892105103e-02
