3.537935391068458557e-02
8.731136322021484375e-01
1.930698454380035400e-01
8.828302621841430664e-01
2.002453207969665527e-01
1.150192543864250183e-01
3.243271708488464355e-01
2.783298492431640625e-01
8.649066686630249023e-01
1.472587883472442627e-01
3.354923129081726074e-01
4.182430803775787354e-01
8.231294155120849609e-01
5.922154188156127930e-01
1.636146306991577148e-01
4.492627382278442383e-01
1.309782713651657104e-01
5.668238997459411621e-01
9.038972854614257812e-01
3.284044563770294189e-01
7.058502435684204102e-01
7.041531801223754883e-01
8.639548718929290771e-02
6.814229488372802734e-02
2.816185355186462402e-01
3.917894884943962097e-02
7.961304783821105957e-01
4.253758788108825684e-01
4.784934222698211670e-01
5.042182207107543945e-01
3.064023554325103760e-01
2.819029055535793304e-02
8.690352439880371094e-01
1.112775802612304688e-01
4.988229572772979736e-01
3.442744016647338867e-01
4.246534109115600586e-01
1.601012349128723145e-01
4.881530702114105225e-01
9.068087935447692871e-01
2.911739945411682129e-01
2.322965562343597412e-01
7.718174159526824951e-02
7.816411554813385010e-02
3.921083360910415649e-02
1.142180711030960083e-01
5.520731806755065918e-01
6.397812962532043457e-01
2.916301414370536804e-02
7.743594646453857422e-01
1.173486337065696716e-01
3.728104382753372192e-02
1.595752984285354614e-01
5.316061377525329590e-01
1.399984061717987061e-01
8.501993864774703979e-02
8.478885889053344727e-01
1.281750798225402832e-01
7.930918782949447632e-02
3.551660180091857910e-01
3.608814775943756104e-01
2.876693010330200195e-01
1.568224728107452393e-01
6.866754591464996338e-02
6.494952738285064697e-02
3.133529424667358398e-01
6.835600733757019043e-02
1.399203389883041382e-01
5.581714510917663574e-01
3.439982533454895020e-01
6.057269498705863953e-02
6.307097077369689941e-01
3.346463143825531006e-01
7.003071159124374390e-02
2.236282825469970703e-01
9.514615684747695923e-02
3.386746346950531006e-02
3.032029606401920319e-02
8.155690878629684448e-02
7.431477308273315430e-02
8.539714217185974121e-01
7.824817895889282227e-01
7.821949124336242676e-01
5.771796703338623047e-01
8.098483085632324219e-01
5.917486548423767090e-01
8.303947001695632935e-02
1.570264995098114014e-01
8.389855027198791504e-01
2.147697657346725464e-01
6.205880641937255859e-01
5.707639828324317932e-02
4.678973928093910217e-02
6.119458675384521484e-01
5.527130961418151855e-01
4.195875823497772217e-01
3.910828828811645508e-01
8.248074650764465332e-01
1.001574546098709106e-01
1.274719536304473877e-01
6.002797484397888184e-01
3.015516102313995361e-01
6.178259849548339844e-01
3.389146924018859863e-01
4.012951552867889404e-01
1.640873551368713379e-01
7.536613196134567261e-02
6.390748023986816406e-01
4.395321309566497803e-01
6.201946735382080078e-01
4.597532451152801514e-01
4.586618021130561829e-02
4.395060613751411438e-02
9.041262269020080566e-01
3.942731022834777832e-01
5.329331383109092712e-02
8.137588500976562500e-01
5.370035395026206970e-02
2.388162165880203247e-01
7.675963640213012695e-01
2.730941772460937500e-02
6.536635011434555054e-02
2.477170228958129883e-01
5.056390166282653809e-01
8.547238707542419434e-01
1.357932090759277344e-01
7.178959250450134277e-02
1.713756322860717773e-01
5.741443485021591187e-02
1.771017611026763916e-01
8.993495106697082520e-01
2.842325866222381592e-01
8.747562766075134277e-01
2.593622207641601562e-01
4.863006174564361572e-01
3.705930411815643311e-01
7.922640442848205566e-01
2.487634271383285522e-01
5.739171504974365234e-01
4.233369603753089905e-02
7.793810367584228516e-01
7.874570488929748535e-01
5.925768613815307617e-01
4.003310203552246094e-01
3.361204564571380615e-01
7.233616709709167480e-02
3.091838359832763672e-01
5.664452910423278809e-01
6.644318699836730957e-01
2.436967641115188599e-01
5.192145332694053650e-02
2.681311368942260742e-01
9.436739236116409302e-02
2.894313037395477295e-01
2.040659636259078979e-01
2.372282743453979492e-01
3.486873507499694824e-01
2.408751398324966431e-01
2.901029884815216064e-01
7.269605994224548340e-01
3.707661628723144531e-01
6.012926697731018066e-01
9.988555312156677246e-02
3.887656033039093018e-01
7.687343358993530273e-01
3.619398176670074463e-01
2.915754914283752441e-01
3.872509598731994629e-01
1.110309511423110962e-01
2.889945209026336670e-01
6.595446169376373291e-02
5.692406371235847473e-02
4.462411105632781982e-01
5.435506105422973633e-01
1.250524967908859253e-01
8.745881915092468262e-01
3.088984787464141846e-01
6.048618257045745850e-02
8.597730398178100586e-01
1.805121898651123047e-01
2.103637456893920898e-01
1.758544445037841797e-01
8.242469280958175659e-02
2.630133032798767090e-01
1.234104484319686890e-01
7.304123044013977051e-02
2.827642858028411865e-01
6.070230007171630859e-01
4.776202738285064697e-01
3.473844230175018311e-01
6.896582245826721191e-02
8.227488398551940918e-01
1.294014006853103638e-01
6.478147506713867188e-01
2.610258162021636963e-01
6.839336752891540527e-01
4.978774115443229675e-02
2.710860967636108398e-01
6.070922613143920898e-01
3.133253380656242371e-02
3.435165062546730042e-02
1.779194176197052002e-01
8.574153780937194824e-01
3.609558939933776855e-01
7.577524185180664062e-01
8.854505419731140137e-01
6.191812157630920410e-01
1.172399446368217468e-01
9.132295846939086914e-01
9.495599567890167236e-02
3.518674671649932861e-01
7.208882272243499756e-02
3.254559040069580078e-01
6.533371806144714355e-01
3.824005722999572754e-01
3.405001387000083923e-02
8.071072101593017578e-01
4.733631610870361328e-01
8.129227161407470703e-01
1.093537658452987671e-01
8.817064166069030762e-01
9.170828461647033691e-01
5.968601107597351074e-01
1.445912569761276245e-01
1.837831884622573853e-01
1.423916816711425781e-01
5.916268825531005859e-01
7.401327490806579590e-01
1.657949984073638916e-01
6.734224557876586914e-01
6.741603016853332520e-01
8.639365434646606445e-01
9.466564655303955078e-02
5.958048105239868164e-01
8.713850975036621094e-01
4.071812033653259277e-01
6.069830656051635742e-01
8.784582018852233887e-01
3.040563762187957764e-01
3.591174185276031494e-01
8.628516793251037598e-01
1.308309435844421387e-01
7.518185973167419434e-01
5.859265848994255066e-02
3.598027527332305908e-01
4.246592223644256592e-01
7.283505797386169434e-02
9.087428450584411621e-01
9.814653545618057251e-02
8.237293958663940430e-01
4.136125147342681885e-01
1.193490028381347656e-01
9.346205741167068481e-02
1.183957010507583618e-01
8.158116042613983154e-02
9.925623983144760132e-02
4.007669687271118164e-01
8.246822953224182129e-01
2.680571675300598145e-01
7.844147086143493652e-01
7.913400232791900635e-02
5.916447639465332031e-01
5.975440740585327148e-01
7.308215647935867310e-02
3.058595061302185059e-01
5.075337290763854980e-01
1.380927264690399170e-01
5.644665360450744629e-01
9.194059669971466064e-02
7.200118899345397949e-01
8.362470865249633789e-01
8.321820497512817383e-01
2.829540967941284180e-01
2.405247390270233154e-01
5.179753899574279785e-01
1.427405327558517456e-01
6.129890680313110352e-01
2.782719135284423828e-01
8.218175172805786133e-01
1.470067352056503296e-01
3.645390868186950684e-01
8.504263162612915039e-01
2.403108626604080200e-01
4.884949326515197754e-01
3.528797626495361328e-01
3.422293961048126221e-01
5.354565382003784180e-02
1.048372834920883179e-01
4.097577333450317383e-01
3.134779632091522217e-01
2.884156703948974609e-01
6.900680065155029297e-01
8.103824853897094727e-01
5.068718194961547852e-01
3.186299204826354980e-01
3.897349163889884949e-02
1.806597709655761719e-01
8.591195344924926758e-01
5.219270586967468262e-01
9.510686248540878296e-02
8.436275720596313477e-01
5.735350847244262695e-01
4.085765779018402100e-01
1.534273326396942139e-01
9.670825302600860596e-02
4.156658798456192017e-02
2.017345428466796875e-01
6.293557286262512207e-01
8.394573926925659180e-01
6.545858383178710938e-01
5.018583536148071289e-01
2.325009405612945557e-01
1.985837966203689575e-01
2.972820401191711426e-01
6.260015964508056641e-01
2.854282557964324951e-01
8.819532394409179688e-01
7.073311805725097656e-01
3.837698400020599365e-01
2.625307440757751465e-01
5.300291180610656738e-01
3.612413406372070312e-01
6.221168637275695801e-01
8.818792104721069336e-01
1.382174789905548096e-01
5.356636643409729004e-01
1.886847764253616333e-01
7.959504425525665283e-02
5.492237955331802368e-02
7.533343136310577393e-02
2.865422703325748444e-02
1.282899379730224609e-01
4.365527033805847168e-01
2.280246168375015259e-01
2.991866171360015869e-01
8.463396430015563965e-01
4.547962546348571777e-01
3.657102212309837341e-02
2.503729164600372314e-01
3.353439867496490479e-01
6.432791054248809814e-02
2.895194888114929199e-01
7.572528719902038574e-01
3.474175035953521729e-01
8.299967050552368164e-01
3.625524416565895081e-02
3.354557454586029053e-01
7.115094661712646484e-01
1.737064719200134277e-01
6.836930513381958008e-01
1.254252791404724121e-01
3.737426921725273132e-02
5.679290369153022766e-02
8.342128247022628784e-02
4.846639335155487061e-01
9.064532071352005005e-02
8.452926278114318848e-01
3.485617637634277344e-01
2.004885226488113403e-01
5.145179629325866699e-01
1.595018804073333740e-01
4.844459593296051025e-01
2.849543988704681396e-01
2.141649276018142700e-01
8.080092072486877441e-01
2.714300453662872314e-01
4.412079751491546631e-01
8.942320942878723145e-01
2.862924933433532715e-01
2.007519155740737915e-01
4.307323098182678223e-01
8.848736435174942017e-02
2.396653592586517334e-01
1.627902090549468994e-01
1.122509390115737915e-01
8.368057012557983398e-02
1.886389106512069702e-01
1.247812435030937195e-01
9.016721844673156738e-01
4.756732285022735596e-02
6.405831128358840942e-02
2.955663390457630157e-02
8.568544983863830566e-01
7.841825485229492188e-01
3.461766242980957031e-01
2.679540216922760010e-01
4.738244116306304932e-01
3.265554308891296387e-01
2.379586249589920044e-01
3.226558864116668701e-01
2.958520501852035522e-02
8.985249698162078857e-02
9.378552436828613281e-02
8.903930336236953735e-02
2.329066395759582520e-01
4.804067313671112061e-02
6.209996342658996582e-01
3.496809899806976318e-01
7.614649534225463867e-01
3.189892768859863281e-01
3.726628422737121582e-01
6.136327609419822693e-02
8.330025672912597656e-01
5.593826174736022949e-01
7.297550439834594727e-01
7.869080305099487305e-01
3.857487142086029053e-01
6.321620345115661621e-01
3.186739981174468994e-01
1.479745954275131226e-01
6.274943053722381592e-02
4.165371879935264587e-02
3.446283936500549316e-01
7.389928102493286133e-01
8.452310562133789062e-01
3.204381093382835388e-02
3.682495951652526855e-01
1.592087596654891968e-01
8.362352848052978516e-02
1.221060603857040405e-01
4.400856047868728638e-02
5.750699639320373535e-01
7.381417751312255859e-01
2.951192297041416168e-02
1.578417569398880005e-01
4.149003028869628906e-01
6.242953613400459290e-02
1.275556981563568115e-01
2.259528040885925293e-01
2.038268595933914185e-01
2.490446269512176514e-01
2.560318708419799805e-01
8.176685571670532227e-01
5.848508477210998535e-01
2.579731047153472900e-01
4.960315302014350891e-02
2.653862833976745605e-01
5.037375539541244507e-02
6.470471620559692383e-01
4.328475594520568848e-01
2.143479883670806885e-01
5.440416187047958374e-02
7.808640599250793457e-02
7.638587355613708496e-01
6.982629001140594482e-02
3.636487126350402832e-01
4.754618555307388306e-02
8.386064767837524414e-01
5.805106833577156067e-02
3.118702769279479980e-02
3.702030777931213379e-01
7.569727897644042969e-01
4.115781486034393311e-01
4.719977825880050659e-02
4.415178671479225159e-02
3.552826941013336182e-01
2.661165297031402588e-01
1.973765790462493896e-01
1.175313070416450500e-01
4.897359013557434082e-01
5.934481620788574219e-01
1.952846646308898926e-01
8.003751933574676514e-02
2.265187650918960571e-01
5.136554315686225891e-02
1.921316981315612793e-01
8.416596651077270508e-01
4.011093974113464355e-01
1.728403866291046143e-01
9.186183810234069824e-01
1.471483260393142700e-01
5.106109976768493652e-01
6.567213684320449829e-02
8.390209078788757324e-01
3.150459229946136475e-01
5.979084596037864685e-02
8.397397398948669434e-01
8.423767685890197754e-01
5.422637462615966797e-01
2.533924765884876251e-02
4.490242004394531250e-01
3.497608006000518799e-01
1.233627498149871826e-01
7.702164649963378906e-01
6.667933613061904907e-02
9.500663727521896362e-02
3.326405584812164307e-01
1.552661359310150146e-01
1.218053549528121948e-01
2.650480568408966064e-01
6.366988271474838257e-02
6.768640875816345215e-01
1.492875367403030396e-01
5.706983804702758789e-01
4.587487876415252686e-01
4.514309763908386230e-01
3.168085217475891113e-01
3.307020664215087891e-01
2.793569564819335938e-01
1.179451197385787964e-01
8.570309877395629883e-01
2.130937576293945312e-01
4.666208922863006592e-01
8.925836086273193359e-01
2.472970932722091675e-01
8.500371873378753662e-02
4.799410402774810791e-01
9.931712597608566284e-02
8.258636593818664551e-01
8.369817584753036499e-02
1.981361210346221924e-01
3.568987548351287842e-01
8.059738278388977051e-01
4.065861403942108154e-01
5.177197456359863281e-01
2.007519155740737915e-01
2.329645454883575439e-01
5.127484202384948730e-01
1.106102243065834045e-01
2.598296105861663818e-01
3.643872439861297607e-01
5.116462111473083496e-01
8.605767041444778442e-02
6.458536982536315918e-01
6.484315991401672363e-01
1.151574179530143738e-01
4.407978951930999756e-01
8.483651876449584961e-01
1.308274418115615845e-01
4.859773814678192139e-01
3.446590900421142578e-01
2.761933803558349609e-01
1.707805693149566650e-01
1.037712022662162781e-01
6.194131374359130859e-01
4.532217979431152344e-01
6.222185492515563965e-01
5.063086152076721191e-01
8.949509859085083008e-01
9.153354167938232422e-01
9.122800230979919434e-01
3.082131780683994293e-02
4.286229908466339111e-01
2.670861780643463135e-01
4.610326886177062988e-01
9.036388993263244629e-01
3.450062572956085205e-01
3.777455091476440430e-01
3.230736553668975830e-01
8.115700632333755493e-02
8.346305489540100098e-01
2.786444313824176788e-02
1.239894703030586243e-01
7.975938320159912109e-01
5.961454659700393677e-02
1.630140095949172974e-01
5.057814121246337891e-01
2.449467182159423828e-01
8.932273387908935547e-01
7.858435809612274170e-02
5.477546900510787964e-02
6.736595928668975830e-02
8.377356529235839844e-01
8.809095025062561035e-01
2.790241874754428864e-02
8.021852374076843262e-01
5.177626013755798340e-02
7.501964569091796875e-01
3.933734297752380371e-01
7.071447968482971191e-01
5.246605873107910156e-01
8.195263892412185669e-02
3.834793865680694580e-01
7.731621861457824707e-01
4.040217399597167969e-02
5.757047235965728760e-02
7.167276740074157715e-01
4.963340237736701965e-02
1.506799608469009399e-01
1.913121193647384644e-01
4.679160416126251221e-01
5.035159364342689514e-02
7.224116325378417969e-01
2.164941132068634033e-01
4.248427748680114746e-01
5.776526406407356262e-02
3.665687739849090576e-01
8.671388030052185059e-01
7.285590171813964844e-01
7.232990860939025879e-01
3.263033032417297363e-01
6.812522411346435547e-01
3.117541670799255371e-01
5.615177154541015625e-01
1.067819520831108093e-01
9.305575489997863770e-02
3.294506296515464783e-02
8.128153681755065918e-01
7.859261631965637207e-01
6.469749808311462402e-01
8.257441967725753784e-02
6.202586293220520020e-01
9.083120524883270264e-02
2.352081090211868286e-01
8.823173046112060547e-01
7.853600978851318359e-01
2.107752561569213867e-01
1.300463527441024780e-01
3.823180124163627625e-02
3.330282494425773621e-02
3.431242704391479492e-01
8.576332926750183105e-01
3.755289018154144287e-01
4.697492718696594238e-02
2.264101356267929077e-01
5.553187727928161621e-01
7.388181090354919434e-01
6.834852695465087891e-02
3.576567769050598145e-01
3.819678425788879395e-01
8.731461763381958008e-01
1.720921695232391357e-01
5.770834535360336304e-02
2.005371898412704468e-01
4.601444303989410400e-01
3.910719752311706543e-01
7.422411441802978516e-02
4.083847403526306152e-01
8.802373409271240234e-01
8.103617429733276367e-01
4.888704419136047363e-01
1.426210552453994751e-01
7.401026040315628052e-02
7.027983665466308594e-01
6.723459959030151367e-01
2.002912610769271851e-01
3.895320892333984375e-01
6.000509262084960938e-01
8.597540855407714844e-02
6.320866197347640991e-02
4.290006309747695923e-02
6.225506067276000977e-01
2.043699473142623901e-01
3.529291599988937378e-02
3.101879954338073730e-01
7.716750502586364746e-01
2.903622388839721680e-01
7.714026570320129395e-01
4.199948310852050781e-01
2.394148558378219604e-01
1.378478854894638062e-01
6.622181087732315063e-02
7.652227282524108887e-01
9.141928553581237793e-01
4.218625649809837341e-02
9.044812917709350586e-01
9.063037633895874023e-01
8.028095960617065430e-01
2.697484195232391357e-01
8.237935304641723633e-01
1.343609690666198730e-01
4.629735350608825684e-01
7.331085801124572754e-01
7.568386793136596680e-01
7.327242493629455566e-01
4.818265512585639954e-02
6.479552388191223145e-02
3.204758763313293457e-01
8.248611688613891602e-01
3.313863575458526611e-01
1.638406515121459961e-01
4.593867957592010498e-01
6.908378005027770996e-01
3.343146741390228271e-01
2.879953682422637939e-01
6.124274134635925293e-01
3.292409479618072510e-01
4.051187634468078613e-01
8.152895569801330566e-01
6.213572621345520020e-01
5.452687293291091919e-02
6.882580518722534180e-01
4.747537523508071899e-02
3.293048441410064697e-01
8.190951943397521973e-01
9.602138400077819824e-02
1.775113344192504883e-01
6.367673724889755249e-02
5.752046108245849609e-01
9.048197269439697266e-01
6.382039785385131836e-01
8.406739830970764160e-01
4.611472412943840027e-02
3.393170982599258423e-02
8.756372332572937012e-02
8.747733831405639648e-01
2.245275080204010010e-01
6.699391603469848633e-01
8.039782643318176270e-01
3.280212879180908203e-01
6.772577017545700073e-02
7.059794664382934570e-02
5.985957980155944824e-01
9.034719467163085938e-01
3.373786807060241699e-02
5.687484890222549438e-02
8.498870730400085449e-01
2.518201172351837158e-01
5.359480157494544983e-02
3.865939676761627197e-01
6.930563598871231079e-02
1.667946577072143555e-01
3.739521503448486328e-01
4.742270410060882568e-01
5.301178619265556335e-02
1.976788938045501709e-01
5.623452365398406982e-02
2.050028741359710693e-01
6.396197676658630371e-01
6.262204647064208984e-01
3.232145905494689941e-01
6.687767058610916138e-02
9.019482135772705078e-02
1.842004656791687012e-01
1.632208526134490967e-01
2.139832675457000732e-01
4.419281184673309326e-01
9.634651243686676025e-02
2.675136029720306396e-01
9.098079800605773926e-01
6.496917456388473511e-02
3.960952460765838623e-01
1.446919739246368408e-01
7.278574109077453613e-01
4.704265296459197998e-01
1.035865619778633118e-01
4.316650927066802979e-01
8.827586174011230469e-01
6.611379981040954590e-02
2.259177267551422119e-01
3.310619667172431946e-02
1.109967678785324097e-01
2.252604216337203979e-01
5.024558901786804199e-01
3.173483014106750488e-01
3.167840242385864258e-01
8.494349718093872070e-01
3.979567289352416992e-01
6.691101789474487305e-01
3.464007973670959473e-01
7.047599554061889648e-02
5.672581195831298828e-01
1.424047648906707764e-01
3.376433253288269043e-02
8.733276128768920898e-01
5.246983170509338379e-01
6.914707422256469727e-01
5.588923692703247070e-01
6.984657049179077148e-02
3.804509639739990234e-01
2.049868106842041016e-01
2.993032038211822510e-01
4.703753292560577393e-01
3.997579962015151978e-02
3.895150125026702881e-02
5.602101683616638184e-01
1.001064106822013855e-01
5.611314177513122559e-01
6.556391716003417969e-01
4.643942117691040039e-01
4.675254598259925842e-02
7.976227402687072754e-01
6.673477292060852051e-01
2.769806087017059326e-01
8.451348543167114258e-01
5.573017001152038574e-01
6.254636049270629883e-01
1.029485762119293213e-01
8.485678434371948242e-01
5.240073800086975098e-01
3.807000070810317993e-02
8.682949542999267578e-01
4.377767443656921387e-01
8.664627671241760254e-01
6.337900459766387939e-02
4.607882797718048096e-01
2.787807583808898926e-01
3.744096457958221436e-01
4.300464987754821777e-01
8.589851856231689453e-01
2.809286117553710938e-01
4.407850205898284912e-01
2.798803523182868958e-02
8.421125411987304688e-01
1.030784472823143005e-01
3.551179915666580200e-02
8.197645545005798340e-01
8.609806895256042480e-01
4.782877266407012939e-01
5.746944621205329895e-02
6.612176895141601562e-01
4.173199832439422607e-01
8.269360661506652832e-01
2.034902721643447876e-01
8.264068365097045898e-01
2.805372886359691620e-02
5.111100673675537109e-01
8.139272034168243408e-02
4.666407704353332520e-01
7.074540108442306519e-02
3.365045487880706787e-01
4.934313893318176270e-01
1.414807438850402832e-01
4.262743592262268066e-01
2.306900471448898315e-01
8.037412166595458984e-01
8.075923323631286621e-01
6.493867635726928711e-01
6.380884647369384766e-01
8.481709659099578857e-02
5.231806039810180664e-01
8.427169322967529297e-01
7.274021506309509277e-01
2.026785016059875488e-01
4.646604359149932861e-01
1.500155776739120483e-01
1.990984380245208740e-01
1.055227071046829224e-01
3.128481507301330566e-01
9.052781462669372559e-01
1.874200254678726196e-01
6.589037775993347168e-01
1.279650777578353882e-01
6.441702842712402344e-01
9.957760572433471680e-02
2.920674681663513184e-01
4.617760330438613892e-02
7.632943242788314819e-02
2.386167496442794800e-01
8.677729368209838867e-01
7.340030074119567871e-01
5.259606838226318359e-01
7.470534741878509521e-02
8.015964031219482422e-01
9.052380919456481934e-01
7.137434482574462891e-01
1.180309131741523743e-01
3.802501261234283447e-01
8.370755910873413086e-01
8.352591395378112793e-01
8.450556397438049316e-01
4.263836145401000977e-02
8.938905000686645508e-01
8.893658518791198730e-01
4.599203169345855713e-01
8.753955960273742676e-01
3.970966935157775879e-01
3.999140113592147827e-02
6.898753046989440918e-01
3.570265173912048340e-01
6.437006592750549316e-01
1.461422294378280640e-01
7.841316461563110352e-01
5.865410566329956055e-01
1.492233872413635254e-01
7.285338044166564941e-01
7.150307297706604004e-01
7.679321169853210449e-01
5.267261713743209839e-02
5.968805551528930664e-01
7.343555688858032227e-01
5.299687385559082031e-01
3.291044235229492188e-01
3.930306434631347656e-01
6.805641651153564453e-01
8.404307961463928223e-01
7.492829561233520508e-01
7.749275118112564087e-02
1.148307397961616516e-01
2.007519155740737915e-01
3.772577270865440369e-02
2.123100608587265015e-01
2.403184622526168823e-01
6.949459910392761230e-01
1.667780578136444092e-01
4.474999010562896729e-02
2.901257872581481934e-01
5.528995394706726074e-01
9.207229316234588623e-02
4.562824666500091553e-01
1.472021490335464478e-01
7.995199561119079590e-01
6.948649287223815918e-01
5.260727182030677795e-02
3.740077912807464600e-01
4.271169751882553101e-02
3.070070743560791016e-01
3.506419062614440918e-01
1.515872776508331299e-01
7.051827013492584229e-02
5.223457515239715576e-02
6.311769485473632812e-01
3.447217047214508057e-01
8.975056558847427368e-02
2.796203494071960449e-01
2.790937423706054688e-01
4.886331558227539062e-01
8.108031153678894043e-01
4.491600394248962402e-02
1.287807971239089966e-01
7.215851545333862305e-01
5.368455648422241211e-01
4.975567758083343506e-02
9.178338646888732910e-01
7.473676204681396484e-01
5.059925913810729980e-01
6.903153657913208008e-02
4.116452932357788086e-01
6.810397654771804810e-02
8.477209508419036865e-02
4.667347669601440430e-01
3.816242143511772156e-02
6.745274066925048828e-01
7.531579136848449707e-01
7.549557685852050781e-01
4.347699135541915894e-02
6.495249867439270020e-01
1.497992426156997681e-01
4.879821836948394775e-01
4.730398058891296387e-01
2.398117631673812866e-01
4.334959685802459717e-01
3.835212290287017822e-01
9.116653203964233398e-01
1.555747687816619873e-01
2.644727528095245361e-01
7.894970178604125977e-01
5.781567692756652832e-01
8.409222364425659180e-01
7.566391825675964355e-01
4.235039055347442627e-01
5.371109843254089355e-01
8.546134829521179199e-01
8.781607151031494141e-01
2.940979897975921631e-01
8.741577863693237305e-01
3.633870556950569153e-02
8.517243862152099609e-01
7.218480706214904785e-01
3.572484478354454041e-02
3.194321691989898682e-02
5.811209678649902344e-01
4.459130764007568359e-01
5.073035880923271179e-02
9.834434837102890015e-02
8.866413831710815430e-01
5.723458901047706604e-02
4.220851510763168335e-02
1.976401954889297485e-01
2.424490749835968018e-01
2.691121399402618408e-01
5.169374495744705200e-02
2.982598543167114258e-01
3.205607831478118896e-02
3.252968788146972656e-01
2.697981595993041992e-01
6.926470398902893066e-01
7.400721311569213867e-01
8.298332095146179199e-01
3.007923066616058350e-01
2.695151567459106445e-01
4.435661137104034424e-01
7.702531814575195312e-01
9.640832245349884033e-02
3.150126039981842041e-01
2.725318372249603271e-01
2.833444252610206604e-02
8.807755112648010254e-01
3.878315091133117676e-01
5.748832970857620239e-02
1.104361712932586670e-01
5.654956102371215820e-01
3.583601713180541992e-01
6.022387742996215820e-01
1.962034404277801514e-01
3.609252572059631348e-01
1.130944043397903442e-01
4.742456078529357910e-01
3.986984491348266602e-01
3.423322737216949463e-01
2.609579563140869141e-01
2.494450062513351440e-01
3.764826059341430664e-02
3.125154674053192139e-01
9.651159495115280151e-02
3.944333493709564209e-01
5.386872217059135437e-02
8.778765201568603516e-01
8.210639953613281250e-01
8.217171579599380493e-02
