5.323873087763786316e-02
9.158619046211242676e-01
1.532951295375823975e-01
9.027723073959350586e-01
2.411789745092391968e-01
6.141536682844161987e-02
1.625137925148010254e-01
2.092559188604354858e-01
9.088919162750244141e-01
1.571083962917327881e-01
3.452714085578918457e-01
3.359016776084899902e-01
8.743916153907775879e-01
5.027300119400024414e-01
2.050089389085769653e-01
1.862686425447463989e-01
1.924241185188293457e-01
6.430595517158508301e-01
9.142679572105407715e-01
3.546003699302673340e-01
6.576697826385498047e-01
7.054540514945983887e-01
5.477705970406532288e-02
5.616670474410057068e-02
1.883604824542999268e-01
6.275445967912673950e-02
8.924649357795715332e-01
3.186548352241516113e-01
3.852589726448059082e-01
4.015427529811859131e-01
2.115464359521865845e-01
5.246056988835334778e-02
9.104297757148742676e-01
5.366259440779685974e-02
2.495167106389999390e-01
1.278915107250213623e-01
1.681382358074188232e-01
9.823516756296157837e-02
4.591737091541290283e-01
9.090122580528259277e-01
1.942827552556991577e-01
7.735849916934967041e-02
5.526711419224739075e-02
5.543471872806549072e-02
5.948101729154586792e-02
7.843777537345886230e-02
3.629721701145172119e-01
4.192358851432800293e-01
5.239314213395118713e-02
8.982192873954772949e-01
1.494520604610443115e-01
5.359590426087379456e-02
1.750099211931228638e-01
3.718249797821044922e-01
8.203732967376708984e-02
6.142538413405418396e-02
8.194178342819213867e-01
1.034475490450859070e-01
6.147075444459915161e-02
1.099504008889198303e-01
1.951383352279663086e-01
1.041050031781196594e-01
1.731387823820114136e-01
6.926455348730087280e-02
6.259845942258834839e-02
1.210821047425270081e-01
5.518962815403938293e-02
7.016377151012420654e-02
4.292261600494384766e-01
3.443423509597778320e-01
5.594770237803459167e-02
6.453090310096740723e-01
3.143309354782104492e-01
7.678335905075073242e-02
1.976289749145507812e-01
5.996064841747283936e-02
5.817904695868492126e-02
5.228647589683532715e-02
6.976389884948730469e-02
5.693816021084785461e-02
9.132364392280578613e-01
6.506913900375366211e-01
8.845764398574829102e-01
4.533389806747436523e-01
9.070665836334228516e-01
5.389920473098754883e-01
7.628476619720458984e-02
1.384725570678710938e-01
6.800240278244018555e-01
3.435418605804443359e-01
7.180459499359130859e-01
5.582987889647483826e-02
5.505194142460823059e-02
3.638895750045776367e-01
4.370522201061248779e-01
3.786140084266662598e-01
4.093760550022125244e-01
9.136565923690795898e-01
7.428604364395141602e-02
6.829190999269485474e-02
3.516742289066314697e-01
1.915519237518310547e-01
4.571957290172576904e-01
6.550714373588562012e-02
3.648700118064880371e-01
9.926913678646087646e-02
8.452924340963363647e-02
5.629886984825134277e-01
4.388882517814636230e-01
4.072736203670501709e-01
3.533638119697570801e-01
5.545717105269432068e-02
6.843923032283782959e-02
8.998551368713378906e-01
1.924978047609329224e-01
5.526410415768623352e-02
8.968390226364135742e-01
5.775344371795654297e-02
1.277654469013214111e-01
5.570130944252014160e-01
5.330400913953781128e-02
1.618448942899703979e-01
8.509995043277740479e-02
4.795769155025482178e-01
9.095281362533569336e-01
2.225484997034072876e-01
1.263704299926757812e-01
1.337375342845916748e-01
5.586972087621688843e-02
1.808085441589355469e-01
9.104625582695007324e-01
4.041748642921447754e-01
8.640928268432617188e-01
1.359385550022125244e-01
2.901995778083801270e-01
4.260757267475128174e-01
9.116362929344177246e-01
3.543646633625030518e-01
4.299155175685882568e-01
5.280436202883720398e-02
6.991944909095764160e-01
8.110041618347167969e-01
5.575604438781738281e-01
4.107143878936767578e-01
3.600476682186126709e-01
5.827333033084869385e-02
4.535605609416961670e-01
6.501430273056030273e-01
4.683629870414733887e-01
8.188041299581527710e-02
5.416123196482658386e-02
1.364733576774597168e-01
6.193383410573005676e-02
6.192906573414802551e-02
1.263048052787780762e-01
7.887047529220581055e-02
1.928182095289230347e-01
3.856581747531890869e-01
4.671979844570159912e-01
7.323563694953918457e-01
3.755385577678680420e-01
5.424996614456176758e-01
5.963311716914176941e-02
1.920978724956512451e-01
8.828723430633544922e-01
3.047233819961547852e-01
2.473830282688140869e-01
3.295020759105682373e-01
1.243495121598243713e-01
2.503816485404968262e-01
5.938123911619186401e-02
5.614021793007850647e-02
4.038894474506378174e-01
5.777336359024047852e-01
1.079930961132049561e-01
8.983547687530517578e-01
3.029986619949340820e-01
6.671337783336639404e-02
8.879049420356750488e-01
1.504390835762023926e-01
2.136172801256179810e-01
6.592704355716705322e-02
1.506110727787017822e-01
2.141467034816741943e-01
1.375178694725036621e-01
6.876478344202041626e-02
1.501909345388412476e-01
4.162567853927612305e-01
2.341838032007217407e-01
4.157539606094360352e-01
5.605057626962661743e-02
6.498169302940368652e-01
1.573455780744552612e-01
7.829627394676208496e-01
2.359895706176757812e-01
5.003736615180969238e-01
5.533033981919288635e-02
2.073406875133514404e-01
4.413283169269561768e-01
5.472045391798019409e-02
5.340359732508659363e-02
2.965603470802307129e-01
9.104637503623962402e-01
2.071813493967056274e-01
5.636222362518310547e-01
9.134835600852966309e-01
5.039461255073547363e-01
1.580645442008972168e-01
9.153879880905151367e-01
5.961422249674797058e-02
4.027899801731109619e-01
5.350182577967643738e-02
3.534371852874755859e-01
5.557519197463989258e-01
3.475319445133209229e-01
5.518339946866035461e-02
7.439982295036315918e-01
3.742283582687377930e-01
7.585629820823669434e-01
6.033725291490554810e-02
9.065072536468505859e-01
9.156535267829895020e-01
3.778189420700073242e-01
7.489818334579467773e-02
1.816191524267196655e-01
8.085481077432632446e-02
5.640196204185485840e-01
4.735704362392425537e-01
1.196696236729621887e-01
5.348131060600280762e-01
8.847156167030334473e-01
9.136147499084472656e-01
7.025144249200820923e-02
7.715176939964294434e-01
9.089503288269042969e-01
2.012474089860916138e-01
6.731040477752685547e-01
9.106658697128295898e-01
1.647963374853134155e-01
2.864778339862823486e-01
9.163857698440551758e-01
1.635598093271255493e-01
6.554573774337768555e-01
1.592519879341125488e-01
2.310743182897567749e-01
5.053271055221557617e-01
7.418026030063629150e-02
9.144105911254882812e-01
6.000783666968345642e-02
6.037300229072570801e-01
3.955262899398803711e-01
1.159223765134811401e-01
5.982714518904685974e-02
5.550125986337661743e-02
1.241980269551277161e-01
1.354129910469055176e-01
1.456983983516693115e-01
8.928598761558532715e-01
1.899726241827011108e-01
9.061498641967773438e-01
5.951427295804023743e-02
4.682194888591766357e-01
3.630397319793701172e-01
5.450846254825592041e-02
1.901763379573822021e-01
3.818376362323760986e-01
2.042515128850936890e-01
4.305587112903594971e-01
5.369545891880989075e-02
7.280586361885070801e-01
9.016565084457397461e-01
8.559604287147521973e-01
3.783441781997680664e-01
1.833222508430480957e-01
6.747895479202270508e-01
1.290492862462997437e-01
6.999775171279907227e-01
7.420895993709564209e-02
8.175001740455627441e-01
6.566177308559417725e-02
1.732387095689773560e-01
9.116159677505493164e-01
2.474362105131149292e-01
4.187466800212860107e-01
3.022013008594512939e-01
1.912733465433120728e-01
6.028567627072334290e-02
6.670896708965301514e-02
2.550301849842071533e-01
8.414645493030548096e-02
8.144586533308029175e-02
6.903859376907348633e-01
5.447805523872375488e-01
3.527897000312805176e-01
1.118519753217697144e-01
5.400490760803222656e-02
1.527557820081710815e-01
9.112872481346130371e-01
3.475861549377441406e-01
1.418127566576004028e-01
9.133083820343017578e-01
3.304294645786285400e-01
1.650245338678359985e-01
1.126153916120529175e-01
1.239419281482696533e-01
5.511396378278732300e-02
8.559816330671310425e-02
9.253670573234558105e-01
9.096564650535583496e-01
5.894822478294372559e-01
4.315342307090759277e-01
7.967665046453475952e-02
1.390882134437561035e-01
1.354453712701797485e-01
5.468837618827819824e-01
2.727162837982177734e-01
9.060646891593933105e-01
7.630866169929504395e-01
1.714303195476531982e-01
2.791443765163421631e-01
5.865415334701538086e-01
2.571847438812255859e-01
4.234524369239807129e-01
9.137696027755737305e-01
1.547436416149139404e-01
4.021355807781219482e-01
1.533906012773513794e-01
5.643031373620033264e-02
6.483577936887741089e-02
6.584321707487106323e-02
5.253852531313896179e-02
1.597024053335189819e-01
3.413003087043762207e-01
5.818158760666847229e-02
2.994385063648223877e-01
9.126742482185363770e-01
2.190688550472259521e-01
5.269799754023551941e-02
1.225183531641960144e-01
3.700198829174041748e-01
5.812884494662284851e-02
2.859221100807189941e-01
6.022650599479675293e-01
3.376155793666839600e-01
7.941551804542541504e-01
5.628885328769683838e-02
3.095496594905853271e-01
5.509950518608093262e-01
1.150261685252189636e-01
8.651149868965148926e-01
6.665740162134170532e-02
5.329386517405509949e-02
5.556467548012733459e-02
1.620724201202392578e-01
3.183414638042449951e-01
6.507302820682525635e-02
7.062962055206298828e-01
2.213444411754608154e-01
1.373475790023803711e-01
2.564406394958496094e-01
1.609791368246078491e-01
4.719389975070953369e-01
3.249572515487670898e-01
6.073039770126342773e-02
6.742326021194458008e-01
2.152733206748962402e-01
3.588167726993560791e-01
9.143527746200561523e-01
3.756746053695678711e-01
1.481854021549224854e-01
2.054915726184844971e-01
7.979200035333633423e-02
2.465952187776565552e-01
1.958545744419097900e-01
6.326412409543991089e-02
5.936408787965774536e-02
1.095655560493469238e-01
6.356307864189147949e-02
9.124449491500854492e-01
8.526492118835449219e-02
5.665613338351249695e-02
5.363737419247627258e-02
8.515904545783996582e-01
5.332135558128356934e-01
2.256204783916473389e-01
1.531637161970138550e-01
3.554058074951171875e-01
1.106332615017890930e-01
1.136041060090065002e-01
4.453179836273193359e-01
5.235359445214271545e-02
5.491141229867935181e-02
8.777925372123718262e-02
5.632331594824790955e-02
1.475665718317031860e-01
8.122928440570831299e-02
6.876553297042846680e-01
2.535192668437957764e-01
7.091146707534790039e-01
7.067202031612396240e-02
1.888746470212936401e-01
5.676772072911262512e-02
8.906511664390563965e-01
3.671279549598693848e-01
8.808940052986145020e-01
8.848944306373596191e-01
2.839960157871246338e-01
4.221234917640686035e-01
3.103530704975128174e-01
1.341569572687149048e-01
5.867188796401023865e-02
5.353010818362236023e-02
3.522191643714904785e-01
3.190332353115081787e-01
8.855100870132446289e-01
5.342399328947067261e-02
3.081517517566680908e-01
1.221319437026977539e-01
5.734510347247123718e-02
6.596759706735610962e-02
5.615054816007614136e-02
6.034654378890991211e-01
7.723944187164306641e-01
5.626153200864791870e-02
1.219252049922943115e-01
4.773641824722290039e-01
5.423221737146377563e-02
1.826750487089157104e-01
1.967500001192092896e-01
2.469009011983871460e-01
2.125800997018814087e-01
9.451124072074890137e-02
8.995476961135864258e-01
5.368474721908569336e-01
6.237217783927917480e-02
6.104326248168945312e-02
2.600952088832855225e-01
1.107461154460906982e-01
4.727029800415039062e-01
2.454084306955337524e-01
1.829286962747573853e-01
6.259912997484207153e-02
9.026549011468887329e-02
7.853057980537414551e-01
8.366250991821289062e-02
1.865416169166564941e-01
5.682803317904472351e-02
8.508999347686767578e-01
6.583105027675628662e-02
5.275596678256988525e-02
2.241895943880081177e-01
6.578700542449951172e-01
4.916170835494995117e-01
5.407692492008209229e-02
5.449822917580604553e-02
4.051485955715179443e-01
2.422784119844436646e-01
1.798923313617706299e-01
6.081349775195121765e-02
3.432224988937377930e-01
2.587036192417144775e-01
1.619680970907211304e-01
5.838880315423011780e-02
1.640581041574478149e-01
7.228285819292068481e-02
9.816651791334152222e-02
8.439457416534423828e-01
1.975859701633453369e-01
2.015515118837356567e-01
9.259598255157470703e-01
1.885610669851303101e-01
4.110912978649139404e-01
7.336802780628204346e-02
8.600671291351318359e-01
3.602124750614166260e-01
5.762594565749168396e-02
9.070222377777099609e-01
9.095362424850463867e-01
3.514028191566467285e-01
5.170216783881187439e-02
2.534283399581909180e-01
3.115552961826324463e-01
6.556255370378494263e-02
6.848077774047851562e-01
5.727429687976837158e-02
6.354527920484542847e-02
3.461706340312957764e-01
1.267384588718414307e-01
6.279413402080535889e-02
2.927210330963134766e-01
5.735556781291961670e-02
1.797970384359359741e-01
1.315073370933532715e-01
7.788929939270019531e-01
3.541624844074249268e-01
2.917698323726654053e-01
2.049011290073394775e-01
3.392995893955230713e-01
5.840312317013740540e-02
1.618291735649108887e-01
9.128792285919189453e-01
6.779475510120391846e-02
5.012679696083068848e-01
9.126496911048889160e-01
2.474040389060974121e-01
5.449321493506431580e-02
6.645908951759338379e-01
7.828821986913681030e-02
7.980833649635314941e-01
6.069484353065490723e-02
1.904246956110000610e-01
2.583320736885070801e-01
8.664679527282714844e-01
3.645285964012145996e-01
4.423182904720306396e-01
1.481854021549224854e-01
1.392449885606765747e-01
2.871691286563873291e-01
1.921661645174026489e-01
1.633267700672149658e-01
1.664367914199829102e-01
5.115057826042175293e-01
8.100774884223937988e-02
4.033119976520538330e-01
5.884937047958374023e-01
5.631330236792564392e-02
2.678308486938476562e-01
9.104595184326171875e-01
5.775224044919013977e-02
5.236297845840454102e-01
6.500649452209472656e-02
2.355252057313919067e-01
1.632919609546661377e-01
1.367176771163940430e-01
5.376524925231933594e-01
4.383091628551483154e-01
3.508188128471374512e-01
5.291358232498168945e-01
9.124154448509216309e-01
9.154738783836364746e-01
9.185811281204223633e-01
5.402624979615211487e-02
2.177289277315139771e-01
2.530578672885894775e-01
4.224709272384643555e-01
9.138132929801940918e-01
1.975644826889038086e-01
3.448620438575744629e-01
2.334380894899368286e-01
6.353739649057388306e-02
9.095680713653564453e-01
5.335583537817001343e-02
8.633065968751907349e-02
8.129111528396606445e-01
5.290457978844642639e-02
8.819746226072311401e-02
4.592901766300201416e-01
1.531246751546859741e-01
9.136820435523986816e-01
5.376695841550827026e-02
9.871041774749755859e-02
2.147727161645889282e-01
8.505595922470092773e-01
9.136749505996704102e-01
5.207261443138122559e-02
9.105675220489501953e-01
5.583162605762481689e-02
6.765390634536743164e-01
3.410517871379852295e-01
6.489055156707763672e-01
3.315578401088714600e-01
5.901528149843215942e-02
3.579270839691162109e-01
7.435595989227294922e-01
5.268792808055877686e-02
5.279809236526489258e-02
5.475115180015563965e-01
5.718835815787315369e-02
1.811811774969100952e-01
4.359748065471649170e-01
4.391950666904449463e-01
5.477324873208999634e-02
5.597165226936340332e-01
1.807741075754165649e-01
1.254588663578033447e-01
5.598477274179458618e-02
3.340060412883758545e-01
9.101520180702209473e-01
8.270372152328491211e-01
8.947039246559143066e-01
3.042469620704650879e-01
5.674718022346496582e-01
1.964445412158966064e-01
4.618631601333618164e-01
8.163468539714813232e-02
5.662591755390167236e-02
5.217617750167846680e-02
7.360844016075134277e-01
7.789487242698669434e-01
5.867267847061157227e-01
1.110562980175018311e-01
4.227814376354217529e-01
8.065113425254821777e-02
1.891993731260299683e-01
9.021768569946289062e-01
4.126460850238800049e-01
1.466675698757171631e-01
1.102017909288406372e-01
5.441889166831970215e-02
5.286630615592002869e-02
1.750523597002029419e-01
9.121329188346862793e-01
3.760280311107635498e-01
5.414750799536705017e-02
8.743946999311447144e-02
3.901952505111694336e-01
5.649127364158630371e-01
7.313396036624908447e-02
3.720313608646392822e-01
4.310231208801269531e-01
9.033395648002624512e-01
9.144898504018783569e-02
6.893309950828552246e-02
2.492026537656784058e-01
3.614567816257476807e-01
2.341664433479309082e-01
5.576413497328758240e-02
4.582876861095428467e-01
9.093902111053466797e-01
8.823034763336181641e-01
5.971532464027404785e-01
1.339544653892517090e-01
5.743438377976417542e-02
4.641679823398590088e-01
2.337528020143508911e-01
2.648580670356750488e-01
5.040400624275207520e-01
5.158019065856933594e-01
5.405588820576667786e-02
5.375011265277862549e-02
5.295246094465255737e-02
2.360604405403137207e-01
3.398216068744659424e-01
5.378166213631629944e-02
2.761585414409637451e-01
8.813899159431457520e-01
2.070029675960540771e-01
5.593470931053161621e-01
3.740028142929077148e-01
2.034032642841339111e-01
1.868735253810882568e-01
7.644342631101608276e-02
8.767283558845520020e-01
9.241648316383361816e-01
5.361013859510421753e-02
9.143207669258117676e-01
9.143106341361999512e-01
8.087640404701232910e-01
4.214386343955993652e-01
6.233209967613220215e-01
5.348470434546470642e-02
3.653758168220520020e-01
6.079326868057250977e-01
7.765866518020629883e-01
8.621397614479064941e-01
6.228130310773849487e-02
8.167660981416702271e-02
3.715087771415710449e-01
7.596505284309387207e-01
3.532826304435729980e-01
1.928012371063232422e-01
4.611131846904754639e-01
4.323422014713287354e-01
3.633958101272583008e-01
4.020887017250061035e-01
3.735446929931640625e-01
1.799747347831726074e-01
3.149206042289733887e-01
9.242451786994934082e-01
5.205392837524414062e-01
5.320043861865997314e-02
5.031171441078186035e-01
5.332359671592712402e-02
2.839239239692687988e-01
8.886030316352844238e-01
6.259717047214508057e-02
5.451973155140876770e-02
5.910065025091171265e-02
3.072602748870849609e-01
9.100918769836425781e-01
3.635651171207427979e-01
8.819230794906616211e-01
5.385609343647956848e-02
5.343539640307426453e-02
5.397776141762733459e-02
8.987157344818115234e-01
2.827861607074737549e-01
5.893179774284362793e-01
6.777784824371337891e-01
2.863220274448394775e-01
5.791718140244483948e-02
5.547648295760154724e-02
5.022388696670532227e-01
9.112516045570373535e-01
5.413964390754699707e-02
7.172147184610366821e-02
9.088172912597656250e-01
1.266359686851501465e-01
5.535743385553359985e-02
3.794853091239929199e-01
5.603970214724540710e-02
1.929579824209213257e-01
3.629889488220214844e-01
2.659749686717987061e-01
5.484998971223831177e-02
1.180530786514282227e-01
5.675272271037101746e-02
3.264563381671905518e-01
5.983193516731262207e-01
4.987564086914062500e-01
2.840164303779602051e-01
6.013223156332969666e-02
7.382117956876754761e-02
1.505337208509445190e-01
2.313622087240219116e-01
6.783877313137054443e-02
3.345269858837127686e-01
8.773969858884811401e-02
3.158944547176361084e-01
9.142913818359375000e-01
7.265890389680862427e-02
2.905317842960357666e-01
5.978285148739814758e-02
5.442184805870056152e-01
2.936398088932037354e-01
1.166208907961845398e-01
2.036704570055007935e-01
9.110862612724304199e-01
5.889657512307167053e-02
1.544173210859298706e-01
5.503226071596145630e-02
9.271350502967834473e-02
1.658399552106857300e-01
6.404934525489807129e-01
2.490498870611190796e-01
2.170535475015640259e-01
9.127658009529113770e-01
2.565528452396392822e-01
5.873528718948364258e-01
2.500224709510803223e-01
1.494214683771133423e-01
6.627391576766967773e-01
8.427353203296661377e-02
5.257020890712738037e-02
9.139295816421508789e-01
7.447900772094726562e-01
8.898209333419799805e-01
6.509681940078735352e-01
5.236238986253738403e-02
4.519349038600921631e-01
1.436703354120254517e-01
1.773964315652847290e-01
4.637731313705444336e-01
5.354498699307441711e-02
7.143064588308334351e-02
3.444908261299133301e-01
8.129370212554931641e-02
8.820430636405944824e-01
6.119842529296875000e-01
4.945820868015289307e-01
5.543177947402000427e-02
6.798794865608215332e-01
8.249977827072143555e-01
1.536175459623336792e-01
9.139730334281921387e-01
5.098689794540405273e-01
5.431043505668640137e-01
5.466267839074134827e-02
9.093086719512939453e-01
4.140092730522155762e-01
5.364495143294334412e-02
8.025240898132324219e-01
3.565905094146728516e-01
8.987828493118286133e-01
6.498319655656814575e-02
3.647696673870086670e-01
4.344570934772491455e-01
3.635993003845214844e-01
4.641481935977935791e-01
9.136075973510742188e-01
2.415007054805755615e-01
2.307336777448654175e-01
5.186920240521430969e-02
8.762110471725463867e-01
6.409569829702377319e-02
5.310720577836036682e-02
8.725063800811767578e-01
7.347544431686401367e-01
3.988106250762939453e-01
5.317683145403862000e-02
4.681397974491119385e-01
3.110164105892181396e-01
9.118491411209106445e-01
1.764097064733505249e-01
9.140294790267944336e-01
5.211105197668075562e-02
3.974767327308654785e-01
5.416297912597656250e-02
4.546199738979339600e-01
5.831780284643173218e-02
4.207751452922821045e-01
4.007118046283721924e-01
1.580720692873001099e-01
8.621952682733535767e-02
2.846591174602508545e-01
6.481913328170776367e-01
8.285595774650573730e-01
3.034826517105102539e-01
4.692170023918151855e-01
5.393392220139503479e-02
3.946281671524047852e-01
8.750554323196411133e-01
7.755931615829467773e-01
1.409185677766799927e-01
2.174150347709655762e-01
5.984390899538993835e-02
8.790870010852813721e-02
3.025066256523132324e-01
1.937174797058105469e-01
9.142753481864929199e-01
1.391773521900177002e-01
5.898464918136596680e-01
4.102690815925598145e-01
8.353423476219177246e-01
2.219186872243881226e-01
2.887674272060394287e-01
7.703918963670730591e-02
5.556446313858032227e-02
1.876809298992156982e-01
7.634004950523376465e-01
6.577343940734863281e-01
3.753055632114410400e-01
6.367577612400054932e-02
6.470193266868591309e-01
9.143089056015014648e-01
6.866740584373474121e-01
6.716684252023696899e-02
9.200644493103027344e-02
7.275813817977905273e-01
7.653535008430480957e-01
9.048143625259399414e-01
8.981943130493164062e-02
9.131839275360107422e-01
8.539866209030151367e-01
5.940134525299072266e-01
9.136368632316589355e-01
3.969921171665191650e-01
6.439592689275741577e-02
5.212550163269042969e-01
1.969845294952392578e-01
5.432512164115905762e-01
1.556687653064727783e-01
6.285724043846130371e-01
5.534691214561462402e-01
6.416793912649154663e-02
5.551125407218933105e-01
7.701054811477661133e-01
5.892569422721862793e-01
5.496237426996231079e-02
3.975661695003509521e-01
7.902339100837707520e-01
5.140717625617980957e-01
3.143626749515533447e-01
2.362944036722183228e-01
4.852887392044067383e-01
7.940321564674377441e-01
6.601668596267700195e-01
7.196240127086639404e-02
1.675573289394378662e-01
1.481854021549224854e-01
5.299365520477294922e-02
1.613709330558776855e-01
7.170866429805755615e-02
5.974506735801696777e-01
2.154377847909927368e-01
5.441526323556900024e-02
2.060452401638031006e-01
5.690253973007202148e-01
7.300095260143280029e-02
4.292868375778198242e-01
6.337638199329376221e-02
5.892772674560546875e-01
4.668276906013488770e-01
5.509298667311668396e-02
2.247340381145477295e-01
5.271600559353828430e-02
2.957997918128967285e-01
2.399597764015197754e-01
1.039490774273872375e-01
5.801726505160331726e-02
6.199750676751136780e-02
4.011150896549224854e-01
8.105053007602691650e-02
6.704952567815780640e-02
2.074098587036132812e-01
1.817822158336639404e-01
4.310015738010406494e-01
7.263671159744262695e-01
6.080266460776329041e-02
5.643618106842041016e-02
5.942632555961608887e-01
4.616485834121704102e-01
5.698389187455177307e-02
9.159404039382934570e-01
6.332024335861206055e-01
4.510161876678466797e-01
6.235663592815399170e-02
1.868596524000167847e-01
6.087955087423324585e-02
6.762991845607757568e-02
2.810197174549102783e-01
6.584788113832473755e-02
5.671308636665344238e-01
9.345443248748779297e-01
6.925482153892517090e-01
1.458717584609985352e-01
4.454523026943206787e-01
1.341699808835983276e-01
3.042968213558197021e-01
3.911077678203582764e-01
1.603375822305679321e-01
4.571740627288818359e-01
2.658945918083190918e-01
9.142255187034606934e-01
5.313500761985778809e-02
9.006549417972564697e-02
8.818339109420776367e-01
3.533835709095001221e-01
6.243627667427062988e-01
5.688934326171875000e-01
4.052830636501312256e-01
2.070837020874023438e-01
9.203736186027526855e-01
7.003999948501586914e-01
1.902174353599548340e-01
8.907565474510192871e-01
6.494438648223876953e-02
5.934988260269165039e-01
6.608937978744506836e-01
5.329765751957893372e-02
5.264786630868911743e-02
4.323558509349822998e-01
1.601990610361099243e-01
5.566491186618804932e-02
2.177053391933441162e-01
9.146261215209960938e-01
1.294810920953750610e-01
5.445358529686927795e-02
2.769915163516998291e-01
6.043263152241706848e-02
2.123201787471771240e-01
5.613704398274421692e-02
6.845068186521530151e-02
5.530632659792900085e-02
3.765823245048522949e-01
2.268101572990417480e-01
4.978879392147064209e-01
5.420931577682495117e-01
8.753754496574401855e-01
2.290541678667068481e-01
5.609532073140144348e-02
4.063640236854553223e-01
6.565773487091064453e-01
5.344839766621589661e-02
1.560043990612030029e-01
2.869782447814941406e-01
5.320316553115844727e-02
9.141356945037841797e-01
3.283376097679138184e-01
1.172621920704841614e-01
6.617373973131179810e-02
3.559556305408477783e-01
3.830374181270599365e-01
7.740154862403869629e-01
1.525258421897888184e-01
3.147075772285461426e-01
7.934508472681045532e-02
4.638766944408416748e-01
4.205720126628875732e-01
3.266769945621490479e-01
3.094886541366577148e-01
2.238057851791381836e-01
5.676610395312309265e-02
7.126224040985107422e-02
1.146876737475395203e-01
4.010511040687561035e-01
6.621683388948440552e-02
9.116087555885314941e-01
9.054362773895263672e-01
1.024127826094627380e-01
