3.338142111897468567e-02
8.585789203643798828e-01
1.494814753532409668e-01
9.180668592453002930e-01
2.229846566915512085e-01
1.032877415418624878e-01
4.551984369754791260e-01
3.490439057350158691e-01
9.038609862327575684e-01
1.261712461709976196e-01
4.825594127178192139e-01
2.891747653484344482e-01
8.075619339942932129e-01
5.193884968757629395e-01
5.697400495409965515e-02
3.125464618206024170e-01
1.746625453233718872e-01
6.480532288551330566e-01
9.384599328041076660e-01
3.031993210315704346e-01
7.849050164222717285e-01
7.865299582481384277e-01
5.066868662834167480e-02
4.881172999739646912e-02
2.547201812267303467e-01
3.843155875802040100e-02
7.846614122390747070e-01
4.904874563217163086e-01
3.851517140865325928e-01
4.097565114498138428e-01
2.280780375003814697e-01
3.178745508193969727e-02
8.476848006248474121e-01
5.417589098215103149e-02
3.326208889484405518e-01
1.537349373102188110e-01
4.720830619335174561e-01
1.714442819356918335e-01
4.613849520683288574e-01
9.114995598793029785e-01
2.204633355140686035e-01
2.422618418931961060e-01
3.655670955777168274e-02
4.495273157954216003e-02
4.546165838837623596e-02
6.593925505876541138e-02
4.926092922687530518e-01
7.442075610160827637e-01
3.157411888241767883e-02
7.422738671302795410e-01
1.569156497716903687e-01
3.255657479166984558e-02
1.914052516222000122e-01
5.778010487556457520e-01
2.534657716751098633e-01
1.807300597429275513e-01
8.294294476509094238e-01
5.094789341092109680e-02
4.139951243996620178e-02
2.944803535938262939e-01
4.115598797798156738e-01
2.291482537984848022e-01
1.990550905466079712e-01
3.685543313622474670e-02
3.635389730334281921e-02
1.607028692960739136e-01
5.602668970823287964e-02
9.528492391109466553e-02
5.148832798004150391e-01
4.355513751506805420e-01
5.270766466856002808e-02
6.485865116119384766e-01
4.034082591533660889e-01
9.326148033142089844e-02
1.540196537971496582e-01
8.259063214063644409e-02
3.991070389747619629e-02
3.093232214450836182e-02
1.421680152416229248e-01
3.733314201235771179e-02
8.943362236022949219e-01
8.099227547645568848e-01
8.731970787048339844e-01
6.436273455619812012e-01
8.315958976745605469e-01
6.408059000968933105e-01
8.965571969747543335e-02
1.764735132455825806e-01
8.075083494186401367e-01
3.486240208148956299e-01
4.738112390041351318e-01
4.519408568739891052e-02
3.420629352331161499e-02
5.942584276199340820e-01
4.261210858821868896e-01
3.704091906547546387e-01
3.248250186443328857e-01
8.694540262222290039e-01
3.779672831296920776e-02
5.080933868885040283e-02
5.549877285957336426e-01
2.937916517257690430e-01
6.107749342918395996e-01
2.186435014009475708e-01
2.679612338542938232e-01
1.169803664088249207e-01
1.127432212233543396e-01
6.688194870948791504e-01
4.824179708957672119e-01
4.873589277267456055e-01
3.493480980396270752e-01
3.738056123256683350e-02
4.462477937340736389e-02
9.305929541587829590e-01
2.923021316528320312e-01
1.177371218800544739e-01
8.763594031333923340e-01
4.732194542884826660e-02
1.940457671880722046e-01
7.796331048011779785e-01
3.386949002742767334e-02
1.152291968464851379e-01
1.229888796806335449e-01
5.388897657394409180e-01
8.677172660827636719e-01
2.095601707696914673e-01
9.659846127033233643e-02
2.355775684118270874e-01
5.024185404181480408e-02
1.815861165523529053e-01
9.171165227890014648e-01
2.351232320070266724e-01
9.209503531455993652e-01
1.698443740606307983e-01
4.065955877304077148e-01
4.804601967334747314e-01
8.298958539962768555e-01
2.523286640644073486e-01
5.354326963424682617e-01
3.641204163432121277e-02
7.943519353866577148e-01
7.543509602546691895e-01
5.755629539489746094e-01
3.885453939437866211e-01
3.247593343257904053e-01
9.447851777076721191e-02
4.524434208869934082e-01
6.499168276786804199e-01
5.548229813575744629e-01
2.504138946533203125e-01
3.376315906643867493e-02
1.612211018800735474e-01
1.083729341626167297e-01
2.067862749099731445e-01
1.843672841787338257e-01
1.589215993881225586e-01
3.931699395179748535e-01
4.364631175994873047e-01
3.933824002742767334e-01
7.166993618011474609e-01
4.089810848236083984e-01
5.186976194381713867e-01
1.253234446048736572e-01
3.972206711769104004e-01
8.696125745773315430e-01
3.467469513416290283e-01
2.331765443086624146e-01
2.844144701957702637e-01
1.403171122074127197e-01
3.237023949623107910e-01
5.577436462044715881e-02
3.424297645688056946e-02
4.641205668449401855e-01
5.085874199867248535e-01
2.040005773305892944e-01
8.561958670616149902e-01
3.198138773441314697e-01
5.535366013646125793e-02
8.387793302536010742e-01
1.193605214357376099e-01
2.255806475877761841e-01
1.030093654990196228e-01
4.811438173055648804e-02
2.048137784004211426e-01
6.741856038570404053e-02
1.177766397595405579e-01
3.170299232006072998e-01
5.767810344696044922e-01
4.957485496997833252e-01
3.792967200279235840e-01
4.659458622336387634e-02
6.992923021316528320e-01
6.996575742959976196e-02
6.876864433288574219e-01
2.442381083965301514e-01
4.403606653213500977e-01
4.118681699037551880e-02
2.455443441867828369e-01
4.894685447216033936e-01
3.171535208821296692e-02
3.284889087080955505e-02
1.750214844942092896e-01
9.133288860321044922e-01
3.393141031265258789e-01
7.884960770606994629e-01
9.101696610450744629e-01
5.874897837638854980e-01
1.154085770249366760e-01
9.492369294166564941e-01
2.542668581008911133e-01
3.926778137683868408e-01
4.255185648798942566e-02
3.872056603431701660e-01
4.987958073616027832e-01
3.188950717449188232e-01
3.487578406929969788e-02
6.678211092948913574e-01
5.248339772224426270e-01
7.750346660614013672e-01
6.633076816797256470e-02
8.565708994865417480e-01
9.524012207984924316e-01
5.365084409713745117e-01
1.255352795124053955e-01
1.502335965633392334e-01
6.893982738256454468e-02
7.312308549880981445e-01
7.701362967491149902e-01
1.150737553834915161e-01
5.761323571205139160e-01
7.169599533081054688e-01
8.983625173568725586e-01
5.808076262474060059e-02
6.518421173095703125e-01
8.932185173034667969e-01
3.177335262298583984e-01
6.898393630981445312e-01
9.062871932983398438e-01
2.574315071105957031e-01
4.011867642402648926e-01
8.882270455360412598e-01
7.426316291093826294e-02
7.185552716255187988e-01
1.173196434974670410e-01
3.878530263900756836e-01
4.053509533405303955e-01
4.118259996175765991e-02
9.493461847305297852e-01
9.965952485799789429e-02
8.033730983734130859e-01
4.861949980258941650e-01
5.432806164026260376e-02
1.282123774290084839e-01
4.748548194766044617e-02
4.329757019877433777e-02
1.397661417722702026e-01
2.242935597896575928e-01
7.742669582366943359e-01
1.439613103866577148e-01
8.460157513618469238e-01
5.523451417684555054e-02
6.316586136817932129e-01
3.335431218147277832e-01
3.895410150289535522e-02
2.210333049297332764e-01
4.666113257408142090e-01
2.609165906906127930e-01
4.173963069915771484e-01
9.674286842346191406e-02
5.889644026756286621e-01
8.623575568199157715e-01
8.078863620758056641e-01
3.065037429332733154e-01
2.520542740821838379e-01
5.682629346847534180e-01
1.638692766427993774e-01
8.244226574897766113e-01
1.256996095180511475e-01
8.635178804397583008e-01
1.399314403533935547e-01
2.044951319694519043e-01
8.766769766807556152e-01
3.065545856952667236e-01
3.435722589492797852e-01
5.609007477760314941e-01
4.519547820091247559e-01
4.145772382616996765e-02
1.817100495100021362e-01
4.113160073757171631e-01
2.162208110094070435e-01
6.803157180547714233e-02
7.504585981369018555e-01
8.016224503517150879e-01
3.139720261096954346e-01
2.569018304347991943e-01
3.431415185332298279e-02
1.041044741868972778e-01
8.602430224418640137e-01
6.755155324935913086e-01
5.553371831774711609e-02
8.609216809272766113e-01
5.094846487045288086e-01
3.707836568355560303e-01
1.221003308892250061e-01
5.260460823774337769e-02
3.505877405405044556e-02
9.356372058391571045e-02
6.295305490493774414e-01
9.028252363204956055e-01
5.659188628196716309e-01
4.495594203472137451e-01
1.528116613626480103e-01
2.146182358264923096e-01
3.452994525432586670e-01
5.637529492378234863e-01
3.171777427196502686e-01
8.781564831733703613e-01
7.790455222129821777e-01
4.591169357299804688e-01
3.496820926666259766e-01
5.608102679252624512e-01
3.550306260585784912e-01
5.722163319587707520e-01
9.301324486732482910e-01
5.143069028854370117e-01
5.563917756080627441e-01
2.227869629859924316e-01
9.312656521797180176e-02
7.965261489152908325e-02
4.730538651347160339e-02
3.265098854899406433e-02
6.422580033540725708e-02
4.846629798412322998e-01
1.203102096915245056e-01
2.086400389671325684e-01
8.840984106063842773e-01
4.458435177803039551e-01
3.352320194244384766e-02
2.375724166631698608e-01
3.621667921543121338e-01
4.657196626067161560e-02
2.315998822450637817e-01
4.415780007839202881e-01
3.500523865222930908e-01
7.835460305213928223e-01
3.373532742261886597e-02
2.675434947013854980e-01
6.548316478729248047e-01
8.776441961526870728e-02
7.973471879959106445e-01
7.265736162662506104e-02
3.353553265333175659e-02
3.659654781222343445e-02
6.499042361974716187e-02
5.365275144577026367e-01
5.756732821464538574e-02
8.328331112861633301e-01
1.659947186708450317e-01
1.460511982440948486e-01
5.348128676414489746e-01
1.186202839016914368e-01
4.477394819259643555e-01
3.119746446609497070e-01
6.590919196605682373e-02
7.605673074722290039e-01
3.749094605445861816e-01
4.365308880805969238e-01
9.089308381080627441e-01
2.780101001262664795e-01
2.001625299453735352e-01
5.505752563476562500e-01
6.825742870569229126e-02
2.232117354869842529e-01
1.350266486406326294e-01
6.963597238063812256e-02
3.732473775744438171e-02
1.234435141086578369e-01
2.267565876245498657e-01
8.897143602371215820e-01
4.737987369298934937e-02
4.611891880631446838e-02
3.494275733828544617e-02
8.095192909240722656e-01
8.061529397964477539e-01
2.938710153102874756e-01
2.480702549219131470e-01
3.925381898880004883e-01
2.499259859323501587e-01
1.578618735074996948e-01
3.673087060451507568e-01
3.249547630548477173e-02
4.260836914181709290e-02
9.604935348033905029e-02
6.899274885654449463e-02
2.218618690967559814e-01
4.496973007917404175e-02
7.106814384460449219e-01
4.194820821285247803e-01
5.497257113456726074e-01
3.062828183174133301e-01
3.876813054084777832e-01
4.071318730711936951e-02
7.852352857589721680e-01
4.525567293167114258e-01
6.353216767311096191e-01
8.205426931381225586e-01
2.804894447326660156e-01
5.313183665275573730e-01
3.755342662334442139e-01
5.732984840869903564e-02
4.522522538900375366e-02
3.325246647000312805e-02
4.007782638072967529e-01
6.398251652717590332e-01
8.016525506973266602e-01
3.307209908962249756e-02
4.029362499713897705e-01
6.149940937757492065e-02
4.896796122193336487e-02
1.745012104511260986e-01
4.256374016404151917e-02
6.861366629600524902e-01
8.498194813728332520e-01
3.236409649252891541e-02
1.794078648090362549e-01
3.684877157211303711e-01
3.750403970479965210e-02
6.894724816083908081e-02
2.085093855857849121e-01
2.021200209856033325e-01
3.345798254013061523e-01
1.264981776475906372e-01
5.969521999359130859e-01
5.711010098457336426e-01
1.999532878398895264e-01
1.372835636138916016e-01
2.321968525648117065e-01
7.924688607454299927e-02
6.167756915092468262e-01
2.528136670589447021e-01
2.348345816135406494e-01
5.335476621985435486e-02
8.440832793712615967e-02
6.364943385124206543e-01
6.907739490270614624e-02
3.039088845252990723e-01
1.459535062313079834e-01
8.074294328689575195e-01
5.901772901415824890e-02
3.312493115663528442e-02
2.221145629882812500e-01
7.787998914718627930e-01
4.467996954917907715e-01
3.503738343715667725e-02
3.381694480776786804e-02
3.472647666931152344e-01
2.678549289703369141e-01
1.317254751920700073e-01
5.261312052607536316e-02
4.447999298572540283e-01
4.464617967605590820e-01
2.243572920560836792e-01
1.068369001150131226e-01
2.365448772907257080e-01
4.749006405472755432e-02
2.884223759174346924e-01
8.030225634574890137e-01
3.533442914485931396e-01
1.126868724822998047e-01
9.510246515274047852e-01
2.741105556488037109e-01
4.723834395408630371e-01
4.931152611970901489e-02
8.178095817565917969e-01
4.969555735588073730e-01
4.365449771285057068e-02
8.480329513549804688e-01
8.676933646202087402e-01
5.041693449020385742e-01
3.013499267399311066e-02
5.106648206710815430e-01
3.532662987709045410e-01
4.599626734852790833e-02
7.288057208061218262e-01
3.291120752692222595e-02
1.350308656692504883e-01
4.363323748111724854e-01
1.726565361022949219e-01
5.230742692947387695e-02
3.034980893135070801e-01
4.289780929684638977e-02
2.830937206745147705e-01
1.009051352739334106e-01
7.340574860572814941e-01
4.066410958766937256e-01
3.621310591697692871e-01
3.023082017898559570e-01
3.940987586975097656e-01
1.861917823553085327e-01
2.453895360231399536e-01
8.951020240783691406e-01
2.281179279088973999e-01
5.453281402587890625e-01
9.267734289169311523e-01
1.590521633625030518e-01
4.243050515651702881e-02
2.590433955192565918e-01
9.255106747150421143e-02
8.444492220878601074e-01
3.530507907271385193e-02
2.025108933448791504e-01
4.121176302433013916e-01
6.114096641540527344e-01
5.204313397407531738e-01
5.344911217689514160e-01
2.001625299453735352e-01
2.878250777721405029e-01
4.673413038253784180e-01
1.781633198261260986e-01
3.825230598449707031e-01
3.986044228076934814e-01
3.684284687042236328e-01
1.448553055524826050e-01
5.995735526084899902e-01
7.033534049987792969e-01
3.406207263469696045e-02
2.853088080883026123e-01
8.572412729263305664e-01
6.624206900596618652e-02
5.043085217475891113e-01
3.392833173274993896e-01
1.648603826761245728e-01
1.749492734670639038e-01
9.230744838714599609e-02
6.901341676712036133e-01
5.901256799697875977e-01
7.563210725784301758e-01
6.100206971168518066e-01
9.057387113571166992e-01
9.517498612403869629e-01
9.395389556884765625e-01
3.423110768198966980e-02
4.126272201538085938e-01
3.260655701160430908e-01
4.502651393413543701e-01
9.371649026870727539e-01
3.144452571868896484e-01
3.762579560279846191e-01
2.308424264192581177e-01
5.554220825433731079e-02
8.744751811027526855e-01
3.402268886566162109e-02
7.044074684381484985e-02
7.533566951751708984e-01
4.075308889150619507e-02
1.382556706666946411e-01
3.732818067073822021e-01
3.023337125778198242e-01
9.207749962806701660e-01
6.916633248329162598e-02
3.784906864166259766e-02
7.048612833023071289e-02
9.022434949874877930e-01
9.031009674072265625e-01
3.087718971073627472e-02
6.573762297630310059e-01
4.398520290851593018e-02
7.416222095489501953e-01
4.432474076747894287e-01
7.542079091072082520e-01
4.034638106822967529e-01
3.943695500493049622e-02
4.366912245750427246e-01
7.992419600486755371e-01
3.313429281115531921e-02
3.463667631149291992e-02
7.416459918022155762e-01
3.937334194779396057e-02
1.949512809514999390e-01
1.995867937803268433e-01
4.305623173713684082e-01
3.206799551844596863e-02
7.324521541595458984e-01
2.573833763599395752e-01
3.550741374492645264e-01
3.509939834475517273e-02
4.128658473491668701e-01
8.889830112457275391e-01
6.307376623153686523e-01
8.281031847000122070e-01
3.744544982910156250e-01
4.392339587211608887e-01
2.063374966382980347e-01
4.970275759696960449e-01
4.030294343829154968e-02
6.865008920431137085e-02
3.291257098317146301e-02
8.181178569793701172e-01
8.193328976631164551e-01
6.616438627243041992e-01
9.115964174270629883e-02
6.202759742736816406e-01
6.411643326282501221e-02
2.264815866947174072e-01
9.103026986122131348e-01
7.933573126792907715e-01
1.603917777538299561e-01
5.908795818686485291e-02
4.274270683526992798e-02
3.402971103787422180e-02
2.294658273458480835e-01
8.986029028892517090e-01
2.724342048168182373e-01
3.712665662169456482e-02
1.941011399030685425e-01
5.372092723846435547e-01
7.028607130050659180e-01
4.807720333337783813e-02
3.586303591728210449e-01
4.880681037902832031e-01
8.988756537437438965e-01
1.613018065690994263e-01
5.712980031967163086e-02
2.781084477901458740e-01
3.901446461677551270e-01
3.512323498725891113e-01
4.739053547382354736e-02
3.925171196460723877e-01
9.136563539505004883e-01
9.004071354866027832e-01
5.033779144287109375e-01
7.626710832118988037e-02
3.514200821518898010e-02
6.805852651596069336e-01
6.306437849998474121e-01
2.960835993289947510e-01
3.759334385395050049e-01
5.690888762474060059e-01
1.201095283031463623e-01
3.763839974999427795e-02
3.356385231018066406e-02
4.868789017200469971e-01
3.786303699016571045e-01
3.541157022118568420e-02
3.007354140281677246e-01
8.183956742286682129e-01
2.124800533056259155e-01
6.173820495605468750e-01
5.433242321014404297e-01
2.982665896415710449e-01
3.431438505649566650e-01
4.741053655743598938e-02
4.799033105373382568e-01
9.409133791923522949e-01
3.418907895684242249e-02
9.400715231895446777e-01
9.367066621780395508e-01
7.895115017890930176e-01
4.397651255130767822e-01
7.792391777038574219e-01
1.551039069890975952e-01
3.791044652462005615e-01
5.579009056091308594e-01
7.590181827545166016e-01
7.786599397659301758e-01
6.758958101272583008e-02
6.428424268960952759e-02
3.065939843654632568e-01
7.872268557548522949e-01
2.811748385429382324e-01
1.392685025930404663e-01
4.162264466285705566e-01
6.245917677879333496e-01
3.691864311695098877e-01
3.623879253864288330e-01
3.456709980964660645e-01
2.338716685771942139e-01
3.910185396671295166e-01
8.406988382339477539e-01
7.944817543029785156e-01
3.452017158269882202e-02
6.074587702751159668e-01
3.571151569485664368e-02
3.437392115592956543e-01
8.585311174392700195e-01
4.646716639399528503e-02
6.284867227077484131e-02
7.182428985834121704e-02
3.803248703479766846e-01
9.041727185249328613e-01
6.805641651153564453e-01
8.458084464073181152e-01
3.881596028804779053e-02
3.808470815420150757e-02
3.735554963350296021e-02
8.853628039360046387e-01
3.973648548126220703e-01
5.474526286125183105e-01
4.730250239372253418e-01
2.428983151912689209e-01
6.289310753345489502e-02
3.933650255203247070e-02
6.777723431587219238e-01
8.784232139587402344e-01
3.451366722583770752e-02
4.492448270320892334e-02
8.733463883399963379e-01
1.658957600593566895e-01
3.390899673104286194e-02
3.122162222862243652e-01
3.658249974250793457e-02
1.790664494037628174e-01
4.195762574672698975e-01
4.828622937202453613e-01
3.238346427679061890e-02
1.599078178405761719e-01
1.334593296051025391e-01
9.185615181922912598e-02
5.858194231986999512e-01
7.223480343818664551e-01
3.937383294105529785e-01
6.691337376832962036e-02
8.099649101495742798e-02
1.309829503297805786e-01
1.008448302745819092e-01
7.272517681121826172e-02
2.227031290531158447e-01
6.456421315670013428e-02
2.872096002101898193e-01
9.481306672096252441e-01
6.490277498960494995e-02
4.864900410175323486e-01
4.610824584960937500e-02
7.036792635917663574e-01
4.548274874687194824e-01
7.805784791707992554e-02
4.234271347522735596e-01
8.929761648178100586e-01
3.919022902846336365e-02
1.556513011455535889e-01
3.880565986037254333e-02
7.358004897832870483e-02
2.388056367635726929e-01
4.938350319862365723e-01
4.020838737487792969e-01
2.693992853164672852e-01
8.733035326004028320e-01
3.854753375053405762e-01
5.769955515861511230e-01
2.624339163303375244e-01
1.172718554735183716e-01
6.957225799560546875e-01
1.208872795104980469e-01
3.310683742165565491e-02
9.152231812477111816e-01
5.386077761650085449e-01
6.958336830139160156e-01
7.749902606010437012e-01
6.216203048825263977e-02
4.519603252410888672e-01
2.262271791696548462e-01
2.089748382568359375e-01
5.381588339805603027e-01
4.916295409202575684e-02
4.142645373940467834e-02
5.708675980567932129e-01
5.921457707881927490e-02
8.912463188171386719e-01
7.510946989059448242e-01
5.740075111389160156e-01
4.130873084068298340e-02
7.412341833114624023e-01
5.057007670402526855e-01
2.804603874683380127e-01
8.741297721862792969e-01
4.232693314552307129e-01
6.070448756217956543e-01
4.921483993530273438e-02
8.971332907676696777e-01
5.734314918518066406e-01
4.578394070267677307e-02
8.876064419746398926e-01
3.041255474090576172e-01
8.879935741424560547e-01
5.514379218220710754e-02
2.969553172588348389e-01
3.499953150749206543e-01
4.918475747108459473e-01
3.437400162220001221e-01
9.160156846046447754e-01
2.454947382211685181e-01
4.913589656352996826e-01
3.119964152574539185e-02
8.338669538497924805e-01
1.030375584959983826e-01
3.399587795138359070e-02
8.478270173072814941e-01
8.589859604835510254e-01
4.100314080715179443e-01
3.673525899648666382e-02
6.633866429328918457e-01
4.715120196342468262e-01
8.682892918586730957e-01
1.992726176977157593e-01
8.799296617507934570e-01
3.202233836054801941e-02
4.667513966560363770e-01
3.905928879976272583e-02
3.779588043689727783e-01
3.820712119340896606e-02
3.253867626190185547e-01
5.299724340438842773e-01
1.849857270717620850e-01
2.709656655788421631e-01
2.123112082481384277e-01
7.351124882698059082e-01
8.618572354316711426e-01
3.715347945690155029e-01
5.206080079078674316e-01
5.895626172423362732e-02
4.607310295104980469e-01
8.581408858299255371e-01
8.287991881370544434e-01
2.322141528129577637e-01
4.068954288959503174e-01
1.749543100595474243e-01
2.109628170728683472e-01
5.290981754660606384e-02
3.004814386367797852e-01
9.418204426765441895e-01
2.538594901561737061e-01
4.730072617530822754e-01
2.015034258365631104e-01
6.027939915657043457e-01
3.242747485637664795e-01
2.724987864494323730e-01
4.372563958168029785e-02
3.912440687417984009e-02
1.716852486133575439e-01
8.613359928131103516e-01
7.868608832359313965e-01
3.826940655708312988e-01
9.853774309158325195e-02
7.706550955772399902e-01
9.380540251731872559e-01
7.083703279495239258e-01
9.321999549865722656e-02
2.884108722209930420e-01
7.595618367195129395e-01
7.773497104644775391e-01
8.192681074142456055e-01
6.321831792593002319e-02
9.273416399955749512e-01
8.934231400489807129e-01
3.255197405815124512e-01
9.038499593734741211e-01
4.236983954906463623e-01
4.112688452005386353e-02
5.201054811477661133e-01
3.362414836883544922e-01
7.638311982154846191e-01
1.890711784362792969e-01
7.942972183227539062e-01
6.950695514678955078e-01
5.618422105908393860e-02
7.503328919410705566e-01
5.077666640281677246e-01
7.684218287467956543e-01
3.679007664322853088e-02
5.499449968338012695e-01
8.041539788246154785e-01
3.809640705585479736e-01
3.948279917240142822e-01
4.286615550518035889e-01
7.199704647064208984e-01
8.305091857910156250e-01
5.931204557418823242e-01
1.653753221035003662e-01
7.475044578313827515e-02
2.001625299453735352e-01
3.374727070331573486e-02
1.584981679916381836e-01
1.621515005826950073e-01
7.077162861824035645e-01
1.872005909681320190e-01
3.507725521922111511e-02
4.757243394851684570e-01
5.321643948554992676e-01
1.057131439447402954e-01
3.261594176292419434e-01
2.131697386503219604e-01
7.573550939559936523e-01
5.896092057228088379e-01
3.397299721837043762e-02
1.783444881439208984e-01
3.342877328395843506e-02
3.923154473304748535e-01
2.949460446834564209e-01
1.645060479640960693e-01
4.366058111190795898e-02
3.805160894989967346e-02
3.503237664699554443e-01
2.484181523323059082e-01
1.453634351491928101e-01
2.083451151847839355e-01
2.729842066764831543e-01
5.126740932464599609e-01
7.167845964431762695e-01
3.640905395150184631e-02
6.421452760696411133e-02
5.587397813796997070e-01
4.915773272514343262e-01
3.566152602434158325e-02
9.534021615982055664e-01
6.722033619880676270e-01
4.490074217319488525e-01
4.054412990808486938e-02
3.719636797904968262e-01
3.562108427286148071e-02
4.122130200266838074e-02
1.935705244541168213e-01
3.290800750255584717e-02
5.494652390480041504e-01
5.639267563819885254e-01
6.553122997283935547e-01
8.330282568931579590e-02
5.210028290748596191e-01
1.225281730294227600e-01
4.999514222145080566e-01
4.897039532661437988e-01
2.007214277982711792e-01
6.324070692062377930e-01
4.503991305828094482e-01
9.452562928199768066e-01
1.649556756019592285e-01
2.657409906387329102e-01
8.696737885475158691e-01
3.646652102470397949e-01
8.035526871681213379e-01
6.640424728393554688e-01
6.487964391708374023e-01
4.923229515552520752e-01
9.037062525749206543e-01
8.743410110473632812e-01
2.277662903070449829e-01
9.091154932975769043e-01
5.582076683640480042e-02
7.937121987342834473e-01
5.080455541610717773e-01
3.655204176902770996e-02
3.179066255688667297e-02
5.695403814315795898e-01
3.879113197326660156e-01
3.594848513603210449e-02
6.504245847463607788e-02
9.253067374229431152e-01
4.312158003449440002e-02
3.800861537456512451e-02
2.480854988098144531e-01
1.906586438417434692e-01
3.073177039623260498e-01
8.726042509078979492e-02
1.997653245925903320e-01
3.406333178281784058e-02
3.993097543716430664e-01
3.032367229461669922e-01
6.922945976257324219e-01
7.328982353210449219e-01
8.387762308120727539e-01
2.163293659687042236e-01
1.734633892774581909e-01
4.026546776294708252e-01
6.396768093109130859e-01
3.834693506360054016e-02
3.160935044288635254e-01
2.401089668273925781e-01
3.419154882431030273e-02
9.220239520072937012e-01
6.242850422859191895e-01
1.031044945120811462e-01
5.528414994478225708e-02
4.744433462619781494e-01
3.567930161952972412e-01
6.452073454856872559e-01
1.794712394475936890e-01
2.928968966007232666e-01
7.941958308219909668e-02
3.869511187076568604e-01
4.883625805377960205e-01
1.857577413320541382e-01
2.216064184904098511e-01
4.039719402790069580e-01
4.076673090457916260e-02
2.653387188911437988e-01
4.522457346320152283e-02
4.897231459617614746e-01
3.712511435151100159e-02
8.399225473403930664e-01
8.142535090446472168e-01
7.550808042287826538e-02
