5.009768903255462646e-02
8.173519968986511230e-01
1.262600570917129517e-01
8.918457031250000000e-01
2.113655209541320801e-01
8.545131236314773560e-02
1.880669593811035156e-01
2.014370560646057129e-01
8.853764533996582031e-01
1.006757393479347229e-01
2.856167256832122803e-01
2.047681063413619995e-01
8.130476474761962891e-01
3.953531682491302490e-01
1.183490902185440063e-01
2.893295884132385254e-01
8.259400725364685059e-02
6.276723146438598633e-01
9.033933281898498535e-01
2.209097295999526978e-01
7.348333597183227539e-01
8.329752683639526367e-01
7.204594463109970093e-02
7.301453500986099243e-02
2.312226295471191406e-01
5.161951482295989990e-02
6.867755651473999023e-01
2.364543080329895020e-01
3.553924560546875000e-01
3.746409416198730469e-01
2.311973720788955688e-01
3.495844081044197083e-02
8.464099168777465820e-01
5.710589140653610229e-02
3.175539374351501465e-01
1.442134529352188110e-01
2.544708847999572754e-01
1.088705435395240784e-01
3.002426624298095703e-01
8.967786431312561035e-01
1.681400835514068604e-01
1.080995276570320129e-01
7.282360643148422241e-02
6.646976619958877563e-02
4.887389019131660461e-02
2.107223272323608398e-01
2.574499249458312988e-01
8.055018782615661621e-01
3.943845629692077637e-02
6.875547766685485840e-01
1.330015212297439575e-01
4.516142979264259338e-02
9.969677776098251343e-02
4.190546870231628418e-01
8.693626523017883301e-02
1.185907647013664246e-01
8.868625760078430176e-01
1.286178529262542725e-01
1.099223271012306213e-01
1.464039087295532227e-01
3.181910812854766846e-01
2.422782480716705322e-01
7.238776981830596924e-02
7.325079292058944702e-02
6.809698790311813354e-02
1.030413135886192322e-01
6.506086140871047974e-02
6.870923936367034912e-02
3.795565068721771240e-01
3.034342229366302490e-01
7.340513914823532104e-02
7.136569619178771973e-01
2.728158533573150635e-01
5.460717901587486267e-02
2.974974811077117920e-01
7.024521380662918091e-02
4.552474245429039001e-02
4.605947434902191162e-02
1.157590299844741821e-01
6.547013670206069946e-02
8.500674366950988770e-01
6.704562902450561523e-01
8.258988261222839355e-01
5.069770812988281250e-01
8.286333084106445312e-01
5.860508680343627930e-01
9.959252923727035522e-02
1.199883744120597839e-01
8.044431209564208984e-01
1.576289087533950806e-01
5.287591814994812012e-01
5.549151450395584106e-02
6.531143188476562500e-02
5.010164976119995117e-01
2.877327203750610352e-01
2.928585708141326904e-01
2.652968168258666992e-01
8.681003451347351074e-01
7.365256547927856445e-02
9.136276692152023315e-02
5.491929650306701660e-01
2.165325134992599487e-01
6.547405123710632324e-01
2.147845625877380371e-01
3.163750767707824707e-01
8.354759216308593750e-02
1.022060513496398926e-01
5.040988922119140625e-01
5.313555598258972168e-01
2.484452575445175171e-01
2.909315228462219238e-01
5.974481627345085144e-02
6.966433674097061157e-02
9.061037302017211914e-01
1.588569283485412598e-01
5.633109807968139648e-02
8.457978367805480957e-01
4.941404238343238831e-02
9.038478881120681763e-02
8.194476962089538574e-01
4.176272451877593994e-02
1.139895021915435791e-01
9.865111112594604492e-02
4.240147769451141357e-01
8.662779927253723145e-01
1.476124078035354614e-01
5.055873468518257141e-02
1.689907312393188477e-01
5.584649369120597839e-02
7.684148102998733521e-02
9.002472162246704102e-01
2.058018147945404053e-01
8.830375671386718750e-01
2.860546410083770752e-01
2.482570558786392212e-01
3.303339779376983643e-01
8.743542432785034180e-01
1.893041729927062988e-01
4.491373896598815918e-01
4.947769269347190857e-02
8.539409041404724121e-01
7.639008760452270508e-01
5.317679047584533691e-01
2.857711613178253174e-01
1.799099892377853394e-01
5.866603180766105652e-02
3.660646080970764160e-01
8.204663395881652832e-01
4.555431306362152100e-01
7.700983434915542603e-02
6.262375414371490479e-02
1.213961243629455566e-01
4.418258741497993469e-02
1.044430658221244812e-01
1.148243770003318787e-01
9.327168017625808716e-02
2.265682965517044067e-01
2.981781363487243652e-01
2.018053978681564331e-01
7.125517129898071289e-01
2.646352648735046387e-01
5.285224914550781250e-01
9.954167902469635010e-02
2.118900567293167114e-01
8.700556159019470215e-01
3.988083302974700928e-01
4.032425880432128906e-01
1.972593218088150024e-01
8.225288242101669312e-02
2.372927516698837280e-01
6.336028873920440674e-02
6.230711936950683594e-02
3.372733891010284424e-01
5.383344292640686035e-01
7.967367768287658691e-02
8.999911546707153320e-01
2.416818886995315552e-01
7.035745680332183838e-02
8.741120100021362305e-01
9.767148643732070923e-02
1.358110308647155762e-01
7.081720978021621704e-02
8.515697717666625977e-02
1.751279234886169434e-01
1.067167222499847412e-01
7.417504489421844482e-02
1.409053206443786621e-01
5.203899145126342773e-01
2.740792632102966309e-01
3.681497275829315186e-01
7.411953061819076538e-02
8.469178676605224609e-01
1.256426423788070679e-01
7.728078365325927734e-01
3.007785081863403320e-01
6.557237505912780762e-01
5.264832824468612671e-02
1.370151638984680176e-01
5.434849858283996582e-01
5.834159255027770996e-02
4.465895518660545349e-02
2.446816861629486084e-01
8.787796497344970703e-01
2.094552516937255859e-01
7.930884361267089844e-01
8.907260894775390625e-01
5.890247821807861328e-01
9.235703945159912109e-02
9.082317352294921875e-01
1.803348064422607422e-01
3.559155762195587158e-01
5.580260977149009705e-02
1.850631088018417358e-01
5.052534341812133789e-01
2.264167666435241699e-01
4.167826101183891296e-02
7.789062261581420898e-01
4.697858989238739014e-01
7.548356652259826660e-01
6.554764509201049805e-02
8.660123944282531738e-01
9.072895050048828125e-01
5.237448215484619141e-01
7.227047532796859741e-02
7.237540930509567261e-02
9.977839142084121704e-02
5.439324975013732910e-01
8.050892949104309082e-01
1.313565969467163086e-01
3.451350331306457520e-01
6.074891686439514160e-01
8.693607449531555176e-01
8.692704886198043823e-02
6.772739291191101074e-01
8.583105206489562988e-01
2.124598771333694458e-01
5.961986780166625977e-01
8.700770735740661621e-01
1.067674681544303894e-01
2.956397831439971924e-01
8.572166562080383301e-01
1.408626139163970947e-01
8.132011890411376953e-01
8.738902956247329712e-02
1.705047041177749634e-01
3.211726546287536621e-01
6.095199659466743469e-02
9.027500748634338379e-01
1.074581816792488098e-01
7.500931024551391602e-01
3.231819868087768555e-01
1.156505197286605835e-01
8.931991457939147949e-02
7.997801154851913452e-02
7.216466963291168213e-02
6.692961603403091431e-02
2.348408699035644531e-01
7.161253094673156738e-01
2.307711839675903320e-01
7.359904646873474121e-01
4.771824181079864502e-02
5.644246339797973633e-01
3.563785254955291748e-01
6.376328319311141968e-02
1.784647554159164429e-01
3.467697203159332275e-01
1.135098040103912354e-01
4.827966988086700439e-01
7.832892239093780518e-02
8.288616538047790527e-01
8.281008005142211914e-01
8.746790885925292969e-01
1.904631853103637695e-01
2.468911856412887573e-01
6.659746170043945312e-01
8.481813222169876099e-02
6.831141114234924316e-01
1.518244296312332153e-01
7.419423460960388184e-01
1.301141381263732910e-01
1.595003753900527954e-01
8.835868835449218750e-01
1.491331309080123901e-01
4.394662976264953613e-01
3.994092941284179688e-01
2.610804438591003418e-01
5.414031445980072021e-02
1.784525662660598755e-01
2.983639240264892578e-01
1.364668458700180054e-01
7.351277768611907959e-02
5.510460138320922852e-01
7.726267576217651367e-01
3.902079463005065918e-01
1.709312945604324341e-01
4.816842079162597656e-02
1.570025086402893066e-01
7.438342571258544922e-01
2.932624220848083496e-01
8.297959715127944946e-02
7.987624406814575195e-01
4.507451951503753662e-01
3.611989915370941162e-01
7.167887687683105469e-02
1.016671359539031982e-01
5.505828931927680969e-02
1.181403324007987976e-01
5.892007350921630859e-01
8.340510129928588867e-01
5.532008409500122070e-01
3.627284765243530273e-01
1.000694110989570618e-01
1.048745363950729370e-01
2.017240375280380249e-01
4.695173799991607666e-01
2.824503183364868164e-01
8.756895661354064941e-01
6.389472484588623047e-01
3.484292030334472656e-01
1.577969789505004883e-01
3.349814116954803467e-01
2.058715820312500000e-01
4.015338718891143799e-01
8.852975964546203613e-01
3.288077414035797119e-01
2.873497307300567627e-01
1.165577992796897888e-01
6.105506047606468201e-02
1.030108556151390076e-01
8.486862480640411377e-02
4.156085103750228882e-02
1.424448788166046143e-01
2.449610829353332520e-01
9.508987516164779663e-02
2.146312445402145386e-01
8.708546161651611328e-01
2.602437138557434082e-01
4.409386962652206421e-02
1.315331906080245972e-01
2.963927686214447021e-01
7.704807072877883911e-02
2.835452258586883545e-01
6.384505629539489746e-01
1.258112937211990356e-01
6.617667078971862793e-01
6.202217936515808105e-02
1.434075683355331421e-01
5.744611620903015137e-01
2.023194283246994019e-01
7.240095734596252441e-01
7.963271439075469971e-02
5.551496148109436035e-02
6.255772709846496582e-02
8.112477511167526245e-02
3.667261004447937012e-01
7.352583110332489014e-02
6.918550133705139160e-01
1.514805853366851807e-01
9.887051582336425781e-02
3.671078383922576904e-01
6.021947041153907776e-02
4.091750681400299072e-01
1.412562429904937744e-01
1.178580373525619507e-01
7.542883157730102539e-01
3.209891021251678467e-01
3.105757534503936768e-01
8.962638974189758301e-01
2.098486870527267456e-01
1.663289070129394531e-01
2.949223816394805908e-01
1.524571329355239868e-01
8.924935013055801392e-02
1.787829995155334473e-01
6.106030941009521484e-02
7.516347616910934448e-02
1.493781358003616333e-01
7.740217447280883789e-02
8.694540858268737793e-01
6.537277996540069580e-02
6.446436792612075806e-02
4.188880324363708496e-02
8.086041212081909180e-01
5.566954612731933594e-01
1.342157423496246338e-01
1.564520597457885742e-01
3.838391602039337158e-01
2.968874871730804443e-01
1.551478803157806396e-01
4.183287024497985840e-01
4.715971648693084717e-02
7.996866106986999512e-02
7.322668284177780151e-02
4.696254804730415344e-02
1.266272366046905518e-01
5.735139548778533936e-02
6.707381606101989746e-01
1.592000424861907959e-01
8.239386677742004395e-01
1.495208293199539185e-01
1.969224065542221069e-01
7.075276225805282593e-02
7.513408064842224121e-01
2.913826704025268555e-01
7.280241250991821289e-01
8.447631597518920898e-01
2.438556253910064697e-01
3.521205186843872070e-01
1.491951197385787964e-01
1.162991225719451904e-01
5.172558501362800598e-02
5.358770489692687988e-02
2.390157878398895264e-01
4.650040566921234131e-01
7.808629870414733887e-01
4.474018886685371399e-02
3.757895231246948242e-01
1.103976964950561523e-01
8.177956193685531616e-02
8.668367564678192139e-02
5.531842261552810669e-02
4.541417360305786133e-01
8.764177560806274414e-01
4.228245094418525696e-02
9.444431960582733154e-02
4.008757174015045166e-01
7.125747203826904297e-02
1.256851851940155029e-01
1.593640297651290894e-01
1.149057000875473022e-01
8.340786397457122803e-02
7.601659744977951050e-02
7.133164405822753906e-01
5.644090771675109863e-01
1.223325356841087341e-01
3.743153065443038940e-02
1.055504307150840759e-01
8.069348335266113281e-02
5.509296655654907227e-01
2.810263931751251221e-01
1.227913498878479004e-01
9.434003382921218872e-02
7.510758936405181885e-02
8.157724738121032715e-01
8.030982315540313721e-02
2.830781340599060059e-01
7.544610649347305298e-02
7.734604477882385254e-01
8.249385654926300049e-02
4.752273485064506531e-02
3.003316819667816162e-01
6.063865423202514648e-01
4.629647433757781982e-01
5.281741917133331299e-02
5.774575099349021912e-02
3.334957957267761230e-01
2.500872910022735596e-01
1.488373130559921265e-01
7.139883935451507568e-02
2.723806798458099365e-01
5.270937085151672363e-01
1.019065976142883301e-01
7.995533198118209839e-02
1.383238583803176880e-01
7.967684417963027954e-02
7.735664397478103638e-02
8.222041726112365723e-01
2.186580002307891846e-01
1.256499439477920532e-01
9.086067080497741699e-01
1.959028393030166626e-01
5.311677455902099609e-01
5.816443637013435364e-02
8.537069559097290039e-01
2.455730140209197998e-01
6.106925010681152344e-02
8.479655981063842773e-01
8.376556038856506348e-01
5.278890728950500488e-01
3.109076991677284241e-02
2.218898087739944458e-01
2.719661891460418701e-01
7.025359570980072021e-02
7.512771487236022949e-01
5.640356987714767456e-02
8.425882458686828613e-02
2.360477894544601440e-01
9.971973299980163574e-02
1.085225939750671387e-01
2.720227837562561035e-01
6.918826699256896973e-02
4.238362610340118408e-01
9.134982526302337646e-02
7.432260513305664062e-01
5.366775989532470703e-01
2.507624328136444092e-01
1.829220503568649292e-01
1.516856402158737183e-01
1.025883257389068604e-01
1.482597738504409790e-01
8.295245170593261719e-01
1.361405402421951294e-01
4.047278463840484619e-01
8.750507831573486328e-01
1.576664894819259644e-01
6.661972403526306152e-02
4.776689410209655762e-01
5.903923511505126953e-02
7.260102033615112305e-01
8.810700476169586182e-02
1.751898080110549927e-01
2.463607788085937500e-01
8.574109077453613281e-01
3.585424423217773438e-01
3.909707665443420410e-01
1.663289070129394531e-01
1.209554374217987061e-01
4.985266923904418945e-01
1.398142129182815552e-01
1.450867205858230591e-01
2.611699700355529785e-01
3.706828653812408447e-01
9.028211236000061035e-02
3.089993000030517578e-01
6.227710843086242676e-01
1.791309863328933716e-01
2.994558513164520264e-01
8.528884053230285645e-01
6.648276746273040771e-02
4.548880159854888916e-01
1.442099958658218384e-01
2.344481647014617920e-01
1.134518831968307495e-01
9.948849678039550781e-02
5.544388294219970703e-01
1.970661580562591553e-01
7.006598114967346191e-01
5.223088860511779785e-01
8.832804560661315918e-01
9.031838178634643555e-01
9.063693881034851074e-01
4.107458516955375671e-02
3.743444085121154785e-01
2.102699726819992065e-01
3.158945441246032715e-01
9.058819413185119629e-01
1.763467639684677124e-01
1.808062642812728882e-01
1.714840829372406006e-01
4.268037527799606323e-02
8.828490972518920898e-01
4.233596846461296082e-02
1.360399425029754639e-01
7.162832617759704590e-01
5.769345536828041077e-02
1.009637936949729919e-01
2.092458158731460571e-01
1.762586981058120728e-01
8.968271613121032715e-01
4.342983663082122803e-02
6.970067322254180908e-02
6.797786802053451538e-02
8.456597924232482910e-01
8.884318470954895020e-01
3.580772504210472107e-02
8.429102301597595215e-01
6.191102415323257446e-02
7.931417226791381836e-01
1.467193663120269775e-01
7.903378605842590332e-01
2.864848375320434570e-01
7.059971243143081665e-02
2.300087809562683105e-01
8.170900344848632812e-01
5.089264735579490662e-02
6.716705858707427979e-02
5.556918382644653320e-01
4.997535422444343567e-02
1.015914753079414368e-01
1.175889596343040466e-01
3.798213601112365723e-01
6.238893046975135803e-02
7.874760031700134277e-01
1.566657274961471558e-01
2.672845125198364258e-01
7.691776007413864136e-02
2.993569374084472656e-01
8.521152734756469727e-01
7.206590175628662109e-01
8.644497394561767578e-01
3.586339652538299561e-01
4.708090424537658691e-01
2.207723110914230347e-01
5.526737570762634277e-01
7.749017328023910522e-02
9.060370177030563354e-02
5.060263723134994507e-02
8.484442234039306641e-01
8.010798692703247070e-01
8.356907963752746582e-01
8.423803746700286865e-02
4.312089681625366211e-01
7.854466885328292847e-02
1.239382103085517883e-01
8.771522641181945801e-01
6.029061675071716309e-01
1.504173725843429565e-01
7.725063711404800415e-02
4.578938335180282593e-02
4.870525375008583069e-02
1.096976324915885925e-01
8.302825093269348145e-01
3.970430791378021240e-01
5.086239054799079895e-02
8.879372477531433105e-02
3.172562718391418457e-01
7.835263013839721680e-01
8.238926529884338379e-02
2.675771415233612061e-01
3.334057629108428955e-01
8.955957889556884766e-01
1.213638037443161011e-01
5.880276858806610107e-02
1.569371223449707031e-01
1.760569214820861816e-01
3.463112413883209229e-01
4.516297578811645508e-02
3.040176928043365479e-01
8.788471221923828125e-01
7.554717063903808594e-01
4.905251562595367432e-01
1.467463672161102295e-01
7.085491716861724854e-02
3.286863863468170166e-01
6.326504945755004883e-01
2.935193181037902832e-01
3.170996904373168945e-01
4.386943578720092773e-01
8.368210494518280029e-02
5.794364586472511292e-02
6.556773930788040161e-02
3.697559237480163574e-01
2.225629538297653198e-01
6.488721817731857300e-02
1.819912940263748169e-01
8.165783882141113281e-01
3.362260758876800537e-01
5.557947158813476562e-01
2.800026237964630127e-01
1.706258803606033325e-01
6.877883523702621460e-02
6.653589010238647461e-02
5.440927147865295410e-01
9.050384759902954102e-01
4.738863930106163025e-02
8.990359902381896973e-01
9.030753374099731445e-01
7.190685868263244629e-01
2.045186012983322144e-01
6.893130540847778320e-01
5.577166378498077393e-02
2.485620081424713135e-01
6.564077734947204590e-01
7.903053164482116699e-01
6.840257048606872559e-01
7.164630293846130371e-02
5.910543352365493774e-02
2.153593748807907104e-01
8.450620174407958984e-01
2.395335882902145386e-01
1.217212229967117310e-01
4.825518429279327393e-01
2.635895609855651855e-01
2.651883363723754883e-01
2.863499224185943604e-01
5.844618678092956543e-01
1.457240581512451172e-01
2.390472590923309326e-01
8.060126900672912598e-01
6.196483373641967773e-01
6.126997247338294983e-02
6.447873711585998535e-01
4.721815139055252075e-02
1.978996247053146362e-01
8.109068870544433594e-01
8.481220155954360962e-02
9.617837518453598022e-02
7.585041970014572144e-02
3.273599445819854736e-01
9.005749225616455078e-01
4.704521596431732178e-01
8.208241462707519531e-01
5.493529886007308960e-02
6.112382188439369202e-02
7.358775287866592407e-02
8.714848160743713379e-01
2.819900512695312500e-01
6.857134103775024414e-01
6.617946028709411621e-01
1.840381771326065063e-01
7.964415848255157471e-02
3.699256852269172668e-02
6.334517002105712891e-01
8.992775082588195801e-01
5.753533169627189636e-02
6.468038260936737061e-02
8.347486853599548340e-01
1.602779328823089600e-01
5.458844453096389771e-02
2.721898555755615234e-01
6.861557066440582275e-02
1.780084967613220215e-01
1.509833186864852905e-01
2.698275148868560791e-01
5.961176753044128418e-02
1.029241830110549927e-01
1.236018463969230652e-01
1.411087363958358765e-01
6.410568952560424805e-01
4.416078925132751465e-01
1.941750347614288330e-01
9.657040238380432129e-02
1.087137609720230103e-01
1.223140656948089600e-01
1.231928169727325439e-01
1.291695237159729004e-01
3.499983549118041992e-01
8.407811075448989868e-02
1.529926359653472900e-01
9.032102823257446289e-01
1.064585000276565552e-01
1.770961582660675049e-01
1.231532767415046692e-01
6.838684678077697754e-01
3.317730426788330078e-01
9.229434281587600708e-02
2.530902624130249023e-01
8.910669088363647461e-01
6.983293592929840088e-02
1.198557242751121521e-01
4.971965402364730835e-02
7.830923795700073242e-02
1.325251609086990356e-01
6.025876998901367188e-01
2.962774932384490967e-01
1.726678460836410522e-01
8.508273363113403320e-01
2.665859758853912354e-01
5.828701853752136230e-01
2.586979866027832031e-01
1.323385983705520630e-01
7.046828269958496094e-01
1.506484448909759521e-01
4.714472964406013489e-02
8.856031894683837891e-01
6.396556496620178223e-01
7.153567671775817871e-01
6.174904704093933105e-01
6.419881433248519897e-02
4.033374786376953125e-01
1.132739931344985962e-01
1.292187273502349854e-01
3.843542039394378662e-01
6.287962198257446289e-02
4.603997617959976196e-02
3.418184518814086914e-01
8.999559283256530762e-02
7.149313688278198242e-01
6.159092187881469727e-01
6.216172575950622559e-01
6.958346813917160034e-02
7.550702095031738281e-01
7.081272006034851074e-01
1.837060153484344482e-01
8.278786540031433105e-01
5.009465217590332031e-01
3.767212629318237305e-01
8.062001317739486694e-02
8.565887808799743652e-01
3.634426295757293701e-01
6.360022723674774170e-02
7.635074853897094727e-01
2.646214663982391357e-01
8.443613648414611816e-01
5.582842230796813965e-02
3.265719115734100342e-01
3.027111887931823730e-01
2.821752727031707764e-01
4.059204757213592529e-01
8.786056041717529297e-01
1.651533246040344238e-01
2.629992663860321045e-01
3.488235548138618469e-02
7.898107767105102539e-01
9.004813432693481445e-02
4.998145252466201782e-02
8.468089699745178223e-01
8.531984686851501465e-01
4.274218976497650146e-01
8.520889282226562500e-02
5.446221828460693359e-01
4.113526940345764160e-01
8.546800613403320312e-01
1.628725528717041016e-01
8.499259948730468750e-01
3.831697627902030945e-02
3.420464396476745605e-01
6.547596305608749390e-02
4.863358139991760254e-01
6.271234154701232910e-02
2.505605220794677734e-01
4.594220817089080811e-01
1.285054236650466919e-01
2.934444844722747803e-01
1.530414372682571411e-01
4.773777127265930176e-01
7.900639176368713379e-01
3.153507709503173828e-01
5.030520558357238770e-01
9.674912691116333008e-02
2.683745324611663818e-01
7.743892073631286621e-01
8.361863493919372559e-01
1.349836885929107666e-01
2.262956053018569946e-01
6.194398552179336548e-02
1.707949489355087280e-01
2.425777912139892578e-01
1.828141957521438599e-01
9.014187455177307129e-01
1.816440373659133911e-01
7.817935347557067871e-01
2.159633189439773560e-01
8.270624279975891113e-01
9.699071943759918213e-02
1.390495151281356812e-01
4.776817932724952698e-02
6.983836740255355835e-02
2.354835569858551025e-01
8.753403425216674805e-01
6.255431175231933594e-01
2.896001040935516357e-01
1.269046217203140259e-01
7.391916513442993164e-01
9.041280746459960938e-01
4.763524830341339111e-01
9.750489145517349243e-02
1.172196269035339355e-01
8.212059140205383301e-01
7.038175463676452637e-01
8.040088415145874023e-01
5.704573541879653931e-02
9.000675678253173828e-01
8.793594241142272949e-01
5.087330341339111328e-01
8.788652420043945312e-01
4.091771543025970459e-01
5.682797729969024658e-02
5.667365193367004395e-01
2.319188863039016724e-01
7.300930619239807129e-01
2.960239052772521973e-01
7.489195466041564941e-01
8.273528218269348145e-01
1.055740714073181152e-01
6.054430007934570312e-01
5.029587745666503906e-01
5.575760602951049805e-01
5.892612412571907043e-02
4.765654504299163818e-01
7.497626543045043945e-01
4.720999598503112793e-01
3.550116717815399170e-01
2.573391199111938477e-01
4.867811501026153564e-01
7.643330693244934082e-01
5.700330138206481934e-01
1.087525859475135803e-01
1.387084573507308960e-01
1.663289070129394531e-01
4.475173354148864746e-02
2.980661988258361816e-01
1.297821849584579468e-01
6.685937047004699707e-01
1.693208068609237671e-01
5.554788559675216675e-02
5.354688763618469238e-01
5.198472738265991211e-01
4.822767898440361023e-02
4.514586925506591797e-01
5.806651711463928223e-02
7.674214839935302734e-01
6.057065725326538086e-01
5.764488503336906433e-02
9.568935632705688477e-02
6.289355456829071045e-02
4.026794135570526123e-01
2.466593980789184570e-01
1.374885886907577515e-01
5.374453216791152954e-02
5.686943978071212769e-02
3.480917215347290039e-01
1.332610845565795898e-01
7.471464574337005615e-02
1.552376002073287964e-01
1.945113092660903931e-01
2.699689865112304688e-01
7.517998218536376953e-01
5.434690415859222412e-02
7.183091342449188232e-02
7.548326253890991211e-01
4.272021353244781494e-01
6.403102725744247437e-02
9.087266325950622559e-01
7.282260656356811523e-01
4.800345301628112793e-01
8.224550634622573853e-02
1.773450970649719238e-01
6.074033677577972412e-02
6.266735494136810303e-02
3.278260827064514160e-01
7.287991791963577271e-02
5.732459425926208496e-01
8.656781911849975586e-01
7.127335071563720703e-01
6.779708713293075562e-02
5.207421779632568359e-01
1.247086748480796814e-01
3.267009556293487549e-01
3.667921125888824463e-01
1.814480125904083252e-01
3.857838809490203857e-01
3.789207339286804199e-01
9.024003148078918457e-01
8.722276240587234497e-02
1.468570381402969360e-01
8.421595096588134766e-01
4.377640485763549805e-01
7.098495364189147949e-01
7.269307374954223633e-01
5.007697939872741699e-01
4.305762946605682373e-01
9.078122973442077637e-01
8.854333758354187012e-01
2.981631159782409668e-01
8.842991590499877930e-01
4.955478757619857788e-02
8.562253117561340332e-01
4.322320818901062012e-01
5.299367383122444153e-02
4.371299967169761658e-02
5.000370144844055176e-01
2.722027301788330078e-01
4.819650575518608093e-02
1.769859790802001953e-01
9.008560776710510254e-01
6.947121769189834595e-02
5.343418940901756287e-02
1.055605560541152954e-01
1.659868806600570679e-01
1.538375318050384521e-01
4.821441695094108582e-02
1.920579373836517334e-01
4.724666476249694824e-02
5.588316321372985840e-01
2.041030973196029663e-01
5.208572745323181152e-01
8.133898377418518066e-01
8.027020692825317383e-01
1.280636340379714966e-01
8.442681282758712769e-02
2.128600329160690308e-01
8.018695712089538574e-01
7.046719640493392944e-02
2.910692095756530762e-01
1.975662261247634888e-01
3.761667013168334961e-02
8.970026373863220215e-01
3.239248692989349365e-01
7.876946777105331421e-02
7.448171824216842651e-02
4.857788383960723877e-01
2.574764490127563477e-01
8.064093589782714844e-01
1.155548840761184692e-01
2.424207925796508789e-01
7.771893590688705444e-02
2.892754971981048584e-01
3.086892068386077881e-01
2.700606286525726318e-01
1.802309304475784302e-01
1.486074626445770264e-01
6.217209249734878540e-02
1.499252468347549438e-01
9.020140767097473145e-02
3.277132511138916016e-01
7.409778982400894165e-02
8.471361398696899414e-01
8.109889030456542969e-01
1.312937289476394653e-01
