4.059666767716407776e-02
8.527405261993408203e-01
1.439778059720993042e-01
8.457258939743041992e-01
1.983349174261093140e-01
4.452261328697204590e-02
7.364605367183685303e-02
1.934366077184677124e-01
8.441256284713745117e-01
9.760274738073348999e-02
3.396341204643249512e-01
2.523194253444671631e-01
8.053898215293884277e-01
5.014626383781433105e-01
1.270595043897628784e-01
4.390560686588287354e-01
5.375352501869201660e-02
7.960593700408935547e-01
8.735525608062744141e-01
4.454422593116760254e-01
7.857663035392761230e-01
7.840769290924072266e-01
4.261940717697143555e-02
4.194339737296104431e-02
1.219316124916076660e-01
6.093528866767883301e-02
7.572929263114929199e-01
3.185043334960937500e-01
5.632310509681701660e-01
5.483891367912292480e-01
3.726330101490020752e-01
3.951823338866233826e-02
7.795460820198059082e-01
4.031611233949661255e-02
3.759577274322509766e-01
1.228619962930679321e-01
3.347686231136322021e-01
2.259362041950225830e-01
4.054672420024871826e-01
8.668019771575927734e-01
8.462101966142654419e-02
4.646882414817810059e-02
4.207049682736396790e-02
5.145806446671485901e-02
4.913330450654029846e-02
7.481522113084793091e-02
3.823193609714508057e-01
6.370998024940490723e-01
3.977223485708236694e-02
7.574998736381530762e-01
5.034585297107696533e-02
3.925864398479461670e-02
6.392724066972732544e-02
4.713512957096099854e-01
4.641435667872428894e-02
7.406707108020782471e-02
8.595060706138610840e-01
4.556353390216827393e-02
5.056957900524139404e-02
1.649380177259445190e-01
3.863204121589660645e-01
2.965772151947021484e-01
1.369965076446533203e-01
4.072663187980651855e-02
4.367816075682640076e-02
8.120312541723251343e-02
4.318245500326156616e-02
9.998743981122970581e-02
5.529227852821350098e-01
2.643978893756866455e-01
4.710911586880683899e-02
6.067586541175842285e-01
3.395943045616149902e-01
4.899140074849128723e-02
3.188093602657318115e-01
5.023964121937751770e-02
4.933435842394828796e-02
4.105663299560546875e-02
4.528760164976119995e-02
4.133389890193939209e-02
7.764472961425781250e-01
6.640841364860534668e-01
7.541882991790771484e-01
5.931038856506347656e-01
7.471312880516052246e-01
7.286268472671508789e-01
4.567192867398262024e-02
4.700423404574394226e-02
7.403621077537536621e-01
1.790531426668167114e-01
6.628767251968383789e-01
4.190569370985031128e-02
4.029953107237815857e-02
5.757280588150024414e-01
5.677342414855957031e-01
4.507597684860229492e-01
6.315786242485046387e-01
7.716646790504455566e-01
4.269777983427047729e-02
6.902637332677841187e-02
6.606892943382263184e-01
1.762535125017166138e-01
5.225758552551269531e-01
2.824326753616333008e-01
2.502285838127136230e-01
5.421512201428413391e-02
8.884686231613159180e-02
6.139585971832275391e-01
5.796557664871215820e-01
5.090221166610717773e-01
4.243574440479278564e-01
3.916180133819580078e-02
4.120594635605812073e-02
8.762208223342895508e-01
1.690108478069305420e-01
3.911555930972099304e-02
8.235657215118408203e-01
4.066466912627220154e-02
8.259275555610656738e-02
7.835637927055358887e-01
4.108978062868118286e-02
4.020767658948898315e-02
1.824616342782974243e-01
6.396719217300415039e-01
8.100861907005310059e-01
7.356036454439163208e-02
4.201515391469001770e-02
1.768083721399307251e-01
4.878893122076988220e-02
7.397075742483139038e-02
8.711041212081909180e-01
5.117772817611694336e-01
8.427686095237731934e-01
1.239698007702827454e-01
5.073398351669311523e-01
4.231018722057342529e-01
7.819828391075134277e-01
3.364444971084594727e-01
4.950918257236480713e-01
4.014663770794868469e-02
7.516073584556579590e-01
7.139427065849304199e-01
6.861877441406250000e-01
3.595570325851440430e-01
1.281213015317916870e-01
4.370241984724998474e-02
5.327796936035156250e-01
7.479857206344604492e-01
5.430933237075805664e-01
4.811121150851249695e-02
4.084200784564018250e-02
1.238663569092750549e-01
5.038637295365333557e-02
9.281060099601745605e-02
6.193703413009643555e-02
1.687399893999099731e-01
3.859514594078063965e-01
3.137586414813995361e-01
3.875761628150939941e-01
6.652275919914245605e-01
1.738304197788238525e-01
7.715957164764404297e-01
5.855084583163261414e-02
1.911827474832534790e-01
8.130926489830017090e-01
2.960696518421173096e-01
2.732940018177032471e-01
2.920910716056823730e-01
4.789370298385620117e-02
2.959006130695343018e-01
4.372004047036170959e-02
4.030470177531242371e-02
2.154287993907928467e-01
5.971106886863708496e-01
4.040782153606414795e-02
8.633868694305419922e-01
3.123015165328979492e-01
4.024294018745422363e-02
8.437021970748901367e-01
6.930787861347198486e-02
6.970269978046417236e-02
5.538718029856681824e-02
1.012085825204849243e-01
1.596926152706146240e-01
9.881649911403656006e-02
4.246892407536506653e-02
2.237075716257095337e-01
6.260892748832702637e-01
4.185037612915039062e-01
3.423128724098205566e-01
4.279998689889907837e-02
8.318938016891479492e-01
1.082890629768371582e-01
7.565254569053649902e-01
7.355932891368865967e-02
6.927955746650695801e-01
4.131017997860908508e-02
1.634447127580642700e-01
6.982868909835815430e-01
5.716025829315185547e-02
3.994617983698844910e-02
2.609202861785888672e-01
8.271722197532653809e-01
1.327835321426391602e-01
7.816227078437805176e-01
8.515293598175048828e-01
7.389456033706665039e-01
8.010611683130264282e-02
8.783965706825256348e-01
4.822351783514022827e-02
4.146968126296997070e-01
4.127140343189239502e-02
2.178525179624557495e-01
6.559027433395385742e-01
2.318158298730850220e-01
4.009566456079483032e-02
7.521386146545410156e-01
3.500809073448181152e-01
7.887205481529235840e-01
5.279072374105453491e-02
8.267543315887451172e-01
8.798579573631286621e-01
5.315975546836853027e-01
1.635486781597137451e-01
5.704850330948829651e-02
6.339232623577117920e-02
6.555874347686767578e-01
6.195173263549804688e-01
5.291865766048431396e-02
4.737604856491088867e-01
6.760646700859069824e-01
8.044359087944030762e-01
5.139830335974693298e-02
6.803853511810302734e-01
8.197631835937500000e-01
2.503631412982940674e-01
5.307012796401977539e-01
8.622797131538391113e-01
2.281002849340438843e-01
2.392210662364959717e-01
8.086431622505187988e-01
1.403481066226959229e-01
7.387221455574035645e-01
8.290699869394302368e-02
2.459335923194885254e-01
4.171475172042846680e-01
4.594881460070610046e-02
8.726900219917297363e-01
4.256385564804077148e-02
7.565662860870361328e-01
4.422461092472076416e-01
1.161836311221122742e-01
4.579027369618415833e-02
4.447837546467781067e-02
3.985032439231872559e-02
5.512856692075729370e-02
3.307504355907440186e-01
7.735659480094909668e-01
1.566437780857086182e-01
7.615785598754882812e-01
4.321337863802909851e-02
6.351863145828247070e-01
6.100476384162902832e-01
4.259981960058212280e-02
2.752028107643127441e-01
5.300753116607666016e-01
4.411562159657478333e-02
1.979051679372787476e-01
5.177325755357742310e-02
7.464290261268615723e-01
7.955191731452941895e-01
8.572989106178283691e-01
3.203300237655639648e-01
1.182226166129112244e-01
4.716585576534271240e-01
4.887850210070610046e-02
6.981526017189025879e-01
2.059625983238220215e-01
7.038823366165161133e-01
9.063305705785751343e-02
2.341025024652481079e-01
8.624783754348754883e-01
2.492802590131759644e-01
4.728884398937225342e-01
4.307614862918853760e-01
4.336285293102264404e-01
3.974802419543266296e-02
1.235644966363906860e-01
2.410189360380172729e-01
9.400161355733871460e-02
6.065097451210021973e-02
6.630669832229614258e-01
7.365949153900146484e-01
4.942289888858795166e-01
1.828763633966445923e-01
3.998022899031639099e-02
1.401347219944000244e-01
8.379882574081420898e-01
4.195751547813415527e-01
4.614814743399620056e-02
6.886710524559020996e-01
6.120434999465942383e-01
3.388939797878265381e-01
5.567914247512817383e-02
9.823389351367950439e-02
4.099763929843902588e-02
1.247410923242568970e-01
7.408372163772583008e-01
7.760453820228576660e-01
7.431775331497192383e-01
4.816141128540039062e-01
8.316430449485778809e-02
9.369711577892303467e-02
1.414914727210998535e-01
5.965314507484436035e-01
3.500862121582031250e-01
8.462991118431091309e-01
6.972396969795227051e-01
1.752706319093704224e-01
1.256150901317596436e-01
6.130298972129821777e-01
2.444806396961212158e-01
4.956542551517486572e-01
8.516713976860046387e-01
1.890543699264526367e-01
3.202660083770751953e-01
4.542622342705726624e-02
6.484045088291168213e-02
4.329439997673034668e-02
4.001486301422119141e-02
3.895793855190277100e-02
1.226353645324707031e-01
5.095878839492797852e-01
7.382586598396301270e-02
3.510089218616485596e-01
8.284937143325805664e-01
2.227164804935455322e-01
3.997106850147247314e-02
9.705752134323120117e-02
2.919949591159820557e-01
4.294940084218978882e-02
3.867570161819458008e-01
8.241549134254455566e-01
4.537554085254669189e-01
7.671658396720886230e-01
4.131797328591346741e-02
1.460557132959365845e-01
5.967500209808349609e-01
1.752900779247283936e-01
7.323417663574218750e-01
1.021877974271774292e-01
4.020734876394271851e-02
4.162832349538803101e-02
4.637477919459342957e-02
4.113823771476745605e-01
4.447649791836738586e-02
7.587655782699584961e-01
2.608625590801239014e-01
1.563998907804489136e-01
5.155103802680969238e-01
7.205107808113098145e-02
6.090530157089233398e-01
2.110072225332260132e-01
4.981552436947822571e-02
6.969956755638122559e-01
2.695977687835693359e-01
4.593710601329803467e-01
8.677963614463806152e-01
2.428922355175018311e-01
2.050824016332626343e-01
4.091570675373077393e-01
1.038979291915893555e-01
4.645527526736259460e-02
9.017146378755569458e-02
5.032736435532569885e-02
4.296794161200523376e-02
1.914645135402679443e-01
5.866383388638496399e-02
8.479110002517700195e-01
3.960616141557693481e-02
4.134985804557800293e-02
3.908301517367362976e-02
7.357848286628723145e-01
6.735766530036926270e-01
1.679580211639404297e-01
1.236934661865234375e-01
4.728133976459503174e-01
2.923986017704010010e-01
1.522926241159439087e-01
4.134877622127532959e-01
3.928538784384727478e-02
4.282307624816894531e-02
4.169483110308647156e-02
3.974199667572975159e-02
6.962654739618301392e-02
5.193369463086128235e-02
6.936014890670776367e-01
4.041347205638885498e-01
7.303943634033203125e-01
7.270269095897674561e-02
2.694745957851409912e-01
4.072283208370208740e-02
7.177765965461730957e-01
3.328898847103118896e-01
8.087656497955322266e-01
8.261514306068420410e-01
2.351807057857513428e-01
5.158017277717590332e-01
2.377902716398239136e-01
1.177318915724754333e-01
4.112920910120010376e-02
3.880770504474639893e-02
3.447996675968170166e-01
5.934993624687194824e-01
7.610859870910644531e-01
3.891075402498245239e-02
5.362535119056701660e-01
1.240051612257957458e-01
5.608811229467391968e-02
5.417637899518013000e-02
3.962934762239456177e-02
7.308373451232910156e-01
7.244712710380554199e-01
4.128487780690193176e-02
5.107824876904487610e-02
3.796367645263671875e-01
4.018303751945495605e-02
1.024412885308265686e-01
2.025066465139389038e-01
5.096283927559852600e-02
6.588992476463317871e-02
9.815008193254470825e-02
7.212358713150024414e-01
6.210913062095642090e-01
5.734006687998771667e-02
4.052622616291046143e-02
8.501125872135162354e-02
9.655738621950149536e-02
7.098022103309631348e-01
3.481783866882324219e-01
2.334096133708953857e-01
6.237637996673583984e-02
6.782774627208709717e-02
8.368803858757019043e-01
3.880551829934120178e-02
4.448519945144653320e-01
4.954109713435173035e-02
8.474880456924438477e-01
4.052430763840675354e-02
3.949388489127159119e-02
3.655356466770172119e-01
7.484465241432189941e-01
3.508436381816864014e-01
4.087806493043899536e-02
4.088746383786201477e-02
4.729817211627960205e-01
3.016830384731292725e-01
2.416212707757949829e-01
4.636810347437858582e-02
3.627138435840606689e-01
3.272208869457244873e-01
4.457825049757957458e-02
4.175718128681182861e-02
1.594051271677017212e-01
6.180403381586074829e-02
1.544064134359359741e-01
7.758466601371765137e-01
3.224599659442901611e-01
5.463264882564544678e-02
8.806887865066528320e-01
2.049417644739151001e-01
7.336762547492980957e-01
5.746349319815635681e-02
8.240910172462463379e-01
6.306434869766235352e-01
5.687620490789413452e-02
8.502438068389892578e-01
7.801532745361328125e-01
4.113547205924987793e-01
3.840419650077819824e-02
4.166412353515625000e-01
3.722975254058837891e-01
4.309007525444030762e-02
6.901614665985107422e-01
4.045437276363372803e-02
2.909079194068908691e-01
2.614123523235321045e-01
4.660275951027870178e-02
1.009326353669166565e-01
4.317819476127624512e-01
4.377179965376853943e-02
5.388600230216979980e-01
4.351027682423591614e-02
5.020399689674377441e-01
4.922195374965667725e-01
3.627535104751586914e-01
2.890553176403045654e-01
6.637917459011077881e-02
5.717330425977706909e-02
4.955257475376129150e-02
7.832547426223754883e-01
5.198075249791145325e-02
5.859124660491943359e-01
8.531104922294616699e-01
2.259459346532821655e-01
4.268741980195045471e-02
5.181919932365417480e-01
9.275595098733901978e-02
6.212061643600463867e-01
5.462234094738960266e-02
2.182904630899429321e-01
2.370019406080245972e-01
8.356320858001708984e-01
4.448235929012298584e-01
5.631691813468933105e-01
2.050824016332626343e-01
1.179380267858505249e-01
5.860092639923095703e-01
1.435338854789733887e-01
2.391597628593444824e-01
3.922193348407745361e-01
4.757070243358612061e-01
1.229696273803710938e-01
6.620008945465087891e-01
6.439537405967712402e-01
1.653539538383483887e-01
4.927464425563812256e-01
8.265636563301086426e-01
4.466577991843223572e-02
6.828618049621582031e-01
2.760916948318481445e-01
5.493488311767578125e-01
1.035388484597206116e-01
4.917919635772705078e-02
7.303156256675720215e-01
2.037798017263412476e-01
4.356068372726440430e-01
6.308912038803100586e-01
8.433836698532104492e-01
8.759923577308654785e-01
8.761248588562011719e-01
3.922868892550468445e-02
4.956807792186737061e-01
2.845679223537445068e-01
4.276058077812194824e-01
8.748395442962646484e-01
2.250889986753463745e-01
3.332827687263488770e-01
2.401041835546493530e-01
5.682482570409774780e-02
8.274847865104675293e-01
4.003327339887619019e-02
6.548175215721130371e-02
7.877806425094604492e-01
4.152816534042358398e-02
7.703503221273422241e-02
3.386650681495666504e-01
1.805095076560974121e-01
8.566434979438781738e-01
1.277178674936294556e-01
4.122756794095039368e-02
4.668776690959930420e-02
7.561831474304199219e-01
8.598943352699279785e-01
3.928727656602859497e-02
6.825655102729797363e-01
4.966973140835762024e-02
7.259395718574523926e-01
3.591433167457580566e-01
7.744079828262329102e-01
5.574852824211120605e-01
4.297910258173942566e-02
3.588100075721740723e-01
8.452663421630859375e-01
4.356083646416664124e-02
4.152585193514823914e-02
7.720957994461059570e-01
5.038144811987876892e-02
2.051291316747665405e-01
1.882786005735397339e-01
3.924863636493682861e-01
4.073521867394447327e-02
8.098809719085693359e-01
1.549720913171768188e-01
4.179556071758270264e-01
4.124295711517333984e-02
1.277980208396911621e-01
8.283212184906005859e-01
7.069126367568969727e-01
8.010734319686889648e-01
2.994644939899444580e-01
5.774282217025756836e-01
1.475488394498825073e-01
2.528546750545501709e-01
4.223601147532463074e-02
5.161065608263015747e-02
3.920983150601387024e-02
7.961894273757934570e-01
8.368515968322753906e-01
8.088427782058715820e-01
9.365320950746536255e-02
6.376504898071289062e-01
4.339129477739334106e-02
4.447173699736595154e-02
8.237317204475402832e-01
7.440058588981628418e-01
4.389742389321327209e-02
4.784680530428886414e-02
4.026208072900772095e-02
4.038922488689422607e-02
1.792023777961730957e-01
7.936177849769592285e-01
3.102320730686187744e-01
4.063899815082550049e-02
4.517161846160888672e-02
4.823803603649139404e-01
7.982761263847351074e-01
4.505003243684768677e-02
4.442918002605438232e-01
4.461697041988372803e-01
8.528214693069458008e-01
5.279598012566566467e-02
4.479920119047164917e-02
1.650823056697845459e-01
4.299763739109039307e-01
3.637119829654693604e-01
4.449292644858360291e-02
4.115039408206939697e-01
8.326165676116943359e-01
7.820183634757995605e-01
5.666300654411315918e-01
1.103206649422645569e-01
4.175805673003196716e-02
7.397790551185607910e-01
6.609168648719787598e-01
2.686402499675750732e-01
5.408583283424377441e-01
6.838988661766052246e-01
4.179377108812332153e-02
4.183996468782424927e-02
4.042409732937812805e-02
3.393724262714385986e-01
4.396365210413932800e-02
3.977780044078826904e-02
3.130794763565063477e-01
7.057518959045410156e-01
2.182589024305343628e-01
7.717022299766540527e-01
4.078578352928161621e-01
5.298126116394996643e-02
5.825155600905418396e-02
4.077286273241043091e-02
7.806240320205688477e-01
8.782665729522705078e-01
5.230439826846122742e-02
8.639605045318603516e-01
8.753417134284973145e-01
7.671034932136535645e-01
3.106891512870788574e-01
7.468931674957275391e-01
4.232911393046379089e-02
5.419192314147949219e-01
7.095905542373657227e-01
8.191344738006591797e-01
6.668320298194885254e-01
4.027153551578521729e-02
1.033378839492797852e-01
3.077251017093658447e-01
7.984790205955505371e-01
2.263237833976745605e-01
1.563198715448379517e-01
3.864277601242065430e-01
5.957518815994262695e-01
2.415863275527954102e-01
1.261148750782012939e-01
6.128849387168884277e-01
2.325870096683502197e-01
3.358754515647888184e-01
7.748470306396484375e-01
6.322034001350402832e-01
4.195789620280265808e-02
5.718078017234802246e-01
4.297773912549018860e-02
2.704762816429138184e-01
7.363871932029724121e-01
4.722076654434204102e-02
4.715869203209877014e-02
4.189129173755645752e-02
6.000071763992309570e-01
8.730188608169555664e-01
4.552009701728820801e-01
7.891662120819091797e-01
4.163439199328422546e-02
4.074442386627197266e-02
4.188160970807075500e-02
8.286346793174743652e-01
2.849521636962890625e-01
7.260019779205322266e-01
7.501689791679382324e-01
2.928123772144317627e-01
4.089833423495292664e-02
5.120563134551048279e-02
6.179490089416503906e-01
8.694427609443664551e-01
4.180487990379333496e-02
3.996363282203674316e-02
8.305879831314086914e-01
2.094811052083969116e-01
3.998455405235290527e-02
1.518605947494506836e-01
4.064837843179702759e-02
4.834269732236862183e-02
2.369443774223327637e-01
4.974733293056488037e-01
4.548894986510276794e-02
1.123720556497573853e-01
5.024678632616996765e-02
1.290101110935211182e-01
7.505202889442443848e-01
2.736897766590118408e-01
3.305142223834991455e-01
1.100608855485916138e-01
1.356224268674850464e-01
4.332360997796058655e-02
6.932636350393295288e-02
1.559198498725891113e-01
3.710820376873016357e-01
4.822377115488052368e-02
1.954242587089538574e-01
8.692325949668884277e-01
1.122880354523658752e-01
1.310020536184310913e-01
5.935145914554595947e-02
6.572646498680114746e-01
3.184825778007507324e-01
8.407358080148696899e-02
3.442471027374267578e-01
8.555808067321777344e-01
4.064158722758293152e-02
1.116062998771667480e-01
4.053085297346115112e-02
9.805195033550262451e-02
2.042275667190551758e-01
6.754379868507385254e-01
4.773418903350830078e-01
2.511502504348754883e-01
7.959933876991271973e-01
1.959598362445831299e-01
5.406063199043273926e-01
2.982900440692901611e-01
1.324774771928787231e-01
6.749090552330017090e-01
1.049376279115676880e-01
4.096318408846855164e-02
8.168962001800537109e-01
8.324170708656311035e-01
7.659988403320312500e-01
5.980160236358642578e-01
3.902827575802803040e-02
3.997325301170349121e-01
7.200421392917633057e-02
1.282099038362503052e-01
5.415163636207580566e-01
4.051574319601058960e-02
3.919777274131774902e-02
5.252232551574707031e-01
4.410066083073616028e-02
6.497338414192199707e-01
6.660501360893249512e-01
5.940193533897399902e-01
3.932788223028182983e-02
7.694803476333618164e-01
8.326149582862854004e-01
1.348296105861663818e-01
7.856655716896057129e-01
5.889702439308166504e-01
5.698021054267883301e-01
4.522365704178810120e-02
8.017743825912475586e-01
4.966036975383758545e-01
4.089521989226341248e-02
8.125849962234497070e-01
4.252979755401611328e-01
8.193483352661132812e-01
4.199152812361717224e-02
4.823899567127227783e-01
3.915652036666870117e-01
3.235254883766174316e-01
3.982222676277160645e-01
8.217418789863586426e-01
2.955594658851623535e-01
2.503478229045867920e-01
3.881661966443061829e-02
8.339551687240600586e-01
4.552340507507324219e-02
4.014052078127861023e-02
8.208411931991577148e-01
7.985054254531860352e-01
4.389153420925140381e-01
6.446419656276702881e-02
7.124339342117309570e-01
3.561200201511383057e-01
7.988125681877136230e-01
8.876106888055801392e-02
7.965868711471557617e-01
3.895559906959533691e-02
6.205972433090209961e-01
4.243921488523483276e-02
5.507555007934570312e-01
4.153249785304069519e-02
3.934608697891235352e-01
4.973909556865692139e-01
5.451152101159095764e-02
3.798656761646270752e-01
1.727588325738906860e-01
7.170588374137878418e-01
7.158688306808471680e-01
3.718641996383666992e-01
5.897858738899230957e-01
4.194001853466033936e-02
5.429426431655883789e-01
7.752130031585693359e-01
7.626244425773620605e-01
1.654849797487258911e-01
2.679412066936492920e-01
4.383581131696701050e-02
6.932058185338973999e-02
2.117113620042800903e-01
2.081639468669891357e-01
8.666992783546447754e-01
2.398500591516494751e-01
6.744043827056884766e-01
4.231039062142372131e-02
7.073044180870056152e-01
5.660598725080490112e-02
1.831694394350051880e-01
5.637801811099052429e-02
4.082344099879264832e-02
1.361812949180603027e-01
8.449792265892028809e-01
7.782810330390930176e-01
4.481989443302154541e-01
7.377626746892929077e-02
8.394402861595153809e-01
8.737445473670959473e-01
5.647274255752563477e-01
4.706169664859771729e-02
2.203797698020935059e-01
8.118997812271118164e-01
7.119588851928710938e-01
8.250875473022460938e-01
7.750502228736877441e-02
8.683460950851440430e-01
8.519975543022155762e-01
3.459977209568023682e-01
8.388501405715942383e-01
3.719377517700195312e-01
4.342147707939147949e-02
5.095880627632141113e-01
2.026452869176864624e-01
8.194111585617065430e-01
9.014789015054702759e-02
7.243683934211730957e-01
6.814702749252319336e-01
5.707736313343048096e-02
7.269543409347534180e-01
6.043909788131713867e-01
6.561080813407897949e-01
4.054486379027366638e-02
4.058392345905303955e-01
7.651495337486267090e-01
5.073410272598266602e-01
3.998268246650695801e-01
3.711052238941192627e-01
5.073114633560180664e-01
7.118894457817077637e-01
7.418984770774841309e-01
8.477960526943206787e-02
1.294231861829757690e-01
2.050824016332626343e-01
4.013200849294662476e-02
2.224679589271545410e-01
1.012788489460945129e-01
5.995004773139953613e-01
1.514661163091659546e-01
4.113966599106788635e-02
3.004969656467437744e-01
4.938078820705413818e-01
4.953324049711227417e-02
4.075132012367248535e-01
4.249376058578491211e-02
7.103934288024902344e-01
6.313713192939758301e-01
3.929248824715614319e-02
2.022595852613449097e-01
4.064790904521942139e-02
3.638965189456939697e-01
1.796309053897857666e-01
1.038395985960960388e-01
4.397466033697128296e-02
4.370766878128051758e-02
5.542387366294860840e-01
1.592544466257095337e-01
6.007581576704978943e-02
1.402963548898696899e-01
1.500429064035415649e-01
4.938076138496398926e-01
6.908187270164489746e-01
4.023417457938194275e-02
4.827016592025756836e-02
7.915745973587036133e-01
6.966381072998046875e-01
4.083530977368354797e-02
8.798378109931945801e-01
7.950410842895507812e-01
4.476502835750579834e-01
3.992429003119468689e-02
3.500931859016418457e-01
4.060598090291023254e-02
5.179022252559661865e-02
4.618720114231109619e-01
1.024541556835174561e-01
6.778141260147094727e-01
7.863990664482116699e-01
7.558143138885498047e-01
6.322515755891799927e-02
3.997220993041992188e-01
8.817282319068908691e-02
3.966749906539916992e-01
6.246321201324462891e-01
2.069135010242462158e-01
4.556552171707153320e-01
3.450907766819000244e-01
8.738957047462463379e-01
8.448043465614318848e-02
1.036309376358985901e-01
7.863129973411560059e-01
5.738233327865600586e-01
7.942635416984558105e-01
7.419321537017822266e-01
4.133783876895904541e-01
4.166265726089477539e-01
8.087271451950073242e-01
8.140742778778076172e-01
2.146139293909072876e-01
8.335248827934265137e-01
4.195635020732879639e-02
8.357384800910949707e-01
6.076746582984924316e-01
3.934959694743156433e-02
3.979618847370147705e-02
5.223279595375061035e-01
3.144958913326263428e-01
4.131023958325386047e-02
8.656683564186096191e-02
8.670998215675354004e-01
3.934858739376068115e-02
4.170448705554008484e-02
6.216917559504508972e-02
6.603905558586120605e-02
4.669048637151718140e-02
4.569944739341735840e-02
8.280360698699951172e-02
3.979528695344924927e-02
3.273112773895263672e-01
3.265448808670043945e-01
5.986577868461608887e-01
8.159000873565673828e-01
8.080428242683410645e-01
1.465508937835693359e-01
5.374948307871818542e-02
2.674915790557861328e-01
7.885190844535827637e-01
4.559995979070663452e-02
1.928778737783432007e-01
2.111210972070693970e-01
4.063802957534790039e-02
8.618348836898803711e-01
2.186952233314514160e-01
5.741854757070541382e-02
6.698192656040191650e-02
4.479562640190124512e-01
2.705330848693847656e-01
7.604256868362426758e-01
1.205630302429199219e-01
2.630881369113922119e-01
4.686075821518898010e-02
4.452379047870635986e-01
3.669445514678955078e-01
3.400170505046844482e-01
1.961834579706192017e-01
2.064168900251388550e-01
4.226147383451461792e-02
1.581017374992370605e-01
7.794159650802612305e-02
4.731211364269256592e-01
3.884886950254440308e-02
8.360170125961303711e-01
7.789815068244934082e-01
6.302177906036376953e-02
