4.023290798068046570e-02
9.012036323547363281e-01
1.528050154447555542e-01
8.374313116073608398e-01
3.672261834144592285e-01
8.986635506153106689e-02
2.520950734615325928e-01
2.308492660522460938e-01
8.764274716377258301e-01
1.065723374485969543e-01
2.844183146953582764e-01
2.439575195312500000e-01
7.005305290222167969e-01
4.736254215240478516e-01
9.586664289236068726e-02
2.895333468914031982e-01
1.274273097515106201e-01
6.817484498023986816e-01
9.089509248733520508e-01
3.157079219818115234e-01
7.410684227943420410e-01
6.685588955879211426e-01
6.579510867595672607e-02
8.706049621105194092e-02
1.844385862350463867e-01
7.235819101333618164e-02
7.674066424369812012e-01
2.670691609382629395e-01
3.576833903789520264e-01
4.165396094322204590e-01
2.377163320779800415e-01
3.624439984560012817e-02
8.788093924522399902e-01
1.003745421767234802e-01
3.340532481670379639e-01
1.584413200616836548e-01
3.050661087036132812e-01
1.693054884672164917e-01
4.578008949756622314e-01
8.970636129379272461e-01
1.601778715848922729e-01
1.504664421081542969e-01
7.477169483900070190e-02
6.421160697937011719e-02
8.311194926500320435e-02
1.585607528686523438e-01
1.874229311943054199e-01
5.995857119560241699e-01
3.814864903688430786e-02
7.580380439758300781e-01
1.658057719469070435e-01
3.880114480853080750e-02
3.690764904022216797e-01
3.626028597354888916e-01
1.423010081052780151e-01
1.751596182584762573e-01
8.454526066780090332e-01
1.308847665786743164e-01
8.306932449340820312e-02
2.582165598869323730e-01
3.290858566761016846e-01
2.155925035476684570e-01
1.339452117681503296e-01
7.282260805368423462e-02
5.344353616237640381e-02
1.395489126443862915e-01
7.285743206739425659e-02
2.188843488693237305e-01
4.307375252246856689e-01
2.704876959323883057e-01
4.224210232496261597e-02
6.654396057128906250e-01
3.528828322887420654e-01
1.126944124698638916e-01
2.817465066909790039e-01
7.830291986465454102e-02
4.907359555363655090e-02
3.560576215386390686e-02
3.704600036144256592e-02
8.058334887027740479e-02
8.600518107414245605e-01
6.718812584877014160e-01
6.195898056030273438e-01
5.229948759078979492e-01
6.550734043121337891e-01
4.840269982814788818e-01
9.315507113933563232e-02
1.299253106117248535e-01
8.556525707244873047e-01
1.871948689222335815e-01
6.660292148590087891e-01
7.201687991619110107e-02
6.199895218014717102e-02
5.639988183975219727e-01
4.110580086708068848e-01
2.629897892475128174e-01
3.814041018486022949e-01
8.352638483047485352e-01
7.149887830018997192e-02
1.033087670803070068e-01
5.281751751899719238e-01
2.172611355781555176e-01
3.863005638122558594e-01
1.820216178894042969e-01
2.570217251777648926e-01
1.205991506576538086e-01
9.731279313564300537e-02
5.908027291297912598e-01
2.543136775493621826e-01
2.835805118083953857e-01
3.317160606384277344e-01
6.400643289089202881e-02
7.029005885124206543e-02
8.548054695129394531e-01
2.378564774990081787e-01
1.034186705946922302e-01
8.735693097114562988e-01
8.063462376594543457e-02
1.055438145995140076e-01
4.597750008106231689e-01
3.578285127878189087e-02
1.179751008749008179e-01
1.211476475000381470e-01
3.119825124740600586e-01
8.678265810012817383e-01
1.563654690980911255e-01
5.946705117821693420e-02
4.026578366756439209e-01
6.025600805878639221e-02
1.719581782817840576e-01
9.037071466445922852e-01
3.252079486846923828e-01
8.868505954742431641e-01
3.056148588657379150e-01
4.189555644989013672e-01
3.169946074485778809e-01
8.379635214805603027e-01
2.700508832931518555e-01
3.754579722881317139e-01
6.930584460496902466e-02
4.876022636890411377e-01
5.576186180114746094e-01
4.677185118198394775e-01
2.466426938772201538e-01
2.192078679800033569e-01
7.377523183822631836e-02
3.804627954959869385e-01
6.535283923149108887e-01
3.681918084621429443e-01
1.491015702486038208e-01
5.610638111829757690e-02
2.231434881687164307e-01
9.030591696500778198e-02
1.532959789037704468e-01
1.551265865564346313e-01
1.180648431181907654e-01
2.764655351638793945e-01
2.072129398584365845e-01
2.632405161857604980e-01
5.021392107009887695e-01
2.299934923648834229e-01
5.232297182083129883e-01
1.289687156677246094e-01
2.141413241624832153e-01
7.571006417274475098e-01
3.075833320617675781e-01
3.146151006221771240e-01
3.246664404869079590e-01
8.772783726453781128e-02
3.686740994453430176e-01
9.341166913509368896e-02
5.253256857395172119e-02
3.314954638481140137e-01
5.014129877090454102e-01
1.131008267402648926e-01
8.771742582321166992e-01
2.152391374111175537e-01
1.169787123799324036e-01
8.843454122543334961e-01
1.619239300489425659e-01
1.974601000547409058e-01
9.265314787626266479e-02
1.360445320606231689e-01
1.555103361606597900e-01
1.047107949852943420e-01
1.012826040387153625e-01
2.482445389032363892e-01
5.948659181594848633e-01
3.249287009239196777e-01
4.216628968715667725e-01
8.127192407846450806e-02
6.328110694885253906e-01
1.071960479021072388e-01
4.721280038356781006e-01
2.664293348789215088e-01
6.097525358200073242e-01
5.132329463958740234e-02
1.832774579524993896e-01
4.142598509788513184e-01
5.441952124238014221e-02
3.791492432355880737e-02
2.651803791522979736e-01
7.882052063941955566e-01
2.308641821146011353e-01
4.813350439071655273e-01
8.702676892280578613e-01
7.296653389930725098e-01
7.608885318040847778e-02
9.150201082229614258e-01
3.988172113895416260e-01
3.791000545024871826e-01
4.267567396163940430e-02
2.218275666236877441e-01
4.669153094291687012e-01
2.827096879482269287e-01
3.982758522033691406e-02
7.404639720916748047e-01
4.096176922321319580e-01
7.731212377548217773e-01
8.428122103214263916e-02
8.935697674751281738e-01
9.154530167579650879e-01
3.882119953632354736e-01
1.692460626363754272e-01
1.769605726003646851e-01
1.365699619054794312e-01
4.782913327217102051e-01
6.714664101600646973e-01
1.264510303735733032e-01
3.393150568008422852e-01
3.732112944126129150e-01
8.801956772804260254e-01
1.308113187551498413e-01
5.744806528091430664e-01
8.781620860099792480e-01
2.727308273315429688e-01
5.202254056930541992e-01
8.984014391899108887e-01
3.124836385250091553e-01
2.791315913200378418e-01
8.757133483886718750e-01
1.077484488487243652e-01
6.842828989028930664e-01
8.045805990695953369e-02
2.785642445087432861e-01
2.668777704238891602e-01
9.100485593080520630e-02
9.087244272232055664e-01
1.154278367757797241e-01
6.118834614753723145e-01
4.800283014774322510e-01
9.082929790019989014e-02
1.289905160665512085e-01
7.673084735870361328e-02
8.794064819812774658e-02
9.464996308088302612e-02
2.916783988475799561e-01
7.260174751281738281e-01
1.591842323541641235e-01
6.835000514984130859e-01
4.971164464950561523e-02
5.341955423355102539e-01
4.645812809467315674e-01
5.050085857510566711e-02
1.922317743301391602e-01
3.032679855823516846e-01
3.191066682338714600e-01
3.698607087135314941e-01
7.013585418462753296e-02
7.490116357803344727e-01
8.609247803688049316e-01
7.354318499565124512e-01
2.562078237533569336e-01
1.565398722887039185e-01
5.967594385147094727e-01
1.499806046485900879e-01
6.027231216430664062e-01
1.886496394872665405e-01
7.634888291358947754e-01
1.137834414839744568e-01
2.323818206787109375e-01
8.745878934860229492e-01
2.001320123672485352e-01
3.821161389350891113e-01
4.322323501110076904e-01
3.322444558143615723e-01
7.621841132640838623e-02
1.118050292134284973e-01
3.057361543178558350e-01
1.654408425092697144e-01
1.530761718750000000e-01
4.402838349342346191e-01
6.125032305717468262e-01
3.308960199356079102e-01
1.900921165943145752e-01
6.849929690361022949e-02
1.226524040102958679e-01
7.345144748687744141e-01
4.067360162734985352e-01
6.372033804655075073e-02
8.414409756660461426e-01
3.260872066020965576e-01
3.395560681819915771e-01
1.270731389522552490e-01
8.510012179613113403e-02
5.658525228500366211e-02
1.457364410161972046e-01
5.750737190246582031e-01
8.435515165328979492e-01
4.320961236953735352e-01
3.738122284412384033e-01
1.656425744295120239e-01
1.620683968067169189e-01
1.645594686269760132e-01
4.897645115852355957e-01
2.785033881664276123e-01
8.848099708557128906e-01
8.100104331970214844e-01
1.069804802536964417e-01
2.169789671897888184e-01
5.083396434783935547e-01
2.046251147985458374e-01
3.209836184978485107e-01
8.985996842384338379e-01
2.420331090688705444e-01
3.065379261970520020e-01
1.473358124494552612e-01
4.709052667021751404e-02
1.151988133788108826e-01
9.956297278404235840e-02
3.612679988145828247e-02
1.447394490242004395e-01
3.803694248199462891e-01
1.309428513050079346e-01
2.396758794784545898e-01
7.986114025115966797e-01
2.679983973503112793e-01
4.004541411995887756e-02
1.874395310878753662e-01
2.601668238639831543e-01
9.607227146625518799e-02
3.065649271011352539e-01
6.231675744056701660e-01
1.863354593515396118e-01
8.341769576072692871e-01
5.387682467699050903e-02
1.659173965454101562e-01
7.217555046081542969e-01
1.400722712278366089e-01
4.905141890048980713e-01
1.157137975096702576e-01
4.824911803007125854e-02
5.124100670218467712e-02
1.285328119993209839e-01
5.583549737930297852e-01
1.304275989532470703e-01
6.873809099197387695e-01
2.148261666297912598e-01
1.525509506464004517e-01
4.354486465454101562e-01
1.570997387170791626e-01
3.525632023811340332e-01
2.004453688859939575e-01
1.025642007589340210e-01
5.892342925071716309e-01
2.791347801685333252e-01
2.864859998226165771e-01
9.041019678115844727e-01
2.887660562992095947e-01
1.644899547100067139e-01
4.780769646167755127e-01
1.753448247909545898e-01
1.178212612867355347e-01
1.181854456663131714e-01
9.334617108106613159e-02
7.777521014213562012e-02
1.876727491617202759e-01
1.061433926224708557e-01
8.878121972084045410e-01
5.787949264049530029e-02
7.174606621265411377e-02
7.278147339820861816e-02
8.360662460327148438e-01
6.515892148017883301e-01
2.293493896722793579e-01
1.596138775348663330e-01
3.724906146526336670e-01
1.823761612176895142e-01
1.886778771877288818e-01
2.509826421737670898e-01
4.188438132405281067e-02
5.975098535418510437e-02
1.055699437856674194e-01
5.458041280508041382e-02
1.696015596389770508e-01
6.398019194602966309e-02
4.951880872249603271e-01
3.030907511711120605e-01
6.953445076942443848e-01
2.195735722780227661e-01
2.926452755928039551e-01
8.184202015399932861e-02
7.930330038070678711e-01
4.087835848331451416e-01
5.626186728477478027e-01
8.140057921409606934e-01
2.592185437679290771e-01
3.073478043079376221e-01
2.333800345659255981e-01
1.480424106121063232e-01
7.657537609338760376e-02
5.281391367316246033e-02
1.845628917217254639e-01
4.385635256767272949e-01
7.859941124916076660e-01
4.144455865025520325e-02
3.403940796852111816e-01
1.129408180713653564e-01
1.536559760570526123e-01
8.194017410278320312e-02
8.110264688730239868e-02
4.072249829769134521e-01
8.108170628547668457e-01
3.834920749068260193e-02
1.262342035770416260e-01
3.180788755416870117e-01
5.810151249170303345e-02
1.136222407221794128e-01
2.231337428092956543e-01
2.231121063232421875e-01
2.633423507213592529e-01
6.031084805727005005e-02
6.761896014213562012e-01
6.036886572837829590e-01
2.083071321249008179e-01
4.832240939140319824e-02
2.413715571165084839e-01
8.000729233026504517e-02
4.692882001399993896e-01
3.214720785617828369e-01
2.108862996101379395e-01
8.921964466571807861e-02
1.382856220006942749e-01
6.854882836341857910e-01
9.573961049318313599e-02
2.297976315021514893e-01
5.254273861646652222e-02
7.874937057495117188e-01
1.007321476936340332e-01
3.943978250026702881e-02
2.201677113771438599e-01
6.813457012176513672e-01
3.545536100864410400e-01
4.259782657027244568e-02
5.404607951641082764e-02
3.389840126037597656e-01
1.452438384294509888e-01
1.198740303516387939e-01
7.434300333261489868e-02
1.766048967838287354e-01
3.043990433216094971e-01
1.688014119863510132e-01
9.706258028745651245e-02
2.090362310409545898e-01
7.485426962375640869e-02
1.055312454700469971e-01
7.574191689491271973e-01
2.974423170089721680e-01
1.442741155624389648e-01
9.118515253067016602e-01
2.396237105131149292e-01
4.246790409088134766e-01
1.113346964120864868e-01
7.802801728248596191e-01
2.450919151306152344e-01
8.606425672769546509e-02
8.344199061393737793e-01
8.470264673233032227e-01
5.145360827445983887e-01
3.060641512274742126e-02
2.413075119256973267e-01
3.563462495803833008e-01
9.158956259489059448e-02
5.664589405059814453e-01
4.825174808502197266e-02
9.778083115816116333e-02
2.233448624610900879e-01
1.615097969770431519e-01
1.293338090181350708e-01
2.086784392595291138e-01
4.490434005856513977e-02
4.679263830184936523e-01
1.180091276764869690e-01
6.376696825027465820e-01
4.074344635009765625e-01
3.155392408370971680e-01
1.994580477476119995e-01
1.959491223096847534e-01
1.138692125678062439e-01
1.533173620700836182e-01
8.549274802207946777e-01
1.445172578096389771e-01
3.679976463317871094e-01
8.949821591377258301e-01
1.081683412194252014e-01
7.939130812883377075e-02
4.137642383575439453e-01
1.275044381618499756e-01
7.000657916069030762e-01
1.282760053873062134e-01
1.608079969882965088e-01
2.967763841152191162e-01
6.987915635108947754e-01
3.651450872421264648e-01
4.053329527378082275e-01
1.644899547100067139e-01
1.617208123207092285e-01
3.342109620571136475e-01
1.753737777471542358e-01
2.040106952190399170e-01
2.857100069522857666e-01
4.278416335582733154e-01
1.079839840531349182e-01
4.949753284454345703e-01
5.503470301628112793e-01
1.598912924528121948e-01
3.882189095020294189e-01
8.789629340171813965e-01
9.185403585433959961e-02
5.656080245971679688e-01
2.032238394021987915e-01
2.594945132732391357e-01
2.287463396787643433e-01
1.251896619796752930e-01
3.634314835071563721e-01
2.086013704538345337e-01
3.316951394081115723e-01
4.379885792732238770e-01
8.852006196975708008e-01
9.141147732734680176e-01
9.141803979873657227e-01
4.280695319175720215e-02
2.839312851428985596e-01
2.211666405200958252e-01
3.411275744438171387e-01
9.063866734504699707e-01
2.984018325805664062e-01
1.507227271795272827e-01
2.179565578699111938e-01
7.369379699230194092e-02
8.715543746948242188e-01
6.593880802392959595e-02
1.298359632492065430e-01
6.604893207550048828e-01
6.852995604276657104e-02
1.117565557360649109e-01
2.620806694030761719e-01
2.836562991142272949e-01
8.870912194252014160e-01
7.118906080722808838e-02
6.813530623912811279e-02
1.187681555747985840e-01
8.417462110519409180e-01
8.949806690216064453e-01
3.446607291698455811e-02
8.293967247009277344e-01
6.954519450664520264e-02
4.298436343669891357e-01
2.391690313816070557e-01
7.707343101501464844e-01
3.457283675670623779e-01
7.710600644350051880e-02
2.673479318618774414e-01
8.472753167152404785e-01
3.232580050826072693e-02
4.205815121531486511e-02
4.651617407798767090e-01
6.913039833307266235e-02
1.403923034667968750e-01
1.008559018373489380e-01
4.727941155433654785e-01
4.595674946904182434e-02
5.641804337501525879e-01
1.768531501293182373e-01
2.361594587564468384e-01
4.676749557256698608e-02
3.643957078456878662e-01
8.646922707557678223e-01
7.454018592834472656e-01
7.428073883056640625e-01
2.370424419641494751e-01
5.238543152809143066e-01
2.420285791158676147e-01
5.485814213752746582e-01
8.423143625259399414e-02
1.096314489841461182e-01
5.617647245526313782e-02
6.137390732765197754e-01
4.549095332622528076e-01
7.377779483795166016e-01
1.207732707262039185e-01
4.626449644565582275e-01
9.336744248867034912e-02
1.937576830387115479e-01
8.871321678161621094e-01
6.927164793014526367e-01
1.277052760124206543e-01
9.166689217090606689e-02
4.814662411808967590e-02
4.474749416112899780e-02
2.494227588176727295e-01
8.831861615180969238e-01
1.953280270099639893e-01
4.979056864976882935e-02
1.579290479421615601e-01
3.416129350662231445e-01
6.140757799148559570e-01
8.716908097267150879e-02
2.847495377063751221e-01
3.328545093536376953e-01
8.891316652297973633e-01
1.231657192111015320e-01
9.201043099164962769e-02
1.461618244647979736e-01
3.563531041145324707e-01
3.052224814891815186e-01
6.466507911682128906e-02
2.872467339038848877e-01
8.879460096359252930e-01
6.968151330947875977e-01
5.103987455368041992e-01
1.211816146969795227e-01
7.026635110378265381e-02
7.802381515502929688e-01
4.246491789817810059e-01
2.202659398317337036e-01
3.108712732791900635e-01
6.324642300605773926e-01
6.899126619100570679e-02
5.132206529378890991e-02
5.320219323039054871e-02
4.007809162139892578e-01
1.689947694540023804e-01
3.683312982320785522e-02
1.510772109031677246e-01
6.488355398178100586e-01
2.151727974414825439e-01
6.943840384483337402e-01
3.657716810703277588e-01
1.499914526939392090e-01
9.273153543472290039e-02
8.959162235260009766e-02
6.241560578346252441e-01
9.073680043220520020e-01
4.480854794383049011e-02
9.078089594841003418e-01
9.093565940856933594e-01
8.430215120315551758e-01
1.988272368907928467e-01
6.732395887374877930e-01
4.897281154990196228e-02
3.855614364147186279e-01
6.682906150817871094e-01
8.546397686004638672e-01
7.444000840187072754e-01
6.378226727247238159e-02
5.776244029402732849e-02
3.368258178234100342e-01
5.923711657524108887e-01
1.687310636043548584e-01
2.469541579484939575e-01
3.114720284938812256e-01
5.158596038818359375e-01
2.340611964464187622e-01
2.840317487716674805e-01
3.816107511520385742e-01
2.635949254035949707e-01
3.086092472076416016e-01
5.612962245941162109e-01
5.842837691307067871e-01
4.160955920815467834e-02
6.425072550773620605e-01
6.053077057003974915e-02
3.756933212280273438e-01
6.483212709426879883e-01
6.342757493257522583e-02
7.723844796419143677e-02
9.939385205507278442e-02
4.036912024021148682e-01
8.770703673362731934e-01
4.261080324649810791e-01
8.733963966369628906e-01
7.262934744358062744e-02
4.520320147275924683e-02
5.468430370092391968e-02
8.802894353866577148e-01
2.655539214611053467e-01
7.876757383346557617e-01
5.809246897697448730e-01
2.396970838308334351e-01
9.477803111076354980e-02
1.183851882815361023e-01
4.466273188591003418e-01
9.052331447601318359e-01
7.086239755153656006e-02
5.820502713322639465e-02
8.736408948898315430e-01
1.481789052486419678e-01
4.976671561598777771e-02
3.676864802837371826e-01
7.288404554128646851e-02
1.536626964807510376e-01
2.278787791728973389e-01
4.371447265148162842e-01
4.252510145306587219e-02
1.129659339785575867e-01
1.016044020652770996e-01
1.250414550304412842e-01
5.008447170257568359e-01
4.283175468444824219e-01
2.331141531467437744e-01
1.072850301861763000e-01
1.223398968577384949e-01
1.587877273559570312e-01
1.888040602207183838e-01
1.724451035261154175e-01
3.386414647102355957e-01
7.137817144393920898e-02
2.262233197689056396e-01
9.107325077056884766e-01
9.124562144279479980e-02
3.489804863929748535e-01
7.268647104501724243e-02
5.973604917526245117e-01
3.033746182918548584e-01
9.521172195672988892e-02
2.817146182060241699e-01
8.926987648010253906e-01
8.663440495729446411e-02
1.429815739393234253e-01
5.191954225301742554e-02
1.060430780053138733e-01
2.054376751184463501e-01
5.173493623733520508e-01
2.753266990184783936e-01
2.597773373126983643e-01
8.664087653160095215e-01
4.861441552639007568e-01
5.148117542266845703e-01
3.686673343181610107e-01
9.873895347118377686e-02
4.625390470027923584e-01
2.011967748403549194e-01
3.945968672633171082e-02
8.935477137565612793e-01
6.640647053718566895e-01
7.417488694190979004e-01
5.234066247940063477e-01
5.359703674912452698e-02
4.062004387378692627e-01
1.974302381277084351e-01
2.358286529779434204e-01
2.434385716915130615e-01
3.417793288826942444e-02
9.332924336194992065e-02
3.669092357158660889e-01
1.362269520759582520e-01
6.229405403137207031e-01
6.427407860755920410e-01
5.279629230499267578e-01
5.712697282433509827e-02
8.247946500778198242e-01
8.021415472030639648e-01
2.012090533971786499e-01
8.628539443016052246e-01
4.542083144187927246e-01
4.944713711738586426e-01
8.257538080215454102e-02
8.548488020896911621e-01
3.353681266307830811e-01
6.894714385271072388e-02
8.659411072731018066e-01
2.248543947935104370e-01
8.436720371246337891e-01
6.210090965032577515e-02
2.867920696735382080e-01
2.169797420501708984e-01
3.565870225429534912e-01
4.061201512813568115e-01
8.816537857055664062e-01
1.793638020753860474e-01
3.204336762428283691e-01
3.227088227868080139e-02
7.941427826881408691e-01
8.348425477743148804e-02
4.030931368470191956e-02
8.350924253463745117e-01
7.829881906509399414e-01
4.126704931259155273e-01
7.817855477333068848e-02
5.519006252288818359e-01
2.706044912338256836e-01
8.484438061714172363e-01
1.826711744070053101e-01
8.548252582550048828e-01
3.592037782073020935e-02
3.334819078445434570e-01
6.249114871025085449e-02
2.189636081457138062e-01
7.011806964874267578e-02
2.338788062334060669e-01
3.857026994228363037e-01
1.134142503142356873e-01
2.000349164009094238e-01
1.442268192768096924e-01
8.532698154449462891e-01
7.704817652702331543e-01
2.798055410385131836e-01
4.787437319755554199e-01
9.986219555139541626e-02
3.824414312839508057e-01
8.690938949584960938e-01
7.560829520225524902e-01
1.342611610889434814e-01
2.983294129371643066e-01
1.119133532047271729e-01
3.099051713943481445e-01
8.824628591537475586e-02
2.053761780261993408e-01
9.068477153778076172e-01
2.515393495559692383e-01
5.066547989845275879e-01
1.856065094470977783e-01
6.638953089714050293e-01
1.206978112459182739e-01
2.464014738798141479e-01
4.388242587447166443e-02
5.232414230704307556e-02
2.163349837064743042e-01
8.922919631004333496e-01
4.826521277427673340e-01
2.951288521289825439e-01
1.202558055520057678e-01
8.240483403205871582e-01
9.098662137985229492e-01
5.781488418579101562e-01
1.178331226110458374e-01
2.140423655509948730e-01
8.787235617637634277e-01
7.624439001083374023e-01
8.396370410919189453e-01
9.718178957700729370e-02
8.848926424980163574e-01
8.434031009674072266e-01
3.060490489006042480e-01
8.732290267944335938e-01
2.812547683715820312e-01
5.038204044103622437e-02
5.500565171241760254e-01
1.967520117759704590e-01
8.782874941825866699e-01
1.684043109416961670e-01
7.052530646324157715e-01
5.622898340225219727e-01
2.270653992891311646e-01
7.122896313667297363e-01
6.124752759933471680e-01
7.361841797828674316e-01
6.917098164558410645e-02
3.567447066307067871e-01
6.736316680908203125e-01
3.833421170711517334e-01
3.706940114498138428e-01
3.130961656570434570e-01
4.616481065750122070e-01
7.403203248977661133e-01
6.456475257873535156e-01
2.065284997224807739e-01
1.021408662199974060e-01
1.644899547100067139e-01
4.231180623173713684e-02
2.060621082782745361e-01
1.417597681283950806e-01
5.509585142135620117e-01
1.741342693567276001e-01
4.582728073000907898e-02
3.100633621215820312e-01
2.984676957130432129e-01
8.727866411209106445e-02
4.943161308765411377e-01
9.102720767259597778e-02
8.097283840179443359e-01
5.635371804237365723e-01
5.344211682677268982e-02
1.543122082948684692e-01
4.739472270011901855e-02
2.770877778530120850e-01
2.934108078479766846e-01
9.849262237548828125e-02
9.527933597564697266e-02
7.066871225833892822e-02
3.074856698513031006e-01
2.124748677015304565e-01
1.960067600011825562e-01
1.039563417434692383e-01
2.073240429162979126e-01
3.568762838840484619e-01
6.182594299316406250e-01
7.835546135902404785e-02
8.252747356891632080e-02
7.634922266006469727e-01
4.088717103004455566e-01
6.679439544677734375e-02
9.160112142562866211e-01
6.849704384803771973e-01
3.521003723144531250e-01
5.081255733966827393e-02
2.668596804141998291e-01
6.267384439706802368e-02
8.896359056234359741e-02
3.779063522815704346e-01
1.824858933687210083e-01
6.080242395401000977e-01
6.772166490554809570e-01
6.702231168746948242e-01
7.722911983728408813e-02
3.833903968334197998e-01
1.643454283475875854e-01
3.361576199531555176e-01
4.558125436305999756e-01
1.931980550289154053e-01
3.310349583625793457e-01
2.938034832477569580e-01
9.130424857139587402e-01
1.068106293678283691e-01
1.788706183433532715e-01
8.021894097328186035e-01
3.651663959026336670e-01
6.952812671661376953e-01
7.304470539093017578e-01
4.571303129196166992e-01
5.062814950942993164e-01
7.543248534202575684e-01
8.003733754158020020e-01
2.699821293354034424e-01
7.042845487594604492e-01
5.034290626645088196e-02
8.685029149055480957e-01
5.339305400848388672e-01
5.865829810500144958e-02
3.701338917016983032e-02
4.227819740772247314e-01
3.391895592212677002e-01
5.024833977222442627e-02
3.809183835983276367e-01
8.939284682273864746e-01
9.659969061613082886e-02
4.496585577726364136e-02
2.350412011146545410e-01
1.314188092947006226e-01
2.299883067607879639e-01
7.792813330888748169e-02
1.200658604502677917e-01
3.699919953942298889e-02
3.876697123050689697e-01
2.571584880352020264e-01
2.919581532478332520e-01
6.424567103385925293e-01
8.642681837081909180e-01
1.781053096055984497e-01
4.185065999627113342e-02
2.177850753068923950e-01
6.626919507980346680e-01
6.076290830969810486e-02
3.796653747558593750e-01
3.027070462703704834e-01
3.701636567711830139e-02
8.935621976852416992e-01
3.473164439201354980e-01
1.132844090461730957e-01
9.337747097015380859e-02
4.299321770668029785e-01
2.408542335033416748e-01
5.673069357872009277e-01
8.552317321300506592e-02
1.381402164697647095e-01
8.892728388309478760e-02
4.129213690757751465e-01
2.711959183216094971e-01
1.918358355760574341e-01
1.355386823415756226e-01
2.966643273830413818e-01
3.804856166243553162e-02
1.371868550777435303e-01
8.665595203638076782e-02
3.426371514797210693e-01
4.044575989246368408e-02
8.819537758827209473e-01
8.365447521209716797e-01
1.792080104351043701e-01
