4.311544075608253479e-02
8.929709196090698242e-01
2.565288543701171875e-01
9.016604423522949219e-01
2.353019118309020996e-01
1.190930977463722229e-01
4.067620038986206055e-01
2.995549738407135010e-01
8.870980143547058105e-01
1.930555254220962524e-01
3.953678309917449951e-01
4.427624642848968506e-01
8.858725428581237793e-01
7.632331848144531250e-01
2.118116021156311035e-01
4.660924077033996582e-01
6.134554147720336914e-01
7.524486184120178223e-01
9.077374935150146484e-01
2.955295145511627197e-01
8.188861012458801270e-01
8.711455464363098145e-01
9.369559586048126221e-02
9.503410756587982178e-02
2.926786541938781738e-01
1.056336238980293274e-01
8.573811650276184082e-01
3.704617917537689209e-01
6.065328717231750488e-01
5.258378982543945312e-01
3.482044339179992676e-01
4.501719027757644653e-02
8.796344995498657227e-01
1.163391098380088806e-01
4.185105264186859131e-01
2.258893251419067383e-01
4.044805467128753662e-01
1.990619301795959473e-01
3.246972858905792236e-01
9.030166268348693848e-01
1.970327347517013550e-01
1.166996359825134277e-01
9.271030128002166748e-02
3.316670954227447510e-01
1.211374551057815552e-01
3.163058757781982422e-01
4.262924194335937500e-01
7.763308286666870117e-01
6.256356835365295410e-02
8.714355826377868652e-01
1.930811852216720581e-01
9.439750015735626221e-02
2.789335250854492188e-01
4.900214076042175293e-01
1.409680247306823730e-01
2.708283066749572754e-01
8.555019497871398926e-01
9.817732870578765869e-02
1.766459196805953979e-01
2.270848751068115234e-01
3.902354836463928223e-01
2.690467238426208496e-01
2.315754145383834839e-01
6.907264143228530884e-02
9.010092914104461670e-02
2.124883383512496948e-01
9.634692221879959106e-02
1.871071308851242065e-01
4.999140501022338867e-01
3.492016196250915527e-01
3.801368772983551025e-01
8.418122529983520508e-01
7.022168636322021484e-01
1.580667942762374878e-01
2.354050427675247192e-01
1.423584967851638794e-01
8.700736612081527710e-02
6.530414521694183350e-02
9.158314019441604614e-02
9.955710917711257935e-02
8.903939723968505859e-01
8.420631885528564453e-01
8.710979819297790527e-01
6.528241038322448730e-01
8.524222373962402344e-01
6.628274917602539062e-01
1.091918051242828369e-01
1.184087619185447693e-01
8.660625219345092773e-01
2.252237051725387573e-01
6.428158283233642578e-01
9.514835476875305176e-02
4.275495931506156921e-02
6.965434551239013672e-01
7.017850279808044434e-01
6.883376836776733398e-01
6.123632788658142090e-01
8.915600180625915527e-01
9.348959475755691528e-02
2.410547286272048950e-01
6.341619491577148438e-01
2.242883145809173584e-01
7.066321372985839844e-01
3.400350213050842285e-01
2.810473740100860596e-01
1.905471831560134888e-01
1.616327464580535889e-01
5.308827161788940430e-01
6.618500351905822754e-01
3.948899209499359131e-01
6.344013810157775879e-01
9.389058500528335571e-02
9.841831028461456299e-02
9.078282117843627930e-01
2.466517388820648193e-01
1.166932061314582825e-01
8.765977025032043457e-01
9.959759563207626343e-02
2.909140288829803467e-01
8.084990978240966797e-01
9.197356551885604858e-02
9.688781946897506714e-02
2.014206200838088989e-01
7.006890773773193359e-01
9.029095172882080078e-01
1.786858737468719482e-01
2.065940946340560913e-01
3.064855337142944336e-01
1.078697890043258667e-01
3.866924643516540527e-01
9.052870273590087891e-01
8.318662047386169434e-01
8.929562568664550781e-01
3.204248547554016113e-01
7.349284887313842773e-01
5.954111218452453613e-01
8.801133036613464355e-01
2.802032530307769775e-01
5.191733241081237793e-01
1.047624573111534119e-01
8.490713834762573242e-01
8.178901076316833496e-01
7.206294536590576172e-01
3.417284488677978516e-01
2.478422671556472778e-01
1.018874272704124451e-01
6.110267639160156250e-01
7.830608487129211426e-01
6.379485130310058594e-01
1.887417435646057129e-01
8.468808233737945557e-02
1.660827249288558960e-01
1.220894232392311096e-01
1.925841718912124634e-01
1.369778215885162354e-01
1.963496804237365723e-01
2.889384627342224121e-01
4.604139626026153564e-01
3.379415571689605713e-01
8.409171104431152344e-01
3.904557228088378906e-01
7.543236017227172852e-01
1.856067478656768799e-01
3.390882015228271484e-01
8.827152252197265625e-01
4.222101569175720215e-01
2.084745615720748901e-01
3.837249875068664551e-01
1.369739472866058350e-01
4.191654026508331299e-01
1.444830000400543213e-01
4.271228238940238953e-02
5.462242364883422852e-01
6.795809864997863770e-01
9.513060003519058228e-02
9.019713997840881348e-01
3.233483433723449707e-01
1.076403036713600159e-01
8.631054162979125977e-01
1.925123184919357300e-01
1.515324115753173828e-01
1.110824868083000183e-01
1.104583591222763062e-01
1.541886627674102783e-01
1.041190102696418762e-01
9.541718661785125732e-02
1.940377652645111084e-01
6.282210946083068848e-01
4.279757440090179443e-01
6.500737071037292480e-01
1.005057692527770996e-01
6.071248054504394531e-01
8.808130025863647461e-02
7.496802210807800293e-01
2.948209941387176514e-01
7.418484091758728027e-01
1.139501407742500305e-01
2.693241238594055176e-01
6.494918465614318848e-01
5.996957048773765564e-02
6.180676445364952087e-02
4.802839159965515137e-01
8.903678655624389648e-01
2.227420508861541748e-01
6.646514534950256348e-01
9.003491401672363281e-01
6.830654740333557129e-01
1.143958866596221924e-01
9.087598919868469238e-01
5.002586841583251953e-01
7.287260890007019043e-01
9.499545395374298096e-02
2.566128373146057129e-01
6.944088339805603027e-01
2.547510266304016113e-01
9.770058095455169678e-02
9.014980792999267578e-01
4.160391688346862793e-01
8.507751226425170898e-01
1.709120422601699829e-01
8.886287212371826172e-01
9.056451320648193359e-01
8.557075262069702148e-01
2.109556049108505249e-01
1.340582966804504395e-01
2.507811486721038818e-01
6.658437252044677734e-01
8.471243381500244141e-01
1.022104844450950623e-01
8.018118739128112793e-01
7.277224063873291016e-01
8.949632048606872559e-01
1.400332003831863403e-01
8.361600637435913086e-01
9.023896455764770508e-01
3.936336934566497803e-01
7.637840509414672852e-01
8.913941979408264160e-01
2.372709512710571289e-01
2.841933965682983398e-01
8.838109970092773438e-01
7.870345562696456909e-02
8.222976922988891602e-01
1.489850282669067383e-01
3.846110999584197998e-01
4.114632308483123779e-01
1.548944115638732910e-01
9.101353287696838379e-01
1.043601781129837036e-01
8.591358065605163574e-01
5.124995112419128418e-01
7.322847843170166016e-02
2.154169678688049316e-01
1.321408897638320923e-01
1.265200823545455933e-01
1.139642447233200073e-01
4.823753833770751953e-01
8.337769508361816406e-01
2.132454961538314819e-01
8.287792801856994629e-01
2.442429512739181519e-01
7.426162958145141602e-01
5.767926573753356934e-01
9.445749223232269287e-02
2.583804726600646973e-01
3.206419646739959717e-01
2.382742762565612793e-01
3.325985372066497803e-01
3.520792722702026367e-01
8.174890279769897461e-01
8.833589553833007812e-01
8.478370308876037598e-01
3.441474139690399170e-01
2.523547708988189697e-01
8.308964967727661133e-01
3.229727745056152344e-01
7.782007455825805664e-01
3.154878616333007812e-01
8.819503188133239746e-01
1.167121231555938721e-01
2.771922349929809570e-01
8.757412433624267578e-01
2.395472079515457153e-01
6.143056750297546387e-01
5.059533715248107910e-01
2.885437011718750000e-01
4.281933233141899109e-02
2.970336079597473145e-01
4.441631734371185303e-01
1.698452085256576538e-01
1.541214287281036377e-01
8.509217500686645508e-01
8.607180714607238770e-01
6.615779995918273926e-01
1.769299358129501343e-01
9.309960156679153442e-02
3.026828169822692871e-01
8.637806177139282227e-01
6.958553194999694824e-01
1.233650296926498413e-01
8.921619653701782227e-01
4.955024719238281250e-01
4.289987385272979736e-01
1.528966426849365234e-01
1.598872691392898560e-01
8.860082179307937622e-02
1.881895512342453003e-01
6.426707506179809570e-01
8.891765475273132324e-01
6.379365324974060059e-01
7.354024052619934082e-01
1.545600146055221558e-01
1.343607604503631592e-01
1.580251157283782959e-01
7.817088961601257324e-01
3.373038172721862793e-01
8.902757167816162109e-01
8.479107022285461426e-01
3.180086016654968262e-01
3.670716583728790283e-01
6.952533125877380371e-01
2.628661394119262695e-01
6.104983091354370117e-01
9.006043672561645508e-01
4.905512034893035889e-01
7.465844154357910156e-01
2.464172840118408203e-01
1.101175174117088318e-01
1.175954863429069519e-01
1.060536652803421021e-01
4.301278293132781982e-02
7.955786585807800293e-02
6.398784518241882324e-01
1.028481051325798035e-01
2.519532144069671631e-01
8.855233788490295410e-01
2.720194458961486816e-01
9.237119555473327637e-02
1.849542260169982910e-01
5.326972603797912598e-01
2.127147614955902100e-01
2.929882705211639404e-01
8.875821232795715332e-01
2.732195258140563965e-01
8.837021589279174805e-01
6.790056079626083374e-02
5.823543667793273926e-01
7.996561527252197266e-01
2.287768721580505371e-01
8.534452319145202637e-01
1.322921663522720337e-01
6.475570052862167358e-02
8.626908808946609497e-02
9.716944396495819092e-02
4.987788200378417969e-01
1.982218772172927856e-01
8.245408535003662109e-01
1.768319904804229736e-01
2.286211699247360229e-01
6.965556144714355469e-01
1.850088536739349365e-01
3.445483446121215820e-01
2.840027809143066406e-01
2.807356417179107666e-01
8.420169353485107422e-01
7.282046079635620117e-01
3.629157841205596924e-01
8.984873890876770020e-01
3.179869353771209717e-01
1.014870032668113708e-01
5.650389790534973145e-01
3.063084781169891357e-01
2.295813262462615967e-01
1.552930027246475220e-01
9.656270593404769897e-02
9.273569285869598389e-02
1.692142635583877563e-01
2.072898596525192261e-01
8.857333660125732422e-01
9.391468763351440430e-02
9.203455597162246704e-02
8.890783786773681641e-02
8.928036093711853027e-01
8.394362330436706543e-01
2.098718881607055664e-01
2.334535568952560425e-01
3.492173850536346436e-01
3.241711258888244629e-01
2.365109771490097046e-01
4.362201988697052002e-01
9.376816451549530029e-02
2.057315558195114136e-01
9.476185590028762817e-02
1.973378509283065796e-01
1.928376555442810059e-01
1.263205409049987793e-01
7.938442826271057129e-01
3.804999887943267822e-01
8.739904761314392090e-01
2.224762588739395142e-01
2.803339362144470215e-01
9.697861224412918091e-02
8.356915116310119629e-01
5.842443108558654785e-01
6.800097823143005371e-01
8.508580923080444336e-01
4.741178154945373535e-01
4.813037216663360596e-01
2.542568147182464600e-01
1.776174157857894897e-01
1.595341712236404419e-01
4.234760999679565430e-02
3.841934800148010254e-01
7.525200843811035156e-01
8.490042686462402344e-01
4.642706364393234253e-02
4.778429865837097168e-01
1.524346619844436646e-01
3.525024354457855225e-01
1.060451492667198181e-01
9.632394462823867798e-02
7.145743966102600098e-01
8.033998608589172363e-01
9.501432627439498901e-02
1.040284186601638794e-01
4.720554351806640625e-01
8.971150964498519897e-02
1.083945482969284058e-01
2.638900876045227051e-01
4.370695352554321289e-01
1.638043075799942017e-01
3.532000184059143066e-01
8.504400253295898438e-01
7.123005986213684082e-01
2.300419360399246216e-01
1.793036907911300659e-01
4.256373345851898193e-01
1.563143134117126465e-01
5.942616462707519531e-01
4.857673645019531250e-01
2.027864754199981689e-01
3.455253541469573975e-01
9.649604558944702148e-02
8.297385573387145996e-01
1.063348799943923950e-01
2.028190493583679199e-01
1.120642945170402527e-01
8.348382711410522461e-01
1.173054724931716919e-01
9.090462327003479004e-02
3.624559640884399414e-01
8.762452602386474609e-01
5.556648373603820801e-01
9.228915721178054810e-02
9.492417424917221069e-02
3.625633120536804199e-01
4.364359378814697266e-01
2.576647996902465820e-01
1.313854306936264038e-01
3.010280132293701172e-01
6.256451606750488281e-01
2.062990069389343262e-01
9.310515224933624268e-02
2.488231360912322998e-01
1.154455393552780151e-01
1.817194670438766479e-01
8.813173770904541016e-01
7.594322562217712402e-01
1.515891849994659424e-01
9.126915335655212402e-01
3.684629797935485840e-01
4.407433867454528809e-01
1.151756793260574341e-01
8.759810328483581543e-01
2.589794099330902100e-01
2.036213427782058716e-01
8.808253407478332520e-01
8.818566203117370605e-01
6.302846074104309082e-01
4.361144825816154480e-02
3.902411460876464844e-01
3.641003072261810303e-01
1.670799702405929565e-01
7.442779541015625000e-01
1.994788199663162231e-01
1.392062008380889893e-01
3.421711027622222900e-01
2.014432996511459351e-01
2.546892166137695312e-01
5.551249980926513672e-01
2.131243795156478882e-01
5.735892057418823242e-01
1.530741453170776367e-01
8.619304299354553223e-01
8.373938798904418945e-01
3.747628033161163330e-01
2.298443019390106201e-01
4.580757915973663330e-01
2.176824212074279785e-01
1.025560647249221802e-01
8.855574131011962891e-01
1.312460750341415405e-01
8.250355720520019531e-01
9.070370793342590332e-01
2.376468032598495483e-01
9.432212263345718384e-02
6.539001464843750000e-01
2.103767544031143188e-01
8.852524757385253906e-01
9.442443400621414185e-02
1.824103444814682007e-01
3.236536085605621338e-01
8.692553639411926270e-01
3.537037372589111328e-01
8.199986815452575684e-01
1.014870032668113708e-01
2.103019803762435913e-01
6.174256801605224609e-01
2.358495444059371948e-01
2.365113198757171631e-01
5.039878487586975098e-01
6.534688472747802734e-01
2.382909059524536133e-01
6.450328230857849121e-01
7.961045503616333008e-01
2.724277973175048828e-01
5.689146518707275391e-01
8.799940943717956543e-01
9.470278024673461914e-02
5.758634209632873535e-01
1.423048824071884155e-01
6.034815311431884766e-01
2.184866070747375488e-01
2.087880969047546387e-01
7.539485692977905273e-01
3.980401456356048584e-01
6.171699166297912598e-01
6.545564532279968262e-01
8.972201943397521973e-01
8.992022871971130371e-01
9.055175781250000000e-01
9.785641729831695557e-02
4.203349649906158447e-01
3.007453680038452148e-01
3.818489909172058105e-01
8.995063304901123047e-01
3.205303847789764404e-01
4.117797911167144775e-01
2.472035139799118042e-01
1.450532823801040649e-01
8.945937156677246094e-01
6.747537851333618164e-02
2.975355684757232666e-01
8.545454740524291992e-01
9.202609211206436157e-02
1.934934854507446289e-01
5.283402800559997559e-01
5.756354928016662598e-01
9.002586007118225098e-01
2.343102842569351196e-01
6.241996586322784424e-02
9.664551168680191040e-02
8.755853176116943359e-01
9.023764729499816895e-01
4.279660806059837341e-02
8.650186061859130859e-01
9.714004397392272949e-02
8.372191786766052246e-01
3.281731903553009033e-01
8.408408761024475098e-01
8.057066202163696289e-01
9.284966439008712769e-02
5.789520144462585449e-01
8.105551004409790039e-01
4.402214288711547852e-02
4.416291415691375732e-02
7.316008210182189941e-01
1.093647629022598267e-01
2.396844327449798584e-01
7.669293880462646484e-01
4.284754395484924316e-01
4.236326366662979126e-02
8.229593038558959961e-01
3.949865996837615967e-01
3.262452781200408936e-01
9.358143061399459839e-02
3.696182072162628174e-01
8.932499885559082031e-01
8.648980259895324707e-01
8.435146212577819824e-01
2.940260171890258789e-01
7.563061714172363281e-01
4.053760170936584473e-01
4.368523657321929932e-01
1.910590529441833496e-01
1.169070228934288025e-01
1.112833544611930847e-01
8.261785507202148438e-01
8.132212162017822266e-01
8.410487174987792969e-01
2.275923043489456177e-01
3.184250891208648682e-01
9.294658899307250977e-02
3.275471031665802002e-01
8.988000750541687012e-01
8.369322419166564941e-01
1.676282286643981934e-01
1.119984164834022522e-01
1.162918284535408020e-01
4.427231848239898682e-02
3.874616324901580811e-01
8.870707750320434570e-01
3.304504156112670898e-01
9.756167232990264893e-02
1.895273029804229736e-01
7.488772273063659668e-01
8.204330801963806152e-01
9.793721884489059448e-02
4.786572456359863281e-01
4.183853566646575928e-01
8.885366916656494141e-01
2.273832857608795166e-01
9.635065495967864990e-02
2.213393747806549072e-01
7.317786216735839844e-01
3.183760643005371094e-01
1.143683567643165588e-01
3.364225327968597412e-01
9.048238396644592285e-01
8.447353243827819824e-01
6.981035470962524414e-01
1.010447144508361816e-01
9.150431305170059204e-02
6.842343807220458984e-01
6.954159736633300781e-01
2.367639392614364624e-01
4.180131554603576660e-01
7.714841365814208984e-01
1.122414469718933105e-01
9.383633732795715332e-02
8.655493706464767456e-02
6.126990318298339844e-01
5.163806080818176270e-01
9.832134097814559937e-02
3.616791069507598877e-01
8.802989125251770020e-01
2.448904514312744141e-01
8.468086719512939453e-01
6.426245570182800293e-01
2.235128283500671387e-01
1.286304295063018799e-01
9.284918755292892456e-02
7.987887859344482422e-01
8.956748247146606445e-01
9.724722057580947876e-02
8.982950448989868164e-01
9.088522195816040039e-01
8.682428598403930664e-01
2.579742670059204102e-01
8.663791418075561523e-01
9.838906675577163696e-02
4.084976911544799805e-01
6.773958802223205566e-01
8.484014272689819336e-01
8.420559167861938477e-01
1.686710566282272339e-01
3.063261508941650391e-01
5.048430562019348145e-01
8.139939308166503906e-01
3.111310005187988281e-01
3.227697014808654785e-01
6.409934163093566895e-01
4.697241485118865967e-01
4.072645902633666992e-01
3.585768342018127441e-01
7.620387077331542969e-01
1.459363549947738647e-01
5.527166128158569336e-01
8.235888481140136719e-01
6.431089043617248535e-01
7.310503721237182617e-02
8.524042367935180664e-01
1.603480279445648193e-01
4.826110899448394775e-01
8.557127118110656738e-01
2.845954596996307373e-01
1.303742378950119019e-01
9.968971461057662964e-02
4.430694282054901123e-01
9.028618931770324707e-01
7.611706852912902832e-01
8.712844252586364746e-01
9.618774801492691040e-02
8.986005187034606934e-02
8.972367644309997559e-02
8.942239880561828613e-01
5.614085197448730469e-01
7.100460529327392578e-01
7.586085200309753418e-01
2.152670174837112427e-01
1.398213505744934082e-01
1.100408509373664856e-01
7.134736180305480957e-01
8.850498795509338379e-01
9.360074996948242188e-02
1.936586648225784302e-01
8.864957690238952637e-01
2.211234867572784424e-01
4.244524613022804260e-02
7.362924814224243164e-01
6.295647472143173218e-02
2.111238241195678711e-01
4.118845462799072266e-01
5.147734880447387695e-01
4.453410953283309937e-02
1.960221379995346069e-01
2.445741593837738037e-01
2.054993063211441040e-01
8.574600219726562500e-01
8.282080292701721191e-01
2.469067722558975220e-01
2.044158428907394409e-01
2.730050683021545410e-01
1.968677788972854614e-01
4.717537462711334229e-01
1.550645381212234497e-01
6.318477392196655273e-01
1.501338183879852295e-01
2.509439289569854736e-01
9.110191464424133301e-01
2.838701605796813965e-01
6.164040565490722656e-01
1.046512275934219360e-01
7.093070745468139648e-01
6.170405149459838867e-01
1.750135868787765503e-01
2.684826552867889404e-01
8.925812244415283203e-01
9.660085290670394897e-02
3.454708158969879150e-01
1.008945256471633911e-01
9.738342463970184326e-02
2.588219344615936279e-01
6.888987421989440918e-01
4.139263927936553955e-01
2.240765839815139771e-01
8.954641819000244141e-01
7.307691574096679688e-01
8.296984434127807617e-01
2.779960334300994873e-01
1.660098284482955933e-01
8.181116580963134766e-01
2.767326533794403076e-01
8.104693144559860229e-02
9.030004739761352539e-01
7.414234280586242676e-01
7.704465985298156738e-01
7.208193540573120117e-01
9.375590831041336060e-02
3.047688007354736328e-01
1.234341412782669067e-01
2.073950767517089844e-01
7.077047824859619141e-01
4.315987601876258850e-02
9.872208535671234131e-02
6.333788633346557617e-01
2.167654484510421753e-01
8.417615890502929688e-01
6.617708206176757812e-01
7.130642533302307129e-01
9.308014065027236938e-02
8.454738259315490723e-01
8.284682631492614746e-01
3.285343050956726074e-01
8.889092206954956055e-01
5.865929722785949707e-01
7.236664295196533203e-01
9.912605583667755127e-02
8.896889090538024902e-01
5.867716073989868164e-01
1.081050410866737366e-01
8.658559322357177734e-01
3.043093979358673096e-01
8.798111081123352051e-01
1.010146960616111755e-01
2.910127341747283936e-01
2.865315675735473633e-01
4.019863903522491455e-01
4.501506984233856201e-01
8.958355784416198730e-01
3.035608828067779541e-01
3.659378588199615479e-01
4.313669353723526001e-02
8.601009845733642578e-01
1.115308329463005066e-01
6.374791264533996582e-02
8.871113061904907227e-01
8.937532305717468262e-01
5.208153128623962402e-01
3.158596158027648926e-01
7.031030058860778809e-01
4.584839642047882080e-01
8.917105197906494141e-01
3.060836493968963623e-01
8.933498859405517578e-01
8.917273581027984619e-02
5.445993542671203613e-01
1.095207631587982178e-01
7.059422135353088379e-01
9.439054876565933228e-02
6.919044852256774902e-01
4.346591234207153320e-01
2.130852788686752319e-01
4.223044216632843018e-01
1.958231031894683838e-01
8.298097252845764160e-01
8.877571225166320801e-01
4.286708235740661621e-01
5.604817867279052734e-01
1.237659528851509094e-01
6.664519906044006348e-01
8.852215409278869629e-01
8.880758285522460938e-01
2.669912576675415039e-01
2.965825796127319336e-01
1.110165789723396301e-01
3.533426821231842041e-01
2.015694230794906616e-01
3.101005852222442627e-01
9.115214347839355469e-01
3.694509267807006836e-01
8.069102764129638672e-01
5.151273012161254883e-01
8.264454603195190430e-01
1.401179730892181396e-01
3.046837151050567627e-01
8.053117990493774414e-02
8.288995176553726196e-02
2.295341640710830688e-01
8.894529938697814941e-01
8.675757646560668945e-01
5.607634782791137695e-01
1.198580339550971985e-01
8.524855375289916992e-01
9.082570672035217285e-01
8.432841897010803223e-01
9.189483523368835449e-02
1.959715187549591064e-01
8.782106041908264160e-01
8.606936931610107422e-01
8.637621998786926270e-01
1.061057746410369873e-01
9.078757166862487793e-01
8.971498012542724609e-01
8.199451565742492676e-01
8.957454562187194824e-01
5.341840386390686035e-01
9.627645462751388550e-02
6.066868305206298828e-01
2.869705855846405029e-01
8.612257838249206543e-01
9.681322425603866577e-02
8.273454904556274414e-01
7.290861010551452637e-01
1.966892033815383911e-01
8.385855555534362793e-01
8.258566856384277344e-01
8.757347464561462402e-01
9.687571227550506592e-02
6.242200732231140137e-01
7.913674116134643555e-01
5.815390348434448242e-01
4.258518218994140625e-01
2.680248618125915527e-01
6.689063906669616699e-01
8.783676028251647949e-01
7.909335494041442871e-01
2.165118604898452759e-01
7.546451687812805176e-02
1.014870032668113708e-01
6.999348849058151245e-02
3.408100903034210205e-01
1.717661470174789429e-01
7.966415286064147949e-01
2.585844695568084717e-01
9.625618904829025269e-02
6.925554871559143066e-01
6.946992874145507812e-01
2.061005234718322754e-01
7.277950644493103027e-01
1.042997837066650391e-01
8.590055108070373535e-01
6.801595687866210938e-01
4.203806072473526001e-02
2.248648405075073242e-01
8.876761794090270996e-02
7.003570199012756348e-01
3.529300987720489502e-01
1.771892458200454712e-01
9.670214354991912842e-02
9.702681750059127808e-02
8.174505233764648438e-01
1.686484068632125854e-01
2.664840519428253174e-01
2.086412757635116577e-01
3.020176291465759277e-01
3.491627871990203857e-01
7.866516709327697754e-01
9.262461960315704346e-02
1.229211017489433289e-01
8.119245767593383789e-01
4.467496871948242188e-01
1.068510785698890686e-01
9.086892008781433105e-01
8.421573638916015625e-01
5.472199916839599609e-01
1.018081530928611755e-01
2.731730043888092041e-01
9.017218649387359619e-02
2.350085079669952393e-01
6.642917990684509277e-01
5.426985621452331543e-01
6.550221443176269531e-01
7.858231067657470703e-01
8.213314414024353027e-01
1.152123585343360901e-01
6.715521812438964844e-01
1.260467022657394409e-01
2.948371171951293945e-01
7.018960714340209961e-01
4.062920212745666504e-01
4.482640922069549561e-01
3.442992269992828369e-01
9.072445631027221680e-01
1.653695255517959595e-01
2.922987341880798340e-01
8.802037835121154785e-01
5.108507275581359863e-01
8.246021270751953125e-01
6.926769614219665527e-01
6.110338568687438965e-01
7.748850584030151367e-01
8.633707761764526367e-01
8.922871947288513184e-01
2.583945095539093018e-01
8.896638751029968262e-01
3.154506981372833252e-01
8.730643987655639648e-01
8.439625501632690430e-01
9.094872325658798218e-02
4.231839627027511597e-02
5.555042028427124023e-01
3.077645003795623779e-01
1.015659198164939880e-01
2.825302481651306152e-01
8.998821973800659180e-01
1.531039625406265259e-01
9.104054421186447144e-02
3.287474513053894043e-01
2.563219964504241943e-01
2.398537099361419678e-01
1.418525129556655884e-01
2.356864362955093384e-01
9.940996021032333374e-02
4.472125768661499023e-01
3.649496138095855713e-01
7.824274897575378418e-01
8.539147973060607910e-01
8.903548121452331543e-01
2.113733887672424316e-01
1.126729100942611694e-01
7.574731707572937012e-01
8.563283681869506836e-01
1.115837544202804565e-01
3.233520686626434326e-01
2.940839529037475586e-01
9.848538786172866821e-02
9.012876749038696289e-01
7.295287847518920898e-01
1.068277582526206970e-01
1.108666881918907166e-01
6.624911427497863770e-01
3.087713122367858887e-01
7.518437504768371582e-01
2.315894216299057007e-01
3.530772924423217773e-01
9.926471859216690063e-02
5.915262103080749512e-01
6.290403008460998535e-01
4.826866388320922852e-01
2.496090680360794067e-01
4.204923212528228760e-01
9.369686990976333618e-02
3.802558481693267822e-01
6.853493303060531616e-02
4.946316182613372803e-01
9.751615673303604126e-02
8.884678483009338379e-01
8.773969411849975586e-01
3.108642697334289551e-01
