1.697851903736591339e-02
9.411631822586059570e-01
7.270050048828125000e-02
9.596749544143676758e-01
1.504391282796859741e-01
4.157042503356933594e-02
6.953163743019104004e-01
1.335359513759613037e-01
9.440845847129821777e-01
3.450802341103553772e-02
4.468487799167633057e-01
3.851019442081451416e-01
9.267844557762145996e-01
4.591190516948699951e-01
8.513765782117843628e-02
1.739938557147979736e-01
9.051310271024703979e-02
6.945019960403442383e-01
9.616248011589050293e-01
2.139220833778381348e-01
8.756235837936401367e-01
8.037996888160705566e-01
3.894078359007835388e-02
1.573265902698040009e-02
3.292841911315917969e-01
5.713880807161331177e-02
7.904560565948486328e-01
2.487310171127319336e-01
3.868989646434783936e-01
2.692504823207855225e-01
2.082888633012771606e-01
1.716140471398830414e-02
8.540598154067993164e-01
5.935761332511901855e-02
1.752694100141525269e-01
1.257613003253936768e-01
3.646837770938873291e-01
1.029744669795036316e-01
4.155404567718505859e-01
9.547790884971618652e-01
1.336021274328231812e-01
7.366576045751571655e-02
3.592383861541748047e-02
1.046484261751174927e-01
4.727113246917724609e-02
2.279774695634841919e-01
5.504820942878723145e-01
4.149399995803833008e-01
1.383539102971553802e-02
8.689811825752258301e-01
2.479779422283172607e-01
1.913177035748958588e-02
1.172681972384452820e-01
3.266734778881072998e-01
9.021166712045669556e-02
1.155372634530067444e-01
8.703330755233764648e-01
8.053937554359436035e-02
4.396310821175575256e-02
7.443176954984664917e-02
1.483619511127471924e-01
2.477601319551467896e-01
6.176799908280372620e-02
4.822548851370811462e-02
5.412741005420684814e-02
7.215888053178787231e-02
5.566529184579849243e-02
1.830956190824508667e-01
4.691891372203826904e-01
2.787544131278991699e-01
9.804446995258331299e-02
6.841076016426086426e-01
7.311840057373046875e-01
2.136974930763244629e-01
1.548145711421966553e-01
5.109439790248870850e-02
9.694494307041168213e-02
1.544165704399347305e-02
5.037764087319374084e-02
4.817948117852210999e-02
9.322642683982849121e-01
8.074736595153808594e-01
8.255130648612976074e-01
6.760433912277221680e-01
8.772159218788146973e-01
7.981434464454650879e-01
8.152284473180770874e-02
5.968312919139862061e-02
8.486850261688232422e-01
1.664140820503234863e-01
8.510522246360778809e-01
4.703864455223083496e-02
3.638673573732376099e-02
6.187496185302734375e-01
3.452780246734619141e-01
6.983445286750793457e-01
4.511921703815460205e-01
8.875734210014343262e-01
7.042311131954193115e-02
5.378104746341705322e-02
5.743413567543029785e-01
1.109992936253547668e-01
6.258513331413269043e-01
2.467655092477798462e-01
1.208314448595046997e-01
8.003550022840499878e-02
7.005365192890167236e-02
5.977646708488464355e-01
3.045139610767364502e-01
2.461101114749908447e-01
4.229055941104888916e-01
4.855945706367492676e-02
3.530103713274002075e-02
9.245141744613647461e-01
1.928279399871826172e-01
4.826566576957702637e-02
9.079782962799072266e-01
3.725883737206459045e-02
1.486888229846954346e-01
8.410348892211914062e-01
1.458747126162052155e-02
4.983048886060714722e-02
8.101452887058258057e-02
8.528812527656555176e-01
8.196072578430175781e-01
1.433978974819183350e-01
4.839396476745605469e-02
3.966249525547027588e-01
4.937033355236053467e-02
5.909109488129615784e-02
9.607601165771484375e-01
7.992109656333923340e-02
9.318524003028869629e-01
2.517032027244567871e-01
1.898444890975952148e-01
3.904906213283538818e-01
8.784580230712890625e-01
2.720222473144531250e-01
4.622889161109924316e-01
4.792822897434234619e-02
8.482995033264160156e-01
7.667410373687744141e-01
4.389896690845489502e-01
3.615243136882781982e-01
1.878524273633956909e-01
3.862742707133293152e-02
8.258130550384521484e-01
4.579213559627532959e-01
6.640727519989013672e-01
1.179607808589935303e-01
2.319665439426898956e-02
9.691954404115676880e-02
2.466859482228755951e-02
1.433532088994979858e-01
1.016751006245613098e-01
1.139464974403381348e-01
2.579737007617950439e-01
2.139116823673248291e-01
3.120101988315582275e-01
8.831024765968322754e-01
4.164653420448303223e-01
8.359407186508178711e-01
4.888516291975975037e-02
2.032396942377090454e-01
8.742154836654663086e-01
4.561200737953186035e-01
4.491454660892486572e-01
1.431735903024673462e-01
4.195532575249671936e-02
2.271672785282135010e-01
9.356418251991271973e-02
3.445250913500785828e-02
3.164074420928955078e-01
8.695628046989440918e-01
9.564304351806640625e-02
9.557210206985473633e-01
6.686760187149047852e-01
5.168178305029869080e-02
8.628457784652709961e-01
1.118065118789672852e-01
8.815468102693557739e-02
2.900423668324947357e-02
9.768693894147872925e-02
1.233076304197311401e-01
1.953647434711456299e-01
4.105423763394355774e-02
1.546005457639694214e-01
4.631282687187194824e-01
3.529812097549438477e-01
6.841365098953247070e-01
4.512524232268333435e-02
8.137336969375610352e-01
1.953647434711456299e-01
7.334778904914855957e-01
1.981696337461471558e-01
5.761581659317016602e-01
1.895996555685997009e-02
1.718863993883132935e-01
6.794478893280029297e-01
4.848643019795417786e-02
1.863832212984561920e-02
5.621100217103958130e-02
9.380728006362915039e-01
3.189457058906555176e-01
8.899108171463012695e-01
9.497436285018920898e-01
6.587877273559570312e-01
7.104724645614624023e-02
9.717662334442138672e-01
1.373195499181747437e-01
1.682841032743453979e-01
2.809455804526805878e-02
2.166027128696441650e-01
5.581508278846740723e-01
1.894676387310028076e-01
1.726094260811805725e-02
5.828057527542114258e-01
3.803322315216064453e-01
8.431564569473266602e-01
4.834109172224998474e-02
9.371797442436218262e-01
9.722789525985717773e-01
6.554483175277709961e-01
1.060020327568054199e-01
9.039521962404251099e-02
1.371051222085952759e-01
7.398939132690429688e-01
7.053648829460144043e-01
5.328723788261413574e-02
5.997857451438903809e-01
4.285605847835540771e-01
9.414518475532531738e-01
5.452973395586013794e-02
9.404760599136352539e-01
9.245741963386535645e-01
2.255249023437500000e-01
7.572396993637084961e-01
9.446933865547180176e-01
2.398946434259414673e-01
3.371372222900390625e-01
8.698793053627014160e-01
1.953647434711456299e-01
6.516103148460388184e-01
7.727160304784774780e-02
3.171339929103851318e-01
6.429503113031387329e-02
3.476770222187042236e-02
9.691062569618225098e-01
1.557958275079727173e-01
7.984644770622253418e-01
2.978903949260711670e-01
1.953647434711456299e-01
9.665428102016448975e-02
6.279803067445755005e-02
4.171330109238624573e-02
5.119325220584869385e-02
2.133338153362274170e-01
7.719129920005798340e-01
3.190903961658477783e-01
8.262382745742797852e-01
9.653268009424209595e-02
6.554322242736816406e-01
6.043217778205871582e-01
2.635634131729602814e-02
1.503954082727432251e-01
3.358739018440246582e-01
7.750377804040908813e-02
2.302768975496292114e-01
1.245662048459053040e-01
8.769949078559875488e-01
8.362987041473388672e-01
9.356592297554016113e-01
4.744935631752014160e-01
1.398096382617950439e-01
7.321490049362182617e-01
8.440763503313064575e-02
8.958450555801391602e-01
1.915441155433654785e-01
8.727211356163024902e-01
5.434120446443557739e-02
1.616799086332321167e-01
9.117839932441711426e-01
3.857944607734680176e-01
4.404007792472839355e-01
6.593336462974548340e-01
2.899358570575714111e-01
4.416389390826225281e-02
7.869482785463333130e-02
5.625956654548645020e-01
1.323860138654708862e-01
8.822786062955856323e-02
6.155970692634582520e-01
8.508560061454772949e-01
4.570525884628295898e-01
2.767593264579772949e-01
2.666114270687103271e-02
3.644168972969055176e-01
8.361890316009521484e-01
3.576137721538543701e-01
7.409892976284027100e-02
9.287201166152954102e-01
2.951757907867431641e-01
3.224086761474609375e-01
5.736593529582023621e-02
1.557310074567794800e-01
2.159325033426284790e-02
8.665540814399719238e-02
3.730519413948059082e-01
8.966819643974304199e-01
4.725628197193145752e-01
3.968845903873443604e-01
6.875722110271453857e-02
9.455305337905883789e-02
5.049341320991516113e-01
3.150331974029541016e-01
3.874974250793457031e-01
9.404146671295166016e-01
6.959934830665588379e-01
1.107545122504234314e-01
2.249286025762557983e-01
5.644018054008483887e-01
1.934760361909866333e-01
4.247145652770996094e-01
9.469675421714782715e-01
5.596535801887512207e-01
3.196107745170593262e-01
1.287883371114730835e-01
2.170430868864059448e-02
4.822079464793205261e-02
5.190711095929145813e-02
1.695046387612819672e-02
1.953647434711456299e-01
2.448261529207229614e-01
9.564839303493499756e-02
1.594083756208419800e-01
9.329138398170471191e-01
2.369528859853744507e-01
1.728013344109058380e-02
8.611138910055160522e-02
1.649021506309509277e-01
6.004824489355087280e-02
1.879804283380508423e-01
7.259294390678405762e-01
2.014156281948089600e-01
8.872247338294982910e-01
1.605397649109363556e-02
1.535579264163970947e-01
7.147116065025329590e-01
1.323321908712387085e-01
6.280848979949951172e-01
7.596857100725173950e-02
1.799668557941913605e-02
4.400230944156646729e-02
6.925097852945327759e-02
6.103668212890625000e-01
6.029066070914268494e-02
9.050793051719665527e-01
2.571972012519836426e-01
2.222055792808532715e-01
3.693754374980926514e-01
8.457782864570617676e-02
4.086447954177856445e-01
9.407648444175720215e-02
6.529460847377777100e-02
7.839262485504150391e-01
2.418191879987716675e-01
4.004853069782257080e-01
9.501849412918090820e-01
2.238950133323669434e-01
1.953647434711456299e-01
6.722112894058227539e-01
1.208628341555595398e-01
9.373576939105987549e-02
8.796861022710800171e-02
8.130892366170883179e-02
3.949178010225296021e-02
2.466247081756591797e-01
1.195165142416954041e-01
9.319853186607360840e-01
4.754374548792839050e-02
4.939655214548110962e-02
2.495492808520793915e-02
9.035241007804870605e-01
7.498201131820678711e-01
1.783935874700546265e-01
1.619325727224349976e-01
4.297501742839813232e-01
3.042054474353790283e-01
1.376253813505172729e-01
4.358223676681518555e-01
1.978207938373088837e-02
3.638575971126556396e-02
5.356033891439437866e-02
4.571396112442016602e-02
9.414187073707580566e-02
1.431082785129547119e-01
6.973128914833068848e-01
2.220292985439300537e-01
8.420565128326416016e-01
2.423337250947952271e-01
2.480594366788864136e-01
3.972132131457328796e-02
8.153816461563110352e-01
4.896162450313568115e-01
6.724201440811157227e-01
8.235054016113281250e-01
3.875091671943664551e-01
6.034911870956420898e-01
2.510794699192047119e-01
1.594299972057342529e-01
4.228200390934944153e-02
1.927262358367443085e-02
3.151157796382904053e-01
8.000383973121643066e-01
8.592715263366699219e-01
2.023247443139553070e-02
4.537824988365173340e-01
1.953647434711456299e-01
1.722924709320068359e-01
4.213477671146392822e-02
2.677400968968868256e-02
6.842513084411621094e-01
8.135822415351867676e-01
2.003130316734313965e-02
8.259161561727523804e-02
4.927982985973358154e-01
4.287653043866157532e-02
1.953647434711456299e-01
3.149025142192840576e-01
7.209751009941101074e-02
7.601998001337051392e-02
7.271584123373031616e-02
7.705371379852294922e-01
3.170984387397766113e-01
1.318313926458358765e-01
3.385562077164649963e-02
3.057450652122497559e-01
8.372113108634948730e-02
6.664755940437316895e-01
3.037289679050445557e-01
1.540422439575195312e-01
9.615568071603775024e-02
8.623470366001129150e-02
6.639794111251831055e-01
4.127078130841255188e-02
1.562354415655136108e-01
3.563069924712181091e-02
8.633171916007995605e-01
2.655108645558357239e-02
1.936399750411510468e-02
4.906373918056488037e-01
8.920668959617614746e-01
3.825167715549468994e-01
1.912682317197322845e-02
2.462319284677505493e-02
3.712868690490722656e-01
3.456588983535766602e-01
8.240827172994613647e-02
6.709914654493331909e-02
1.749238073825836182e-01
5.068983435630798340e-01
6.247967481613159180e-02
4.518747329711914062e-02
1.251186877489089966e-01
4.403444752097129822e-02
1.328604221343994141e-01
9.617965817451477051e-01
2.578997611999511719e-01
8.107705414295196533e-02
9.758216738700866699e-01
2.393098324537277222e-01
5.590504407882690430e-01
7.671032845973968506e-02
8.570911288261413574e-01
2.087907642126083374e-01
3.186423704028129578e-02
8.826358318328857422e-01
8.979340195655822754e-01
3.274073600769042969e-01
1.286521274596452713e-02
3.113547265529632568e-01
2.809164822101593018e-01
1.273078471422195435e-01
6.918683648109436035e-01
5.705075711011886597e-02
2.739902399480342865e-02
2.632040679454803467e-01
9.883840382099151611e-02
1.750543415546417236e-01
1.477504223585128784e-01
1.728135347366333008e-02
6.222424507141113281e-01
6.708337366580963135e-02
3.371036350727081299e-01
4.252476692199707031e-01
1.817690432071685791e-01
1.901669651269912720e-01
1.674574315547943115e-01
8.890862762928009033e-02
6.156752631068229675e-02
9.030697941780090332e-01
1.208958178758621216e-01
6.956968307495117188e-01
9.396125674247741699e-01
3.453213870525360107e-01
3.291248530149459839e-02
6.780555844306945801e-01
8.299900591373443604e-02
7.730655670166015625e-01
3.346139192581176758e-02
3.343164324760437012e-01
3.966509699821472168e-01
8.798655271530151367e-01
4.463945627212524414e-01
5.962290167808532715e-01
1.953647434711456299e-01
1.205715015530586243e-01
3.131880760192871094e-01
1.087884083390235901e-01
1.578677445650100708e-01
3.651878833770751953e-01
4.900530278682708740e-01
1.851517856121063232e-01
7.947561144828796387e-01
7.465933561325073242e-01
8.489099889993667603e-02
2.178123295307159424e-01
9.213761091232299805e-01
6.805943697690963745e-02
4.875864088535308838e-01
1.597995311021804810e-01
6.344470381736755371e-02
1.298544853925704956e-01
6.338724493980407715e-02
2.285847812891006470e-01
1.821562349796295166e-01
5.175264477729797363e-01
8.288324475288391113e-01
9.494626522064208984e-01
9.686235189437866211e-01
9.669428467750549316e-01
1.892928779125213623e-02
3.285965919494628906e-01
5.387840867042541504e-01
4.916358292102813721e-01
9.475978612899780273e-01
1.488890349864959717e-01
1.861683428287506104e-01
1.835580319166183472e-01
1.337025165557861328e-01
8.900471329689025879e-01
1.355621125549077988e-02
3.065564334392547607e-01
5.541381835937500000e-01
2.655778452754020691e-02
1.020945459604263306e-01
2.828374207019805908e-01
2.542678117752075195e-01
9.530818462371826172e-01
3.081036359071731567e-02
4.845735803246498108e-02
9.569286555051803589e-02
9.137949347496032715e-01
9.515573382377624512e-01
1.391697768121957779e-02
7.242013812065124512e-01
4.806734248995780945e-02
5.831180810928344727e-01
2.651755809783935547e-01
7.528544664382934570e-01
2.143156379461288452e-01
4.480211809277534485e-02
1.820844262838363647e-01
7.847420573234558105e-01
1.441958732903003693e-02
2.517648413777351379e-02
7.156115770339965820e-01
2.907161973416805267e-02
1.118607819080352783e-01
1.881811916828155518e-01
4.596733152866363525e-01
2.702370844781398773e-02
7.650287747383117676e-01
1.899640858173370361e-01
2.262401431798934937e-01
2.965442650020122528e-02
3.657448887825012207e-01
9.284857511520385742e-01
7.157199382781982422e-01
9.390723109245300293e-01
3.704379796981811523e-01
4.842112958431243896e-01
8.241540193557739258e-02
7.134668827056884766e-01
6.031705811619758606e-02
4.316112399101257324e-02
5.169163644313812256e-02
8.908447027206420898e-01
8.655434250831604004e-01
9.162219762802124023e-01
1.572819799184799194e-01
4.982565939426422119e-01
7.253012806177139282e-02
9.089358150959014893e-02
9.306595921516418457e-01
7.876724004745483398e-01
5.487857013940811157e-02
6.900544464588165283e-02
5.181875452399253845e-02
1.632443256676197052e-02
2.104787677526473999e-01
9.157565236091613770e-01
3.041893243789672852e-01
2.597678266465663910e-02
6.307195872068405151e-02
7.411853075027465820e-01
7.360714673995971680e-01
4.773295670747756958e-02
1.839539855718612671e-01
5.401645302772521973e-01
8.532715439796447754e-01
7.351079583168029785e-02
3.844636678695678711e-02
1.381003111600875854e-01
3.974554836750030518e-01
5.036416053771972656e-01
2.205437608063220978e-02
4.776001870632171631e-01
9.511138200759887695e-01
9.240592718124389648e-01
2.460540980100631714e-01
1.953647434711456299e-01
3.661208972334861755e-02
8.055652379989624023e-01
5.187172889709472656e-01
2.731258273124694824e-01
2.649734914302825928e-01
6.771858930587768555e-01
2.777798660099506378e-02
4.420937597751617432e-02
2.385997027158737183e-02
3.917306661605834961e-01
3.816220760345458984e-01
2.245982736349105835e-02
2.914955019950866699e-01
7.135810852050781250e-01
4.734525680541992188e-01
7.836140990257263184e-01
4.442815482616424561e-01
2.235051542520523071e-01
8.560153841972351074e-02
5.988787114620208740e-02
3.910069465637207031e-01
9.643394947052001953e-01
3.252007067203521729e-02
9.593288302421569824e-01
9.470221996307373047e-01
8.620927929878234863e-01
3.351058363914489746e-01
8.175470829010009766e-01
6.321100145578384399e-02
2.414014041423797607e-01
6.782342195510864258e-01
8.207356929779052734e-01
6.347714066505432129e-01
4.242514073848724365e-02
9.218801558017730713e-02
4.074097871780395508e-01
8.980910778045654297e-01
1.951998174190521240e-01
1.469924002885818481e-01
4.151266515254974365e-01
3.465284407138824463e-01
5.523877143859863281e-01
1.143278330564498901e-01
3.315972089767456055e-01
1.739544272422790527e-01
3.740302324295043945e-01
4.512539207935333252e-01
6.437221169471740723e-01
2.378987148404121399e-02
7.641177773475646973e-01
3.214387595653533936e-02
2.510194182395935059e-01
8.884924054145812988e-01
2.698992565274238586e-02
3.283796608448028564e-01
7.195132225751876831e-02
3.332270681858062744e-01
9.664887189865112305e-01
4.504698812961578369e-01
8.209250569343566895e-01
3.670485317707061768e-02
1.709954626858234406e-02
3.741041198372840881e-02
9.419226050376892090e-01
4.790597856044769287e-01
8.361503481864929199e-01
6.023507714271545410e-01
1.443730741739273071e-01
3.619090467691421509e-02
3.092567995190620422e-02
6.777960062026977539e-01
9.361078143119812012e-01
3.419578075408935547e-02
2.342248521745204926e-02
8.984898924827575684e-01
6.382086873054504395e-02
2.591114863753318787e-02
2.136977612972259521e-01
4.637172073125839233e-02
8.964778482913970947e-02
4.944650232791900635e-01
3.637042343616485596e-01
2.550778910517692566e-02
8.838222920894622803e-02
1.067652851343154907e-01
1.953647434711456299e-01
6.908407211303710938e-01
5.911178588867187500e-01
1.740168482065200806e-01
8.465077728033065796e-02
8.943863958120346069e-02
3.469466045498847961e-02
1.483553797006607056e-01
7.559885084629058838e-02
2.633792459964752197e-01
4.916794598102569580e-02
9.468475729227066040e-02
9.681702852249145508e-01
1.768970489501953125e-01
2.632129192352294922e-01
1.751645803451538086e-01
8.301953077316284180e-01
2.577399909496307373e-01
2.040010094642639160e-01
3.802464604377746582e-01
9.480644464492797852e-01
5.962846055626869202e-02
1.558732986450195312e-01
2.600440569221973419e-02
1.174941658973693848e-01
3.871477022767066956e-02
8.162202239036560059e-01
1.243908703327178955e-01
2.036646157503128052e-01
9.178156852722167969e-01
4.775013923645019531e-01
5.111250877380371094e-01
2.292236387729644775e-01
7.908049970865249634e-02
7.489730715751647949e-01
1.639714390039443970e-01
1.513905823230743408e-02
9.450893998146057129e-01
5.407337546348571777e-01
6.305359005928039551e-01
1.872439235448837280e-01
3.442633152008056641e-02
2.248662412166595459e-01
1.444278210401535034e-01
1.222878471016883850e-01
3.657734692096710205e-01
2.332481555640697479e-02
1.872915402054786682e-02
4.539132714271545410e-01
4.300085827708244324e-02
8.456853032112121582e-01
7.894480824470520020e-01
6.335396766662597656e-01
3.000959381461143494e-02
7.188208699226379395e-01
7.008154392242431641e-01
2.125362753868103027e-01
9.119732379913330078e-01
8.464447855949401855e-01
5.800979137420654297e-01
5.687190592288970947e-02
9.168155193328857422e-01
6.641646623611450195e-01
3.665186092257499695e-02
8.872196674346923828e-01
2.485961914062500000e-01
9.185980558395385742e-01
2.523463778197765350e-02
5.887146592140197754e-01
6.233409047126770020e-01
3.108248412609100342e-01
2.578371167182922363e-01
9.439790248870849609e-01
1.398554444313049316e-01
4.290574491024017334e-01
1.445342041552066803e-02
8.835242986679077148e-01
6.736218929290771484e-02
1.670695841312408447e-02
9.102932214736938477e-01
9.020707011222839355e-01
4.202823042869567871e-01
1.832217536866664886e-02
7.650352120399475098e-01
5.617184042930603027e-01
9.059427976608276367e-01
1.135153248906135559e-01
9.100374579429626465e-01
1.627365872263908386e-02
6.094923019409179688e-01
5.860607326030731201e-02
6.550418734550476074e-01
4.905832931399345398e-02
2.064019143581390381e-01
7.013142108917236328e-01
1.718824058771133423e-01
2.297109216451644897e-01
1.397652029991149902e-01
8.383929133415222168e-01
9.224970340728759766e-01
3.100503385066986084e-01
4.134928584098815918e-01
4.858853295445442200e-02
5.459031462669372559e-01
9.098998904228210449e-01
6.808489561080932617e-01
2.432464808225631714e-01
2.723061740398406982e-01
6.668666005134582520e-02
4.839918017387390137e-01
3.849554061889648438e-02
2.188785523176193237e-01
9.585705399513244629e-01
1.076804399490356445e-01
7.484418153762817383e-01
3.842909261584281921e-02
8.186383843421936035e-01
7.768725603818893433e-02
2.287567257881164551e-01
6.705655157566070557e-02
3.392286226153373718e-02
1.006131246685981750e-01
9.054879546165466309e-01
7.876248359680175781e-01
4.617329835891723633e-01
2.520747482776641846e-02
7.611405253410339355e-01
9.658474326133728027e-01
6.605250239372253418e-01
4.878642037510871887e-02
1.350659132003784180e-01
8.775225281715393066e-01
8.818085789680480957e-01
7.451797723770141602e-01
8.174614608287811279e-02
9.596086144447326660e-01
8.961211442947387695e-01
4.859628975391387939e-01
9.431325197219848633e-01
7.318673133850097656e-01
2.028329111635684967e-02
7.039422988891601562e-01
1.550612151622772217e-01
7.257661223411560059e-01
1.001981571316719055e-01
7.759800553321838379e-01
7.859162688255310059e-01
1.265938729047775269e-01
7.585144042968750000e-01
9.363417625427246094e-01
7.785761952400207520e-01
2.304592542350292206e-02
4.475171566009521484e-01
8.366000652313232422e-01
2.255287617444992065e-01
4.477961361408233643e-01
2.595840096473693848e-01
5.158222317695617676e-01
8.869736194610595703e-01
8.280739784240722656e-01
7.403638213872909546e-02
1.953647434711456299e-01
1.953647434711456299e-01
1.742726750671863556e-02
3.085630834102630615e-01
9.483301639556884766e-02
7.993113398551940918e-01
4.664553403854370117e-01
2.841913141310214996e-02
5.971826314926147461e-01
4.267261326313018799e-01
5.371121317148208618e-02
7.052395343780517578e-01
7.463774830102920532e-02
8.241424560546875000e-01
6.839439272880554199e-01
3.523514419794082642e-02
1.030331477522850037e-01
1.967290975153446198e-02
3.896218240261077881e-01
1.714077591896057129e-01
1.170431226491928101e-01
5.610609427094459534e-02
4.514384269714355469e-02
5.787381529808044434e-01
1.264503449201583862e-01
1.465507596731185913e-01
4.259065911173820496e-02
8.613546937704086304e-02
4.518349170684814453e-01
7.764398455619812012e-01
2.500203624367713928e-02
4.251248762011528015e-02
5.181258916854858398e-01
5.614518523216247559e-01
2.690644934773445129e-02
9.761853814125061035e-01
7.692567706108093262e-01
3.621442019939422607e-01
3.313230723142623901e-02
1.874952614307403564e-01
3.187360987067222595e-02
2.526546642184257507e-02
5.062318444252014160e-01
2.960850670933723450e-02
7.204651832580566406e-01
6.714476346969604492e-01
7.164442539215087891e-01
4.333179071545600891e-02
4.126487672328948975e-01
1.170939952135086060e-01
2.987740039825439453e-01
5.096096992492675781e-01
2.331242859363555908e-01
7.683292627334594727e-01
2.114817053079605103e-01
9.657080769538879395e-01
7.665836811065673828e-02
1.956170052289962769e-01
8.873787522315979004e-01
4.730388522148132324e-01
8.228829503059387207e-01
7.365280389785766602e-01
7.290184497833251953e-01
1.982589662075042725e-01
9.300990700721740723e-01
8.972418308258056641e-01
1.727813780307769775e-01
9.085607528686523438e-01
5.619116500020027161e-02
9.330735206604003906e-01
7.057127356529235840e-01
2.407205291092395782e-02
1.317058037966489792e-02
6.518311500549316406e-01
3.427485525608062744e-01
2.958565950393676758e-02
7.177069783210754395e-02
9.497336745262145996e-01
4.461489990353584290e-02
2.192219346761703491e-02
6.520502269268035889e-02
1.254733204841613770e-01
1.694381088018417358e-01
2.048739232122898102e-02
4.409727156162261963e-01
1.839641295373439789e-02
5.333077907562255859e-01
2.859496176242828369e-01
6.917481422424316406e-01
8.029000163078308105e-01
9.205599427223205566e-01
8.285363018512725830e-02
3.111201338469982147e-02
4.562285542488098145e-01
7.497451901435852051e-01
4.614767804741859436e-02
4.684555828571319580e-01
2.146364301443099976e-01
1.291273441165685654e-02
9.509418606758117676e-01
4.409637749195098877e-01
8.524396270513534546e-02
7.020338624715805054e-02
2.127410620450973511e-01
1.769367605447769165e-01
7.570552825927734375e-01
1.971265524625778198e-01
2.050211727619171143e-01
8.278024941682815552e-02
2.142093181610107422e-01
2.074257135391235352e-01
3.671660721302032471e-01
3.988346457481384277e-01
2.544243931770324707e-01
4.941482841968536377e-02
1.415424346923828125e-01
1.953647434711456299e-01
5.796241164207458496e-01
1.667904853820800781e-02
9.296929240226745605e-01
8.935248851776123047e-01
1.523894965648651123e-01
