7.139513641595840454e-02
8.939222097396850586e-01
1.449451595544815063e-01
9.083356857299804688e-01
3.149678707122802734e-01
9.554393589496612549e-02
5.115044713020324707e-01
2.512550950050354004e-01
9.306200146675109863e-01
1.330114603042602539e-01
4.055116176605224609e-01
1.960237622261047363e-01
9.046543240547180176e-01
3.840101361274719238e-01
1.370213627815246582e-01
3.002993464469909668e-01
2.403304874897003174e-01
6.127052903175354004e-01
9.496358036994934082e-01
1.489348262548446655e-01
8.930146098136901855e-01
8.614929318428039551e-01
1.233329772949218750e-01
1.486501097679138184e-01
3.122341036796569824e-01
6.715463101863861084e-02
8.893410563468933105e-01
2.600987255573272705e-01
7.163614630699157715e-01
3.017027676105499268e-01
1.077951937913894653e-01
3.504254296422004700e-02
9.304332733154296875e-01
1.043633222579956055e-01
4.672163128852844238e-01
1.726992875337600708e-01
6.666973233222961426e-01
1.944182366132736206e-01
3.318879902362823486e-01
9.439346790313720703e-01
1.506476253271102905e-01
1.226357668638229370e-01
1.208401024341583252e-01
6.043509766459465027e-02
6.783749908208847046e-02
1.051502823829650879e-01
7.629128098487854004e-01
5.423022508621215820e-01
8.002915978431701660e-02
9.284834265708923340e-01
1.723459213972091675e-01
9.465118497610092163e-02
1.271418482065200806e-01
1.657798141241073608e-01
1.220050975680351257e-01
1.783889681100845337e-01
8.762860894203186035e-01
2.390082925558090210e-01
1.016381308436393738e-01
8.460835814476013184e-01
2.373674660921096802e-01
2.217112928628921509e-01
6.045361980795860291e-02
9.902637451887130737e-02
1.188064217567443848e-01
1.286123245954513550e-01
8.639272302389144897e-02
1.250895410776138306e-01
2.173214554786682129e-01
2.103257328271865845e-01
5.888190492987632751e-02
5.468226075172424316e-01
7.494345307350158691e-01
2.835377454757690430e-01
1.081794127821922302e-01
1.065933555364608765e-01
2.337768226861953735e-01
5.410154908895492554e-02
1.302652806043624878e-01
1.125372052192687988e-01
9.394850134849548340e-01
8.597450256347656250e-01
8.985517621040344238e-01
6.243664622306823730e-01
9.028571248054504395e-01
4.780242145061492920e-01
9.633571654558181763e-02
1.099464148283004761e-01
9.138711690902709961e-01
1.123101413249969482e-01
6.523454189300537109e-01
1.025590673089027405e-01
8.824468404054641724e-02
5.044428706169128418e-01
3.721827566623687744e-01
8.041223883628845215e-01
4.572370052337646484e-01
9.265968203544616699e-01
1.509257853031158447e-01
5.980224162340164185e-02
8.612139821052551270e-01
1.263634115457534790e-01
4.080444574356079102e-01
1.334202438592910767e-01
3.743537962436676025e-01
1.361135840415954590e-01
1.851542145013809204e-01
8.091092109680175781e-01
4.800671041011810303e-01
3.594623208045959473e-01
3.419542908668518066e-01
9.412632882595062256e-02
8.659128844738006592e-02
8.774414658546447754e-01
2.315489500761032104e-01
1.001560613512992859e-01
9.372766017913818359e-01
1.106891557574272156e-01
3.663707673549652100e-01
8.997069001197814941e-01
6.129300594329833984e-02
1.170569509267807007e-01
1.281916052103042603e-01
7.580913305282592773e-01
9.305847287178039551e-01
7.918637990951538086e-02
1.623627990484237671e-01
6.670371443033218384e-02
7.252216339111328125e-02
9.637983143329620361e-02
9.030106067657470703e-01
6.630823016166687012e-01
9.360370039939880371e-01
1.339100599288940430e-01
3.983922600746154785e-01
4.828318059444427490e-01
9.112589359283447266e-01
1.414973288774490356e-01
4.649518728256225586e-01
1.123527139425277710e-01
8.317142724990844727e-01
9.000310301780700684e-01
4.513900876045227051e-01
3.823694586753845215e-01
3.045136928558349609e-01
1.133742257952690125e-01
7.352518439292907715e-01
3.547996580600738525e-01
8.528584241867065430e-01
1.593460738658905029e-01
8.933826535940170288e-02
9.555254131555557251e-02
1.020941585302352905e-01
1.226112022995948792e-01
1.306154429912567139e-01
1.272964924573898315e-01
2.077131718397140503e-01
3.994546234607696533e-01
3.317981958389282227e-01
9.173144698143005371e-01
4.795826375484466553e-01
7.317712306976318359e-01
1.341778784990310669e-01
1.499768346548080444e-01
9.209527969360351562e-01
5.808550119400024414e-01
4.017578661441802979e-01
3.868735134601593018e-01
1.086785197257995605e-01
2.205298691987991333e-01
9.532727301120758057e-02
8.125247806310653687e-02
4.192103147506713867e-01
8.812413811683654785e-01
1.885919272899627686e-01
9.707133769989013672e-01
5.197286009788513184e-01
7.486531883478164673e-02
9.434047937393188477e-01
1.550166159868240356e-01
1.916078329086303711e-01
1.014232933521270752e-01
1.309885829687118530e-01
2.408334612846374512e-01
1.782944053411483765e-01
1.433335542678833008e-01
1.658627092838287354e-01
3.680628836154937744e-01
4.342996776103973389e-01
1.952648013830184937e-01
8.765754848718643188e-02
8.382175564765930176e-01
1.782944053411483765e-01
9.223261475563049316e-01
1.955056339502334595e-01
3.963441550731658936e-01
9.772012382745742798e-02
1.933129876852035522e-01
2.792350053787231445e-01
3.493778780102729797e-02
7.010079175233840942e-02
3.438986837863922119e-01
9.175931215286254883e-01
1.558235585689544678e-01
8.228896856307983398e-01
9.397952556610107422e-01
5.323529839515686035e-01
1.120758429169654846e-01
9.435653090476989746e-01
1.922651231288909912e-01
8.683412671089172363e-01
7.642883062362670898e-02
4.310260713100433350e-01
4.855400919914245605e-01
2.531711161136627197e-01
7.384584844112396240e-02
8.594377040863037109e-01
6.215841174125671387e-01
7.469996213912963867e-01
1.196234375238418579e-01
8.740410208702087402e-01
9.502057433128356934e-01
8.522038459777832031e-01
1.616558581590652466e-01
1.733918786048889160e-01
1.048801094293594360e-01
6.969200372695922852e-01
2.708356678485870361e-01
1.656124442815780640e-01
8.761760592460632324e-01
4.886731207370758057e-01
9.398626685142517090e-01
1.360427290201187134e-01
9.507969021797180176e-01
8.899732828140258789e-01
3.049353063106536865e-01
4.875234961509704590e-01
9.336528778076171875e-01
2.187902629375457764e-01
1.493657380342483521e-01
8.721584081649780273e-01
1.782944053411483765e-01
9.616196155548095703e-01
4.641257226467132568e-02
2.373732626438140869e-01
1.627746671438217163e-01
1.063265353441238403e-01
9.465364217758178711e-01
1.018459349870681763e-01
7.472435235977172852e-01
1.935235559940338135e-01
1.782944053411483765e-01
1.113768666982650757e-01
9.308215975761413574e-02
1.568454355001449585e-01
1.008491814136505127e-01
2.836366295814514160e-01
8.607150316238403320e-01
3.634265065193176270e-01
9.150741100311279297e-01
1.076959669589996338e-01
6.751617789268493652e-01
4.003941416740417480e-01
9.323831647634506226e-02
3.540063798427581787e-01
4.251012504100799561e-01
1.311034262180328369e-01
2.104479372501373291e-01
2.673706710338592529e-01
4.247848093509674072e-01
8.572973012924194336e-01
8.851406574249267578e-01
4.401266574859619141e-01
1.618191450834274292e-01
6.870234012603759766e-01
1.597180962562561035e-01
8.976662755012512207e-01
1.115554571151733398e-01
9.396490454673767090e-01
1.189727410674095154e-01
1.318343579769134521e-01
8.357607722282409668e-01
2.404070049524307251e-01
3.460146188735961914e-01
4.766528606414794922e-01
3.413979709148406982e-01
1.014853268861770630e-01
5.233582481741905212e-02
4.171051084995269775e-01
1.672029048204421997e-01
1.398067325353622437e-01
8.973450064659118652e-01
4.096331298351287842e-01
3.156042397022247314e-01
2.119838297367095947e-01
7.841411232948303223e-02
2.170691043138504028e-01
8.390400409698486328e-01
2.578738331794738770e-01
9.447132050991058350e-02
9.364899992942810059e-01
4.916497766971588135e-01
2.004633396863937378e-01
1.614445298910140991e-01
1.091751828789710999e-01
9.115629643201828003e-02
1.521670073270797729e-01
5.683785676956176758e-01
9.300094246864318848e-01
6.164599061012268066e-01
4.169395267963409424e-01
1.249031424522399902e-01
1.781026571989059448e-01
1.438241899013519287e-01
8.766038417816162109e-01
3.350187838077545166e-01
9.342818260192871094e-01
8.973582386970520020e-01
9.598515182733535767e-02
1.352528631687164307e-01
5.073354244232177734e-01
2.069870680570602417e-01
3.507149517536163330e-01
9.412255883216857910e-01
1.883251667022705078e-01
8.019332289695739746e-01
1.972730159759521484e-01
2.521100044250488281e-01
9.664808213710784912e-02
1.133048534393310547e-01
8.159258216619491577e-02
1.782944053411483765e-01
3.753429651260375977e-01
1.259382367134094238e-01
1.673142760992050171e-01
9.332436323165893555e-01
2.666447162628173828e-01
8.124914765357971191e-02
2.274182736873626709e-01
4.815412163734436035e-01
1.032030656933784485e-01
1.087871193885803223e-01
4.128046333789825439e-01
2.443291097879409790e-01
8.030475378036499023e-01
8.785807341337203979e-02
3.180618584156036377e-01
7.294221520423889160e-01
2.611508667469024658e-01
8.567904829978942871e-01
1.240473687648773193e-01
8.329805731773376465e-02
5.875236913561820984e-02
1.147787570953369141e-01
3.701239228248596191e-01
8.774247765541076660e-02
7.623480558395385742e-01
2.738359272480010986e-01
2.694677412509918213e-01
3.858340680599212646e-01
1.323860585689544678e-01
4.769329726696014404e-01
1.445138901472091675e-01
1.096381545066833496e-01
8.990663290023803711e-01
3.967417776584625244e-01
2.281169444322586060e-01
9.324689507484436035e-01
2.008587419986724854e-01
1.782944053411483765e-01
4.539302885532379150e-01
1.173908039927482605e-01
2.729398906230926514e-01
1.379974335432052612e-01
9.414491802453994751e-02
1.348791420459747314e-01
2.008899003267288208e-01
1.522239744663238525e-01
9.453362822532653809e-01
1.067616045475006104e-01
9.708143770694732666e-02
8.852285891771316528e-02
9.016381502151489258e-01
6.825804710388183594e-01
2.181257754564285278e-01
3.077494800090789795e-01
5.963919162750244141e-01
4.780063629150390625e-01
2.132074534893035889e-01
3.980728089809417725e-01
7.091221213340759277e-02
9.774562716484069824e-02
1.091144755482673645e-01
1.095849946141242981e-01
1.377638280391693115e-01
5.387728661298751831e-02
8.970171213150024414e-01
1.755163967609405518e-01
7.945187687873840332e-01
2.082476019859313965e-01
2.803452312946319580e-01
1.165119037032127380e-01
9.215180277824401855e-01
8.756311535835266113e-01
5.784891843795776367e-01
7.756992578506469727e-01
1.867809146642684937e-01
5.264915227890014648e-01
3.075057566165924072e-01
1.300193518400192261e-01
9.595698863267898560e-02
8.468301594257354736e-02
4.783852696418762207e-01
9.030438065528869629e-01
9.303514957427978516e-01
8.635868132114410400e-02
3.075967431068420410e-01
1.782944053411483765e-01
5.026923492550849915e-02
1.279911547899246216e-01
9.156081825494766235e-02
7.823931574821472168e-01
4.342804551124572754e-01
4.469283670186996460e-02
1.325093209743499756e-01
5.433539152145385742e-01
9.122469276189804077e-02
1.782944053411483765e-01
1.616779565811157227e-01
1.734221726655960083e-01
1.369276642799377441e-01
5.640372261404991150e-02
8.889616131782531738e-01
6.501916050910949707e-01
1.740294098854064941e-01
1.304167211055755615e-01
3.442552685737609863e-01
7.315561175346374512e-02
8.234266638755798340e-01
2.766770422458648682e-01
1.643385440111160278e-01
4.961588606238365173e-02
1.037092581391334534e-01
8.046643137931823730e-01
1.257442086935043335e-01
2.384275496006011963e-01
6.205658614635467529e-02
8.414386510848999023e-01
1.261255890130996704e-01
9.117288142442703247e-02
3.123048543930053711e-01
9.158551096916198730e-01
5.007832050323486328e-01
7.902124524116516113e-02
9.417571127414703369e-02
3.063396811485290527e-01
2.790605723857879639e-01
9.055898338556289673e-02
1.325842589139938354e-01
1.482320129871368408e-01
2.990449070930480957e-01
2.727643251419067383e-01
9.853969514369964600e-02
2.341235578060150146e-01
9.168314933776855469e-02
7.279156148433685303e-02
9.177601933479309082e-01
2.300466597080230713e-01
1.809336096048355103e-01
9.590996503829956055e-01
2.647966742515563965e-01
5.318428277969360352e-01
1.011502295732498169e-01
8.638597726821899414e-01
4.886476397514343262e-01
7.278588414192199707e-02
9.110681414604187012e-01
9.144477844238281250e-01
4.662076234817504883e-01
3.039828687906265259e-02
4.631372094154357910e-01
1.809672862291336060e-01
2.699222862720489502e-01
7.274443507194519043e-01
7.804142683744430542e-02
1.041179671883583069e-01
2.210679203271865845e-01
2.232811897993087769e-01
2.909550666809082031e-01
2.887986600399017334e-01
9.431538730859756470e-02
2.893362641334533691e-01
1.760946512222290039e-01
7.871448397636413574e-01
4.609311819076538086e-01
2.429186850786209106e-01
1.313206851482391357e-01
3.868059515953063965e-01
1.922676116228103638e-01
1.397518366575241089e-01
9.372633099555969238e-01
1.338493376970291138e-01
7.379492521286010742e-01
9.321192502975463867e-01
3.621326088905334473e-01
9.288024157285690308e-02
7.439225316047668457e-01
1.496229618787765503e-01
9.177238345146179199e-01
1.002316400408744812e-01
3.956497907638549805e-01
3.839642405509948730e-01
8.591017723083496094e-01
3.157002031803131104e-01
6.931417584419250488e-01
1.782944053411483765e-01
2.401901930570602417e-01
3.974796533584594727e-01
1.239547356963157654e-01
1.719820946455001831e-01
2.156947702169418335e-01
3.710771799087524414e-01
9.043261408805847168e-02
7.987113595008850098e-01
7.402620315551757812e-01
2.615813016891479492e-01
2.044190764427185059e-01
9.140886664390563965e-01
9.772958606481552124e-02
4.536722302436828613e-01
1.451466679573059082e-01
7.415755838155746460e-02
1.539309024810791016e-01
1.402110308408737183e-01
6.635209918022155762e-01
8.549703359603881836e-01
3.894655704498291016e-01
7.483544349670410156e-01
8.881424069404602051e-01
9.454199075698852539e-01
9.469221234321594238e-01
7.888398319482803345e-02
2.379806935787200928e-01
5.701259970664978027e-01
4.070993661880493164e-01
9.021223783493041992e-01
1.459035426378250122e-01
2.509844303131103516e-01
2.129576355218887329e-01
1.399084776639938354e-01
9.399819970130920410e-01
6.886526197195053101e-02
1.270523518323898315e-01
7.324601411819458008e-01
8.543343096971511841e-02
1.291197389364242554e-01
4.208588004112243652e-01
2.741986215114593506e-01
9.469084739685058594e-01
5.352260544896125793e-02
9.102098643779754639e-02
1.081453487277030945e-01
8.923414945602416992e-01
9.361259937286376953e-01
7.284210622310638428e-02
8.607429265975952148e-01
9.536787867546081543e-02
6.120684146881103516e-01
3.231661021709442139e-01
6.888989210128784180e-01
5.928668379783630371e-01
1.198685988783836365e-01
2.491299510002136230e-01
6.579061746597290039e-01
6.532499939203262329e-02
6.990773975849151611e-02
8.713938593864440918e-01
5.151595175266265869e-02
1.748044341802597046e-01
4.127195775508880615e-01
4.043467938899993896e-01
6.883629411458969116e-02
5.019689202308654785e-01
2.073540538549423218e-01
2.318297475576400757e-01
9.929051995277404785e-02
4.086072146892547607e-01
9.395668506622314453e-01
8.870004415512084961e-01
9.131107926368713379e-01
3.082694411277770996e-01
6.002901196479797363e-01
1.010634452104568481e-01
1.748780608177185059e-01
1.121940091252326965e-01
1.120804175734519958e-01
1.035338491201400757e-01
9.276807308197021484e-01
9.001772999763488770e-01
7.845915555953979492e-01
2.598691284656524658e-01
3.840832710266113281e-01
1.138940975069999695e-01
2.827995121479034424e-01
9.362204074859619141e-01
8.942384719848632812e-01
1.434409171342849731e-01
1.118325293064117432e-01
8.509833365678787231e-02
7.622301578521728516e-02
1.387247592210769653e-01
9.323159456253051758e-01
7.614299654960632324e-01
9.111546725034713745e-02
1.152578219771385193e-01
7.891868352890014648e-01
4.739655256271362305e-01
9.608251601457595825e-02
2.819758057594299316e-01
3.902102708816528320e-01
9.423959851264953613e-01
1.337672173976898193e-01
1.113935038447380066e-01
2.256481200456619263e-01
4.840403497219085693e-01
5.966698527336120605e-01
6.314700841903686523e-02
4.290145039558410645e-01
9.442645311355590820e-01
8.731366395950317383e-01
1.453589051961898804e-01
1.782944053411483765e-01
1.091718673706054688e-01
4.868973791599273682e-01
8.928230404853820801e-01
2.177238017320632935e-01
2.799054980278015137e-01
6.384422779083251953e-01
1.060907691717147827e-01
8.815235644578933716e-02
8.909544348716735840e-02
2.349579036235809326e-01
1.648767888545989990e-01
7.906503230333328247e-02
4.761199951171875000e-01
9.215431213378906250e-01
3.094995915889739990e-01
8.964021205902099609e-01
3.438511490821838379e-01
4.112471938133239746e-01
1.568333655595779419e-01
1.257131397724151611e-01
9.183925986289978027e-01
9.440667629241943359e-01
7.679770886898040771e-02
9.383989572525024414e-01
9.469674825668334961e-01
9.008940458297729492e-01
2.423151135444641113e-01
8.351635932922363281e-01
1.108808815479278564e-01
2.406657785177230835e-01
4.645253121852874756e-01
6.346333026885986328e-01
8.398817777633666992e-01
1.571301519870758057e-01
2.909354567527770996e-01
4.139172732830047607e-01
8.476821184158325195e-01
2.733334302902221680e-01
2.849471271038055420e-01
5.706691741943359375e-01
2.889291942119598389e-01
3.917686939239501953e-01
1.324948072433471680e-01
8.014382123947143555e-01
1.325574368238449097e-01
4.519215226173400879e-01
3.147363364696502686e-01
4.708257317543029785e-01
6.776704639196395874e-02
8.733477592468261719e-01
6.599796563386917114e-02
1.843406409025192261e-01
8.883869647979736328e-01
1.188783124089241028e-01
3.875617384910583496e-01
1.001386940479278564e-01
3.953419029712677002e-01
9.337183833122253418e-01
5.345338582992553711e-01
9.194300770759582520e-01
8.891303092241287231e-02
1.001682952046394348e-01
1.000728458166122437e-01
9.276025891304016113e-01
1.484715342521667480e-01
4.691973030567169189e-01
7.989191412925720215e-01
1.776355206966400146e-01
1.110156849026679993e-01
3.857742622494697571e-02
4.934023618698120117e-01
9.379972815513610840e-01
8.129532635211944580e-02
1.006329134106636047e-01
9.383506178855895996e-01
5.949050188064575195e-02
8.184147626161575317e-02
4.334280490875244141e-01
9.895748645067214966e-02
1.390941441059112549e-01
3.182407915592193604e-01
2.708634734153747559e-01
5.187010765075683594e-02
1.197867691516876221e-01
1.350894123315811157e-01
1.782944053411483765e-01
6.254051327705383301e-01
7.965120077133178711e-01
5.034488812088966370e-02
1.487288773059844971e-01
5.856857448816299438e-02
1.310846358537673950e-01
2.865144610404968262e-01
6.804699450731277466e-02
7.170450687408447266e-02
7.734102755784988403e-02
3.429020941257476807e-01
9.458607435226440430e-01
1.859743446111679077e-01
3.410041034221649170e-01
9.901784360408782959e-02
7.560147643089294434e-01
3.756415843963623047e-01
1.944966018199920654e-01
3.512852787971496582e-01
8.860774040222167969e-01
9.530387073755264282e-02
1.804970055818557739e-01
9.179809689521789551e-02
1.195638030767440796e-01
4.162608087062835693e-01
7.705574035644531250e-01
9.687744081020355225e-02
2.827990353107452393e-01
9.439149498939514160e-01
2.034580558538436890e-01
5.876517891883850098e-01
2.461693882942199707e-01
1.459775716066360474e-01
8.403416275978088379e-01
9.120063483715057373e-02
7.846947014331817627e-02
9.441221952438354492e-01
3.599233627319335938e-01
8.903185129165649414e-01
1.195218563079833984e-01
9.680064022541046143e-02
1.638484299182891846e-01
1.284421980381011963e-01
2.128337174654006958e-01
5.799194574356079102e-01
8.890546113252639771e-02
9.720913320779800415e-02
7.228189706802368164e-01
1.218685507774353027e-01
9.144929051399230957e-01
9.007434844970703125e-01
6.292399764060974121e-01
9.073377400636672974e-02
8.244791626930236816e-01
7.730300426483154297e-01
1.495512276887893677e-01
9.142468571662902832e-01
3.395766317844390869e-01
8.119635581970214844e-01
8.575537800788879395e-02
9.327204823493957520e-01
4.214562475681304932e-01
9.526547044515609741e-02
8.852721452713012695e-01
2.802942395210266113e-01
9.189594984054565430e-01
9.914778918027877808e-02
6.048652529716491699e-01
1.409974098205566406e-01
3.933343589305877686e-01
9.148635268211364746e-01
9.424150586128234863e-01
2.623326480388641357e-01
2.681755721569061279e-01
8.756347745656967163e-02
8.563781976699829102e-01
1.233265995979309082e-01
7.659047096967697144e-02
9.232856631278991699e-01
9.288811683654785156e-01
4.106933176517486572e-01
1.024905815720558167e-01
7.850018143653869629e-01
6.004676222801208496e-01
9.282550811767578125e-01
2.712919414043426514e-01
9.233710169792175293e-01
6.926555186510086060e-02
6.437477469444274902e-01
6.216192990541458130e-02
5.654894709587097168e-01
1.030786558985710144e-01
3.573007285594940186e-01
7.085523009300231934e-01
1.518867462873458862e-01
3.619754910469055176e-01
9.021565318107604980e-02
4.767367243766784668e-01
9.375391602516174316e-01
2.591943740844726562e-01
4.596005976200103760e-01
9.758596122264862061e-02
5.025718212127685547e-01
9.224267601966857910e-01
8.895563483238220215e-01
7.809753715991973877e-02
2.639569640159606934e-01
1.269206106662750244e-01
3.385968804359436035e-01
2.604384720325469971e-01
1.683119684457778931e-01
9.496174454689025879e-01
2.507499158382415771e-01
7.910525798797607422e-01
4.515256583690643311e-01
9.498347640037536621e-01
4.099760353565216064e-01
3.634221553802490234e-01
6.647763401269912720e-02
8.938774466514587402e-02
3.010298609733581543e-01
8.936483263969421387e-01
6.886778473854064941e-01
3.047147989273071289e-01
1.122099459171295166e-01
6.887989640235900879e-01
9.334330558776855469e-01
7.214635610580444336e-01
2.454351484775543213e-01
3.150348067283630371e-01
8.804023265838623047e-01
8.841359615325927734e-01
8.269440531730651855e-01
1.475472003221511841e-01
9.414002895355224609e-01
8.843578100204467773e-01
7.852619886398315430e-01
9.307746887207031250e-01
7.017536759376525879e-01
7.540883123874664307e-02
6.461609005928039551e-01
1.406345963478088379e-01
8.643528819084167480e-01
9.858738631010055542e-02
8.572241663932800293e-01
8.602324128150939941e-01
1.222494393587112427e-01
8.874989151954650879e-01
8.776878714561462402e-01
8.087496161460876465e-01
8.422984182834625244e-02
4.598573744297027588e-01
8.836990594863891602e-01
3.244060873985290527e-01
5.474950075149536133e-01
2.507594227790832520e-01
7.762401103973388672e-01
8.935799002647399902e-01
8.986566066741943359e-01
4.159530252218246460e-02
1.782944053411483765e-01
1.782944053411483765e-01
7.428158819675445557e-02
1.709206402301788330e-01
1.339505761861801147e-01
7.772470116615295410e-01
2.444244772195816040e-01
6.882156431674957275e-02
9.170234799385070801e-01
7.507562637329101562e-01
6.603462994098663330e-02
6.405052542686462402e-01
1.244168952107429504e-01
9.222519397735595703e-01
4.999830722808837891e-01
8.026276528835296631e-02
1.803692132234573364e-01
8.094233274459838867e-02
5.682008266448974609e-01
2.626625001430511475e-01
1.178857162594795227e-01
1.185943111777305603e-01
9.532806277275085449e-02
7.017497420310974121e-01
1.136375814676284790e-01
4.446875303983688354e-02
1.517800092697143555e-01
3.744749352335929871e-02
4.622162878513336182e-01
3.892763555049896240e-01
9.701307117938995361e-02
1.092138811945915222e-01
4.197664558887481689e-01
2.450732439756393433e-01
9.224280714988708496e-02
9.394198656082153320e-01
8.969246745109558105e-01
2.010511755943298340e-01
1.717603951692581177e-01
2.018532902002334595e-01
9.803897887468338013e-02
1.176534593105316162e-01
2.031433433294296265e-01
5.138873681426048279e-02
5.490338206291198730e-01
5.951390266418457031e-01
8.500349521636962891e-01
1.674346178770065308e-01
5.084014534950256348e-01
1.660972088575363159e-01
3.131199181079864502e-01
4.494942724704742432e-01
1.726493686437606812e-01
5.930549502372741699e-01
3.214125335216522217e-01
9.440320134162902832e-01
1.255778074264526367e-01
1.451943069696426392e-01
9.287900328636169434e-01
3.179713785648345947e-01
8.942731022834777832e-01
4.724495410919189453e-01
7.670518755912780762e-01
3.524128794670104980e-01
9.163059592247009277e-01
9.334235191345214844e-01
1.867634952068328857e-01
9.274936914443969727e-01
8.576362580060958862e-02
7.929731607437133789e-01
8.898016810417175293e-01
9.046711027622222900e-02
6.907475739717483521e-02
5.219553112983703613e-01
2.399836182594299316e-01
9.222818911075592041e-02
7.282160222530364990e-02
9.443121552467346191e-01
1.088567823171615601e-01
7.453264296054840088e-02
1.785734891891479492e-01
1.100960373878479004e-01
2.953180670738220215e-01
8.614692091941833496e-02
1.307807117700576782e-01
9.070034325122833252e-02
3.996707201004028320e-01
2.962706387042999268e-01
8.443664312362670898e-01
8.172820210456848145e-01
9.051969647407531738e-01
2.125892788171768188e-01
1.738169640302658081e-01
4.351767599582672119e-01
8.758818507194519043e-01
1.033574491739273071e-01
3.720309734344482422e-01
3.408342003822326660e-01
5.867043510079383850e-02
9.474855661392211914e-01
1.684252768754959106e-01
2.884685993194580078e-01
8.514386415481567383e-02
3.767212927341461182e-01
1.583016961812973022e-01
7.994809150695800781e-01
1.227893382310867310e-01
3.348834514617919922e-01
1.068550050258636475e-01
7.139282822608947754e-01
3.681614696979522705e-01
2.960917651653289795e-01
2.865968644618988037e-01
2.431172430515289307e-01
9.473103284835815430e-02
1.503268033266067505e-01
1.782944202423095703e-01
5.236570835113525391e-01
9.762697666883468628e-02
9.113429784774780273e-01
9.226589798927307129e-01
5.217716097831726074e-02
