5.393585935235023499e-02
8.105499148368835449e-01
1.213509142398834229e-01
8.645562529563903809e-01
2.936232984066009521e-01
8.646994829177856445e-02
3.747623860836029053e-01
3.064324855804443359e-01
8.523206710815429688e-01
1.510488688945770264e-01
5.599543452262878418e-01
2.098851650953292847e-01
7.963863611221313477e-01
7.646671533584594727e-01
1.520599573850631714e-01
3.201307058334350586e-01
1.236155703663825989e-01
7.963566780090332031e-01
8.708212375640869141e-01
3.878732025623321533e-01
7.876978516578674316e-01
7.039406895637512207e-01
5.776700377464294434e-02
8.654504269361495972e-02
2.065686583518981934e-01
6.677069514989852905e-02
8.013682365417480469e-01
2.938447892665863037e-01
5.793853998184204102e-01
4.989035427570343018e-01
2.236655801534652710e-01
4.685198515653610229e-02
8.003116846084594727e-01
7.049439102411270142e-02
2.568857371807098389e-01
1.607060283422470093e-01
3.246380090713500977e-01
1.936737596988677979e-01
3.067686259746551514e-01
8.370977640151977539e-01
1.244866251945495605e-01
1.086526662111282349e-01
8.627016097307205200e-02
6.998574733734130859e-02
7.627423107624053955e-02
2.077790349721908569e-01
2.186309546232223511e-01
4.758398830890655518e-01
5.527559295296669006e-02
7.784345149993896484e-01
6.903576105833053589e-02
6.604076176881790161e-02
1.938264369964599609e-01
4.397642314434051514e-01
7.684831321239471436e-02
1.060611531138420105e-01
8.311029672622680664e-01
1.042178720235824585e-01
1.667099595069885254e-01
2.149092108011245728e-01
2.134417593479156494e-01
2.901936769485473633e-01
1.547864377498626709e-01
7.670060545206069946e-02
8.874865621328353882e-02
1.528360843658447266e-01
7.410020381212234497e-02
7.197519391775131226e-02
5.102874040603637695e-01
1.036125570535659790e-01
6.152562052011489868e-02
7.198601961135864258e-01
7.455214262008666992e-01
1.499667614698410034e-01
2.624677419662475586e-01
8.269473165273666382e-02
6.765223294496536255e-02
5.243543907999992371e-02
1.501685231924057007e-01
9.182818233966827393e-02
8.605964779853820801e-01
7.064206004142761230e-01
8.199863433837890625e-01
7.025836110115051270e-01
8.590308427810668945e-01
7.548328638076782227e-01
6.621986627578735352e-02
1.170301884412765503e-01
8.245945572853088379e-01
1.916073858737945557e-01
7.816068530082702637e-01
7.051689177751541138e-02
8.072528988122940063e-02
4.759665131568908691e-01
4.996798932552337646e-01
6.845620274543762207e-01
4.728423357009887695e-01
8.599444031715393066e-01
9.345687180757522583e-02
9.757237881422042847e-02
4.993230998516082764e-01
1.419639587402343750e-01
4.477388560771942139e-01
1.721112132072448730e-01
3.216258883476257324e-01
1.747590899467468262e-01
6.133983284235000610e-02
4.359249770641326904e-01
4.975689351558685303e-01
3.367025852203369141e-01
5.596572160720825195e-01
5.862579122185707092e-02
6.404187530279159546e-02
7.824257612228393555e-01
2.043232321739196777e-01
1.406739950180053711e-01
8.414278030395507812e-01
5.485213920474052429e-02
1.493595987558364868e-01
7.103209495544433594e-01
4.971699789166450500e-02
1.140119656920433044e-01
1.107844114303588867e-01
7.148928642272949219e-01
8.399409055709838867e-01
1.518497616052627563e-01
8.510710299015045166e-02
2.045428007841110229e-01
4.650099948048591614e-02
9.198282659053802490e-02
8.658689856529235840e-01
7.805982232093811035e-02
8.584259748458862305e-01
3.285494744777679443e-01
6.911331415176391602e-01
3.806200921535491943e-01
8.550372719764709473e-01
1.893673688173294067e-01
5.085508227348327637e-01
5.393119901418685913e-02
7.309112548828125000e-01
7.530951499938964844e-01
5.884570479393005371e-01
3.994707763195037842e-01
2.700537443161010742e-01
6.179859116673469543e-02
8.005689978599548340e-01
6.578260064125061035e-01
5.856371521949768066e-01
1.166436225175857544e-01
6.010228767991065979e-02
1.442393809556961060e-01
6.237803399562835693e-02
1.507651358842849731e-01
1.068844422698020935e-01
1.281510442495346069e-01
1.971575468778610229e-01
2.184351533651351929e-01
3.095485866069793701e-01
8.359285593032836914e-01
3.800046145915985107e-01
6.971798539161682129e-01
8.208978921175003052e-02
2.153884619474411011e-01
8.532482981681823730e-01
4.169363379478454590e-01
3.641267418861389160e-01
3.863811492919921875e-01
8.315571397542953491e-02
3.116321265697479248e-01
7.316224277019500732e-02
6.561505049467086792e-02
4.056057333946228027e-01
8.014906644821166992e-01
9.067788720130920410e-02
8.545764684677124023e-01
5.654596686363220215e-01
5.381358042359352112e-02
8.487329483032226562e-01
2.223550677299499512e-01
1.487406343221664429e-01
7.249823212623596191e-02
6.665381789207458496e-02
1.149535328149795532e-01
1.507991552352905273e-01
1.330031603574752808e-01
1.260087043046951294e-01
6.788150668144226074e-01
2.575020194053649902e-01
5.470732450485229492e-01
8.489853888750076294e-02
8.568169474601745605e-01
1.507991552352905273e-01
8.320842385292053223e-01
2.276546657085418701e-01
6.203090548515319824e-01
5.659062042832374573e-02
2.502436339855194092e-01
6.262714862823486328e-01
4.804773256182670593e-02
4.780440405011177063e-02
1.314672827720642090e-01
8.089579939842224121e-01
2.155502736568450928e-01
8.249313235282897949e-01
8.630959391593933105e-01
8.090761303901672363e-01
5.070752277970314026e-02
8.658688068389892578e-01
9.806855022907257080e-02
1.614259779453277588e-01
5.674149468541145325e-02
2.527867853641510010e-01
6.509984731674194336e-01
2.827928364276885986e-01
4.826812073588371277e-02
6.612333059310913086e-01
4.801684319972991943e-01
7.336652278900146484e-01
7.091042399406433105e-02
8.601362109184265137e-01
8.704987168312072754e-01
8.142383694648742676e-01
1.550762802362442017e-01
1.212831437587738037e-01
1.332920789718627930e-01
8.283705115318298340e-01
6.685704588890075684e-01
2.067700922489166260e-01
5.561341047286987305e-01
4.243654310703277588e-01
8.634389638900756836e-01
9.733072668313980103e-02
8.218051195144653320e-01
8.633277416229248047e-01
3.234884142875671387e-01
7.610221505165100098e-01
8.625921010971069336e-01
2.399278730154037476e-01
2.573147714138031006e-01
8.217784166336059570e-01
1.507991552352905273e-01
7.340685725212097168e-01
1.381279230117797852e-01
2.769212722778320312e-01
1.183746308088302612e-01
8.151152729988098145e-02
8.643736243247985840e-01
1.063360646367073059e-01
6.635694503784179688e-01
5.395975112915039062e-01
1.507991552352905273e-01
1.223101019859313965e-01
8.849678933620452881e-02
1.067990586161613464e-01
9.448794275522232056e-02
3.697201013565063477e-01
7.478462457656860352e-01
3.314545452594757080e-01
7.015779614448547363e-01
1.158886104822158813e-01
8.339666128158569336e-01
6.501786112785339355e-01
7.411939650774002075e-02
3.010300993919372559e-01
4.366857707500457764e-01
1.773761510848999023e-01
1.862808763980865479e-01
8.525117486715316772e-02
8.171898126602172852e-01
8.490211963653564453e-01
8.022925257682800293e-01
5.168953537940979004e-01
2.997885048389434814e-01
7.388693690299987793e-01
9.275914728641510010e-02
8.535873293876647949e-01
1.612058728933334351e-01
7.738865017890930176e-01
6.568472087383270264e-02
1.228706762194633484e-01
8.656942248344421387e-01
3.017778396606445312e-01
6.281549930572509766e-01
5.113672614097595215e-01
2.881683409214019775e-01
5.856177583336830139e-02
1.017258986830711365e-01
3.449214994907379150e-01
1.290132701396942139e-01
1.299847513437271118e-01
6.845756173133850098e-01
6.007038354873657227e-01
4.149490296840667725e-01
1.665437817573547363e-01
5.788783729076385498e-02
1.987219005823135376e-01
7.499372959136962891e-01
2.394112497568130493e-01
1.088087484240531921e-01
8.571897745132446289e-01
5.577865242958068848e-01
3.728555142879486084e-01
7.071059942245483398e-02
8.868119120597839355e-02
7.242035865783691406e-02
7.940519601106643677e-02
6.199544668197631836e-01
8.505301475524902344e-01
5.744535326957702637e-01
4.776061773300170898e-01
1.181624308228492737e-01
9.132660925388336182e-02
3.015965521335601807e-01
5.171466469764709473e-01
4.289373159408569336e-01
8.696421980857849121e-01
7.831962108612060547e-01
1.826726794242858887e-01
2.578870058059692383e-01
8.036018013954162598e-01
2.209005951881408691e-01
3.094047009944915771e-01
8.635941147804260254e-01
3.791623711585998535e-01
4.589696228504180908e-01
1.483272165060043335e-01
6.801687180995941162e-02
1.266309022903442383e-01
7.396057993173599243e-02
5.403167009353637695e-02
1.507991552352905273e-01
3.027223348617553711e-01
6.942176073789596558e-02
4.439755082130432129e-01
7.897443771362304688e-01
3.421818017959594727e-01
6.817297637462615967e-02
1.263102293014526367e-01
2.644591629505157471e-01
7.203554362058639526e-02
1.398791372776031494e-01
7.286775708198547363e-01
3.489949703216552734e-01
8.371556997299194336e-01
6.517063826322555542e-02
1.979529112577438354e-01
4.295617043972015381e-01
3.561553359031677246e-01
5.899123549461364746e-01
1.089647412300109863e-01
5.503213778138160706e-02
4.213033989071846008e-02
8.052957803010940552e-02
5.005879402160644531e-01
6.860642880201339722e-02
7.049106955528259277e-01
2.136702388525009155e-01
2.053125947713851929e-01
4.584843814373016357e-01
9.001959115266799927e-02
5.371943712234497070e-01
1.983491331338882446e-01
8.043516427278518677e-02
8.133567571640014648e-01
4.254499077796936035e-01
6.234631538391113281e-01
8.037946224212646484e-01
2.266212850809097290e-01
1.507991552352905273e-01
6.357304453849792480e-01
1.238404288887977600e-01
1.131187751889228821e-01
2.333120554685592651e-01
8.529828488826751709e-02
9.515932202339172363e-02
1.822114139795303345e-01
9.473183006048202515e-02
8.317757248878479004e-01
9.666585177183151245e-02
6.710796803236007690e-02
4.823307320475578308e-02
8.488048315048217773e-01
6.360930204391479492e-01
1.645707190036773682e-01
1.519502550363540649e-01
4.681185185909271240e-01
3.955900371074676514e-01
2.125970870256423950e-01
6.717696785926818848e-01
4.485519602894783020e-02
1.346293091773986816e-01
7.836826145648956299e-02
6.255783140659332275e-02
9.241561591625213623e-02
9.983684867620468140e-02
5.976725816726684570e-01
2.989943325519561768e-01
7.025671601295471191e-01
1.497659981250762939e-01
2.703304290771484375e-01
9.084767103195190430e-02
8.423506617546081543e-01
5.495359301567077637e-01
5.651505589485168457e-01
7.810716629028320312e-01
3.299021124839782715e-01
5.999138355255126953e-01
3.158903419971466064e-01
1.698651909828186035e-01
5.921790748834609985e-02
5.361775681376457214e-02
4.889530837535858154e-01
5.052529573440551758e-01
8.215465545654296875e-01
5.614988133311271667e-02
4.802700579166412354e-01
1.507991552352905273e-01
7.972634583711624146e-02
9.299424290657043457e-02
6.792008131742477417e-02
5.870106816291809082e-01
7.072897553443908691e-01
4.684121161699295044e-02
6.002473831176757812e-02
5.122304558753967285e-01
6.864367425441741943e-02
1.507991552352905273e-01
4.414310455322265625e-01
1.180960461497306824e-01
6.907480955123901367e-02
8.635755628347396851e-02
8.004782199859619141e-01
5.779018402099609375e-01
1.437071114778518677e-01
5.439128726720809937e-02
8.017388731241226196e-02
1.389032304286956787e-01
6.222137212753295898e-01
4.195492863655090332e-01
2.340478897094726562e-01
7.534760981798171997e-02
1.102954894304275513e-01
7.231707572937011719e-01
6.648068130016326904e-02
2.660464942455291748e-01
5.703224986791610718e-02
8.228995203971862793e-01
8.790214359760284424e-02
5.543240532279014587e-02
2.754541635513305664e-01
7.542296051979064941e-01
6.552147865295410156e-01
5.762786418199539185e-02
6.954894959926605225e-02
5.043156743049621582e-01
4.323864579200744629e-01
1.611939817667007446e-01
8.863077312707901001e-02
1.919826120138168335e-01
3.806773722171783447e-01
1.136799827218055725e-01
7.829973101615905762e-02
1.968665122985839844e-01
7.544825226068496704e-02
7.923819869756698608e-02
8.736051917076110840e-01
7.864196896553039551e-01
9.694786369800567627e-02
8.374201655387878418e-01
2.469204813241958618e-01
5.735567808151245117e-01
9.545800089836120605e-02
8.315573334693908691e-01
2.577666044235229492e-01
6.841087341308593750e-02
8.565826416015625000e-01
8.490337729454040527e-01
4.520102143287658691e-01
4.055397585034370422e-02
3.827567100524902344e-01
3.222642838954925537e-01
9.185265749692916870e-02
6.419613957405090332e-01
5.322182178497314453e-02
1.102920770645141602e-01
1.891767084598541260e-01
8.769889920949935913e-02
8.052400499582290649e-02
4.250880181789398193e-01
5.863381922245025635e-02
6.189324259757995605e-01
1.619574278593063354e-01
5.586231946945190430e-01
7.159209847450256348e-01
2.296831607818603516e-01
3.829273283481597900e-01
1.497610956430435181e-01
9.511882066726684570e-02
1.339212059974670410e-01
8.565638065338134766e-01
1.394358575344085693e-01
6.427088975906372070e-01
8.634089231491088867e-01
3.599763512611389160e-01
6.919302791357040405e-02
6.600852012634277344e-01
1.815249621868133545e-01
7.788340449333190918e-01
6.343466788530349731e-02
2.371754199266433716e-01
2.561400532722473145e-01
8.525944948196411133e-01
2.994789481163024902e-01
5.748735070228576660e-01
1.507991552352905273e-01
1.150230094790458679e-01
7.601906657218933105e-01
1.710823476314544678e-01
1.014041528105735779e-01
3.836629688739776611e-01
4.582698643207550049e-01
1.950070410966873169e-01
5.300306081771850586e-01
4.834381937980651855e-01
1.247132197022438049e-01
3.867811858654022217e-01
8.656513094902038574e-01
8.395734429359436035e-02
4.937626123428344727e-01
1.662977039813995361e-01
2.510445713996887207e-01
1.396400779485702515e-01
8.683735877275466919e-02
6.347692012786865234e-01
2.830046117305755615e-01
6.061519384384155273e-01
6.808176636695861816e-01
8.535422682762145996e-01
8.662077784538269043e-01
8.691207766532897949e-01
5.671726539731025696e-02
3.528403639793395996e-01
5.398169159889221191e-01
4.070374667644500732e-01
8.654788732528686523e-01
2.712247669696807861e-01
3.036917150020599365e-01
1.326631903648376465e-01
2.009327113628387451e-01
8.635179400444030762e-01
4.664661735296249390e-02
8.872515708208084106e-02
8.617739677429199219e-01
5.810311064124107361e-02
8.245529234409332275e-02
4.099184870719909668e-01
1.894354522228240967e-01
8.637776970863342285e-01
5.732388049364089966e-02
8.319695293903350830e-02
8.907318860292434692e-02
8.499212265014648438e-01
8.649472594261169434e-01
5.183054506778717041e-02
8.529240489006042480e-01
7.380683720111846924e-02
7.231325507164001465e-01
2.968745231628417969e-01
7.592231035232543945e-01
3.753912150859832764e-01
8.737165480852127075e-02
2.812450528144836426e-01
8.217855691909790039e-01
5.573238059878349304e-02
6.120536103844642639e-02
6.434206366539001465e-01
6.437909603118896484e-02
1.643981635570526123e-01
3.431225121021270752e-01
4.330421388149261475e-01
5.211383476853370667e-02
7.302352190017700195e-01
3.603291511535644531e-01
2.762657701969146729e-01
6.289134174585342407e-02
2.656594514846801758e-01
8.677818179130554199e-01
7.010439634323120117e-01
8.818314671516418457e-01
5.115707516670227051e-01
5.617113113403320312e-01
1.494279652833938599e-01
4.801949262619018555e-01
1.046221926808357239e-01
8.277003467082977295e-02
5.493198335170745850e-02
7.724633812904357910e-01
8.338662981986999512e-01
8.363664746284484863e-01
2.075017392635345459e-01
3.554248809814453125e-01
9.344028681516647339e-02
1.026774123311042786e-01
8.450408577919006348e-01
7.514727711677551270e-01
9.272459894418716431e-02
9.294895827770233154e-02
5.094603076577186584e-02
5.148430168628692627e-02
2.067890912294387817e-01
8.660532236099243164e-01
4.768429100513458252e-01
4.961420968174934387e-02
2.743997573852539062e-01
4.283325970172882080e-01
6.058048009872436523e-01
8.426820486783981323e-02
5.109861493110656738e-01
5.217809677124023438e-01
8.008916378021240234e-01
8.743672072887420654e-02
8.646963536739349365e-02
2.319995462894439697e-01
1.921822279691696167e-01
4.047956466674804688e-01
5.140372365713119507e-02
6.245176196098327637e-01
8.477911949157714844e-01
7.537274956703186035e-01
4.562095701694488525e-01
1.507991552352905273e-01
7.240662723779678345e-02
8.229501247406005859e-01
5.530878901481628418e-01
2.682942152023315430e-01
4.656591713428497314e-01
8.185341954231262207e-01
1.366348415613174438e-01
6.736801564693450928e-02
5.635878071188926697e-02
4.190542697906494141e-01
2.196849137544631958e-01
4.299199953675270081e-02
3.980051577091217041e-01
5.105211734771728516e-01
2.105998396873474121e-01
4.689440429210662842e-01
4.468742907047271729e-01
1.746112406253814697e-01
5.534307286143302917e-02
9.321004152297973633e-02
6.760905385017395020e-01
8.415293693542480469e-01
6.112168356776237488e-02
8.669843673706054688e-01
8.208617568016052246e-01
8.280524015426635742e-01
2.860107123851776123e-01
6.944380998611450195e-01
6.253168731927871704e-02
2.840308248996734619e-01
7.955218553543090820e-01
8.062672615051269531e-01
7.693149447441101074e-01
8.909226953983306885e-02
1.958539336919784546e-01
4.204592108726501465e-01
7.516978383064270020e-01
2.611977159976959229e-01
2.890871465206146240e-01
5.988782048225402832e-01
3.537749946117401123e-01
5.147063136100769043e-01
1.868266761302947998e-01
5.702085494995117188e-01
2.292534112930297852e-01
3.838106393814086914e-01
4.624689519405364990e-01
5.497067570686340332e-01
5.991912260651588440e-02
4.900406599044799805e-01
4.824633151292800903e-02
4.417942464351654053e-01
6.808966994285583496e-01
6.803923845291137695e-02
9.825632721185684204e-02
7.255338132381439209e-02
4.761800765991210938e-01
8.663004040718078613e-01
4.233907461166381836e-01
8.024817109107971191e-01
5.134448781609535217e-02
6.028272956609725952e-02
9.592685848474502563e-02
8.685129880905151367e-01
2.168958336114883423e-01
7.231300473213195801e-01
6.758810281753540039e-01
1.775204539299011230e-01
1.027678549289703369e-01
4.963441565632820129e-02
4.944728910923004150e-01
8.572551012039184570e-01
7.500935345888137817e-02
7.307098805904388428e-02
8.443456888198852539e-01
1.038035452365875244e-01
6.224505603313446045e-02
2.893886268138885498e-01
8.934392780065536499e-02
1.256905049085617065e-01
3.301134407520294189e-01
3.471983969211578369e-01
4.745404422283172607e-02
1.593136340379714966e-01
1.160076558589935303e-01
1.507991552352905273e-01
6.836791038513183594e-01
3.090252876281738281e-01
1.408200263977050781e-01
1.342897415161132812e-01
5.954075977206230164e-02
1.282816976308822632e-01
1.678174436092376709e-01
1.332470774650573730e-01
1.491749733686447144e-01
9.585463255643844604e-02
1.767799556255340576e-01
8.676421642303466797e-01
2.177456617355346680e-01
3.163617253303527832e-01
1.109934747219085693e-01
6.634637713432312012e-01
2.521464228630065918e-01
1.234976276755332947e-01
3.218798637390136719e-01
8.658167719841003418e-01
9.484487771987915039e-02
2.652541995048522949e-01
6.128823384642601013e-02
1.197905763983726501e-01
9.770345687866210938e-02
8.026952147483825684e-01
1.397662013769149780e-01
1.917965710163116455e-01
8.631407618522644043e-01
1.419873088598251343e-01
5.440633296966552734e-01
3.809156417846679688e-01
1.095735132694244385e-01
7.863286137580871582e-01
1.676984429359436035e-01
5.388472601771354675e-02
8.579114675521850586e-01
6.705179810523986816e-01
8.221491575241088867e-01
2.623360455036163330e-01
6.361673772335052490e-02
2.668197154998779297e-01
1.748668253421783447e-01
1.782709360122680664e-01
4.132711589336395264e-01
6.631250679492950439e-02
7.452075928449630737e-02
4.032629430294036865e-01
1.250464022159576416e-01
8.243321180343627930e-01
4.537810385227203369e-01
6.223814487457275391e-01
7.184590399265289307e-02
7.318577170372009277e-01
8.583520650863647461e-01
2.130625844001770020e-01
8.528898358345031738e-01
6.771587133407592773e-01
4.537040591239929199e-01
7.361447811126708984e-02
8.263675570487976074e-01
4.357585310935974121e-01
6.194771081209182739e-02
8.108711242675781250e-01
2.834717929363250732e-01
8.322653174400329590e-01
6.920431554317474365e-02
5.828490853309631348e-01
4.302217364311218262e-01
3.217889368534088135e-01
5.308656096458435059e-01
8.644675612449645996e-01
1.805870085954666138e-01
2.340667098760604858e-01
4.123156145215034485e-02
8.632079958915710449e-01
6.971239298582077026e-02
5.197217687964439392e-02
8.409433364868164062e-01
8.316043019294738770e-01
3.416135609149932861e-01
5.969931557774543762e-02
7.054422497749328613e-01
4.924902319908142090e-01
8.663437366485595703e-01
1.603828221559524536e-01
7.653859853744506836e-01
4.366773366928100586e-02
6.379516124725341797e-01
6.734316796064376831e-02
6.568114757537841797e-01
8.850117772817611694e-02
7.784332036972045898e-01
5.024737119674682617e-01
2.080035954713821411e-01
1.697827875614166260e-01
2.434389740228652954e-01
6.650013923645019531e-01
8.598874807357788086e-01
3.159469366073608398e-01
4.928347766399383545e-01
7.372801005840301514e-02
5.141907334327697754e-01
8.560779094696044922e-01
6.921976804733276367e-01
2.022667229175567627e-01
2.136652767658233643e-01
7.078785449266433716e-02
3.244668543338775635e-01
2.933900654315948486e-01
2.450928241014480591e-01
8.687326312065124512e-01
1.570777595043182373e-01
7.409082651138305664e-01
6.460221111774444580e-02
7.497521638870239258e-01
6.599693000316619873e-02
1.997813880443572998e-01
9.343655407428741455e-02
5.557688698172569275e-02
9.952223300933837891e-02
8.618898987770080566e-01
8.095547556877136230e-01
4.699065387248992920e-01
6.072238460183143616e-02
7.756268382072448730e-01
8.524503111839294434e-01
7.605763077735900879e-01
8.639765530824661255e-02
1.516220867633819580e-01
8.512601852416992188e-01
8.067891001701354980e-01
6.820112466812133789e-01
1.394139379262924194e-01
8.670662045478820801e-01
7.997519969940185547e-01
3.547097742557525635e-01
8.546086549758911133e-01
5.881413221359252930e-01
6.723571568727493286e-02
6.119298934936523438e-01
1.450869292020797729e-01
7.961259484291076660e-01
2.966708540916442871e-01
5.938690304756164551e-01
7.065641880035400391e-01
8.948350697755813599e-02
7.509396076202392578e-01
8.050217032432556152e-01
8.537463545799255371e-01
6.685793399810791016e-02
5.631366968154907227e-01
7.390023469924926758e-01
1.809534430503845215e-01
5.725135803222656250e-01
1.569742709398269653e-01
3.543344140052795410e-01
6.976335048675537109e-01
8.483063578605651855e-01
1.186479702591896057e-01
1.507991552352905273e-01
1.507991552352905273e-01
5.553351715207099915e-02
3.545778691768646240e-01
1.811393946409225464e-01
8.057037591934204102e-01
2.684944272041320801e-01
6.546481698751449585e-02
5.539716482162475586e-01
4.170109331607818604e-01
1.070294529199600220e-01
2.699726223945617676e-01
7.338078320026397705e-02
8.077816963195800781e-01
7.592917084693908691e-01
6.644732505083084106e-02
4.252351522445678711e-01
5.564691126346588135e-02
4.450485408306121826e-01
7.378205657005310059e-02
6.743385642766952515e-02
8.494241535663604736e-02
6.125605478882789612e-02
1.867658793926239014e-01
1.796504706144332886e-01
7.205188274383544922e-02
1.082300469279289246e-01
1.130762025713920593e-01
4.131382107734680176e-01
3.581432700157165527e-01
6.089861690998077393e-02
9.462954849004745483e-02
7.896881699562072754e-01
6.745792627334594727e-01
6.794583797454833984e-02
8.253418803215026855e-01
8.230898380279541016e-01
2.315925359725952148e-01
9.631128609180450439e-02
2.557306289672851562e-01
5.670639500021934509e-02
1.132734566926956177e-01
3.268444836139678955e-01
2.515196800231933594e-01
5.445328950881958008e-01
8.134474158287048340e-01
7.437656521797180176e-01
1.083405539393424988e-01
4.355131089687347412e-01
1.316481530666351318e-01
3.715969026088714600e-01
5.327897071838378906e-01
2.016058862209320068e-01
6.772465109825134277e-01
2.616983056068420410e-01
8.703107833862304688e-01
1.129489615559577942e-01
1.620793044567108154e-01
8.211210370063781738e-01
7.249734997749328613e-01
6.290556192398071289e-01
7.832885980606079102e-01
5.383707284927368164e-01
2.005915194749832153e-01
8.350990414619445801e-01
8.347122073173522949e-01
9.954431653022766113e-02
8.264364004135131836e-01
8.152247220277786255e-02
8.446723222732543945e-01
6.195279359817504883e-01
5.267284438014030457e-02
5.334417149424552917e-02
5.322573184967041016e-01
3.168369829654693604e-01
5.986708030104637146e-02
1.344092637300491333e-01
8.690586090087890625e-01
9.213416278362274170e-02
5.608801543712615967e-02
1.045656204223632812e-01
2.451429069042205811e-01
3.081430196762084961e-01
8.013764768838882446e-02
2.793157696723937988e-01
4.781805723905563354e-02
4.696846306324005127e-01
3.527902960777282715e-01
6.798676848411560059e-01
7.625904679298400879e-01
8.397129178047180176e-01
7.035646587610244751e-02
8.626206219196319580e-02
7.937352061271667480e-01
7.452916502952575684e-01
6.933067739009857178e-02
5.137665867805480957e-01
5.187773108482360840e-01
5.088034644722938538e-02
8.660145401954650879e-01
1.217389479279518127e-01
1.023943424224853516e-01
6.350930035114288330e-02
4.711090922355651855e-01
1.688838601112365723e-01
8.667844533920288086e-01
1.362889409065246582e-01
4.192383885383605957e-01
1.300436407327651978e-01
5.304464697837829590e-01
3.563675880432128906e-01
5.767702460289001465e-01
4.131754338741302490e-01
2.390780001878738403e-01
6.330119818449020386e-02
1.931854933500289917e-01
1.507991552352905273e-01
4.969771206378936768e-01
7.364822179079055786e-02
8.568100929260253906e-01
7.822605967521667480e-01
1.073534861207008362e-01
