3.626758232712745667e-02
9.083095788955688477e-01
3.671695291996002197e-02
8.822106122970581055e-01
3.626892715692520142e-02
3.634425252676010132e-02
6.513915061950683594e-01
4.580770730972290039e-01
9.360711574554443359e-01
3.927117958664894104e-02
4.213303327560424805e-01
1.949400007724761963e-01
8.900445103645324707e-01
5.589574575424194336e-01
1.395701617002487183e-01
5.495977401733398438e-01
3.642620518803596497e-02
6.795878410339355469e-01
9.548029899597167969e-01
5.109507441520690918e-01
8.656163215637207031e-01
5.410157442092895508e-01
3.644027188420295715e-02
3.618710488080978394e-02
3.237433135509490967e-01
4.048106819391250610e-02
7.582114338874816895e-01
3.180634379386901855e-01
5.314950346946716309e-01
3.117668926715850830e-01
2.067314088344573975e-01
3.503954038023948669e-02
9.364770054817199707e-01
3.615605086088180542e-02
1.917941421270370483e-01
7.044198364019393921e-02
5.939074754714965820e-01
2.463406324386596680e-01
4.067582488059997559e-01
9.281534552574157715e-01
1.105595976114273071e-01
3.705047816038131714e-02
3.646298870444297791e-02
4.570196196436882019e-02
8.577620983123779297e-02
1.117674708366394043e-01
5.854200124740600586e-01
3.634738326072692871e-01
3.553163260221481323e-02
9.345490932464599609e-01
5.578552559018135071e-02
3.566801175475120544e-02
2.777490019798278809e-01
1.410543620586395264e-01
3.840504959225654602e-02
3.646691516041755676e-02
8.214545249938964844e-01
3.637100011110305786e-02
3.622976318001747131e-02
5.987220257520675659e-02
1.031763106584548950e-01
3.429050445556640625e-01
1.182791069149971008e-01
3.651894629001617432e-02
3.630925342440605164e-02
3.645533323287963867e-02
3.596961125731468201e-02
3.702059015631675720e-02
1.376024186611175537e-01
1.300890296697616577e-01
3.646865114569664001e-02
5.865312218666076660e-01
7.340354919433593750e-01
2.510620653629302979e-01
1.777963340282440186e-01
3.626858815550804138e-02
6.816187500953674316e-02
3.501319140195846558e-02
3.670723363757133484e-02
3.648019582033157349e-02
9.385561943054199219e-01
9.247390031814575195e-01
9.114122390747070312e-01
6.216374635696411133e-01
9.233351349830627441e-01
4.815163016319274902e-01
3.655711188912391663e-02
3.686981275677680969e-02
7.976753711700439453e-01
1.366940587759017944e-01
7.772647738456726074e-01
3.617602214217185974e-02
3.641844168305397034e-02
5.678998231887817383e-01
2.100784480571746826e-01
7.073825597763061523e-01
5.502169132232666016e-01
9.429476857185363770e-01
3.633461892604827881e-02
7.822810113430023193e-02
5.915164351463317871e-01
3.684466704726219177e-02
3.985645771026611328e-01
3.559738099575042725e-01
3.423897027969360352e-01
2.605188786983489990e-01
3.762649372220039368e-02
7.776248455047607422e-01
4.224560260772705078e-01
4.234828054904937744e-01
3.895624279975891113e-01
3.615445271134376526e-02
3.627796843647956848e-02
8.564358949661254883e-01
3.720919042825698853e-02
3.655977547168731689e-02
9.381945729255676270e-01
3.627239167690277100e-02
3.798343986272811890e-02
8.130507469177246094e-01
3.570101782679557800e-02
3.620328754186630249e-02
3.681878000497817993e-02
6.455616950988769531e-01
9.396759271621704102e-01
5.137471482157707214e-02
3.630404174327850342e-02
9.746402502059936523e-02
4.100737348198890686e-02
3.616759926080703735e-02
9.538748264312744141e-01
3.779878839850425720e-02
9.321265816688537598e-01
1.230846643447875977e-01
3.664299473166465759e-02
5.571636557579040527e-01
9.249258041381835938e-01
1.282414048910140991e-01
5.761569738388061523e-01
3.473312035202980042e-02
8.986987471580505371e-01
8.459857702255249023e-01
5.985043048858642578e-01
4.111119210720062256e-01
4.032550454139709473e-01
3.629198670387268066e-02
6.799322366714477539e-01
4.076472222805023193e-01
7.798836827278137207e-01
5.493324622511863708e-02
3.647621721029281616e-02
1.927478909492492676e-01
3.680745884776115417e-02
1.041082888841629028e-01
4.556655138731002808e-02
5.653508380055427551e-02
3.571087121963500977e-01
2.290268391370773315e-01
3.662258386611938477e-01
7.281864881515502930e-01
3.717219531536102295e-01
6.574323773384094238e-01
4.839573055505752563e-02
1.226317360997200012e-01
9.009574055671691895e-01
5.239704251289367676e-01
2.318997979164123535e-01
4.478940665721893311e-01
3.666369616985321045e-02
1.024330481886863708e-01
3.643276914954185486e-02
3.651160374283790588e-02
3.751416206359863281e-01
5.587047934532165527e-01
3.640348464250564575e-02
9.229875206947326660e-01
6.013472080230712891e-01
3.584711626172065735e-02
9.580749273300170898e-01
3.979723528027534485e-02
4.816898703575134277e-02
3.749084845185279846e-02
3.678786009550094604e-02
5.348527431488037109e-02
1.415427327156066895e-01
3.659158200025558472e-02
3.980038315057754517e-02
4.587832689285278320e-01
6.138153746724128723e-02
4.255008995532989502e-01
3.645035251975059509e-02
6.360180974006652832e-01
1.415427327156066895e-01
8.389388322830200195e-01
4.135752469301223755e-02
5.085479617118835449e-01
3.545658290386199951e-02
2.958435714244842529e-01
3.228542506694793701e-01
3.337039425969123840e-02
3.629650175571441650e-02
1.607820093631744385e-01
9.236514568328857422e-01
4.858600720763206482e-02
6.011151075363159180e-01
9.585841298103332520e-01
3.684440255165100098e-01
3.710038214921951294e-02
9.590128064155578613e-01
2.502025663852691650e-01
3.695575892925262451e-02
3.528388589620590210e-02
3.702358901500701904e-02
6.310719251632690430e-01
1.122771278023719788e-01
3.565023094415664673e-02
7.492825984954833984e-01
3.913837671279907227e-01
7.910629510879516602e-01
4.495467245578765869e-02
8.622485995292663574e-01
9.549172520637512207e-01
6.159093976020812988e-01
7.727661728858947754e-02
4.447868838906288147e-02
3.629873692989349365e-02
7.160542011260986328e-01
6.095598340034484863e-01
3.662133589386940002e-02
5.989060997962951660e-01
4.947413206100463867e-01
9.506319165229797363e-01
3.757656365633010864e-02
8.797313570976257324e-01
9.350231885910034180e-01
1.038138046860694885e-01
5.460850596427917480e-01
9.513710737228393555e-01
1.616506725549697876e-01
1.015612632036209106e-01
9.311023950576782227e-01
1.415427327156066895e-01
8.512870073318481445e-01
7.518754154443740845e-02
5.518883466720581055e-01
7.088537514209747314e-02
3.635442256927490234e-02
9.659891128540039062e-01
3.693565353751182556e-02
8.020963072776794434e-01
1.086055636405944824e-01
1.415427327156066895e-01
4.006629064679145813e-02
3.627542406320571899e-02
3.608685359358787537e-02
3.671526908874511719e-02
1.929734051227569580e-01
7.466560006141662598e-01
3.473775088787078857e-01
8.764545917510986328e-01
3.595498949289321899e-02
4.596772193908691406e-01
4.784020781517028809e-01
3.651206940412521362e-02
3.588918149471282959e-01
5.026941299438476562e-01
5.032703280448913574e-02
6.534371972084045410e-01
3.711920976638793945e-02
6.157276630401611328e-01
9.420803189277648926e-01
9.273326992988586426e-01
2.780612707138061523e-01
2.803790569305419922e-01
6.655575633049011230e-01
4.950078949332237244e-02
8.012064695358276367e-01
3.686098381876945496e-02
9.507465362548828125e-01
3.667465597391128540e-02
3.811663761734962463e-02
8.786153197288513184e-01
1.881200224161148071e-01
2.277600616216659546e-01
3.769641816616058350e-01
4.779699146747589111e-01
3.623579069972038269e-02
5.794049426913261414e-02
6.184096336364746094e-01
8.037748932838439941e-02
9.778872132301330566e-02
6.504316329956054688e-01
6.051394939422607422e-01
3.354838192462921143e-01
3.575814366340637207e-01
3.560406714677810669e-02
2.301571369171142578e-01
8.174999356269836426e-01
5.700205564498901367e-01
3.627794235944747925e-02
9.527628421783447266e-01
6.082885265350341797e-01
3.203968107700347900e-01
3.632081672549247742e-02
2.486902922391891479e-01
3.617963939905166626e-02
1.294062733650207520e-01
3.755360245704650879e-01
9.421790242195129395e-01
6.417137384414672852e-01
7.053398340940475464e-02
4.441995173692703247e-02
3.766272962093353271e-02
4.373504966497421265e-02
5.461838841438293457e-01
3.445141911506652832e-01
9.410818815231323242e-01
8.186430931091308594e-01
1.282931715250015259e-01
3.572978824377059937e-02
5.781669616699218750e-01
2.837609946727752686e-01
5.713660120964050293e-01
9.473703503608703613e-01
7.807711511850357056e-02
6.298897862434387207e-01
3.708664327859878540e-02
3.443383425474166870e-02
4.307344183325767517e-02
3.653414547443389893e-02
3.514142706990242004e-02
1.415427327156066895e-01
9.326174110174179077e-02
6.218169257044792175e-02
1.112868189811706543e-01
9.226338267326354980e-01
5.608416348695755005e-02
3.651670366525650024e-02
1.853298842906951904e-01
7.457187771797180176e-02
3.619941323995590210e-02
1.088582575321197510e-01
6.180469393730163574e-01
2.079290896654129028e-01
8.579550981521606445e-01
3.658047318458557129e-02
6.916934996843338013e-02
6.053839921951293945e-01
2.004971504211425781e-01
6.151102781295776367e-01
3.893832862377166748e-02
3.657004982233047485e-02
3.646366670727729797e-02
3.643746301531791687e-02
2.081635892391204834e-01
3.722144663333892822e-02
7.992706298828125000e-01
2.529776692390441895e-01
1.384389996528625488e-01
2.573658227920532227e-01
9.145011007785797119e-02
4.791992902755737305e-01
1.414583623409271240e-01
1.425578743219375610e-01
7.585956454277038574e-01
5.203371047973632812e-01
3.740943670272827148e-01
9.479474425315856934e-01
1.447604447603225708e-01
1.415427327156066895e-01
6.339241266250610352e-01
4.475222155451774597e-02
4.000208899378776550e-02
3.995025902986526489e-02
3.604726493358612061e-02
3.643103688955307007e-02
1.826340705156326294e-01
3.614263236522674561e-02
9.553723931312561035e-01
3.640656173229217529e-02
3.616771474480628967e-02
3.498417884111404419e-02
8.474503755569458008e-01
7.238640785217285156e-01
4.133788496255874634e-02
1.784447580575942993e-01
5.748497247695922852e-01
4.369380772113800049e-01
1.529715210199356079e-01
4.150278568267822266e-01
3.556151315569877625e-02
3.631274402141571045e-02
3.649334609508514404e-02
3.623010963201522827e-02
3.713101148605346680e-02
5.536393448710441589e-02
7.637628912925720215e-01
3.359394967555999756e-01
6.469627022743225098e-01
3.351742327213287354e-01
3.635744452476501465e-01
3.642725571990013123e-02
9.126879572868347168e-01
8.661847710609436035e-01
5.878706574440002441e-01
6.188644170761108398e-01
3.676848486065864563e-02
4.397706687450408936e-01
3.873907029628753662e-01
1.627638190984725952e-01
3.612225130200386047e-02
3.638170287013053894e-02
4.981331527233123779e-01
7.441492080688476562e-01
8.913734555244445801e-01
3.595426306128501892e-02
2.659307718276977539e-01
1.415427327156066895e-01
5.172435566782951355e-02
3.711057081818580627e-02
3.605981171131134033e-02
6.206991076469421387e-01
4.384696185588836670e-01
3.571376204490661621e-02
3.714639320969581604e-02
4.136473536491394043e-01
3.622001409530639648e-02
1.415427327156066895e-01
2.851940691471099854e-01
3.625420108437538147e-02
3.832225501537322998e-02
3.417487815022468567e-02
7.129505276679992676e-01
4.178314507007598877e-01
5.798499286174774170e-02
3.558852523565292358e-02
3.851607143878936768e-01
3.746352344751358032e-02
6.912757754325866699e-01
6.273774802684783936e-02
1.783486604690551758e-01
3.322836756706237793e-02
3.652117028832435608e-02
6.016954183578491211e-01
3.702402859926223755e-02
3.452397584915161133e-01
3.527854382991790771e-02
8.329883217811584473e-01
3.663307428359985352e-02
3.540995717048645020e-02
2.035653740167617798e-01
6.857936382293701172e-01
5.205944180488586426e-01
3.643453493714332581e-02
3.639114275574684143e-02
3.659464418888092041e-01
3.430246710777282715e-01
5.863417685031890869e-02
3.626721724867820740e-02
1.701660007238388062e-01
3.720447123050689697e-01
4.654381424188613892e-02
3.627286106348037720e-02
3.685776144266128540e-02
3.594053909182548523e-02
4.231495782732963562e-02
9.400426745414733887e-01
9.986407309770584106e-02
9.717909246683120728e-02
9.637528657913208008e-01
4.827423989772796631e-01
5.685071945190429688e-01
5.594621598720550537e-02
8.518130183219909668e-01
5.257447957992553711e-01
4.568554461002349854e-02
8.722615242004394531e-01
9.390778541564941406e-01
8.089965581893920898e-02
3.348943218588829041e-02
4.428995251655578613e-01
1.445206850767135620e-01
3.741068020462989807e-02
8.224482536315917969e-01
3.591424599289894104e-02
3.648869693279266357e-02
4.336042404174804688e-01
3.644165024161338806e-02
3.779642656445503235e-02
1.502994596958160400e-01
3.646199777722358704e-02
2.444389164447784424e-01
3.648989275097846985e-02
5.586350560188293457e-01
5.814005136489868164e-01
4.473298788070678711e-02
2.792782187461853027e-01
1.502251923084259033e-01
6.647718697786331177e-02
3.655032813549041748e-02
9.399085640907287598e-01
3.702342882752418518e-02
5.449762344360351562e-01
9.559545516967773438e-01
2.016023546457290649e-01
3.654852509498596191e-02
5.135006904602050781e-01
4.789577797055244446e-02
5.380294322967529297e-01
3.571172058582305908e-02
3.671750724315643311e-01
4.313304722309112549e-01
8.819945454597473145e-01
4.065132737159729004e-01
4.943530559539794922e-01
1.415427327156066895e-01
3.890311345458030701e-02
5.774305388331413269e-02
1.268256455659866333e-01
3.825606778264045715e-02
5.039300918579101562e-01
6.489794254302978516e-01
8.075056225061416626e-02
6.617243289947509766e-01
7.785530686378479004e-01
5.837195366621017456e-02
4.338261783123016357e-01
9.362635016441345215e-01
3.634741529822349548e-02
3.932312726974487305e-01
3.778745606541633606e-02
4.707334190607070923e-02
3.667822852730751038e-02
6.906482577323913574e-02
6.745952367782592773e-01
7.502413392066955566e-01
3.644132241606712341e-02
6.972609162330627441e-01
7.486962676048278809e-01
9.547091126441955566e-01
9.614809751510620117e-01
3.619339689612388611e-02
3.674366474151611328e-01
5.486899614334106445e-01
3.881260156631469727e-01
9.269490242004394531e-01
3.939658775925636292e-02
5.281741023063659668e-01
2.255401015281677246e-01
1.001057848334312439e-01
9.259163737297058105e-01
3.489877656102180481e-02
9.510768204927444458e-02
9.270345568656921387e-01
3.637242689728736877e-02
3.623571619391441345e-02
5.686948299407958984e-01
1.067039743065834045e-01
9.606004953384399414e-01
3.256919234991073608e-02
3.629731014370918274e-02
3.675593435764312744e-02
9.066629409790039062e-01
9.510487914085388184e-01
3.571941703557968140e-02
9.349263310432434082e-01
3.546874970197677612e-02
6.930109858512878418e-01
2.043975591659545898e-01
7.301055192947387695e-01
6.603787541389465332e-01
3.641392290592193604e-02
1.732858121395111084e-01
6.740736961364746094e-01
3.480779379606246948e-02
3.638292476534843445e-02
7.585408687591552734e-01
3.731184452772140503e-02
1.014829203486442566e-01
5.471610426902770996e-01
3.797284662723541260e-01
3.666175156831741333e-02
5.943702459335327148e-01
4.891867563128471375e-02
2.066516280174255371e-01
3.602823987603187561e-02
3.484871387481689453e-01
9.373075366020202637e-01
7.705896496772766113e-01
8.538434505462646484e-01
3.355508148670196533e-01
7.039006352424621582e-01
6.176071986556053162e-02
3.752573430538177490e-01
3.651325404644012451e-02
3.660071641206741333e-02
3.461200371384620667e-02
9.131047129631042480e-01
8.455685973167419434e-01
8.934724926948547363e-01
1.823895126581192017e-01
5.660454630851745605e-01
3.632713109254837036e-02
3.614737838506698608e-02
9.233204126358032227e-01
4.524675011634826660e-01
3.660937026143074036e-02
3.653214499354362488e-02
4.061121493577957153e-02
3.638871759176254272e-02
2.772836983203887939e-01
9.301554560661315918e-01
4.892485737800598145e-01
3.613932058215141296e-02
3.720739483833312988e-02
6.051975488662719727e-01
7.484164237976074219e-01
3.620354086160659790e-02
3.737545013427734375e-01
5.526013374328613281e-01
8.881246447563171387e-01
4.190152883529663086e-02
3.625322133302688599e-02
1.407574713230133057e-01
5.486605167388916016e-01
4.303466677665710449e-01
3.832250833511352539e-02
5.003609061241149902e-01
9.594379663467407227e-01
8.113318085670471191e-01
1.413833200931549072e-01
1.415427327156066895e-01
3.654892742633819580e-02
4.465879499912261963e-01
6.737158894538879395e-01
1.912094503641128540e-01
1.985446363687515259e-01
4.100459516048431396e-01
3.643749654293060303e-02
3.628333657979965210e-02
3.658227995038032532e-02
4.990546703338623047e-01
5.755475163459777832e-02
3.543468937277793884e-02
4.756696820259094238e-01
7.324148416519165039e-01
3.880615830421447754e-01
4.136902689933776855e-01
5.659809708595275879e-01
4.886017441749572754e-01
3.823887184262275696e-02
3.642136976122856140e-02
8.075379133224487305e-01
9.371314048767089844e-01
3.471884131431579590e-02
9.440397620201110840e-01
9.584593772888183594e-01
8.841481804847717285e-01
3.242012262344360352e-01
8.627043366432189941e-01
3.569973632693290710e-02
1.223237141966819763e-01
8.638007044792175293e-01
6.867390871047973633e-01
8.625819087028503418e-01
7.945435494184494019e-02
1.653643846511840820e-01
3.889074027538299561e-01
6.906877160072326660e-01
1.258572936058044434e-01
1.587477475404739380e-01
5.149959325790405273e-01
6.041422486305236816e-01
4.898469746112823486e-01
3.635577857494354248e-02
5.186063051223754883e-01
3.736825287342071533e-02
3.381008505821228027e-01
2.903329730033874512e-01
8.810059428215026855e-01
3.657444939017295837e-02
5.179528594017028809e-01
3.488735109567642212e-02
2.497735321521759033e-01
8.438109159469604492e-01
3.665605932474136353e-02
3.634977340698242188e-02
3.649576008319854736e-02
4.430746734142303467e-01
8.737855553627014160e-01
6.577129960060119629e-01
9.214925169944763184e-01
3.533944487571716309e-02
3.605126217007637024e-02
3.620084375143051147e-02
9.430542588233947754e-01
1.015870273113250732e-01
5.625376701354980469e-01
8.336248993873596191e-01
1.818068921566009521e-01
3.651965409517288208e-02
3.936371207237243652e-02
3.031328320503234863e-01
9.472591876983642578e-01
3.638397157192230225e-02
3.534412011504173279e-02
9.462546706199645996e-01
6.103096902370452881e-02
3.654060140252113342e-02
5.646872520446777344e-02
3.648829832673072815e-02
1.918131858110427856e-01
4.140657782554626465e-01
8.714751154184341431e-02
3.729100897908210754e-02
5.514973402023315430e-02
4.034952074289321899e-02
1.415427327156066895e-01
5.652872920036315918e-01
6.768236756324768066e-01
1.066019386053085327e-01
3.684558346867561340e-02
3.610033169388771057e-02
3.588350862264633179e-02
2.231770157814025879e-01
4.360464587807655334e-02
2.814116775989532471e-01
4.136914387345314026e-02
2.130324542522430420e-01
9.640020728111267090e-01
7.489456981420516968e-02
3.737186640501022339e-02
3.650808706879615784e-02
6.850795745849609375e-01
2.760080695152282715e-01
5.160877108573913574e-02
4.727557301521301270e-01
9.448913931846618652e-01
3.622703999280929565e-02
1.017489433288574219e-01
3.580748662352561951e-02
3.758658468723297119e-02
3.649507462978363037e-02
7.837485671043395996e-01
1.308638006448745728e-01
2.797271311283111572e-01
9.470695853233337402e-01
6.209886670112609863e-01
3.639016449451446533e-01
4.080625176429748535e-01
9.117872267961502075e-02
6.397444009780883789e-01
3.578037396073341370e-02
3.619675710797309875e-02
9.564092159271240234e-01
2.513769865036010742e-01
8.622694611549377441e-01
3.005676269531250000e-01
3.544552624225616455e-02
1.423061341047286987e-01
3.659887984395027161e-02
3.707408905029296875e-02
5.532282590866088867e-01
3.537967801094055176e-02
3.593968227505683899e-02
6.860097050666809082e-01
3.640797734260559082e-02
9.155777692794799805e-01
3.726197183132171631e-01
6.061694622039794922e-01
3.650011494755744934e-02
6.606159210205078125e-01
6.177387237548828125e-01
4.475540295243263245e-02
9.333755373954772949e-01
7.088643908500671387e-01
6.626105904579162598e-01
3.605184704065322876e-02
9.484686851501464844e-01
3.314286768436431885e-01
3.589069470763206482e-02
9.294881224632263184e-01
5.549141168594360352e-01
9.109520912170410156e-01
3.607314452528953552e-02
4.325193762779235840e-01
2.789036631584167480e-01
5.082485079765319824e-01
3.830932974815368652e-01
9.511251449584960938e-01
1.616573035717010498e-01
6.186662316322326660e-01
3.507466614246368408e-02
8.986800909042358398e-01
4.763158783316612244e-02
3.618085011839866638e-02
9.416047334671020508e-01
8.890864253044128418e-01
2.969555556774139404e-01
3.577857464551925659e-02
6.617946624755859375e-01
4.892114102840423584e-01
9.395142793655395508e-01
3.915443718433380127e-01
9.421803951263427734e-01
3.539022058248519897e-02
5.506231784820556641e-01
3.418712690472602844e-02
4.307662248611450195e-01
3.637442737817764282e-02
2.843789458274841309e-01
6.826031208038330078e-01
3.735296428203582764e-02
3.340466022491455078e-01
1.835437715053558350e-01
2.812441587448120117e-01
8.991183638572692871e-01
6.454524993896484375e-01
2.323717176914215088e-01
3.628145903348922729e-02
5.259861946105957031e-01
8.906179666519165039e-01
8.087977766990661621e-01
1.251761466264724731e-01
4.520206898450851440e-02
3.945112600922584534e-02
2.553265988826751709e-01
3.608655557036399841e-02
2.183385193347930908e-01
9.644082188606262207e-01
3.670644760131835938e-02
5.525509119033813477e-01
1.044361442327499390e-01
8.588880300521850586e-01
5.581439658999443054e-02
1.733708232641220093e-01
4.888801276683807373e-02
3.644344955682754517e-02
7.165730744600296021e-02
9.132134318351745605e-01
7.348583936691284180e-01
2.985632419586181641e-01
3.684838861227035522e-02
8.173666000366210938e-01
9.346566796302795410e-01
6.622201800346374512e-01
3.642895072698593140e-02
2.230732738971710205e-01
7.410173416137695312e-01
7.583828568458557129e-01
5.023078322410583496e-01
8.525339514017105103e-02
9.608500599861145020e-01
7.972512245178222656e-01
5.008708238601684570e-01
9.513674378395080566e-01
5.260990262031555176e-01
3.668833523988723755e-02
6.485740542411804199e-01
2.098026871681213379e-01
7.691851854324340820e-01
3.679170832037925720e-02
8.085319399833679199e-01
6.214469671249389648e-01
4.257352277636528015e-02
7.172826528549194336e-01
8.141489624977111816e-01
8.904220461845397949e-01
3.610019013285636902e-02
4.039429724216461182e-01
8.814922571182250977e-01
2.724933922290802002e-01
4.629719853401184082e-01
3.771432936191558838e-01
6.696463823318481445e-01
6.591159105300903320e-01
8.518100380897521973e-01
4.872412607073783875e-02
1.415427327156066895e-01
1.415427327156066895e-01
3.627767413854598999e-02
1.750028580427169800e-01
1.338367164134979248e-01
6.497997641563415527e-01
2.210067510604858398e-01
3.596718236804008484e-02
6.307963728904724121e-01
6.523970961570739746e-01
7.512428611516952515e-02
5.436992049217224121e-01
3.795835748314857483e-02
8.905179500579833984e-01
5.760575532913208008e-01
3.613852337002754211e-02
2.368395924568176270e-01
3.645569831132888794e-02
4.210697114467620850e-01
2.092338800430297852e-01
3.676496446132659912e-02
3.626052662730216980e-02
3.639820963144302368e-02
1.311195939779281616e-01
3.808933869004249573e-02
3.037938289344310760e-02
5.306737497448921204e-02
1.021978780627250671e-01
5.414993762969970703e-01
2.915566563606262207e-01
3.639806807041168213e-02
3.648484125733375549e-02
5.789728760719299316e-01
4.224599897861480713e-01
3.667249158024787903e-02
9.584355950355529785e-01
6.545815467834472656e-01
1.778690218925476074e-01
4.082438722252845764e-02
3.752356395125389099e-02
3.580401837825775146e-02
3.457149863243103027e-02
8.111087679862976074e-01
3.352845832705497742e-02
6.494634747505187988e-01
1.893736720085144043e-01
7.601758837699890137e-01
1.293072402477264404e-01
4.151810109615325928e-01
3.649639338254928589e-02
1.803427934646606445e-01
7.236797213554382324e-01
2.527201175689697266e-01
7.306746840476989746e-01
1.716422587633132935e-01
9.642564654350280762e-01
3.563528135418891907e-02
4.678991436958312988e-01
9.546708464622497559e-01
3.311649262905120850e-01
9.300307631492614746e-01
8.179870843887329102e-01
7.147669196128845215e-01
3.657774999737739563e-02
8.590908646583557129e-01
9.482398033142089844e-01
1.750258058309555054e-01
9.138873815536499023e-01
3.658130392432212830e-02
7.321866154670715332e-01
8.475736975669860840e-01
3.626665100455284119e-02
3.575066104531288147e-02
4.063120782375335693e-01
1.094606742262840271e-01
3.623806312680244446e-02
4.716802015900611877e-02
9.550455212593078613e-01
3.646309301257133484e-02
3.651264309883117676e-02
3.629752248525619507e-02
3.571662679314613342e-02
7.955854386091232300e-02
3.554725646972656250e-02
3.608439117670059204e-02
3.593103215098381042e-02
3.302170336246490479e-01
4.109472632408142090e-01
6.971810460090637207e-01
6.289616823196411133e-01
9.038053750991821289e-01
7.522236555814743042e-02
3.682425990700721741e-02
3.922028839588165283e-01
7.724231481552124023e-01
3.603569418191909790e-02
4.666535854339599609e-01
5.372735857963562012e-01
3.470300883054733276e-02
9.552711844444274902e-01
3.556557372212409973e-02
3.839747980237007141e-02
3.611819073557853699e-02
7.077462673187255859e-01
1.749426573514938354e-01
5.216583609580993652e-01
3.709331154823303223e-02
1.548640727996826172e-01
3.635912761092185974e-02
2.708301246166229248e-01
4.493050575256347656e-01
1.379389613866806030e-01
2.966027259826660156e-01
3.720131516456604004e-02
3.553358465433120728e-02
4.804118722677230835e-02
1.415427327156066895e-01
5.570889115333557129e-01
3.744653984904289246e-02
8.167759180068969727e-01
9.342805743217468262e-01
4.382156208157539368e-02
