4.317778721451759338e-02
9.265949726104736328e-01
1.316567212343215942e-01
9.353781938552856445e-01
7.331899553537368774e-02
6.635837256908416748e-02
3.901769518852233887e-01
2.810642123222351074e-01
9.476745128631591797e-01
1.056735292077064514e-01
3.932340741157531738e-01
3.947070538997650146e-01
8.846157789230346680e-01
3.219710886478424072e-01
2.378889620304107666e-01
3.861294686794281006e-01
4.336244761943817139e-01
5.872582197189331055e-01
9.529418349266052246e-01
3.569207787513732910e-01
8.397883176803588867e-01
7.849501371383666992e-01
6.669964641332626343e-02
5.020103976130485535e-02
2.724231481552124023e-01
6.906196475028991699e-02
9.128211140632629395e-01
2.983375787734985352e-01
3.150347471237182617e-01
7.463620603084564209e-02
1.844113916158676147e-01
2.979313582181930542e-02
9.392132163047790527e-01
8.088432997465133667e-02
2.607624828815460205e-01
1.284593641757965088e-01
2.334094792604446411e-01
2.036065012216567993e-01
4.311126470565795898e-01
9.590302705764770508e-01
2.052160501480102539e-01
6.393904983997344971e-02
5.271648615598678589e-02
1.224790811538696289e-01
7.744868099689483643e-02
9.627147763967514038e-02
3.309397101402282715e-01
1.070461571216583252e-01
4.376040771603584290e-02
9.372084736824035645e-01
2.408155649900436401e-01
4.850965738296508789e-02
1.364516615867614746e-01
9.706780314445495605e-02
1.384405493736267090e-01
1.037727296352386475e-01
6.763295531272888184e-01
8.042791485786437988e-02
5.782987177371978760e-02
2.160162180662155151e-01
1.341399699449539185e-01
3.763145506381988525e-01
8.068605512380599976e-02
5.184406042098999023e-02
7.276885956525802612e-02
9.274870902299880981e-02
5.333987250924110413e-02
5.763334408402442932e-02
2.619746029376983643e-01
1.743974983692169189e-01
5.630813911557197571e-02
5.127725601196289062e-01
6.251730322837829590e-01
3.645087182521820068e-01
1.590143591165542603e-01
8.709748834371566772e-02
9.055534750223159790e-02
3.274468332529067993e-02
8.844321221113204956e-02
5.909553915262222290e-02
9.563140273094177246e-01
6.186922192573547363e-01
9.345016479492187500e-01
5.406730175018310547e-01
9.357524514198303223e-01
3.782978057861328125e-01
5.465488135814666748e-02
1.371854394674301147e-01
6.815260648727416992e-01
2.580283880233764648e-01
7.596723437309265137e-01
7.274061441421508789e-02
4.954862222075462341e-02
2.885517179965972900e-01
2.079935967922210693e-01
5.370983481407165527e-01
5.024466514587402344e-01
9.492012858390808105e-01
6.268208473920822144e-02
5.957323312759399414e-02
3.902310431003570557e-01
2.028307169675827026e-01
3.541203439235687256e-01
3.010472953319549561e-01
4.494239091873168945e-01
1.034842431545257568e-01
8.698879927396774292e-02
5.522654652595520020e-01
3.510804474353790283e-01
3.727112114429473877e-01
4.435634315013885498e-01
5.281832441687583923e-02
5.063650384545326233e-02
9.352667927742004395e-01
2.369334995746612549e-01
7.903056591749191284e-02
9.391771554946899414e-01
6.711830198764801025e-02
3.468984961509704590e-01
9.110006690025329590e-01
3.916016966104507446e-02
7.144220918416976929e-02
9.870344400405883789e-02
5.704956650733947754e-01
6.757704019546508789e-01
9.038347750902175903e-02
1.463300883769989014e-01
1.637720763683319092e-01
4.968976601958274841e-02
5.536377057433128357e-02
9.325079321861267090e-01
6.628298014402389526e-02
9.196962118148803711e-01
1.155912950634956360e-01
1.511304229497909546e-01
4.727611839771270752e-01
9.456564188003540039e-01
3.890546560287475586e-01
3.766717612743377686e-01
8.340843021869659424e-02
7.434735298156738281e-01
8.609389662742614746e-01
4.959997832775115967e-01
4.271331131458282471e-01
3.735142946243286133e-01
5.714594572782516479e-02
8.712133169174194336e-01
1.955982893705368042e-01
8.730995059013366699e-01
1.920754909515380859e-01
5.035745352506637573e-02
1.302395612001419067e-01
7.066833972930908203e-02
1.660606265068054199e-01
1.154053211212158203e-01
1.114150211215019226e-01
3.130697906017303467e-01
1.998700052499771118e-01
2.881956100463867188e-01
8.070824146270751953e-01
4.192460179328918457e-01
7.014896869659423828e-01
1.603988707065582275e-01
2.012360543012619019e-01
8.723394274711608887e-01
6.499038338661193848e-01
3.653966486454010010e-01
2.909978628158569336e-01
5.943305790424346924e-02
3.005388975143432617e-01
7.960876077413558960e-02
4.949604719877243042e-02
3.901352286338806152e-01
6.800437569618225098e-01
6.122530996799468994e-02
9.509639739990234375e-01
7.555491328239440918e-01
5.017387494444847107e-02
9.567956328392028809e-01
2.180114984512329102e-01
2.062663882970809937e-01
6.577272713184356689e-02
7.621539384126663208e-02
1.483560353517532349e-01
1.250920593738555908e-01
1.283458024263381958e-01
2.136974036693572998e-01
4.423546195030212402e-01
3.440454006195068359e-01
3.247029483318328857e-01
5.157711356878280640e-02
8.949372172355651855e-01
1.250920593738555908e-01
8.199145197868347168e-01
2.635820806026458740e-01
4.175772666931152344e-01
5.903011560440063477e-02
2.201393544673919678e-01
3.817258775234222412e-01
2.378021180629730225e-02
4.389131814241409302e-02
1.137841269373893738e-01
9.167188405990600586e-01
1.473287791013717651e-01
8.498553037643432617e-01
9.568980932235717773e-01
7.316285967826843262e-01
5.579503625631332397e-02
9.700201153755187988e-01
1.216891258955001831e-01
6.924349814653396606e-02
4.709090292453765869e-02
3.565944433212280273e-01
3.202452361583709717e-01
2.229341268539428711e-01
3.902769461274147034e-02
5.376086831092834473e-01
4.114870131015777588e-01
5.355536937713623047e-01
9.286234527826309204e-02
9.218238592147827148e-01
9.708002209663391113e-01
5.834559202194213867e-01
1.926884353160858154e-01
2.800635099411010742e-01
5.948496609926223755e-02
9.113900661468505859e-01
2.487174272537231445e-01
7.990632206201553345e-02
7.255815267562866211e-01
6.417743563652038574e-01
9.499581456184387207e-01
1.100416183471679688e-01
9.263144135475158691e-01
9.466654658317565918e-01
2.659462690353393555e-01
5.689423680305480957e-01
9.372634291648864746e-01
2.350140959024429321e-01
2.909491956233978271e-01
9.217206239700317383e-01
1.250920593738555908e-01
9.197256565093994141e-01
6.189540401101112366e-02
2.733476161956787109e-01
1.497979164123535156e-01
7.725756615400314331e-02
9.698428511619567871e-01
7.070746272802352905e-02
8.070179820060729980e-01
3.906297683715820312e-01
1.250920593738555908e-01
1.354570984840393066e-01
5.796435475349426270e-02
1.292321085929870605e-01
8.949827402830123901e-02
2.225703746080398560e-01
8.755399584770202637e-01
3.216246366500854492e-01
8.764012455940246582e-01
8.506691455841064453e-02
4.332510232925415039e-01
4.369297921657562256e-01
5.149873718619346619e-02
2.758103609085083008e-01
6.105779409408569336e-01
1.455833315849304199e-01
3.857282400131225586e-01
1.675409525632858276e-01
5.439403057098388672e-01
9.490530490875244141e-01
9.489885568618774414e-01
5.015904307365417480e-01
2.725936472415924072e-01
5.801708698272705078e-01
1.593894064426422119e-01
8.168365955352783203e-01
5.726563185453414917e-02
9.312539696693420410e-01
5.902023240923881531e-02
1.343976855278015137e-01
9.121901988983154297e-01
3.526938855648040771e-01
3.691760897636413574e-01
3.428599536418914795e-01
4.120448231697082520e-01
5.133283883333206177e-02
2.607477009296417236e-01
3.241027891635894775e-01
1.819518506526947021e-01
1.768436431884765625e-01
6.019244194030761719e-01
4.201597273349761963e-01
3.254664838314056396e-01
2.954612970352172852e-01
4.710310697555541992e-02
2.980805337429046631e-01
9.176070690155029297e-01
2.868872284889221191e-01
5.617177113890647888e-02
9.472277164459228516e-01
4.777727127075195312e-01
2.172767966985702515e-01
1.273256987333297729e-01
7.217159122228622437e-02
5.344823375344276428e-02
1.155650615692138672e-01
5.550325512886047363e-01
9.524550437927246094e-01
5.469089150428771973e-01
3.556685447692871094e-01
1.490182578563690186e-01
6.880926340818405151e-02
8.034634590148925781e-02
5.189723968505859375e-01
5.236562490463256836e-01
9.501397609710693359e-01
8.941165804862976074e-01
8.963909000158309937e-02
1.272014826536178589e-01
4.236045181751251221e-01
1.369820237159729004e-01
3.918946385383605957e-01
9.553386569023132324e-01
1.942444145679473877e-01
4.155893623828887939e-01
1.864092797040939331e-01
4.787261411547660828e-02
8.781713992357254028e-02
1.020183190703392029e-01
4.891794547438621521e-02
1.250920593738555908e-01
2.070370912551879883e-01
8.649531006813049316e-02
2.169787883758544922e-01
9.338821768760681152e-01
1.831933856010437012e-01
4.655754193663597107e-02
2.677225470542907715e-01
2.227374613285064697e-01
9.946343302726745605e-02
2.069213092327117920e-01
6.260740160942077637e-01
3.045685887336730957e-01
8.555824756622314453e-01
4.696410521864891052e-02
1.388095617294311523e-01
4.871630072593688965e-01
2.360278218984603882e-01
7.182259559631347656e-01
9.337384253740310669e-02
4.912658780813217163e-02
4.911510646343231201e-02
9.269850701093673706e-02
2.775733768939971924e-01
6.911631673574447632e-02
7.825386524200439453e-01
3.201200067996978760e-01
2.639949917793273926e-01
3.034457564353942871e-01
1.875324696302413940e-01
4.208167493343353271e-01
1.617359071969985962e-01
8.580786734819412231e-02
8.269866704940795898e-01
2.859377562999725342e-01
3.185926973819732666e-01
9.575543403625488281e-01
1.770510971546173096e-01
1.250920593738555908e-01
1.980438977479934692e-01
8.980972319841384888e-02
1.817274242639541626e-01
1.920192837715148926e-01
6.651578843593597412e-02
5.443383753299713135e-02
2.016851603984832764e-01
1.666219979524612427e-01
9.612444043159484863e-01
9.129618108272552490e-02
5.706468224525451660e-02
5.642016604542732239e-02
9.447234869003295898e-01
5.266174674034118652e-01
2.001089155673980713e-01
2.434150725603103638e-01
5.589743256568908691e-01
2.479071319103240967e-01
7.880532741546630859e-02
3.844761252403259277e-01
4.565117135643959045e-02
5.730089917778968811e-02
5.708803981542587280e-02
6.098672747611999512e-02
2.152363955974578857e-01
7.071387022733688354e-02
8.152692914009094238e-01
3.324698805809020996e-01
3.484655320644378662e-01
2.116411775350570679e-01
3.606345653533935547e-01
5.423002690076828003e-02
9.106668829917907715e-01
6.881362795829772949e-01
5.631048083305358887e-01
6.501378417015075684e-01
2.383850067853927612e-01
5.077300667762756348e-01
4.370952546596527100e-01
1.455416232347488403e-01
1.026540175080299377e-01
4.894302040338516235e-02
4.399724602699279785e-01
6.863690614700317383e-01
9.306378960609436035e-01
4.956701397895812988e-02
2.889026999473571777e-01
1.250920593738555908e-01
8.752287179231643677e-02
9.781021624803543091e-02
5.361637100577354431e-02
3.707441091537475586e-01
4.283953011035919189e-01
3.325782343745231628e-02
9.275697171688079834e-02
6.034902334213256836e-01
5.078734457492828369e-02
1.250920593738555908e-01
1.975732594728469849e-01
5.483315885066986084e-02
8.507777750492095947e-02
7.747934013605117798e-02
8.722595572471618652e-01
4.939097166061401367e-01
1.553176045417785645e-01
5.553521960973739624e-02
3.148775100708007812e-01
6.601044535636901855e-02
4.356464743614196777e-01
2.942699491977691650e-01
1.714822798967361450e-01
5.765885487198829651e-02
5.525905266404151917e-02
5.579531788825988770e-01
6.185336038470268250e-02
2.650770843029022217e-01
3.618201613426208496e-02
9.256048798561096191e-01
1.366641372442245483e-01
5.103020370006561279e-02
2.300886213779449463e-01
7.402865886688232422e-01
5.816955566406250000e-01
4.717769101262092590e-02
5.065893009305000305e-02
3.432325720787048340e-01
4.063355326652526855e-01
7.111568003892898560e-02
1.453318297863006592e-01
1.037274301052093506e-01
1.970147937536239624e-01
1.832050979137420654e-01
5.941279232501983643e-02
1.091371998190879822e-01
4.768227785825729370e-02
7.763781398534774780e-02
9.721592068672180176e-01
4.734485149383544922e-01
2.351413667201995850e-01
9.758965969085693359e-01
3.035850524902343750e-01
5.124319791793823242e-01
8.136027306318283081e-02
7.922965288162231445e-01
4.096400737762451172e-01
8.496166765689849854e-02
9.174005389213562012e-01
9.391843676567077637e-01
2.362824231386184692e-01
2.983299642801284790e-02
2.855618894100189209e-01
1.816284358501434326e-01
1.812940239906311035e-01
7.261754274368286133e-01
5.090555921196937561e-02
6.503299623727798462e-02
3.328566253185272217e-01
6.754224747419357300e-02
1.300422251224517822e-01
1.956454962491989136e-01
5.368517711758613586e-02
6.333032995462417603e-02
9.806055575609207153e-02
9.481812715530395508e-01
4.414797425270080566e-01
2.684313952922821045e-01
1.237296909093856812e-01
2.544250786304473877e-01
1.788837611675262451e-01
9.079574048519134521e-02
9.460165500640869141e-01
8.592589944601058960e-02
5.840348005294799805e-01
9.629034399986267090e-01
2.867670357227325439e-01
5.232139304280281067e-02
4.379727542400360107e-01
1.051998883485794067e-01
9.235596060752868652e-01
6.359588354825973511e-02
2.919673621654510498e-01
3.898863196372985840e-01
8.881093859672546387e-01
3.242647945880889893e-01
3.892427682876586914e-01
1.250920593738555908e-01
8.278165757656097412e-02
2.549652755260467529e-01
1.289459019899368286e-01
1.554310023784637451e-01
2.737377583980560303e-01
4.805789887905120850e-01
1.757292598485946655e-01
4.977489113807678223e-01
4.847735166549682617e-01
6.669499725103378296e-02
2.552740871906280518e-01
9.516471624374389648e-01
5.739986523985862732e-02
3.418336808681488037e-01
1.085062623023986816e-01
1.154713556170463562e-01
1.411745846271514893e-01
1.343917846679687500e-01
3.666183650493621826e-01
6.110621690750122070e-01
9.510624408721923828e-02
6.478540897369384766e-01
9.136884212493896484e-01
9.633887410163879395e-01
9.633657932281494141e-01
4.543501511216163635e-02
3.406062126159667969e-01
5.245686173439025879e-01
4.605187177658081055e-01
9.369928240776062012e-01
1.805164068937301636e-01
2.981917262077331543e-01
1.980408132076263428e-01
1.267310231924057007e-01
9.337079524993896484e-01
4.004360735416412354e-02
1.347550451755523682e-01
3.517589569091796875e-01
5.285507440567016602e-02
6.879900395870208740e-02
5.089800953865051270e-01
2.213122695684432983e-01
9.610798954963684082e-01
3.463287279009819031e-02
5.358656868338584900e-02
8.603301644325256348e-02
9.308755993843078613e-01
9.443274736404418945e-01
4.045292362570762634e-02
8.612304925918579102e-01
5.326286330819129944e-02
5.345847606658935547e-01
2.838251888751983643e-01
4.706870019435882568e-01
2.962964177131652832e-01
5.650762096047401428e-02
1.987232416868209839e-01
6.671891808509826660e-01
4.285190626978874207e-02
4.481975361704826355e-02
9.264513850212097168e-01
4.735685512423515320e-02
1.682633459568023682e-01
3.701229989528656006e-01
3.796160519123077393e-01
4.716230928897857666e-02
5.181857347488403320e-01
1.736324280500411987e-01
2.034773975610733032e-01
5.429420247673988342e-02
3.730107843875885010e-01
9.501709342002868652e-01
7.900041937828063965e-01
9.626801609992980957e-01
3.394319415092468262e-01
4.546492695808410645e-01
6.808618456125259399e-02
4.851835370063781738e-01
5.219121649861335754e-02
7.582052797079086304e-02
5.938113108277320862e-02
8.139742016792297363e-01
9.215765595436096191e-01
8.331835865974426270e-01
1.694659590721130371e-01
3.201556801795959473e-01
1.034812554717063904e-01
1.980562657117843628e-01
9.586250782012939453e-01
5.101512074470520020e-01
7.160609215497970581e-02
6.541030108928680420e-02
1.274125874042510986e-01
4.636806249618530273e-02
2.365032285451889038e-01
9.453727602958679199e-01
6.266749501228332520e-01
5.366545170545578003e-02
1.286924630403518677e-01
4.774647057056427002e-01
7.128114700317382812e-01
5.663717538118362427e-02
3.582748174667358398e-01
4.730473756790161133e-01
9.156867265701293945e-01
1.252196580171585083e-01
6.301812082529067993e-02
1.965627670288085938e-01
5.617908239364624023e-01
5.288380384445190430e-01
3.985659033060073853e-02
6.290531754493713379e-01
9.584892988204956055e-01
8.102779388427734375e-01
4.941665753722190857e-02
1.250920593738555908e-01
5.142775923013687134e-02
6.118190884590148926e-01
5.396470427513122559e-01
2.284166812896728516e-01
1.846113801002502441e-01
4.206372201442718506e-01
7.101381570100784302e-02
5.243870988488197327e-02
5.227452144026756287e-02
2.756133377552032471e-01
1.388106644153594971e-01
4.743485525250434875e-02
6.635003089904785156e-01
6.065870523452758789e-01
4.093037247657775879e-01
4.546291530132293701e-01
3.364363610744476318e-01
4.143952429294586182e-01
8.095958828926086426e-02
6.262926757335662842e-02
8.967261910438537598e-01
9.679709076881408691e-01
3.577047958970069885e-02
9.607815742492675781e-01
9.586568474769592285e-01
6.473820209503173828e-01
4.522389471530914307e-01
8.302649259567260742e-01
8.097983896732330322e-02
2.517261207103729248e-01
4.206480979919433594e-01
5.330709815025329590e-01
7.773867845535278320e-01
1.338714808225631714e-01
2.867819368839263916e-01
4.253859817981719971e-01
7.928211092948913574e-01
1.495951563119888306e-01
1.660338938236236572e-01
4.209638535976409912e-01
3.251855373382568359e-01
4.854916930198669434e-01
1.494504064321517944e-01
6.441701650619506836e-01
1.110813170671463013e-01
2.702211737632751465e-01
4.052234292030334473e-01
4.945277571678161621e-01
3.929942473769187927e-02
8.399884104728698730e-01
5.313137173652648926e-02
2.565349340438842773e-01
9.038496613502502441e-01
4.798138141632080078e-02
5.128286778926849365e-02
5.638618394732475281e-02
3.972664773464202881e-01
9.617859125137329102e-01
4.645908176898956299e-01
9.146438837051391602e-01
7.612935453653335571e-02
4.765006899833679199e-02
5.397196486592292786e-02
9.424347281455993652e-01
3.826731741428375244e-01
6.622539758682250977e-01
7.374734282493591309e-01
2.414440661668777466e-01
1.006441041827201843e-01
3.475827723741531372e-02
3.481404483318328857e-01
9.545274972915649414e-01
5.281621590256690979e-02
9.147398173809051514e-02
9.163830280303955078e-01
5.623946711421012878e-02
4.805943369865417480e-02
3.519697189331054688e-01
5.245250463485717773e-02
1.564452201128005981e-01
3.100875914096832275e-01
2.618252038955688477e-01
4.456049203872680664e-02
1.444767415523529053e-01
1.578993648290634155e-01
1.250920593738555908e-01
4.994485974311828613e-01
4.900612533092498779e-01
7.768368721008300781e-02
1.108409985899925232e-01
7.072705775499343872e-02
1.061834096908569336e-01
2.137770056724548340e-01
6.159430369734764099e-02
1.755951344966888428e-01
8.778087794780731201e-02
2.940797507762908936e-01
9.689549207687377930e-01
1.394997388124465942e-01
1.922929883003234863e-01
6.176190823316574097e-02
4.926646053791046143e-01
3.177574872970581055e-01
2.017993032932281494e-01
4.215875864028930664e-01
9.442154169082641602e-01
5.447661876678466797e-02
1.373028904199600220e-01
6.351424753665924072e-02
1.092534884810447693e-01
6.554314494132995605e-02
7.710465192794799805e-01
1.455475836992263794e-01
3.070845603942871094e-01
9.554189443588256836e-01
2.377133667469024658e-01
3.227427005767822266e-01
3.155539035797119141e-01
1.338369250297546387e-01
5.652303695678710938e-01
5.922482535243034363e-02
4.732847958803176880e-02
9.518278241157531738e-01
3.962991237640380859e-01
9.234870076179504395e-01
3.118948340415954590e-01
5.784494429826736450e-02
1.922353208065032959e-01
1.305966377258300781e-01
1.502593010663986206e-01
5.797150731086730957e-01
5.903906002640724182e-02
6.716968864202499390e-02
3.373116850852966309e-01
6.737628579139709473e-02
9.179608225822448730e-01
8.430773019790649414e-01
5.156710743904113770e-01
5.076947435736656189e-02
5.346848964691162109e-01
5.946320295333862305e-01
8.532208949327468872e-02
9.370877146720886230e-01
5.874713659286499023e-01
6.178925037384033203e-01
4.798932373523712158e-02
9.610804319381713867e-01
5.820560455322265625e-01
7.071399688720703125e-02
8.114982843399047852e-01
4.014813303947448730e-01
9.330955147743225098e-01
7.686267793178558350e-02
5.349128246307373047e-01
4.215625226497650146e-01
4.176098704338073730e-01
7.350722551345825195e-01
9.578438997268676758e-01
1.888222694396972656e-01
3.829265236854553223e-01
3.980769962072372437e-02
8.999859690666198730e-01
1.371913254261016846e-01
4.688281565904617310e-02
9.432275891304016113e-01
8.742789626121520996e-01
3.602334856986999512e-01
5.424102023243904114e-02
6.872517466545104980e-01
5.627295374870300293e-01
9.495130777359008789e-01
2.271521687507629395e-01
9.447373151779174805e-01
4.282503947615623474e-02
4.217792153358459473e-01
5.679401010274887085e-02
3.914618492126464844e-01
5.440357327461242676e-02
2.557069361209869385e-01
3.126231431961059570e-01
1.123582795262336731e-01
2.863453030586242676e-01
8.235749602317810059e-02
4.416657090187072754e-01
9.260246157646179199e-01
2.122972011566162109e-01
4.050272405147552490e-01
6.568731367588043213e-02
3.991355597972869873e-01
9.139453172683715820e-01
5.759269595146179199e-01
2.342079430818557739e-01
2.297367602586746216e-01
1.750476956367492676e-01
4.299024343490600586e-01
5.968633666634559631e-02
1.678205728530883789e-01
9.677887558937072754e-01
1.427719146013259888e-01
6.509684920310974121e-01
1.423561871051788330e-01
9.195597171783447266e-01
1.683139950037002563e-01
2.675024867057800293e-01
1.033445522189140320e-01
4.943633452057838440e-02
2.584060430526733398e-01
8.754173517227172852e-01
7.607318758964538574e-01
2.671046555042266846e-01
6.668547540903091431e-02
6.469230055809020996e-01
9.614515304565429688e-01
4.949498474597930908e-01
5.519928410649299622e-02
2.651484906673431396e-01
5.175611376762390137e-01
8.761337995529174805e-01
6.755649447441101074e-01
1.044130846858024597e-01
9.541618227958679199e-01
9.261304140090942383e-01
3.809881508350372314e-01
9.514648318290710449e-01
6.083103418350219727e-01
4.070658981800079346e-02
3.813542127609252930e-01
1.797743737697601318e-01
5.407006740570068359e-01
1.539562493562698364e-01
6.816300153732299805e-01
8.884305357933044434e-01
1.612645536661148071e-01
8.640744686126708984e-01
9.145157337188720703e-01
7.171458601951599121e-01
4.884811863303184509e-02
2.308486998081207275e-01
8.333103060722351074e-01
3.011844754219055176e-01
2.739492356777191162e-01
1.504528075456619263e-01
5.137437582015991211e-01
8.178074359893798828e-01
8.276396393775939941e-01
3.013841994106769562e-02
1.250920593738555908e-01
1.250920593738555908e-01
4.544492438435554504e-02
2.683850228786468506e-01
1.139722317457199097e-01
6.621696949005126953e-01
2.081532180309295654e-01
4.216362163424491882e-02
5.165665745735168457e-01
5.754337906837463379e-01
6.868268549442291260e-02
5.183805227279663086e-01
9.220220893621444702e-02
8.719751238822937012e-01
6.638001203536987305e-01
4.895897954702377319e-02
2.596977949142456055e-01
4.782252758741378784e-02
4.788622856140136719e-01
2.743467986583709717e-01
5.797052755951881409e-02
1.247082650661468506e-01
5.825201421976089478e-02
2.694558203220367432e-01
8.699571341276168823e-02
3.567473590373992920e-02
7.904850691556930542e-02
8.900622278451919556e-02
5.108796358108520508e-01
3.694582879543304443e-01
6.529926508665084839e-02
5.753756687045097351e-02
4.415573775768280029e-01
4.375818967819213867e-01
4.824255406856536865e-02
9.741154909133911133e-01
7.439478635787963867e-01
2.263908386230468750e-01
5.458997189998626709e-02
1.493304669857025146e-01
5.374631658196449280e-02
8.164837956428527832e-02
3.290016651153564453e-01
4.509154707193374634e-02
6.381039023399353027e-01
5.704274773597717285e-01
7.408739924430847168e-01
1.714795529842376709e-01
1.225370764732360840e-01
8.166497945785522461e-02
2.618026435375213623e-01
4.705450534820556641e-01
1.802798062562942505e-01
8.292493224143981934e-01
3.507143557071685791e-01
9.683517813682556152e-01
1.776531338691711426e-01
3.473245799541473389e-01
9.340298771858215332e-01
3.566091954708099365e-01
8.255648016929626465e-01
5.802450180053710938e-01
7.509273290634155273e-01
5.958963930606842041e-02
9.248672723770141602e-01
9.169414639472961426e-01
2.277285456657409668e-01
9.018580317497253418e-01
7.203974574804306030e-02
5.951194167137145996e-01
7.634140849113464355e-01
5.429620295763015747e-02
3.973894193768501282e-02
4.183606207370758057e-01
2.367981374263763428e-01
5.323768407106399536e-02
5.760646983981132507e-02
9.612203836441040039e-01
1.154622659087181091e-01
4.870733991265296936e-02
8.760452270507812500e-02
6.727199256420135498e-02
2.381992638111114502e-01
6.560064107179641724e-02
8.667752891778945923e-02
5.031869187951087952e-02
4.015744626522064209e-01
3.565608263015747070e-01
4.930106699466705322e-01
8.656899929046630859e-01
9.401078820228576660e-01
1.522961556911468506e-01
5.032357946038246155e-02
4.151332676410675049e-01
7.411100268363952637e-01
5.739140510559082031e-02
4.072920382022857666e-01
2.037740498781204224e-01
3.887211158871650696e-02
9.542165994644165039e-01
9.610960632562637329e-02
2.541922032833099365e-01
5.192258208990097046e-02
3.694179058074951172e-01
1.027120575308799744e-01
8.475013375282287598e-01
7.283431291580200195e-02
1.724434196949005127e-01
5.261599272489547729e-02
5.857388973236083984e-01
3.873238265514373779e-01
2.894044220447540283e-01
3.273735642433166504e-01
2.423399835824966431e-01
5.187389999628067017e-02
9.506849944591522217e-02
1.250920593738555908e-01
5.287792086601257324e-01
1.340962648391723633e-01
8.903942108154296875e-01
9.387136697769165039e-01
4.722668603062629700e-02
