2.761478722095489502e-02
8.843516707420349121e-01
8.938812464475631714e-02
9.182835817337036133e-01
2.651959955692291260e-01
4.399628192186355591e-02
7.899034023284912109e-01
2.376237064599990845e-01
9.097596406936645508e-01
3.670240044593811035e-01
3.651913106441497803e-01
1.382125020027160645e-01
8.591272830963134766e-01
4.511820673942565918e-01
9.869290888309478760e-02
3.774475455284118652e-01
3.878386914730072021e-01
6.567445993423461914e-01
9.202579855918884277e-01
4.132731258869171143e-01
8.573755025863647461e-01
8.458609580993652344e-01
3.826864063739776611e-02
5.975133925676345825e-02
3.909814059734344482e-01
4.574988037347793579e-02
6.467344760894775391e-01
3.318441808223724365e-01
5.301663875579833984e-01
4.142335057258605957e-01
1.351790130138397217e-01
2.476148307323455811e-02
8.717590570449829102e-01
7.448399811983108521e-02
3.929605782032012939e-01
2.474012076854705811e-01
5.641174316406250000e-01
1.804936230182647705e-01
3.790833950042724609e-01
8.683724403381347656e-01
1.417479664087295532e-01
9.564787894487380981e-02
3.550231084227561951e-02
2.098279446363449097e-01
6.412825733423233032e-02
2.444661110639572144e-01
5.234665274620056152e-01
3.221334218978881836e-01
2.797354198992252350e-02
8.682528138160705566e-01
2.050094157457351685e-01
3.666780516505241394e-02
3.102080523967742920e-01
3.606511950492858887e-01
1.276788711547851562e-01
2.763517200946807861e-01
8.468109369277954102e-01
3.331531956791877747e-02
2.372325658798217773e-01
3.279927372932434082e-01
1.667690575122833252e-01
4.411068856716156006e-01
6.282038986682891846e-02
3.270809352397918701e-02
3.110754862427711487e-02
4.808048903942108154e-02
5.236253887414932251e-02
5.640656352043151855e-01
2.328112721443176270e-01
3.652382194995880127e-01
4.778315126895904541e-02
6.722157001495361328e-01
7.065818905830383301e-01
4.317083656787872314e-01
1.164759621024131775e-01
4.731745645403862000e-02
1.132053360342979431e-01
2.436646632850170135e-02
8.220027387142181396e-02
3.280939161777496338e-02
8.609911203384399414e-01
7.896653413772583008e-01
8.909372687339782715e-01
5.840022563934326172e-01
9.012172818183898926e-01
5.812578201293945312e-01
5.216647684574127197e-02
6.960980594158172607e-02
7.692661285400390625e-01
2.017325162887573242e-01
7.301825284957885742e-01
7.978302240371704102e-02
2.929536998271942139e-02
4.115244448184967041e-01
4.407933652400970459e-01
7.118773460388183594e-01
5.937916040420532227e-01
8.950114250183105469e-01
3.411494940519332886e-02
9.193005412817001343e-02
8.112512230873107910e-01
1.980728358030319214e-01
5.581346750259399414e-01
1.993935853242874146e-01
4.103120267391204834e-01
1.744024604558944702e-01
1.262513846158981323e-01
7.126561999320983887e-01
2.827534973621368408e-01
4.522318542003631592e-01
4.583830535411834717e-01
4.188880324363708496e-02
5.452313646674156189e-02
8.832139372825622559e-01
2.818129658699035645e-01
5.881905555725097656e-02
8.570864796638488770e-01
6.168572977185249329e-02
2.167639136314392090e-01
7.904654741287231445e-01
2.571196295320987701e-02
6.913638114929199219e-02
6.138354167342185974e-02
7.135711908340454102e-01
8.908917307853698730e-01
1.526830047369003296e-01
4.043384641408920288e-02
3.036673069000244141e-01
3.839972987771034241e-02
1.626105606555938721e-01
9.205942153930664062e-01
3.637531995773315430e-01
9.014881849288940430e-01
1.601742804050445557e-01
5.191318988800048828e-01
5.920867919921875000e-01
8.977117538452148438e-01
2.514286041259765625e-01
6.405435800552368164e-01
8.544787019491195679e-02
8.377831578254699707e-01
8.291499614715576172e-01
6.588488221168518066e-01
5.274201035499572754e-01
3.193589150905609131e-01
4.374890401959419250e-02
6.829596757888793945e-01
4.800935983657836914e-01
7.920939922332763672e-01
3.136610984802246094e-01
3.009763546288013458e-02
1.443381607532501221e-01
8.201742172241210938e-02
2.372346520423889160e-01
2.109456509351730347e-01
9.005872160196304321e-02
2.907887101173400879e-01
3.623718917369842529e-01
2.703329324722290039e-01
7.993836998939514160e-01
5.322435498237609863e-01
5.612473487854003906e-01
3.240354955196380615e-01
2.031489610671997070e-01
8.266529440879821777e-01
5.571153759956359863e-01
5.101364254951477051e-01
3.501029908657073975e-01
7.344663143157958984e-02
3.612063825130462646e-01
5.585807189345359802e-02
2.999459207057952881e-02
3.712731301784515381e-01
8.382619619369506836e-01
4.366567358374595642e-02
9.439399242401123047e-01
6.816620230674743652e-01
3.536625206470489502e-02
8.767237067222595215e-01
2.905187606811523438e-01
2.576803565025329590e-01
3.405793756246566772e-02
2.454265803098678589e-01
3.541542589664459229e-01
1.227911785244941711e-01
8.066876232624053955e-02
3.068665564060211182e-01
4.434957802295684814e-01
3.667764067649841309e-01
6.621866226196289062e-01
3.529062122106552124e-02
7.459948658943176270e-01
1.227911785244941711e-01
7.198646068572998047e-01
3.030873835086822510e-01
4.706969857215881348e-01
3.259334713220596313e-02
3.323172628879547119e-01
6.506834030151367188e-01
2.883100695908069611e-02
2.827342040836811066e-02
1.636451333761215210e-01
8.639168739318847656e-01
2.001431286334991455e-01
6.659924387931823730e-01
8.933091759681701660e-01
6.235420107841491699e-01
4.595214873552322388e-02
9.368989467620849609e-01
3.267092108726501465e-01
3.536813855171203613e-01
3.254859521985054016e-02
3.693355619907379150e-01
6.689887642860412598e-01
2.873367369174957275e-01
2.577520534396171570e-02
8.732020854949951172e-01
4.270544648170471191e-01
8.727339506149291992e-01
1.269947588443756104e-01
8.266537785530090332e-01
9.283128380775451660e-01
8.069362044334411621e-01
1.739138066768646240e-01
2.790640294551849365e-01
4.874384403228759766e-02
7.736974954605102539e-01
8.577206134796142578e-01
6.888481974601745605e-02
4.835963845252990723e-01
6.670484542846679688e-01
8.722420930862426758e-01
5.707233026623725891e-02
8.997765779495239258e-01
8.350944519042968750e-01
1.948872804641723633e-01
6.233302950859069824e-01
9.156390428543090820e-01
3.583511710166931152e-01
5.459813475608825684e-01
9.096934199333190918e-01
1.227911785244941711e-01
8.165113925933837891e-01
1.284662783145904541e-01
5.537103414535522461e-01
1.029505133628845215e-01
1.635497957468032837e-01
9.270674586296081543e-01
6.290826201438903809e-02
8.348810672760009766e-01
3.174451291561126709e-01
1.227911785244941711e-01
1.730028688907623291e-01
4.248194396495819092e-02
4.104678332805633545e-02
4.942978173494338989e-02
2.298803031444549561e-01
8.099249601364135742e-01
3.281629085540771484e-01
8.669866323471069336e-01
2.375971823930740356e-01
5.231648683547973633e-01
5.213376879692077637e-01
3.367043659090995789e-02
3.555614948272705078e-01
4.859283864498138428e-01
2.569066584110260010e-01
4.074030518531799316e-01
2.588862180709838867e-01
7.645680308341979980e-01
8.585687279701232910e-01
8.398990035057067871e-01
4.012655913829803467e-01
1.581980735063552856e-01
7.242589592933654785e-01
2.083186954259872437e-01
8.187683224678039551e-01
4.608630016446113586e-02
8.586360216140747070e-01
1.398008018732070923e-01
9.390745311975479126e-02
8.684582114219665527e-01
4.211363494396209717e-01
3.185277879238128662e-01
4.022412598133087158e-01
4.184666275978088379e-01
4.303215071558952332e-02
2.836441099643707275e-01
5.690562129020690918e-01
1.549929529428482056e-01
2.054148167371749878e-01
6.787260770797729492e-01
4.600010216236114502e-01
4.644962847232818604e-01
2.674773931503295898e-01
2.985200099647045135e-02
2.170061320066452026e-01
8.849874734878540039e-01
7.331135869026184082e-01
5.477605760097503662e-02
9.079621434211730957e-01
4.988646209239959717e-01
4.099690616130828857e-01
3.049700856208801270e-01
1.203430145978927612e-01
3.640003129839897156e-02
1.716095954179763794e-01
4.807419776916503906e-01
8.883801102638244629e-01
7.535877227783203125e-01
2.685866653919219971e-01
1.887475848197937012e-01
1.431382149457931519e-01
1.257915347814559937e-01
6.023787260055541992e-01
3.412045836448669434e-01
8.880013823509216309e-01
8.274988532066345215e-01
1.905802041292190552e-01
2.398125976324081421e-01
5.872693061828613281e-01
2.651115357875823975e-01
6.066701412200927734e-01
9.191882014274597168e-01
4.301141798496246338e-01
6.711711883544921875e-01
5.804189294576644897e-02
1.117707565426826477e-01
1.574019193649291992e-01
9.965515881776809692e-02
2.827831171452999115e-02
1.227911785244941711e-01
5.017715096473693848e-01
1.693232804536819458e-01
1.832973808050155640e-01
8.985027670860290527e-01
3.350909352302551270e-01
3.113055974245071411e-02
3.718698918819427490e-01
3.615149855613708496e-01
9.800323098897933960e-02
1.128020435571670532e-01
6.570448279380798340e-01
3.287416696548461914e-01
8.667193055152893066e-01
3.021441027522087097e-02
4.474644958972930908e-01
6.439756155014038086e-01
2.326866239309310913e-01
8.736480474472045898e-01
1.132567077875137329e-01
2.971736341714859009e-02
3.226564824581146240e-02
1.106412857770919800e-01
5.410346984863281250e-01
9.552072733640670776e-02
8.443985581398010254e-01
7.229430973529815674e-02
2.375864684581756592e-01
5.507425069808959961e-01
1.639858633279800415e-01
5.681063532829284668e-01
2.452122718095779419e-01
1.793311089277267456e-01
7.881677150726318359e-01
2.683828473091125488e-01
3.268423676490783691e-01
8.971003890037536621e-01
2.387334406375885010e-01
1.227911785244941711e-01
6.261475086212158203e-01
1.048861518502235413e-01
3.091231584548950195e-01
2.686980366706848145e-01
4.209419339895248413e-02
3.999679535627365112e-02
2.137144654989242554e-01
3.402017951011657715e-01
8.716797828674316406e-01
7.932829856872558594e-02
4.302819073200225830e-02
3.000153601169586182e-02
8.728420138359069824e-01
5.934911370277404785e-01
3.034411072731018066e-01
1.211702376604080200e-01
5.752677917480468750e-01
3.716978728771209717e-01
1.508990824222564697e-01
6.010897755622863770e-01
2.655583620071411133e-02
3.110083937644958496e-02
3.737280890345573425e-02
1.188058704137802124e-01
6.085312366485595703e-02
1.581670194864273071e-01
8.886402845382690430e-01
1.855231672525405884e-01
8.661766052246093750e-01
2.260074913501739502e-01
3.517772257328033447e-01
3.232742846012115479e-02
8.548536300659179688e-01
8.486427664756774902e-01
7.221348285675048828e-01
7.765959501266479492e-01
3.058404922485351562e-01
6.145234107971191406e-01
3.871777951717376709e-01
2.323084771633148193e-01
1.422893404960632324e-01
2.996593154966831207e-02
5.569416284561157227e-01
6.161537766456604004e-01
8.038763999938964844e-01
2.890293113887310028e-02
3.320662975311279297e-01
1.227911785244941711e-01
2.362723052501678467e-01
1.733291596174240112e-01
3.541101515293121338e-02
7.669065594673156738e-01
5.620055794715881348e-01
2.591459453105926514e-02
1.000852361321449280e-01
6.037961840629577637e-01
3.518110141158103943e-02
1.227911785244941711e-01
2.661267817020416260e-01
2.171277701854705811e-01
2.308827340602874756e-01
9.173350036144256592e-02
8.691482543945312500e-01
5.286914706230163574e-01
3.535902500152587891e-01
5.730909481644630432e-02
3.834974169731140137e-01
4.245028272271156311e-02
7.180287837982177734e-01
3.739516735076904297e-01
1.115104258060455322e-01
5.783516168594360352e-02
3.949148207902908325e-02
7.275071740150451660e-01
1.039525195956230164e-01
2.832151949405670166e-01
2.795691788196563721e-02
8.681611418724060059e-01
9.615456312894821167e-02
2.955119684338569641e-02
2.672686874866485596e-01
8.394836783409118652e-01
2.866196930408477783e-01
3.566887974739074707e-02
3.165700659155845642e-02
3.586710691452026367e-01
3.183020651340484619e-01
8.963200449943542480e-02
4.957647249102592468e-02
1.687273532152175903e-01
2.852348089218139648e-01
5.060580372810363770e-01
4.953961446881294250e-02
1.699990630149841309e-01
2.566297911107540131e-02
1.096812635660171509e-01
9.381208419799804688e-01
5.021054297685623169e-02
5.953783169388771057e-02
9.488748908042907715e-01
3.475680053234100342e-01
5.687376260757446289e-01
9.430015087127685547e-02
9.011478424072265625e-01
7.320930361747741699e-01
3.812248259782791138e-02
8.734363913536071777e-01
8.929460048675537109e-01
3.617106974124908447e-01
2.345433458685874939e-02
6.237016916275024414e-01
2.065436393022537231e-01
1.395969837903976440e-01
8.499010205268859863e-01
3.907552361488342285e-02
4.294909164309501648e-02
3.559620380401611328e-01
1.007944270968437195e-01
1.925277858972549438e-01
4.414263069629669189e-01
3.439163416624069214e-02
2.284579277038574219e-01
3.713893890380859375e-02
8.754984736442565918e-01
7.405048012733459473e-01
1.783983558416366577e-01
1.054893136024475098e-01
3.426052629947662354e-01
1.010322868824005127e-01
1.252498030662536621e-01
8.849028944969177246e-01
3.027133941650390625e-01
8.291273713111877441e-01
9.159556627273559570e-01
4.242065548896789551e-01
3.900243341922760010e-02
7.103034853935241699e-01
1.049564555287361145e-01
8.492671847343444824e-01
5.234220996499061584e-02
3.038229048252105713e-01
3.661487996578216553e-01
7.910736203193664551e-01
3.845042586326599121e-01
5.622414946556091309e-01
1.227911785244941711e-01
2.858061194419860840e-01
2.742437124252319336e-01
3.529316782951354980e-01
2.068513035774230957e-01
3.740064799785614014e-01
4.704269468784332275e-01
4.454503953456878662e-01
6.967982649803161621e-01
7.479780316352844238e-01
2.497771233320236206e-01
3.729068338871002197e-01
8.349948525428771973e-01
3.762884065508842468e-02
6.306810379028320312e-01
1.211860924959182739e-01
7.851321995258331299e-02
1.485734134912490845e-01
2.196086794137954712e-01
5.224707722663879395e-01
6.952997446060180664e-01
7.227041721343994141e-01
5.716093778610229492e-01
8.808607459068298340e-01
9.426003694534301758e-01
9.057182073593139648e-01
3.036295808851718903e-02
4.491631984710693359e-01
5.703622102737426758e-01
7.751826643943786621e-01
8.932148218154907227e-01
1.644328981637954712e-01
3.860338330268859863e-01
2.239746898412704468e-01
1.890078783035278320e-01
8.778790831565856934e-01
2.476200275123119354e-02
4.542996287345886230e-01
7.947299480438232422e-01
3.279467299580574036e-02
1.101618483662605286e-01
4.657495617866516113e-01
3.728837370872497559e-01
9.215288758277893066e-01
2.688442729413509369e-02
3.682480007410049438e-02
1.340194791555404663e-01
8.895356059074401855e-01
8.669397830963134766e-01
2.602184377610683441e-02
8.847266435623168945e-01
5.121324211359024048e-02
8.042529821395874023e-01
3.148919045925140381e-01
8.120316863059997559e-01
7.216097116470336914e-01
4.597627744078636169e-02
6.570067405700683594e-01
8.108547925949096680e-01
2.871402539312839508e-02
2.734200097620487213e-02
8.100578784942626953e-01
3.279956430196762085e-02
1.394007802009582520e-01
3.800741732120513916e-01
4.058870077133178711e-01
2.883204631507396698e-02
5.767139792442321777e-01
3.710894584655761719e-01
6.206564605236053467e-02
6.019734591245651245e-02
3.421064019203186035e-01
8.848497271537780762e-01
8.647031188011169434e-01
9.145275354385375977e-01
2.812780737876892090e-01
6.784653663635253906e-01
6.368280202150344849e-02
3.777125775814056396e-01
3.531692549586296082e-02
7.498306035995483398e-02
2.755596861243247986e-02
8.270781636238098145e-01
8.771026730537414551e-01
9.252687692642211914e-01
1.792115718126296997e-01
5.025151371955871582e-01
4.704405739903450012e-02
8.858647942543029785e-02
8.537185192108154297e-01
7.161374688148498535e-01
6.455939263105392456e-02
6.072149798274040222e-02
7.890791445970535278e-02
2.819063700735569000e-02
2.631196975708007812e-01
8.972140550613403320e-01
4.000984430313110352e-01
3.693199902772903442e-02
7.597818970680236816e-02
7.097102403640747070e-01
5.115607976913452148e-01
4.254570975899696350e-02
3.534003198146820068e-01
5.683248043060302734e-01
9.000089168548583984e-01
1.885066330432891846e-01
6.813890486955642700e-02
2.803888320922851562e-01
6.169682741165161133e-01
6.637560129165649414e-01
3.179472684860229492e-02
3.993676006793975830e-01
8.768069148063659668e-01
8.547074198722839355e-01
2.311988472938537598e-01
1.227911785244941711e-01
3.235710784792900085e-02
4.995678961277008057e-01
7.071135640144348145e-01
3.357099294662475586e-01
1.703082621097564697e-01
5.653840303421020508e-01
1.636583060026168823e-01
3.536734357476234436e-02
3.023158945143222809e-02
3.462659418582916260e-01
2.839051187038421631e-01
2.869591303169727325e-02
7.459851503372192383e-01
8.339182734489440918e-01
2.994452714920043945e-01
6.107273101806640625e-01
3.845030069351196289e-01
4.174928069114685059e-01
2.971840500831604004e-01
6.338611990213394165e-02
7.837236523628234863e-01
9.234273433685302734e-01
2.559593319892883301e-02
9.155716300010681152e-01
9.216346740722656250e-01
8.599256873130798340e-01
4.581754505634307861e-01
8.564668297767639160e-01
7.215183973312377930e-02
3.299811780452728271e-01
5.717087388038635254e-01
7.725576162338256836e-01
7.037318944931030273e-01
1.315236538648605347e-01
2.489640861749649048e-01
4.992076754570007324e-01
8.385327458381652832e-01
1.406774818897247314e-01
1.937306970357894897e-01
6.090658307075500488e-01
6.605834364891052246e-01
3.524072468280792236e-01
6.815291196107864380e-02
4.533120393753051758e-01
8.128459006547927856e-02
3.771834969520568848e-01
3.755396604537963867e-01
6.345225572586059570e-01
2.857073396444320679e-02
7.556629776954650879e-01
3.573388233780860901e-02
5.387785434722900391e-01
8.331032395362854004e-01
3.245848044753074646e-02
6.619265675544738770e-02
2.031078189611434937e-01
3.801268339157104492e-01
9.142845273017883301e-01
5.180723071098327637e-01
8.865370154380798340e-01
5.199766159057617188e-02
2.909163944423198700e-02
2.917374670505523682e-02
8.953004479408264160e-01
2.918947637081146240e-01
7.410877346992492676e-01
5.691282749176025391e-01
3.225877285003662109e-01
4.462721943855285645e-02
2.977328002452850342e-02
6.161077022552490234e-01
9.041249752044677734e-01
3.229156509041786194e-02
1.568218916654586792e-01
9.083228707313537598e-01
8.266649395227432251e-02
3.010724857449531555e-02
1.567486822605133057e-01
3.180300071835517883e-02
2.328239530324935913e-01
2.790625989437103271e-01
3.678370714187622070e-01
3.021079674363136292e-02
3.808010220527648926e-01
1.562326401472091675e-01
1.227911785244941711e-01
5.089290738105773926e-01
4.891874492168426514e-01
1.402450948953628540e-01
1.532114744186401367e-01
1.027838811278343201e-01
1.634579598903656006e-01
4.155962467193603516e-01
7.823291420936584473e-02
2.493035644292831421e-01
2.149028927087783813e-01
5.242681503295898438e-01
9.406360983848571777e-01
2.794070839881896973e-01
5.276671051979064941e-01
1.284200698137283325e-01
7.275659441947937012e-01
2.826093435287475586e-01
1.711182147264480591e-01
3.391923010349273682e-01
8.919002413749694824e-01
3.391286358237266541e-02
2.007894217967987061e-01
6.956318020820617676e-02
9.650899469852447510e-02
4.758533239364624023e-01
7.580235004425048828e-01
1.767746806144714355e-01
3.157036900520324707e-01
9.031163454055786133e-01
3.341038823127746582e-01
5.355448126792907715e-01
3.037923872470855713e-01
1.104002818465232849e-01
7.898488044738769531e-01
1.740834563970565796e-01
2.758524380624294281e-02
9.077843427658081055e-01
3.749471306800842285e-01
8.845115900039672852e-01
2.326039969921112061e-01
4.079943895339965820e-02
1.544440239667892456e-01
1.303049325942993164e-01
1.177249848842620850e-01
5.051273703575134277e-01
4.956991598010063171e-02
6.367873400449752808e-02
4.011204838752746582e-01
7.797355949878692627e-02
8.733078241348266602e-01
5.652026534080505371e-01
8.149453401565551758e-01
3.405597433447837830e-02
6.603462100028991699e-01
6.712967753410339355e-01
3.161998689174652100e-01
8.793827295303344727e-01
7.254393696784973145e-01
6.139158606529235840e-01
2.822978422045707703e-02
9.056665897369384766e-01
4.008715748786926270e-01
4.709747433662414551e-02
8.819478154182434082e-01
2.499220967292785645e-01
8.548354506492614746e-01
1.800436973571777344e-01
5.832971930503845215e-01
2.964670956134796143e-01
3.751769959926605225e-01
3.627967536449432373e-01
9.010064601898193359e-01
1.498444229364395142e-01
3.592977821826934814e-01
2.529945969581604004e-02
8.943664431571960449e-01
1.719060987234115601e-01
2.759913727641105652e-02
8.820425271987915039e-01
8.445664644241333008e-01
3.843742012977600098e-01
5.763880535960197449e-02
8.720905780792236328e-01
5.758882761001586914e-01
8.890555500984191895e-01
3.573702573776245117e-01
8.867119550704956055e-01
2.800407260656356812e-02
5.062486529350280762e-01
3.621406480669975281e-02
5.539425611495971680e-01
4.720428213477134705e-02
4.583293497562408447e-01
3.574108183383941650e-01
1.548757255077362061e-01
4.375883936882019043e-01
1.447049528360366821e-01
6.123585700988769531e-01
8.436809778213500977e-01
1.590626835823059082e-01
5.556854605674743652e-01
3.707314282655715942e-02
4.965420961380004883e-01
8.573847413063049316e-01
7.757526040077209473e-01
3.202581107616424561e-01
3.528447747230529785e-01
1.994654685258865356e-01
7.122899293899536133e-01
6.086675822734832764e-02
3.394737541675567627e-01
9.003349542617797852e-01
8.534140884876251221e-02
7.483699917793273926e-01
3.565206229686737061e-01
8.287429809570312500e-01
2.980418205261230469e-01
4.335322380065917969e-01
5.741471052169799805e-02
3.233846649527549744e-02
1.561971455812454224e-01
8.501017093658447266e-01
8.032416105270385742e-01
5.867096185684204102e-01
1.415023356676101685e-01
7.668375968933105469e-01
9.143648147583007812e-01
7.665439844131469727e-01
8.171107620000839233e-02
4.059068858623504639e-01
8.017972707748413086e-01
8.322211503982543945e-01
7.108619213104248047e-01
8.422678709030151367e-02
9.022917151451110840e-01
8.484199643135070801e-01
5.776625871658325195e-01
8.926039338111877441e-01
6.854024529457092285e-01
2.919808216392993927e-02
6.922469735145568848e-01
2.243233621120452881e-01
7.956098318099975586e-01
8.422013372182846069e-02
7.960727810859680176e-01
8.865696787834167480e-01
2.009173482656478882e-01
7.422335147857666016e-01
8.875086307525634766e-01
8.471744060516357422e-01
3.158560395240783691e-02
2.049868553876876831e-01
8.766550421714782715e-01
3.041473031044006348e-01
4.913388788700103760e-01
3.790408074855804443e-01
7.235195040702819824e-01
7.617056965827941895e-01
7.530206441879272461e-01
9.549516439437866211e-02
1.227911785244941711e-01
1.227911785244941711e-01
2.869480848312377930e-02
2.579300999641418457e-01
1.659857779741287231e-01
8.030595183372497559e-01
2.243987321853637695e-01
3.084520995616912842e-02
6.952160596847534180e-01
5.332652926445007324e-01
1.054844930768013000e-01
4.188167452812194824e-01
5.796240270137786865e-02
7.666928172111511230e-01
6.567928194999694824e-01
2.962092868983745575e-02
2.875581681728363037e-01
2.878839336335659027e-02
5.747821927070617676e-01
2.987675070762634277e-01
4.146798700094223022e-02
1.522801220417022705e-01
6.724652647972106934e-02
4.372063279151916504e-01
5.540082603693008423e-02
5.944671109318733215e-02
2.064897716045379639e-01
7.436016947031021118e-02
4.299028217792510986e-01
2.845949530601501465e-01
3.881558030843734741e-02
4.016000032424926758e-02
5.317255854606628418e-01
4.763785600662231445e-01
2.876613475382328033e-02
9.348763227462768555e-01
7.676261663436889648e-01
3.296683132648468018e-01
2.049488723278045654e-01
1.918740421533584595e-01
4.560968279838562012e-02
1.251524388790130615e-01
6.668000817298889160e-01
5.654826015233993530e-02
5.223522782325744629e-01
7.513150572776794434e-01
8.447679281234741211e-01
1.285631209611892700e-01
1.704205125570297241e-01
4.785544797778129578e-02
3.660061061382293701e-01
4.364323616027832031e-01
4.164221286773681641e-01
6.918331384658813477e-01
8.169791102409362793e-02
9.414180517196655273e-01
8.370013535022735596e-02
3.348453640937805176e-01
8.739677071571350098e-01
3.371331095695495605e-01
8.688672780990600586e-01
6.376218795776367188e-01
7.980206608772277832e-01
2.140021771192550659e-01
8.770911693572998047e-01
7.361084222793579102e-01
1.276401877403259277e-01
8.862823247909545898e-01
2.678078413009643555e-01
8.149449229240417480e-01
8.053532838821411133e-01
3.308163210749626160e-02
2.619062736630439758e-02
3.114913403987884521e-01
1.598542183637619019e-01
5.243590101599693298e-02
1.261221766471862793e-01
9.330773353576660156e-01
1.241540163755416870e-01
3.007076121866703033e-02
1.747298687696456909e-01
7.169772684574127197e-02
3.879264295101165771e-01
4.230823367834091187e-02
2.829752862453460693e-01
2.911643870174884796e-02
5.471131205558776855e-01
3.100433349609375000e-01
7.264668941497802734e-01
5.612260103225708008e-01
8.741116523742675781e-01
3.669552505016326904e-01
2.407446354627609253e-01
3.139239549636840820e-01
8.285768628120422363e-01
4.045836254954338074e-02
5.764443874359130859e-01
3.270453810691833496e-01
2.538315206766128540e-02
8.880245685577392578e-01
1.354465335607528687e-01
1.877175122499465942e-01
6.098341941833496094e-02
5.232519507408142090e-01
3.638689815998077393e-01
8.277415633201599121e-01
6.500415503978729248e-02
3.315011560916900635e-01
3.354803100228309631e-02
5.684482455253601074e-01
4.575340151786804199e-01
1.944583803415298462e-01
3.382768929004669189e-01
6.030552089214324951e-02
4.277927428483963013e-02
1.408968418836593628e-01
1.227911785244941711e-01
5.645305514335632324e-01
1.112866550683975220e-01
8.406157493591308594e-01
8.302762508392333984e-01
7.835944741964340210e-02
