5.570580065250396729e-02
9.624937772750854492e-01
5.975713580846786499e-02
9.360842704772949219e-01
1.058673933148384094e-01
6.083952262997627258e-02
8.638303279876708984e-01
1.638262569904327393e-01
9.358155727386474609e-01
6.664889305830001831e-02
3.648228049278259277e-01
6.070268526673316956e-02
8.889832496643066406e-01
4.861284792423248291e-01
1.096065416932106018e-01
1.753848642110824585e-01
3.143562376499176025e-01
6.414648890495300293e-01
9.577379226684570312e-01
3.851685822010040283e-01
8.864569664001464844e-01
8.728492259979248047e-01
6.904380768537521362e-02
6.517933309078216553e-02
3.045603632926940918e-01
6.167916208505630493e-02
8.717931509017944336e-01
1.913369297981262207e-01
3.307193517684936523e-01
1.006195545196533203e-01
1.362132728099822998e-01
4.938546568155288696e-02
8.865875005722045898e-01
8.242568373680114746e-02
2.588542401790618896e-01
1.275773048400878906e-01
3.736068606376647949e-01
1.350886970758438110e-01
3.471239209175109863e-01
9.319989085197448730e-01
8.693329244852066040e-02
6.122685223817825317e-02
6.230285391211509705e-02
7.732028514146804810e-02
1.398345232009887695e-01
1.327474713325500488e-01
6.908340752124786377e-02
3.488571643829345703e-01
5.426063761115074158e-02
8.941102623939514160e-01
1.406218558549880981e-01
5.684021487832069397e-02
1.290689557790756226e-01
1.891137510538101196e-01
8.887989073991775513e-02
1.261975765228271484e-01
9.363630414009094238e-01
6.915788352489471436e-02
5.860900133848190308e-02
1.063008159399032593e-01
1.170569732785224915e-01
1.967475116252899170e-01
5.964969471096992493e-02
6.251566857099533081e-02
6.291180104017257690e-02
8.316147327423095703e-02
6.038589030504226685e-02
6.030524522066116333e-02
1.486881971359252930e-01
1.331622302532196045e-01
6.296288222074508667e-02
5.010159611701965332e-01
6.396012306213378906e-01
1.987875849008560181e-01
8.123528212308883667e-02
6.028528138995170593e-02
1.595887243747711182e-01
5.085820332169532776e-02
7.686235755681991577e-02
6.544588506221771240e-02
9.384084939956665039e-01
8.205652832984924316e-01
8.950406908988952637e-01
4.981119632720947266e-01
9.290183186531066895e-01
5.055556893348693848e-01
6.651229411363601685e-02
7.700381428003311157e-02
9.144160747528076172e-01
1.372778862714767456e-01
4.652880728244781494e-01
6.276074796915054321e-02
6.017064303159713745e-02
2.977956533432006836e-01
1.137720718979835510e-01
5.501788854598999023e-01
3.222092092037200928e-01
9.203261137008666992e-01
7.580927759408950806e-02
6.687544286251068115e-02
7.796389460563659668e-01
7.381307333707809448e-02
2.734032869338989258e-01
1.175367310643196106e-01
3.642716705799102783e-01
5.974339321255683899e-02
8.088663220405578613e-02
7.209340333938598633e-01
2.346669137477874756e-01
4.195053577423095703e-01
3.834245502948760986e-01
6.046535819768905640e-02
6.451006233692169189e-02
9.012683033943176270e-01
2.204085588455200195e-01
7.360603660345077515e-02
9.281464219093322754e-01
6.278698891401290894e-02
2.877727746963500977e-01
8.434929847717285156e-01
5.171513184905052185e-02
1.001106947660446167e-01
6.593434512615203857e-02
6.248028278350830078e-01
9.241752028465270996e-01
1.011932864785194397e-01
7.619476318359375000e-02
7.596700638532638550e-02
6.402596831321716309e-02
5.603282526135444641e-02
9.415478706359863281e-01
5.670453608036041260e-02
9.383952617645263672e-01
9.988218545913696289e-02
4.140235781669616699e-01
4.633646309375762939e-01
9.138269424438476562e-01
1.606694161891937256e-01
3.947995305061340332e-01
5.987192317843437195e-02
8.512265682220458984e-01
8.399168848991394043e-01
5.647020936012268066e-01
3.729577660560607910e-01
3.781512677669525146e-01
6.385827064514160156e-02
5.756692290306091309e-01
5.160618424415588379e-01
8.036057353019714355e-01
6.700784713029861450e-02
5.894026905298233032e-02
8.280441910028457642e-02
6.042211502790451050e-02
1.321761608123779297e-01
1.144748479127883911e-01
7.279963046312332153e-02
2.823765873908996582e-01
7.006582617759704590e-01
5.083885788917541504e-01
8.790270686149597168e-01
4.131453931331634521e-01
7.575725913047790527e-01
6.063934415578842163e-02
1.782173961400985718e-01
9.190610051155090332e-01
3.073090910911560059e-01
2.571337223052978516e-01
3.508130609989166260e-01
6.687024980783462524e-02
1.490016430616378784e-01
7.371821254491806030e-02
5.998697876930236816e-02
2.385144829750061035e-01
8.746077418327331543e-01
8.532356470823287964e-02
9.758633375167846680e-01
7.721259593963623047e-01
5.677885562181472778e-02
9.422326683998107910e-01
2.422009259462356567e-01
2.451496720314025879e-01
6.116881966590881348e-02
1.339415311813354492e-01
8.736262470483779907e-02
1.639183461666107178e-01
1.114524900913238525e-01
1.609586179256439209e-01
4.952720999717712402e-01
2.981238961219787598e-01
4.824523329734802246e-01
6.224261224269866943e-02
8.615651726722717285e-01
1.639183461666107178e-01
9.191801548004150391e-01
2.053379714488983154e-01
3.385137021541595459e-01
5.490968003869056702e-02
1.756414175033569336e-01
2.653254270553588867e-01
3.815000876784324646e-02
5.573967099189758301e-02
2.263942807912826538e-01
9.319952726364135742e-01
7.848677039146423340e-02
7.111217975616455078e-01
9.025910496711730957e-01
9.153983592987060547e-01
6.806095689535140991e-02
9.540600180625915527e-01
2.577355802059173584e-01
7.499901205301284790e-02
5.385040119290351868e-02
4.046112596988677979e-01
4.493210315704345703e-01
1.979593783617019653e-01
5.159069225192070007e-02
8.794598579406738281e-01
3.124100565910339355e-01
8.217107057571411133e-01
9.139244258403778076e-02
8.647318482398986816e-01
9.324676990509033203e-01
8.701102733612060547e-01
1.198744103312492371e-01
2.073598653078079224e-01
6.500888615846633911e-02
8.221451044082641602e-01
5.845365524291992188e-01
8.852514624595642090e-02
8.622497320175170898e-01
5.637245178222656250e-01
9.057163596153259277e-01
8.396596461534500122e-02
9.739354252815246582e-01
8.899649977684020996e-01
2.279549688100814819e-01
5.463330149650573730e-01
9.277096986770629883e-01
1.434416621923446655e-01
3.647191226482391357e-01
9.072299003601074219e-01
1.639183461666107178e-01
9.458345174789428711e-01
8.547152578830718994e-02
1.636149287223815918e-01
1.374820470809936523e-01
6.472926586866378784e-02
9.260528683662414551e-01
6.970523297786712646e-02
8.480880856513977051e-01
2.846538722515106201e-01
1.639183461666107178e-01
1.224863082170486450e-01
5.777176469564437866e-02
7.000197470188140869e-02
6.939154118299484253e-02
1.824183911085128784e-01
8.636907935142517090e-01
4.438745379447937012e-01
8.928734064102172852e-01
9.751051664352416992e-02
7.276651263236999512e-01
3.931320905685424805e-01
6.098722293972969055e-02
2.015496939420700073e-01
4.129101336002349854e-01
2.095526307821273804e-01
5.214093923568725586e-01
1.099110245704650879e-01
6.101679205894470215e-01
9.283937811851501465e-01
8.903472423553466797e-01
5.259215831756591797e-01
1.805874556303024292e-01
7.912569046020507812e-01
1.226875931024551392e-01
9.136386513710021973e-01
5.724625661969184875e-02
9.301789999008178711e-01
8.840584754943847656e-02
8.703332394361495972e-02
8.707060217857360840e-01
2.501128911972045898e-01
2.189752012491226196e-01
1.791053712368011475e-01
3.579843938350677490e-01
5.909088999032974243e-02
6.984053552150726318e-02
5.579625964164733887e-01
9.015350043773651123e-02
6.381074339151382446e-02
9.193739891052246094e-01
7.119431495666503906e-01
1.954685896635055542e-01
1.115686818957328796e-01
5.651867017149925232e-02
3.889748752117156982e-01
8.680879473686218262e-01
8.826157450675964355e-01
6.165593117475509644e-02
9.314489960670471191e-01
3.311700224876403809e-01
1.236607953906059265e-01
6.600328534841537476e-02
1.146740764379501343e-01
6.111823767423629761e-02
9.932709485292434692e-02
3.789139091968536377e-01
9.172027707099914551e-01
4.008791446685791016e-01
2.835845649242401123e-01
1.023387163877487183e-01
7.199053466320037842e-02
7.868111878633499146e-02
8.479601740837097168e-01
3.382367193698883057e-01
9.422225356101989746e-01
8.732643723487854004e-01
1.166314259171485901e-01
1.558136194944381714e-01
4.196595251560211182e-01
2.184883803129196167e-01
8.509237766265869141e-01
9.401135444641113281e-01
2.573029994964599609e-01
7.145159840583801270e-01
1.930923759937286377e-01
6.572372466325759888e-02
7.555369287729263306e-02
7.588393986225128174e-02
5.782284587621688843e-02
1.639183461666107178e-01
3.115555047988891602e-01
1.106979325413703918e-01
8.940163999795913696e-02
9.065095186233520508e-01
1.967543065547943115e-01
5.702097341418266296e-02
8.660423010587692261e-02
2.078999429941177368e-01
7.164212316274642944e-02
8.389208465814590454e-02
5.298833847045898438e-01
2.767316401004791260e-01
8.437057733535766602e-01
5.519451573491096497e-02
8.742781728506088257e-02
4.265774786472320557e-01
1.672848463058471680e-01
8.745735883712768555e-01
6.517219543457031250e-02
5.750783905386924744e-02
5.935617536306381226e-02
8.415053784847259521e-02
3.195022046566009521e-01
7.613471150398254395e-02
9.425294995307922363e-01
8.208982646465301514e-02
2.108721733093261719e-01
1.063065230846405029e-01
6.134930998086929321e-02
4.348361194133758545e-01
2.049439847469329834e-01
9.978429973125457764e-02
8.850867748260498047e-01
3.611384034156799316e-01
3.796991407871246338e-01
9.287986159324645996e-01
2.540758848190307617e-01
1.639183461666107178e-01
3.513990342617034912e-01
7.599879801273345947e-02
7.179029285907745361e-02
9.953879565000534058e-02
6.409816443920135498e-02
6.520376354455947876e-02
2.120307236909866333e-01
5.630280449986457825e-02
9.433829188346862793e-01
9.227012097835540771e-02
7.341728359460830688e-02
5.864362791180610657e-02
9.180756807327270508e-01
7.993863224983215332e-01
1.586075723171234131e-01
6.790364533662796021e-02
2.926618456840515137e-01
4.589784741401672363e-01
1.413730382919311523e-01
4.301900565624237061e-01
5.345417931675910950e-02
6.387022882699966431e-02
7.548699527978897095e-02
7.610829919576644897e-02
6.249065697193145752e-02
9.614171832799911499e-02
8.277601003646850586e-01
2.209384143352508545e-01
8.899860382080078125e-01
1.064394488930702209e-01
2.671119272708892822e-01
6.243965029716491699e-02
9.263803958892822266e-01
8.243472576141357422e-01
7.583326697349548340e-01
7.272573709487915039e-01
3.344369232654571533e-01
4.741943478584289551e-01
1.937538236379623413e-01
1.076909080147743225e-01
7.092551887035369873e-02
5.964741483330726624e-02
3.953559994697570801e-01
5.561368465423583984e-01
9.416947960853576660e-01
5.473451316356658936e-02
3.896925449371337891e-01
1.639183461666107178e-01
6.475477665662765503e-02
6.380137056112289429e-02
6.010379642248153687e-02
9.049186706542968750e-01
4.761548042297363281e-01
5.043896660208702087e-02
6.955815851688385010e-02
4.759204983711242676e-01
5.911197513341903687e-02
1.639183461666107178e-01
2.479079514741897583e-01
7.108926028013229370e-02
8.356782793998718262e-02
6.925238668918609619e-02
8.828706741333007812e-01
5.732325315475463867e-01
9.558264166116714478e-02
7.122813165187835693e-02
2.672373354434967041e-01
3.099391981959342957e-02
4.825713336467742920e-01
7.336507737636566162e-02
1.438233703374862671e-01
2.562094293534755707e-02
6.861917674541473389e-02
7.916985750198364258e-01
7.914011925458908081e-02
1.759506314992904663e-01
5.416295677423477173e-02
8.780328035354614258e-01
8.545868843793869019e-02
5.417122319340705872e-02
4.801508486270904541e-01
8.487920761108398438e-01
3.620167374610900879e-01
5.762840807437896729e-02
6.096943467855453491e-02
1.709116846323013306e-01
5.837538242340087891e-01
1.100506111979484558e-01
6.688354164361953735e-02
1.723295897245407104e-01
1.618966609239578247e-01
2.346447557210922241e-01
7.299001514911651611e-02
7.980132102966308594e-02
5.404950305819511414e-02
5.714185535907745361e-02
9.708334803581237793e-01
1.220457553863525391e-01
1.924231052398681641e-01
9.740428328514099121e-01
7.895974069833755493e-02
7.079955339431762695e-01
6.100591272115707397e-02
9.191914200782775879e-01
4.961082935333251953e-01
5.989525839686393738e-02
8.989661931991577148e-01
9.151073694229125977e-01
2.039314955472946167e-01
4.685293510556221008e-02
4.419452548027038574e-01
1.802990436553955078e-01
1.676456332206726074e-01
8.068971037864685059e-01
6.632690131664276123e-02
6.716196238994598389e-02
3.024286031723022461e-01
1.076779887080192566e-01
6.804791837930679321e-02
4.938025474548339844e-01
5.741437897086143494e-02
3.934319913387298584e-01
7.840858399868011475e-02
8.504119515419006348e-01
4.304421544075012207e-01
1.291748583316802979e-01
1.537792831659317017e-01
3.211396336555480957e-01
1.042234972119331360e-01
1.041967198252677917e-01
8.853983283042907715e-01
6.385520845651626587e-02
7.630631923675537109e-01
9.399421811103820801e-01
2.698231339454650879e-01
5.884914100170135498e-02
8.315240144729614258e-01
1.297356635332107544e-01
9.141190052032470703e-01
6.556849926710128784e-02
4.928412139415740967e-01
3.960922956466674805e-01
8.988155722618103027e-01
3.500681817531585693e-01
5.327325463294982910e-01
1.639183461666107178e-01
1.899916529655456543e-01
3.651877939701080322e-01
1.049495562911033630e-01
9.424283355474472046e-02
1.781508624553680420e-01
4.451646208763122559e-01
1.095211058855056763e-01
6.620696187019348145e-01
7.366427779197692871e-01
6.479436159133911133e-02
3.532128632068634033e-01
8.850070834159851074e-01
6.543496251106262207e-02
4.420127868652343750e-01
8.130964636802673340e-02
5.350668728351593018e-02
1.222499683499336243e-01
1.104247719049453735e-01
2.094253748655319214e-01
5.171728730201721191e-01
5.615135431289672852e-01
6.318613290786743164e-01
9.092277288436889648e-01
9.304384589195251465e-01
9.133163690567016602e-01
5.229669436812400818e-02
2.798025310039520264e-01
4.712349474430084229e-01
1.199392378330230713e-01
9.287159442901611328e-01
9.496952593326568604e-02
2.279897332191467285e-01
2.670041024684906006e-01
1.551382988691329956e-01
9.214720726013183594e-01
5.245721712708473206e-02
2.791266739368438721e-01
8.651920557022094727e-01
6.034452468156814575e-02
7.864166796207427979e-02
4.844197630882263184e-01
4.681319594383239746e-01
9.530897736549377441e-01
5.152805894613265991e-02
6.119268760085105896e-02
8.255107700824737549e-02
9.104403257369995117e-01
9.320893883705139160e-01
5.323112010955810547e-02
8.810650706291198730e-01
5.732406303286552429e-02
8.254200816154479980e-01
2.110240161418914795e-01
8.238722681999206543e-01
7.664920091629028320e-01
6.631859391927719116e-02
3.388560712337493896e-01
6.730114817619323730e-01
5.240465328097343445e-02
5.564387515187263489e-02
4.361031353473663330e-01
4.719503968954086304e-02
1.565315723419189453e-01
4.763669669628143311e-01
3.609106242656707764e-01
5.719353631138801575e-02
4.632790088653564453e-01
2.892903983592987061e-01
2.149729281663894653e-01
5.460502207279205322e-02
3.902787566184997559e-01
9.398688077926635742e-01
8.883876800537109375e-01
9.512655735015869141e-01
2.731474936008453369e-01
4.259058237075805664e-01
8.202701061964035034e-02
4.605413675308227539e-01
6.994549930095672607e-02
6.755682826042175293e-02
5.583148449659347534e-02
9.133015275001525879e-01
9.204019904136657715e-01
9.324066638946533203e-01
1.708064675331115723e-01
3.365927636623382568e-01
7.865495979785919189e-02
2.421297729015350342e-01
9.274857640266418457e-01
4.629019796848297119e-01
7.609654217958450317e-02
7.253614068031311035e-02
6.521443277597427368e-02
5.707070231437683105e-02
1.052533611655235291e-01
9.402547478675842285e-01
7.250583767890930176e-01
5.746903643012046814e-02
9.683001786470413208e-02
4.092706739902496338e-01
7.695526480674743652e-01
6.019644066691398621e-02
1.553346663713455200e-01
5.987963676452636719e-01
9.437781572341918945e-01
1.036442741751670837e-01
6.764965504407882690e-02
1.782436221837997437e-01
4.460618197917938232e-01
2.871415913105010986e-01
5.434488132596015930e-02
4.387730956077575684e-01
9.209275841712951660e-01
8.624758124351501465e-01
1.879762560129165649e-01
1.639183461666107178e-01
6.150991469621658325e-02
5.101977586746215820e-01
4.090627729892730713e-01
2.029975652694702148e-01
2.570229470729827881e-01
7.010573148727416992e-01
6.893166154623031616e-02
5.892483890056610107e-02
5.943192541599273682e-02
4.003888666629791260e-01
1.828587949275970459e-01
5.468054488301277161e-02
4.234710633754730225e-01
8.454176783561706543e-01
5.389640331268310547e-01
4.938048124313354492e-01
2.451705634593963623e-01
3.452323079109191895e-01
1.113679483532905579e-01
7.034051418304443359e-02
8.785498142242431641e-01
9.558526873588562012e-01
5.152162909507751465e-02
9.405228495597839355e-01
9.512581229209899902e-01
8.216229677200317383e-01
6.002731323242187500e-01
8.601936697959899902e-01
6.566704809665679932e-02
2.477744668722152710e-01
8.079984784126281738e-01
5.002611279487609863e-01
7.733645439147949219e-01
9.745192527770996094e-02
2.665351927280426025e-01
1.304572224617004395e-01
7.259551882743835449e-01
1.440261602401733398e-01
2.027649432420730591e-01
4.453438818454742432e-01
2.949946820735931396e-01
4.533976912498474121e-01
1.034057214856147766e-01
5.213825702667236328e-01
1.181246638298034668e-01
3.601457178592681885e-01
6.054631471633911133e-01
5.915207862854003906e-01
5.397918447852134705e-02
8.780573606491088867e-01
5.524776130914688110e-02
2.401330173015594482e-01
9.017999172210693359e-01
5.729134753346443176e-02
8.185976743698120117e-02
6.116324290633201599e-02
9.681087732315063477e-02
9.294841289520263672e-01
3.474959135055541992e-01
8.947234749794006348e-01
6.347658485174179077e-02
5.429024249315261841e-02
5.828467756509780884e-02
9.262477159500122070e-01
1.429141312837600708e-01
6.793438196182250977e-01
8.213186860084533691e-01
1.151629537343978882e-01
7.738222926855087280e-02
5.189857259392738342e-02
4.536046981811523438e-01
9.286966919898986816e-01
5.572409927845001221e-02
6.896630674600601196e-02
9.289095997810363770e-01
7.098750770092010498e-02
6.000558659434318542e-02
4.164936244487762451e-01
6.343916058540344238e-02
1.329805999994277954e-01
4.427018165588378906e-01
2.324994206428527832e-01
5.874895304441452026e-02
6.231042370200157166e-02
6.953619420528411865e-02
1.639183461666107178e-01
4.547819197177886963e-01
4.963195323944091797e-01
8.287823945283889771e-02
1.042146161198616028e-01
6.836243718862533569e-02
6.554129719734191895e-02
2.331386059522628784e-01
6.979770958423614502e-02
4.285648837685585022e-02
7.039389759302139282e-02
2.581303417682647705e-01
9.477358460426330566e-01
1.341755688190460205e-01
9.005892276763916016e-02
6.686489284038543701e-02
7.466657757759094238e-01
2.362283319234848022e-01
1.751044839620590210e-01
2.924972772598266602e-01
9.050843715667724609e-01
6.135456264019012451e-02
1.162628233432769775e-01
6.546413898468017578e-02
8.344932645559310913e-02
5.729643628001213074e-02
8.167052268981933594e-01
7.605431973934173584e-02
1.734749823808670044e-01
9.381734132766723633e-01
3.624542653560638428e-01
6.491373777389526367e-01
2.651734352111816406e-01
1.259409934282302856e-01
8.372933268547058105e-01
5.788012221455574036e-02
5.252475664019584656e-02
9.339389801025390625e-01
4.439479708671569824e-01
8.698984384536743164e-01
1.929831355810165405e-01
5.598238110542297363e-02
2.451103627681732178e-01
9.476009011268615723e-02
1.475187242031097412e-01
4.156320989131927490e-01
6.385637074708938599e-02
6.243624165654182434e-02
5.486294031143188477e-01
7.641796767711639404e-02
8.940374851226806641e-01
7.272969484329223633e-01
5.277712345123291016e-01
6.132920086383819580e-02
8.518666028976440430e-01
6.870091557502746582e-01
2.429411113262176514e-01
9.283739924430847168e-01
4.665472805500030518e-01
5.841946005821228027e-01
5.563726276159286499e-02
9.505547881126403809e-01
4.350080788135528564e-01
6.908636540174484253e-02
9.133866429328918457e-01
2.677259445190429688e-01
9.285805225372314453e-01
6.332948803901672363e-02
5.439641475677490234e-01
2.530919313430786133e-01
4.050455391407012939e-01
6.925994753837585449e-01
9.406136870384216309e-01
2.544167935848236084e-01
3.164345920085906982e-01
5.160732567310333252e-02
9.049283266067504883e-01
8.223654329776763916e-02
5.633306875824928284e-02
9.204411506652832031e-01
9.126136898994445801e-01
2.507971227169036865e-01
5.939482897520065308e-02
8.229405283927917480e-01
5.261784791946411133e-01
9.145592451095581055e-01
1.668266206979751587e-01
9.147540330886840820e-01
5.208335816860198975e-02
3.229663372039794922e-01
6.136282160878181458e-02
5.790138840675354004e-01
6.429161876440048218e-02
3.351731002330780029e-01
7.004826664924621582e-01
1.888770163059234619e-01
3.787950277328491211e-01
5.981567874550819397e-02
4.807724356651306152e-01
9.404467344284057617e-01
2.172145694494247437e-01
4.447069168090820312e-01
6.404662877321243286e-02
3.942894041538238525e-01
9.257402420043945312e-01
8.313159346580505371e-01
1.167668327689170837e-01
2.050115764141082764e-01
5.550147965550422668e-02
3.079040348529815674e-01
5.832787230610847473e-02
1.171364262700080872e-01
9.439263939857482910e-01
1.413966268301010132e-01
8.274982571601867676e-01
2.715185582637786865e-01
8.328587412834167480e-01
8.920625597238540649e-02
5.069746375083923340e-01
7.316159456968307495e-02
6.111258640885353088e-02
2.031533867120742798e-01
9.190925955772399902e-01
6.627575159072875977e-01
1.726376861333847046e-01
8.764298260211944580e-02
7.259927392005920410e-01
9.335761070251464844e-01
8.596694469451904297e-01
6.683342158794403076e-02
1.134302243590354919e-01
8.764980435371398926e-01
8.871666789054870605e-01
6.011347174644470215e-01
1.683839410543441772e-01
9.182050824165344238e-01
9.124510884284973145e-01
5.379139184951782227e-01
9.041412472724914551e-01
6.354414224624633789e-01
5.292066559195518494e-02
8.320075273513793945e-01
1.878483146429061890e-01
8.427742123603820801e-01
7.254491001367568970e-02
8.231534957885742188e-01
7.581567764282226562e-01
1.335157006978988647e-01
9.201307892799377441e-01
9.303691387176513672e-01
6.409975290298461914e-01
5.579247325658798218e-02
1.165045574307441711e-01
8.565222024917602539e-01
2.305794656276702881e-01
5.921828746795654297e-01
1.307491213083267212e-01
5.609539747238159180e-01
8.533020019531250000e-01
7.963343858718872070e-01
8.305689692497253418e-02
1.639183461666107178e-01
1.639183461666107178e-01
5.570272728800773621e-02
1.394743919372558594e-01
8.166409283876419067e-02
7.509690523147583008e-01
2.582577764987945557e-01
5.154486373066902161e-02
7.911639213562011719e-01
6.289358735084533691e-01
6.569278985261917114e-02
3.931329548358917236e-01
5.758983269333839417e-02
9.310415387153625488e-01
2.853917479515075684e-01
5.844535306096076965e-02
8.552987128496170044e-02
5.651608854532241821e-02
3.969504237174987793e-01
1.905846595764160156e-01
7.767607271671295166e-02
6.083877384662628174e-02
6.758802384138107300e-02
1.416379660367965698e-01
7.646089792251586914e-02
4.123220592737197876e-02
7.329297810792922974e-02
5.241473764181137085e-02
4.302831888198852539e-01
3.162745833396911621e-01
6.301864981651306152e-02
6.179394572973251343e-02
4.461133182048797607e-01
2.771064043045043945e-01
6.341285258531570435e-02
9.547604322433471680e-01
9.231218695640563965e-01
4.282163679599761963e-01
6.122758239507675171e-02
1.605523824691772461e-01
7.099791616201400757e-02
6.806828826665878296e-02
2.311904281377792358e-01
4.670735448598861694e-02
4.790737926959991455e-01
4.755172729492187500e-01
8.553286790847778320e-01
2.056185007095336914e-01
1.212699860334396362e-01
8.788760006427764893e-02
2.847683131694793701e-01
4.370770752429962158e-01
1.942751556634902954e-01
9.051128029823303223e-01
4.504029452800750732e-01
9.601603746414184570e-01
7.370658963918685913e-02
9.769267588853836060e-02
9.122723340988159180e-01
3.088378906250000000e-01
5.347425937652587891e-01
6.587500572204589844e-01
6.802693605422973633e-01
6.997750699520111084e-02
9.417814016342163086e-01
8.611789345741271973e-01
1.751636862754821777e-01
9.370937943458557129e-01
6.609313189983367920e-02
9.144293069839477539e-01
8.808437585830688477e-01
6.532690674066543579e-02
5.245485901832580566e-02
5.783270597457885742e-01
2.496834248304367065e-01
5.748365446925163269e-02
1.115484312176704407e-01
9.385364651679992676e-01
8.063277602195739746e-02
5.348172038793563843e-02
8.197247236967086792e-02
6.912042945623397827e-02
2.180997878313064575e-01
5.561901256442070007e-02
8.884723484516143799e-02
5.495130643248558044e-02
2.253958582878112793e-01
3.439068198204040527e-01
8.554915785789489746e-01
8.790915608406066895e-01
9.081361293792724609e-01
7.944914698600769043e-02
5.538938939571380615e-02
5.375256538391113281e-01
7.909481525421142578e-01
5.980924144387245178e-02
4.911066889762878418e-01
3.676384389400482178e-01
5.127647891640663147e-02
9.454650878906250000e-01
9.688208997249603271e-02
2.436284273862838745e-01
6.166609749197959900e-02
4.234159290790557861e-01
1.346159875392913818e-01
8.133452534675598145e-01
8.347442746162414551e-02
7.613071799278259277e-02
7.094099372625350952e-02
6.892564892768859863e-01
4.191851913928985596e-01
1.781117320060729980e-01
2.800250947475433350e-01
2.111754715442657471e-01
5.392659083008766174e-02
8.481514453887939453e-02
1.639183908700942993e-01
4.330420792102813721e-01
5.840964987874031067e-02
8.750775456428527832e-01
8.790596723556518555e-01
1.187586039304733276e-01
