3.466131910681724548e-02
9.046883583068847656e-01
3.856490179896354675e-02
9.093525409698486328e-01
4.444085434079170227e-02
3.683641180396080017e-02
5.814040303230285645e-01
2.944084703922271729e-01
8.789189457893371582e-01
4.589739814400672913e-02
2.949547171592712402e-01
8.902149647474288940e-02
8.911036252975463867e-01
5.218477249145507812e-01
3.814560547471046448e-02
2.425725460052490234e-01
3.710585832595825195e-02
5.333079695701599121e-01
9.169507026672363281e-01
2.167956531047821045e-01
8.753907680511474609e-01
7.805902957916259766e-01
3.630012273788452148e-02
3.569956496357917786e-02
7.053738087415695190e-02
4.006600379943847656e-02
8.094146251678466797e-01
2.906621992588043213e-01
5.972808003425598145e-01
1.829102635383605957e-01
1.128745228052139282e-01
3.419799357652664185e-02
8.779949545860290527e-01
3.826656937599182129e-02
4.196971654891967773e-01
6.242452561855316162e-02
6.954172849655151367e-01
8.588779717683792114e-02
2.730114459991455078e-01
8.911490440368652344e-01
8.241213858127593994e-02
3.751454129815101624e-02
3.588545322418212891e-02
4.440249130129814148e-02
6.501713395118713379e-02
4.449389874935150146e-02
4.357631504535675049e-01
3.085067570209503174e-01
3.447197005152702332e-02
8.948039412498474121e-01
5.789034813642501831e-02
3.467459231615066528e-02
7.695706188678741455e-02
1.671556234359741211e-01
4.650619253516197205e-02
3.986683487892150879e-02
8.753679990768432617e-01
4.003562778234481812e-02
3.604190424084663391e-02
5.797855928540229797e-02
1.164458990097045898e-01
5.984449982643127441e-01
5.104034021496772766e-02
3.521548584103584290e-02
3.581462427973747253e-02
4.346676915884017944e-02
3.568733111023902893e-02
3.749982714653015137e-01
1.363412439823150635e-01
4.372783377766609192e-02
3.833651915192604065e-02
5.497204065322875977e-01
7.717403769493103027e-01
1.597846448421478271e-01
7.863847166299819946e-02
3.779428824782371521e-02
1.215563565492630005e-01
3.411926329135894775e-02
4.145202040672302246e-02
3.593751043081283569e-02
9.043226242065429688e-01
7.832731604576110840e-01
8.925877809524536133e-01
6.839662194252014160e-01
8.736555576324462891e-01
5.317450165748596191e-01
3.611598908901214600e-02
4.436454921960830688e-02
8.559834361076354980e-01
7.621450722217559814e-02
7.450207471847534180e-01
3.726443275809288025e-02
3.485974296927452087e-02
7.354062795639038086e-01
5.823940634727478027e-01
8.474953174591064453e-01
3.708593249320983887e-01
8.973001837730407715e-01
3.603403642773628235e-02
4.761595278978347778e-02
4.915917515754699707e-01
4.067934677004814148e-02
3.784432113170623779e-01
1.314195245504379272e-01
2.227036803960800171e-01
4.020146280527114868e-02
4.369907081127166748e-02
8.522120714187622070e-01
3.464326262474060059e-01
6.417500376701354980e-01
2.548337876796722412e-01
3.554446995258331299e-02
3.667709603905677795e-02
8.741189837455749512e-01
7.456128299236297607e-02
3.808115050196647644e-02
9.040458798408508301e-01
3.894578292965888977e-02
1.296067982912063599e-01
8.593192100524902344e-01
3.516124561429023743e-02
4.196265712380409241e-02
4.804692044854164124e-02
6.318302750587463379e-01
8.858520388603210449e-01
5.796565487980842590e-02
3.760065138339996338e-02
4.458674788475036621e-02
3.903230279684066772e-02
3.625985980033874512e-02
9.103253483772277832e-01
6.048550605773925781e-01
9.096665382385253906e-01
1.520313620567321777e-01
5.057914853096008301e-01
5.359300971031188965e-01
8.881906270980834961e-01
1.331726163625717163e-01
5.267846584320068359e-01
3.609460964798927307e-02
8.557958602905273438e-01
8.526251316070556641e-01
7.639476656913757324e-01
3.781594634056091309e-01
2.291732430458068848e-01
3.654227778315544128e-02
7.519673109054565430e-01
3.687568008899688721e-01
8.643702864646911621e-01
4.696247726678848267e-02
3.550096228718757629e-02
5.326880514621734619e-02
3.764672577381134033e-02
6.354261934757232666e-02
5.967634171247482300e-02
5.236204341053962708e-02
4.855435788631439209e-01
9.362115710973739624e-02
3.229109346866607666e-01
8.563820123672485352e-01
5.107544660568237305e-01
8.025195598602294922e-01
4.507736489176750183e-02
7.844737172126770020e-02
8.909067511558532715e-01
6.355586051940917969e-01
2.523925304412841797e-01
1.465806514024734497e-01
3.733410686254501343e-02
1.218932718038558960e-01
3.619686141610145569e-02
3.462961316108703613e-02
4.315465092658996582e-01
7.971629500389099121e-01
5.888902023434638977e-02
9.469358325004577637e-01
6.874203681945800781e-01
3.683660924434661865e-02
8.985236883163452148e-01
5.948073416948318481e-02
1.218022108078002930e-01
4.000550135970115662e-02
4.920563474297523499e-02
1.302848458290100098e-01
2.179975360631942749e-01
3.994467481970787048e-02
9.922726452350616455e-02
3.105337023735046387e-01
3.075275421142578125e-01
1.982747465372085571e-01
3.609420359134674072e-02
7.692468166351318359e-01
2.179975360631942749e-01
8.839955925941467285e-01
6.582376360893249512e-02
5.800566673278808594e-01
3.599481284618377686e-02
8.395262062549591064e-02
2.933781445026397705e-01
3.102323412895202637e-02
3.455107659101486206e-02
8.525673300027847290e-02
8.940702676773071289e-01
6.680027395486831665e-02
7.417975068092346191e-01
8.967818021774291992e-01
5.729519724845886230e-01
4.177493602037429810e-02
9.152845144271850586e-01
9.141317009925842285e-02
4.528380930423736572e-02
3.470963612198829651e-02
8.500853925943374634e-02
6.770475506782531738e-01
1.196266859769821167e-01
3.467393666505813599e-02
8.740107417106628418e-01
3.535245656967163086e-01
8.409019112586975098e-01
4.428531974554061890e-02
8.880600333213806152e-01
9.019836187362670898e-01
6.704412102699279785e-01
7.547787576913833618e-02
7.996723800897598267e-02
3.703861311078071594e-02
8.129168748855590820e-01
6.612239480018615723e-01
4.097855091094970703e-02
7.833107709884643555e-01
5.166844725608825684e-01
8.797241449356079102e-01
4.248625040054321289e-02
9.460315108299255371e-01
8.833220005035400391e-01
4.996616840362548828e-01
4.209820628166198730e-01
9.035363793373107910e-01
2.005227506160736084e-01
7.081048935651779175e-02
8.768221139907836914e-01
2.179975360631942749e-01
7.885656952857971191e-01
6.685126572847366333e-02
1.436777114868164062e-01
6.855846941471099854e-02
3.866036236286163330e-02
9.041842222213745117e-01
5.362857878208160400e-02
8.577920198440551758e-01
1.553702503442764282e-01
2.179975360631942749e-01
4.228499531745910645e-02
3.656398504972457886e-02
3.918803483247756958e-02
4.197524487972259521e-02
9.308187663555145264e-02
8.142837882041931152e-01
1.871789544820785522e-01
8.749684095382690430e-01
3.622251749038696289e-02
7.143132686614990234e-01
5.033274888992309570e-01
3.556235507130622864e-02
1.580315381288528442e-01
3.960173726081848145e-01
5.648133158683776855e-02
4.328354895114898682e-01
3.803709149360656738e-02
6.834793686866760254e-01
8.712996244430541992e-01
8.916003704071044922e-01
3.892865478992462158e-01
1.167837306857109070e-01
6.407318115234375000e-01
6.245872750878334045e-02
8.587177991867065430e-01
3.959741070866584778e-02
9.046235680580139160e-01
4.023400321602821350e-02
1.000019088387489319e-01
8.483727574348449707e-01
2.434035092592239380e-01
3.889920711517333984e-01
3.753166496753692627e-01
3.371017873287200928e-01
3.494560346007347107e-02
5.080796405673027039e-02
7.807627320289611816e-01
9.778723120689392090e-02
5.096012726426124573e-02
8.291195631027221680e-01
7.260143160820007324e-01
2.870120704174041748e-01
8.654584735631942749e-02
3.500098735094070435e-02
2.856552004814147949e-01
7.926182746887207031e-01
1.057690232992172241e-01
3.631928190588951111e-02
9.018912911415100098e-01
5.790525674819946289e-01
8.951155841350555420e-02
5.284429714083671570e-02
5.746801570057868958e-02
3.531750664114952087e-02
4.572369158267974854e-02
4.400028288364410400e-01
8.956107497215270996e-01
6.798185110092163086e-01
6.350114941596984863e-01
4.597133025527000427e-02
4.110138490796089172e-02
4.865419864654541016e-02
8.410608172416687012e-01
3.039517104625701904e-01
9.007807374000549316e-01
7.967196106910705566e-01
5.422132462263107300e-02
4.168649762868881226e-02
5.912704467773437500e-01
1.688812673091888428e-01
2.000785768032073975e-01
9.107729792594909668e-01
1.398045420646667480e-01
8.053030371665954590e-01
4.238152876496315002e-02
3.741519525647163391e-02
5.653648823499679565e-02
4.002243652939796448e-02
3.468292579054832458e-02
2.179975360631942749e-01
5.675695538520812988e-01
4.858085140585899353e-02
8.478941023349761963e-02
8.717188239097595215e-01
9.111130237579345703e-02
3.480919450521469116e-02
8.172034472227096558e-02
1.152219548821449280e-01
3.803797066211700439e-02
7.259350270032882690e-02
5.510919690132141113e-01
2.953836619853973389e-01
8.615154027938842773e-01
3.502363339066505432e-02
8.055242896080017090e-02
8.732991814613342285e-01
2.226545959711074829e-01
8.271120786666870117e-01
4.284264519810676575e-02
3.494812920689582825e-02
3.683532774448394775e-02
3.756333142518997192e-02
4.493494331836700439e-01
4.043991491198539734e-02
8.368996381759643555e-01
8.070988208055496216e-02
1.306291222572326660e-01
4.866184294223785400e-01
4.957035183906555176e-02
4.908458590507507324e-01
6.345991045236587524e-02
4.020066931843757629e-02
7.734339833259582520e-01
2.252824455499649048e-01
5.345393419265747070e-01
9.050656557083129883e-01
2.259185761213302612e-01
2.179975360631942749e-01
4.434712529182434082e-01
3.912537544965744019e-02
6.060365587472915649e-02
4.443349316716194153e-02
3.717726096510887146e-02
3.667537122964859009e-02
1.451164484024047852e-01
3.752329573035240173e-02
8.993270397186279297e-01
3.830459713935852051e-02
3.530556708574295044e-02
3.541053459048271179e-02
8.945999145507812500e-01
6.912660598754882812e-01
6.741385161876678467e-02
2.090854346752166748e-01
5.543100833892822266e-01
3.339735865592956543e-01
7.475036382675170898e-02
4.433839023113250732e-01
3.470299765467643738e-02
3.589227795600891113e-02
3.834725171327590942e-02
3.776143118739128113e-02
5.300527438521385193e-02
6.373280286788940430e-02
8.564528822898864746e-01
4.260977208614349365e-01
6.292997002601623535e-01
1.448605507612228394e-01
3.768095374107360840e-01
3.615379706025123596e-02
8.838250637054443359e-01
7.693102359771728516e-01
7.743061184883117676e-01
7.105932831764221191e-01
5.233865603804588318e-02
4.102658927440643311e-01
2.415439188480377197e-01
1.249797493219375610e-01
3.617959842085838318e-02
3.481981903314590454e-02
3.184494078159332275e-01
6.243832707405090332e-01
8.934885263442993164e-01
3.429237008094787598e-02
1.360160410404205322e-01
2.179975360631942749e-01
5.166221037507057190e-02
4.311453923583030701e-02
3.656430169939994812e-02
6.202989816665649414e-01
3.919431269168853760e-01
3.488250076770782471e-02
4.076305776834487915e-02
5.807816386222839355e-01
3.509967029094696045e-02
2.179975360631942749e-01
2.768467366695404053e-01
3.708734363317489624e-02
6.681717187166213989e-02
3.952758759260177612e-02
7.887868285179138184e-01
6.082230806350708008e-01
5.255542695522308350e-02
4.051926732063293457e-02
3.013993501663208008e-01
1.325698569416999817e-02
6.590229272842407227e-01
5.298175215721130371e-01
1.363319903612136841e-01
2.498912252485752106e-02
3.532567247748374939e-02
6.999524831771850586e-01
5.639727786183357239e-02
2.799756824970245361e-01
3.541679680347442627e-02
7.863210439682006836e-01
4.036014899611473083e-02
3.516210988163948059e-02
1.580767333507537842e-01
8.661441802978515625e-01
2.771264314651489258e-01
3.481306135654449463e-02
3.573779016733169556e-02
2.141505181789398193e-01
2.625385224819183350e-01
3.359140828251838684e-02
3.800288215279579163e-02
1.056866496801376343e-01
1.054576039314270020e-01
1.370418071746826172e-01
3.658970817923545837e-02
4.829546064138412476e-02
3.520102798938751221e-02
3.900707885622978210e-02
9.100000262260437012e-01
5.604436397552490234e-01
7.152222841978073120e-02
9.189531803131103516e-01
1.737480908632278442e-01
5.547904372215270996e-01
4.369169846177101135e-02
8.832609057426452637e-01
3.121698498725891113e-01
4.194958880543708801e-02
7.911353111267089844e-01
8.923093080520629883e-01
4.823482334613800049e-01
3.348639979958534241e-02
5.724102258682250977e-01
1.373157352209091187e-01
8.920304477214813232e-02
7.979509234428405762e-01
3.469641134142875671e-02
3.814328834414482117e-02
2.427528947591781616e-01
3.639953583478927612e-02
4.877655208110809326e-02
5.121833086013793945e-02
3.578892722725868225e-02
1.046999767422676086e-01
4.497682675719261169e-02
8.604983091354370117e-01
5.754083395004272461e-01
1.145742312073707581e-01
1.168273314833641052e-01
1.166013404726982117e-01
6.363483518362045288e-02
3.687792643904685974e-02
8.803494572639465332e-01
4.447337612509727478e-02
4.193233847618103027e-01
9.168304204940795898e-01
2.410064935684204102e-01
3.555221855640411377e-02
7.513796091079711914e-01
7.021972537040710449e-02
8.909149169921875000e-01
3.503590822219848633e-02
1.864020228385925293e-01
4.562461674213409424e-01
8.217259049415588379e-01
3.702798187732696533e-01
7.095930576324462891e-01
2.179975360631942749e-01
1.588669419288635254e-01
6.092733144760131836e-01
6.427843123674392700e-02
5.770189315080642700e-02
1.683690547943115234e-01
5.236080884933471680e-01
1.066375374794006348e-01
7.757240533828735352e-01
8.259356617927551270e-01
3.579648956656455994e-02
2.486938834190368652e-01
8.724251985549926758e-01
3.816676139831542969e-02
5.548333525657653809e-01
4.117095470428466797e-02
4.242755100131034851e-02
4.600222036242485046e-02
4.771213605999946594e-02
4.233942925930023193e-01
6.948718428611755371e-01
4.756732285022735596e-01
6.328781247138977051e-01
8.679146766662597656e-01
9.058678150177001953e-01
9.010955691337585449e-01
3.541080281138420105e-02
3.177187144756317139e-01
5.113134384155273438e-01
3.953725397586822510e-01
9.029342532157897949e-01
5.466111749410629272e-02
2.192629575729370117e-01
9.580098837614059448e-02
1.107608750462532043e-01
9.048259854316711426e-01
3.428053483366966248e-02
4.069856554269790649e-02
8.991556763648986816e-01
3.493403270840644836e-02
4.121699929237365723e-02
5.887795090675354004e-01
6.557323038578033447e-02
9.087024927139282227e-01
3.568997234106063843e-02
3.495232015848159790e-02
3.742282837629318237e-02
8.802872896194458008e-01
9.020882844924926758e-01
3.431639447808265686e-02
8.812064528465270996e-01
3.557385504245758057e-02
8.200254440307617188e-01
1.418612897396087646e-01
8.223228454589843750e-01
5.422359704971313477e-01
3.614437580108642578e-02
4.057549238204956055e-01
8.322738409042358398e-01
3.456534072756767273e-02
3.450867533683776855e-02
8.395008444786071777e-01
3.452208265662193298e-02
8.363474905490875244e-02
5.992081761360168457e-01
2.373329401016235352e-01
3.443774580955505371e-02
7.609941363334655762e-01
7.884368300437927246e-02
4.537255689501762390e-02
3.557842224836349487e-02
2.204717993736267090e-01
9.040402770042419434e-01
8.825638890266418457e-01
8.724749088287353516e-01
3.205165863037109375e-01
6.737734675407409668e-01
3.653085604310035706e-02
6.314084678888320923e-02
3.545846045017242432e-02
3.807555511593818665e-02
3.462677448987960815e-02
8.809364438056945801e-01
8.825193047523498535e-01
9.426468610763549805e-01
1.437608003616333008e-01
5.093192458152770996e-01
3.716889396309852600e-02
3.877850249409675598e-02
9.069691300392150879e-01
8.237794041633605957e-01
4.407350346446037292e-02
3.813394531607627869e-02
4.560981690883636475e-02
3.491730988025665283e-02
2.290188372135162354e-01
9.055907726287841797e-01
4.776700437068939209e-01
3.594280034303665161e-02
4.128512367606163025e-02
5.864900350570678711e-01
6.616934537887573242e-01
3.574379161000251770e-02
1.853142231702804565e-01
5.754579305648803711e-01
8.959859013557434082e-01
4.363825544714927673e-02
3.640693053603172302e-02
2.385319620370864868e-01
6.984648108482360840e-01
6.661005020141601562e-01
3.585629165172576904e-02
6.309262514114379883e-01
8.959835171699523926e-01
7.530854344367980957e-01
1.514965742826461792e-01
2.179975360631942749e-01
3.547967225313186646e-02
5.306793451309204102e-01
8.360472321510314941e-01
1.201753690838813782e-01
1.461184322834014893e-01
7.489355206489562988e-01
3.826476261019706726e-02
3.561775013804435730e-02
3.475902974605560303e-02
2.680715918540954590e-01
6.540704518556594849e-02
3.741118311882019043e-02
3.054748475551605225e-01
8.599558472633361816e-01
4.026907086372375488e-01
6.617453098297119141e-01
3.635087907314300537e-01
3.056173324584960938e-01
4.122859612107276917e-02
3.704081103205680847e-02
8.324975371360778809e-01
9.151321053504943848e-01
3.474837914109230042e-02
9.096395969390869141e-01
9.054440855979919434e-01
8.941036462783813477e-01
4.691526591777801514e-01
7.871670126914978027e-01
4.076096415519714355e-02
1.111206039786338806e-01
7.467089295387268066e-01
7.890965938568115234e-01
8.583358526229858398e-01
5.632427707314491272e-02
1.572370678186416626e-01
1.153719052672386169e-01
7.504448294639587402e-01
6.385309249162673950e-02
9.481454640626907349e-02
4.579047560691833496e-01
1.387504339218139648e-01
2.071787565946578979e-01
4.332691431045532227e-02
2.898068428039550781e-01
4.862161725759506226e-02
1.834445744752883911e-01
2.001709640026092529e-01
7.607495188713073730e-01
3.463452309370040894e-02
6.306738257408142090e-01
3.571394830942153931e-02
3.677336275577545166e-01
8.524982929229736328e-01
3.726829588413238525e-02
4.012309759855270386e-02
3.565002232789993286e-02
4.924024641513824463e-01
9.031777977943420410e-01
6.157925724983215332e-01
8.368309736251831055e-01
3.575176000595092773e-02
3.474387526512145996e-02
3.553878888487815857e-02
9.007906913757324219e-01
6.187862753868103027e-01
3.221009373664855957e-01
4.895833432674407959e-01
2.081256955862045288e-01
3.839504718780517578e-02
3.734079748392105103e-02
4.355477988719940186e-01
8.973869681358337402e-01
3.539754822850227356e-02
3.596720844507217407e-02
9.050086140632629395e-01
3.414870798587799072e-02
3.464178368449211121e-02
1.046281009912490845e-01
3.545390069484710693e-02
8.049799501895904541e-02
3.771326839923858643e-01
4.158495068550109863e-01
3.571088612079620361e-02
4.575924947857856750e-02
3.950029984116554260e-02
2.179975360631942749e-01
7.711396217346191406e-01
6.897423863410949707e-01
1.356614977121353149e-01
4.846600070595741272e-02
4.075795039534568787e-02
3.783510997891426086e-02
6.327763944864273071e-02
4.558672010898590088e-02
4.417537897825241089e-02
4.531802237033843994e-02
2.237703800201416016e-01
9.126794338226318359e-01
9.420438110828399658e-02
4.856983572244644165e-02
3.997483104467391968e-02
5.251730084419250488e-01
2.958937883377075195e-01
8.148545026779174805e-02
3.596958518028259277e-01
8.438714742660522461e-01
3.535073995590209961e-02
5.212225392460823059e-02
3.727121278643608093e-02
4.336428642272949219e-02
4.601638019084930420e-02
7.285080552101135254e-01
7.324431836605072021e-02
1.213767305016517639e-01
9.040946364402770996e-01
7.389480620622634888e-02
7.483847737312316895e-01
3.214766085147857666e-01
3.535261377692222595e-02
7.100847959518432617e-01
3.568323701620101929e-02
3.439434245228767395e-02
9.083787798881530762e-01
1.912496834993362427e-01
8.289480209350585938e-01
1.982821077108383179e-01
3.592534363269805908e-02
1.224176660180091858e-01
4.169713705778121948e-02
4.254459217190742493e-02
4.330567121505737305e-01
3.601026907563209534e-02
3.782861679792404175e-02
4.465274810791015625e-01
3.845608979463577271e-02
8.704220652580261230e-01
8.195179104804992676e-01
6.990150213241577148e-01
3.525336831808090210e-02
6.740282773971557617e-01
4.786397218704223633e-01
4.259872436523437500e-02
9.050425887107849121e-01
5.317877531051635742e-01
6.903861165046691895e-01
3.607461601495742798e-02
9.029519557952880859e-01
5.593253374099731445e-01
3.575731813907623291e-02
8.768463730812072754e-01
3.695035874843597412e-01
8.761432170867919922e-01
3.792921081185340881e-02
5.053847432136535645e-01
2.334406673908233643e-01
5.172884464263916016e-01
7.711285948753356934e-01
9.086208939552307129e-01
1.375894546508789062e-01
1.487640887498855591e-01
3.427487611770629883e-02
8.836420178413391113e-01
4.475384205579757690e-02
3.485628589987754822e-02
8.920372724533081055e-01
9.013554453849792480e-01
8.013083785772323608e-02
3.539257496595382690e-02
6.965298056602478027e-01
6.539906859397888184e-01
8.965864181518554688e-01
1.548639535903930664e-01
8.959375023841857910e-01
3.442556411027908325e-02
4.323075413703918457e-01
3.684922307729721069e-02
5.517687201499938965e-01
3.643897920846939087e-02
3.438049256801605225e-01
3.327628076076507568e-01
4.703172668814659119e-02
5.883562564849853516e-01
5.899577215313911438e-02
6.090607047080993652e-01
9.078213572502136230e-01
1.770581603050231934e-01
5.628494024276733398e-01
3.552812710404396057e-02
5.230129957199096680e-01
8.858323097229003906e-01
7.364651560783386230e-01
1.826387047767639160e-01
7.109018415212631226e-02
4.233897477388381958e-02
1.540820151567459106e-01
3.609545528888702393e-02
7.564254850149154663e-02
9.067115783691406250e-01
4.052747040987014771e-02
6.112877130508422852e-01
5.670943260192871094e-01
8.996018171310424805e-01
5.553318932652473450e-02
2.435447871685028076e-01
6.280879676342010498e-02
3.505057096481323242e-02
3.598352149128913879e-02
7.757140994071960449e-01
9.281899929046630859e-01
3.764643073081970215e-01
3.765512257814407349e-02
6.815184354782104492e-01
9.048704504966735840e-01
8.725520372390747070e-01
3.945105522871017456e-02
1.331475824117660522e-01
8.729200363159179688e-01
8.869050741195678711e-01
6.680322289466857910e-01
6.639743596315383911e-02
8.956677317619323730e-01
8.753305077552795410e-01
8.562608957290649414e-01
8.856212496757507324e-01
7.625931501388549805e-01
3.483788296580314636e-02
8.578085303306579590e-01
8.527412265539169312e-02
7.993861436843872070e-01
3.863818198442459106e-02
8.366007804870605469e-01
8.002114892005920410e-01
4.897136613726615906e-02
8.393350243568420410e-01
7.806195020675659180e-01
7.137325406074523926e-01
3.588239476084709167e-02
1.145024523138999939e-01
8.442971706390380859e-01
2.307682782411575317e-01
3.400763571262359619e-01
8.108050376176834106e-02
7.146843075752258301e-01
8.424062132835388184e-01
8.891195058822631836e-01
2.849168330430984497e-02
2.179975360631942749e-01
2.179975360631942749e-01
3.471281006932258606e-02
7.562366873025894165e-02
5.367990583181381226e-02
6.429687142372131348e-01
1.669245213270187378e-01
3.479414805769920349e-02
7.996767759323120117e-01
7.867798805236816406e-01
4.037732630968093872e-02
2.191797941923141479e-01
3.863279521465301514e-02
8.914645910263061523e-01
6.053366065025329590e-01
3.458602353930473328e-02
1.376660019159317017e-01
3.474808111786842346e-02
4.982244968414306641e-01
1.223976165056228638e-01
4.020471498370170593e-02
3.693277016282081604e-02
3.631740808486938477e-02
6.833533048629760742e-01
3.968442603945732117e-02
2.722330018877983093e-02
4.485085234045982361e-02
4.090396314859390259e-02
5.583109259605407715e-01
5.357572436332702637e-01
3.502400219440460205e-02
3.971638530492782593e-02
3.235747516155242920e-01
4.808250665664672852e-01
3.476135805249214172e-02
9.208778738975524902e-01
8.619852662086486816e-01
1.293135583400726318e-01
4.130979627370834351e-02
5.034137889742851257e-02
3.473286703228950500e-02
3.652597218751907349e-02
2.450324296951293945e-01
3.988993540406227112e-02
6.971523165702819824e-01
5.481366515159606934e-01
7.176901102066040039e-01
1.210248321294784546e-01
2.348736375570297241e-01
3.871836513280868530e-02
4.550716578960418701e-01
5.009709000587463379e-01
1.086355075240135193e-01
6.724750399589538574e-01
4.141420423984527588e-01
9.229286909103393555e-01
3.882158175110816956e-02
3.184856772422790527e-01
8.870308399200439453e-01
4.076713621616363525e-01
8.057227730751037598e-01
7.900020480155944824e-01
8.422676920890808105e-01
5.159371495246887207e-01
9.166424274444580078e-01
8.928414583206176758e-01
6.988116353750228882e-02
8.712266683578491211e-01
3.791142255067825317e-02
8.756485581398010254e-01
6.528055071830749512e-01
3.582210838794708252e-02
3.435315936803817749e-02
5.442594885826110840e-01
7.091183215379714966e-02
3.536204621195793152e-02
6.402468681335449219e-02
9.091938734054565430e-01
3.722492605447769165e-02
3.516345843672752380e-02
5.252092704176902771e-02
3.569506853818893433e-02
1.773617863655090332e-01
3.553354367613792419e-02
4.121534526348114014e-02
3.519647940993309021e-02
4.928348958492279053e-01
1.568233668804168701e-01
6.311129331588745117e-01
8.126847743988037109e-01
8.920835852622985840e-01
9.310919046401977539e-02
3.762507811188697815e-02
5.817640423774719238e-01
8.820684552192687988e-01
3.538493067026138306e-02
3.727495372295379639e-01
4.205331206321716309e-01
3.490648418664932251e-02
9.141214489936828613e-01
4.510390013456344604e-02
5.951540544629096985e-02
3.835466504096984863e-02
7.109575271606445312e-01
7.088968902826309204e-02
7.670423984527587891e-01
4.153610765933990479e-02
8.665870875120162964e-02
3.548146784305572510e-02
5.079469680786132812e-01
2.243105471134185791e-01
3.002535402774810791e-01
2.929258048534393311e-01
4.683317244052886963e-02
3.503055498003959656e-02
7.824665307998657227e-02
2.179975360631942749e-01
5.381228923797607422e-01
3.675686195492744446e-02
8.837881684303283691e-01
8.939872980117797852e-01
7.203290611505508423e-02
