5.740022659301757812e-02
9.277055859565734863e-01
8.797370642423629761e-02
8.989383578300476074e-01
7.968964427709579468e-02
8.024500310420989990e-02
7.510979771614074707e-01
1.330073326826095581e-01
9.069196581840515137e-01
9.222533553838729858e-02
4.000375270843505859e-01
6.744052469730377197e-02
8.358488082885742188e-01
3.260543048381805420e-01
8.640615642070770264e-02
1.116390079259872437e-01
9.231108427047729492e-02
5.011191964149475098e-01
9.246879220008850098e-01
1.224346309900283813e-01
8.331660032272338867e-01
8.089131116867065430e-01
7.541203498840332031e-02
6.870803236961364746e-02
8.158942312002182007e-02
6.668093055486679077e-02
8.218508958816528320e-01
1.520965397357940674e-01
1.594055593013763428e-01
7.078453153371810913e-02
1.566328853368759155e-01
4.796381667256355286e-02
8.390852808952331543e-01
8.423603326082229614e-02
9.900073707103729248e-02
1.035484597086906433e-01
2.386890351772308350e-01
1.109085455536842346e-01
2.973199188709259033e-01
9.232696294784545898e-01
7.527001202106475830e-02
8.375542610883712769e-02
7.532990723848342896e-02
7.742494344711303711e-02
1.376558244228363037e-01
2.238664925098419189e-01
9.366761893033981323e-02
1.851858645677566528e-01
5.381725355982780457e-02
9.144508838653564453e-01
1.301688104867935181e-01
6.149642169475555420e-02
1.066350713372230530e-01
5.901885777711868286e-02
9.383112937211990356e-02
1.126209944486618042e-01
8.459466099739074707e-01
8.026196062564849854e-02
7.315123826265335083e-02
1.052797064185142517e-01
7.597637921571731567e-02
9.414073079824447632e-02
6.214964389801025391e-02
7.632148265838623047e-02
7.227466255426406860e-02
9.437379240989685059e-02
7.324885576963424683e-02
6.363588571548461914e-02
1.822289526462554932e-01
1.996870040893554688e-01
6.016411259770393372e-02
5.591751933097839355e-01
5.880564451217651367e-01
2.864234447479248047e-01
6.341748684644699097e-02
8.117853850126266479e-02
1.738847494125366211e-01
4.883453994989395142e-02
9.106490761041641235e-02
8.049208670854568481e-02
9.152159690856933594e-01
6.477534174919128418e-01
9.026517271995544434e-01
5.744647383689880371e-01
8.837873339653015137e-01
5.018365383148193359e-01
9.107825160026550293e-02
1.001351252198219299e-01
8.851533532142639160e-01
1.878235340118408203e-01
6.454452276229858398e-01
8.130973577499389648e-02
6.865379214286804199e-02
1.611099839210510254e-01
1.808589249849319458e-01
5.391308665275573730e-01
1.933676600456237793e-01
9.155266284942626953e-01
7.888531684875488281e-02
7.586524635553359985e-02
8.445209264755249023e-01
8.590764552354812622e-02
3.084721863269805908e-01
1.457622945308685303e-01
2.383713126182556152e-01
6.918967515230178833e-02
9.782722592353820801e-02
7.946939468383789062e-01
1.534870713949203491e-01
2.798454463481903076e-01
3.467046022415161133e-01
8.128269761800765991e-02
6.591945886611938477e-02
8.458787202835083008e-01
1.767622828483581543e-01
8.873702585697174072e-02
9.162058234214782715e-01
8.765806257724761963e-02
1.096980273723602295e-01
8.610495328903198242e-01
5.240976437926292419e-02
1.011446192860603333e-01
7.930081337690353394e-02
6.144180297851562500e-01
8.965643048286437988e-01
1.324032098054885864e-01
7.928410172462463379e-02
1.275120228528976440e-01
7.270648330450057983e-02
7.584679126739501953e-02
9.004896879196166992e-01
7.935359328985214233e-02
9.235458970069885254e-01
6.494141370058059692e-02
1.042940393090248108e-01
3.955203890800476074e-01
9.012256264686584473e-01
1.294316649436950684e-01
4.705729186534881592e-01
5.558657273650169373e-02
4.163074195384979248e-01
8.418804407119750977e-01
5.649691224098205566e-01
2.269643992185592651e-01
2.967660129070281982e-01
7.358313351869583130e-02
5.557180047035217285e-01
6.697993278503417969e-01
1.528788655996322632e-01
9.382086992263793945e-02
6.832879781723022461e-02
7.602012902498245239e-02
8.720604330301284790e-02
9.548000991344451904e-02
1.050279960036277771e-01
8.471458405256271362e-02
1.240878105163574219e-01
4.750118255615234375e-01
3.369117975234985352e-01
8.465496897697448730e-01
3.503051102161407471e-01
6.122310161590576172e-01
7.504501193761825562e-02
1.214810386300086975e-01
8.510838747024536133e-01
3.655342757701873779e-01
3.594442903995513916e-01
3.248870372772216797e-01
8.852034062147140503e-02
1.137796044349670410e-01
8.724294602870941162e-02
7.029797881841659546e-02
3.754440546035766602e-01
7.313063144683837891e-01
1.019140183925628662e-01
9.532397389411926270e-01
8.351435661315917969e-01
6.707192957401275635e-02
9.109894037246704102e-01
1.312822848558425903e-01
1.578616052865982056e-01
7.662686705589294434e-02
1.234057545661926270e-01
9.565660357475280762e-02
1.513868570327758789e-01
1.164458468556404114e-01
1.342740058898925781e-01
4.022760689258575439e-01
3.469268381595611572e-01
4.396286010742187500e-01
7.235897332429885864e-02
5.949705839157104492e-01
1.513868570327758789e-01
8.271026015281677246e-01
1.093403697013854980e-01
3.304549157619476318e-01
7.444990426301956177e-02
1.577076017856597900e-01
3.039601445198059082e-01
3.965543955564498901e-02
5.507378280162811279e-02
5.483528599143028259e-02
9.041880965232849121e-01
9.930519014596939087e-02
6.575812697410583496e-01
9.220492839813232422e-01
4.853724241256713867e-01
9.013945609331130981e-02
9.397853016853332520e-01
2.732882797718048096e-01
9.454007446765899658e-02
6.405276805162429810e-02
9.326145797967910767e-02
3.725859820842742920e-01
1.964994668960571289e-01
5.008142441511154175e-02
6.926067471504211426e-01
4.684883952140808105e-01
8.442944884300231934e-01
7.689639180898666382e-02
8.427892923355102539e-01
9.494035840034484863e-01
5.523872375488281250e-01
1.422125846147537231e-01
1.173954084515571594e-01
8.355411142110824585e-02
6.581528186798095703e-01
6.054088473320007324e-01
1.316152215003967285e-01
4.559173882007598877e-01
4.357503950595855713e-01
9.269922971725463867e-01
9.896867722272872925e-02
9.377057552337646484e-01
8.936986923217773438e-01
1.489020138978958130e-01
5.566451549530029297e-01
9.207734465599060059e-01
1.766814142465591431e-01
2.828659117221832275e-01
7.926839590072631836e-01
1.513868570327758789e-01
8.498636484146118164e-01
5.701731890439987183e-02
1.980498433113098145e-01
9.298955649137496948e-02
8.153346925973892212e-02
9.376502037048339844e-01
8.760707825422286987e-02
7.437698841094970703e-01
3.788802027702331543e-01
1.513868570327758789e-01
1.162233352661132812e-01
7.789847999811172485e-02
8.855707198381423950e-02
9.501416236162185669e-02
1.971072107553482056e-01
8.431645631790161133e-01
3.068571984767913818e-01
9.100687503814697266e-01
7.551074028015136719e-02
6.647737026214599609e-01
1.764906495809555054e-01
7.458667457103729248e-02
9.858288615942001343e-02
4.601156711578369141e-01
9.908419847488403320e-02
1.289696544408798218e-01
8.000651746988296509e-02
5.742138028144836426e-01
8.965682387351989746e-01
8.617285490036010742e-01
4.654784500598907471e-01
9.182702749967575073e-02
6.618024110794067383e-01
9.397934377193450928e-02
8.488593697547912598e-01
8.225047588348388672e-02
9.046208858489990234e-01
9.600725769996643066e-02
9.853025525808334351e-02
7.497749924659729004e-01
3.323555886745452881e-01
2.139001935720443726e-01
4.997119307518005371e-01
3.563109040260314941e-01
6.889630854129791260e-02
7.704234123229980469e-02
3.386494815349578857e-01
1.097163707017898560e-01
9.214682877063751221e-02
6.533381342887878418e-01
4.858084022998809814e-01
3.017918169498443604e-01
1.028213798999786377e-01
6.675633788108825684e-02
3.194285035133361816e-01
6.903873085975646973e-01
8.934721350669860840e-02
8.089637011289596558e-02
9.162792563438415527e-01
3.255121409893035889e-01
1.095638349652290344e-01
8.362515270709991455e-02
7.284505665302276611e-02
7.480800151824951172e-02
9.181501716375350952e-02
3.374483883380889893e-01
9.030220508575439453e-01
7.385187149047851562e-01
2.922159135341644287e-01
1.083883941173553467e-01
9.281224012374877930e-02
8.641820400953292847e-02
8.329616189002990723e-01
3.852440118789672852e-01
8.949909806251525879e-01
8.092495203018188477e-01
1.628970056772232056e-01
1.180297657847404480e-01
4.222730696201324463e-01
1.974154263734817505e-01
8.435389995574951172e-01
9.220430850982666016e-01
1.392145305871963501e-01
7.708684802055358887e-01
1.055952161550521851e-01
4.839116707444190979e-02
1.093826964497566223e-01
8.882862329483032227e-02
5.742587149143218994e-02
1.513868570327758789e-01
9.601397067308425903e-02
6.706830859184265137e-02
6.880784779787063599e-02
9.044897556304931641e-01
1.434887200593948364e-01
6.387581676244735718e-02
9.576310217380523682e-02
1.771990060806274414e-01
8.948993682861328125e-02
9.858372807502746582e-02
3.439373970031738281e-01
1.288761943578720093e-01
8.354632854461669922e-01
6.867890805006027222e-02
9.014544636011123657e-02
3.875240087509155273e-01
2.148506939411163330e-01
8.141043782234191895e-01
8.052633702754974365e-02
6.474430859088897705e-02
8.442130684852600098e-02
7.914970815181732178e-02
4.409512877464294434e-01
9.362304210662841797e-02
8.621985316276550293e-01
8.337935805320739746e-02
1.992571353912353516e-01
1.093315929174423218e-01
7.273553311824798584e-02
2.725590467453002930e-01
1.335881352424621582e-01
8.416983485221862793e-02
8.958059549331665039e-01
7.432655245065689087e-02
1.597143560647964478e-01
9.202357530593872070e-01
2.386907786130905151e-01
1.513868570327758789e-01
1.323533654212951660e-01
8.619723469018936157e-02
1.042074114084243774e-01
9.546528756618499756e-02
8.091919124126434326e-02
7.849732041358947754e-02
1.861635446548461914e-01
7.629111409187316895e-02
9.352549314498901367e-01
9.046684205532073975e-02
7.533397525548934937e-02
6.032774597406387329e-02
9.114226102828979492e-01
5.159358382225036621e-01
1.096633523702621460e-01
7.870383560657501221e-02
2.749773263931274414e-01
1.342696547508239746e-01
1.316724121570587158e-01
4.700025916099548340e-01
6.262983381748199463e-02
7.866461575031280518e-02
8.285024762153625488e-02
7.284903526306152344e-02
8.843415975570678711e-02
7.804038375616073608e-02
8.352458477020263672e-01
1.091624647378921509e-01
6.251403093338012695e-01
9.882307052612304688e-02
1.894219219684600830e-01
7.608670741319656372e-02
8.883411288261413574e-01
9.005664587020874023e-01
7.850018739700317383e-01
7.491005063056945801e-01
1.583109498023986816e-01
5.088133215904235840e-01
1.228358000516891479e-01
1.243383362889289856e-01
8.312430977821350098e-02
6.671752035617828369e-02
4.146426320075988770e-01
8.135630488395690918e-01
8.933888077735900879e-01
5.720630288124084473e-02
1.446558386087417603e-01
1.513868570327758789e-01
1.291437596082687378e-01
8.768495172262191772e-02
7.782027125358581543e-02
5.393362045288085938e-01
4.267662465572357178e-01
6.280625611543655396e-02
8.843198418617248535e-02
6.072071194648742676e-01
6.501885503530502319e-02
1.513868570327758789e-01
1.808072775602340698e-01
8.487372845411300659e-02
1.007707938551902771e-01
7.502682507038116455e-02
8.258092403411865234e-01
3.713287115097045898e-01
9.921376407146453857e-02
6.240011379122734070e-02
3.253719210624694824e-01
2.479832619428634644e-02
5.570743680000305176e-01
1.111196130514144897e-01
1.585346013307571411e-01
5.885378643870353699e-02
8.097560703754425049e-02
7.947247028350830078e-01
1.002470254898071289e-01
1.086670905351638794e-01
5.696031078696250916e-02
8.573551774024963379e-01
1.026983633637428284e-01
6.140127032995223999e-02
5.739563107490539551e-01
8.605323433876037598e-01
2.541190683841705322e-01
6.527391821146011353e-02
7.802020758390426636e-02
2.028976380825042725e-01
3.668696582317352295e-01
4.935838282108306885e-02
8.089462667703628540e-02
1.212361976504325867e-01
1.383769959211349487e-01
1.258128434419631958e-01
8.239404112100601196e-02
1.141111105680465698e-01
5.996086075901985168e-02
8.638713508844375610e-02
8.218303322792053223e-01
1.077614054083824158e-01
1.249386966228485107e-01
9.493833780288696289e-01
1.423856168985366821e-01
4.003206193447113037e-01
6.246184557676315308e-02
8.816512227058410645e-01
4.879557192325592041e-01
9.881724417209625244e-02
8.992303609848022461e-01
8.895973563194274902e-01
1.314570158720016479e-01
4.335400834679603577e-02
3.523542582988739014e-01
1.998902857303619385e-01
1.115882247686386108e-01
7.085794806480407715e-01
6.463402509689331055e-02
7.726048678159713745e-02
1.549104005098342896e-01
9.152394533157348633e-02
8.490887284278869629e-02
2.439811080694198608e-01
7.039684802293777466e-02
5.919528380036354065e-02
8.449144661426544189e-02
8.911446928977966309e-01
4.597945213317871094e-01
1.360748708248138428e-01
9.253911674022674561e-02
1.447599232196807861e-01
1.113850995898246765e-01
9.630028903484344482e-02
9.054567813873291016e-01
8.682549744844436646e-02
4.477512538433074951e-01
9.208780527114868164e-01
3.826399445533752441e-01
7.927642017602920532e-02
6.089692115783691406e-01
1.144218817353248596e-01
8.772804141044616699e-01
7.919203490018844604e-02
9.968067705631256104e-02
1.918696314096450806e-01
5.915562510490417480e-01
3.656440079212188721e-01
5.236105918884277344e-01
1.513868570327758789e-01
9.541605412960052490e-02
3.517313599586486816e-01
1.112735196948051453e-01
1.018948480486869812e-01
2.286315262317657471e-01
3.838635683059692383e-01
9.077186137437820435e-02
3.515112996101379395e-01
6.970338225364685059e-01
7.078329473733901978e-02
1.532370895147323608e-01
9.173969626426696777e-01
7.739691436290740967e-02
4.682672619819641113e-01
8.727154135704040527e-02
5.445713922381401062e-02
1.021117269992828369e-01
1.036623939871788025e-01
2.930381000041961670e-01
7.865760922431945801e-01
8.113265037536621094e-02
7.784187793731689453e-01
8.998738527297973633e-01
9.463165402412414551e-01
9.243599176406860352e-01
7.030712068080902100e-02
1.866504400968551636e-01
5.410521030426025391e-01
1.405571252107620239e-01
8.952281475067138672e-01
9.792203456163406372e-02
2.163166850805282593e-01
1.055699437856674194e-01
1.411009430885314941e-01
9.034518003463745117e-01
4.780932888388633728e-02
1.819374710321426392e-01
8.143370151519775391e-01
7.771238684654235840e-02
1.024908423423767090e-01
5.810100436210632324e-01
1.248114854097366333e-01
9.344915151596069336e-01
5.584971234202384949e-02
8.078442513942718506e-02
8.057976514101028442e-02
8.373420238494873047e-01
9.082072377204895020e-01
5.157281830906867981e-02
8.829944729804992676e-01
7.817085087299346924e-02
8.755985498428344727e-01
2.520388364791870117e-01
7.003434896469116211e-01
5.271353125572204590e-01
8.121572434902191162e-02
1.120933592319488525e-01
7.667158842086791992e-01
5.168892070651054382e-02
6.253258883953094482e-02
5.581066012382507324e-01
3.800498321652412415e-02
9.583228081464767456e-02
4.684099256992340088e-01
3.250942826271057129e-01
7.016135007143020630e-02
4.105427563190460205e-01
1.185795813798904419e-01
1.104182153940200806e-01
6.867994368076324463e-02
3.659953176975250244e-01
9.104952216148376465e-01
9.055746793746948242e-01
8.851439952850341797e-01
2.702850699424743652e-01
7.781292796134948730e-01
5.662460252642631531e-02
4.055563211441040039e-01
7.927809655666351318e-02
9.044543653726577759e-02
5.884821712970733643e-02
5.775377750396728516e-01
9.048482179641723633e-01
8.917763233184814453e-01
1.371037214994430542e-01
3.067297935485839844e-01
8.757763355970382690e-02
1.066338941454887390e-01
9.180485606193542480e-01
5.965168476104736328e-01
9.100679308176040649e-02
8.570425212383270264e-02
8.999285846948623657e-02
5.818033218383789062e-02
1.116151139140129089e-01
9.147188067436218262e-01
2.773385345935821533e-01
6.592136621475219727e-02
9.295506030321121216e-02
3.121418654918670654e-01
4.888124465942382812e-01
7.954039424657821655e-02
1.236327365040779114e-01
4.133176803588867188e-01
8.692079186439514160e-01
9.920620173215866089e-02
8.308660984039306641e-02
1.583676338195800781e-01
6.131506562232971191e-01
2.277797460556030273e-01
6.671285629272460938e-02
4.833775162696838379e-01
9.295169711112976074e-01
7.823698520660400391e-01
6.728148460388183594e-02
1.513868570327758789e-01
7.559906691312789917e-02
4.272875785827636719e-01
1.418823748826980591e-01
2.002273499965667725e-01
1.978245228528976440e-01
5.949149727821350098e-01
9.251870959997177124e-02
7.526577264070510864e-02
7.336828857660293579e-02
3.422683179378509521e-01
1.412781774997711182e-01
6.615797430276870728e-02
3.485942184925079346e-01
7.892511487007141113e-01
4.559251964092254639e-01
1.299724131822586060e-01
1.222167834639549255e-01
1.597679108381271362e-01
1.020855903625488281e-01
8.208940923213958740e-02
8.568694591522216797e-01
9.362238645553588867e-01
4.983107000589370728e-02
9.236812591552734375e-01
9.377836585044860840e-01
8.795903921127319336e-01
2.236095666885375977e-01
8.533113002777099609e-01
7.309399545192718506e-02
1.567758321762084961e-01
6.865382194519042969e-01
5.954001545906066895e-01
8.366451859474182129e-01
1.354111284017562866e-01
2.993459403514862061e-01
4.249291419982910156e-01
7.164020538330078125e-01
1.126244738698005676e-01
1.706547439098358154e-01
3.436848223209381104e-01
2.199524492025375366e-01
2.295577079057693481e-01
1.066004410386085510e-01
2.830193936824798584e-01
9.784217923879623413e-02
4.190565645694732666e-01
3.651856184005737305e-01
6.011322140693664551e-01
7.049711048603057861e-02
8.173918128013610840e-01
6.151638180017471313e-02
3.039369583129882812e-01
8.759596943855285645e-01
6.695318967103958130e-02
7.274407893419265747e-02
7.543671131134033203e-02
1.124843508005142212e-01
9.144500494003295898e-01
5.143124461174011230e-01
8.995936512947082520e-01
7.740250229835510254e-02
6.609012186527252197e-02
7.000494003295898438e-02
9.087250232696533203e-01
1.100366413593292236e-01
5.283358097076416016e-01
6.922832131385803223e-01
1.105922833085060120e-01
9.593074768781661987e-02
5.374336987733840942e-02
4.661393761634826660e-01
9.357088208198547363e-01
7.204727083444595337e-02
7.231242954730987549e-02
9.068808555603027344e-01
8.477453887462615967e-02
6.707765907049179077e-02
1.227218508720397949e-01
7.672703266143798828e-02
9.645245969295501709e-02
3.187351226806640625e-01
3.254184424877166748e-01
7.025531679391860962e-02
7.209903001785278320e-02
8.384526520967483521e-02
1.513868570327758789e-01
4.652186036109924316e-01
5.009444952011108398e-01
1.024537160992622375e-01
1.238868534564971924e-01
6.243985891342163086e-02
7.976412773132324219e-02
1.587010920047760010e-01
8.304237574338912964e-02
1.409015059471130371e-01
7.893047481775283813e-02
3.623531758785247803e-01
9.374107122421264648e-01
1.966470777988433838e-01
8.426234126091003418e-02
7.467771321535110474e-02
6.226828694343566895e-01
1.473933160305023193e-01
1.404021233320236206e-01
1.807718724012374878e-01
8.878767490386962891e-01
7.867690920829772949e-02
9.747295826673507690e-02
7.819297164678573608e-02
8.733434975147247314e-02
7.365261763334274292e-02
7.849597334861755371e-01
9.424276649951934814e-02
2.226201295852661133e-01
9.218019843101501465e-01
1.032190173864364624e-01
5.800029635429382324e-01
1.807082295417785645e-01
5.962386354804039001e-02
6.198162436485290527e-01
7.359036803245544434e-02
5.590574443340301514e-02
9.234704375267028809e-01
3.439300358295440674e-01
7.935343384742736816e-01
2.499562352895736694e-01
7.894078642129898071e-02
2.118369191884994507e-01
1.022848263382911682e-01
1.152240782976150513e-01
3.499470651149749756e-01
7.217010110616683960e-02
8.825098723173141479e-02
1.611780226230621338e-01
8.537448942661285400e-02
8.598721027374267578e-01
6.484914422035217285e-01
4.724606573581695557e-01
7.529959082603454590e-02
7.787679433822631836e-01
5.011685490608215332e-01
8.317866921424865723e-02
9.126744270324707031e-01
3.036372363567352295e-01
7.994505167007446289e-01
6.534834951162338257e-02
9.185681939125061035e-01
1.469550430774688721e-01
8.163774758577346802e-02
8.861596584320068359e-01
1.454142779111862183e-01
8.823928833007812500e-01
8.467607945203781128e-02
5.399756431579589844e-01
3.363649547100067139e-01
3.915121257305145264e-01
3.606392443180084229e-01
9.229797124862670898e-01
2.270277887582778931e-01
3.382576704025268555e-01
4.925042018294334412e-02
8.804106116294860840e-01
7.653103023767471313e-02
6.160175800323486328e-02
9.113093614578247070e-01
9.042682647705078125e-01
1.295127868652343750e-01
6.954572349786758423e-02
7.340220212936401367e-01
2.298479527235031128e-01
9.134843349456787109e-01
1.214422062039375305e-01
9.146694540977478027e-01
5.417745187878608704e-02
3.575716018676757812e-01
6.868230551481246948e-02
5.181333422660827637e-01
7.951848953962326050e-02
3.970581293106079102e-01
7.388432621955871582e-01
1.097562536597251892e-01
3.605466485023498535e-01
7.399713993072509766e-02
6.440041065216064453e-01
8.960807323455810547e-01
2.334541231393814087e-01
4.125216603279113770e-01
8.253589272499084473e-02
3.071325719356536865e-01
8.910920619964599609e-01
7.621684670448303223e-01
2.183190733194351196e-01
1.344463378190994263e-01
8.005944639444351196e-02
3.174042403697967529e-01
8.028789609670639038e-02
1.931665986776351929e-01
9.409216046333312988e-01
2.862479984760284424e-01
6.797592639923095703e-01
3.895970880985260010e-01
9.098671078681945801e-01
1.001686379313468933e-01
5.522612929344177246e-01
1.285047382116317749e-01
6.866934150457382202e-02
4.500820860266685486e-02
8.385124206542968750e-01
7.844989299774169922e-01
1.971247196197509766e-01
8.979713171720504761e-02
6.795744299888610840e-01
9.149447679519653320e-01
5.953130125999450684e-01
8.546706289052963257e-02
1.006260886788368225e-01
8.602919578552246094e-01
8.871250152587890625e-01
6.756728887557983398e-01
9.454158693552017212e-02
9.299589991569519043e-01
8.814343214035034180e-01
5.301691293716430664e-01
9.069857001304626465e-01
7.217497229576110840e-01
7.627174258232116699e-02
8.279530405998229980e-01
1.388040184974670410e-01
9.018444418907165527e-01
8.844999223947525024e-02
8.168284893035888672e-01
7.737038135528564453e-01
1.907852888107299805e-01
8.536935448646545410e-01
7.773382067680358887e-01
8.603321313858032227e-01
6.979190558195114136e-02
1.559514403343200684e-01
7.592172622680664062e-01
2.198849618434906006e-01
4.670162796974182129e-01
1.800738275051116943e-01
3.934132754802703857e-01
7.610784173011779785e-01
8.445473313331604004e-01
7.280228286981582642e-02
1.513868570327758789e-01
1.513868570327758789e-01
6.062053889036178589e-02
2.387980073690414429e-01
7.261451333761215210e-02
7.954056262969970703e-01
3.280891776084899902e-01
6.020271778106689453e-02
7.535759806632995605e-01
4.731712043285369873e-01
7.532219588756561279e-02
4.033707976341247559e-01
8.044027537107467651e-02
8.850487470626831055e-01
1.527356356382369995e-01
6.614100188016891479e-02
8.349676430225372314e-02
6.524198502302169800e-02
4.841516911983489990e-01
1.179822012782096863e-01
9.089559316635131836e-02
7.724998146295547485e-02
8.599425107240676880e-02
8.592196553945541382e-02
8.970341086387634277e-02
2.895958907902240753e-02
8.739490807056427002e-02
4.029121249914169312e-02
4.520710110664367676e-01
2.004866451025009155e-01
8.071777224540710449e-02
7.655379921197891235e-02
2.569165229797363281e-01
1.502545326948165894e-01
7.238706201314926147e-02
9.436097741127014160e-01
8.584829568862915039e-01
1.157142072916030884e-01
6.040352210402488708e-02
1.092964783310890198e-01
6.882317364215850830e-02
7.374481856822967529e-02
1.036466881632804871e-01
3.138697892427444458e-02
5.238624811172485352e-01
4.446169137954711914e-01
6.827880740165710449e-01
2.408348768949508667e-01
9.280955791473388672e-02
1.069017127156257629e-01
3.091137707233428955e-01
4.197722673416137695e-01
2.024682611227035522e-01
5.993291139602661133e-01
1.227333843708038330e-01
9.305101037025451660e-01
8.643047511577606201e-02
7.996139675378799438e-02
8.672538995742797852e-01
3.545391559600830078e-01
6.342381834983825684e-01
7.198534607887268066e-01
7.134358882904052734e-01
8.436422795057296753e-02
8.985785245895385742e-01
8.971567749977111816e-01
1.777347922325134277e-01
8.967383503913879395e-01
7.066515833139419556e-02
8.034222722053527832e-01
8.782187104225158691e-01
7.967633008956909180e-02
5.217066407203674316e-02
3.524837195873260498e-01
1.517077088356018066e-01
7.193316519260406494e-02
7.064998894929885864e-02
9.339782595634460449e-01
9.004242718219757080e-02
7.066259533166885376e-02
7.603070139884948730e-02
7.305275648832321167e-02
1.805200129747390747e-01
6.724100559949874878e-02
8.884103596210479736e-02
7.464697957038879395e-02
2.318386584520339966e-01
3.599590659141540527e-01
5.356687903404235840e-01
5.777968764305114746e-01
9.002198576927185059e-01
1.099818646907806396e-01
6.459457427263259888e-02
5.121855139732360840e-01
7.730429172515869141e-01
7.538024336099624634e-02
3.542334735393524170e-01
1.114997863769531250e-01
5.080679431557655334e-02
9.204327464103698730e-01
3.672018945217132568e-01
1.321499943733215332e-01
6.651645153760910034e-02
1.443550884723663330e-01
1.669905632734298706e-01
6.582431197166442871e-01
1.021409779787063599e-01
7.597460597753524780e-02
7.526177912950515747e-02
5.674546360969543457e-01
3.902803659439086914e-01
1.534340530633926392e-01
1.431604474782943726e-01
1.658498793840408325e-01
7.253636419773101807e-02
7.121022045612335205e-02
1.513868570327758789e-01
4.683378934860229492e-01
8.090094476938247681e-02
8.681625127792358398e-01
8.915789723396301270e-01
1.093232482671737671e-01
