7.759608328342437744e-02
9.474933743476867676e-01
1.395080089569091797e-01
9.142554402351379395e-01
3.376906216144561768e-01
1.003926247358322144e-01
5.769348144531250000e-01
3.612161576747894287e-01
9.111622571945190430e-01
1.260650604963302612e-01
4.327015280723571777e-01
3.437547683715820312e-01
9.199924468994140625e-01
6.148980855941772461e-01
1.384024769067764282e-01
2.802042067050933838e-01
4.157271981239318848e-01
6.582936048507690430e-01
9.510815739631652832e-01
3.461352288722991943e-01
8.742733001708984375e-01
8.257624506950378418e-01
1.003275141119956970e-01
1.003355756402015686e-01
3.540614545345306396e-01
5.642133578658103943e-02
8.778464198112487793e-01
3.001451790332794189e-01
7.274232506752014160e-01
2.953971028327941895e-01
1.803991645574569702e-01
6.347305327653884888e-02
9.081244468688964844e-01
1.133235469460487366e-01
3.697504401206970215e-01
1.908136457204818726e-01
7.606235146522521973e-01
2.642542421817779541e-01
4.095925688743591309e-01
9.123223423957824707e-01
2.037514746189117432e-01
1.092190816998481750e-01
8.758188039064407349e-02
1.547413021326065063e-01
1.279882639646530151e-01
7.743655890226364136e-02
7.054548263549804688e-01
2.917901575565338135e-01
7.335150986909866333e-02
9.252405166625976562e-01
1.731482148170471191e-01
7.935874909162521362e-02
5.428884029388427734e-01
3.723517358303070068e-01
2.141956835985183716e-01
1.638058125972747803e-01
6.587846279144287109e-01
1.096479222178459167e-01
9.397278726100921631e-02
1.463612765073776245e-01
1.148732379078865051e-01
4.817822277545928955e-01
1.364798396825790405e-01
8.696784079074859619e-02
8.992530405521392822e-02
1.547146290540695190e-01
8.534454554319381714e-02
9.736574441194534302e-02
4.206804633140563965e-01
2.882937490940093994e-01
1.269231885671615601e-01
5.893257856369018555e-01
5.765527486801147461e-01
2.701246142387390137e-01
1.247243881225585938e-01
1.074647679924964905e-01
1.190160885453224182e-01
6.285761296749114990e-02
1.636168360710144043e-01
9.862738847732543945e-02
9.354211688041687012e-01
8.609086871147155762e-01
8.934675455093383789e-01
5.212624669075012207e-01
9.250921607017517090e-01
5.349449515342712402e-01
9.806991368532180786e-02
1.491101533174514771e-01
8.898590803146362305e-01
2.128174901008605957e-01
7.085382938385009766e-01
1.037299335002899170e-01
8.252549171447753906e-02
6.131299138069152832e-01
6.894815564155578613e-01
8.096392154693603516e-01
3.813108801841735840e-01
9.308654069900512695e-01
1.177111417055130005e-01
9.917798638343811035e-02
6.524614691734313965e-01
2.030589729547500610e-01
4.408059716224670410e-01
4.237310290336608887e-01
3.732410371303558350e-01
2.310924977064132690e-01
1.643108576536178589e-01
8.938916325569152832e-01
4.707627892494201660e-01
4.530614614486694336e-01
4.719789326190948486e-01
8.541715145111083984e-02
8.741042762994766235e-02
9.242413640022277832e-01
2.852372825145721436e-01
1.588442772626876831e-01
8.967344164848327637e-01
1.300141960382461548e-01
2.629924714565277100e-01
9.031576514244079590e-01
7.383155822753906250e-02
1.062925904989242554e-01
1.109986826777458191e-01
8.880732655525207520e-01
9.157443046569824219e-01
9.224317967891693115e-02
1.684833168983459473e-01
3.059405386447906494e-01
7.762878388166427612e-02
1.025017946958541870e-01
9.429240822792053223e-01
3.475510776042938232e-01
9.240326881408691406e-01
1.829161196947097778e-01
7.941287159919738770e-01
4.752038419246673584e-01
9.222286343574523926e-01
2.479118108749389648e-01
5.720776915550231934e-01
8.486296236515045166e-02
8.901669979095458984e-01
8.649875521659851074e-01
5.506138205528259277e-01
4.094650149345397949e-01
3.906582891941070557e-01
1.008043512701988220e-01
7.400484681129455566e-01
4.655432403087615967e-01
8.382532596588134766e-01
1.512473821640014648e-01
8.321356773376464844e-02
1.602239757776260376e-01
1.108326315879821777e-01
2.458760142326354980e-01
1.788633316755294800e-01
1.695902496576309204e-01
3.640016913414001465e-01
4.130584001541137695e-01
4.982506632804870605e-01
9.011516571044921875e-01
4.818223416805267334e-01
8.809643983840942383e-01
1.909119039773941040e-01
3.265675306320190430e-01
9.226505756378173828e-01
5.648351907730102539e-01
5.026245117187500000e-01
3.405999541282653809e-01
1.177662387490272522e-01
4.399511814117431641e-01
1.120128482580184937e-01
8.106367290019989014e-02
3.785513341426849365e-01
8.292524814605712891e-01
1.210204064846038818e-01
9.811765551567077637e-01
7.921101450920104980e-01
9.817340224981307983e-02
9.430745840072631836e-01
1.947785168886184692e-01
2.385020703077316284e-01
9.422689676284790039e-02
1.954538524150848389e-01
2.059647887945175171e-01
1.524539440870285034e-01
1.796884983777999878e-01
3.056064248085021973e-01
4.956504404544830322e-01
3.636230528354644775e-01
6.377350091934204102e-01
9.153177589178085327e-02
8.364562392234802246e-01
1.524539440870285034e-01
7.936701774597167969e-01
2.437709867954254150e-01
5.106919407844543457e-01
8.564288169145584106e-02
2.929202318191528320e-01
5.920367836952209473e-01
4.888742417097091675e-02
7.876563072204589844e-02
3.653949201107025146e-01
9.301194548606872559e-01
1.291245073080062866e-01
7.874455451965332031e-01
9.407225251197814941e-01
5.278126597404479980e-01
1.356896758079528809e-01
9.562599658966064453e-01
4.468052983283996582e-01
7.227880954742431641e-01
7.955504208803176880e-02
2.953641116619110107e-01
7.208820581436157227e-01
3.075879812240600586e-01
6.840951740741729736e-02
8.873751759529113770e-01
4.497565031051635742e-01
8.698844313621520996e-01
1.524763554334640503e-01
9.051138758659362793e-01
9.497839808464050293e-01
7.733141779899597168e-01
1.258386671543121338e-01
2.194302529096603394e-01
1.114553660154342651e-01
7.569662928581237793e-01
6.818659901618957520e-01
1.324303895235061646e-01
4.152710437774658203e-01
6.119540333747863770e-01
9.372739791870117188e-01
1.313741654157638550e-01
9.187590479850769043e-01
9.276314377784729004e-01
2.378596514463424683e-01
6.014522314071655273e-01
9.393486380577087402e-01
3.203179538249969482e-01
4.394158124923706055e-01
9.302414059638977051e-01
1.524539440870285034e-01
8.874260783195495605e-01
1.373133808374404907e-01
4.061017334461212158e-01
1.393102556467056274e-01
1.214037537574768066e-01
9.580030441284179688e-01
1.037103235721588135e-01
8.369913697242736816e-01
4.344043135643005371e-01
1.524539440870285034e-01
1.896935850381851196e-01
1.119027137756347656e-01
1.770195364952087402e-01
1.252477467060089111e-01
4.704691469669342041e-01
8.049640655517578125e-01
4.037690162658691406e-01
8.794904351234436035e-01
1.330640166997909546e-01
6.881793737411499023e-01
5.229941010475158691e-01
8.744183182716369629e-02
3.553934097290039062e-01
5.001584291458129883e-01
2.371108233928680420e-01
3.480000793933868408e-01
2.087641507387161255e-01
5.859683752059936523e-01
9.270734190940856934e-01
8.417268991470336914e-01
6.697478294372558594e-01
2.646230757236480713e-01
8.014729619026184082e-01
1.772229522466659546e-01
9.333776235580444336e-01
9.743328392505645752e-02
9.320067763328552246e-01
1.190942972898483276e-01
2.371250241994857788e-01
8.202214241027832031e-01
2.824783027172088623e-01
5.518994331359863281e-01
4.417116641998291016e-01
3.658661842346191406e-01
1.125442832708358765e-01
2.475287914276123047e-01
4.205888807773590088e-01
2.375142276287078857e-01
1.598941683769226074e-01
6.917840242385864258e-01
8.180924654006958008e-01
5.982239246368408203e-01
2.572803497314453125e-01
8.084150403738021851e-02
3.399730622768402100e-01
8.919100165367126465e-01
5.748546719551086426e-01
1.006028950214385986e-01
9.311002492904663086e-01
5.258479714393615723e-01
2.727632224559783936e-01
1.006762236356735229e-01
1.400953829288482666e-01
9.250988066196441650e-02
1.263838559389114380e-01
5.140247344970703125e-01
9.371913075447082520e-01
5.486509203910827637e-01
4.762065410614013672e-01
1.516394168138504028e-01
1.829973757266998291e-01
1.296896785497665405e-01
7.555862069129943848e-01
5.238655209541320801e-01
9.355035424232482910e-01
8.992407917976379395e-01
2.230291962623596191e-01
2.741494178771972656e-01
7.152865529060363770e-01
1.269775778055191040e-01
3.451461493968963623e-01
9.426510930061340332e-01
6.228165626525878906e-01
6.797053217887878418e-01
1.705574244260787964e-01
1.377000063657760620e-01
1.342338919639587402e-01
1.134772524237632751e-01
7.531058043241500854e-02
1.524539440870285034e-01
6.424521207809448242e-01
1.310872733592987061e-01
9.479265660047531128e-02
9.244753718376159668e-01
2.758514583110809326e-01
8.212449401617050171e-02
1.110881567001342773e-01
3.033020198345184326e-01
1.252386868000030518e-01
1.587717086076736450e-01
7.020754814147949219e-01
4.069877266883850098e-01
8.605016469955444336e-01
8.696711808443069458e-02
2.772185504436492920e-01
8.298553824424743652e-01
2.861780822277069092e-01
9.327420592308044434e-01
9.748432785272598267e-02
8.117590844631195068e-02
7.885996252298355103e-02
9.515190869569778442e-02
3.858780264854431152e-01
1.016827523708343506e-01
8.869706392288208008e-01
3.599241077899932861e-01
2.617089152336120605e-01
6.195945739746093750e-01
1.301973313093185425e-01
4.900201559066772461e-01
2.765715718269348145e-01
1.084986776113510132e-01
8.472493290901184082e-01
5.949060916900634766e-01
2.964833974838256836e-01
9.347995519638061523e-01
3.270097970962524414e-01
1.524539440870285034e-01
6.265604496002197266e-01
1.022179648280143738e-01
2.105090767145156860e-01
1.538228094577789307e-01
9.834607690572738647e-02
9.259314835071563721e-02
2.595489025115966797e-01
1.098756790161132812e-01
9.308806061744689941e-01
1.814383417367935181e-01
9.479474276304244995e-02
8.819882571697235107e-02
9.257401227951049805e-01
6.430490612983703613e-01
2.624494433403015137e-01
2.417834699153900146e-01
4.620277881622314453e-01
3.934673666954040527e-01
1.851452142000198364e-01
3.748680949211120605e-01
7.525651901960372925e-02
8.446813374757766724e-02
9.451442211866378784e-02
1.357621103525161743e-01
1.402986943721771240e-01
2.510437071323394775e-01
8.973914384841918945e-01
5.518085360527038574e-01
8.552080988883972168e-01
2.211673855781555176e-01
4.647727906703948975e-01
1.073681563138961792e-01
8.491687774658203125e-01
7.810179591178894043e-01
5.257614850997924805e-01
7.371792793273925781e-01
3.706583380699157715e-01
4.736647307872772217e-01
3.910117447376251221e-01
1.647465378046035767e-01
1.507999449968338013e-01
8.322115242481231689e-02
6.168301105499267578e-01
8.579632639884948730e-01
9.255625009536743164e-01
7.125980406999588013e-02
4.370376765727996826e-01
1.524539440870285034e-01
1.454054564237594604e-01
1.124099269509315491e-01
9.160316735506057739e-02
6.277893185615539551e-01
5.676251053810119629e-01
7.042223215103149414e-02
1.515109539031982422e-01
5.565008521080017090e-01
8.419458568096160889e-02
1.524539440870285034e-01
2.954535782337188721e-01
1.308765262365341187e-01
1.534361690282821655e-01
3.742096424102783203e-01
8.921932578086853027e-01
4.838452041149139404e-01
1.901234537363052368e-01
1.611079573631286621e-01
3.542424440383911133e-01
1.247002258896827698e-01
5.358932018280029297e-01
2.679347991943359375e-01
2.263937145471572876e-01
1.186344251036643982e-01
8.368922770023345947e-02
7.961674928665161133e-01
2.024852931499481201e-01
2.438637912273406982e-01
7.779233157634735107e-02
8.556349873542785645e-01
1.555137038230895996e-01
7.339204102754592896e-02
4.728438854217529297e-01
9.181174635887145996e-01
4.231129288673400879e-01
8.257254213094711304e-02
8.565851300954818726e-02
3.086634874343872070e-01
3.038702309131622314e-01
6.987366080284118652e-02
1.030664667487144470e-01
1.817489713430404663e-01
3.106149733066558838e-01
2.744685411453247070e-01
9.515069425106048584e-02
2.580957412719726562e-01
8.052715659141540527e-02
3.003611266613006592e-01
9.674062728881835938e-01
5.385161638259887695e-01
2.914014756679534912e-01
9.636250734329223633e-01
4.033178389072418213e-01
5.277289748191833496e-01
1.085583642125129700e-01
8.306811451911926270e-01
4.730585515499114990e-01
1.058309078216552734e-01
8.564286231994628906e-01
9.241300821304321289e-01
5.148241519927978516e-01
5.441189184784889221e-02
4.863897264003753662e-01
3.581702411174774170e-01
2.563211023807525635e-01
7.928370833396911621e-01
8.235704153776168823e-02
9.771838039159774780e-02
3.337408006191253662e-01
1.371293216943740845e-01
2.728070914745330811e-01
5.178323984146118164e-01
9.122407436370849609e-02
1.630115956068038940e-01
1.837395578622817993e-01
9.235705137252807617e-01
6.060370802879333496e-01
2.542911171913146973e-01
2.153056561946868896e-01
3.522705137729644775e-01
1.866943091154098511e-01
1.255626082420349121e-01
9.271305799484252930e-01
1.013880372047424316e-01
8.194043636322021484e-01
9.508974552154541016e-01
3.652165830135345459e-01
9.017049521207809448e-02
6.996535062789916992e-01
1.009527593851089478e-01
9.107473492622375488e-01
1.126935929059982300e-01
4.941622614860534668e-01
4.090443849563598633e-01
8.909460306167602539e-01
4.553394615650177002e-01
7.248613238334655762e-01
1.524539440870285034e-01
2.212143242359161377e-01
6.316600441932678223e-01
1.462798416614532471e-01
1.648805886507034302e-01
5.501175522804260254e-01
5.226224064826965332e-01
3.608158528804779053e-01
5.511002540588378906e-01
8.717550635337829590e-01
2.772078514099121094e-01
3.457813858985900879e-01
9.099882841110229492e-01
9.389821439981460571e-02
5.114211440086364746e-01
1.342971324920654297e-01
4.458507597446441650e-01
2.200037240982055664e-01
1.865115761756896973e-01
7.420162558555603027e-01
4.920721054077148438e-01
5.359397530555725098e-01
6.062831878662109375e-01
9.321657419204711914e-01
9.592450857162475586e-01
9.416916370391845703e-01
7.944341003894805908e-02
3.448495864868164062e-01
6.314729452133178711e-01
3.561116755008697510e-01
9.387466311454772949e-01
2.443290501832962036e-01
3.906629681587219238e-01
2.607196271419525146e-01
1.909969449043273926e-01
9.346722960472106934e-01
6.572905927896499634e-02
6.601994037628173828e-01
9.297213554382324219e-01
8.956904709339141846e-02
1.871429085731506348e-01
4.137336313724517822e-01
3.436327278614044189e-01
9.438159465789794922e-01
6.952124089002609253e-02
8.316460251808166504e-02
1.586758047342300415e-01
9.035195708274841309e-01
9.274272322654724121e-01
6.733504682779312134e-02
8.718604445457458496e-01
7.563830167055130005e-02
8.905616402626037598e-01
2.783766090869903564e-01
8.078769445419311523e-01
6.768252253532409668e-01
9.510941058397293091e-02
3.212814927101135254e-01
7.890152335166931152e-01
7.374318689107894897e-02
7.755026966333389282e-02
8.364088535308837891e-01
6.126299127936363220e-02
1.104295328259468079e-01
4.960773289203643799e-01
4.931144714355468750e-01
7.879389822483062744e-02
5.452982187271118164e-01
3.943325877189636230e-01
5.146266818046569824e-01
8.883306384086608887e-02
4.132083058357238770e-01
9.407643079757690430e-01
9.048194289207458496e-01
9.452765583992004395e-01
5.005464553833007812e-01
5.221912860870361328e-01
5.969474837183952332e-02
4.465539157390594482e-01
8.777892589569091797e-02
9.650447964668273926e-02
8.392630517482757568e-02
8.994370102882385254e-01
9.300901889801025391e-01
9.319241642951965332e-01
2.201935946941375732e-01
5.330228209495544434e-01
1.143034771084785461e-01
1.604043096303939819e-01
9.318752884864807129e-01
8.425533771514892578e-01
1.746125966310501099e-01
9.237331151962280273e-02
1.106609478592872620e-01
7.927985489368438721e-02
2.495768666267395020e-01
9.286766648292541504e-01
8.558908104896545410e-01
8.306760340929031372e-02
1.680096238851547241e-01
7.378712296485900879e-01
5.315831899642944336e-01
9.138438105583190918e-02
4.684788286685943604e-01
7.086744904518127441e-01
8.780926465988159180e-01
1.728093326091766357e-01
9.371937066316604614e-02
2.687169611454010010e-01
5.835846662521362305e-01
5.531017780303955078e-01
8.209493011236190796e-02
5.339426994323730469e-01
9.320977926254272461e-01
8.591735363006591797e-01
2.491898983716964722e-01
1.524539440870285034e-01
8.734599500894546509e-02
5.252363085746765137e-01
4.916613996028900146e-01
2.357522994279861450e-01
4.046005606651306152e-01
8.197312951087951660e-01
1.259934008121490479e-01
8.824305236339569092e-02
8.441972732543945312e-02
2.396861761808395386e-01
2.289366275072097778e-01
7.894779741764068604e-02
6.099803447723388672e-01
7.621158361434936523e-01
4.837779402732849121e-01
7.554641366004943848e-01
4.892456531524658203e-01
3.587611913681030273e-01
1.456081569194793701e-01
1.019282937049865723e-01
8.171525597572326660e-01
9.507378339767456055e-01
7.261728495359420776e-02
9.402697086334228516e-01
9.484022855758666992e-01
9.198687672615051270e-01
3.745114207267761230e-01
8.696715831756591797e-01
1.173781901597976685e-01
3.438896238803863525e-01
6.959875822067260742e-01
6.718327999114990234e-01
8.069624900817871094e-01
2.181905061006546021e-01
2.941001355648040771e-01
3.989422321319580078e-01
6.969614028930664062e-01
3.953795433044433594e-01
2.027692943811416626e-01
3.391496837139129639e-01
5.697498917579650879e-01
5.528162717819213867e-01
1.918314695358276367e-01
6.934104561805725098e-01
1.404570639133453369e-01
4.984605908393859863e-01
3.876928985118865967e-01
5.468986630439758301e-01
8.028303831815719604e-02
8.023818731307983398e-01
8.925311267375946045e-02
2.810575664043426514e-01
8.905273079872131348e-01
1.158255264163017273e-01
1.529397517442703247e-01
8.293557167053222656e-02
3.703858852386474609e-01
9.275381565093994141e-01
5.198091268539428711e-01
9.285382032394409180e-01
9.334639459848403931e-02
7.741028070449829102e-02
8.389316499233245850e-02
9.329438805580139160e-01
3.744248747825622559e-01
7.404558658599853516e-01
7.189396619796752930e-01
2.492022365331649780e-01
1.476501077413558960e-01
6.694921106100082397e-02
5.277107357978820801e-01
9.578825831413269043e-01
9.020403027534484863e-02
2.291367352008819580e-01
9.269042611122131348e-01
1.206476241350173950e-01
8.157298713922500610e-02
3.059411942958831787e-01
8.646591007709503174e-02
2.179392278194427490e-01
5.480305552482604980e-01
6.994288563728332520e-01
8.911357820034027100e-02
1.185114830732345581e-01
4.012987911701202393e-01
1.524539440870285034e-01
6.355302333831787109e-01
7.909849882125854492e-01
2.050839066505432129e-01
2.568432092666625977e-01
1.859567016363143921e-01
1.347304582595825195e-01
3.541389107704162598e-01
8.908152580261230469e-02
2.698965370655059814e-01
9.110736846923828125e-02
3.414389789104461670e-01
9.511145949363708496e-01
1.701381951570510864e-01
3.287968635559082031e-01
1.212455332279205322e-01
8.111385107040405273e-01
3.423157632350921631e-01
2.015330344438552856e-01
3.163617551326751709e-01
8.912065029144287109e-01
8.655107021331787109e-02
3.532437682151794434e-01
9.402996301651000977e-02
1.128665655851364136e-01
1.299552321434020996e-01
7.128573060035705566e-01
1.259156316518783569e-01
3.114063739776611328e-01
9.401344060897827148e-01
4.392210841178894043e-01
7.693200111389160156e-01
3.524983525276184082e-01
8.802716434001922607e-02
8.718851804733276367e-01
1.041781380772590637e-01
7.163333147764205933e-02
9.366989135742187500e-01
4.685930311679840088e-01
8.838127255439758301e-01
2.600045204162597656e-01
8.224345743656158447e-02
3.439737558364868164e-01
1.141638979315757751e-01
1.903566122055053711e-01
6.601111292839050293e-01
8.914045989513397217e-02
1.117889881134033203e-01
5.298539996147155762e-01
1.292420029640197754e-01
9.011310338973999023e-01
8.499813675880432129e-01
6.967850923538208008e-01
8.731855452060699463e-02
6.920046806335449219e-01
8.100897073745727539e-01
2.483561933040618896e-01
9.264333248138427734e-01
7.825478911399841309e-01
7.982496619224548340e-01
8.061303198337554932e-02
9.449542164802551270e-01
4.699471890926361084e-01
1.081823334097862244e-01
9.048410654067993164e-01
3.989613652229309082e-01
8.575969934463500977e-01
1.032106354832649231e-01
4.979749321937561035e-01
2.755234837532043457e-01
4.451873302459716797e-01
5.188009142875671387e-01
9.432268738746643066e-01
1.543310135602951050e-01
4.340467154979705811e-01
6.812340766191482544e-02
8.796665072441101074e-01
1.347096860408782959e-01
7.959476113319396973e-02
9.415860772132873535e-01
8.966044783592224121e-01
3.614425063133239746e-01
9.720296412706375122e-02
8.386467695236206055e-01
5.253370404243469238e-01
9.297627806663513184e-01
2.779766917228698730e-01
9.302147626876831055e-01
7.008759677410125732e-02
4.564946591854095459e-01
8.929395675659179688e-02
5.860067605972290039e-01
9.922127425670623779e-02
5.340548157691955566e-01
2.408223152160644531e-01
2.874013483524322510e-01
4.709591865539550781e-01
1.610696017742156982e-01
5.763914585113525391e-01
9.175692200660705566e-01
4.688969552516937256e-01
5.478851199150085449e-01
1.312345266342163086e-01
5.189940929412841797e-01
9.239528775215148926e-01
8.394851088523864746e-01
4.266870319843292236e-01
3.190794289112091064e-01
1.110942289233207703e-01
6.605073809623718262e-01
1.174762696027755737e-01
3.383416235446929932e-01
9.486938118934631348e-01
1.823643147945404053e-01
7.114220261573791504e-01
1.626418381929397583e-01
9.361192584037780762e-01
2.562351524829864502e-01
4.477757215499877930e-01
8.528091013431549072e-02
8.813744783401489258e-02
6.351434439420700073e-02
9.090673327445983887e-01
9.340175986289978027e-01
3.148826360702514648e-01
1.069626659154891968e-01
8.914052844047546387e-01
9.401880502700805664e-01
8.480280041694641113e-01
1.309902220964431763e-01
3.031838238239288330e-01
8.961362838745117188e-01
8.985195159912109375e-01
5.038090348243713379e-01
1.676369160413742065e-01
9.304469227790832520e-01
8.926044106483459473e-01
7.058091163635253906e-01
9.346300959587097168e-01
6.943874955177307129e-01
7.980438321828842163e-02
8.581708669662475586e-01
2.230684310197830200e-01
8.014673590660095215e-01
1.061106175184249878e-01
8.754727840423583984e-01
9.526241421699523926e-01
2.759101688861846924e-01
8.972096443176269531e-01
9.317069649696350098e-01
8.278160095214843750e-01
8.039611577987670898e-02
3.945227861404418945e-01
8.773605823516845703e-01
5.629840493202209473e-01
3.179702162742614746e-01
1.967120617628097534e-01
5.422131419181823730e-01
8.838517665863037109e-01
8.291077613830566406e-01
9.863004088401794434e-02
1.524539440870285034e-01
1.524539440870285034e-01
7.824520766735076904e-02
2.990345358848571777e-01
1.767906397581100464e-01
6.561184525489807129e-01
3.680570721626281738e-01
7.038618624210357666e-02
6.901644468307495117e-01
5.792655348777770996e-01
1.000657454133033752e-01
5.251647830009460449e-01
1.070207059383392334e-01
9.076394438743591309e-01
6.784088611602783203e-01
7.960386574268341064e-02
3.814120888710021973e-01
7.966823875904083252e-02
7.198556065559387207e-01
3.565999865531921387e-01
1.382410079240798950e-01
8.734761178493499756e-02
9.169685840606689453e-02
6.842288374900817871e-01
1.280816793441772461e-01
7.120402157306671143e-02
1.216655522584915161e-01
7.747974991798400879e-02
4.977812767028808594e-01
3.449131250381469727e-01
9.961649775505065918e-02
1.017897054553031921e-01
4.884514212608337402e-01
4.332810044288635254e-01
8.172270655632019043e-02
9.538679122924804688e-01
8.953692317008972168e-01
2.562327086925506592e-01
1.204183995723724365e-01
3.401758670806884766e-01
9.221499413251876831e-02
1.264034211635589600e-01
3.733784556388854980e-01
2.021721750497817993e-01
6.337778568267822266e-01
5.657449364662170410e-01
9.130340218544006348e-01
1.344825625419616699e-01
2.214725315570831299e-01
1.986475884914398193e-01
3.455679118633270264e-01
6.863977313041687012e-01
2.428299784660339355e-01
7.167641520500183105e-01
2.755812704563140869e-01
9.597843289375305176e-01
1.412604600191116333e-01
3.526961207389831543e-01
9.346848726272583008e-01
3.858461081981658936e-01
9.156230688095092773e-01
8.253845572471618652e-01
7.015211582183837891e-01
5.223795771598815918e-01
9.346769452095031738e-01
9.172136783599853516e-01
1.997240185737609863e-01
9.194681644439697266e-01
2.375592887401580811e-01
8.606185913085937500e-01
8.846914172172546387e-01
9.387095272541046143e-02
7.405687123537063599e-02
4.276037812232971191e-01
3.145005702972412109e-01
8.505537360906600952e-02
2.263027429580688477e-01
9.502168893814086914e-01
2.115492522716522217e-01
8.587192744016647339e-02
2.508649826049804688e-01
9.933521598577499390e-02
2.908656895160675049e-01
8.701818436384201050e-02
1.319682300090789795e-01
8.270336687564849854e-02
2.749722898006439209e-01
3.838444948196411133e-01
8.092745542526245117e-01
8.214982151985168457e-01
9.294077754020690918e-01
1.847579479217529297e-01
7.390775531530380249e-02
7.233137488365173340e-01
8.639283776283264160e-01
9.320856630802154541e-02
3.665494918823242188e-01
5.243327617645263672e-01
6.954131275415420532e-02
9.382033944129943848e-01
6.386809349060058594e-01
2.510116100311279297e-01
7.043049484491348267e-02
6.903323531150817871e-01
1.688309609889984131e-01
8.353592157363891602e-01
1.208050400018692017e-01
2.824662029743194580e-01
1.037477403879165649e-01
7.696792483329772949e-01
4.729777276515960693e-01
3.794167339801788330e-01
4.031075537204742432e-01
2.987337410449981689e-01
8.265700191259384155e-02
9.715961664915084839e-02
1.524539440870285034e-01
5.299183726310729980e-01
8.871509134769439697e-02
8.948767781257629395e-01
9.189938306808471680e-01
1.749640256166458130e-01
